[2025-04-22T23:03:18.774+0000] {taskinstance.py:1956} INFO - Dependencies all met for dep_context=non-requeueable deps ti=<TaskInstance: mbta_kafka_consumer_dag.run_kafka_consumer scheduled__2025-04-22T22:25:00+00:00 [queued]>
[2025-04-22T23:03:18.863+0000] {taskinstance.py:1956} INFO - Dependencies all met for dep_context=requeueable deps ti=<TaskInstance: mbta_kafka_consumer_dag.run_kafka_consumer scheduled__2025-04-22T22:25:00+00:00 [queued]>
[2025-04-22T23:03:18.866+0000] {taskinstance.py:2170} INFO - Starting attempt 4 of 2
[2025-04-22T23:03:18.943+0000] {taskinstance.py:2191} INFO - Executing <Task(PythonOperator): run_kafka_consumer> on 2025-04-22 22:25:00+00:00
[2025-04-22T23:03:18.954+0000] {standard_task_runner.py:60} INFO - Started process 224 to run task
[2025-04-22T23:03:18.962+0000] {standard_task_runner.py:87} INFO - Running: ['***', 'tasks', 'run', 'mbta_kafka_consumer_dag', 'run_kafka_consumer', 'scheduled__2025-04-22T22:25:00+00:00', '--job-id', '83', '--raw', '--subdir', 'DAGS_FOLDER/mbta_kafka_consumer_dag.py', '--cfg-path', '/tmp/tmp14k9922n']
[2025-04-22T23:03:18.967+0000] {standard_task_runner.py:88} INFO - Job 83: Subtask run_kafka_consumer
[2025-04-22T23:03:19.307+0000] {task_command.py:423} INFO - Running <TaskInstance: mbta_kafka_consumer_dag.run_kafka_consumer scheduled__2025-04-22T22:25:00+00:00 [running]> on host dd1af89263b0
[2025-04-22T23:03:19.807+0000] {taskinstance.py:2480} INFO - Exporting env vars: AIRFLOW_CTX_DAG_OWNER='***' AIRFLOW_CTX_DAG_ID='mbta_kafka_consumer_dag' AIRFLOW_CTX_TASK_ID='run_kafka_consumer' AIRFLOW_CTX_EXECUTION_DATE='2025-04-22T22:25:00+00:00' AIRFLOW_CTX_TRY_NUMBER='4' AIRFLOW_CTX_DAG_RUN_ID='scheduled__2025-04-22T22:25:00+00:00'
[2025-04-22T23:03:19.820+0000] {connection.py:370} INFO - Snowflake Connector for Python Version: 3.6.0, Python Version: 3.9.18, Platform: Linux-6.10.14-linuxkit-aarch64-with-glibc2.36
[2025-04-22T23:03:19.829+0000] {connection.py:1171} INFO - This connection is in OCSP Fail Open Mode. TLS Certificates would be checked for validity and revocation status. Any other Certificate Revocation related exceptions or OCSP Responder failures would be disregarded in favor of connectivity.
[2025-04-22T23:03:21.047+0000] {mbta_kafka_consumer.py:45} INFO - ✅ Connected to Snowflake successfully.
[2025-04-22T23:03:21.056+0000] {mbta_kafka_consumer.py:219} INFO - 🚀 Starting MBTA Kafka Consumer...
[2025-04-22T23:03:21.112+0000] {conn.py:395} INFO - <BrokerConnection client_id=kafka-python-2.1.5, node_id=bootstrap-0 host=kafka:9092 <connecting> [IPv4 ('172.18.0.4', 9092)]>: connecting to kafka:9092 [('172.18.0.4', 9092) IPv4]
[2025-04-22T23:03:21.162+0000] {conn.py:615} INFO - <BrokerConnection client_id=kafka-python-2.1.5, node_id=bootstrap-0 host=kafka:9092 <checking_api_versions_recv> [IPv4 ('172.18.0.4', 9092)]>: Broker version identified as 2.6
[2025-04-22T23:03:21.168+0000] {conn.py:456} INFO - <BrokerConnection client_id=kafka-python-2.1.5, node_id=bootstrap-0 host=kafka:9092 <connected> [IPv4 ('172.18.0.4', 9092)]>: Connection complete.
[2025-04-22T23:03:21.204+0000] {consumer.py:119} WARNING - group_id is None: disabling auto-commit.
[2025-04-22T23:03:21.212+0000] {subscription_state.py:182} INFO - Updating subscribed topics to: ('mbta_alerts', 'mbta_routes', 'mbta_stops', 'mbta_vehicles', 'mbta_predictions')
[2025-04-22T23:03:21.228+0000] {subscription_state.py:254} INFO - Updated partition assignment: [('mbta_stops', 0), ('mbta_routes', 0), ('mbta_predictions', 0), ('mbta_vehicles', 0), ('mbta_alerts', 0)]
[2025-04-22T23:03:21.240+0000] {conn.py:395} INFO - <BrokerConnection client_id=kafka-python-2.1.5, node_id=1 host=kafka:9092 <connecting> [IPv4 ('172.18.0.4', 9092)]>: connecting to kafka:9092 [('172.18.0.4', 9092) IPv4]
[2025-04-22T23:03:21.243+0000] {conn.py:456} INFO - <BrokerConnection client_id=kafka-python-2.1.5, node_id=1 host=kafka:9092 <connected> [IPv4 ('172.18.0.4', 9092)]>: Connection complete.
[2025-04-22T23:03:21.247+0000] {conn.py:936} INFO - <BrokerConnection client_id=kafka-python-2.1.5, node_id=bootstrap-0 host=kafka:9092 <connected> [IPv4 ('172.18.0.4', 9092)]>: Closing connection. 
[2025-04-22T23:03:34.048+0000] {mbta_kafka_consumer.py:233} INFO - 📥 Received 1000 records from topic: mbta_stops
[2025-04-22T23:03:34.409+0000] {mbta_kafka_consumer.py:56} INFO - 🔍 Sample data for MBTA_STOPS:
[2025-04-22T23:03:34.426+0000] {mbta_kafka_consumer.py:57} INFO - 
          STOP_ID  ...                 CREATED_AT
0            5682  ... 2025-04-22 23:03:34.114649
1           50620  ... 2025-04-22 23:03:34.114664
2  node-417-lobby  ... 2025-04-22 23:03:34.114667
3            4042  ... 2025-04-22 23:03:34.114680
4          109822  ... 2025-04-22 23:03:34.114693

[5 rows x 5 columns]
[2025-04-22T23:03:34.670+0000] {cursor.py:1028} INFO - query: [SELECT * FROM MBTA_STOPS WHERE STOP_ID IN ('5682','50620','node-417-lobby','4042...]
[2025-04-22T23:03:34.984+0000] {cursor.py:1041} INFO - query execution done
[2025-04-22T23:03:35.070+0000] {cursor.py:1205} INFO - Number of results in first chunk: 0
[2025-04-22T23:03:38.178+0000] {mbta_kafka_consumer.py:104} INFO - 🔁 0 new/updated records out of 1000 incoming records (some may be duplicate VEHICLE_IDs) for MBTA_STOPS
[2025-04-22T23:03:38.196+0000] {mbta_kafka_consumer.py:107} INFO - ✅ All 1000 records already up-to-date in MBTA_STOPS, no merge needed.
[2025-04-22T23:03:38.214+0000] {mbta_kafka_consumer.py:233} INFO - 📥 Received 742 records from topic: mbta_vehicles
[2025-04-22T23:03:38.301+0000] {mbta_kafka_consumer.py:56} INFO - 🔍 Sample data for MBTA_VEHICLES:
[2025-04-22T23:03:38.302+0000] {mbta_kafka_consumer.py:57} INFO - 
  VEHICLE_ID ROUTE_ID  ...         STATUS                 CREATED_AT
0      y3270       23  ...     STOPPED_AT 2025-04-22 23:03:38.230477
1      y3236       66  ...  IN_TRANSIT_TO 2025-04-22 23:03:38.230515
2      y3110      116  ...  IN_TRANSIT_TO 2025-04-22 23:03:38.230529
3      y1830       11  ...     STOPPED_AT 2025-04-22 23:03:38.230531
4    G-10268  Green-C  ...     STOPPED_AT 2025-04-22 23:03:38.230538

[5 rows x 8 columns]
[2025-04-22T23:03:38.350+0000] {cursor.py:1028} INFO - query: [SELECT * FROM MBTA_VEHICLES WHERE VEHICLE_ID IN ('y3270','y3236','y3110','y1830'...]
[2025-04-22T23:03:38.728+0000] {cursor.py:1041} INFO - query execution done
[2025-04-22T23:03:38.731+0000] {cursor.py:1205} INFO - Number of results in first chunk: 774
[2025-04-22T23:03:38.785+0000] {mbta_kafka_consumer.py:104} INFO - 🔁 1 new/updated records out of 742 incoming records (some may be duplicate VEHICLE_IDs) for MBTA_VEHICLES
[2025-04-22T23:03:38.786+0000] {cursor.py:1028} INFO - query: [MERGE INTO MBTA_VEHICLES AS target USING (SELECT 'y3204', '10', 42.32568679, -71...]
[2025-04-22T23:03:39.456+0000] {cursor.py:1041} INFO - query execution done
[2025-04-22T23:03:39.482+0000] {cursor.py:1028} INFO - query: [COMMIT]
[2025-04-22T23:03:39.618+0000] {cursor.py:1041} INFO - query execution done
[2025-04-22T23:03:39.620+0000] {cursor.py:1205} INFO - Number of results in first chunk: 1
[2025-04-22T23:03:39.621+0000] {mbta_kafka_consumer.py:139} INFO - ✅ Merged 1 new/changed records into Snowflake table: MBTA_VEHICLES in 1.27 seconds
[2025-04-22T23:03:39.635+0000] {mbta_kafka_consumer.py:233} INFO - 📥 Received 740 records from topic: mbta_vehicles
[2025-04-22T23:03:39.678+0000] {mbta_kafka_consumer.py:56} INFO - 🔍 Sample data for MBTA_VEHICLES:
[2025-04-22T23:03:39.683+0000] {mbta_kafka_consumer.py:57} INFO - 
  VEHICLE_ID ROUTE_ID  ...         STATUS                 CREATED_AT
0      y3270       23  ...     STOPPED_AT 2025-04-22 23:03:39.640491
1      y3236       66  ...  IN_TRANSIT_TO 2025-04-22 23:03:39.640508
2      y1830       11  ...  IN_TRANSIT_TO 2025-04-22 23:03:39.640510
3    G-10268  Green-C  ...     STOPPED_AT 2025-04-22 23:03:39.640536
4      y3110      116  ...     STOPPED_AT 2025-04-22 23:03:39.640538

[5 rows x 8 columns]
[2025-04-22T23:03:39.702+0000] {cursor.py:1028} INFO - query: [SELECT * FROM MBTA_VEHICLES WHERE VEHICLE_ID IN ('y3270','y3236','y1830','G-1026...]
[2025-04-22T23:03:40.081+0000] {cursor.py:1041} INFO - query execution done
[2025-04-22T23:03:40.088+0000] {cursor.py:1205} INFO - Number of results in first chunk: 772
[2025-04-22T23:03:40.173+0000] {mbta_kafka_consumer.py:104} INFO - 🔁 654 new/updated records out of 740 incoming records (some may be duplicate VEHICLE_IDs) for MBTA_VEHICLES
[2025-04-22T23:03:40.174+0000] {cursor.py:1028} INFO - query: [MERGE INTO MBTA_VEHICLES AS target USING (SELECT 'y3236', '66', 42.36801, -71.12...]
[2025-04-22T23:03:40.898+0000] {cursor.py:1041} INFO - query execution done
[2025-04-22T23:03:40.907+0000] {cursor.py:1028} INFO - query: [MERGE INTO MBTA_VEHICLES AS target USING (SELECT 'y1830', '11', 42.35166, -71.06...]
[2025-04-22T23:03:42.733+0000] {cursor.py:1041} INFO - query execution done
[2025-04-22T23:03:42.748+0000] {cursor.py:1028} INFO - query: [MERGE INTO MBTA_VEHICLES AS target USING (SELECT 'y3110', '116', 42.41369489, -7...]
[2025-04-22T23:03:44.367+0000] {cursor.py:1041} INFO - query execution done
[2025-04-22T23:03:44.373+0000] {cursor.py:1028} INFO - query: [MERGE INTO MBTA_VEHICLES AS target USING (SELECT 'y2101', '71', 42.370474309, -7...]
[2025-04-22T23:03:46.356+0000] {cursor.py:1041} INFO - query execution done
[2025-04-22T23:03:46.374+0000] {cursor.py:1028} INFO - query: [MERGE INTO MBTA_VEHICLES AS target USING (SELECT 'y3204', '10', 42.32498631, -71...]
[2025-04-22T23:03:48.694+0000] {cursor.py:1041} INFO - query execution done
[2025-04-22T23:03:48.752+0000] {cursor.py:1028} INFO - query: [MERGE INTO MBTA_VEHICLES AS target USING (SELECT 'y3225', '57', 42.36004943, -71...]
[2025-04-22T23:03:50.810+0000] {cursor.py:1041} INFO - query execution done
[2025-04-22T23:03:50.837+0000] {cursor.py:1028} INFO - query: [MERGE INTO MBTA_VEHICLES AS target USING (SELECT 'y1402', '105', 42.42827514, -7...]
[2025-04-22T23:03:52.454+0000] {cursor.py:1041} INFO - query execution done
[2025-04-22T23:03:52.463+0000] {cursor.py:1028} INFO - query: [MERGE INTO MBTA_VEHICLES AS target USING (SELECT 'O-5482A351', 'Orange', 42.3054...]
[2025-04-22T23:03:54.011+0000] {cursor.py:1041} INFO - query execution done
[2025-04-22T23:03:54.025+0000] {cursor.py:1028} INFO - query: [MERGE INTO MBTA_VEHICLES AS target USING (SELECT 'y3218', '19', 42.300069989, -7...]
[2025-04-22T23:03:56.287+0000] {cursor.py:1041} INFO - query execution done
[2025-04-22T23:03:56.381+0000] {cursor.py:1028} INFO - query: [MERGE INTO MBTA_VEHICLES AS target USING (SELECT 'G-10015', 'Green-E', 42.32825,...]
[2025-04-22T23:03:58.385+0000] {cursor.py:1041} INFO - query execution done
[2025-04-22T23:03:58.390+0000] {cursor.py:1028} INFO - query: [MERGE INTO MBTA_VEHICLES AS target USING (SELECT 'y3113', '116', 42.38698883, -7...]
[2025-04-22T23:04:00.665+0000] {cursor.py:1041} INFO - query execution done
[2025-04-22T23:04:00.668+0000] {cursor.py:1028} INFO - query: [MERGE INTO MBTA_VEHICLES AS target USING (SELECT 'y1659', '34E', 42.25383343, -7...]
[2025-04-22T23:04:02.865+0000] {cursor.py:1041} INFO - query execution done
[2025-04-22T23:04:02.872+0000] {cursor.py:1028} INFO - query: [MERGE INTO MBTA_VEHICLES AS target USING (SELECT 'y1619', '42', 42.32269223, -71...]
[2025-04-22T23:04:05.552+0000] {cursor.py:1041} INFO - query execution done
[2025-04-22T23:04:05.557+0000] {cursor.py:1028} INFO - query: [MERGE INTO MBTA_VEHICLES AS target USING (SELECT 'y1709', '30', 42.29907883, -71...]
[2025-04-22T23:04:07.805+0000] {cursor.py:1041} INFO - query execution done
[2025-04-22T23:04:07.816+0000] {cursor.py:1028} INFO - query: [MERGE INTO MBTA_VEHICLES AS target USING (SELECT '1813', 'CR-Greenbush', 42.3209...]
[2025-04-22T23:04:10.710+0000] {cursor.py:1041} INFO - query execution done
[2025-04-22T23:04:10.713+0000] {cursor.py:1028} INFO - query: [MERGE INTO MBTA_VEHICLES AS target USING (SELECT 'y3231', '505', 42.35580401, -7...]
[2025-04-22T23:04:12.930+0000] {cursor.py:1041} INFO - query execution done
[2025-04-22T23:04:13.094+0000] {cursor.py:1028} INFO - query: [MERGE INTO MBTA_VEHICLES AS target USING (SELECT 'y1945', '83', 42.37405, -71.10...]
[2025-04-22T23:04:14.916+0000] {cursor.py:1041} INFO - query execution done
[2025-04-22T23:04:14.921+0000] {cursor.py:1028} INFO - query: [MERGE INTO MBTA_VEHICLES AS target USING (SELECT 'y0906', '222', 42.21512293, -7...]
[2025-04-22T23:04:17.167+0000] {cursor.py:1041} INFO - query execution done
[2025-04-22T23:04:17.169+0000] {cursor.py:1028} INFO - query: [MERGE INTO MBTA_VEHICLES AS target USING (SELECT 'y1867', '22', 42.29461177, -71...]
[2025-04-22T23:04:19.102+0000] {cursor.py:1041} INFO - query execution done
[2025-04-22T23:04:19.106+0000] {cursor.py:1028} INFO - query: [MERGE INTO MBTA_VEHICLES AS target USING (SELECT 'y1284', '751', 42.32974, -71.0...]
