[2025-04-22T22:58:34.170+0000] {taskinstance.py:1956} INFO - Dependencies all met for dep_context=non-requeueable deps ti=<TaskInstance: mbta_kafka_consumer_dag.run_kafka_consumer scheduled__2025-04-22T22:25:00+00:00 [queued]>
[2025-04-22T22:58:34.194+0000] {taskinstance.py:1956} INFO - Dependencies all met for dep_context=requeueable deps ti=<TaskInstance: mbta_kafka_consumer_dag.run_kafka_consumer scheduled__2025-04-22T22:25:00+00:00 [queued]>
[2025-04-22T22:58:34.197+0000] {taskinstance.py:2170} INFO - Starting attempt 3 of 2
[2025-04-22T22:58:34.252+0000] {taskinstance.py:2191} INFO - Executing <Task(PythonOperator): run_kafka_consumer> on 2025-04-22 22:25:00+00:00
[2025-04-22T22:58:34.265+0000] {standard_task_runner.py:60} INFO - Started process 218 to run task
[2025-04-22T22:58:34.284+0000] {standard_task_runner.py:87} INFO - Running: ['***', 'tasks', 'run', 'mbta_kafka_consumer_dag', 'run_kafka_consumer', 'scheduled__2025-04-22T22:25:00+00:00', '--job-id', '72', '--raw', '--subdir', 'DAGS_FOLDER/mbta_kafka_consumer_dag.py', '--cfg-path', '/tmp/tmpbjcm70c2']
[2025-04-22T22:58:34.289+0000] {standard_task_runner.py:88} INFO - Job 72: Subtask run_kafka_consumer
[2025-04-22T22:58:34.511+0000] {task_command.py:423} INFO - Running <TaskInstance: mbta_kafka_consumer_dag.run_kafka_consumer scheduled__2025-04-22T22:25:00+00:00 [running]> on host 6066e0bbc743
[2025-04-22T22:58:34.725+0000] {taskinstance.py:2480} INFO - Exporting env vars: AIRFLOW_CTX_DAG_OWNER='***' AIRFLOW_CTX_DAG_ID='mbta_kafka_consumer_dag' AIRFLOW_CTX_TASK_ID='run_kafka_consumer' AIRFLOW_CTX_EXECUTION_DATE='2025-04-22T22:25:00+00:00' AIRFLOW_CTX_TRY_NUMBER='3' AIRFLOW_CTX_DAG_RUN_ID='scheduled__2025-04-22T22:25:00+00:00'
[2025-04-22T22:58:34.736+0000] {connection.py:370} INFO - Snowflake Connector for Python Version: 3.6.0, Python Version: 3.9.18, Platform: Linux-6.10.14-linuxkit-aarch64-with-glibc2.36
[2025-04-22T22:58:34.740+0000] {connection.py:1171} INFO - This connection is in OCSP Fail Open Mode. TLS Certificates would be checked for validity and revocation status. Any other Certificate Revocation related exceptions or OCSP Responder failures would be disregarded in favor of connectivity.
[2025-04-22T22:58:36.739+0000] {mbta_kafka_consumer.py:45} INFO - ✅ Connected to Snowflake successfully.
[2025-04-22T22:58:36.758+0000] {mbta_kafka_consumer.py:219} INFO - 🚀 Starting MBTA Kafka Consumer...
[2025-04-22T22:58:36.775+0000] {conn.py:395} INFO - <BrokerConnection client_id=kafka-python-2.1.5, node_id=bootstrap-0 host=kafka:9092 <connecting> [IPv4 ('172.18.0.4', 9092)]>: connecting to kafka:9092 [('172.18.0.4', 9092) IPv4]
[2025-04-22T22:58:36.811+0000] {conn.py:615} INFO - <BrokerConnection client_id=kafka-python-2.1.5, node_id=bootstrap-0 host=kafka:9092 <checking_api_versions_recv> [IPv4 ('172.18.0.4', 9092)]>: Broker version identified as 2.6
[2025-04-22T22:58:36.818+0000] {conn.py:456} INFO - <BrokerConnection client_id=kafka-python-2.1.5, node_id=bootstrap-0 host=kafka:9092 <connected> [IPv4 ('172.18.0.4', 9092)]>: Connection complete.
[2025-04-22T22:58:36.829+0000] {consumer.py:119} WARNING - group_id is None: disabling auto-commit.
[2025-04-22T22:58:36.835+0000] {subscription_state.py:182} INFO - Updating subscribed topics to: ('mbta_alerts', 'mbta_routes', 'mbta_stops', 'mbta_vehicles', 'mbta_predictions')
[2025-04-22T22:58:36.843+0000] {subscription_state.py:254} INFO - Updated partition assignment: [('mbta_predictions', 0), ('mbta_stops', 0), ('mbta_alerts', 0), ('mbta_routes', 0), ('mbta_vehicles', 0)]
[2025-04-22T22:58:36.847+0000] {conn.py:395} INFO - <BrokerConnection client_id=kafka-python-2.1.5, node_id=1 host=kafka:9092 <connecting> [IPv4 ('172.18.0.4', 9092)]>: connecting to kafka:9092 [('172.18.0.4', 9092) IPv4]
[2025-04-22T22:58:36.851+0000] {conn.py:456} INFO - <BrokerConnection client_id=kafka-python-2.1.5, node_id=1 host=kafka:9092 <connected> [IPv4 ('172.18.0.4', 9092)]>: Connection complete.
[2025-04-22T22:58:36.851+0000] {conn.py:936} INFO - <BrokerConnection client_id=kafka-python-2.1.5, node_id=bootstrap-0 host=kafka:9092 <connected> [IPv4 ('172.18.0.4', 9092)]>: Closing connection. 
[2025-04-22T22:58:48.507+0000] {mbta_kafka_consumer.py:233} INFO - 📥 Received 1000 records from topic: mbta_stops
[2025-04-22T22:58:48.762+0000] {mbta_kafka_consumer.py:56} INFO - 🔍 Sample data for MBTA_STOPS:
[2025-04-22T22:58:48.776+0000] {mbta_kafka_consumer.py:57} INFO - 
          STOP_ID  ...                 CREATED_AT
0            5682  ... 2025-04-22 22:58:48.524015
1           50620  ... 2025-04-22 22:58:48.524055
2  node-417-lobby  ... 2025-04-22 22:58:48.524058
3            4042  ... 2025-04-22 22:58:48.524068
4          109822  ... 2025-04-22 22:58:48.524076

[5 rows x 5 columns]
[2025-04-22T22:58:48.979+0000] {cursor.py:1028} INFO - query: [SELECT * FROM MBTA_STOPS WHERE STOP_ID IN ('5682','50620','node-417-lobby','4042...]
[2025-04-22T22:58:49.234+0000] {cursor.py:1041} INFO - query execution done
[2025-04-22T22:58:49.238+0000] {cursor.py:1205} INFO - Number of results in first chunk: 0
[2025-04-22T22:58:51.725+0000] {mbta_kafka_consumer.py:104} INFO - 🔁 0 new/updated records out of 1000 incoming records (some may be duplicate VEHICLE_IDs) for MBTA_STOPS
[2025-04-22T22:58:51.729+0000] {mbta_kafka_consumer.py:107} INFO - ✅ All 1000 records already up-to-date in MBTA_STOPS, no merge needed.
[2025-04-22T22:58:51.733+0000] {mbta_kafka_consumer.py:233} INFO - 📥 Received 25 records from topic: mbta_predictions
[2025-04-22T22:58:51.742+0000] {mbta_kafka_consumer.py:56} INFO - 🔍 Sample data for MBTA_PREDICTIONS:
[2025-04-22T22:58:51.743+0000] {mbta_kafka_consumer.py:57} INFO - 
                       PREDICTION_ID ROUTE_ID  ... STATUS                 CREATED_AT
0  prediction-67995058-70080-130-Red      Red  ...   None 2025-04-22 22:58:51.734367
1   prediction-67995017-70079-90-Red      Red  ...   None 2025-04-22 22:58:51.734618
2  prediction-67994964-70080-130-Red      Red  ...   None 2025-04-22 22:58:51.734628
3   prediction-67995023-70079-90-Red      Red  ...   None 2025-04-22 22:58:51.734639
4  prediction-67994970-70080-130-Red      Red  ...   None 2025-04-22 22:58:51.734643

[5 rows x 9 columns]
[2025-04-22T22:58:51.760+0000] {cursor.py:1028} INFO - query: [SELECT * FROM MBTA_PREDICTIONS WHERE PREDICTION_ID IN ('prediction-67995058-7008...]
[2025-04-22T22:58:51.979+0000] {cursor.py:1041} INFO - query execution done
[2025-04-22T22:58:51.980+0000] {cursor.py:1205} INFO - Number of results in first chunk: 25
[2025-04-22T22:58:51.993+0000] {mbta_kafka_consumer.py:104} INFO - 🔁 25 new/updated records out of 25 incoming records (some may be duplicate VEHICLE_IDs) for MBTA_PREDICTIONS
[2025-04-22T22:58:51.993+0000] {cursor.py:1028} INFO - query: [MERGE INTO MBTA_PREDICTIONS AS target USING (SELECT 'prediction-67995058-70080-1...]
[2025-04-22T22:58:53.203+0000] {cursor.py:1041} INFO - query execution done
[2025-04-22T22:58:53.227+0000] {cursor.py:1028} INFO - query: [MERGE INTO MBTA_PREDICTIONS AS target USING (SELECT 'prediction-67995017-70079-9...]
[2025-04-22T22:58:54.885+0000] {cursor.py:1041} INFO - query execution done
[2025-04-22T22:58:54.897+0000] {cursor.py:1028} INFO - query: [MERGE INTO MBTA_PREDICTIONS AS target USING (SELECT 'prediction-67994964-70080-1...]
[2025-04-22T22:58:56.446+0000] {cursor.py:1041} INFO - query execution done
[2025-04-22T22:58:56.459+0000] {cursor.py:1028} INFO - query: [MERGE INTO MBTA_PREDICTIONS AS target USING (SELECT 'prediction-67995023-70079-9...]
[2025-04-22T22:58:57.787+0000] {cursor.py:1041} INFO - query execution done
[2025-04-22T22:58:57.800+0000] {cursor.py:1028} INFO - query: [MERGE INTO MBTA_PREDICTIONS AS target USING (SELECT 'prediction-67994970-70080-1...]
[2025-04-22T22:58:59.466+0000] {cursor.py:1041} INFO - query execution done
[2025-04-22T22:58:59.476+0000] {cursor.py:1028} INFO - query: [MERGE INTO MBTA_PREDICTIONS AS target USING (SELECT 'prediction-67995035-70079-9...]
[2025-04-22T22:59:01.623+0000] {cursor.py:1041} INFO - query execution done
[2025-04-22T22:59:01.629+0000] {cursor.py:1028} INFO - query: [MERGE INTO MBTA_PREDICTIONS AS target USING (SELECT 'prediction-ADDED-1582320905...]
[2025-04-22T22:59:04.991+0000] {cursor.py:1041} INFO - query execution done
[2025-04-22T22:59:05.023+0000] {cursor.py:1028} INFO - query: [MERGE INTO MBTA_PREDICTIONS AS target USING (SELECT 'prediction-67995041-70079-9...]
[2025-04-22T22:59:08.990+0000] {cursor.py:1041} INFO - query execution done
[2025-04-22T22:59:08.997+0000] {cursor.py:1028} INFO - query: [MERGE INTO MBTA_PREDICTIONS AS target USING (SELECT 'prediction-67994982-70080-1...]
[2025-04-22T22:59:12.316+0000] {cursor.py:1041} INFO - query execution done
[2025-04-22T22:59:12.325+0000] {cursor.py:1028} INFO - query: [MERGE INTO MBTA_PREDICTIONS AS target USING (SELECT 'prediction-67995047-70079-9...]
[2025-04-22T22:59:16.678+0000] {cursor.py:1041} INFO - query execution done
[2025-04-22T22:59:16.687+0000] {cursor.py:1028} INFO - query: [MERGE INTO MBTA_PREDICTIONS AS target USING (SELECT 'prediction-67995053-70079-9...]
[2025-04-22T22:59:20.115+0000] {cursor.py:1041} INFO - query execution done
[2025-04-22T22:59:20.119+0000] {cursor.py:1028} INFO - query: [MERGE INTO MBTA_PREDICTIONS AS target USING (SELECT 'prediction-67994994-70080-1...]
[2025-04-22T22:59:23.333+0000] {cursor.py:1041} INFO - query execution done
[2025-04-22T22:59:23.336+0000] {cursor.py:1028} INFO - query: [MERGE INTO MBTA_PREDICTIONS AS target USING (SELECT 'prediction-67995059-70079-9...]
[2025-04-22T22:59:26.518+0000] {cursor.py:1041} INFO - query execution done
[2025-04-22T22:59:26.524+0000] {cursor.py:1028} INFO - query: [MERGE INTO MBTA_PREDICTIONS AS target USING (SELECT 'prediction-67995000-70080-1...]
[2025-04-22T22:59:29.480+0000] {cursor.py:1041} INFO - query execution done
[2025-04-22T22:59:29.507+0000] {cursor.py:1028} INFO - query: [MERGE INTO MBTA_PREDICTIONS AS target USING (SELECT 'prediction-67994965-70079-9...]
[2025-04-22T22:59:32.915+0000] {cursor.py:1041} INFO - query execution done
[2025-04-22T22:59:32.917+0000] {cursor.py:1028} INFO - query: [MERGE INTO MBTA_PREDICTIONS AS target USING (SELECT 'prediction-67995006-70080-1...]
[2025-04-22T22:59:35.941+0000] {cursor.py:1041} INFO - query execution done
[2025-04-22T22:59:35.943+0000] {cursor.py:1028} INFO - query: [MERGE INTO MBTA_PREDICTIONS AS target USING (SELECT 'prediction-67994971-70079-9...]
