[2025-04-23T03:59:04.263+0000] {taskinstance.py:1956} INFO - Dependencies all met for dep_context=non-requeueable deps ti=<TaskInstance: mbta_ingestion_dag.load_to_snowflake scheduled__2025-04-23T02:40:00+00:00 [queued]>
[2025-04-23T03:59:04.322+0000] {taskinstance.py:1956} INFO - Dependencies all met for dep_context=requeueable deps ti=<TaskInstance: mbta_ingestion_dag.load_to_snowflake scheduled__2025-04-23T02:40:00+00:00 [queued]>
[2025-04-23T03:59:04.326+0000] {taskinstance.py:2170} INFO - Starting attempt 3 of 2
[2025-04-23T03:59:05.038+0000] {taskinstance.py:2191} INFO - Executing <Task(PythonOperator): load_to_snowflake> on 2025-04-23 02:40:00+00:00
[2025-04-23T03:59:05.138+0000] {standard_task_runner.py:60} INFO - Started process 239 to run task
[2025-04-23T03:59:05.187+0000] {standard_task_runner.py:87} INFO - Running: ['***', 'tasks', 'run', 'mbta_ingestion_dag', 'load_to_snowflake', 'scheduled__2025-04-23T02:40:00+00:00', '--job-id', '417', '--raw', '--subdir', 'DAGS_FOLDER/mbta_ingestion_dag.py', '--cfg-path', '/tmp/tmp0hl_2aiq']
[2025-04-23T03:59:05.223+0000] {standard_task_runner.py:88} INFO - Job 417: Subtask load_to_snowflake
[2025-04-23T03:59:05.754+0000] {task_command.py:423} INFO - Running <TaskInstance: mbta_ingestion_dag.load_to_snowflake scheduled__2025-04-23T02:40:00+00:00 [running]> on host 867e51213d1f
[2025-04-23T03:59:06.781+0000] {taskinstance.py:2480} INFO - Exporting env vars: AIRFLOW_CTX_DAG_OWNER='***' AIRFLOW_CTX_DAG_ID='mbta_ingestion_dag' AIRFLOW_CTX_TASK_ID='load_to_snowflake' AIRFLOW_CTX_EXECUTION_DATE='2025-04-23T02:40:00+00:00' AIRFLOW_CTX_TRY_NUMBER='3' AIRFLOW_CTX_DAG_RUN_ID='scheduled__2025-04-23T02:40:00+00:00'
[2025-04-23T03:59:06.800+0000] {mbta_ingestion_dag.py:35} INFO - 🚀 Launching Kafka consumer to process and load data into Snowflake...
[2025-04-23T03:59:06.804+0000] {connection.py:370} INFO - Snowflake Connector for Python Version: 3.6.0, Python Version: 3.9.18, Platform: Linux-6.10.14-linuxkit-aarch64-with-glibc2.36
[2025-04-23T03:59:06.811+0000] {connection.py:1171} INFO - This connection is in OCSP Fail Open Mode. TLS Certificates would be checked for validity and revocation status. Any other Certificate Revocation related exceptions or OCSP Responder failures would be disregarded in favor of connectivity.
[2025-04-23T03:59:07.724+0000] {mbta_kafka_consumer.py:45} INFO - ✅ Connected to Snowflake successfully.
[2025-04-23T03:59:07.727+0000] {mbta_kafka_consumer.py:220} INFO - 🚀 Starting MBTA Kafka Consumer...
[2025-04-23T03:59:07.737+0000] {conn.py:395} INFO - <BrokerConnection client_id=kafka-python-2.1.5, node_id=bootstrap-0 host=kafka:9092 <connecting> [IPv4 ('172.18.0.4', 9092)]>: connecting to kafka:9092 [('172.18.0.4', 9092) IPv4]
[2025-04-23T03:59:08.611+0000] {conn.py:615} INFO - <BrokerConnection client_id=kafka-python-2.1.5, node_id=bootstrap-0 host=kafka:9092 <checking_api_versions_recv> [IPv4 ('172.18.0.4', 9092)]>: Broker version identified as 2.6
[2025-04-23T03:59:08.622+0000] {conn.py:456} INFO - <BrokerConnection client_id=kafka-python-2.1.5, node_id=bootstrap-0 host=kafka:9092 <connected> [IPv4 ('172.18.0.4', 9092)]>: Connection complete.
[2025-04-23T03:59:08.666+0000] {consumer.py:119} WARNING - group_id is None: disabling auto-commit.
[2025-04-23T03:59:08.671+0000] {subscription_state.py:182} INFO - Updating subscribed topics to: ('mbta_alerts', 'mbta_routes', 'mbta_stops', 'mbta_vehicles', 'mbta_predictions')
[2025-04-23T03:59:09.574+0000] {cluster.py:317} ERROR - Topic mbta_predictions not found in cluster metadata
[2025-04-23T03:59:09.579+0000] {cluster.py:317} ERROR - Topic mbta_routes not found in cluster metadata
[2025-04-23T03:59:09.580+0000] {cluster.py:317} ERROR - Topic mbta_vehicles not found in cluster metadata
[2025-04-23T03:59:09.581+0000] {cluster.py:317} ERROR - Topic mbta_stops not found in cluster metadata
[2025-04-23T03:59:09.582+0000] {cluster.py:314} WARNING - Topic mbta_alerts is not available during auto-create initialization
[2025-04-23T03:59:09.584+0000] {subscription_state.py:254} INFO - Updated partition assignment: []
[2025-04-23T03:59:13.690+0000] {conn.py:936} INFO - <BrokerConnection client_id=kafka-python-2.1.5, node_id=bootstrap-0 host=kafka:9092 <connected> [IPv4 ('172.18.0.4', 9092)]>: Closing connection. 
[2025-04-23T03:59:13.712+0000] {connection.py:718} INFO - closed
[2025-04-23T03:59:13.880+0000] {connection.py:724} INFO - No async queries seem to be running, deleting session
[2025-04-23T03:59:14.048+0000] {mbta_kafka_consumer.py:241} INFO - ✅ Snowflake Connection Closed.
[2025-04-23T03:59:14.061+0000] {python.py:201} INFO - Done. Returned value was: None
[2025-04-23T03:59:14.181+0000] {taskinstance.py:1138} INFO - Marking task as SUCCESS. dag_id=mbta_ingestion_dag, task_id=load_to_snowflake, execution_date=20250423T024000, start_date=20250423T035904, end_date=20250423T035914
[2025-04-23T03:59:14.312+0000] {local_task_job_runner.py:234} INFO - Task exited with return code 0
[2025-04-23T03:59:14.443+0000] {taskinstance.py:3280} INFO - 0 downstream tasks scheduled from follow-on schedule check
