[2025-04-18T01:47:59.839+0000] {taskinstance.py:1956} INFO - Dependencies all met for dep_context=non-requeueable deps ti=<TaskInstance: mbta_ingestion_dag.load_to_snowflake manual__2025-04-18T01:47:56.239248+00:00 [queued]>
[2025-04-18T01:47:59.847+0000] {taskinstance.py:1956} INFO - Dependencies all met for dep_context=requeueable deps ti=<TaskInstance: mbta_ingestion_dag.load_to_snowflake manual__2025-04-18T01:47:56.239248+00:00 [queued]>
[2025-04-18T01:47:59.848+0000] {taskinstance.py:2170} INFO - Starting attempt 1 of 2
[2025-04-18T01:47:59.858+0000] {taskinstance.py:2191} INFO - Executing <Task(PythonOperator): load_to_snowflake> on 2025-04-18 01:47:56.239248+00:00
[2025-04-18T01:47:59.866+0000] {standard_task_runner.py:60} INFO - Started process 323 to run task
[2025-04-18T01:47:59.869+0000] {standard_task_runner.py:87} INFO - Running: ['***', 'tasks', 'run', 'mbta_ingestion_dag', 'load_to_snowflake', 'manual__2025-04-18T01:47:56.239248+00:00', '--job-id', '13', '--raw', '--subdir', 'DAGS_FOLDER/mbta_ingestion_dag.py', '--cfg-path', '/tmp/tmp0a9bydhi']
[2025-04-18T01:47:59.872+0000] {standard_task_runner.py:88} INFO - Job 13: Subtask load_to_snowflake
[2025-04-18T01:47:59.954+0000] {task_command.py:423} INFO - Running <TaskInstance: mbta_ingestion_dag.load_to_snowflake manual__2025-04-18T01:47:56.239248+00:00 [running]> on host 62d421885c4a
[2025-04-18T01:48:00.038+0000] {taskinstance.py:2480} INFO - Exporting env vars: AIRFLOW_CTX_DAG_OWNER='***' AIRFLOW_CTX_DAG_ID='mbta_ingestion_dag' AIRFLOW_CTX_TASK_ID='load_to_snowflake' AIRFLOW_CTX_EXECUTION_DATE='2025-04-18T01:47:56.239248+00:00' AIRFLOW_CTX_TRY_NUMBER='1' AIRFLOW_CTX_DAG_RUN_ID='manual__2025-04-18T01:47:56.239248+00:00'
[2025-04-18T01:48:00.042+0000] {mbta_ingestion_dag.py:35} INFO - 🚀 Launching Kafka consumer to process and load data into Snowflake...
[2025-04-18T01:48:00.043+0000] {connection.py:370} INFO - Snowflake Connector for Python Version: 3.6.0, Python Version: 3.9.18, Platform: Linux-6.10.14-linuxkit-aarch64-with-glibc2.36
[2025-04-18T01:48:00.044+0000] {connection.py:1171} INFO - This connection is in OCSP Fail Open Mode. TLS Certificates would be checked for validity and revocation status. Any other Certificate Revocation related exceptions or OCSP Responder failures would be disregarded in favor of connectivity.
[2025-04-18T01:48:00.700+0000] {mbta_kafka_consumer.py:45} INFO - ✅ Connected to Snowflake successfully.
[2025-04-18T01:48:00.701+0000] {mbta_kafka_consumer.py:219} INFO - 🚀 Starting MBTA Kafka Consumer...
[2025-04-18T01:48:00.704+0000] {conn.py:395} INFO - <BrokerConnection client_id=kafka-python-2.1.5, node_id=bootstrap-0 host=kafka:9092 <connecting> [IPv4 ('172.18.0.6', 9092)]>: connecting to kafka:9092 [('172.18.0.6', 9092) IPv4]
[2025-04-18T01:48:00.717+0000] {conn.py:615} INFO - <BrokerConnection client_id=kafka-python-2.1.5, node_id=bootstrap-0 host=kafka:9092 <checking_api_versions_recv> [IPv4 ('172.18.0.6', 9092)]>: Broker version identified as 2.6
[2025-04-18T01:48:00.718+0000] {conn.py:456} INFO - <BrokerConnection client_id=kafka-python-2.1.5, node_id=bootstrap-0 host=kafka:9092 <connected> [IPv4 ('172.18.0.6', 9092)]>: Connection complete.
[2025-04-18T01:48:00.719+0000] {consumer.py:119} WARNING - group_id is None: disabling auto-commit.
[2025-04-18T01:48:00.720+0000] {subscription_state.py:182} INFO - Updating subscribed topics to: ('mbta_alerts', 'mbta_routes', 'mbta_stops', 'mbta_vehicles', 'mbta_predictions')
[2025-04-18T01:48:00.725+0000] {subscription_state.py:254} INFO - Updated partition assignment: [('mbta_routes', 0), ('mbta_alerts', 0), ('mbta_vehicles', 0), ('mbta_predictions', 0), ('mbta_stops', 0)]
[2025-04-18T01:48:00.726+0000] {conn.py:395} INFO - <BrokerConnection client_id=kafka-python-2.1.5, node_id=1 host=kafka:9092 <connecting> [IPv4 ('172.18.0.6', 9092)]>: connecting to kafka:9092 [('172.18.0.6', 9092) IPv4]
[2025-04-18T01:48:00.726+0000] {conn.py:456} INFO - <BrokerConnection client_id=kafka-python-2.1.5, node_id=1 host=kafka:9092 <connected> [IPv4 ('172.18.0.6', 9092)]>: Connection complete.
[2025-04-18T01:48:00.727+0000] {conn.py:936} INFO - <BrokerConnection client_id=kafka-python-2.1.5, node_id=bootstrap-0 host=kafka:9092 <connected> [IPv4 ('172.18.0.6', 9092)]>: Closing connection. 
[2025-04-18T01:56:47.113+0000] {mbta_kafka_consumer.py:232} INFO - 📥 Received 120 records from topic: mbta_alerts
[2025-04-18T01:56:47.242+0000] {mbta_kafka_consumer.py:56} INFO - 🔍 Sample data for MBTA_ALERTS:
[2025-04-18T01:56:47.243+0000] {mbta_kafka_consumer.py:57} INFO - 
  ALERT_ID  ...                 CREATED_AT
0   638240  ...  2025-04-16T10:52:04-04:00
1   435698  ...  2022-03-15T10:13:31-04:00
2   634497  ...  2025-03-27T14:21:07-04:00
3   634495  ...  2025-03-27T14:18:44-04:00
4   416078  ...  2021-11-04T15:14:54-04:00

[5 rows x 6 columns]
[2025-04-18T01:56:47.343+0000] {cursor.py:1028} INFO - query: [SELECT * FROM MBTA_ALERTS WHERE ALERT_ID IN ('638240','435698','634497','634495'...]
[2025-04-18T01:56:48.942+0000] {cursor.py:1041} INFO - query execution done
[2025-04-18T01:56:48.958+0000] {cursor.py:1205} INFO - Number of results in first chunk: 256
[2025-04-18T01:56:49.936+0000] {mbta_kafka_consumer.py:104} INFO - 🔁 562 new/updated records out of 120 incoming records (some may be duplicate VEHICLE_IDs) for MBTA_ALERTS
[2025-04-18T01:56:49.948+0000] {cursor.py:1028} INFO - query: [MERGE INTO MBTA_ALERTS AS target USING (SELECT '638240', 'Orange Line: Shuttle b...]
[2025-04-18T01:56:52.717+0000] {cursor.py:1041} INFO - query execution done
[2025-04-18T01:56:52.724+0000] {cursor.py:1028} INFO - query: [MERGE INTO MBTA_ALERTS AS target USING (SELECT '435698', 'Bowdoin Escalator 125 ...]
[2025-04-18T01:56:55.545+0000] {cursor.py:1041} INFO - query execution done
[2025-04-18T01:56:55.553+0000] {cursor.py:1028} INFO - query: [MERGE INTO MBTA_ALERTS AS target USING (SELECT '435698', 'Bowdoin Escalator 125 ...]
[2025-04-18T01:56:58.094+0000] {cursor.py:1041} INFO - query execution done
[2025-04-18T01:56:58.096+0000] {cursor.py:1028} INFO - query: [MERGE INTO MBTA_ALERTS AS target USING (SELECT '435698', 'Bowdoin Escalator 125 ...]
[2025-04-18T01:57:00.679+0000] {cursor.py:1041} INFO - query execution done
[2025-04-18T01:57:00.682+0000] {cursor.py:1028} INFO - query: [MERGE INTO MBTA_ALERTS AS target USING (SELECT '435698', 'Bowdoin Escalator 125 ...]
[2025-04-18T01:57:03.164+0000] {cursor.py:1041} INFO - query execution done
[2025-04-18T01:57:03.167+0000] {cursor.py:1028} INFO - query: [MERGE INTO MBTA_ALERTS AS target USING (SELECT '435698', 'Bowdoin Escalator 125 ...]
[2025-04-18T01:57:05.840+0000] {cursor.py:1041} INFO - query execution done
[2025-04-18T01:57:05.843+0000] {cursor.py:1028} INFO - query: [MERGE INTO MBTA_ALERTS AS target USING (SELECT '435698', 'Bowdoin Escalator 125 ...]
[2025-04-18T01:57:08.305+0000] {cursor.py:1041} INFO - query execution done
[2025-04-18T01:57:08.310+0000] {cursor.py:1028} INFO - query: [MERGE INTO MBTA_ALERTS AS target USING (SELECT '435698', 'Bowdoin Escalator 125 ...]
[2025-04-18T01:57:11.251+0000] {cursor.py:1041} INFO - query execution done
[2025-04-18T01:57:11.255+0000] {cursor.py:1028} INFO - query: [MERGE INTO MBTA_ALERTS AS target USING (SELECT '435698', 'Bowdoin Escalator 125 ...]
[2025-04-18T01:57:14.274+0000] {cursor.py:1041} INFO - query execution done
[2025-04-18T01:57:14.282+0000] {cursor.py:1028} INFO - query: [MERGE INTO MBTA_ALERTS AS target USING (SELECT '435698', 'Bowdoin Escalator 125 ...]
[2025-04-18T01:57:16.899+0000] {cursor.py:1041} INFO - query execution done
[2025-04-18T01:57:16.902+0000] {cursor.py:1028} INFO - query: [MERGE INTO MBTA_ALERTS AS target USING (SELECT '435698', 'Bowdoin Escalator 125 ...]
[2025-04-18T01:57:19.169+0000] {cursor.py:1041} INFO - query execution done
[2025-04-18T01:57:19.173+0000] {cursor.py:1028} INFO - query: [MERGE INTO MBTA_ALERTS AS target USING (SELECT '435698', 'Bowdoin Escalator 125 ...]
[2025-04-18T01:57:21.797+0000] {cursor.py:1041} INFO - query execution done
[2025-04-18T01:57:21.811+0000] {cursor.py:1028} INFO - query: [MERGE INTO MBTA_ALERTS AS target USING (SELECT '435698', 'Bowdoin Escalator 125 ...]
[2025-04-18T01:57:24.163+0000] {cursor.py:1041} INFO - query execution done
[2025-04-18T01:57:24.166+0000] {cursor.py:1028} INFO - query: [MERGE INTO MBTA_ALERTS AS target USING (SELECT '435698', 'Bowdoin Escalator 125 ...]
[2025-04-18T01:57:26.530+0000] {cursor.py:1041} INFO - query execution done
[2025-04-18T01:57:26.537+0000] {cursor.py:1028} INFO - query: [MERGE INTO MBTA_ALERTS AS target USING (SELECT '435698', 'Bowdoin Escalator 125 ...]
[2025-04-18T01:57:29.073+0000] {cursor.py:1041} INFO - query execution done
[2025-04-18T01:57:29.083+0000] {cursor.py:1028} INFO - query: [MERGE INTO MBTA_ALERTS AS target USING (SELECT '435698', 'Bowdoin Escalator 125 ...]
[2025-04-18T01:57:31.479+0000] {cursor.py:1041} INFO - query execution done
[2025-04-18T01:57:31.485+0000] {cursor.py:1028} INFO - query: [MERGE INTO MBTA_ALERTS AS target USING (SELECT '435698', 'Bowdoin Escalator 125 ...]
[2025-04-18T01:57:33.939+0000] {cursor.py:1041} INFO - query execution done
[2025-04-18T01:57:33.941+0000] {cursor.py:1028} INFO - query: [MERGE INTO MBTA_ALERTS AS target USING (SELECT '435698', 'Bowdoin Escalator 125 ...]
[2025-04-18T01:57:36.395+0000] {cursor.py:1041} INFO - query execution done
[2025-04-18T01:57:36.400+0000] {cursor.py:1028} INFO - query: [MERGE INTO MBTA_ALERTS AS target USING (SELECT '435698', 'Bowdoin Escalator 125 ...]
[2025-04-18T01:57:39.199+0000] {cursor.py:1041} INFO - query execution done
[2025-04-18T01:57:39.202+0000] {cursor.py:1028} INFO - query: [MERGE INTO MBTA_ALERTS AS target USING (SELECT '634497', 'On Saturday, April 5th...]
[2025-04-18T01:57:41.927+0000] {cursor.py:1041} INFO - query execution done
[2025-04-18T01:57:41.930+0000] {cursor.py:1028} INFO - query: [MERGE INTO MBTA_ALERTS AS target USING (SELECT '634495', 'On Saturday, April 5th...]
[2025-04-18T01:57:44.512+0000] {cursor.py:1041} INFO - query execution done
[2025-04-18T01:57:44.517+0000] {cursor.py:1028} INFO - query: [MERGE INTO MBTA_ALERTS AS target USING (SELECT '416078', 'Lynn Parking Garage ar...]
[2025-04-18T01:57:46.985+0000] {cursor.py:1041} INFO - query execution done
[2025-04-18T01:57:46.987+0000] {cursor.py:1028} INFO - query: [MERGE INTO MBTA_ALERTS AS target USING (SELECT '416078', 'Lynn Parking Garage ar...]
[2025-04-18T01:57:49.422+0000] {cursor.py:1041} INFO - query execution done
[2025-04-18T01:57:49.423+0000] {cursor.py:1028} INFO - query: [MERGE INTO MBTA_ALERTS AS target USING (SELECT '416078', 'Lynn Parking Garage ar...]
[2025-04-18T01:57:52.008+0000] {cursor.py:1041} INFO - query execution done
[2025-04-18T01:57:52.009+0000] {cursor.py:1028} INFO - query: [MERGE INTO MBTA_ALERTS AS target USING (SELECT '416078', 'Lynn Parking Garage ar...]
[2025-04-18T01:57:54.435+0000] {cursor.py:1041} INFO - query execution done
[2025-04-18T01:57:54.436+0000] {cursor.py:1028} INFO - query: [MERGE INTO MBTA_ALERTS AS target USING (SELECT '416078', 'Lynn Parking Garage ar...]
[2025-04-18T01:57:56.855+0000] {cursor.py:1041} INFO - query execution done
[2025-04-18T01:57:56.859+0000] {cursor.py:1028} INFO - query: [MERGE INTO MBTA_ALERTS AS target USING (SELECT '416078', 'Lynn Parking Garage ar...]
[2025-04-18T01:57:59.362+0000] {cursor.py:1041} INFO - query execution done
[2025-04-18T01:57:59.364+0000] {cursor.py:1028} INFO - query: [MERGE INTO MBTA_ALERTS AS target USING (SELECT '416078', 'Lynn Parking Garage ar...]
[2025-04-18T01:58:01.808+0000] {cursor.py:1041} INFO - query execution done
[2025-04-18T01:58:01.811+0000] {cursor.py:1028} INFO - query: [MERGE INTO MBTA_ALERTS AS target USING (SELECT '416078', 'Lynn Parking Garage ar...]
[2025-04-18T01:58:04.360+0000] {cursor.py:1041} INFO - query execution done
[2025-04-18T01:58:04.370+0000] {cursor.py:1028} INFO - query: [MERGE INTO MBTA_ALERTS AS target USING (SELECT '416078', 'Lynn Parking Garage ar...]
[2025-04-18T01:58:06.834+0000] {cursor.py:1041} INFO - query execution done
[2025-04-18T01:58:06.837+0000] {cursor.py:1028} INFO - query: [MERGE INTO MBTA_ALERTS AS target USING (SELECT '416078', 'Lynn Parking Garage ar...]
[2025-04-18T01:58:09.480+0000] {cursor.py:1041} INFO - query execution done
[2025-04-18T01:58:09.484+0000] {cursor.py:1028} INFO - query: [MERGE INTO MBTA_ALERTS AS target USING (SELECT '416078', 'Lynn Parking Garage ar...]
[2025-04-18T01:58:12.078+0000] {cursor.py:1041} INFO - query execution done
[2025-04-18T01:58:12.086+0000] {cursor.py:1028} INFO - query: [MERGE INTO MBTA_ALERTS AS target USING (SELECT '416078', 'Lynn Parking Garage ar...]
[2025-04-18T01:58:14.413+0000] {cursor.py:1041} INFO - query execution done
[2025-04-18T01:58:14.414+0000] {cursor.py:1028} INFO - query: [MERGE INTO MBTA_ALERTS AS target USING (SELECT '416078', 'Lynn Parking Garage ar...]
[2025-04-18T01:58:17.095+0000] {cursor.py:1041} INFO - query execution done
[2025-04-18T01:58:17.097+0000] {cursor.py:1028} INFO - query: [MERGE INTO MBTA_ALERTS AS target USING (SELECT '416078', 'Lynn Parking Garage ar...]
[2025-04-18T01:58:19.568+0000] {cursor.py:1041} INFO - query execution done
[2025-04-18T01:58:19.570+0000] {cursor.py:1028} INFO - query: [MERGE INTO MBTA_ALERTS AS target USING (SELECT '416078', 'Lynn Parking Garage ar...]
[2025-04-18T01:58:21.952+0000] {cursor.py:1041} INFO - query execution done
[2025-04-18T01:58:21.962+0000] {cursor.py:1028} INFO - query: [MERGE INTO MBTA_ALERTS AS target USING (SELECT '416078', 'Lynn Parking Garage ar...]
[2025-04-18T01:58:24.836+0000] {cursor.py:1041} INFO - query execution done
[2025-04-18T01:58:24.839+0000] {cursor.py:1028} INFO - query: [MERGE INTO MBTA_ALERTS AS target USING (SELECT '416078', 'Lynn Parking Garage ar...]
[2025-04-18T01:58:27.308+0000] {cursor.py:1041} INFO - query execution done
[2025-04-18T01:58:27.318+0000] {cursor.py:1028} INFO - query: [MERGE INTO MBTA_ALERTS AS target USING (SELECT '416078', 'Lynn Parking Garage ar...]
[2025-04-18T01:58:30.212+0000] {cursor.py:1041} INFO - query execution done
[2025-04-18T01:58:30.213+0000] {cursor.py:1028} INFO - query: [MERGE INTO MBTA_ALERTS AS target USING (SELECT '637996', 'Route 52 service will ...]
[2025-04-18T01:58:33.318+0000] {cursor.py:1041} INFO - query execution done
[2025-04-18T01:58:33.324+0000] {cursor.py:1028} INFO - query: [MERGE INTO MBTA_ALERTS AS target USING (SELECT '637987', 'Route 66 will be rerou...]
[2025-04-18T01:58:35.796+0000] {cursor.py:1041} INFO - query execution done
[2025-04-18T01:58:35.798+0000] {cursor.py:1028} INFO - query: [MERGE INTO MBTA_ALERTS AS target USING (SELECT '638452', 'Route 44 is experienci...]
[2025-04-18T01:58:38.496+0000] {cursor.py:1041} INFO - query execution done
[2025-04-18T01:58:38.502+0000] {cursor.py:1028} INFO - query: [MERGE INTO MBTA_ALERTS AS target USING (SELECT '636938', 'Due to Boston Marathon...]
[2025-04-18T01:58:41.000+0000] {cursor.py:1041} INFO - query execution done
[2025-04-18T01:58:41.003+0000] {cursor.py:1028} INFO - query: [MERGE INTO MBTA_ALERTS AS target USING (SELECT '633908', 'From March 24 to June ...]
[2025-04-18T01:58:43.509+0000] {cursor.py:1041} INFO - query execution done
[2025-04-18T01:58:43.516+0000] {cursor.py:1028} INFO - query: [MERGE INTO MBTA_ALERTS AS target USING (SELECT '637986', 'Route 504 will be rero...]
[2025-04-18T01:58:46.351+0000] {cursor.py:1041} INFO - query execution done
[2025-04-18T01:58:46.362+0000] {cursor.py:1028} INFO - query: [MERGE INTO MBTA_ALERTS AS target USING (SELECT '630009', 'There is no accessible...]
[2025-04-18T01:58:49.099+0000] {cursor.py:1041} INFO - query execution done
[2025-04-18T01:58:49.104+0000] {cursor.py:1028} INFO - query: [MERGE INTO MBTA_ALERTS AS target USING (SELECT '630009', 'There is no accessible...]
[2025-04-18T01:58:51.744+0000] {cursor.py:1041} INFO - query execution done
[2025-04-18T01:58:51.746+0000] {cursor.py:1028} INFO - query: [MERGE INTO MBTA_ALERTS AS target USING (SELECT '630009', 'There is no accessible...]
[2025-04-18T01:58:54.266+0000] {cursor.py:1041} INFO - query execution done
[2025-04-18T01:58:54.267+0000] {cursor.py:1028} INFO - query: [MERGE INTO MBTA_ALERTS AS target USING (SELECT '630009', 'There is no accessible...]
[2025-04-18T01:58:56.703+0000] {cursor.py:1041} INFO - query execution done
[2025-04-18T01:58:56.707+0000] {cursor.py:1028} INFO - query: [MERGE INTO MBTA_ALERTS AS target USING (SELECT '630009', 'There is no accessible...]
[2025-04-18T01:58:59.204+0000] {cursor.py:1041} INFO - query execution done
[2025-04-18T01:58:59.206+0000] {cursor.py:1028} INFO - query: [MERGE INTO MBTA_ALERTS AS target USING (SELECT '630009', 'There is no accessible...]
[2025-04-18T01:59:01.833+0000] {cursor.py:1041} INFO - query execution done
[2025-04-18T01:59:01.837+0000] {cursor.py:1028} INFO - query: [MERGE INTO MBTA_ALERTS AS target USING (SELECT '630009', 'There is no accessible...]
[2025-04-18T01:59:04.345+0000] {cursor.py:1041} INFO - query execution done
[2025-04-18T01:59:04.348+0000] {cursor.py:1028} INFO - query: [MERGE INTO MBTA_ALERTS AS target USING (SELECT '630009', 'There is no accessible...]
[2025-04-18T01:59:07.022+0000] {cursor.py:1041} INFO - query execution done
[2025-04-18T01:59:07.027+0000] {cursor.py:1028} INFO - query: [MERGE INTO MBTA_ALERTS AS target USING (SELECT '630009', 'There is no accessible...]
[2025-04-18T01:59:10.108+0000] {cursor.py:1041} INFO - query execution done
[2025-04-18T01:59:10.116+0000] {cursor.py:1028} INFO - query: [MERGE INTO MBTA_ALERTS AS target USING (SELECT '630009', 'There is no accessible...]
[2025-04-18T01:59:12.905+0000] {cursor.py:1041} INFO - query execution done
[2025-04-18T01:59:12.913+0000] {cursor.py:1028} INFO - query: [MERGE INTO MBTA_ALERTS AS target USING (SELECT '630009', 'There is no accessible...]
[2025-04-18T01:59:15.581+0000] {cursor.py:1041} INFO - query execution done
[2025-04-18T01:59:15.599+0000] {cursor.py:1028} INFO - query: [MERGE INTO MBTA_ALERTS AS target USING (SELECT '630009', 'There is no accessible...]
[2025-04-18T01:59:18.198+0000] {cursor.py:1041} INFO - query execution done
[2025-04-18T01:59:18.217+0000] {cursor.py:1028} INFO - query: [MERGE INTO MBTA_ALERTS AS target USING (SELECT '630009', 'There is no accessible...]
[2025-04-18T01:59:20.591+0000] {cursor.py:1041} INFO - query execution done
[2025-04-18T01:59:20.598+0000] {cursor.py:1028} INFO - query: [MERGE INTO MBTA_ALERTS AS target USING (SELECT '630009', 'There is no accessible...]
[2025-04-18T01:59:23.452+0000] {cursor.py:1041} INFO - query execution done
[2025-04-18T01:59:23.458+0000] {cursor.py:1028} INFO - query: [MERGE INTO MBTA_ALERTS AS target USING (SELECT '630009', 'There is no accessible...]
[2025-04-18T01:59:26.195+0000] {cursor.py:1041} INFO - query execution done
[2025-04-18T01:59:26.204+0000] {cursor.py:1028} INFO - query: [MERGE INTO MBTA_ALERTS AS target USING (SELECT '630009', 'There is no accessible...]
[2025-04-18T01:59:28.838+0000] {cursor.py:1041} INFO - query execution done
[2025-04-18T01:59:28.840+0000] {cursor.py:1028} INFO - query: [MERGE INTO MBTA_ALERTS AS target USING (SELECT '630009', 'There is no accessible...]
[2025-04-18T01:59:31.438+0000] {cursor.py:1041} INFO - query execution done
[2025-04-18T01:59:31.442+0000] {cursor.py:1028} INFO - query: [MERGE INTO MBTA_ALERTS AS target USING (SELECT '630009', 'There is no accessible...]
[2025-04-18T01:59:33.949+0000] {cursor.py:1041} INFO - query execution done
[2025-04-18T01:59:33.951+0000] {cursor.py:1028} INFO - query: [MERGE INTO MBTA_ALERTS AS target USING (SELECT '637983', 'Route 62 and 76 detour...]
[2025-04-18T01:59:36.644+0000] {cursor.py:1041} INFO - query execution done
[2025-04-18T01:59:36.645+0000] {cursor.py:1028} INFO - query: [MERGE INTO MBTA_ALERTS AS target USING (SELECT '637989', 'Route 59 will be rerou...]
[2025-04-18T01:59:39.752+0000] {cursor.py:1041} INFO - query execution done
[2025-04-18T01:59:39.760+0000] {cursor.py:1028} INFO - query: [MERGE INTO MBTA_ALERTS AS target USING (SELECT '626250', 'Aquarium Escalator 405...]
[2025-04-18T01:59:42.468+0000] {cursor.py:1041} INFO - query execution done
[2025-04-18T01:59:42.469+0000] {cursor.py:1028} INFO - query: [MERGE INTO MBTA_ALERTS AS target USING (SELECT '626250', 'Aquarium Escalator 405...]
[2025-04-18T01:59:45.147+0000] {cursor.py:1041} INFO - query execution done
[2025-04-18T01:59:45.155+0000] {cursor.py:1028} INFO - query: [MERGE INTO MBTA_ALERTS AS target USING (SELECT '626250', 'Aquarium Escalator 405...]
[2025-04-18T01:59:47.512+0000] {cursor.py:1041} INFO - query execution done
[2025-04-18T01:59:47.518+0000] {cursor.py:1028} INFO - query: [MERGE INTO MBTA_ALERTS AS target USING (SELECT '626250', 'Aquarium Escalator 405...]
[2025-04-18T01:59:50.140+0000] {cursor.py:1041} INFO - query execution done
[2025-04-18T01:59:50.142+0000] {cursor.py:1028} INFO - query: [MERGE INTO MBTA_ALERTS AS target USING (SELECT '626250', 'Aquarium Escalator 405...]
[2025-04-18T01:59:52.653+0000] {cursor.py:1041} INFO - query execution done
[2025-04-18T01:59:52.673+0000] {cursor.py:1028} INFO - query: [MERGE INTO MBTA_ALERTS AS target USING (SELECT '626250', 'Aquarium Escalator 405...]
[2025-04-18T01:59:55.081+0000] {cursor.py:1041} INFO - query execution done
[2025-04-18T01:59:55.082+0000] {cursor.py:1028} INFO - query: [MERGE INTO MBTA_ALERTS AS target USING (SELECT '626250', 'Aquarium Escalator 405...]
[2025-04-18T01:59:57.665+0000] {cursor.py:1041} INFO - query execution done
[2025-04-18T01:59:57.668+0000] {cursor.py:1028} INFO - query: [MERGE INTO MBTA_ALERTS AS target USING (SELECT '626250', 'Aquarium Escalator 405...]
[2025-04-18T02:00:00.567+0000] {cursor.py:1041} INFO - query execution done
[2025-04-18T02:00:00.569+0000] {cursor.py:1028} INFO - query: [MERGE INTO MBTA_ALERTS AS target USING (SELECT '626250', 'Aquarium Escalator 405...]
[2025-04-18T02:00:03.450+0000] {cursor.py:1041} INFO - query execution done
[2025-04-18T02:00:03.456+0000] {cursor.py:1028} INFO - query: [MERGE INTO MBTA_ALERTS AS target USING (SELECT '626250', 'Aquarium Escalator 405...]
[2025-04-18T02:00:06.060+0000] {cursor.py:1041} INFO - query execution done
[2025-04-18T02:00:06.070+0000] {cursor.py:1028} INFO - query: [MERGE INTO MBTA_ALERTS AS target USING (SELECT '626250', 'Aquarium Escalator 405...]
[2025-04-18T02:00:08.792+0000] {cursor.py:1041} INFO - query execution done
[2025-04-18T02:00:08.801+0000] {cursor.py:1028} INFO - query: [MERGE INTO MBTA_ALERTS AS target USING (SELECT '626250', 'Aquarium Escalator 405...]
[2025-04-18T02:00:11.342+0000] {cursor.py:1041} INFO - query execution done
[2025-04-18T02:00:11.351+0000] {cursor.py:1028} INFO - query: [MERGE INTO MBTA_ALERTS AS target USING (SELECT '626250', 'Aquarium Escalator 405...]
[2025-04-18T02:00:14.576+0000] {cursor.py:1041} INFO - query execution done
[2025-04-18T02:00:14.595+0000] {cursor.py:1028} INFO - query: [MERGE INTO MBTA_ALERTS AS target USING (SELECT '626250', 'Aquarium Escalator 405...]
[2025-04-18T02:00:17.662+0000] {cursor.py:1041} INFO - query execution done
[2025-04-18T02:00:17.666+0000] {cursor.py:1028} INFO - query: [MERGE INTO MBTA_ALERTS AS target USING (SELECT '626250', 'Aquarium Escalator 405...]
[2025-04-18T02:00:20.507+0000] {cursor.py:1041} INFO - query execution done
[2025-04-18T02:00:20.511+0000] {cursor.py:1028} INFO - query: [MERGE INTO MBTA_ALERTS AS target USING (SELECT '626250', 'Aquarium Escalator 405...]
[2025-04-18T02:00:23.182+0000] {cursor.py:1041} INFO - query execution done
[2025-04-18T02:00:23.193+0000] {cursor.py:1028} INFO - query: [MERGE INTO MBTA_ALERTS AS target USING (SELECT '626250', 'Aquarium Escalator 405...]
[2025-04-18T02:00:26.206+0000] {cursor.py:1041} INFO - query execution done
[2025-04-18T02:00:26.211+0000] {cursor.py:1028} INFO - query: [MERGE INTO MBTA_ALERTS AS target USING (SELECT '626250', 'Aquarium Escalator 405...]
[2025-04-18T02:00:28.985+0000] {cursor.py:1041} INFO - query execution done
[2025-04-18T02:00:28.988+0000] {cursor.py:1028} INFO - query: [MERGE INTO MBTA_ALERTS AS target USING (SELECT '638576', 'Route 77 is experienci...]
[2025-04-18T02:00:32.329+0000] {cursor.py:1041} INFO - query execution done
[2025-04-18T02:00:32.335+0000] {cursor.py:1028} INFO - query: [MERGE INTO MBTA_ALERTS AS target USING (SELECT '637998', 'Route 47 will be rerou...]
[2025-04-18T02:00:35.577+0000] {cursor.py:1041} INFO - query execution done
[2025-04-18T02:00:35.582+0000] {cursor.py:1028} INFO - query: [MERGE INTO MBTA_ALERTS AS target USING (SELECT '638540', 'Route 23 is experienci...]
[2025-04-18T02:00:38.134+0000] {cursor.py:1041} INFO - query execution done
[2025-04-18T02:00:38.146+0000] {cursor.py:1028} INFO - query: [MERGE INTO MBTA_ALERTS AS target USING (SELECT '633776', 'Long Wharf South is cl...]
[2025-04-18T02:00:41.127+0000] {cursor.py:1041} INFO - query execution done
[2025-04-18T02:00:41.134+0000] {cursor.py:1028} INFO - query: [MERGE INTO MBTA_ALERTS AS target USING (SELECT '625935', 'Littleton/Route 495 pa...]
[2025-04-18T02:00:44.019+0000] {cursor.py:1041} INFO - query execution done
[2025-04-18T02:00:44.021+0000] {cursor.py:1028} INFO - query: [MERGE INTO MBTA_ALERTS AS target USING (SELECT '625935', 'Littleton/Route 495 pa...]
[2025-04-18T02:00:46.474+0000] {cursor.py:1041} INFO - query execution done
[2025-04-18T02:00:46.482+0000] {cursor.py:1028} INFO - query: [MERGE INTO MBTA_ALERTS AS target USING (SELECT '625935', 'Littleton/Route 495 pa...]
[2025-04-18T02:00:49.481+0000] {cursor.py:1041} INFO - query execution done
[2025-04-18T02:00:49.513+0000] {cursor.py:1028} INFO - query: [MERGE INTO MBTA_ALERTS AS target USING (SELECT '625935', 'Littleton/Route 495 pa...]
[2025-04-18T02:00:52.507+0000] {cursor.py:1041} INFO - query execution done
[2025-04-18T02:00:52.512+0000] {cursor.py:1028} INFO - query: [MERGE INTO MBTA_ALERTS AS target USING (SELECT '625935', 'Littleton/Route 495 pa...]
[2025-04-18T02:00:55.486+0000] {cursor.py:1041} INFO - query execution done
[2025-04-18T02:00:55.487+0000] {cursor.py:1028} INFO - query: [MERGE INTO MBTA_ALERTS AS target USING (SELECT '625935', 'Littleton/Route 495 pa...]
[2025-04-18T02:00:58.227+0000] {cursor.py:1041} INFO - query execution done
[2025-04-18T02:00:58.228+0000] {cursor.py:1028} INFO - query: [MERGE INTO MBTA_ALERTS AS target USING (SELECT '625935', 'Littleton/Route 495 pa...]
[2025-04-18T02:01:00.863+0000] {cursor.py:1041} INFO - query execution done
[2025-04-18T02:01:00.864+0000] {cursor.py:1028} INFO - query: [MERGE INTO MBTA_ALERTS AS target USING (SELECT '625935', 'Littleton/Route 495 pa...]
[2025-04-18T02:01:03.884+0000] {cursor.py:1041} INFO - query execution done
[2025-04-18T02:01:03.888+0000] {cursor.py:1028} INFO - query: [MERGE INTO MBTA_ALERTS AS target USING (SELECT '625935', 'Littleton/Route 495 pa...]
[2025-04-18T02:01:06.568+0000] {cursor.py:1041} INFO - query execution done
[2025-04-18T02:01:06.704+0000] {cursor.py:1028} INFO - query: [MERGE INTO MBTA_ALERTS AS target USING (SELECT '625935', 'Littleton/Route 495 pa...]
[2025-04-18T02:01:09.700+0000] {cursor.py:1041} INFO - query execution done
[2025-04-18T02:01:09.704+0000] {cursor.py:1028} INFO - query: [MERGE INTO MBTA_ALERTS AS target USING (SELECT '625935', 'Littleton/Route 495 pa...]
[2025-04-18T02:01:12.466+0000] {cursor.py:1041} INFO - query execution done
[2025-04-18T02:01:12.467+0000] {cursor.py:1028} INFO - query: [MERGE INTO MBTA_ALERTS AS target USING (SELECT '625935', 'Littleton/Route 495 pa...]
[2025-04-18T02:01:15.181+0000] {cursor.py:1041} INFO - query execution done
[2025-04-18T02:01:15.193+0000] {cursor.py:1028} INFO - query: [MERGE INTO MBTA_ALERTS AS target USING (SELECT '625935', 'Littleton/Route 495 pa...]
[2025-04-18T02:01:17.815+0000] {cursor.py:1041} INFO - query execution done
[2025-04-18T02:01:17.823+0000] {cursor.py:1028} INFO - query: [MERGE INTO MBTA_ALERTS AS target USING (SELECT '625935', 'Littleton/Route 495 pa...]
[2025-04-18T02:01:20.684+0000] {cursor.py:1041} INFO - query execution done
[2025-04-18T02:01:20.693+0000] {cursor.py:1028} INFO - query: [MERGE INTO MBTA_ALERTS AS target USING (SELECT '625935', 'Littleton/Route 495 pa...]
[2025-04-18T02:01:23.851+0000] {cursor.py:1041} INFO - query execution done
[2025-04-18T02:01:23.861+0000] {cursor.py:1028} INFO - query: [MERGE INTO MBTA_ALERTS AS target USING (SELECT '625935', 'Littleton/Route 495 pa...]
[2025-04-18T02:01:26.905+0000] {cursor.py:1041} INFO - query execution done
[2025-04-18T02:01:26.912+0000] {cursor.py:1028} INFO - query: [MERGE INTO MBTA_ALERTS AS target USING (SELECT '625935', 'Littleton/Route 495 pa...]
[2025-04-18T02:01:29.592+0000] {cursor.py:1041} INFO - query execution done
[2025-04-18T02:01:29.603+0000] {cursor.py:1028} INFO - query: [MERGE INTO MBTA_ALERTS AS target USING (SELECT '625935', 'Littleton/Route 495 pa...]
[2025-04-18T02:01:32.177+0000] {cursor.py:1041} INFO - query execution done
[2025-04-18T02:01:32.181+0000] {cursor.py:1028} INFO - query: [MERGE INTO MBTA_ALERTS AS target USING (SELECT '637949', 'Park Street Escalator ...]
[2025-04-18T02:01:35.092+0000] {cursor.py:1041} INFO - query execution done
[2025-04-18T02:01:35.093+0000] {cursor.py:1028} INFO - query: [MERGE INTO MBTA_ALERTS AS target USING (SELECT '638604', 'Route 62 is experienci...]
[2025-04-18T02:01:38.724+0000] {cursor.py:1041} INFO - query execution done
[2025-04-18T02:01:38.735+0000] {cursor.py:1028} INFO - query: [MERGE INTO MBTA_ALERTS AS target USING (SELECT '637835', 'Due to the 250th anniv...]
[2025-04-18T02:01:41.529+0000] {cursor.py:1041} INFO - query execution done
[2025-04-18T02:01:41.540+0000] {cursor.py:1028} INFO - query: [MERGE INTO MBTA_ALERTS AS target USING (SELECT '584862', 'Commuter Rail train se...]
[2025-04-18T02:01:45.106+0000] {cursor.py:1041} INFO - query execution done
[2025-04-18T02:01:45.110+0000] {cursor.py:1028} INFO - query: [MERGE INTO MBTA_ALERTS AS target USING (SELECT '584862', 'Commuter Rail train se...]
[2025-04-18T02:01:47.722+0000] {cursor.py:1041} INFO - query execution done
[2025-04-18T02:01:47.726+0000] {cursor.py:1028} INFO - query: [MERGE INTO MBTA_ALERTS AS target USING (SELECT '584862', 'Commuter Rail train se...]
[2025-04-18T02:01:50.267+0000] {cursor.py:1041} INFO - query execution done
[2025-04-18T02:01:50.271+0000] {cursor.py:1028} INFO - query: [MERGE INTO MBTA_ALERTS AS target USING (SELECT '584862', 'Commuter Rail train se...]
[2025-04-18T02:01:52.870+0000] {cursor.py:1041} INFO - query execution done
[2025-04-18T02:01:52.880+0000] {cursor.py:1028} INFO - query: [MERGE INTO MBTA_ALERTS AS target USING (SELECT '584862', 'Commuter Rail train se...]
[2025-04-18T02:01:56.055+0000] {cursor.py:1041} INFO - query execution done
[2025-04-18T02:01:56.073+0000] {cursor.py:1028} INFO - query: [MERGE INTO MBTA_ALERTS AS target USING (SELECT '584862', 'Commuter Rail train se...]
[2025-04-18T02:01:59.991+0000] {cursor.py:1041} INFO - query execution done
[2025-04-18T02:01:59.995+0000] {cursor.py:1028} INFO - query: [MERGE INTO MBTA_ALERTS AS target USING (SELECT '584862', 'Commuter Rail train se...]
[2025-04-18T02:02:02.684+0000] {cursor.py:1041} INFO - query execution done
[2025-04-18T02:02:02.691+0000] {cursor.py:1028} INFO - query: [MERGE INTO MBTA_ALERTS AS target USING (SELECT '584862', 'Commuter Rail train se...]
[2025-04-18T02:02:05.193+0000] {cursor.py:1041} INFO - query execution done
[2025-04-18T02:02:05.198+0000] {cursor.py:1028} INFO - query: [MERGE INTO MBTA_ALERTS AS target USING (SELECT '584862', 'Commuter Rail train se...]
[2025-04-18T02:02:08.104+0000] {cursor.py:1041} INFO - query execution done
[2025-04-18T02:02:08.114+0000] {cursor.py:1028} INFO - query: [MERGE INTO MBTA_ALERTS AS target USING (SELECT '584862', 'Commuter Rail train se...]
[2025-04-18T02:02:10.862+0000] {cursor.py:1041} INFO - query execution done
[2025-04-18T02:02:10.869+0000] {cursor.py:1028} INFO - query: [MERGE INTO MBTA_ALERTS AS target USING (SELECT '584862', 'Commuter Rail train se...]
[2025-04-18T02:02:13.586+0000] {cursor.py:1041} INFO - query execution done
[2025-04-18T02:02:13.587+0000] {cursor.py:1028} INFO - query: [MERGE INTO MBTA_ALERTS AS target USING (SELECT '584862', 'Commuter Rail train se...]
[2025-04-18T02:02:16.351+0000] {cursor.py:1041} INFO - query execution done
[2025-04-18T02:02:16.364+0000] {cursor.py:1028} INFO - query: [MERGE INTO MBTA_ALERTS AS target USING (SELECT '584862', 'Commuter Rail train se...]
[2025-04-18T02:02:19.277+0000] {cursor.py:1041} INFO - query execution done
[2025-04-18T02:02:19.283+0000] {cursor.py:1028} INFO - query: [MERGE INTO MBTA_ALERTS AS target USING (SELECT '584862', 'Commuter Rail train se...]
[2025-04-18T02:02:21.926+0000] {cursor.py:1041} INFO - query execution done
[2025-04-18T02:02:21.929+0000] {cursor.py:1028} INFO - query: [MERGE INTO MBTA_ALERTS AS target USING (SELECT '584862', 'Commuter Rail train se...]
[2025-04-18T02:02:24.192+0000] {local_task_job_runner.py:121} ERROR - Received SIGTERM. Terminating subprocesses
[2025-04-18T02:02:24.491+0000] {process_utils.py:131} INFO - Sending 15 to group 323. PIDs of all processes in the group: [323]
[2025-04-18T02:02:24.514+0000] {process_utils.py:86} INFO - Sending the signal 15 to group 323
[2025-04-18T02:02:24.532+0000] {taskinstance.py:2450} ERROR - Received SIGTERM. Terminating subprocesses.
[2025-04-18T02:02:24.607+0000] {mbta_kafka_consumer.py:212} ERROR - ❌ Error processing topic mbta_alerts: Task received SIGTERM signal
