[2025-04-21T05:21:01.066+0000] {taskinstance.py:1956} INFO - Dependencies all met for dep_context=non-requeueable deps ti=<TaskInstance: mbta_ingestion_dag.load_to_snowflake manual__2025-04-21T04:56:21.859404+00:00 [queued]>
[2025-04-21T05:21:01.104+0000] {taskinstance.py:1956} INFO - Dependencies all met for dep_context=requeueable deps ti=<TaskInstance: mbta_ingestion_dag.load_to_snowflake manual__2025-04-21T04:56:21.859404+00:00 [queued]>
[2025-04-21T05:21:01.116+0000] {taskinstance.py:2170} INFO - Starting attempt 5 of 2
[2025-04-21T05:21:01.290+0000] {taskinstance.py:2191} INFO - Executing <Task(PythonOperator): load_to_snowflake> on 2025-04-21 04:56:21.859404+00:00
[2025-04-21T05:21:01.305+0000] {standard_task_runner.py:60} INFO - Started process 254 to run task
[2025-04-21T05:21:01.316+0000] {standard_task_runner.py:87} INFO - Running: ['***', 'tasks', 'run', 'mbta_ingestion_dag', 'load_to_snowflake', 'manual__2025-04-21T04:56:21.859404+00:00', '--job-id', '69', '--raw', '--subdir', 'DAGS_FOLDER/mbta_ingestion_dag.py', '--cfg-path', '/tmp/tmpm0tkdxzr']
[2025-04-21T05:21:01.327+0000] {standard_task_runner.py:88} INFO - Job 69: Subtask load_to_snowflake
[2025-04-21T05:21:01.649+0000] {logging_mixin.py:188} WARNING - /home/***/.local/lib/python3.9/site-packages/***/settings.py:194 DeprecationWarning: The sql_alchemy_conn option in [core] has been moved to the sql_alchemy_conn option in [database] - the old setting has been used, but please update your config.
[2025-04-21T05:21:01.930+0000] {task_command.py:423} INFO - Running <TaskInstance: mbta_ingestion_dag.load_to_snowflake manual__2025-04-21T04:56:21.859404+00:00 [running]> on host a3478556be4b
[2025-04-21T05:21:02.366+0000] {taskinstance.py:2480} INFO - Exporting env vars: AIRFLOW_CTX_DAG_OWNER='***' AIRFLOW_CTX_DAG_ID='mbta_ingestion_dag' AIRFLOW_CTX_TASK_ID='load_to_snowflake' AIRFLOW_CTX_EXECUTION_DATE='2025-04-21T04:56:21.859404+00:00' AIRFLOW_CTX_TRY_NUMBER='5' AIRFLOW_CTX_DAG_RUN_ID='manual__2025-04-21T04:56:21.859404+00:00'
[2025-04-21T05:21:02.374+0000] {mbta_ingestion_dag.py:35} INFO - 🚀 Launching Kafka consumer to process and load data into Snowflake...
[2025-04-21T05:21:02.376+0000] {connection.py:370} INFO - Snowflake Connector for Python Version: 3.6.0, Python Version: 3.9.18, Platform: Linux-6.10.14-linuxkit-aarch64-with-glibc2.36
[2025-04-21T05:21:02.379+0000] {connection.py:1171} INFO - This connection is in OCSP Fail Open Mode. TLS Certificates would be checked for validity and revocation status. Any other Certificate Revocation related exceptions or OCSP Responder failures would be disregarded in favor of connectivity.
[2025-04-21T05:21:03.299+0000] {mbta_kafka_consumer.py:45} INFO - ✅ Connected to Snowflake successfully.
[2025-04-21T05:21:03.301+0000] {mbta_kafka_consumer.py:219} INFO - 🚀 Starting MBTA Kafka Consumer...
[2025-04-21T05:21:03.308+0000] {conn.py:395} INFO - <BrokerConnection client_id=kafka-python-2.1.5, node_id=bootstrap-0 host=kafka:9092 <connecting> [IPv4 ('172.18.0.4', 9092)]>: connecting to kafka:9092 [('172.18.0.4', 9092) IPv4]
[2025-04-21T05:21:03.758+0000] {conn.py:615} INFO - <BrokerConnection client_id=kafka-python-2.1.5, node_id=bootstrap-0 host=kafka:9092 <checking_api_versions_recv> [IPv4 ('172.18.0.4', 9092)]>: Broker version identified as 2.6
[2025-04-21T05:21:03.763+0000] {conn.py:456} INFO - <BrokerConnection client_id=kafka-python-2.1.5, node_id=bootstrap-0 host=kafka:9092 <connected> [IPv4 ('172.18.0.4', 9092)]>: Connection complete.
[2025-04-21T05:21:03.767+0000] {consumer.py:119} WARNING - group_id is None: disabling auto-commit.
[2025-04-21T05:21:03.768+0000] {subscription_state.py:182} INFO - Updating subscribed topics to: ('mbta_alerts', 'mbta_routes', 'mbta_stops', 'mbta_vehicles', 'mbta_predictions')
[2025-04-21T05:21:03.915+0000] {subscription_state.py:254} INFO - Updated partition assignment: [('mbta_vehicles', 0), ('mbta_alerts', 0), ('mbta_routes', 0), ('mbta_stops', 0), ('mbta_predictions', 0)]
[2025-04-21T05:21:03.918+0000] {conn.py:395} INFO - <BrokerConnection client_id=kafka-python-2.1.5, node_id=1 host=kafka:9092 <connecting> [IPv4 ('172.18.0.4', 9092)]>: connecting to kafka:9092 [('172.18.0.4', 9092) IPv4]
[2025-04-21T05:21:03.922+0000] {conn.py:456} INFO - <BrokerConnection client_id=kafka-python-2.1.5, node_id=1 host=kafka:9092 <connected> [IPv4 ('172.18.0.4', 9092)]>: Connection complete.
[2025-04-21T05:21:03.923+0000] {conn.py:936} INFO - <BrokerConnection client_id=kafka-python-2.1.5, node_id=bootstrap-0 host=kafka:9092 <connected> [IPv4 ('172.18.0.4', 9092)]>: Closing connection. 
[2025-04-21T05:21:06.049+0000] {mbta_kafka_consumer.py:233} INFO - 📥 Received 10 records from topic: mbta_predictions
[2025-04-21T05:21:06.217+0000] {mbta_kafka_consumer.py:56} INFO - 🔍 Sample data for MBTA_PREDICTIONS:
[2025-04-21T05:21:06.231+0000] {mbta_kafka_consumer.py:57} INFO - 
                               PREDICTION_ID  ...                 CREATED_AT
0           prediction-68172531-70079-90-Red  ... 2025-04-21 05:21:06.053725
1          prediction-68172382-70080-130-Red  ... 2025-04-21 05:21:06.053760
2          prediction-68172383-70080-130-Red  ... 2025-04-21 05:21:06.053769
3          prediction-68172384-70080-130-Red  ... 2025-04-21 05:21:06.053773
4  prediction-ADDED-1582318077-70080-130-Red  ... 2025-04-21 05:21:06.053782

[5 rows x 9 columns]
[2025-04-21T05:21:06.594+0000] {cursor.py:1028} INFO - query: [SELECT * FROM MBTA_PREDICTIONS WHERE PREDICTION_ID IN ('prediction-68172531-7007...]
[2025-04-21T05:21:06.911+0000] {cursor.py:1041} INFO - query execution done
[2025-04-21T05:21:06.923+0000] {cursor.py:1205} INFO - Number of results in first chunk: 10
[2025-04-21T05:21:09.886+0000] {mbta_kafka_consumer.py:104} INFO - 🔁 10 new/updated records out of 10 incoming records (some may be duplicate VEHICLE_IDs) for MBTA_PREDICTIONS
[2025-04-21T05:21:09.901+0000] {cursor.py:1028} INFO - query: [MERGE INTO MBTA_PREDICTIONS AS target USING (SELECT 'prediction-68172531-70079-9...]
[2025-04-21T05:21:10.508+0000] {cursor.py:1041} INFO - query execution done
[2025-04-21T05:21:10.526+0000] {cursor.py:1028} INFO - query: [MERGE INTO MBTA_PREDICTIONS AS target USING (SELECT 'prediction-68172382-70080-1...]
[2025-04-21T05:21:11.118+0000] {cursor.py:1041} INFO - query execution done
[2025-04-21T05:21:11.130+0000] {cursor.py:1028} INFO - query: [MERGE INTO MBTA_PREDICTIONS AS target USING (SELECT 'prediction-68172383-70080-1...]
[2025-04-21T05:21:11.743+0000] {cursor.py:1041} INFO - query execution done
[2025-04-21T05:21:11.746+0000] {cursor.py:1028} INFO - query: [MERGE INTO MBTA_PREDICTIONS AS target USING (SELECT 'prediction-68172384-70080-1...]
[2025-04-21T05:21:12.235+0000] {cursor.py:1041} INFO - query execution done
[2025-04-21T05:21:12.238+0000] {cursor.py:1028} INFO - query: [MERGE INTO MBTA_PREDICTIONS AS target USING (SELECT 'prediction-ADDED-1582318077...]
[2025-04-21T05:21:12.960+0000] {cursor.py:1041} INFO - query execution done
[2025-04-21T05:21:12.962+0000] {cursor.py:1028} INFO - query: [MERGE INTO MBTA_PREDICTIONS AS target USING (SELECT 'prediction-68172388-70079-9...]
[2025-04-21T05:21:13.416+0000] {cursor.py:1041} INFO - query execution done
[2025-04-21T05:21:13.420+0000] {cursor.py:1028} INFO - query: [MERGE INTO MBTA_PREDICTIONS AS target USING (SELECT 'prediction-ADDED-1582318041...]
[2025-04-21T05:21:13.933+0000] {cursor.py:1041} INFO - query execution done
[2025-04-21T05:21:13.937+0000] {cursor.py:1028} INFO - query: [MERGE INTO MBTA_PREDICTIONS AS target USING (SELECT 'prediction-ADDED-1582318079...]
[2025-04-21T05:21:14.432+0000] {cursor.py:1041} INFO - query execution done
[2025-04-21T05:21:14.437+0000] {cursor.py:1028} INFO - query: [MERGE INTO MBTA_PREDICTIONS AS target USING (SELECT 'prediction-68172387-70080-1...]
[2025-04-21T05:21:14.929+0000] {cursor.py:1041} INFO - query execution done
[2025-04-21T05:21:14.931+0000] {cursor.py:1028} INFO - query: [MERGE INTO MBTA_PREDICTIONS AS target USING (SELECT 'prediction-ADDED-1582318044...]
[2025-04-21T05:21:15.436+0000] {cursor.py:1041} INFO - query execution done
[2025-04-21T05:21:15.437+0000] {cursor.py:1028} INFO - query: [COMMIT]
[2025-04-21T05:21:15.562+0000] {cursor.py:1041} INFO - query execution done
[2025-04-21T05:21:15.564+0000] {cursor.py:1205} INFO - Number of results in first chunk: 1
[2025-04-21T05:21:15.565+0000] {mbta_kafka_consumer.py:139} INFO - ✅ Merged 10 new/changed records into Snowflake table: MBTA_PREDICTIONS in 8.98 seconds
[2025-04-21T05:21:15.567+0000] {mbta_kafka_consumer.py:233} INFO - 📥 Received 1 records from topic: mbta_predictions
[2025-04-21T05:21:15.596+0000] {mbta_kafka_consumer.py:56} INFO - 🔍 Sample data for MBTA_PREDICTIONS:
[2025-04-21T05:21:15.597+0000] {mbta_kafka_consumer.py:57} INFO - 
                              PREDICTION_ID  ...                 CREATED_AT
0  prediction-ADDED-1582318044-70079-90-Red  ... 2025-04-21 05:21:15.568618

[1 rows x 9 columns]
[2025-04-21T05:21:15.618+0000] {cursor.py:1028} INFO - query: [SELECT * FROM MBTA_PREDICTIONS WHERE PREDICTION_ID IN ('prediction-ADDED-1582318...]
[2025-04-21T05:21:15.848+0000] {cursor.py:1041} INFO - query execution done
[2025-04-21T05:21:15.849+0000] {cursor.py:1205} INFO - Number of results in first chunk: 1
[2025-04-21T05:21:15.865+0000] {mbta_kafka_consumer.py:104} INFO - 🔁 1 new/updated records out of 1 incoming records (some may be duplicate VEHICLE_IDs) for MBTA_PREDICTIONS
[2025-04-21T05:21:15.865+0000] {cursor.py:1028} INFO - query: [MERGE INTO MBTA_PREDICTIONS AS target USING (SELECT 'prediction-ADDED-1582318044...]
[2025-04-21T05:21:16.479+0000] {cursor.py:1041} INFO - query execution done
[2025-04-21T05:21:16.485+0000] {cursor.py:1028} INFO - query: [COMMIT]
[2025-04-21T05:21:16.665+0000] {cursor.py:1041} INFO - query execution done
[2025-04-21T05:21:16.669+0000] {cursor.py:1205} INFO - Number of results in first chunk: 1
[2025-04-21T05:21:16.673+0000] {mbta_kafka_consumer.py:139} INFO - ✅ Merged 1 new/changed records into Snowflake table: MBTA_PREDICTIONS in 1.05 seconds
[2025-04-21T05:21:16.681+0000] {mbta_kafka_consumer.py:233} INFO - 📥 Received 1 records from topic: mbta_predictions
[2025-04-21T05:21:16.721+0000] {mbta_kafka_consumer.py:56} INFO - 🔍 Sample data for MBTA_PREDICTIONS:
[2025-04-21T05:21:16.724+0000] {mbta_kafka_consumer.py:57} INFO - 
                              PREDICTION_ID  ...                 CREATED_AT
0  prediction-ADDED-1582318044-70079-90-Red  ... 2025-04-21 05:21:16.687081

[1 rows x 9 columns]
[2025-04-21T05:21:16.751+0000] {cursor.py:1028} INFO - query: [SELECT * FROM MBTA_PREDICTIONS WHERE PREDICTION_ID IN ('prediction-ADDED-1582318...]
[2025-04-21T05:21:16.973+0000] {cursor.py:1041} INFO - query execution done
[2025-04-21T05:21:16.974+0000] {cursor.py:1205} INFO - Number of results in first chunk: 1
[2025-04-21T05:21:17.004+0000] {mbta_kafka_consumer.py:104} INFO - 🔁 1 new/updated records out of 1 incoming records (some may be duplicate VEHICLE_IDs) for MBTA_PREDICTIONS
[2025-04-21T05:21:17.006+0000] {cursor.py:1028} INFO - query: [MERGE INTO MBTA_PREDICTIONS AS target USING (SELECT 'prediction-ADDED-1582318044...]
[2025-04-21T05:21:17.507+0000] {cursor.py:1041} INFO - query execution done
[2025-04-21T05:21:17.515+0000] {cursor.py:1028} INFO - query: [COMMIT]
[2025-04-21T05:21:17.733+0000] {cursor.py:1041} INFO - query execution done
[2025-04-21T05:21:17.734+0000] {cursor.py:1205} INFO - Number of results in first chunk: 1
[2025-04-21T05:21:17.734+0000] {mbta_kafka_consumer.py:139} INFO - ✅ Merged 1 new/changed records into Snowflake table: MBTA_PREDICTIONS in 0.98 seconds
[2025-04-21T05:21:17.735+0000] {mbta_kafka_consumer.py:233} INFO - 📥 Received 1 records from topic: mbta_predictions
[2025-04-21T05:21:17.740+0000] {mbta_kafka_consumer.py:56} INFO - 🔍 Sample data for MBTA_PREDICTIONS:
[2025-04-21T05:21:17.741+0000] {mbta_kafka_consumer.py:57} INFO - 
                              PREDICTION_ID  ...                 CREATED_AT
0  prediction-ADDED-1582318044-70079-90-Red  ... 2025-04-21 05:21:17.735440

[1 rows x 9 columns]
[2025-04-21T05:21:17.753+0000] {cursor.py:1028} INFO - query: [SELECT * FROM MBTA_PREDICTIONS WHERE PREDICTION_ID IN ('prediction-ADDED-1582318...]
[2025-04-21T05:21:17.964+0000] {cursor.py:1041} INFO - query execution done
[2025-04-21T05:21:17.966+0000] {cursor.py:1205} INFO - Number of results in first chunk: 1
[2025-04-21T05:21:17.973+0000] {mbta_kafka_consumer.py:104} INFO - 🔁 1 new/updated records out of 1 incoming records (some may be duplicate VEHICLE_IDs) for MBTA_PREDICTIONS
[2025-04-21T05:21:17.974+0000] {cursor.py:1028} INFO - query: [MERGE INTO MBTA_PREDICTIONS AS target USING (SELECT 'prediction-ADDED-1582318044...]
[2025-04-21T05:21:18.446+0000] {cursor.py:1041} INFO - query execution done
[2025-04-21T05:21:18.446+0000] {cursor.py:1028} INFO - query: [COMMIT]
[2025-04-21T05:21:18.696+0000] {cursor.py:1041} INFO - query execution done
[2025-04-21T05:21:18.697+0000] {cursor.py:1205} INFO - Number of results in first chunk: 1
[2025-04-21T05:21:18.697+0000] {mbta_kafka_consumer.py:139} INFO - ✅ Merged 1 new/changed records into Snowflake table: MBTA_PREDICTIONS in 0.95 seconds
[2025-04-21T05:21:18.698+0000] {mbta_kafka_consumer.py:233} INFO - 📥 Received 1 records from topic: mbta_predictions
[2025-04-21T05:21:18.701+0000] {mbta_kafka_consumer.py:56} INFO - 🔍 Sample data for MBTA_PREDICTIONS:
[2025-04-21T05:21:18.702+0000] {mbta_kafka_consumer.py:57} INFO - 
                              PREDICTION_ID  ...                 CREATED_AT
0  prediction-ADDED-1582318044-70079-90-Red  ... 2025-04-21 05:21:18.698484

[1 rows x 9 columns]
[2025-04-21T05:21:18.707+0000] {cursor.py:1028} INFO - query: [SELECT * FROM MBTA_PREDICTIONS WHERE PREDICTION_ID IN ('prediction-ADDED-1582318...]
[2025-04-21T05:21:18.912+0000] {cursor.py:1041} INFO - query execution done
[2025-04-21T05:21:18.913+0000] {cursor.py:1205} INFO - Number of results in first chunk: 1
[2025-04-21T05:21:18.926+0000] {mbta_kafka_consumer.py:104} INFO - 🔁 1 new/updated records out of 1 incoming records (some may be duplicate VEHICLE_IDs) for MBTA_PREDICTIONS
[2025-04-21T05:21:18.926+0000] {cursor.py:1028} INFO - query: [MERGE INTO MBTA_PREDICTIONS AS target USING (SELECT 'prediction-ADDED-1582318044...]
[2025-04-21T05:21:19.913+0000] {cursor.py:1041} INFO - query execution done
[2025-04-21T05:21:19.917+0000] {cursor.py:1028} INFO - query: [COMMIT]
[2025-04-21T05:21:20.048+0000] {cursor.py:1041} INFO - query execution done
[2025-04-21T05:21:20.048+0000] {cursor.py:1205} INFO - Number of results in first chunk: 1
[2025-04-21T05:21:20.049+0000] {mbta_kafka_consumer.py:139} INFO - ✅ Merged 1 new/changed records into Snowflake table: MBTA_PREDICTIONS in 1.34 seconds
[2025-04-21T05:21:20.050+0000] {mbta_kafka_consumer.py:233} INFO - 📥 Received 1 records from topic: mbta_predictions
[2025-04-21T05:21:20.066+0000] {mbta_kafka_consumer.py:56} INFO - 🔍 Sample data for MBTA_PREDICTIONS:
[2025-04-21T05:21:20.069+0000] {mbta_kafka_consumer.py:57} INFO - 
                              PREDICTION_ID  ...                 CREATED_AT
0  prediction-ADDED-1582318044-70079-90-Red  ... 2025-04-21 05:21:20.051313

[1 rows x 9 columns]
[2025-04-21T05:21:20.103+0000] {cursor.py:1028} INFO - query: [SELECT * FROM MBTA_PREDICTIONS WHERE PREDICTION_ID IN ('prediction-ADDED-1582318...]
[2025-04-21T05:21:20.646+0000] {cursor.py:1041} INFO - query execution done
[2025-04-21T05:21:20.648+0000] {cursor.py:1205} INFO - Number of results in first chunk: 1
[2025-04-21T05:21:20.663+0000] {mbta_kafka_consumer.py:104} INFO - 🔁 1 new/updated records out of 1 incoming records (some may be duplicate VEHICLE_IDs) for MBTA_PREDICTIONS
[2025-04-21T05:21:20.664+0000] {cursor.py:1028} INFO - query: [MERGE INTO MBTA_PREDICTIONS AS target USING (SELECT 'prediction-ADDED-1582318044...]
[2025-04-21T05:21:22.867+0000] {cursor.py:1041} INFO - query execution done
[2025-04-21T05:21:22.870+0000] {cursor.py:1028} INFO - query: [COMMIT]
[2025-04-21T05:21:23.102+0000] {cursor.py:1041} INFO - query execution done
[2025-04-21T05:21:23.102+0000] {cursor.py:1205} INFO - Number of results in first chunk: 1
[2025-04-21T05:21:23.103+0000] {mbta_kafka_consumer.py:139} INFO - ✅ Merged 1 new/changed records into Snowflake table: MBTA_PREDICTIONS in 3.00 seconds
[2025-04-21T05:21:23.106+0000] {mbta_kafka_consumer.py:233} INFO - 📥 Received 1 records from topic: mbta_predictions
[2025-04-21T05:21:23.158+0000] {mbta_kafka_consumer.py:56} INFO - 🔍 Sample data for MBTA_PREDICTIONS:
[2025-04-21T05:21:23.159+0000] {mbta_kafka_consumer.py:57} INFO - 
                              PREDICTION_ID  ...                 CREATED_AT
0  prediction-ADDED-1582318044-70079-90-Red  ... 2025-04-21 05:21:23.107233

[1 rows x 9 columns]
[2025-04-21T05:21:23.179+0000] {cursor.py:1028} INFO - query: [SELECT * FROM MBTA_PREDICTIONS WHERE PREDICTION_ID IN ('prediction-ADDED-1582318...]
[2025-04-21T05:21:23.345+0000] {cursor.py:1041} INFO - query execution done
[2025-04-21T05:21:23.346+0000] {cursor.py:1205} INFO - Number of results in first chunk: 1
[2025-04-21T05:21:23.365+0000] {mbta_kafka_consumer.py:104} INFO - 🔁 1 new/updated records out of 1 incoming records (some may be duplicate VEHICLE_IDs) for MBTA_PREDICTIONS
[2025-04-21T05:21:23.365+0000] {cursor.py:1028} INFO - query: [MERGE INTO MBTA_PREDICTIONS AS target USING (SELECT 'prediction-ADDED-1582318044...]
[2025-04-21T05:21:25.002+0000] {cursor.py:1041} INFO - query execution done
[2025-04-21T05:21:25.007+0000] {cursor.py:1028} INFO - query: [COMMIT]
[2025-04-21T05:21:25.146+0000] {cursor.py:1041} INFO - query execution done
[2025-04-21T05:21:25.147+0000] {cursor.py:1205} INFO - Number of results in first chunk: 1
[2025-04-21T05:21:25.148+0000] {mbta_kafka_consumer.py:139} INFO - ✅ Merged 1 new/changed records into Snowflake table: MBTA_PREDICTIONS in 1.97 seconds
[2025-04-21T05:21:25.150+0000] {mbta_kafka_consumer.py:233} INFO - 📥 Received 1 records from topic: mbta_predictions
[2025-04-21T05:21:25.165+0000] {mbta_kafka_consumer.py:56} INFO - 🔍 Sample data for MBTA_PREDICTIONS:
[2025-04-21T05:21:25.165+0000] {mbta_kafka_consumer.py:57} INFO - 
                              PREDICTION_ID  ...                 CREATED_AT
0  prediction-ADDED-1582318044-70079-90-Red  ... 2025-04-21 05:21:25.150680

[1 rows x 9 columns]
[2025-04-21T05:21:25.173+0000] {cursor.py:1028} INFO - query: [SELECT * FROM MBTA_PREDICTIONS WHERE PREDICTION_ID IN ('prediction-ADDED-1582318...]
[2025-04-21T05:21:25.397+0000] {cursor.py:1041} INFO - query execution done
[2025-04-21T05:21:25.398+0000] {cursor.py:1205} INFO - Number of results in first chunk: 1
[2025-04-21T05:21:25.405+0000] {mbta_kafka_consumer.py:104} INFO - 🔁 1 new/updated records out of 1 incoming records (some may be duplicate VEHICLE_IDs) for MBTA_PREDICTIONS
[2025-04-21T05:21:25.406+0000] {cursor.py:1028} INFO - query: [MERGE INTO MBTA_PREDICTIONS AS target USING (SELECT 'prediction-ADDED-1582318044...]
[2025-04-21T05:21:27.088+0000] {cursor.py:1041} INFO - query execution done
[2025-04-21T05:21:27.094+0000] {cursor.py:1028} INFO - query: [COMMIT]
[2025-04-21T05:21:27.236+0000] {cursor.py:1041} INFO - query execution done
[2025-04-21T05:21:27.237+0000] {cursor.py:1205} INFO - Number of results in first chunk: 1
[2025-04-21T05:21:27.237+0000] {mbta_kafka_consumer.py:139} INFO - ✅ Merged 1 new/changed records into Snowflake table: MBTA_PREDICTIONS in 2.06 seconds
[2025-04-21T05:21:27.239+0000] {mbta_kafka_consumer.py:233} INFO - 📥 Received 1 records from topic: mbta_predictions
[2025-04-21T05:21:27.250+0000] {mbta_kafka_consumer.py:56} INFO - 🔍 Sample data for MBTA_PREDICTIONS:
[2025-04-21T05:21:27.250+0000] {mbta_kafka_consumer.py:57} INFO - 
                              PREDICTION_ID  ...                 CREATED_AT
0  prediction-ADDED-1582318044-70079-90-Red  ... 2025-04-21 05:21:27.239795

[1 rows x 9 columns]
[2025-04-21T05:21:27.258+0000] {cursor.py:1028} INFO - query: [SELECT * FROM MBTA_PREDICTIONS WHERE PREDICTION_ID IN ('prediction-ADDED-1582318...]
[2025-04-21T05:21:27.455+0000] {cursor.py:1041} INFO - query execution done
[2025-04-21T05:21:27.456+0000] {cursor.py:1205} INFO - Number of results in first chunk: 1
[2025-04-21T05:21:27.475+0000] {mbta_kafka_consumer.py:104} INFO - 🔁 1 new/updated records out of 1 incoming records (some may be duplicate VEHICLE_IDs) for MBTA_PREDICTIONS
[2025-04-21T05:21:27.475+0000] {cursor.py:1028} INFO - query: [MERGE INTO MBTA_PREDICTIONS AS target USING (SELECT 'prediction-ADDED-1582318044...]
[2025-04-21T05:21:29.332+0000] {local_task_job_runner.py:121} ERROR - Received SIGTERM. Terminating subprocesses
[2025-04-21T05:21:29.846+0000] {process_utils.py:131} INFO - Sending 15 to group 254. PIDs of all processes in the group: [254]
[2025-04-21T05:21:29.849+0000] {cursor.py:1041} INFO - query execution done
[2025-04-21T05:21:29.907+0000] {cursor.py:1028} INFO - query: [COMMIT]
[2025-04-21T05:21:29.901+0000] {process_utils.py:86} INFO - Sending the signal 15 to group 254
[2025-04-21T05:21:29.950+0000] {taskinstance.py:2450} ERROR - Received SIGTERM. Terminating subprocesses.
[2025-04-21T05:21:31.256+0000] {mbta_kafka_consumer.py:212} ERROR - ❌ Error processing topic mbta_predictions: Task received SIGTERM signal
[2025-04-21T05:21:31.570+0000] {mbta_kafka_consumer.py:233} INFO - 📥 Received 1 records from topic: mbta_predictions
[2025-04-21T05:21:31.666+0000] {mbta_kafka_consumer.py:56} INFO - 🔍 Sample data for MBTA_PREDICTIONS:
[2025-04-21T05:21:31.673+0000] {mbta_kafka_consumer.py:57} INFO - 
                              PREDICTION_ID  ...                 CREATED_AT
0  prediction-ADDED-1582318044-70079-90-Red  ... 2025-04-21 05:21:31.581506

[1 rows x 9 columns]
[2025-04-21T05:21:31.719+0000] {cursor.py:1028} INFO - query: [SELECT * FROM MBTA_PREDICTIONS WHERE PREDICTION_ID IN ('prediction-ADDED-1582318...]
[2025-04-21T05:21:36.098+0000] {cursor.py:1041} INFO - query execution done
[2025-04-21T05:21:36.122+0000] {cursor.py:1205} INFO - Number of results in first chunk: 1
[2025-04-21T05:21:36.206+0000] {mbta_kafka_consumer.py:104} INFO - 🔁 1 new/updated records out of 1 incoming records (some may be duplicate VEHICLE_IDs) for MBTA_PREDICTIONS
[2025-04-21T05:21:36.210+0000] {cursor.py:1028} INFO - query: [MERGE INTO MBTA_PREDICTIONS AS target USING (SELECT 'prediction-ADDED-1582318044...]
[2025-04-21T05:21:37.125+0000] {cursor.py:1041} INFO - query execution done
[2025-04-21T05:21:37.143+0000] {cursor.py:1028} INFO - query: [COMMIT]
[2025-04-21T05:21:37.300+0000] {cursor.py:1041} INFO - query execution done
[2025-04-21T05:21:37.302+0000] {cursor.py:1205} INFO - Number of results in first chunk: 1
[2025-04-21T05:21:37.307+0000] {mbta_kafka_consumer.py:139} INFO - ✅ Merged 1 new/changed records into Snowflake table: MBTA_PREDICTIONS in 5.59 seconds
[2025-04-21T05:21:37.308+0000] {mbta_kafka_consumer.py:233} INFO - 📥 Received 1 records from topic: mbta_predictions
[2025-04-21T05:21:37.359+0000] {mbta_kafka_consumer.py:56} INFO - 🔍 Sample data for MBTA_PREDICTIONS:
[2025-04-21T05:21:37.365+0000] {mbta_kafka_consumer.py:57} INFO - 
                              PREDICTION_ID  ...                 CREATED_AT
0  prediction-ADDED-1582318044-70079-90-Red  ... 2025-04-21 05:21:37.309798

[1 rows x 9 columns]
[2025-04-21T05:21:37.452+0000] {cursor.py:1028} INFO - query: [SELECT * FROM MBTA_PREDICTIONS WHERE PREDICTION_ID IN ('prediction-ADDED-1582318...]
[2025-04-21T05:21:37.627+0000] {cursor.py:1041} INFO - query execution done
[2025-04-21T05:21:37.629+0000] {cursor.py:1205} INFO - Number of results in first chunk: 1
[2025-04-21T05:21:37.664+0000] {mbta_kafka_consumer.py:104} INFO - 🔁 1 new/updated records out of 1 incoming records (some may be duplicate VEHICLE_IDs) for MBTA_PREDICTIONS
[2025-04-21T05:21:37.666+0000] {cursor.py:1028} INFO - query: [MERGE INTO MBTA_PREDICTIONS AS target USING (SELECT 'prediction-ADDED-1582318044...]
[2025-04-21T05:21:39.006+0000] {cursor.py:1041} INFO - query execution done
[2025-04-21T05:21:39.037+0000] {cursor.py:1028} INFO - query: [COMMIT]
[2025-04-21T05:21:39.212+0000] {cursor.py:1041} INFO - query execution done
[2025-04-21T05:21:39.216+0000] {cursor.py:1205} INFO - Number of results in first chunk: 1
[2025-04-21T05:21:39.219+0000] {mbta_kafka_consumer.py:139} INFO - ✅ Merged 1 new/changed records into Snowflake table: MBTA_PREDICTIONS in 1.77 seconds
[2025-04-21T05:21:39.225+0000] {mbta_kafka_consumer.py:233} INFO - 📥 Received 1 records from topic: mbta_predictions
[2025-04-21T05:21:39.314+0000] {mbta_kafka_consumer.py:56} INFO - 🔍 Sample data for MBTA_PREDICTIONS:
[2025-04-21T05:21:39.341+0000] {mbta_kafka_consumer.py:57} INFO - 
                              PREDICTION_ID  ...                 CREATED_AT
0  prediction-ADDED-1582318044-70079-90-Red  ... 2025-04-21 05:21:39.227695

[1 rows x 9 columns]
[2025-04-21T05:21:39.431+0000] {cursor.py:1028} INFO - query: [SELECT * FROM MBTA_PREDICTIONS WHERE PREDICTION_ID IN ('prediction-ADDED-1582318...]
