[2025-04-21T05:04:07.849+0000] {taskinstance.py:1956} INFO - Dependencies all met for dep_context=non-requeueable deps ti=<TaskInstance: mbta_ingestion_dag.load_to_snowflake manual__2025-04-21T04:56:21.859404+00:00 [queued]>
[2025-04-21T05:04:07.867+0000] {taskinstance.py:1956} INFO - Dependencies all met for dep_context=requeueable deps ti=<TaskInstance: mbta_ingestion_dag.load_to_snowflake manual__2025-04-21T04:56:21.859404+00:00 [queued]>
[2025-04-21T05:04:07.868+0000] {taskinstance.py:2170} INFO - Starting attempt 2 of 2
[2025-04-21T05:04:07.893+0000] {taskinstance.py:2191} INFO - Executing <Task(PythonOperator): load_to_snowflake> on 2025-04-21 04:56:21.859404+00:00
[2025-04-21T05:04:07.902+0000] {standard_task_runner.py:60} INFO - Started process 192 to run task
[2025-04-21T05:04:07.909+0000] {standard_task_runner.py:87} INFO - Running: ['***', 'tasks', 'run', 'mbta_ingestion_dag', 'load_to_snowflake', 'manual__2025-04-21T04:56:21.859404+00:00', '--job-id', '24', '--raw', '--subdir', 'DAGS_FOLDER/mbta_ingestion_dag.py', '--cfg-path', '/tmp/tmp0iwbm3sk']
[2025-04-21T05:04:07.917+0000] {standard_task_runner.py:88} INFO - Job 24: Subtask load_to_snowflake
[2025-04-21T05:04:07.983+0000] {task_command.py:423} INFO - Running <TaskInstance: mbta_ingestion_dag.load_to_snowflake manual__2025-04-21T04:56:21.859404+00:00 [running]> on host a6cc052dace1
[2025-04-21T05:04:08.083+0000] {taskinstance.py:2480} INFO - Exporting env vars: AIRFLOW_CTX_DAG_OWNER='***' AIRFLOW_CTX_DAG_ID='mbta_ingestion_dag' AIRFLOW_CTX_TASK_ID='load_to_snowflake' AIRFLOW_CTX_EXECUTION_DATE='2025-04-21T04:56:21.859404+00:00' AIRFLOW_CTX_TRY_NUMBER='2' AIRFLOW_CTX_DAG_RUN_ID='manual__2025-04-21T04:56:21.859404+00:00'
[2025-04-21T05:04:08.084+0000] {mbta_ingestion_dag.py:35} INFO - 🚀 Launching Kafka consumer to process and load data into Snowflake...
[2025-04-21T05:04:08.085+0000] {connection.py:370} INFO - Snowflake Connector for Python Version: 3.6.0, Python Version: 3.9.18, Platform: Linux-6.10.14-linuxkit-aarch64-with-glibc2.36
[2025-04-21T05:04:08.085+0000] {connection.py:1171} INFO - This connection is in OCSP Fail Open Mode. TLS Certificates would be checked for validity and revocation status. Any other Certificate Revocation related exceptions or OCSP Responder failures would be disregarded in favor of connectivity.
[2025-04-21T05:04:09.480+0000] {mbta_kafka_consumer.py:45} INFO - ✅ Connected to Snowflake successfully.
[2025-04-21T05:04:09.484+0000] {mbta_kafka_consumer.py:219} INFO - 🚀 Starting MBTA Kafka Consumer...
[2025-04-21T05:04:09.490+0000] {conn.py:395} INFO - <BrokerConnection client_id=kafka-python-2.1.5, node_id=bootstrap-0 host=kafka:9092 <connecting> [IPv4 ('172.18.0.4', 9092)]>: connecting to kafka:9092 [('172.18.0.4', 9092) IPv4]
[2025-04-21T05:04:09.503+0000] {conn.py:615} INFO - <BrokerConnection client_id=kafka-python-2.1.5, node_id=bootstrap-0 host=kafka:9092 <checking_api_versions_recv> [IPv4 ('172.18.0.4', 9092)]>: Broker version identified as 2.6
[2025-04-21T05:04:09.504+0000] {conn.py:456} INFO - <BrokerConnection client_id=kafka-python-2.1.5, node_id=bootstrap-0 host=kafka:9092 <connected> [IPv4 ('172.18.0.4', 9092)]>: Connection complete.
[2025-04-21T05:04:09.513+0000] {consumer.py:119} WARNING - group_id is None: disabling auto-commit.
[2025-04-21T05:04:09.514+0000] {subscription_state.py:182} INFO - Updating subscribed topics to: ('mbta_alerts', 'mbta_routes', 'mbta_stops', 'mbta_vehicles', 'mbta_predictions')
[2025-04-21T05:04:09.585+0000] {subscription_state.py:254} INFO - Updated partition assignment: [('mbta_vehicles', 0), ('mbta_stops', 0), ('mbta_predictions', 0), ('mbta_alerts', 0), ('mbta_routes', 0)]
[2025-04-21T05:04:09.588+0000] {conn.py:395} INFO - <BrokerConnection client_id=kafka-python-2.1.5, node_id=1 host=kafka:9092 <connecting> [IPv4 ('172.18.0.4', 9092)]>: connecting to kafka:9092 [('172.18.0.4', 9092) IPv4]
[2025-04-21T05:04:09.589+0000] {conn.py:456} INFO - <BrokerConnection client_id=kafka-python-2.1.5, node_id=1 host=kafka:9092 <connected> [IPv4 ('172.18.0.4', 9092)]>: Connection complete.
[2025-04-21T05:04:09.590+0000] {conn.py:936} INFO - <BrokerConnection client_id=kafka-python-2.1.5, node_id=bootstrap-0 host=kafka:9092 <connected> [IPv4 ('172.18.0.4', 9092)]>: Closing connection. 
[2025-04-21T05:04:11.431+0000] {mbta_kafka_consumer.py:233} INFO - 📥 Received 178 records from topic: mbta_routes
[2025-04-21T05:04:11.447+0000] {mbta_kafka_consumer.py:56} INFO - 🔍 Sample data for MBTA_ROUTES:
[2025-04-21T05:04:11.448+0000] {mbta_kafka_consumer.py:57} INFO - 
   ROUTE_ID        ROUTE_NAME  ...  ROUTE_COLOR                 CREATED_AT
0       Red          Red Line  ...       DA291C 2025-04-21 05:04:11.433975
1  Mattapan  Mattapan Trolley  ...       DA291C 2025-04-21 05:04:11.433978
2    Orange       Orange Line  ...       ED8B00 2025-04-21 05:04:11.433979
3   Green-B      Green Line B  ...       00843D 2025-04-21 05:04:11.433980
4   Green-C      Green Line C  ...       00843D 2025-04-21 05:04:11.433981

[5 rows x 5 columns]
[2025-04-21T05:04:11.473+0000] {cursor.py:1028} INFO - query: [SELECT * FROM MBTA_ROUTES WHERE ROUTE_ID IN ('Red','Mattapan','Orange','Green-B'...]
[2025-04-21T05:04:11.673+0000] {cursor.py:1041} INFO - query execution done
[2025-04-21T05:04:11.674+0000] {cursor.py:1205} INFO - Number of results in first chunk: 0
[2025-04-21T05:04:12.455+0000] {mbta_kafka_consumer.py:104} INFO - 🔁 0 new/updated records out of 178 incoming records (some may be duplicate VEHICLE_IDs) for MBTA_ROUTES
[2025-04-21T05:04:12.456+0000] {mbta_kafka_consumer.py:107} INFO - ✅ All 178 records already up-to-date in MBTA_ROUTES, no merge needed.
[2025-04-21T05:04:12.456+0000] {mbta_kafka_consumer.py:233} INFO - 📥 Received 178 records from topic: mbta_routes
[2025-04-21T05:04:12.460+0000] {mbta_kafka_consumer.py:56} INFO - 🔍 Sample data for MBTA_ROUTES:
[2025-04-21T05:04:12.461+0000] {mbta_kafka_consumer.py:57} INFO - 
   ROUTE_ID        ROUTE_NAME  ...  ROUTE_COLOR                 CREATED_AT
0       Red          Red Line  ...       DA291C 2025-04-21 05:04:12.457257
1  Mattapan  Mattapan Trolley  ...       DA291C 2025-04-21 05:04:12.457259
2    Orange       Orange Line  ...       ED8B00 2025-04-21 05:04:12.457263
3   Green-B      Green Line B  ...       00843D 2025-04-21 05:04:12.457268
4   Green-C      Green Line C  ...       00843D 2025-04-21 05:04:12.457271

[5 rows x 5 columns]
[2025-04-21T05:04:12.466+0000] {cursor.py:1028} INFO - query: [SELECT * FROM MBTA_ROUTES WHERE ROUTE_ID IN ('Red','Mattapan','Orange','Green-B'...]
[2025-04-21T05:04:12.658+0000] {cursor.py:1041} INFO - query execution done
[2025-04-21T05:04:12.659+0000] {cursor.py:1205} INFO - Number of results in first chunk: 0
[2025-04-21T05:04:12.895+0000] {mbta_kafka_consumer.py:104} INFO - 🔁 0 new/updated records out of 178 incoming records (some may be duplicate VEHICLE_IDs) for MBTA_ROUTES
[2025-04-21T05:04:12.895+0000] {mbta_kafka_consumer.py:107} INFO - ✅ All 178 records already up-to-date in MBTA_ROUTES, no merge needed.
[2025-04-21T05:04:12.896+0000] {mbta_kafka_consumer.py:233} INFO - 📥 Received 178 records from topic: mbta_routes
[2025-04-21T05:04:12.899+0000] {mbta_kafka_consumer.py:56} INFO - 🔍 Sample data for MBTA_ROUTES:
[2025-04-21T05:04:12.899+0000] {mbta_kafka_consumer.py:57} INFO - 
   ROUTE_ID        ROUTE_NAME  ...  ROUTE_COLOR                 CREATED_AT
0       Red          Red Line  ...       DA291C 2025-04-21 05:04:12.896514
1  Mattapan  Mattapan Trolley  ...       DA291C 2025-04-21 05:04:12.896520
2    Orange       Orange Line  ...       ED8B00 2025-04-21 05:04:12.896522
3   Green-B      Green Line B  ...       00843D 2025-04-21 05:04:12.896531
4   Green-C      Green Line C  ...       00843D 2025-04-21 05:04:12.896540

[5 rows x 5 columns]
[2025-04-21T05:04:12.902+0000] {cursor.py:1028} INFO - query: [SELECT * FROM MBTA_ROUTES WHERE ROUTE_ID IN ('Red','Mattapan','Orange','Green-B'...]
[2025-04-21T05:04:13.051+0000] {cursor.py:1041} INFO - query execution done
[2025-04-21T05:04:13.051+0000] {cursor.py:1205} INFO - Number of results in first chunk: 0
[2025-04-21T05:04:13.234+0000] {mbta_kafka_consumer.py:104} INFO - 🔁 0 new/updated records out of 178 incoming records (some may be duplicate VEHICLE_IDs) for MBTA_ROUTES
[2025-04-21T05:04:13.235+0000] {mbta_kafka_consumer.py:107} INFO - ✅ All 178 records already up-to-date in MBTA_ROUTES, no merge needed.
[2025-04-21T05:04:13.235+0000] {mbta_kafka_consumer.py:233} INFO - 📥 Received 178 records from topic: mbta_routes
[2025-04-21T05:04:13.239+0000] {mbta_kafka_consumer.py:56} INFO - 🔍 Sample data for MBTA_ROUTES:
[2025-04-21T05:04:13.240+0000] {mbta_kafka_consumer.py:57} INFO - 
   ROUTE_ID        ROUTE_NAME  ...  ROUTE_COLOR                 CREATED_AT
0       Red          Red Line  ...       DA291C 2025-04-21 05:04:13.235759
1  Mattapan  Mattapan Trolley  ...       DA291C 2025-04-21 05:04:13.235761
2    Orange       Orange Line  ...       ED8B00 2025-04-21 05:04:13.235762
3   Green-B      Green Line B  ...       00843D 2025-04-21 05:04:13.235763
4   Green-C      Green Line C  ...       00843D 2025-04-21 05:04:13.235764

[5 rows x 5 columns]
[2025-04-21T05:04:13.243+0000] {cursor.py:1028} INFO - query: [SELECT * FROM MBTA_ROUTES WHERE ROUTE_ID IN ('Red','Mattapan','Orange','Green-B'...]
[2025-04-21T05:04:13.410+0000] {cursor.py:1041} INFO - query execution done
[2025-04-21T05:04:13.410+0000] {cursor.py:1205} INFO - Number of results in first chunk: 0
[2025-04-21T05:04:13.613+0000] {mbta_kafka_consumer.py:104} INFO - 🔁 0 new/updated records out of 178 incoming records (some may be duplicate VEHICLE_IDs) for MBTA_ROUTES
[2025-04-21T05:04:13.614+0000] {mbta_kafka_consumer.py:107} INFO - ✅ All 178 records already up-to-date in MBTA_ROUTES, no merge needed.
[2025-04-21T05:04:13.614+0000] {mbta_kafka_consumer.py:233} INFO - 📥 Received 178 records from topic: mbta_routes
[2025-04-21T05:04:13.617+0000] {mbta_kafka_consumer.py:56} INFO - 🔍 Sample data for MBTA_ROUTES:
[2025-04-21T05:04:13.618+0000] {mbta_kafka_consumer.py:57} INFO - 
   ROUTE_ID        ROUTE_NAME  ...  ROUTE_COLOR                 CREATED_AT
0       Red          Red Line  ...       DA291C 2025-04-21 05:04:13.614962
1  Mattapan  Mattapan Trolley  ...       DA291C 2025-04-21 05:04:13.614976
2    Orange       Orange Line  ...       ED8B00 2025-04-21 05:04:13.614976
3   Green-B      Green Line B  ...       00843D 2025-04-21 05:04:13.614977
4   Green-C      Green Line C  ...       00843D 2025-04-21 05:04:13.614977

[5 rows x 5 columns]
[2025-04-21T05:04:13.621+0000] {cursor.py:1028} INFO - query: [SELECT * FROM MBTA_ROUTES WHERE ROUTE_ID IN ('Red','Mattapan','Orange','Green-B'...]
[2025-04-21T05:04:13.764+0000] {cursor.py:1041} INFO - query execution done
[2025-04-21T05:04:13.765+0000] {cursor.py:1205} INFO - Number of results in first chunk: 0
[2025-04-21T05:04:13.970+0000] {mbta_kafka_consumer.py:104} INFO - 🔁 0 new/updated records out of 178 incoming records (some may be duplicate VEHICLE_IDs) for MBTA_ROUTES
[2025-04-21T05:04:13.971+0000] {mbta_kafka_consumer.py:107} INFO - ✅ All 178 records already up-to-date in MBTA_ROUTES, no merge needed.
[2025-04-21T05:04:13.971+0000] {mbta_kafka_consumer.py:233} INFO - 📥 Received 178 records from topic: mbta_routes
[2025-04-21T05:04:13.976+0000] {mbta_kafka_consumer.py:56} INFO - 🔍 Sample data for MBTA_ROUTES:
[2025-04-21T05:04:13.977+0000] {mbta_kafka_consumer.py:57} INFO - 
   ROUTE_ID        ROUTE_NAME  ...  ROUTE_COLOR                 CREATED_AT
0       Red          Red Line  ...       DA291C 2025-04-21 05:04:13.971873
1  Mattapan  Mattapan Trolley  ...       DA291C 2025-04-21 05:04:13.971875
2    Orange       Orange Line  ...       ED8B00 2025-04-21 05:04:13.971876
3   Green-B      Green Line B  ...       00843D 2025-04-21 05:04:13.971876
4   Green-C      Green Line C  ...       00843D 2025-04-21 05:04:13.971881

[5 rows x 5 columns]
[2025-04-21T05:04:13.984+0000] {cursor.py:1028} INFO - query: [SELECT * FROM MBTA_ROUTES WHERE ROUTE_ID IN ('Red','Mattapan','Orange','Green-B'...]
[2025-04-21T05:04:14.132+0000] {cursor.py:1041} INFO - query execution done
[2025-04-21T05:04:14.132+0000] {cursor.py:1205} INFO - Number of results in first chunk: 0
[2025-04-21T05:04:14.332+0000] {mbta_kafka_consumer.py:104} INFO - 🔁 0 new/updated records out of 178 incoming records (some may be duplicate VEHICLE_IDs) for MBTA_ROUTES
[2025-04-21T05:04:14.333+0000] {mbta_kafka_consumer.py:107} INFO - ✅ All 178 records already up-to-date in MBTA_ROUTES, no merge needed.
[2025-04-21T05:04:14.333+0000] {mbta_kafka_consumer.py:233} INFO - 📥 Received 178 records from topic: mbta_routes
[2025-04-21T05:04:14.336+0000] {mbta_kafka_consumer.py:56} INFO - 🔍 Sample data for MBTA_ROUTES:
[2025-04-21T05:04:14.336+0000] {mbta_kafka_consumer.py:57} INFO - 
   ROUTE_ID        ROUTE_NAME  ...  ROUTE_COLOR                 CREATED_AT
0       Red          Red Line  ...       DA291C 2025-04-21 05:04:14.333711
1  Mattapan  Mattapan Trolley  ...       DA291C 2025-04-21 05:04:14.333713
2    Orange       Orange Line  ...       ED8B00 2025-04-21 05:04:14.333723
3   Green-B      Green Line B  ...       00843D 2025-04-21 05:04:14.333723
4   Green-C      Green Line C  ...       00843D 2025-04-21 05:04:14.333724

[5 rows x 5 columns]
[2025-04-21T05:04:14.340+0000] {cursor.py:1028} INFO - query: [SELECT * FROM MBTA_ROUTES WHERE ROUTE_ID IN ('Red','Mattapan','Orange','Green-B'...]
[2025-04-21T05:04:14.499+0000] {cursor.py:1041} INFO - query execution done
[2025-04-21T05:04:14.500+0000] {cursor.py:1205} INFO - Number of results in first chunk: 0
[2025-04-21T05:04:14.709+0000] {mbta_kafka_consumer.py:104} INFO - 🔁 0 new/updated records out of 178 incoming records (some may be duplicate VEHICLE_IDs) for MBTA_ROUTES
[2025-04-21T05:04:14.713+0000] {mbta_kafka_consumer.py:107} INFO - ✅ All 178 records already up-to-date in MBTA_ROUTES, no merge needed.
[2025-04-21T05:04:14.715+0000] {mbta_kafka_consumer.py:233} INFO - 📥 Received 178 records from topic: mbta_routes
[2025-04-21T05:04:14.719+0000] {mbta_kafka_consumer.py:56} INFO - 🔍 Sample data for MBTA_ROUTES:
[2025-04-21T05:04:14.719+0000] {mbta_kafka_consumer.py:57} INFO - 
   ROUTE_ID        ROUTE_NAME  ...  ROUTE_COLOR                 CREATED_AT
0       Red          Red Line  ...       DA291C 2025-04-21 05:04:14.715600
1  Mattapan  Mattapan Trolley  ...       DA291C 2025-04-21 05:04:14.715602
2    Orange       Orange Line  ...       ED8B00 2025-04-21 05:04:14.715603
3   Green-B      Green Line B  ...       00843D 2025-04-21 05:04:14.715614
4   Green-C      Green Line C  ...       00843D 2025-04-21 05:04:14.715615

[5 rows x 5 columns]
[2025-04-21T05:04:14.723+0000] {cursor.py:1028} INFO - query: [SELECT * FROM MBTA_ROUTES WHERE ROUTE_ID IN ('Red','Mattapan','Orange','Green-B'...]
[2025-04-21T05:04:14.901+0000] {cursor.py:1041} INFO - query execution done
[2025-04-21T05:04:14.902+0000] {cursor.py:1205} INFO - Number of results in first chunk: 0
[2025-04-21T05:04:15.078+0000] {mbta_kafka_consumer.py:104} INFO - 🔁 0 new/updated records out of 178 incoming records (some may be duplicate VEHICLE_IDs) for MBTA_ROUTES
[2025-04-21T05:04:15.079+0000] {mbta_kafka_consumer.py:107} INFO - ✅ All 178 records already up-to-date in MBTA_ROUTES, no merge needed.
[2025-04-21T05:04:15.079+0000] {mbta_kafka_consumer.py:233} INFO - 📥 Received 178 records from topic: mbta_routes
[2025-04-21T05:04:15.082+0000] {mbta_kafka_consumer.py:56} INFO - 🔍 Sample data for MBTA_ROUTES:
[2025-04-21T05:04:15.082+0000] {mbta_kafka_consumer.py:57} INFO - 
   ROUTE_ID        ROUTE_NAME  ...  ROUTE_COLOR                 CREATED_AT
0       Red          Red Line  ...       DA291C 2025-04-21 05:04:15.079546
1  Mattapan  Mattapan Trolley  ...       DA291C 2025-04-21 05:04:15.079548
2    Orange       Orange Line  ...       ED8B00 2025-04-21 05:04:15.079553
3   Green-B      Green Line B  ...       00843D 2025-04-21 05:04:15.079553
4   Green-C      Green Line C  ...       00843D 2025-04-21 05:04:15.079554

[5 rows x 5 columns]
[2025-04-21T05:04:15.085+0000] {cursor.py:1028} INFO - query: [SELECT * FROM MBTA_ROUTES WHERE ROUTE_ID IN ('Red','Mattapan','Orange','Green-B'...]
[2025-04-21T05:04:15.232+0000] {cursor.py:1041} INFO - query execution done
[2025-04-21T05:04:15.232+0000] {cursor.py:1205} INFO - Number of results in first chunk: 0
[2025-04-21T05:04:15.411+0000] {mbta_kafka_consumer.py:104} INFO - 🔁 0 new/updated records out of 178 incoming records (some may be duplicate VEHICLE_IDs) for MBTA_ROUTES
[2025-04-21T05:04:15.412+0000] {mbta_kafka_consumer.py:107} INFO - ✅ All 178 records already up-to-date in MBTA_ROUTES, no merge needed.
[2025-04-21T05:04:15.412+0000] {mbta_kafka_consumer.py:233} INFO - 📥 Received 178 records from topic: mbta_routes
[2025-04-21T05:04:15.415+0000] {mbta_kafka_consumer.py:56} INFO - 🔍 Sample data for MBTA_ROUTES:
[2025-04-21T05:04:15.415+0000] {mbta_kafka_consumer.py:57} INFO - 
   ROUTE_ID        ROUTE_NAME  ...  ROUTE_COLOR                 CREATED_AT
0       Red          Red Line  ...       DA291C 2025-04-21 05:04:15.412788
1  Mattapan  Mattapan Trolley  ...       DA291C 2025-04-21 05:04:15.412790
2    Orange       Orange Line  ...       ED8B00 2025-04-21 05:04:15.412791
3   Green-B      Green Line B  ...       00843D 2025-04-21 05:04:15.412791
4   Green-C      Green Line C  ...       00843D 2025-04-21 05:04:15.412799

[5 rows x 5 columns]
[2025-04-21T05:04:15.419+0000] {cursor.py:1028} INFO - query: [SELECT * FROM MBTA_ROUTES WHERE ROUTE_ID IN ('Red','Mattapan','Orange','Green-B'...]
[2025-04-21T05:04:15.574+0000] {cursor.py:1041} INFO - query execution done
[2025-04-21T05:04:15.574+0000] {cursor.py:1205} INFO - Number of results in first chunk: 0
[2025-04-21T05:04:15.919+0000] {mbta_kafka_consumer.py:104} INFO - 🔁 0 new/updated records out of 178 incoming records (some may be duplicate VEHICLE_IDs) for MBTA_ROUTES
[2025-04-21T05:04:15.919+0000] {mbta_kafka_consumer.py:107} INFO - ✅ All 178 records already up-to-date in MBTA_ROUTES, no merge needed.
[2025-04-21T05:04:15.920+0000] {mbta_kafka_consumer.py:233} INFO - 📥 Received 178 records from topic: mbta_routes
[2025-04-21T05:04:15.923+0000] {mbta_kafka_consumer.py:56} INFO - 🔍 Sample data for MBTA_ROUTES:
[2025-04-21T05:04:15.923+0000] {mbta_kafka_consumer.py:57} INFO - 
   ROUTE_ID        ROUTE_NAME  ...  ROUTE_COLOR                 CREATED_AT
0       Red          Red Line  ...       DA291C 2025-04-21 05:04:15.920598
1  Mattapan  Mattapan Trolley  ...       DA291C 2025-04-21 05:04:15.920600
2    Orange       Orange Line  ...       ED8B00 2025-04-21 05:04:15.920601
3   Green-B      Green Line B  ...       00843D 2025-04-21 05:04:15.920602
4   Green-C      Green Line C  ...       00843D 2025-04-21 05:04:15.920602

[5 rows x 5 columns]
[2025-04-21T05:04:15.928+0000] {cursor.py:1028} INFO - query: [SELECT * FROM MBTA_ROUTES WHERE ROUTE_ID IN ('Red','Mattapan','Orange','Green-B'...]
[2025-04-21T05:04:16.108+0000] {cursor.py:1041} INFO - query execution done
[2025-04-21T05:04:16.109+0000] {cursor.py:1205} INFO - Number of results in first chunk: 0
[2025-04-21T05:04:16.302+0000] {mbta_kafka_consumer.py:104} INFO - 🔁 0 new/updated records out of 178 incoming records (some may be duplicate VEHICLE_IDs) for MBTA_ROUTES
[2025-04-21T05:04:16.302+0000] {mbta_kafka_consumer.py:107} INFO - ✅ All 178 records already up-to-date in MBTA_ROUTES, no merge needed.
[2025-04-21T05:04:16.303+0000] {mbta_kafka_consumer.py:233} INFO - 📥 Received 1000 records from topic: mbta_stops
[2025-04-21T05:04:16.309+0000] {mbta_kafka_consumer.py:56} INFO - 🔍 Sample data for MBTA_STOPS:
[2025-04-21T05:04:16.310+0000] {mbta_kafka_consumer.py:57} INFO - 
          STOP_ID  ...                 CREATED_AT
0            5682  ... 2025-04-21 05:04:16.303222
1           50620  ... 2025-04-21 05:04:16.303224
2  node-417-lobby  ... 2025-04-21 05:04:16.303229
3            4042  ... 2025-04-21 05:04:16.303230
4          109822  ... 2025-04-21 05:04:16.303234

[5 rows x 5 columns]
[2025-04-21T05:04:16.314+0000] {cursor.py:1028} INFO - query: [SELECT * FROM MBTA_STOPS WHERE STOP_ID IN ('5682','50620','node-417-lobby','4042...]
[2025-04-21T05:04:16.471+0000] {cursor.py:1041} INFO - query execution done
[2025-04-21T05:04:16.471+0000] {cursor.py:1205} INFO - Number of results in first chunk: 0
[2025-04-21T05:04:16.870+0000] {mbta_kafka_consumer.py:104} INFO - 🔁 0 new/updated records out of 1000 incoming records (some may be duplicate VEHICLE_IDs) for MBTA_STOPS
[2025-04-21T05:04:16.871+0000] {mbta_kafka_consumer.py:107} INFO - ✅ All 1000 records already up-to-date in MBTA_STOPS, no merge needed.
[2025-04-21T05:04:16.871+0000] {mbta_kafka_consumer.py:233} INFO - 📥 Received 104 records from topic: mbta_alerts
[2025-04-21T05:04:16.875+0000] {mbta_kafka_consumer.py:56} INFO - 🔍 Sample data for MBTA_ALERTS:
[2025-04-21T05:04:16.875+0000] {mbta_kafka_consumer.py:57} INFO - 
  ALERT_ID  ...                 CREATED_AT
0   638240  ...  2025-04-16T10:52:04-04:00
1   638657  ...  2025-04-18T10:54:16-04:00
2   435698  ...  2022-03-15T10:13:31-04:00
3   634497  ...  2025-03-27T14:21:07-04:00
4   634495  ...  2025-03-27T14:18:44-04:00

[5 rows x 6 columns]
[2025-04-21T05:04:16.880+0000] {cursor.py:1028} INFO - query: [SELECT * FROM MBTA_ALERTS WHERE ALERT_ID IN ('638240','638657','435698','634497'...]
[2025-04-21T05:04:17.317+0000] {cursor.py:1041} INFO - query execution done
[2025-04-21T05:04:17.318+0000] {cursor.py:1205} INFO - Number of results in first chunk: 250
[2025-04-21T05:04:17.449+0000] {mbta_kafka_consumer.py:104} INFO - 🔁 0 new/updated records out of 104 incoming records (some may be duplicate VEHICLE_IDs) for MBTA_ALERTS
[2025-04-21T05:04:17.449+0000] {mbta_kafka_consumer.py:107} INFO - ✅ All 104 records already up-to-date in MBTA_ALERTS, no merge needed.
[2025-04-21T05:04:17.450+0000] {mbta_kafka_consumer.py:233} INFO - 📥 Received 103 records from topic: mbta_alerts
[2025-04-21T05:04:17.452+0000] {mbta_kafka_consumer.py:56} INFO - 🔍 Sample data for MBTA_ALERTS:
[2025-04-21T05:04:17.452+0000] {mbta_kafka_consumer.py:57} INFO - 
  ALERT_ID  ...                 CREATED_AT
0   638240  ...  2025-04-16T10:52:04-04:00
1   638657  ...  2025-04-18T10:54:16-04:00
2   435698  ...  2022-03-15T10:13:31-04:00
3   634497  ...  2025-03-27T14:21:07-04:00
4   634495  ...  2025-03-27T14:18:44-04:00

[5 rows x 6 columns]
[2025-04-21T05:04:17.455+0000] {cursor.py:1028} INFO - query: [SELECT * FROM MBTA_ALERTS WHERE ALERT_ID IN ('638240','638657','435698','634497'...]
[2025-04-21T05:04:17.882+0000] {cursor.py:1041} INFO - query execution done
[2025-04-21T05:04:17.883+0000] {cursor.py:1205} INFO - Number of results in first chunk: 249
[2025-04-21T05:04:18.057+0000] {mbta_kafka_consumer.py:104} INFO - 🔁 0 new/updated records out of 103 incoming records (some may be duplicate VEHICLE_IDs) for MBTA_ALERTS
[2025-04-21T05:04:18.058+0000] {mbta_kafka_consumer.py:107} INFO - ✅ All 103 records already up-to-date in MBTA_ALERTS, no merge needed.
[2025-04-21T05:04:18.059+0000] {mbta_kafka_consumer.py:233} INFO - 📥 Received 103 records from topic: mbta_alerts
[2025-04-21T05:04:18.066+0000] {mbta_kafka_consumer.py:56} INFO - 🔍 Sample data for MBTA_ALERTS:
[2025-04-21T05:04:18.067+0000] {mbta_kafka_consumer.py:57} INFO - 
  ALERT_ID  ...                 CREATED_AT
0   638240  ...  2025-04-16T10:52:04-04:00
1   638657  ...  2025-04-18T10:54:16-04:00
2   435698  ...  2022-03-15T10:13:31-04:00
3   634497  ...  2025-03-27T14:21:07-04:00
4   634495  ...  2025-03-27T14:18:44-04:00

[5 rows x 6 columns]
[2025-04-21T05:04:18.075+0000] {cursor.py:1028} INFO - query: [SELECT * FROM MBTA_ALERTS WHERE ALERT_ID IN ('638240','638657','435698','634497'...]
[2025-04-21T05:04:18.225+0000] {cursor.py:1041} INFO - query execution done
[2025-04-21T05:04:18.225+0000] {cursor.py:1205} INFO - Number of results in first chunk: 0
[2025-04-21T05:04:18.399+0000] {mbta_kafka_consumer.py:104} INFO - 🔁 0 new/updated records out of 103 incoming records (some may be duplicate VEHICLE_IDs) for MBTA_ALERTS
[2025-04-21T05:04:18.400+0000] {mbta_kafka_consumer.py:107} INFO - ✅ All 103 records already up-to-date in MBTA_ALERTS, no merge needed.
[2025-04-21T05:04:18.400+0000] {mbta_kafka_consumer.py:233} INFO - 📥 Received 10 records from topic: mbta_predictions
[2025-04-21T05:04:18.405+0000] {mbta_kafka_consumer.py:56} INFO - 🔍 Sample data for MBTA_PREDICTIONS:
[2025-04-21T05:04:18.405+0000] {mbta_kafka_consumer.py:57} INFO - 
                               PREDICTION_ID  ...                 CREATED_AT
0           prediction-68172531-70079-90-Red  ... 2025-04-21 05:04:18.401093
1          prediction-68172382-70080-130-Red  ... 2025-04-21 05:04:18.401154
2          prediction-68172383-70080-130-Red  ... 2025-04-21 05:04:18.401156
3          prediction-68172384-70080-130-Red  ... 2025-04-21 05:04:18.401161
4  prediction-ADDED-1582318077-70080-130-Red  ... 2025-04-21 05:04:18.401163

[5 rows x 9 columns]
[2025-04-21T05:04:18.421+0000] {cursor.py:1028} INFO - query: [SELECT * FROM MBTA_PREDICTIONS WHERE PREDICTION_ID IN ('prediction-68172531-7007...]
[2025-04-21T05:04:18.638+0000] {cursor.py:1041} INFO - query execution done
[2025-04-21T05:04:18.639+0000] {cursor.py:1205} INFO - Number of results in first chunk: 10
[2025-04-21T05:04:18.655+0000] {mbta_kafka_consumer.py:104} INFO - 🔁 10 new/updated records out of 10 incoming records (some may be duplicate VEHICLE_IDs) for MBTA_PREDICTIONS
[2025-04-21T05:04:18.657+0000] {cursor.py:1028} INFO - query: [MERGE INTO MBTA_PREDICTIONS AS target USING (SELECT 'prediction-68172531-70079-9...]
[2025-04-21T05:04:19.521+0000] {cursor.py:1041} INFO - query execution done
[2025-04-21T05:04:19.522+0000] {cursor.py:1028} INFO - query: [MERGE INTO MBTA_PREDICTIONS AS target USING (SELECT 'prediction-68172382-70080-1...]
[2025-04-21T05:04:20.100+0000] {cursor.py:1041} INFO - query execution done
[2025-04-21T05:04:20.102+0000] {cursor.py:1028} INFO - query: [MERGE INTO MBTA_PREDICTIONS AS target USING (SELECT 'prediction-68172383-70080-1...]
[2025-04-21T05:04:21.343+0000] {cursor.py:1041} INFO - query execution done
[2025-04-21T05:04:21.346+0000] {cursor.py:1028} INFO - query: [MERGE INTO MBTA_PREDICTIONS AS target USING (SELECT 'prediction-68172384-70080-1...]
[2025-04-21T05:04:21.847+0000] {cursor.py:1041} INFO - query execution done
[2025-04-21T05:04:21.848+0000] {cursor.py:1028} INFO - query: [MERGE INTO MBTA_PREDICTIONS AS target USING (SELECT 'prediction-ADDED-1582318077...]
[2025-04-21T05:04:22.668+0000] {cursor.py:1041} INFO - query execution done
[2025-04-21T05:04:22.669+0000] {cursor.py:1028} INFO - query: [MERGE INTO MBTA_PREDICTIONS AS target USING (SELECT 'prediction-68172388-70079-9...]
[2025-04-21T05:04:23.164+0000] {cursor.py:1041} INFO - query execution done
[2025-04-21T05:04:23.164+0000] {cursor.py:1028} INFO - query: [MERGE INTO MBTA_PREDICTIONS AS target USING (SELECT 'prediction-ADDED-1582318041...]
[2025-04-21T05:04:24.077+0000] {cursor.py:1041} INFO - query execution done
[2025-04-21T05:04:24.078+0000] {cursor.py:1028} INFO - query: [MERGE INTO MBTA_PREDICTIONS AS target USING (SELECT 'prediction-ADDED-1582318079...]
[2025-04-21T05:04:24.861+0000] {cursor.py:1041} INFO - query execution done
[2025-04-21T05:04:24.862+0000] {cursor.py:1028} INFO - query: [MERGE INTO MBTA_PREDICTIONS AS target USING (SELECT 'prediction-68172387-70080-1...]
[2025-04-21T05:04:25.370+0000] {cursor.py:1041} INFO - query execution done
[2025-04-21T05:04:25.371+0000] {cursor.py:1028} INFO - query: [MERGE INTO MBTA_PREDICTIONS AS target USING (SELECT 'prediction-ADDED-1582318044...]
[2025-04-21T05:04:26.078+0000] {cursor.py:1041} INFO - query execution done
[2025-04-21T05:04:26.079+0000] {cursor.py:1028} INFO - query: [COMMIT]
[2025-04-21T05:04:26.229+0000] {cursor.py:1041} INFO - query execution done
[2025-04-21T05:04:26.231+0000] {cursor.py:1205} INFO - Number of results in first chunk: 1
[2025-04-21T05:04:26.233+0000] {mbta_kafka_consumer.py:139} INFO - ✅ Merged 10 new/changed records into Snowflake table: MBTA_PREDICTIONS in 7.81 seconds
[2025-04-21T05:04:26.236+0000] {mbta_kafka_consumer.py:233} INFO - 📥 Received 1 records from topic: mbta_predictions
[2025-04-21T05:04:26.257+0000] {mbta_kafka_consumer.py:56} INFO - 🔍 Sample data for MBTA_PREDICTIONS:
[2025-04-21T05:04:26.258+0000] {mbta_kafka_consumer.py:57} INFO - 
                              PREDICTION_ID  ...                 CREATED_AT
0  prediction-ADDED-1582318044-70079-90-Red  ... 2025-04-21 05:04:26.238089

[1 rows x 9 columns]
[2025-04-21T05:04:26.271+0000] {cursor.py:1028} INFO - query: [SELECT * FROM MBTA_PREDICTIONS WHERE PREDICTION_ID IN ('prediction-ADDED-1582318...]
[2025-04-21T05:04:26.408+0000] {cursor.py:1041} INFO - query execution done
[2025-04-21T05:04:26.408+0000] {cursor.py:1205} INFO - Number of results in first chunk: 1
[2025-04-21T05:04:26.425+0000] {mbta_kafka_consumer.py:104} INFO - 🔁 1 new/updated records out of 1 incoming records (some may be duplicate VEHICLE_IDs) for MBTA_PREDICTIONS
[2025-04-21T05:04:26.426+0000] {cursor.py:1028} INFO - query: [MERGE INTO MBTA_PREDICTIONS AS target USING (SELECT 'prediction-ADDED-1582318044...]
[2025-04-21T05:04:27.143+0000] {cursor.py:1041} INFO - query execution done
[2025-04-21T05:04:27.144+0000] {cursor.py:1028} INFO - query: [COMMIT]
[2025-04-21T05:04:27.295+0000] {cursor.py:1041} INFO - query execution done
[2025-04-21T05:04:27.296+0000] {cursor.py:1205} INFO - Number of results in first chunk: 1
[2025-04-21T05:04:27.297+0000] {mbta_kafka_consumer.py:139} INFO - ✅ Merged 1 new/changed records into Snowflake table: MBTA_PREDICTIONS in 1.03 seconds
[2025-04-21T05:04:27.297+0000] {mbta_kafka_consumer.py:233} INFO - 📥 Received 1 records from topic: mbta_predictions
[2025-04-21T05:04:27.302+0000] {mbta_kafka_consumer.py:56} INFO - 🔍 Sample data for MBTA_PREDICTIONS:
[2025-04-21T05:04:27.302+0000] {mbta_kafka_consumer.py:57} INFO - 
                              PREDICTION_ID  ...                 CREATED_AT
0  prediction-ADDED-1582318044-70079-90-Red  ... 2025-04-21 05:04:27.298133

[1 rows x 9 columns]
[2025-04-21T05:04:27.306+0000] {cursor.py:1028} INFO - query: [SELECT * FROM MBTA_PREDICTIONS WHERE PREDICTION_ID IN ('prediction-ADDED-1582318...]
[2025-04-21T05:04:27.515+0000] {cursor.py:1041} INFO - query execution done
[2025-04-21T05:04:27.515+0000] {cursor.py:1205} INFO - Number of results in first chunk: 1
[2025-04-21T05:04:27.521+0000] {mbta_kafka_consumer.py:104} INFO - 🔁 1 new/updated records out of 1 incoming records (some may be duplicate VEHICLE_IDs) for MBTA_PREDICTIONS
[2025-04-21T05:04:27.522+0000] {cursor.py:1028} INFO - query: [MERGE INTO MBTA_PREDICTIONS AS target USING (SELECT 'prediction-ADDED-1582318044...]
[2025-04-21T05:04:28.075+0000] {cursor.py:1041} INFO - query execution done
[2025-04-21T05:04:28.075+0000] {cursor.py:1028} INFO - query: [COMMIT]
[2025-04-21T05:04:28.205+0000] {cursor.py:1041} INFO - query execution done
[2025-04-21T05:04:28.205+0000] {cursor.py:1205} INFO - Number of results in first chunk: 1
[2025-04-21T05:04:28.205+0000] {mbta_kafka_consumer.py:139} INFO - ✅ Merged 1 new/changed records into Snowflake table: MBTA_PREDICTIONS in 0.90 seconds
[2025-04-21T05:04:28.206+0000] {mbta_kafka_consumer.py:233} INFO - 📥 Received 1 records from topic: mbta_predictions
[2025-04-21T05:04:28.208+0000] {mbta_kafka_consumer.py:56} INFO - 🔍 Sample data for MBTA_PREDICTIONS:
[2025-04-21T05:04:28.208+0000] {mbta_kafka_consumer.py:57} INFO - 
                              PREDICTION_ID  ...                 CREATED_AT
0  prediction-ADDED-1582318044-70079-90-Red  ... 2025-04-21 05:04:28.206376

[1 rows x 9 columns]
[2025-04-21T05:04:28.212+0000] {cursor.py:1028} INFO - query: [SELECT * FROM MBTA_PREDICTIONS WHERE PREDICTION_ID IN ('prediction-ADDED-1582318...]
[2025-04-21T05:04:28.423+0000] {cursor.py:1041} INFO - query execution done
[2025-04-21T05:04:28.424+0000] {cursor.py:1205} INFO - Number of results in first chunk: 1
[2025-04-21T05:04:28.429+0000] {mbta_kafka_consumer.py:104} INFO - 🔁 1 new/updated records out of 1 incoming records (some may be duplicate VEHICLE_IDs) for MBTA_PREDICTIONS
[2025-04-21T05:04:28.429+0000] {cursor.py:1028} INFO - query: [MERGE INTO MBTA_PREDICTIONS AS target USING (SELECT 'prediction-ADDED-1582318044...]
[2025-04-21T05:04:28.882+0000] {cursor.py:1041} INFO - query execution done
[2025-04-21T05:04:28.882+0000] {cursor.py:1028} INFO - query: [COMMIT]
[2025-04-21T05:04:29.015+0000] {cursor.py:1041} INFO - query execution done
[2025-04-21T05:04:29.016+0000] {cursor.py:1205} INFO - Number of results in first chunk: 1
[2025-04-21T05:04:29.018+0000] {mbta_kafka_consumer.py:139} INFO - ✅ Merged 1 new/changed records into Snowflake table: MBTA_PREDICTIONS in 0.81 seconds
[2025-04-21T05:04:29.019+0000] {mbta_kafka_consumer.py:233} INFO - 📥 Received 1 records from topic: mbta_predictions
[2025-04-21T05:04:29.023+0000] {mbta_kafka_consumer.py:56} INFO - 🔍 Sample data for MBTA_PREDICTIONS:
[2025-04-21T05:04:29.023+0000] {mbta_kafka_consumer.py:57} INFO - 
                              PREDICTION_ID  ...                 CREATED_AT
0  prediction-ADDED-1582318044-70079-90-Red  ... 2025-04-21 05:04:29.019494

[1 rows x 9 columns]
[2025-04-21T05:04:29.027+0000] {cursor.py:1028} INFO - query: [SELECT * FROM MBTA_PREDICTIONS WHERE PREDICTION_ID IN ('prediction-ADDED-1582318...]
[2025-04-21T05:04:29.241+0000] {cursor.py:1041} INFO - query execution done
[2025-04-21T05:04:29.242+0000] {cursor.py:1205} INFO - Number of results in first chunk: 1
[2025-04-21T05:04:29.250+0000] {mbta_kafka_consumer.py:104} INFO - 🔁 1 new/updated records out of 1 incoming records (some may be duplicate VEHICLE_IDs) for MBTA_PREDICTIONS
[2025-04-21T05:04:29.250+0000] {cursor.py:1028} INFO - query: [MERGE INTO MBTA_PREDICTIONS AS target USING (SELECT 'prediction-ADDED-1582318044...]
[2025-04-21T05:04:29.714+0000] {cursor.py:1041} INFO - query execution done
[2025-04-21T05:04:29.714+0000] {cursor.py:1028} INFO - query: [COMMIT]
[2025-04-21T05:04:29.844+0000] {cursor.py:1041} INFO - query execution done
[2025-04-21T05:04:29.846+0000] {cursor.py:1205} INFO - Number of results in first chunk: 1
[2025-04-21T05:04:29.847+0000] {mbta_kafka_consumer.py:139} INFO - ✅ Merged 1 new/changed records into Snowflake table: MBTA_PREDICTIONS in 0.82 seconds
[2025-04-21T05:04:29.847+0000] {mbta_kafka_consumer.py:233} INFO - 📥 Received 1 records from topic: mbta_predictions
[2025-04-21T05:04:29.852+0000] {mbta_kafka_consumer.py:56} INFO - 🔍 Sample data for MBTA_PREDICTIONS:
[2025-04-21T05:04:29.852+0000] {mbta_kafka_consumer.py:57} INFO - 
                              PREDICTION_ID  ...                 CREATED_AT
0  prediction-ADDED-1582318044-70079-90-Red  ... 2025-04-21 05:04:29.848929

[1 rows x 9 columns]
[2025-04-21T05:04:29.857+0000] {cursor.py:1028} INFO - query: [SELECT * FROM MBTA_PREDICTIONS WHERE PREDICTION_ID IN ('prediction-ADDED-1582318...]
[2025-04-21T05:04:30.056+0000] {cursor.py:1041} INFO - query execution done
[2025-04-21T05:04:30.057+0000] {cursor.py:1205} INFO - Number of results in first chunk: 1
[2025-04-21T05:04:30.076+0000] {mbta_kafka_consumer.py:104} INFO - 🔁 1 new/updated records out of 1 incoming records (some may be duplicate VEHICLE_IDs) for MBTA_PREDICTIONS
[2025-04-21T05:04:30.076+0000] {cursor.py:1028} INFO - query: [MERGE INTO MBTA_PREDICTIONS AS target USING (SELECT 'prediction-ADDED-1582318044...]
[2025-04-21T05:04:30.678+0000] {cursor.py:1041} INFO - query execution done
[2025-04-21T05:04:30.679+0000] {cursor.py:1028} INFO - query: [COMMIT]
[2025-04-21T05:04:31.002+0000] {cursor.py:1041} INFO - query execution done
[2025-04-21T05:04:31.002+0000] {cursor.py:1205} INFO - Number of results in first chunk: 1
[2025-04-21T05:04:31.003+0000] {mbta_kafka_consumer.py:139} INFO - ✅ Merged 1 new/changed records into Snowflake table: MBTA_PREDICTIONS in 1.15 seconds
[2025-04-21T05:04:31.003+0000] {mbta_kafka_consumer.py:233} INFO - 📥 Received 1 records from topic: mbta_predictions
[2025-04-21T05:04:31.006+0000] {mbta_kafka_consumer.py:56} INFO - 🔍 Sample data for MBTA_PREDICTIONS:
[2025-04-21T05:04:31.006+0000] {mbta_kafka_consumer.py:57} INFO - 
                              PREDICTION_ID  ...                 CREATED_AT
0  prediction-ADDED-1582318044-70079-90-Red  ... 2025-04-21 05:04:31.003747

[1 rows x 9 columns]
[2025-04-21T05:04:31.010+0000] {cursor.py:1028} INFO - query: [SELECT * FROM MBTA_PREDICTIONS WHERE PREDICTION_ID IN ('prediction-ADDED-1582318...]
[2025-04-21T05:04:31.205+0000] {cursor.py:1041} INFO - query execution done
[2025-04-21T05:04:31.205+0000] {cursor.py:1205} INFO - Number of results in first chunk: 1
[2025-04-21T05:04:31.211+0000] {mbta_kafka_consumer.py:104} INFO - 🔁 1 new/updated records out of 1 incoming records (some may be duplicate VEHICLE_IDs) for MBTA_PREDICTIONS
[2025-04-21T05:04:31.211+0000] {cursor.py:1028} INFO - query: [MERGE INTO MBTA_PREDICTIONS AS target USING (SELECT 'prediction-ADDED-1582318044...]
[2025-04-21T05:04:31.748+0000] {cursor.py:1041} INFO - query execution done
[2025-04-21T05:04:31.750+0000] {cursor.py:1028} INFO - query: [COMMIT]
[2025-04-21T05:04:31.882+0000] {cursor.py:1041} INFO - query execution done
[2025-04-21T05:04:31.883+0000] {cursor.py:1205} INFO - Number of results in first chunk: 1
[2025-04-21T05:04:31.883+0000] {mbta_kafka_consumer.py:139} INFO - ✅ Merged 1 new/changed records into Snowflake table: MBTA_PREDICTIONS in 0.87 seconds
[2025-04-21T05:04:31.884+0000] {mbta_kafka_consumer.py:233} INFO - 📥 Received 1 records from topic: mbta_predictions
[2025-04-21T05:04:31.886+0000] {mbta_kafka_consumer.py:56} INFO - 🔍 Sample data for MBTA_PREDICTIONS:
[2025-04-21T05:04:31.886+0000] {mbta_kafka_consumer.py:57} INFO - 
                              PREDICTION_ID  ...                 CREATED_AT
0  prediction-ADDED-1582318044-70079-90-Red  ... 2025-04-21 05:04:31.884288

[1 rows x 9 columns]
[2025-04-21T05:04:31.891+0000] {cursor.py:1028} INFO - query: [SELECT * FROM MBTA_PREDICTIONS WHERE PREDICTION_ID IN ('prediction-ADDED-1582318...]
[2025-04-21T05:04:32.081+0000] {cursor.py:1041} INFO - query execution done
[2025-04-21T05:04:32.083+0000] {cursor.py:1205} INFO - Number of results in first chunk: 1
[2025-04-21T05:04:32.091+0000] {mbta_kafka_consumer.py:104} INFO - 🔁 1 new/updated records out of 1 incoming records (some may be duplicate VEHICLE_IDs) for MBTA_PREDICTIONS
[2025-04-21T05:04:32.091+0000] {cursor.py:1028} INFO - query: [MERGE INTO MBTA_PREDICTIONS AS target USING (SELECT 'prediction-ADDED-1582318044...]
[2025-04-21T05:04:32.607+0000] {cursor.py:1041} INFO - query execution done
[2025-04-21T05:04:32.608+0000] {cursor.py:1028} INFO - query: [COMMIT]
[2025-04-21T05:04:32.735+0000] {cursor.py:1041} INFO - query execution done
[2025-04-21T05:04:32.735+0000] {cursor.py:1205} INFO - Number of results in first chunk: 1
[2025-04-21T05:04:32.736+0000] {mbta_kafka_consumer.py:139} INFO - ✅ Merged 1 new/changed records into Snowflake table: MBTA_PREDICTIONS in 0.84 seconds
[2025-04-21T05:04:32.736+0000] {mbta_kafka_consumer.py:233} INFO - 📥 Received 1 records from topic: mbta_predictions
[2025-04-21T05:04:32.739+0000] {mbta_kafka_consumer.py:56} INFO - 🔍 Sample data for MBTA_PREDICTIONS:
[2025-04-21T05:04:32.739+0000] {mbta_kafka_consumer.py:57} INFO - 
                              PREDICTION_ID  ...                 CREATED_AT
0  prediction-ADDED-1582318044-70079-90-Red  ... 2025-04-21 05:04:32.736693

[1 rows x 9 columns]
[2025-04-21T05:04:32.743+0000] {cursor.py:1028} INFO - query: [SELECT * FROM MBTA_PREDICTIONS WHERE PREDICTION_ID IN ('prediction-ADDED-1582318...]
[2025-04-21T05:04:32.947+0000] {cursor.py:1041} INFO - query execution done
[2025-04-21T05:04:32.948+0000] {cursor.py:1205} INFO - Number of results in first chunk: 1
[2025-04-21T05:04:32.953+0000] {mbta_kafka_consumer.py:104} INFO - 🔁 1 new/updated records out of 1 incoming records (some may be duplicate VEHICLE_IDs) for MBTA_PREDICTIONS
[2025-04-21T05:04:32.953+0000] {cursor.py:1028} INFO - query: [MERGE INTO MBTA_PREDICTIONS AS target USING (SELECT 'prediction-ADDED-1582318044...]
[2025-04-21T05:04:33.443+0000] {cursor.py:1041} INFO - query execution done
[2025-04-21T05:04:33.443+0000] {cursor.py:1028} INFO - query: [COMMIT]
[2025-04-21T05:04:33.576+0000] {cursor.py:1041} INFO - query execution done
[2025-04-21T05:04:33.576+0000] {cursor.py:1205} INFO - Number of results in first chunk: 1
[2025-04-21T05:04:33.577+0000] {mbta_kafka_consumer.py:139} INFO - ✅ Merged 1 new/changed records into Snowflake table: MBTA_PREDICTIONS in 0.83 seconds
[2025-04-21T05:04:33.578+0000] {mbta_kafka_consumer.py:233} INFO - 📥 Received 1 records from topic: mbta_predictions
[2025-04-21T05:04:33.583+0000] {mbta_kafka_consumer.py:56} INFO - 🔍 Sample data for MBTA_PREDICTIONS:
[2025-04-21T05:04:33.583+0000] {mbta_kafka_consumer.py:57} INFO - 
                              PREDICTION_ID  ...                 CREATED_AT
0  prediction-ADDED-1582318044-70079-90-Red  ... 2025-04-21 05:04:33.578461

[1 rows x 9 columns]
[2025-04-21T05:04:33.588+0000] {cursor.py:1028} INFO - query: [SELECT * FROM MBTA_PREDICTIONS WHERE PREDICTION_ID IN ('prediction-ADDED-1582318...]
[2025-04-21T05:04:33.788+0000] {cursor.py:1041} INFO - query execution done
[2025-04-21T05:04:33.789+0000] {cursor.py:1205} INFO - Number of results in first chunk: 1
[2025-04-21T05:04:33.797+0000] {mbta_kafka_consumer.py:104} INFO - 🔁 1 new/updated records out of 1 incoming records (some may be duplicate VEHICLE_IDs) for MBTA_PREDICTIONS
[2025-04-21T05:04:33.797+0000] {cursor.py:1028} INFO - query: [MERGE INTO MBTA_PREDICTIONS AS target USING (SELECT 'prediction-ADDED-1582318044...]
[2025-04-21T05:04:34.446+0000] {cursor.py:1041} INFO - query execution done
[2025-04-21T05:04:34.447+0000] {cursor.py:1028} INFO - query: [COMMIT]
[2025-04-21T05:04:34.610+0000] {cursor.py:1041} INFO - query execution done
[2025-04-21T05:04:34.611+0000] {cursor.py:1205} INFO - Number of results in first chunk: 1
[2025-04-21T05:04:34.612+0000] {mbta_kafka_consumer.py:139} INFO - ✅ Merged 1 new/changed records into Snowflake table: MBTA_PREDICTIONS in 1.02 seconds
[2025-04-21T05:04:34.612+0000] {mbta_kafka_consumer.py:233} INFO - 📥 Received 1 records from topic: mbta_predictions
[2025-04-21T05:04:34.615+0000] {mbta_kafka_consumer.py:56} INFO - 🔍 Sample data for MBTA_PREDICTIONS:
[2025-04-21T05:04:34.615+0000] {mbta_kafka_consumer.py:57} INFO - 
                              PREDICTION_ID  ...                 CREATED_AT
0  prediction-ADDED-1582318044-70079-90-Red  ... 2025-04-21 05:04:34.613076

[1 rows x 9 columns]
[2025-04-21T05:04:34.619+0000] {cursor.py:1028} INFO - query: [SELECT * FROM MBTA_PREDICTIONS WHERE PREDICTION_ID IN ('prediction-ADDED-1582318...]
[2025-04-21T05:04:34.821+0000] {cursor.py:1041} INFO - query execution done
[2025-04-21T05:04:34.821+0000] {cursor.py:1205} INFO - Number of results in first chunk: 1
[2025-04-21T05:04:34.826+0000] {mbta_kafka_consumer.py:104} INFO - 🔁 1 new/updated records out of 1 incoming records (some may be duplicate VEHICLE_IDs) for MBTA_PREDICTIONS
[2025-04-21T05:04:34.826+0000] {cursor.py:1028} INFO - query: [MERGE INTO MBTA_PREDICTIONS AS target USING (SELECT 'prediction-ADDED-1582318044...]
[2025-04-21T05:04:35.332+0000] {cursor.py:1041} INFO - query execution done
[2025-04-21T05:04:35.332+0000] {cursor.py:1028} INFO - query: [COMMIT]
[2025-04-21T05:04:35.465+0000] {cursor.py:1041} INFO - query execution done
[2025-04-21T05:04:35.465+0000] {cursor.py:1205} INFO - Number of results in first chunk: 1
[2025-04-21T05:04:35.465+0000] {mbta_kafka_consumer.py:139} INFO - ✅ Merged 1 new/changed records into Snowflake table: MBTA_PREDICTIONS in 0.85 seconds
[2025-04-21T05:04:35.466+0000] {mbta_kafka_consumer.py:233} INFO - 📥 Received 1 records from topic: mbta_predictions
[2025-04-21T05:04:35.468+0000] {mbta_kafka_consumer.py:56} INFO - 🔍 Sample data for MBTA_PREDICTIONS:
[2025-04-21T05:04:35.468+0000] {mbta_kafka_consumer.py:57} INFO - 
                              PREDICTION_ID  ...                 CREATED_AT
0  prediction-ADDED-1582318044-70079-90-Red  ... 2025-04-21 05:04:35.466241

[1 rows x 9 columns]
[2025-04-21T05:04:35.471+0000] {cursor.py:1028} INFO - query: [SELECT * FROM MBTA_PREDICTIONS WHERE PREDICTION_ID IN ('prediction-ADDED-1582318...]
[2025-04-21T05:04:35.672+0000] {cursor.py:1041} INFO - query execution done
[2025-04-21T05:04:35.791+0000] {cursor.py:1205} INFO - Number of results in first chunk: 1
[2025-04-21T05:04:35.796+0000] {mbta_kafka_consumer.py:104} INFO - 🔁 1 new/updated records out of 1 incoming records (some may be duplicate VEHICLE_IDs) for MBTA_PREDICTIONS
[2025-04-21T05:04:35.796+0000] {cursor.py:1028} INFO - query: [MERGE INTO MBTA_PREDICTIONS AS target USING (SELECT 'prediction-ADDED-1582318044...]
[2025-04-21T05:04:36.362+0000] {cursor.py:1041} INFO - query execution done
[2025-04-21T05:04:36.362+0000] {cursor.py:1028} INFO - query: [COMMIT]
[2025-04-21T05:04:36.514+0000] {cursor.py:1041} INFO - query execution done
[2025-04-21T05:04:36.514+0000] {cursor.py:1205} INFO - Number of results in first chunk: 1
[2025-04-21T05:04:36.514+0000] {mbta_kafka_consumer.py:139} INFO - ✅ Merged 1 new/changed records into Snowflake table: MBTA_PREDICTIONS in 1.04 seconds
[2025-04-21T05:04:36.514+0000] {mbta_kafka_consumer.py:233} INFO - 📥 Received 1 records from topic: mbta_predictions
[2025-04-21T05:04:36.517+0000] {mbta_kafka_consumer.py:56} INFO - 🔍 Sample data for MBTA_PREDICTIONS:
[2025-04-21T05:04:36.517+0000] {mbta_kafka_consumer.py:57} INFO - 
                              PREDICTION_ID  ...                 CREATED_AT
0  prediction-ADDED-1582318044-70079-90-Red  ... 2025-04-21 05:04:36.515111

[1 rows x 9 columns]
[2025-04-21T05:04:36.521+0000] {cursor.py:1028} INFO - query: [SELECT * FROM MBTA_PREDICTIONS WHERE PREDICTION_ID IN ('prediction-ADDED-1582318...]
[2025-04-21T05:04:36.720+0000] {cursor.py:1041} INFO - query execution done
[2025-04-21T05:04:36.720+0000] {cursor.py:1205} INFO - Number of results in first chunk: 1
[2025-04-21T05:04:36.725+0000] {mbta_kafka_consumer.py:104} INFO - 🔁 1 new/updated records out of 1 incoming records (some may be duplicate VEHICLE_IDs) for MBTA_PREDICTIONS
[2025-04-21T05:04:36.725+0000] {cursor.py:1028} INFO - query: [MERGE INTO MBTA_PREDICTIONS AS target USING (SELECT 'prediction-ADDED-1582318044...]
[2025-04-21T05:04:37.258+0000] {cursor.py:1041} INFO - query execution done
[2025-04-21T05:04:37.259+0000] {cursor.py:1028} INFO - query: [COMMIT]
[2025-04-21T05:04:37.467+0000] {cursor.py:1041} INFO - query execution done
[2025-04-21T05:04:37.467+0000] {cursor.py:1205} INFO - Number of results in first chunk: 1
[2025-04-21T05:04:37.468+0000] {mbta_kafka_consumer.py:139} INFO - ✅ Merged 1 new/changed records into Snowflake table: MBTA_PREDICTIONS in 0.95 seconds
[2025-04-21T05:04:37.468+0000] {mbta_kafka_consumer.py:233} INFO - 📥 Received 1 records from topic: mbta_predictions
[2025-04-21T05:04:37.470+0000] {mbta_kafka_consumer.py:56} INFO - 🔍 Sample data for MBTA_PREDICTIONS:
[2025-04-21T05:04:37.470+0000] {mbta_kafka_consumer.py:57} INFO - 
                              PREDICTION_ID  ...                 CREATED_AT
0  prediction-ADDED-1582318044-70079-90-Red  ... 2025-04-21 05:04:37.468574

[1 rows x 9 columns]
[2025-04-21T05:04:37.474+0000] {cursor.py:1028} INFO - query: [SELECT * FROM MBTA_PREDICTIONS WHERE PREDICTION_ID IN ('prediction-ADDED-1582318...]
[2025-04-21T05:04:37.677+0000] {cursor.py:1041} INFO - query execution done
[2025-04-21T05:04:37.678+0000] {cursor.py:1205} INFO - Number of results in first chunk: 1
[2025-04-21T05:04:37.682+0000] {mbta_kafka_consumer.py:104} INFO - 🔁 1 new/updated records out of 1 incoming records (some may be duplicate VEHICLE_IDs) for MBTA_PREDICTIONS
[2025-04-21T05:04:37.682+0000] {cursor.py:1028} INFO - query: [MERGE INTO MBTA_PREDICTIONS AS target USING (SELECT 'prediction-ADDED-1582318044...]
[2025-04-21T05:04:38.503+0000] {cursor.py:1041} INFO - query execution done
[2025-04-21T05:04:38.508+0000] {cursor.py:1028} INFO - query: [COMMIT]
[2025-04-21T05:04:38.661+0000] {cursor.py:1041} INFO - query execution done
[2025-04-21T05:04:38.662+0000] {cursor.py:1205} INFO - Number of results in first chunk: 1
[2025-04-21T05:04:38.662+0000] {mbta_kafka_consumer.py:139} INFO - ✅ Merged 1 new/changed records into Snowflake table: MBTA_PREDICTIONS in 1.19 seconds
[2025-04-21T05:04:38.665+0000] {mbta_kafka_consumer.py:233} INFO - 📥 Received 1 records from topic: mbta_predictions
[2025-04-21T05:04:38.693+0000] {mbta_kafka_consumer.py:56} INFO - 🔍 Sample data for MBTA_PREDICTIONS:
[2025-04-21T05:04:38.694+0000] {mbta_kafka_consumer.py:57} INFO - 
                              PREDICTION_ID  ...                 CREATED_AT
0  prediction-ADDED-1582318044-70079-90-Red  ... 2025-04-21 05:04:38.665943

[1 rows x 9 columns]
[2025-04-21T05:04:38.712+0000] {cursor.py:1028} INFO - query: [SELECT * FROM MBTA_PREDICTIONS WHERE PREDICTION_ID IN ('prediction-ADDED-1582318...]
[2025-04-21T05:04:38.906+0000] {cursor.py:1041} INFO - query execution done
[2025-04-21T05:04:38.906+0000] {cursor.py:1205} INFO - Number of results in first chunk: 1
[2025-04-21T05:04:38.923+0000] {mbta_kafka_consumer.py:104} INFO - 🔁 1 new/updated records out of 1 incoming records (some may be duplicate VEHICLE_IDs) for MBTA_PREDICTIONS
[2025-04-21T05:04:38.924+0000] {cursor.py:1028} INFO - query: [MERGE INTO MBTA_PREDICTIONS AS target USING (SELECT 'prediction-ADDED-1582318044...]
[2025-04-21T05:04:39.421+0000] {cursor.py:1041} INFO - query execution done
[2025-04-21T05:04:39.423+0000] {cursor.py:1028} INFO - query: [COMMIT]
[2025-04-21T05:04:39.558+0000] {cursor.py:1041} INFO - query execution done
[2025-04-21T05:04:39.559+0000] {cursor.py:1205} INFO - Number of results in first chunk: 1
[2025-04-21T05:04:39.559+0000] {mbta_kafka_consumer.py:139} INFO - ✅ Merged 1 new/changed records into Snowflake table: MBTA_PREDICTIONS in 0.85 seconds
[2025-04-21T05:04:39.559+0000] {mbta_kafka_consumer.py:233} INFO - 📥 Received 218 records from topic: mbta_vehicles
[2025-04-21T05:04:39.568+0000] {mbta_kafka_consumer.py:56} INFO - 🔍 Sample data for MBTA_VEHICLES:
[2025-04-21T05:04:39.568+0000] {mbta_kafka_consumer.py:57} INFO - 
  VEHICLE_ID         ROUTE_ID  ...         STATUS                 CREATED_AT
0    G-10062          Green-B  ...    INCOMING_AT 2025-04-21 05:04:39.560060
1       1832    CR-Providence  ...  IN_TRANSIT_TO 2025-04-21 05:04:39.560068
2      y3136               93  ...  IN_TRANSIT_TO 2025-04-21 05:04:39.560069
3      y1619              34E  ...  IN_TRANSIT_TO 2025-04-21 05:04:39.560075
4      y1709  Shuttle-Generic  ...  IN_TRANSIT_TO 2025-04-21 05:04:39.560085

[5 rows x 8 columns]
[2025-04-21T05:04:39.576+0000] {cursor.py:1028} INFO - query: [SELECT * FROM MBTA_VEHICLES WHERE VEHICLE_ID IN ('G-10062','1832','y3136','y1619...]
[2025-04-21T05:04:39.924+0000] {cursor.py:1041} INFO - query execution done
[2025-04-21T05:04:39.925+0000] {cursor.py:1205} INFO - Number of results in first chunk: 234
[2025-04-21T05:04:39.939+0000] {mbta_kafka_consumer.py:104} INFO - 🔁 28 new/updated records out of 218 incoming records (some may be duplicate VEHICLE_IDs) for MBTA_VEHICLES
[2025-04-21T05:04:39.940+0000] {cursor.py:1028} INFO - query: [MERGE INTO MBTA_VEHICLES AS target USING (SELECT 'y1305', '743', 42.35225476, -7...]
[2025-04-21T05:04:41.358+0000] {cursor.py:1041} INFO - query execution done
[2025-04-21T05:04:41.359+0000] {cursor.py:1028} INFO - query: [MERGE INTO MBTA_VEHICLES AS target USING (SELECT 'y1264', '28', 42.3068602, -71....]
[2025-04-21T05:04:42.895+0000] {cursor.py:1041} INFO - query execution done
[2025-04-21T05:04:42.897+0000] {cursor.py:1028} INFO - query: [MERGE INTO MBTA_VEHICLES AS target USING (SELECT 'y2098', '109', 42.37311, -71.1...]
[2025-04-21T05:04:44.532+0000] {cursor.py:1041} INFO - query execution done
[2025-04-21T05:04:44.534+0000] {cursor.py:1028} INFO - query: [MERGE INTO MBTA_VEHICLES AS target USING (SELECT 'R-5482A0D7', 'Red', 42.37529, ...]
[2025-04-21T05:04:46.166+0000] {cursor.py:1041} INFO - query execution done
[2025-04-21T05:04:46.167+0000] {cursor.py:1028} INFO - query: [MERGE INTO MBTA_VEHICLES AS target USING (SELECT 'G-10131', 'Green-E', 42.35559,...]
[2025-04-21T05:04:47.807+0000] {cursor.py:1041} INFO - query execution done
[2025-04-21T05:04:47.809+0000] {cursor.py:1028} INFO - query: [MERGE INTO MBTA_VEHICLES AS target USING (SELECT 'G-10208', 'Green-C', 42.35614,...]
[2025-04-21T05:04:49.446+0000] {cursor.py:1041} INFO - query execution done
[2025-04-21T05:04:49.448+0000] {cursor.py:1028} INFO - query: [MERGE INTO MBTA_VEHICLES AS target USING (SELECT 'G-10242', 'Green-D', 42.36284,...]
[2025-04-21T05:04:51.184+0000] {cursor.py:1041} INFO - query execution done
[2025-04-21T05:04:51.185+0000] {cursor.py:1028} INFO - query: [MERGE INTO MBTA_VEHICLES AS target USING (SELECT 'G-10186', 'Green-D', 42.33434,...]
[2025-04-21T05:04:53.039+0000] {cursor.py:1041} INFO - query execution done
[2025-04-21T05:04:53.042+0000] {cursor.py:1028} INFO - query: [MERGE INTO MBTA_VEHICLES AS target USING (SELECT 'G-10233', 'Green-C', 42.33891,...]
[2025-04-21T05:04:54.627+0000] {cursor.py:1041} INFO - query execution done
[2025-04-21T05:04:54.629+0000] {cursor.py:1028} INFO - query: [MERGE INTO MBTA_VEHICLES AS target USING (SELECT 'y0780', '240', 42.25410733, -7...]
[2025-04-21T05:04:56.607+0000] {cursor.py:1041} INFO - query execution done
[2025-04-21T05:04:56.608+0000] {cursor.py:1028} INFO - query: [MERGE INTO MBTA_VEHICLES AS target USING (SELECT 'R-548298C1', 'Red', 42.33022, ...]
[2025-04-21T05:04:57.971+0000] {cursor.py:1041} INFO - query execution done
[2025-04-21T05:04:57.972+0000] {cursor.py:1028} INFO - query: [MERGE INTO MBTA_VEHICLES AS target USING (SELECT 'y2068', '91', 42.36525, -71.10...]
[2025-04-21T05:04:59.576+0000] {cursor.py:1041} INFO - query execution done
[2025-04-21T05:04:59.577+0000] {cursor.py:1028} INFO - query: [MERGE INTO MBTA_VEHICLES AS target USING (SELECT 'y1839', '66', 42.36303848, -71...]
[2025-04-21T05:05:01.632+0000] {cursor.py:1041} INFO - query execution done
[2025-04-21T05:05:01.633+0000] {cursor.py:1028} INFO - query: [MERGE INTO MBTA_VEHICLES AS target USING (SELECT 'O-54829F4D', 'Orange', 42.4377...]
[2025-04-21T05:05:03.488+0000] {cursor.py:1041} INFO - query execution done
[2025-04-21T05:05:03.496+0000] {cursor.py:1028} INFO - query: [MERGE INTO MBTA_VEHICLES AS target USING (SELECT 'G-10074', 'Green-E', 42.34009,...]
[2025-04-21T05:05:05.178+0000] {cursor.py:1041} INFO - query execution done
[2025-04-21T05:05:05.191+0000] {cursor.py:1028} INFO - query: [MERGE INTO MBTA_VEHICLES AS target USING (SELECT 'y1997', '104', 42.375, -71.029...]
[2025-04-21T05:05:06.694+0000] {cursor.py:1041} INFO - query execution done
[2025-04-21T05:05:06.701+0000] {cursor.py:1028} INFO - query: [MERGE INTO MBTA_VEHICLES AS target USING (SELECT 'B-54829F57', 'Blue', 42.35889,...]
[2025-04-21T05:05:08.585+0000] {cursor.py:1041} INFO - query execution done
[2025-04-21T05:05:08.592+0000] {cursor.py:1028} INFO - query: [MERGE INTO MBTA_VEHICLES AS target USING (SELECT 'y3101', '116', 42.40213818, -7...]
[2025-04-21T05:05:10.451+0000] {cursor.py:1041} INFO - query execution done
[2025-04-21T05:05:10.466+0000] {cursor.py:1028} INFO - query: [MERGE INTO MBTA_VEHICLES AS target USING (SELECT '1842', 'CR-Worcester', 42.2963...]
[2025-04-21T05:05:12.157+0000] {cursor.py:1041} INFO - query execution done
[2025-04-21T05:05:12.172+0000] {cursor.py:1028} INFO - query: [MERGE INTO MBTA_VEHICLES AS target USING (SELECT 'y1888', '15', 42.332795339, -7...]
[2025-04-21T05:05:13.730+0000] {cursor.py:1041} INFO - query execution done
[2025-04-21T05:05:13.734+0000] {cursor.py:1028} INFO - query: [MERGE INTO MBTA_VEHICLES AS target USING (SELECT 'G-10214', 'Green-E', 42.35018,...]
[2025-04-21T05:05:15.391+0000] {cursor.py:1041} INFO - query execution done
[2025-04-21T05:05:15.395+0000] {cursor.py:1028} INFO - query: [MERGE INTO MBTA_VEHICLES AS target USING (SELECT 'y1853', '57', 42.34889065, -71...]
[2025-04-21T05:05:17.577+0000] {cursor.py:1041} INFO - query execution done
[2025-04-21T05:05:17.580+0000] {cursor.py:1028} INFO - query: [MERGE INTO MBTA_VEHICLES AS target USING (SELECT 'y1842', '44', 42.3284, -71.083...]
[2025-04-21T05:05:20.112+0000] {cursor.py:1041} INFO - query execution done
[2025-04-21T05:05:20.113+0000] {cursor.py:1028} INFO - query: [MERGE INTO MBTA_VEHICLES AS target USING (SELECT 'R-5482944A', 'Red', 42.25203, ...]
[2025-04-21T05:05:22.440+0000] {cursor.py:1041} INFO - query execution done
[2025-04-21T05:05:22.454+0000] {cursor.py:1028} INFO - query: [MERGE INTO MBTA_VEHICLES AS target USING (SELECT 'y1201', '28', 42.32891871, -71...]
[2025-04-21T05:05:24.772+0000] {cursor.py:1041} INFO - query execution done
[2025-04-21T05:05:24.774+0000] {cursor.py:1028} INFO - query: [MERGE INTO MBTA_VEHICLES AS target USING (SELECT 'y2040', '104', 42.42649, -71.0...]
[2025-04-21T05:05:26.964+0000] {cursor.py:1041} INFO - query execution done
[2025-04-21T05:05:26.966+0000] {cursor.py:1028} INFO - query: [MERGE INTO MBTA_VEHICLES AS target USING (SELECT 'y1795', '66', 42.32899, -71.08...]
[2025-04-21T05:05:29.032+0000] {cursor.py:1041} INFO - query execution done
[2025-04-21T05:05:29.032+0000] {cursor.py:1028} INFO - query: [MERGE INTO MBTA_VEHICLES AS target USING (SELECT 'y1931', '104', 42.40795836, -7...]
[2025-04-21T05:05:31.179+0000] {cursor.py:1041} INFO - query execution done
[2025-04-21T05:05:31.180+0000] {cursor.py:1028} INFO - query: [COMMIT]
[2025-04-21T05:05:31.308+0000] {cursor.py:1041} INFO - query execution done
[2025-04-21T05:05:31.309+0000] {cursor.py:1205} INFO - Number of results in first chunk: 1
[2025-04-21T05:05:31.309+0000] {mbta_kafka_consumer.py:139} INFO - ✅ Merged 28 new/changed records into Snowflake table: MBTA_VEHICLES in 51.73 seconds
[2025-04-21T05:05:31.311+0000] {mbta_kafka_consumer.py:233} INFO - 📥 Received 165 records from topic: mbta_vehicles
[2025-04-21T05:05:31.334+0000] {mbta_kafka_consumer.py:56} INFO - 🔍 Sample data for MBTA_VEHICLES:
[2025-04-21T05:05:31.334+0000] {mbta_kafka_consumer.py:57} INFO - 
   VEHICLE_ID ROUTE_ID  ...         STATUS                 CREATED_AT
0       y1619      34E  ...     STOPPED_AT 2025-04-21 05:05:31.311937
1     G-10223  Green-B  ...     STOPPED_AT 2025-04-21 05:05:31.311976
2  R-54829A82      Red  ...  IN_TRANSIT_TO 2025-04-21 05:05:31.311987
3       y1874        1  ...  IN_TRANSIT_TO 2025-04-21 05:05:31.311989
4       y1202       39  ...  IN_TRANSIT_TO 2025-04-21 05:05:31.311990

[5 rows x 8 columns]
[2025-04-21T05:05:31.341+0000] {cursor.py:1028} INFO - query: [SELECT * FROM MBTA_VEHICLES WHERE VEHICLE_ID IN ('y1619','G-10223','R-54829A82',...]
[2025-04-21T05:05:31.570+0000] {cursor.py:1041} INFO - query execution done
[2025-04-21T05:05:31.571+0000] {cursor.py:1205} INFO - Number of results in first chunk: 165
[2025-04-21T05:05:31.580+0000] {mbta_kafka_consumer.py:104} INFO - 🔁 158 new/updated records out of 165 incoming records (some may be duplicate VEHICLE_IDs) for MBTA_VEHICLES
[2025-04-21T05:05:31.580+0000] {cursor.py:1028} INFO - query: [MERGE INTO MBTA_VEHICLES AS target USING (SELECT 'y1619', '34E', 42.261534269, -...]
[2025-04-21T05:05:33.217+0000] {cursor.py:1041} INFO - query execution done
[2025-04-21T05:05:33.218+0000] {cursor.py:1028} INFO - query: [MERGE INTO MBTA_VEHICLES AS target USING (SELECT 'G-10223', 'Green-B', 42.35065,...]
[2025-04-21T05:05:35.214+0000] {cursor.py:1041} INFO - query execution done
[2025-04-21T05:05:35.216+0000] {cursor.py:1028} INFO - query: [MERGE INTO MBTA_VEHICLES AS target USING (SELECT 'R-54829A82', 'Red', 42.21293, ...]
[2025-04-21T05:05:37.567+0000] {cursor.py:1041} INFO - query execution done
[2025-04-21T05:05:37.569+0000] {cursor.py:1028} INFO - query: [MERGE INTO MBTA_VEHICLES AS target USING (SELECT 'y1874', '1', 42.36439512, -71....]
[2025-04-21T05:05:39.857+0000] {cursor.py:1041} INFO - query execution done
[2025-04-21T05:05:39.859+0000] {cursor.py:1028} INFO - query: [MERGE INTO MBTA_VEHICLES AS target USING (SELECT 'y1202', '39', 42.34738225, -71...]
[2025-04-21T05:05:42.369+0000] {cursor.py:1041} INFO - query execution done
[2025-04-21T05:05:42.371+0000] {cursor.py:1028} INFO - query: [MERGE INTO MBTA_VEHICLES AS target USING (SELECT 'y1680', '31', 42.2675, -71.091...]
[2025-04-21T05:05:44.946+0000] {cursor.py:1041} INFO - query execution done
[2025-04-21T05:05:44.947+0000] {cursor.py:1028} INFO - query: [MERGE INTO MBTA_VEHICLES AS target USING (SELECT 'B-54829F7A', 'Blue', 42.35905,...]
[2025-04-21T05:05:47.204+0000] {cursor.py:1041} INFO - query execution done
[2025-04-21T05:05:47.219+0000] {cursor.py:1028} INFO - query: [MERGE INTO MBTA_VEHICLES AS target USING (SELECT 'y1312', '743', 42.348468029, -...]
[2025-04-21T05:05:49.445+0000] {cursor.py:1041} INFO - query execution done
[2025-04-21T05:05:49.447+0000] {cursor.py:1028} INFO - query: [MERGE INTO MBTA_VEHICLES AS target USING (SELECT 'y2090', '78', 42.38223552, -71...]
[2025-04-21T05:05:52.107+0000] {cursor.py:1041} INFO - query execution done
[2025-04-21T05:05:52.108+0000] {cursor.py:1028} INFO - query: [MERGE INTO MBTA_VEHICLES AS target USING (SELECT 'y1721', '15', 42.3374938, -71....]
[2025-04-21T05:05:54.359+0000] {cursor.py:1041} INFO - query execution done
[2025-04-21T05:05:54.360+0000] {cursor.py:1028} INFO - query: [MERGE INTO MBTA_VEHICLES AS target USING (SELECT 'y2116', '109', 42.37926, -71.0...]
[2025-04-21T05:05:57.078+0000] {cursor.py:1041} INFO - query execution done
[2025-04-21T05:05:57.091+0000] {cursor.py:1028} INFO - query: [MERGE INTO MBTA_VEHICLES AS target USING (SELECT 'y1987', '77', 42.39143828, -71...]
[2025-04-21T05:05:57.057+0000] {local_task_job_runner.py:121} ERROR - Received SIGTERM. Terminating subprocesses
[2025-04-21T05:05:57.675+0000] {process_utils.py:131} INFO - Sending 15 to group 192. PIDs of all processes in the group: [192]
[2025-04-21T05:05:57.687+0000] {process_utils.py:86} INFO - Sending the signal 15 to group 192
[2025-04-21T05:05:57.695+0000] {taskinstance.py:2450} ERROR - Received SIGTERM. Terminating subprocesses.
[2025-04-21T05:05:57.713+0000] {mbta_kafka_consumer.py:212} ERROR - ❌ Error processing topic mbta_vehicles: Task received SIGTERM signal
[2025-04-21T05:05:57.724+0000] {mbta_kafka_consumer.py:233} INFO - 📥 Received 165 records from topic: mbta_vehicles
[2025-04-21T05:05:57.753+0000] {mbta_kafka_consumer.py:56} INFO - 🔍 Sample data for MBTA_VEHICLES:
[2025-04-21T05:05:57.754+0000] {mbta_kafka_consumer.py:57} INFO - 
   VEHICLE_ID ROUTE_ID  ...         STATUS                 CREATED_AT
0       y1619      34E  ...     STOPPED_AT 2025-04-21 05:05:57.727825
1     G-10223  Green-B  ...    INCOMING_AT 2025-04-21 05:05:57.727834
2  R-54829A82      Red  ...  IN_TRANSIT_TO 2025-04-21 05:05:57.727855
3       y1874        1  ...  IN_TRANSIT_TO 2025-04-21 05:05:57.727859
4       y1202       39  ...  IN_TRANSIT_TO 2025-04-21 05:05:57.727865

[5 rows x 8 columns]
[2025-04-21T05:05:57.782+0000] {cursor.py:1028} INFO - query: [SELECT * FROM MBTA_VEHICLES WHERE VEHICLE_ID IN ('y1619','G-10223','R-54829A82',...]
[2025-04-21T05:05:58.478+0000] {cursor.py:1041} INFO - query execution done
[2025-04-21T05:05:58.481+0000] {cursor.py:1205} INFO - Number of results in first chunk: 165
[2025-04-21T05:05:58.509+0000] {mbta_kafka_consumer.py:104} INFO - 🔁 156 new/updated records out of 165 incoming records (some may be duplicate VEHICLE_IDs) for MBTA_VEHICLES
[2025-04-21T05:05:58.510+0000] {cursor.py:1028} INFO - query: [MERGE INTO MBTA_VEHICLES AS target USING (SELECT 'y1619', '34E', 42.26281996, -7...]
[2025-04-21T05:05:59.177+0000] {local_task_job_runner.py:121} ERROR - Received SIGTERM. Terminating subprocesses
