[2025-04-23T01:35:33.251+0000] {taskinstance.py:1956} INFO - Dependencies all met for dep_context=non-requeueable deps ti=<TaskInstance: mbta_kafka_consumer_dag.run_kafka_consumer scheduled__2025-04-23T01:30:00+00:00 [queued]>
[2025-04-23T01:35:33.317+0000] {taskinstance.py:1956} INFO - Dependencies all met for dep_context=requeueable deps ti=<TaskInstance: mbta_kafka_consumer_dag.run_kafka_consumer scheduled__2025-04-23T01:30:00+00:00 [queued]>
[2025-04-23T01:35:33.327+0000] {taskinstance.py:2170} INFO - Starting attempt 1 of 2
[2025-04-23T01:35:33.500+0000] {taskinstance.py:2191} INFO - Executing <Task(PythonOperator): run_kafka_consumer> on 2025-04-23 01:30:00+00:00
[2025-04-23T01:35:33.537+0000] {standard_task_runner.py:60} INFO - Started process 221 to run task
[2025-04-23T01:35:33.554+0000] {standard_task_runner.py:87} INFO - Running: ['***', 'tasks', 'run', 'mbta_kafka_consumer_dag', 'run_kafka_consumer', 'scheduled__2025-04-23T01:30:00+00:00', '--job-id', '297', '--raw', '--subdir', 'DAGS_FOLDER/mbta_kafka_consumer_dag.py', '--cfg-path', '/tmp/tmp_6ga3q11']
[2025-04-23T01:35:33.580+0000] {standard_task_runner.py:88} INFO - Job 297: Subtask run_kafka_consumer
[2025-04-23T01:35:33.881+0000] {task_command.py:423} INFO - Running <TaskInstance: mbta_kafka_consumer_dag.run_kafka_consumer scheduled__2025-04-23T01:30:00+00:00 [running]> on host 577d99ce7fac
[2025-04-23T01:35:34.403+0000] {taskinstance.py:2480} INFO - Exporting env vars: AIRFLOW_CTX_DAG_OWNER='***' AIRFLOW_CTX_DAG_ID='mbta_kafka_consumer_dag' AIRFLOW_CTX_TASK_ID='run_kafka_consumer' AIRFLOW_CTX_EXECUTION_DATE='2025-04-23T01:30:00+00:00' AIRFLOW_CTX_TRY_NUMBER='1' AIRFLOW_CTX_DAG_RUN_ID='scheduled__2025-04-23T01:30:00+00:00'
[2025-04-23T01:35:34.454+0000] {connection.py:370} INFO - Snowflake Connector for Python Version: 3.6.0, Python Version: 3.9.18, Platform: Linux-6.10.14-linuxkit-aarch64-with-glibc2.36
[2025-04-23T01:35:34.463+0000] {connection.py:1171} INFO - This connection is in OCSP Fail Open Mode. TLS Certificates would be checked for validity and revocation status. Any other Certificate Revocation related exceptions or OCSP Responder failures would be disregarded in favor of connectivity.
[2025-04-23T01:35:35.498+0000] {mbta_kafka_consumer.py:45} INFO - ✅ Connected to Snowflake successfully.
[2025-04-23T01:35:35.508+0000] {mbta_kafka_consumer.py:219} INFO - 🚀 Starting MBTA Kafka Consumer...
[2025-04-23T01:35:35.522+0000] {conn.py:395} INFO - <BrokerConnection client_id=kafka-python-2.1.5, node_id=bootstrap-0 host=kafka:9092 <connecting> [IPv4 ('172.18.0.6', 9092)]>: connecting to kafka:9092 [('172.18.0.6', 9092) IPv4]
[2025-04-23T01:35:35.549+0000] {conn.py:615} INFO - <BrokerConnection client_id=kafka-python-2.1.5, node_id=bootstrap-0 host=kafka:9092 <checking_api_versions_recv> [IPv4 ('172.18.0.6', 9092)]>: Broker version identified as 2.6
[2025-04-23T01:35:35.550+0000] {conn.py:456} INFO - <BrokerConnection client_id=kafka-python-2.1.5, node_id=bootstrap-0 host=kafka:9092 <connected> [IPv4 ('172.18.0.6', 9092)]>: Connection complete.
[2025-04-23T01:35:35.554+0000] {consumer.py:119} WARNING - group_id is None: disabling auto-commit.
[2025-04-23T01:35:35.555+0000] {subscription_state.py:182} INFO - Updating subscribed topics to: ('mbta_alerts', 'mbta_routes', 'mbta_stops', 'mbta_vehicles', 'mbta_predictions')
[2025-04-23T01:35:35.566+0000] {subscription_state.py:254} INFO - Updated partition assignment: [('mbta_stops', 0), ('mbta_predictions', 0), ('mbta_alerts', 0), ('mbta_vehicles', 0), ('mbta_routes', 0)]
[2025-04-23T01:35:35.569+0000] {conn.py:395} INFO - <BrokerConnection client_id=kafka-python-2.1.5, node_id=1 host=kafka:9092 <connecting> [IPv4 ('172.18.0.6', 9092)]>: connecting to kafka:9092 [('172.18.0.6', 9092) IPv4]
[2025-04-23T01:35:35.570+0000] {conn.py:456} INFO - <BrokerConnection client_id=kafka-python-2.1.5, node_id=1 host=kafka:9092 <connected> [IPv4 ('172.18.0.6', 9092)]>: Connection complete.
[2025-04-23T01:35:35.571+0000] {conn.py:936} INFO - <BrokerConnection client_id=kafka-python-2.1.5, node_id=bootstrap-0 host=kafka:9092 <connected> [IPv4 ('172.18.0.6', 9092)]>: Closing connection. 
[2025-04-23T01:35:50.601+0000] {mbta_kafka_consumer.py:233} INFO - 📥 Received 84 records from topic: mbta_alerts
[2025-04-23T01:35:51.030+0000] {mbta_kafka_consumer.py:56} INFO - 🔍 Sample data for MBTA_ALERTS:
[2025-04-23T01:35:51.127+0000] {mbta_kafka_consumer.py:57} INFO - 
  ALERT_ID  ...                 CREATED_AT
0   639358  ...  2025-04-22T09:01:01-04:00
1   638240  ...  2025-04-16T10:52:04-04:00
2   639365  ...  2025-04-22T09:56:18-04:00
3   435698  ...  2022-03-15T10:13:31-04:00
4   634497  ...  2025-03-27T14:21:07-04:00

[5 rows x 6 columns]
[2025-04-23T01:35:52.564+0000] {cursor.py:1028} INFO - query: [SELECT * FROM MBTA_ALERTS WHERE ALERT_ID IN ('639358','638240','639365','435698'...]
[2025-04-23T01:35:52.999+0000] {cursor.py:1041} INFO - query execution done
[2025-04-23T01:35:53.068+0000] {cursor.py:1205} INFO - Number of results in first chunk: 0
[2025-04-23T01:35:54.548+0000] {mbta_kafka_consumer.py:104} INFO - 🔁 0 new/updated records out of 84 incoming records (some may be duplicate VEHICLE_IDs) for MBTA_ALERTS
[2025-04-23T01:35:54.559+0000] {mbta_kafka_consumer.py:107} INFO - ✅ All 84 records already up-to-date in MBTA_ALERTS, no merge needed.
[2025-04-23T01:35:54.567+0000] {mbta_kafka_consumer.py:233} INFO - 📥 Received 84 records from topic: mbta_alerts
[2025-04-23T01:35:54.646+0000] {mbta_kafka_consumer.py:56} INFO - 🔍 Sample data for MBTA_ALERTS:
[2025-04-23T01:35:54.681+0000] {mbta_kafka_consumer.py:57} INFO - 
  ALERT_ID  ...                 CREATED_AT
0   639358  ...  2025-04-22T09:01:01-04:00
1   638240  ...  2025-04-16T10:52:04-04:00
2   639365  ...  2025-04-22T09:56:18-04:00
3   435698  ...  2022-03-15T10:13:31-04:00
4   634497  ...  2025-03-27T14:21:07-04:00

[5 rows x 6 columns]
[2025-04-23T01:35:54.741+0000] {cursor.py:1028} INFO - query: [SELECT * FROM MBTA_ALERTS WHERE ALERT_ID IN ('639358','638240','639365','435698'...]
[2025-04-23T01:35:54.940+0000] {cursor.py:1041} INFO - query execution done
[2025-04-23T01:35:54.945+0000] {cursor.py:1205} INFO - Number of results in first chunk: 0
[2025-04-23T01:35:55.492+0000] {mbta_kafka_consumer.py:104} INFO - 🔁 0 new/updated records out of 84 incoming records (some may be duplicate VEHICLE_IDs) for MBTA_ALERTS
[2025-04-23T01:35:55.503+0000] {mbta_kafka_consumer.py:107} INFO - ✅ All 84 records already up-to-date in MBTA_ALERTS, no merge needed.
[2025-04-23T01:35:55.508+0000] {mbta_kafka_consumer.py:233} INFO - 📥 Received 84 records from topic: mbta_alerts
[2025-04-23T01:35:55.556+0000] {mbta_kafka_consumer.py:56} INFO - 🔍 Sample data for MBTA_ALERTS:
[2025-04-23T01:35:55.573+0000] {mbta_kafka_consumer.py:57} INFO - 
  ALERT_ID  ...                 CREATED_AT
0   639358  ...  2025-04-22T09:01:01-04:00
1   638240  ...  2025-04-16T10:52:04-04:00
2   639365  ...  2025-04-22T09:56:18-04:00
3   435698  ...  2022-03-15T10:13:31-04:00
4   634497  ...  2025-03-27T14:21:07-04:00

[5 rows x 6 columns]
[2025-04-23T01:35:55.677+0000] {cursor.py:1028} INFO - query: [SELECT * FROM MBTA_ALERTS WHERE ALERT_ID IN ('639358','638240','639365','435698'...]
[2025-04-23T01:35:55.892+0000] {cursor.py:1041} INFO - query execution done
[2025-04-23T01:35:55.895+0000] {cursor.py:1205} INFO - Number of results in first chunk: 0
[2025-04-23T01:35:56.338+0000] {mbta_kafka_consumer.py:104} INFO - 🔁 0 new/updated records out of 84 incoming records (some may be duplicate VEHICLE_IDs) for MBTA_ALERTS
[2025-04-23T01:35:56.350+0000] {mbta_kafka_consumer.py:107} INFO - ✅ All 84 records already up-to-date in MBTA_ALERTS, no merge needed.
[2025-04-23T01:35:56.355+0000] {mbta_kafka_consumer.py:233} INFO - 📥 Received 178 records from topic: mbta_routes
[2025-04-23T01:35:56.414+0000] {mbta_kafka_consumer.py:56} INFO - 🔍 Sample data for MBTA_ROUTES:
[2025-04-23T01:35:56.419+0000] {mbta_kafka_consumer.py:57} INFO - 
   ROUTE_ID        ROUTE_NAME  ...  ROUTE_COLOR                 CREATED_AT
0       Red          Red Line  ...       DA291C 2025-04-23 01:35:56.357637
1  Mattapan  Mattapan Trolley  ...       DA291C 2025-04-23 01:35:56.357640
2    Orange       Orange Line  ...       ED8B00 2025-04-23 01:35:56.357643
3   Green-B      Green Line B  ...       00843D 2025-04-23 01:35:56.357652
4   Green-C      Green Line C  ...       00843D 2025-04-23 01:35:56.357655

[5 rows x 5 columns]
[2025-04-23T01:35:56.449+0000] {cursor.py:1028} INFO - query: [SELECT * FROM MBTA_ROUTES WHERE ROUTE_ID IN ('Red','Mattapan','Orange','Green-B'...]
[2025-04-23T01:35:56.630+0000] {cursor.py:1041} INFO - query execution done
[2025-04-23T01:35:56.643+0000] {cursor.py:1205} INFO - Number of results in first chunk: 0
[2025-04-23T01:35:57.262+0000] {mbta_kafka_consumer.py:104} INFO - 🔁 0 new/updated records out of 178 incoming records (some may be duplicate VEHICLE_IDs) for MBTA_ROUTES
[2025-04-23T01:35:57.284+0000] {mbta_kafka_consumer.py:107} INFO - ✅ All 178 records already up-to-date in MBTA_ROUTES, no merge needed.
[2025-04-23T01:35:57.289+0000] {mbta_kafka_consumer.py:233} INFO - 📥 Received 178 records from topic: mbta_routes
[2025-04-23T01:35:57.342+0000] {mbta_kafka_consumer.py:56} INFO - 🔍 Sample data for MBTA_ROUTES:
[2025-04-23T01:35:57.348+0000] {mbta_kafka_consumer.py:57} INFO - 
   ROUTE_ID        ROUTE_NAME  ...  ROUTE_COLOR                 CREATED_AT
0       Red          Red Line  ...       DA291C 2025-04-23 01:35:57.290305
1  Mattapan  Mattapan Trolley  ...       DA291C 2025-04-23 01:35:57.290311
2    Orange       Orange Line  ...       ED8B00 2025-04-23 01:35:57.290313
3   Green-B      Green Line B  ...       00843D 2025-04-23 01:35:57.290315
4   Green-C      Green Line C  ...       00843D 2025-04-23 01:35:57.290317

[5 rows x 5 columns]
[2025-04-23T01:35:57.444+0000] {cursor.py:1028} INFO - query: [SELECT * FROM MBTA_ROUTES WHERE ROUTE_ID IN ('Red','Mattapan','Orange','Green-B'...]
[2025-04-23T01:35:57.645+0000] {cursor.py:1041} INFO - query execution done
[2025-04-23T01:35:57.660+0000] {cursor.py:1205} INFO - Number of results in first chunk: 0
[2025-04-23T01:35:58.659+0000] {mbta_kafka_consumer.py:104} INFO - 🔁 0 new/updated records out of 178 incoming records (some may be duplicate VEHICLE_IDs) for MBTA_ROUTES
[2025-04-23T01:35:58.666+0000] {mbta_kafka_consumer.py:107} INFO - ✅ All 178 records already up-to-date in MBTA_ROUTES, no merge needed.
[2025-04-23T01:35:58.668+0000] {mbta_kafka_consumer.py:233} INFO - 📥 Received 178 records from topic: mbta_routes
[2025-04-23T01:35:58.846+0000] {mbta_kafka_consumer.py:56} INFO - 🔍 Sample data for MBTA_ROUTES:
[2025-04-23T01:35:58.885+0000] {mbta_kafka_consumer.py:57} INFO - 
   ROUTE_ID        ROUTE_NAME  ...  ROUTE_COLOR                 CREATED_AT
0       Red          Red Line  ...       DA291C 2025-04-23 01:35:58.670043
1  Mattapan  Mattapan Trolley  ...       DA291C 2025-04-23 01:35:58.670057
2    Orange       Orange Line  ...       ED8B00 2025-04-23 01:35:58.670059
3   Green-B      Green Line B  ...       00843D 2025-04-23 01:35:58.670061
4   Green-C      Green Line C  ...       00843D 2025-04-23 01:35:58.670061

[5 rows x 5 columns]
[2025-04-23T01:35:59.110+0000] {cursor.py:1028} INFO - query: [SELECT * FROM MBTA_ROUTES WHERE ROUTE_ID IN ('Red','Mattapan','Orange','Green-B'...]
[2025-04-23T01:35:59.433+0000] {cursor.py:1041} INFO - query execution done
[2025-04-23T01:35:59.450+0000] {cursor.py:1205} INFO - Number of results in first chunk: 0
[2025-04-23T01:36:01.901+0000] {mbta_kafka_consumer.py:104} INFO - 🔁 0 new/updated records out of 178 incoming records (some may be duplicate VEHICLE_IDs) for MBTA_ROUTES
[2025-04-23T01:36:01.941+0000] {mbta_kafka_consumer.py:107} INFO - ✅ All 178 records already up-to-date in MBTA_ROUTES, no merge needed.
[2025-04-23T01:36:01.947+0000] {mbta_kafka_consumer.py:233} INFO - 📥 Received 178 records from topic: mbta_routes
[2025-04-23T01:36:02.577+0000] {mbta_kafka_consumer.py:56} INFO - 🔍 Sample data for MBTA_ROUTES:
[2025-04-23T01:36:02.590+0000] {mbta_kafka_consumer.py:57} INFO - 
   ROUTE_ID        ROUTE_NAME  ...  ROUTE_COLOR                 CREATED_AT
0       Red          Red Line  ...       DA291C 2025-04-23 01:36:01.953946
1  Mattapan  Mattapan Trolley  ...       DA291C 2025-04-23 01:36:01.953953
2    Orange       Orange Line  ...       ED8B00 2025-04-23 01:36:01.953963
3   Green-B      Green Line B  ...       00843D 2025-04-23 01:36:01.953965
4   Green-C      Green Line C  ...       00843D 2025-04-23 01:36:01.953965

[5 rows x 5 columns]
[2025-04-23T01:36:03.055+0000] {cursor.py:1028} INFO - query: [SELECT * FROM MBTA_ROUTES WHERE ROUTE_ID IN ('Red','Mattapan','Orange','Green-B'...]
[2025-04-23T01:36:03.429+0000] {cursor.py:1041} INFO - query execution done
[2025-04-23T01:36:03.450+0000] {cursor.py:1205} INFO - Number of results in first chunk: 0
[2025-04-23T01:36:05.827+0000] {mbta_kafka_consumer.py:104} INFO - 🔁 0 new/updated records out of 178 incoming records (some may be duplicate VEHICLE_IDs) for MBTA_ROUTES
[2025-04-23T01:36:05.829+0000] {mbta_kafka_consumer.py:107} INFO - ✅ All 178 records already up-to-date in MBTA_ROUTES, no merge needed.
[2025-04-23T01:36:05.832+0000] {mbta_kafka_consumer.py:233} INFO - 📥 Received 178 records from topic: mbta_routes
[2025-04-23T01:36:05.854+0000] {mbta_kafka_consumer.py:56} INFO - 🔍 Sample data for MBTA_ROUTES:
[2025-04-23T01:36:05.856+0000] {mbta_kafka_consumer.py:57} INFO - 
   ROUTE_ID        ROUTE_NAME  ...  ROUTE_COLOR                 CREATED_AT
0       Red          Red Line  ...       DA291C 2025-04-23 01:36:05.838429
1  Mattapan  Mattapan Trolley  ...       DA291C 2025-04-23 01:36:05.838446
2    Orange       Orange Line  ...       ED8B00 2025-04-23 01:36:05.838447
3   Green-B      Green Line B  ...       00843D 2025-04-23 01:36:05.838448
4   Green-C      Green Line C  ...       00843D 2025-04-23 01:36:05.838460

[5 rows x 5 columns]
[2025-04-23T01:36:05.875+0000] {cursor.py:1028} INFO - query: [SELECT * FROM MBTA_ROUTES WHERE ROUTE_ID IN ('Red','Mattapan','Orange','Green-B'...]
[2025-04-23T01:36:06.093+0000] {cursor.py:1041} INFO - query execution done
[2025-04-23T01:36:06.099+0000] {cursor.py:1205} INFO - Number of results in first chunk: 0
[2025-04-23T01:36:06.480+0000] {mbta_kafka_consumer.py:104} INFO - 🔁 0 new/updated records out of 178 incoming records (some may be duplicate VEHICLE_IDs) for MBTA_ROUTES
[2025-04-23T01:36:06.481+0000] {mbta_kafka_consumer.py:107} INFO - ✅ All 178 records already up-to-date in MBTA_ROUTES, no merge needed.
[2025-04-23T01:36:06.482+0000] {mbta_kafka_consumer.py:233} INFO - 📥 Received 178 records from topic: mbta_routes
[2025-04-23T01:36:06.492+0000] {mbta_kafka_consumer.py:56} INFO - 🔍 Sample data for MBTA_ROUTES:
[2025-04-23T01:36:06.493+0000] {mbta_kafka_consumer.py:57} INFO - 
   ROUTE_ID        ROUTE_NAME  ...  ROUTE_COLOR                 CREATED_AT
0       Red          Red Line  ...       DA291C 2025-04-23 01:36:06.482972
1  Mattapan  Mattapan Trolley  ...       DA291C 2025-04-23 01:36:06.482974
2    Orange       Orange Line  ...       ED8B00 2025-04-23 01:36:06.482989
3   Green-B      Green Line B  ...       00843D 2025-04-23 01:36:06.482990
4   Green-C      Green Line C  ...       00843D 2025-04-23 01:36:06.482992

[5 rows x 5 columns]
[2025-04-23T01:36:06.498+0000] {cursor.py:1028} INFO - query: [SELECT * FROM MBTA_ROUTES WHERE ROUTE_ID IN ('Red','Mattapan','Orange','Green-B'...]
[2025-04-23T01:36:06.649+0000] {cursor.py:1041} INFO - query execution done
[2025-04-23T01:36:06.654+0000] {cursor.py:1205} INFO - Number of results in first chunk: 0
[2025-04-23T01:36:07.008+0000] {mbta_kafka_consumer.py:104} INFO - 🔁 0 new/updated records out of 178 incoming records (some may be duplicate VEHICLE_IDs) for MBTA_ROUTES
[2025-04-23T01:36:07.009+0000] {mbta_kafka_consumer.py:107} INFO - ✅ All 178 records already up-to-date in MBTA_ROUTES, no merge needed.
[2025-04-23T01:36:07.010+0000] {mbta_kafka_consumer.py:233} INFO - 📥 Received 178 records from topic: mbta_routes
[2025-04-23T01:36:07.023+0000] {mbta_kafka_consumer.py:56} INFO - 🔍 Sample data for MBTA_ROUTES:
[2025-04-23T01:36:07.028+0000] {mbta_kafka_consumer.py:57} INFO - 
   ROUTE_ID        ROUTE_NAME  ...  ROUTE_COLOR                 CREATED_AT
0       Red          Red Line  ...       DA291C 2025-04-23 01:36:07.011663
1  Mattapan  Mattapan Trolley  ...       DA291C 2025-04-23 01:36:07.011672
2    Orange       Orange Line  ...       ED8B00 2025-04-23 01:36:07.011675
3   Green-B      Green Line B  ...       00843D 2025-04-23 01:36:07.011689
4   Green-C      Green Line C  ...       00843D 2025-04-23 01:36:07.011701

[5 rows x 5 columns]
[2025-04-23T01:36:07.040+0000] {cursor.py:1028} INFO - query: [SELECT * FROM MBTA_ROUTES WHERE ROUTE_ID IN ('Red','Mattapan','Orange','Green-B'...]
[2025-04-23T01:36:07.197+0000] {cursor.py:1041} INFO - query execution done
[2025-04-23T01:36:07.201+0000] {cursor.py:1205} INFO - Number of results in first chunk: 0
[2025-04-23T01:36:08.271+0000] {mbta_kafka_consumer.py:104} INFO - 🔁 0 new/updated records out of 178 incoming records (some may be duplicate VEHICLE_IDs) for MBTA_ROUTES
[2025-04-23T01:36:08.322+0000] {mbta_kafka_consumer.py:107} INFO - ✅ All 178 records already up-to-date in MBTA_ROUTES, no merge needed.
[2025-04-23T01:36:08.335+0000] {mbta_kafka_consumer.py:233} INFO - 📥 Received 178 records from topic: mbta_routes
[2025-04-23T01:36:08.363+0000] {mbta_kafka_consumer.py:56} INFO - 🔍 Sample data for MBTA_ROUTES:
[2025-04-23T01:36:08.364+0000] {mbta_kafka_consumer.py:57} INFO - 
   ROUTE_ID        ROUTE_NAME  ...  ROUTE_COLOR                 CREATED_AT
0       Red          Red Line  ...       DA291C 2025-04-23 01:36:08.337081
1  Mattapan  Mattapan Trolley  ...       DA291C 2025-04-23 01:36:08.337104
2    Orange       Orange Line  ...       ED8B00 2025-04-23 01:36:08.337110
3   Green-B      Green Line B  ...       00843D 2025-04-23 01:36:08.337114
4   Green-C      Green Line C  ...       00843D 2025-04-23 01:36:08.337117

[5 rows x 5 columns]
[2025-04-23T01:36:08.404+0000] {cursor.py:1028} INFO - query: [SELECT * FROM MBTA_ROUTES WHERE ROUTE_ID IN ('Red','Mattapan','Orange','Green-B'...]
[2025-04-23T01:36:08.666+0000] {cursor.py:1041} INFO - query execution done
[2025-04-23T01:36:08.679+0000] {cursor.py:1205} INFO - Number of results in first chunk: 0
[2025-04-23T01:36:09.300+0000] {mbta_kafka_consumer.py:104} INFO - 🔁 0 new/updated records out of 178 incoming records (some may be duplicate VEHICLE_IDs) for MBTA_ROUTES
[2025-04-23T01:36:09.314+0000] {mbta_kafka_consumer.py:107} INFO - ✅ All 178 records already up-to-date in MBTA_ROUTES, no merge needed.
[2025-04-23T01:36:09.342+0000] {mbta_kafka_consumer.py:233} INFO - 📥 Received 178 records from topic: mbta_routes
[2025-04-23T01:36:09.377+0000] {mbta_kafka_consumer.py:56} INFO - 🔍 Sample data for MBTA_ROUTES:
[2025-04-23T01:36:09.379+0000] {mbta_kafka_consumer.py:57} INFO - 
   ROUTE_ID        ROUTE_NAME  ...  ROUTE_COLOR                 CREATED_AT
0       Red          Red Line  ...       DA291C 2025-04-23 01:36:09.353606
1  Mattapan  Mattapan Trolley  ...       DA291C 2025-04-23 01:36:09.353616
2    Orange       Orange Line  ...       ED8B00 2025-04-23 01:36:09.353624
3   Green-B      Green Line B  ...       00843D 2025-04-23 01:36:09.353626
4   Green-C      Green Line C  ...       00843D 2025-04-23 01:36:09.353627

[5 rows x 5 columns]
[2025-04-23T01:36:09.399+0000] {cursor.py:1028} INFO - query: [SELECT * FROM MBTA_ROUTES WHERE ROUTE_ID IN ('Red','Mattapan','Orange','Green-B'...]
[2025-04-23T01:36:09.591+0000] {cursor.py:1041} INFO - query execution done
[2025-04-23T01:36:09.602+0000] {cursor.py:1205} INFO - Number of results in first chunk: 0
[2025-04-23T01:36:10.411+0000] {mbta_kafka_consumer.py:104} INFO - 🔁 0 new/updated records out of 178 incoming records (some may be duplicate VEHICLE_IDs) for MBTA_ROUTES
[2025-04-23T01:36:10.414+0000] {mbta_kafka_consumer.py:107} INFO - ✅ All 178 records already up-to-date in MBTA_ROUTES, no merge needed.
[2025-04-23T01:36:10.416+0000] {mbta_kafka_consumer.py:233} INFO - 📥 Received 178 records from topic: mbta_routes
[2025-04-23T01:36:10.432+0000] {mbta_kafka_consumer.py:56} INFO - 🔍 Sample data for MBTA_ROUTES:
[2025-04-23T01:36:10.433+0000] {mbta_kafka_consumer.py:57} INFO - 
   ROUTE_ID        ROUTE_NAME  ...  ROUTE_COLOR                 CREATED_AT
0       Red          Red Line  ...       DA291C 2025-04-23 01:36:10.416662
1  Mattapan  Mattapan Trolley  ...       DA291C 2025-04-23 01:36:10.416726
2    Orange       Orange Line  ...       ED8B00 2025-04-23 01:36:10.416733
3   Green-B      Green Line B  ...       00843D 2025-04-23 01:36:10.416758
4   Green-C      Green Line C  ...       00843D 2025-04-23 01:36:10.416760

[5 rows x 5 columns]
[2025-04-23T01:36:10.450+0000] {cursor.py:1028} INFO - query: [SELECT * FROM MBTA_ROUTES WHERE ROUTE_ID IN ('Red','Mattapan','Orange','Green-B'...]
[2025-04-23T01:36:10.628+0000] {cursor.py:1041} INFO - query execution done
[2025-04-23T01:36:10.629+0000] {cursor.py:1205} INFO - Number of results in first chunk: 0
[2025-04-23T01:36:11.511+0000] {mbta_kafka_consumer.py:104} INFO - 🔁 0 new/updated records out of 178 incoming records (some may be duplicate VEHICLE_IDs) for MBTA_ROUTES
[2025-04-23T01:36:11.523+0000] {mbta_kafka_consumer.py:107} INFO - ✅ All 178 records already up-to-date in MBTA_ROUTES, no merge needed.
[2025-04-23T01:36:11.528+0000] {mbta_kafka_consumer.py:233} INFO - 📥 Received 178 records from topic: mbta_routes
[2025-04-23T01:36:11.554+0000] {mbta_kafka_consumer.py:56} INFO - 🔍 Sample data for MBTA_ROUTES:
[2025-04-23T01:36:11.558+0000] {mbta_kafka_consumer.py:57} INFO - 
   ROUTE_ID        ROUTE_NAME  ...  ROUTE_COLOR                 CREATED_AT
0       Red          Red Line  ...       DA291C 2025-04-23 01:36:11.530121
1  Mattapan  Mattapan Trolley  ...       DA291C 2025-04-23 01:36:11.530145
2    Orange       Orange Line  ...       ED8B00 2025-04-23 01:36:11.530270
3   Green-B      Green Line B  ...       00843D 2025-04-23 01:36:11.530293
4   Green-C      Green Line C  ...       00843D 2025-04-23 01:36:11.530303

[5 rows x 5 columns]
[2025-04-23T01:36:11.581+0000] {cursor.py:1028} INFO - query: [SELECT * FROM MBTA_ROUTES WHERE ROUTE_ID IN ('Red','Mattapan','Orange','Green-B'...]
[2025-04-23T01:36:11.778+0000] {cursor.py:1041} INFO - query execution done
[2025-04-23T01:36:11.783+0000] {cursor.py:1205} INFO - Number of results in first chunk: 0
[2025-04-23T01:36:12.085+0000] {mbta_kafka_consumer.py:104} INFO - 🔁 0 new/updated records out of 178 incoming records (some may be duplicate VEHICLE_IDs) for MBTA_ROUTES
[2025-04-23T01:36:12.087+0000] {mbta_kafka_consumer.py:107} INFO - ✅ All 178 records already up-to-date in MBTA_ROUTES, no merge needed.
[2025-04-23T01:36:12.091+0000] {mbta_kafka_consumer.py:233} INFO - 📥 Received 390 records from topic: mbta_vehicles
[2025-04-23T01:36:12.199+0000] {mbta_kafka_consumer.py:56} INFO - 🔍 Sample data for MBTA_VEHICLES:
[2025-04-23T01:36:12.201+0000] {mbta_kafka_consumer.py:57} INFO - 
   VEHICLE_ID ROUTE_ID  ...         STATUS                 CREATED_AT
0       y3270       23  ...     STOPPED_AT 2025-04-23 01:36:12.110715
1       y3236       66  ...  IN_TRANSIT_TO 2025-04-23 01:36:12.110799
2     G-10268  Green-C  ...    INCOMING_AT 2025-04-23 01:36:12.110809
3       y2101       71  ...     STOPPED_AT 2025-04-23 01:36:12.110814
4  O-5482A351   Orange  ...     STOPPED_AT 2025-04-23 01:36:12.110834

[5 rows x 8 columns]
[2025-04-23T01:36:12.232+0000] {cursor.py:1028} INFO - query: [SELECT * FROM MBTA_VEHICLES WHERE VEHICLE_ID IN ('y3270','y3236','G-10268','y210...]
[2025-04-23T01:36:12.534+0000] {cursor.py:1041} INFO - query execution done
[2025-04-23T01:36:12.538+0000] {cursor.py:1205} INFO - Number of results in first chunk: 422
[2025-04-23T01:36:12.672+0000] {mbta_kafka_consumer.py:104} INFO - 🔁 273 new/updated records out of 390 incoming records (some may be duplicate VEHICLE_IDs) for MBTA_VEHICLES
[2025-04-23T01:36:12.677+0000] {cursor.py:1028} INFO - query: [MERGE INTO MBTA_VEHICLES AS target USING (SELECT 'y3327', '119', 42.40806446, -7...]
[2025-04-23T01:36:15.247+0000] {cursor.py:1041} INFO - query execution done
[2025-04-23T01:36:15.365+0000] {cursor.py:1028} INFO - query: [MERGE INTO MBTA_VEHICLES AS target USING (SELECT 'R-5482AB81', 'Red', 42.2773, -...]
[2025-04-23T01:36:17.579+0000] {cursor.py:1041} INFO - query execution done
[2025-04-23T01:36:17.735+0000] {cursor.py:1028} INFO - query: [MERGE INTO MBTA_VEHICLES AS target USING (SELECT 'y2085', '87', 42.37216698, -71...]
[2025-04-23T01:36:19.530+0000] {cursor.py:1041} INFO - query execution done
[2025-04-23T01:36:19.574+0000] {cursor.py:1028} INFO - query: [MERGE INTO MBTA_VEHICLES AS target USING (SELECT 'y1815', '1', 42.37303, -71.117...]
[2025-04-23T01:36:21.409+0000] {cursor.py:1041} INFO - query execution done
[2025-04-23T01:36:21.414+0000] {cursor.py:1028} INFO - query: [MERGE INTO MBTA_VEHICLES AS target USING (SELECT 'y1815', '1', 42.37303, -71.117...]
[2025-04-23T01:36:23.479+0000] {cursor.py:1041} INFO - query execution done
[2025-04-23T01:36:23.491+0000] {cursor.py:1028} INFO - query: [MERGE INTO MBTA_VEHICLES AS target USING (SELECT 'y1815', '1', 42.37303, -71.117...]
[2025-04-23T01:36:25.453+0000] {cursor.py:1041} INFO - query execution done
[2025-04-23T01:36:25.461+0000] {cursor.py:1028} INFO - query: [MERGE INTO MBTA_VEHICLES AS target USING (SELECT 'y1815', '1', 42.37303, -71.117...]
[2025-04-23T01:36:27.579+0000] {cursor.py:1041} INFO - query execution done
[2025-04-23T01:36:27.585+0000] {cursor.py:1028} INFO - query: [MERGE INTO MBTA_VEHICLES AS target USING (SELECT 'y1815', '1', 42.37303, -71.117...]
[2025-04-23T01:36:29.733+0000] {cursor.py:1041} INFO - query execution done
[2025-04-23T01:36:29.742+0000] {cursor.py:1028} INFO - query: [MERGE INTO MBTA_VEHICLES AS target USING (SELECT 'y1815', '1', 42.37303, -71.117...]
[2025-04-23T01:36:31.606+0000] {cursor.py:1041} INFO - query execution done
[2025-04-23T01:36:31.619+0000] {cursor.py:1028} INFO - query: [MERGE INTO MBTA_VEHICLES AS target USING (SELECT 'y1815', '1', 42.37303, -71.117...]
[2025-04-23T01:36:34.235+0000] {cursor.py:1041} INFO - query execution done
[2025-04-23T01:36:35.599+0000] {cursor.py:1028} INFO - query: [MERGE INTO MBTA_VEHICLES AS target USING (SELECT 'y1815', '1', 42.37303, -71.117...]
[2025-04-23T01:36:37.164+0000] {cursor.py:1041} INFO - query execution done
[2025-04-23T01:36:37.169+0000] {cursor.py:1028} INFO - query: [MERGE INTO MBTA_VEHICLES AS target USING (SELECT 'y1815', '1', 42.37303, -71.117...]
[2025-04-23T01:36:39.288+0000] {cursor.py:1041} INFO - query execution done
[2025-04-23T01:36:39.297+0000] {cursor.py:1028} INFO - query: [MERGE INTO MBTA_VEHICLES AS target USING (SELECT 'y1815', '1', 42.37303, -71.117...]
[2025-04-23T01:36:41.566+0000] {cursor.py:1041} INFO - query execution done
[2025-04-23T01:36:41.577+0000] {cursor.py:1028} INFO - query: [MERGE INTO MBTA_VEHICLES AS target USING (SELECT 'y1815', '1', 42.37303, -71.117...]
[2025-04-23T01:36:43.700+0000] {cursor.py:1041} INFO - query execution done
[2025-04-23T01:36:43.810+0000] {cursor.py:1028} INFO - query: [MERGE INTO MBTA_VEHICLES AS target USING (SELECT 'y1815', '1', 42.37303, -71.117...]
[2025-04-23T01:36:46.020+0000] {cursor.py:1041} INFO - query execution done
[2025-04-23T01:36:46.413+0000] {cursor.py:1028} INFO - query: [MERGE INTO MBTA_VEHICLES AS target USING (SELECT 'y1815', '1', 42.37303, -71.117...]
[2025-04-23T01:36:47.827+0000] {cursor.py:1041} INFO - query execution done
[2025-04-23T01:36:47.830+0000] {cursor.py:1028} INFO - query: [MERGE INTO MBTA_VEHICLES AS target USING (SELECT 'y1815', '1', 42.37303, -71.117...]
[2025-04-23T01:36:50.618+0000] {cursor.py:1041} INFO - query execution done
[2025-04-23T01:36:50.621+0000] {cursor.py:1028} INFO - query: [MERGE INTO MBTA_VEHICLES AS target USING (SELECT 'y1815', '1', 42.37303, -71.117...]
[2025-04-23T01:36:53.070+0000] {cursor.py:1041} INFO - query execution done
[2025-04-23T01:36:53.078+0000] {cursor.py:1028} INFO - query: [MERGE INTO MBTA_VEHICLES AS target USING (SELECT 'y1815', '1', 42.37303, -71.117...]
[2025-04-23T01:36:56.138+0000] {cursor.py:1041} INFO - query execution done
[2025-04-23T01:36:56.389+0000] {cursor.py:1028} INFO - query: [MERGE INTO MBTA_VEHICLES AS target USING (SELECT 'y1815', '1', 42.37303, -71.117...]
[2025-04-23T01:36:58.008+0000] {cursor.py:1041} INFO - query execution done
[2025-04-23T01:36:58.075+0000] {cursor.py:1028} INFO - query: [MERGE INTO MBTA_VEHICLES AS target USING (SELECT 'y2058', '101', 42.42644516, -7...]
[2025-04-23T01:36:59.627+0000] {cursor.py:1041} INFO - query execution done
[2025-04-23T01:36:59.653+0000] {cursor.py:1028} INFO - query: [MERGE INTO MBTA_VEHICLES AS target USING (SELECT 'R-54829A82', 'Red', 42.39454, ...]
[2025-04-23T01:37:01.765+0000] {cursor.py:1041} INFO - query execution done
[2025-04-23T01:37:01.771+0000] {cursor.py:1028} INFO - query: [MERGE INTO MBTA_VEHICLES AS target USING (SELECT 'y2108', '95', 42.41198004, -71...]
[2025-04-23T01:37:03.811+0000] {cursor.py:1041} INFO - query execution done
[2025-04-23T01:37:03.821+0000] {cursor.py:1028} INFO - query: [MERGE INTO MBTA_VEHICLES AS target USING (SELECT 'y2096', '104', 42.38276873, -7...]
[2025-04-23T01:37:05.826+0000] {cursor.py:1041} INFO - query execution done
[2025-04-23T01:37:05.833+0000] {cursor.py:1028} INFO - query: [MERGE INTO MBTA_VEHICLES AS target USING (SELECT 'y1606', '30', 42.27125276, -71...]
[2025-04-23T01:37:08.204+0000] {cursor.py:1041} INFO - query execution done
[2025-04-23T01:37:08.294+0000] {cursor.py:1028} INFO - query: [MERGE INTO MBTA_VEHICLES AS target USING (SELECT 'y3259', '66', 42.358047169, -7...]
[2025-04-23T01:37:10.209+0000] {cursor.py:1041} INFO - query execution done
[2025-04-23T01:37:10.232+0000] {cursor.py:1028} INFO - query: [MERGE INTO MBTA_VEHICLES AS target USING (SELECT 'R-5482AA90', 'Red', 42.36553, ...]
[2025-04-23T01:37:12.333+0000] {cursor.py:1041} INFO - query execution done
[2025-04-23T01:37:12.361+0000] {cursor.py:1028} INFO - query: [MERGE INTO MBTA_VEHICLES AS target USING (SELECT 'R-5482A2DC', 'Red', 42.32052, ...]
[2025-04-23T01:37:14.380+0000] {cursor.py:1041} INFO - query execution done
[2025-04-23T01:37:14.390+0000] {cursor.py:1028} INFO - query: [MERGE INTO MBTA_VEHICLES AS target USING (SELECT 'y1642', '34E', 42.19530313, -7...]
[2025-04-23T01:37:16.387+0000] {cursor.py:1041} INFO - query execution done
[2025-04-23T01:37:16.402+0000] {cursor.py:1028} INFO - query: [MERGE INTO MBTA_VEHICLES AS target USING (SELECT 'y2031', '86', 42.36333729, -71...]
[2025-04-23T01:37:18.925+0000] {cursor.py:1041} INFO - query execution done
[2025-04-23T01:37:18.982+0000] {cursor.py:1028} INFO - query: [MERGE INTO MBTA_VEHICLES AS target USING (SELECT 'y1680', '4050', 42.28829511, -...]
[2025-04-23T01:37:23.948+0000] {cursor.py:1041} INFO - query execution done
[2025-04-23T01:37:26.745+0000] {cursor.py:1028} INFO - query: [MERGE INTO MBTA_VEHICLES AS target USING (SELECT '1843', 'CR-Franklin', 42.17973...]
[2025-04-23T01:37:28.195+0000] {cursor.py:1041} INFO - query execution done
[2025-04-23T01:37:28.206+0000] {cursor.py:1028} INFO - query: [MERGE INTO MBTA_VEHICLES AS target USING (SELECT 'y0815', '220', 42.24700178, -7...]
[2025-04-23T01:37:30.315+0000] {cursor.py:1041} INFO - query execution done
[2025-04-23T01:37:30.319+0000] {cursor.py:1028} INFO - query: [MERGE INTO MBTA_VEHICLES AS target USING (SELECT 'y1829', '15', 42.30411454, -71...]
[2025-04-23T01:37:32.701+0000] {cursor.py:1041} INFO - query execution done
[2025-04-23T01:37:32.707+0000] {cursor.py:1028} INFO - query: [MERGE INTO MBTA_VEHICLES AS target USING (SELECT 'y1312', '743', 42.39561162, -7...]
[2025-04-23T01:37:34.630+0000] {cursor.py:1041} INFO - query execution done
[2025-04-23T01:37:34.634+0000] {cursor.py:1028} INFO - query: [MERGE INTO MBTA_VEHICLES AS target USING (SELECT 'y2090', '104', 42.42863768, -7...]
[2025-04-23T01:37:37.020+0000] {cursor.py:1041} INFO - query execution done
[2025-04-23T01:37:37.027+0000] {cursor.py:1028} INFO - query: [MERGE INTO MBTA_VEHICLES AS target USING (SELECT 'y2116', '111', 42.40403454, -7...]
[2025-04-23T01:37:39.205+0000] {cursor.py:1041} INFO - query execution done
[2025-04-23T01:37:39.232+0000] {cursor.py:1028} INFO - query: [MERGE INTO MBTA_VEHICLES AS target USING (SELECT 'y1987', '112', 42.40465, -71.0...]
[2025-04-23T01:37:42.029+0000] {cursor.py:1041} INFO - query execution done
[2025-04-23T01:37:42.058+0000] {cursor.py:1028} INFO - query: [MERGE INTO MBTA_VEHICLES AS target USING (SELECT 'G-10169', 'Green-D', 42.31941,...]
[2025-04-23T01:37:44.644+0000] {cursor.py:1041} INFO - query execution done
[2025-04-23T01:37:44.651+0000] {cursor.py:1028} INFO - query: [MERGE INTO MBTA_VEHICLES AS target USING (SELECT 'y2109', '350', 42.477145919, -...]
[2025-04-23T01:37:47.084+0000] {cursor.py:1041} INFO - query execution done
[2025-04-23T01:37:47.098+0000] {cursor.py:1028} INFO - query: [MERGE INTO MBTA_VEHICLES AS target USING (SELECT 'y0777', '225', 42.24793778, -7...]
[2025-04-23T01:37:49.648+0000] {cursor.py:1041} INFO - query execution done
[2025-04-23T01:37:49.653+0000] {cursor.py:1028} INFO - query: [MERGE INTO MBTA_VEHICLES AS target USING (SELECT 'G-10046', 'Green-C', 42.33965,...]
[2025-04-23T01:37:51.955+0000] {cursor.py:1041} INFO - query execution done
[2025-04-23T01:37:51.967+0000] {cursor.py:1028} INFO - query: [MERGE INTO MBTA_VEHICLES AS target USING (SELECT 'G-10392', 'Green-B', 42.35356,...]
[2025-04-23T01:37:54.619+0000] {cursor.py:1041} INFO - query execution done
[2025-04-23T01:37:54.623+0000] {cursor.py:1028} INFO - query: [MERGE INTO MBTA_VEHICLES AS target USING (SELECT 'y0763', '216', 42.272208589, -...]
[2025-04-23T01:37:56.869+0000] {cursor.py:1041} INFO - query execution done
[2025-04-23T01:37:56.871+0000] {cursor.py:1028} INFO - query: [MERGE INTO MBTA_VEHICLES AS target USING (SELECT 'y1431', '116', 42.40047466, -7...]
[2025-04-23T01:37:59.297+0000] {cursor.py:1041} INFO - query execution done
[2025-04-23T01:37:59.510+0000] {cursor.py:1028} INFO - query: [MERGE INTO MBTA_VEHICLES AS target USING (SELECT 'y2021', '80', 42.40153233, -71...]
[2025-04-23T01:38:01.452+0000] {cursor.py:1041} INFO - query execution done
[2025-04-23T01:38:01.487+0000] {cursor.py:1028} INFO - query: [MERGE INTO MBTA_VEHICLES AS target USING (SELECT 'y1275', '749', 42.35118972, -7...]
[2025-04-23T01:38:04.097+0000] {cursor.py:1041} INFO - query execution done
[2025-04-23T01:38:04.104+0000] {cursor.py:1028} INFO - query: [MERGE INTO MBTA_VEHICLES AS target USING (SELECT 'y1831', '1', 42.34735472, -71....]
[2025-04-23T01:38:06.267+0000] {cursor.py:1041} INFO - query execution done
[2025-04-23T01:38:06.270+0000] {cursor.py:1028} INFO - query: [MERGE INTO MBTA_VEHICLES AS target USING (SELECT 'y1662', '35', 42.28698387, -71...]
[2025-04-23T01:38:08.709+0000] {cursor.py:1041} INFO - query execution done
[2025-04-23T01:38:08.716+0000] {cursor.py:1028} INFO - query: [MERGE INTO MBTA_VEHICLES AS target USING (SELECT 'y3324', '426', 42.43082283, -7...]
[2025-04-23T01:38:10.972+0000] {cursor.py:1041} INFO - query execution done
[2025-04-23T01:38:10.977+0000] {cursor.py:1028} INFO - query: [MERGE INTO MBTA_VEHICLES AS target USING (SELECT 'y0827', '230', 42.1921823, -71...]
[2025-04-23T01:38:13.330+0000] {cursor.py:1041} INFO - query execution done
[2025-04-23T01:38:13.359+0000] {cursor.py:1028} INFO - query: [MERGE INTO MBTA_VEHICLES AS target USING (SELECT '1819', 'CR-Fairmount', 42.3461...]
[2025-04-23T01:38:16.150+0000] {cursor.py:1041} INFO - query execution done
[2025-04-23T01:38:16.165+0000] {cursor.py:1028} INFO - query: [MERGE INTO MBTA_VEHICLES AS target USING (SELECT 'y1727', '16', 42.30080576, -71...]
[2025-04-23T01:38:18.487+0000] {cursor.py:1041} INFO - query execution done
[2025-04-23T01:38:18.491+0000] {cursor.py:1028} INFO - query: [MERGE INTO MBTA_VEHICLES AS target USING (SELECT 'G-10365', 'Green-D', 42.33034,...]
[2025-04-23T01:38:20.945+0000] {cursor.py:1041} INFO - query execution done
[2025-04-23T01:38:20.992+0000] {cursor.py:1028} INFO - query: [MERGE INTO MBTA_VEHICLES AS target USING (SELECT 'y2081', '74', 42.381436129, -7...]
[2025-04-23T01:38:22.917+0000] {cursor.py:1041} INFO - query execution done
[2025-04-23T01:38:23.079+0000] {cursor.py:1028} INFO - query: [MERGE INTO MBTA_VEHICLES AS target USING (SELECT 'y3279', '553', 42.37448, -71.2...]
[2025-04-23T01:38:25.847+0000] {cursor.py:1041} INFO - query execution done
[2025-04-23T01:38:25.861+0000] {cursor.py:1028} INFO - query: [MERGE INTO MBTA_VEHICLES AS target USING (SELECT 'y1432', '354', 42.51271044, -7...]
[2025-04-23T01:38:28.198+0000] {cursor.py:1041} INFO - query execution done
[2025-04-23T01:38:28.208+0000] {cursor.py:1028} INFO - query: [MERGE INTO MBTA_VEHICLES AS target USING (SELECT 'y1283', '751', 42.34894528, -7...]
[2025-04-23T01:38:32.853+0000] {cursor.py:1041} INFO - query execution done
[2025-04-23T01:38:36.484+0000] {cursor.py:1028} INFO - query: [MERGE INTO MBTA_VEHICLES AS target USING (SELECT 'y1668', '36', 42.280369059, -7...]
[2025-04-23T01:38:40.603+0000] {cursor.py:1041} INFO - query execution done
[2025-04-23T01:38:40.840+0000] {cursor.py:1028} INFO - query: [MERGE INTO MBTA_VEHICLES AS target USING (SELECT 'B-5482AB0A', 'Blue', 42.36128,...]
[2025-04-23T01:38:42.485+0000] {cursor.py:1041} INFO - query execution done
[2025-04-23T01:38:42.508+0000] {cursor.py:1028} INFO - query: [MERGE INTO MBTA_VEHICLES AS target USING (SELECT 'y0802', '201', 42.28654047, -7...]
[2025-04-23T01:38:44.609+0000] {cursor.py:1041} INFO - query execution done
[2025-04-23T01:38:44.630+0000] {cursor.py:1028} INFO - query: [MERGE INTO MBTA_VEHICLES AS target USING (SELECT 'y3271', '60', 42.319638019, -7...]
[2025-04-23T01:38:46.744+0000] {cursor.py:1041} INFO - query execution done
[2025-04-23T01:38:46.750+0000] {cursor.py:1028} INFO - query: [MERGE INTO MBTA_VEHICLES AS target USING (SELECT 'y1645', '21', 42.284651169, -7...]
[2025-04-23T01:38:48.575+0000] {cursor.py:1041} INFO - query execution done
[2025-04-23T01:38:48.586+0000] {cursor.py:1028} INFO - query: [MERGE INTO MBTA_VEHICLES AS target USING (SELECT 'y0818', '240', 42.12591794, -7...]
[2025-04-23T01:38:50.995+0000] {cursor.py:1041} INFO - query execution done
[2025-04-23T01:38:50.998+0000] {cursor.py:1028} INFO - query: [MERGE INTO MBTA_VEHICLES AS target USING (SELECT 'y1277', '751', 42.33314738, -7...]
[2025-04-23T01:38:53.060+0000] {cursor.py:1041} INFO - query execution done
[2025-04-23T01:38:53.069+0000] {cursor.py:1028} INFO - query: [MERGE INTO MBTA_VEHICLES AS target USING (SELECT 'y1823', '1', 42.37098685, -71....]
[2025-04-23T01:38:55.844+0000] {cursor.py:1041} INFO - query execution done
[2025-04-23T01:38:55.855+0000] {cursor.py:1028} INFO - query: [MERGE INTO MBTA_VEHICLES AS target USING (SELECT 'y3122', '109', 42.3786163, -71...]
[2025-04-23T01:38:57.819+0000] {cursor.py:1041} INFO - query execution done
[2025-04-23T01:38:57.831+0000] {cursor.py:1028} INFO - query: [MERGE INTO MBTA_VEHICLES AS target USING (SELECT 'y3209', '66', 42.37668, -71.11...]
[2025-04-23T01:38:59.947+0000] {cursor.py:1041} INFO - query execution done
[2025-04-23T01:38:59.949+0000] {cursor.py:1028} INFO - query: [MERGE INTO MBTA_VEHICLES AS target USING (SELECT 'y3346', '116', 42.37569, -71.0...]
[2025-04-23T01:39:01.841+0000] {cursor.py:1041} INFO - query execution done
[2025-04-23T01:39:01.845+0000] {cursor.py:1028} INFO - query: [MERGE INTO MBTA_VEHICLES AS target USING (SELECT 'y1419', '116', 42.37844504, -7...]
[2025-04-23T01:39:04.151+0000] {cursor.py:1041} INFO - query execution done
[2025-04-23T01:39:04.157+0000] {cursor.py:1028} INFO - query: [MERGE INTO MBTA_VEHICLES AS target USING (SELECT 'G-10065', 'Green-E', 42.37615,...]
[2025-04-23T01:39:06.288+0000] {cursor.py:1041} INFO - query execution done
[2025-04-23T01:39:06.290+0000] {cursor.py:1028} INFO - query: [MERGE INTO MBTA_VEHICLES AS target USING (SELECT 'y2065', '106', 42.42952551, -7...]
[2025-04-23T01:39:08.649+0000] {cursor.py:1041} INFO - query execution done
[2025-04-23T01:39:08.655+0000] {cursor.py:1028} INFO - query: [MERGE INTO MBTA_VEHICLES AS target USING (SELECT 'y1925', '110', 42.41254916, -7...]
[2025-04-23T01:39:10.596+0000] {cursor.py:1041} INFO - query execution done
[2025-04-23T01:39:10.599+0000] {cursor.py:1028} INFO - query: [MERGE INTO MBTA_VEHICLES AS target USING (SELECT '1802', 'CR-Needham', 42.294010...]
[2025-04-23T01:39:12.794+0000] {cursor.py:1041} INFO - query execution done
[2025-04-23T01:39:12.840+0000] {cursor.py:1028} INFO - query: [MERGE INTO MBTA_VEHICLES AS target USING (SELECT '1839', 'CR-Providence', 42.332...]
[2025-04-23T01:39:14.804+0000] {cursor.py:1041} INFO - query execution done
[2025-04-23T01:39:14.819+0000] {cursor.py:1028} INFO - query: [MERGE INTO MBTA_VEHICLES AS target USING (SELECT 'y1750', '22', 42.291134599, -7...]
[2025-04-23T01:39:16.932+0000] {cursor.py:1041} INFO - query execution done
[2025-04-23T01:39:16.937+0000] {cursor.py:1028} INFO - query: [MERGE INTO MBTA_VEHICLES AS target USING (SELECT 'y3001', '713', 42.38266391, -7...]
[2025-04-23T01:39:18.770+0000] {cursor.py:1041} INFO - query execution done
[2025-04-23T01:39:18.774+0000] {cursor.py:1028} INFO - query: [MERGE INTO MBTA_VEHICLES AS target USING (SELECT 'y1858', '60', 42.34664, -71.09...]
[2025-04-23T01:39:20.943+0000] {cursor.py:1041} INFO - query execution done
[2025-04-23T01:39:20.952+0000] {cursor.py:1028} INFO - query: [MERGE INTO MBTA_VEHICLES AS target USING (SELECT 'O-5482AAB0', 'Orange', 42.4016...]
[2025-04-23T01:39:23.165+0000] {cursor.py:1041} INFO - query execution done
[2025-04-23T01:39:23.180+0000] {cursor.py:1028} INFO - query: [MERGE INTO MBTA_VEHICLES AS target USING (SELECT 'R-54828E9A', 'Red', 42.37529, ...]
[2025-04-23T01:39:25.499+0000] {cursor.py:1041} INFO - query execution done
[2025-04-23T01:39:25.501+0000] {cursor.py:1028} INFO - query: [MERGE INTO MBTA_VEHICLES AS target USING (SELECT 'y0785', '238', 42.21897382, -7...]
[2025-04-23T01:39:27.629+0000] {cursor.py:1041} INFO - query execution done
[2025-04-23T01:39:27.634+0000] {cursor.py:1028} INFO - query: [MERGE INTO MBTA_VEHICLES AS target USING (SELECT 'y1790', '45', 42.329104489, -7...]
[2025-04-23T01:39:29.943+0000] {cursor.py:1041} INFO - query execution done
[2025-04-23T01:39:29.945+0000] {cursor.py:1028} INFO - query: [MERGE INTO MBTA_VEHICLES AS target USING (SELECT 'y1961', '101', 42.38802, -71.0...]
[2025-04-23T01:39:32.102+0000] {cursor.py:1041} INFO - query execution done
[2025-04-23T01:39:32.106+0000] {cursor.py:1028} INFO - query: [MERGE INTO MBTA_VEHICLES AS target USING (SELECT 'y1915', '15', 42.29913543, -71...]
[2025-04-23T01:39:34.547+0000] {cursor.py:1041} INFO - query execution done
[2025-04-23T01:39:34.550+0000] {cursor.py:1028} INFO - query: [MERGE INTO MBTA_VEHICLES AS target USING (SELECT 'y0806', '226', 42.17974204, -7...]
[2025-04-23T01:39:36.803+0000] {cursor.py:1041} INFO - query execution done
[2025-04-23T01:39:36.812+0000] {cursor.py:1028} INFO - query: [MERGE INTO MBTA_VEHICLES AS target USING (SELECT 'y2083', '70', 42.362800559, -7...]
[2025-04-23T01:39:38.971+0000] {cursor.py:1041} INFO - query execution done
[2025-04-23T01:39:38.977+0000] {cursor.py:1028} INFO - query: [MERGE INTO MBTA_VEHICLES AS target USING (SELECT 'y1881', '1', 42.3355126, -71.0...]
[2025-04-23T01:39:41.166+0000] {cursor.py:1041} INFO - query execution done
[2025-04-23T01:39:41.178+0000] {cursor.py:1028} INFO - query: [MERGE INTO MBTA_VEHICLES AS target USING (SELECT 'y3351', '116', 42.4124465, -71...]
[2025-04-23T01:39:45.304+0000] {cursor.py:1041} INFO - query execution done
[2025-04-23T01:39:45.308+0000] {cursor.py:1028} INFO - query: [MERGE INTO MBTA_VEHICLES AS target USING (SELECT 'G-10342', 'Green-B', 42.34009,...]
[2025-04-23T01:39:47.405+0000] {cursor.py:1041} INFO - query execution done
[2025-04-23T01:39:47.407+0000] {cursor.py:1028} INFO - query: [MERGE INTO MBTA_VEHICLES AS target USING (SELECT 'y1706', '32', 42.25612399, -71...]
[2025-04-23T01:39:49.960+0000] {cursor.py:1041} INFO - query execution done
[2025-04-23T01:39:49.963+0000] {cursor.py:1028} INFO - query: [MERGE INTO MBTA_VEHICLES AS target USING (SELECT 'y3255', '57', 42.34992984, -71...]
[2025-04-23T01:39:52.428+0000] {cursor.py:1041} INFO - query execution done
[2025-04-23T01:39:52.514+0000] {cursor.py:1028} INFO - query: [MERGE INTO MBTA_VEHICLES AS target USING (SELECT 'y1971', '70', 42.364909529, -7...]
[2025-04-23T01:39:55.414+0000] {cursor.py:1041} INFO - query execution done
[2025-04-23T01:39:56.283+0000] {cursor.py:1028} INFO - query: [MERGE INTO MBTA_VEHICLES AS target USING (SELECT 'G-10395', 'Green-B', 42.35305,...]
[2025-04-23T01:39:57.685+0000] {cursor.py:1041} INFO - query execution done
[2025-04-23T01:39:57.694+0000] {cursor.py:1028} INFO - query: [MERGE INTO MBTA_VEHICLES AS target USING (SELECT 'y2014', '110', 42.41315, -70.9...]
[2025-04-23T01:39:59.912+0000] {cursor.py:1041} INFO - query execution done
[2025-04-23T01:39:59.918+0000] {cursor.py:1028} INFO - query: [MERGE INTO MBTA_VEHICLES AS target USING (SELECT 'y1946', '89', 42.38738075, -71...]
[2025-04-23T01:40:02.119+0000] {cursor.py:1041} INFO - query execution done
[2025-04-23T01:40:02.124+0000] {cursor.py:1028} INFO - query: [MERGE INTO MBTA_VEHICLES AS target USING (SELECT 'y3303', '116', 42.41843052, -7...]
[2025-04-23T01:40:04.450+0000] {cursor.py:1041} INFO - query execution done
[2025-04-23T01:40:04.462+0000] {cursor.py:1028} INFO - query: [MERGE INTO MBTA_VEHICLES AS target USING (SELECT 'y1650', '29', 42.28760894, -71...]
[2025-04-23T01:40:06.438+0000] {cursor.py:1041} INFO - query execution done
[2025-04-23T01:40:06.459+0000] {cursor.py:1028} INFO - query: [MERGE INTO MBTA_VEHICLES AS target USING (SELECT 'y1903', '66', 42.33396182, -71...]
[2025-04-23T01:40:08.660+0000] {cursor.py:1041} INFO - query execution done
[2025-04-23T01:40:08.667+0000] {cursor.py:1028} INFO - query: [MERGE INTO MBTA_VEHICLES AS target USING (SELECT 'y1634', '32', 42.24051741, -71...]
[2025-04-23T01:40:10.902+0000] {cursor.py:1041} INFO - query execution done
[2025-04-23T01:40:10.907+0000] {cursor.py:1028} INFO - query: [MERGE INTO MBTA_VEHICLES AS target USING (SELECT 'O-5482A813', 'Orange', 42.4016...]
[2025-04-23T01:40:13.146+0000] {cursor.py:1041} INFO - query execution done
[2025-04-23T01:40:13.200+0000] {cursor.py:1028} INFO - query: [MERGE INTO MBTA_VEHICLES AS target USING (SELECT 'y1845', '16', 42.31424408, -71...]
[2025-04-23T01:40:15.704+0000] {cursor.py:1041} INFO - query execution done
[2025-04-23T01:40:15.707+0000] {cursor.py:1028} INFO - query: [MERGE INTO MBTA_VEHICLES AS target USING (SELECT 'y1254', '28', 42.31584751, -71...]
[2025-04-23T01:40:17.988+0000] {cursor.py:1041} INFO - query execution done
[2025-04-23T01:40:18.063+0000] {cursor.py:1028} INFO - query: [MERGE INTO MBTA_VEHICLES AS target USING (SELECT 'y3130', '109', 42.40168536, -7...]
[2025-04-23T01:40:20.282+0000] {cursor.py:1041} INFO - query execution done
[2025-04-23T01:40:20.315+0000] {cursor.py:1028} INFO - query: [MERGE INTO MBTA_VEHICLES AS target USING (SELECT 'y3118', '96', 42.41167244, -71...]
[2025-04-23T01:40:22.467+0000] {cursor.py:1041} INFO - query execution done
[2025-04-23T01:40:22.474+0000] {cursor.py:1028} INFO - query: [MERGE INTO MBTA_VEHICLES AS target USING (SELECT 'G-10115', 'Green-B', 42.34863,...]
[2025-04-23T01:40:24.421+0000] {cursor.py:1041} INFO - query execution done
[2025-04-23T01:40:24.428+0000] {cursor.py:1028} INFO - query: [MERGE INTO MBTA_VEHICLES AS target USING (SELECT 'G-10251', 'Green-B', 42.34897,...]
[2025-04-23T01:40:26.484+0000] {cursor.py:1041} INFO - query execution done
[2025-04-23T01:40:26.490+0000] {cursor.py:1028} INFO - query: [MERGE INTO MBTA_VEHICLES AS target USING (SELECT '1828', 'CR-NewBedford', 41.865...]
[2025-04-23T01:40:28.671+0000] {cursor.py:1041} INFO - query execution done
[2025-04-23T01:40:28.681+0000] {cursor.py:1028} INFO - query: [MERGE INTO MBTA_VEHICLES AS target USING (SELECT 'y1860', '45', 42.31489835, -71...]
[2025-04-23T01:40:30.899+0000] {cursor.py:1041} INFO - query execution done
[2025-04-23T01:40:31.005+0000] {cursor.py:1028} INFO - query: [MERGE INTO MBTA_VEHICLES AS target USING (SELECT 'G-10389', 'Green-D', 42.33193,...]
[2025-04-23T01:40:33.067+0000] {cursor.py:1041} INFO - query execution done
[2025-04-23T01:40:33.189+0000] {cursor.py:1028} INFO - query: [MERGE INTO MBTA_VEHICLES AS target USING (SELECT 'y1629', '30', 42.297184029, -7...]
[2025-04-23T01:40:34.866+0000] {cursor.py:1041} INFO - query execution done
[2025-04-23T01:40:34.893+0000] {cursor.py:1028} INFO - query: [MERGE INTO MBTA_VEHICLES AS target USING (SELECT 'B-5482A80C', 'Blue', 42.35889,...]
[2025-04-23T01:40:37.018+0000] {cursor.py:1041} INFO - query execution done
[2025-04-23T01:40:37.022+0000] {cursor.py:1028} INFO - query: [MERGE INTO MBTA_VEHICLES AS target USING (SELECT 'O-5482A810', 'Orange', 42.3480...]
[2025-04-23T01:40:39.255+0000] {cursor.py:1041} INFO - query execution done
[2025-04-23T01:40:39.259+0000] {cursor.py:1028} INFO - query: [MERGE INTO MBTA_VEHICLES AS target USING (SELECT 'y3127', '83', 42.368582279, -7...]
[2025-04-23T01:40:41.464+0000] {cursor.py:1041} INFO - query execution done
[2025-04-23T01:40:41.472+0000] {cursor.py:1028} INFO - query: [MERGE INTO MBTA_VEHICLES AS target USING (SELECT 'y2002', '93', 42.36165341, -71...]
[2025-04-23T01:40:43.885+0000] {cursor.py:1041} INFO - query execution done
[2025-04-23T01:40:43.891+0000] {cursor.py:1028} INFO - query: [MERGE INTO MBTA_VEHICLES AS target USING (SELECT 'y1705', '36', 42.29977, -71.11...]
[2025-04-23T01:40:45.887+0000] {cursor.py:1041} INFO - query execution done
[2025-04-23T01:40:45.894+0000] {cursor.py:1028} INFO - query: [MERGE INTO MBTA_VEHICLES AS target USING (SELECT 'y1822', '10', 42.32488, -71.06...]
[2025-04-23T01:40:48.061+0000] {cursor.py:1041} INFO - query execution done
[2025-04-23T01:40:48.069+0000] {cursor.py:1028} INFO - query: [MERGE INTO MBTA_VEHICLES AS target USING (SELECT 'y3238', '553', 42.36621421, -7...]
[2025-04-23T01:40:50.063+0000] {cursor.py:1041} INFO - query execution done
[2025-04-23T01:40:50.069+0000] {cursor.py:1028} INFO - query: [MERGE INTO MBTA_VEHICLES AS target USING (SELECT 'y1799', '708', 42.33341148, -7...]
[2025-04-23T01:40:52.313+0000] {cursor.py:1041} INFO - query execution done
[2025-04-23T01:40:52.316+0000] {cursor.py:1028} INFO - query: [MERGE INTO MBTA_VEHICLES AS target USING (SELECT 'y2062', '108', 42.40463185, -7...]
[2025-04-23T01:40:54.398+0000] {cursor.py:1041} INFO - query execution done
[2025-04-23T01:40:54.404+0000] {cursor.py:1028} INFO - query: [MERGE INTO MBTA_VEHICLES AS target USING (SELECT 'y1755', '9', 42.33569946, -71....]
[2025-04-23T01:40:56.827+0000] {cursor.py:1041} INFO - query execution done
[2025-04-23T01:40:56.842+0000] {cursor.py:1028} INFO - query: [MERGE INTO MBTA_VEHICLES AS target USING (SELECT 'y1784', '10', 42.3368379, -71....]
[2025-04-23T01:40:58.888+0000] {cursor.py:1041} INFO - query execution done
[2025-04-23T01:40:58.891+0000] {cursor.py:1028} INFO - query: [MERGE INTO MBTA_VEHICLES AS target USING (SELECT 'G-10388', 'Green-D', 42.37587,...]
[2025-04-23T01:41:01.082+0000] {cursor.py:1041} INFO - query execution done
[2025-04-23T01:41:01.088+0000] {cursor.py:1028} INFO - query: [MERGE INTO MBTA_VEHICLES AS target USING (SELECT 'y1690', '34', 42.264651599, -7...]
[2025-04-23T01:41:03.165+0000] {cursor.py:1041} INFO - query execution done
[2025-04-23T01:41:03.171+0000] {cursor.py:1028} INFO - query: [MERGE INTO MBTA_VEHICLES AS target USING (SELECT 'y1731', '47', 42.361422699, -7...]
[2025-04-23T01:41:05.337+0000] {cursor.py:1041} INFO - query execution done
[2025-04-23T01:41:05.342+0000] {cursor.py:1028} INFO - query: [MERGE INTO MBTA_VEHICLES AS target USING (SELECT 'y3335', '450', 42.52492, -70.8...]
[2025-04-23T01:41:07.994+0000] {cursor.py:1041} INFO - query execution done
[2025-04-23T01:41:08.174+0000] {cursor.py:1028} INFO - query: [MERGE INTO MBTA_VEHICLES AS target USING (SELECT '1833', 'CR-Worcester', 42.2698...]
[2025-04-23T01:41:10.928+0000] {cursor.py:1041} INFO - query execution done
[2025-04-23T01:41:11.040+0000] {cursor.py:1028} INFO - query: [MERGE INTO MBTA_VEHICLES AS target USING (SELECT 'y1929', '77', 42.41091575, -71...]
[2025-04-23T01:41:13.118+0000] {cursor.py:1041} INFO - query execution done
[2025-04-23T01:41:13.126+0000] {cursor.py:1028} INFO - query: [MERGE INTO MBTA_VEHICLES AS target USING (SELECT 'y2079', '87', 42.395940449, -7...]
[2025-04-23T01:41:15.403+0000] {cursor.py:1041} INFO - query execution done
[2025-04-23T01:41:15.420+0000] {cursor.py:1028} INFO - query: [MERGE INTO MBTA_VEHICLES AS target USING (SELECT 'y1325', '743', 42.35260779, -7...]
[2025-04-23T01:41:17.653+0000] {cursor.py:1041} INFO - query execution done
[2025-04-23T01:41:17.661+0000] {cursor.py:1028} INFO - query: [MERGE INTO MBTA_VEHICLES AS target USING (SELECT 'G-10373', 'Green-D', 42.3707, ...]
[2025-04-23T01:41:19.754+0000] {cursor.py:1041} INFO - query execution done
[2025-04-23T01:41:19.772+0000] {cursor.py:1028} INFO - query: [MERGE INTO MBTA_VEHICLES AS target USING (SELECT 'y1910', '22', 42.29034956, -71...]
[2025-04-23T01:41:21.994+0000] {cursor.py:1041} INFO - query execution done
[2025-04-23T01:41:22.002+0000] {cursor.py:1028} INFO - query: [MERGE INTO MBTA_VEHICLES AS target USING (SELECT 'y1779', '16', 42.32090571, -71...]
[2025-04-23T01:41:24.113+0000] {cursor.py:1041} INFO - query execution done
[2025-04-23T01:41:24.117+0000] {cursor.py:1028} INFO - query: [MERGE INTO MBTA_VEHICLES AS target USING (SELECT 'y0786', '215', 42.28365259, -7...]
[2025-04-23T01:41:26.428+0000] {cursor.py:1041} INFO - query execution done
[2025-04-23T01:41:26.433+0000] {cursor.py:1028} INFO - query: [MERGE INTO MBTA_VEHICLES AS target USING (SELECT 'B-5482A822', 'Blue', 42.37437,...]
[2025-04-23T01:41:28.405+0000] {cursor.py:1041} INFO - query execution done
[2025-04-23T01:41:28.415+0000] {cursor.py:1028} INFO - query: [MERGE INTO MBTA_VEHICLES AS target USING (SELECT 'y0778', '201', 42.2827893, -71...]
[2025-04-23T01:41:30.551+0000] {cursor.py:1041} INFO - query execution done
[2025-04-23T01:41:30.560+0000] {cursor.py:1028} INFO - query: [MERGE INTO MBTA_VEHICLES AS target USING (SELECT 'y1306', '746', 42.33131, -71.0...]
[2025-04-23T01:41:32.501+0000] {cursor.py:1041} INFO - query execution done
[2025-04-23T01:41:32.515+0000] {cursor.py:1028} INFO - query: [MERGE INTO MBTA_VEHICLES AS target USING (SELECT 'y3338', '455', 42.46252591, -7...]
[2025-04-23T01:41:34.632+0000] {cursor.py:1041} INFO - query execution done
[2025-04-23T01:41:34.650+0000] {cursor.py:1028} INFO - query: [MERGE INTO MBTA_VEHICLES AS target USING (SELECT '1848', 'CR-NewBedford', 41.843...]
[2025-04-23T01:41:37.058+0000] {cursor.py:1041} INFO - query execution done
[2025-04-23T01:41:37.089+0000] {cursor.py:1028} INFO - query: [MERGE INTO MBTA_VEHICLES AS target USING (SELECT 'y2004', '109', 42.37909397, -7...]
[2025-04-23T01:41:39.316+0000] {cursor.py:1041} INFO - query execution done
[2025-04-23T01:41:39.426+0000] {cursor.py:1028} INFO - query: [MERGE INTO MBTA_VEHICLES AS target USING (SELECT 'y1921', '15', 42.321070489, -7...]
[2025-04-23T01:41:41.366+0000] {cursor.py:1041} INFO - query execution done
[2025-04-23T01:41:41.379+0000] {cursor.py:1028} INFO - query: [MERGE INTO MBTA_VEHICLES AS target USING (SELECT 'y1982', '110', 42.40418694, -7...]
[2025-04-23T01:41:43.201+0000] {cursor.py:1041} INFO - query execution done
[2025-04-23T01:41:43.214+0000] {cursor.py:1028} INFO - query: [MERGE INTO MBTA_VEHICLES AS target USING (SELECT 'y1262', '28', 42.32611504, -71...]
[2025-04-23T01:41:50.227+0000] {cursor.py:1041} INFO - query execution done
[2025-04-23T01:41:56.777+0000] {cursor.py:1028} INFO - query: [MERGE INTO MBTA_VEHICLES AS target USING (SELECT 'y1214', '39', 42.333202339, -7...]
[2025-04-23T01:42:14.765+0000] {cursor.py:1041} INFO - query execution done
[2025-04-23T01:42:18.216+0000] {cursor.py:1028} INFO - query: [MERGE INTO MBTA_VEHICLES AS target USING (SELECT 'B-5482A834', 'Blue', 42.39066,...]
[2025-04-23T01:42:25.391+0000] {cursor.py:1041} INFO - query execution done
[2025-04-23T01:42:26.037+0000] {cursor.py:1028} INFO - query: [MERGE INTO MBTA_VEHICLES AS target USING (SELECT 'y1773', '23', 42.33267727, -71...]
[2025-04-23T01:42:28.084+0000] {cursor.py:1041} INFO - query execution done
[2025-04-23T01:42:28.141+0000] {cursor.py:1028} INFO - query: [MERGE INTO MBTA_VEHICLES AS target USING (SELECT 'y2046', '110', 42.40969091, -7...]
[2025-04-23T01:42:30.135+0000] {cursor.py:1041} INFO - query execution done
[2025-04-23T01:42:30.145+0000] {cursor.py:1028} INFO - query: [MERGE INTO MBTA_VEHICLES AS target USING (SELECT 'y1603', '21', 42.30044688, -71...]
[2025-04-23T01:42:32.573+0000] {cursor.py:1041} INFO - query execution done
[2025-04-23T01:42:32.601+0000] {cursor.py:1028} INFO - query: [MERGE INTO MBTA_VEHICLES AS target USING (SELECT 'G-10376', 'Green-E', 42.33194,...]
[2025-04-23T01:42:34.833+0000] {cursor.py:1041} INFO - query execution done
[2025-04-23T01:42:34.894+0000] {cursor.py:1028} INFO - query: [MERGE INTO MBTA_VEHICLES AS target USING (SELECT 'y3322', '435', 42.54507558, -7...]
[2025-04-23T01:42:36.743+0000] {cursor.py:1041} INFO - query execution done
[2025-04-23T01:42:36.752+0000] {cursor.py:1028} INFO - query: [MERGE INTO MBTA_VEHICLES AS target USING (SELECT 'G-10068', 'Green-C', 42.33952,...]
[2025-04-23T01:42:39.098+0000] {cursor.py:1041} INFO - query execution done
[2025-04-23T01:42:39.103+0000] {cursor.py:1028} INFO - query: [MERGE INTO MBTA_VEHICLES AS target USING (SELECT 'y2054', '104', 42.42608, -71.0...]
[2025-04-23T01:42:41.296+0000] {cursor.py:1041} INFO - query execution done
[2025-04-23T01:42:41.300+0000] {cursor.py:1028} INFO - query: [MERGE INTO MBTA_VEHICLES AS target USING (SELECT 'y1959', '78', 42.3822941, -71....]
[2025-04-23T01:42:43.408+0000] {cursor.py:1041} INFO - query execution done
[2025-04-23T01:42:43.412+0000] {cursor.py:1028} INFO - query: [MERGE INTO MBTA_VEHICLES AS target USING (SELECT 'y3359', '435', 42.46175, -70.9...]
[2025-04-23T01:42:45.396+0000] {cursor.py:1041} INFO - query execution done
[2025-04-23T01:42:45.397+0000] {cursor.py:1028} INFO - query: [MERGE INTO MBTA_VEHICLES AS target USING (SELECT 'y1936', '92', 42.37513379, -71...]
[2025-04-23T01:42:47.851+0000] {cursor.py:1041} INFO - query execution done
[2025-04-23T01:42:47.860+0000] {cursor.py:1028} INFO - query: [MERGE INTO MBTA_VEHICLES AS target USING (SELECT 'y1802', '9', 42.34978, -71.075...]
[2025-04-23T01:42:49.908+0000] {cursor.py:1041} INFO - query execution done
[2025-04-23T01:42:50.082+0000] {cursor.py:1028} INFO - query: [MERGE INTO MBTA_VEHICLES AS target USING (SELECT 'G-10343', 'Green-D', 42.33638,...]
[2025-04-23T01:42:52.090+0000] {cursor.py:1041} INFO - query execution done
[2025-04-23T01:42:52.099+0000] {cursor.py:1028} INFO - query: [MERGE INTO MBTA_VEHICLES AS target USING (SELECT 'G-10037', 'Green-B', 42.34954,...]
[2025-04-23T01:43:02.842+0000] {cursor.py:1041} INFO - query execution done
[2025-04-23T01:43:02.846+0000] {cursor.py:1028} INFO - query: [MERGE INTO MBTA_VEHICLES AS target USING (SELECT 'y2019', '78', 42.3767278, -71....]
[2025-04-23T01:43:04.797+0000] {cursor.py:1041} INFO - query execution done
[2025-04-23T01:43:04.798+0000] {cursor.py:1028} INFO - query: [MERGE INTO MBTA_VEHICLES AS target USING (SELECT 'B-5482A830', 'Blue', 42.40781,...]
[2025-04-23T01:43:06.828+0000] {cursor.py:1041} INFO - query execution done
[2025-04-23T01:43:06.831+0000] {cursor.py:1028} INFO - query: [MERGE INTO MBTA_VEHICLES AS target USING (SELECT 'y1671', '34E', 42.229771499, -...]
[2025-04-23T01:43:08.826+0000] {cursor.py:1041} INFO - query execution done
[2025-04-23T01:43:08.827+0000] {cursor.py:1028} INFO - query: [MERGE INTO MBTA_VEHICLES AS target USING (SELECT '1817', 'CR-Worcester', 42.2970...]
