[2025-04-21T05:21:00.964+0000] {taskinstance.py:1956} INFO - Dependencies all met for dep_context=non-requeueable deps ti=<TaskInstance: mbta_ingestion_dag.load_to_snowflake scheduled__2025-04-21T05:10:00+00:00 [queued]>
[2025-04-21T05:21:01.010+0000] {taskinstance.py:1956} INFO - Dependencies all met for dep_context=requeueable deps ti=<TaskInstance: mbta_ingestion_dag.load_to_snowflake scheduled__2025-04-21T05:10:00+00:00 [queued]>
[2025-04-21T05:21:01.014+0000] {taskinstance.py:2170} INFO - Starting attempt 3 of 2
[2025-04-21T05:21:01.073+0000] {taskinstance.py:2191} INFO - Executing <Task(PythonOperator): load_to_snowflake> on 2025-04-21 05:10:00+00:00
[2025-04-21T05:21:01.090+0000] {standard_task_runner.py:60} INFO - Started process 252 to run task
[2025-04-21T05:21:01.100+0000] {standard_task_runner.py:87} INFO - Running: ['***', 'tasks', 'run', 'mbta_ingestion_dag', 'load_to_snowflake', 'scheduled__2025-04-21T05:10:00+00:00', '--job-id', '67', '--raw', '--subdir', 'DAGS_FOLDER/mbta_ingestion_dag.py', '--cfg-path', '/tmp/tmpqs5c_7to']
[2025-04-21T05:21:01.117+0000] {standard_task_runner.py:88} INFO - Job 67: Subtask load_to_snowflake
[2025-04-21T05:21:01.209+0000] {logging_mixin.py:188} WARNING - /home/***/.local/lib/python3.9/site-packages/***/settings.py:194 DeprecationWarning: The sql_alchemy_conn option in [core] has been moved to the sql_alchemy_conn option in [database] - the old setting has been used, but please update your config.
[2025-04-21T05:21:01.332+0000] {task_command.py:423} INFO - Running <TaskInstance: mbta_ingestion_dag.load_to_snowflake scheduled__2025-04-21T05:10:00+00:00 [running]> on host a3478556be4b
[2025-04-21T05:21:01.905+0000] {taskinstance.py:2480} INFO - Exporting env vars: AIRFLOW_CTX_DAG_OWNER='***' AIRFLOW_CTX_DAG_ID='mbta_ingestion_dag' AIRFLOW_CTX_TASK_ID='load_to_snowflake' AIRFLOW_CTX_EXECUTION_DATE='2025-04-21T05:10:00+00:00' AIRFLOW_CTX_TRY_NUMBER='3' AIRFLOW_CTX_DAG_RUN_ID='scheduled__2025-04-21T05:10:00+00:00'
[2025-04-21T05:21:01.912+0000] {mbta_ingestion_dag.py:35} INFO - 🚀 Launching Kafka consumer to process and load data into Snowflake...
[2025-04-21T05:21:01.921+0000] {connection.py:370} INFO - Snowflake Connector for Python Version: 3.6.0, Python Version: 3.9.18, Platform: Linux-6.10.14-linuxkit-aarch64-with-glibc2.36
[2025-04-21T05:21:01.936+0000] {connection.py:1171} INFO - This connection is in OCSP Fail Open Mode. TLS Certificates would be checked for validity and revocation status. Any other Certificate Revocation related exceptions or OCSP Responder failures would be disregarded in favor of connectivity.
[2025-04-21T05:21:03.733+0000] {mbta_kafka_consumer.py:45} INFO - ✅ Connected to Snowflake successfully.
[2025-04-21T05:21:03.736+0000] {mbta_kafka_consumer.py:219} INFO - 🚀 Starting MBTA Kafka Consumer...
[2025-04-21T05:21:03.747+0000] {conn.py:395} INFO - <BrokerConnection client_id=kafka-python-2.1.5, node_id=bootstrap-0 host=kafka:9092 <connecting> [IPv4 ('172.18.0.4', 9092)]>: connecting to kafka:9092 [('172.18.0.4', 9092) IPv4]
[2025-04-21T05:21:03.775+0000] {conn.py:615} INFO - <BrokerConnection client_id=kafka-python-2.1.5, node_id=bootstrap-0 host=kafka:9092 <checking_api_versions_recv> [IPv4 ('172.18.0.4', 9092)]>: Broker version identified as 2.6
[2025-04-21T05:21:03.776+0000] {conn.py:456} INFO - <BrokerConnection client_id=kafka-python-2.1.5, node_id=bootstrap-0 host=kafka:9092 <connected> [IPv4 ('172.18.0.4', 9092)]>: Connection complete.
[2025-04-21T05:21:03.784+0000] {consumer.py:119} WARNING - group_id is None: disabling auto-commit.
[2025-04-21T05:21:03.786+0000] {subscription_state.py:182} INFO - Updating subscribed topics to: ('mbta_alerts', 'mbta_routes', 'mbta_stops', 'mbta_vehicles', 'mbta_predictions')
[2025-04-21T05:21:03.910+0000] {subscription_state.py:254} INFO - Updated partition assignment: [('mbta_vehicles', 0), ('mbta_alerts', 0), ('mbta_routes', 0), ('mbta_stops', 0), ('mbta_predictions', 0)]
[2025-04-21T05:21:03.912+0000] {conn.py:395} INFO - <BrokerConnection client_id=kafka-python-2.1.5, node_id=1 host=kafka:9092 <connecting> [IPv4 ('172.18.0.4', 9092)]>: connecting to kafka:9092 [('172.18.0.4', 9092) IPv4]
[2025-04-21T05:21:03.915+0000] {conn.py:456} INFO - <BrokerConnection client_id=kafka-python-2.1.5, node_id=1 host=kafka:9092 <connected> [IPv4 ('172.18.0.4', 9092)]>: Connection complete.
[2025-04-21T05:21:03.916+0000] {conn.py:936} INFO - <BrokerConnection client_id=kafka-python-2.1.5, node_id=bootstrap-0 host=kafka:9092 <connected> [IPv4 ('172.18.0.4', 9092)]>: Closing connection. 
[2025-04-21T05:21:08.270+0000] {mbta_kafka_consumer.py:233} INFO - 📥 Received 178 records from topic: mbta_routes
[2025-04-21T05:21:09.111+0000] {mbta_kafka_consumer.py:56} INFO - 🔍 Sample data for MBTA_ROUTES:
[2025-04-21T05:21:09.131+0000] {mbta_kafka_consumer.py:57} INFO - 
   ROUTE_ID        ROUTE_NAME  ...  ROUTE_COLOR                 CREATED_AT
0       Red          Red Line  ...       DA291C 2025-04-21 05:21:08.286442
1  Mattapan  Mattapan Trolley  ...       DA291C 2025-04-21 05:21:08.286456
2    Orange       Orange Line  ...       ED8B00 2025-04-21 05:21:08.286458
3   Green-B      Green Line B  ...       00843D 2025-04-21 05:21:08.286468
4   Green-C      Green Line C  ...       00843D 2025-04-21 05:21:08.286472

[5 rows x 5 columns]
[2025-04-21T05:21:09.268+0000] {cursor.py:1028} INFO - query: [SELECT * FROM MBTA_ROUTES WHERE ROUTE_ID IN ('Red','Mattapan','Orange','Green-B'...]
[2025-04-21T05:21:09.773+0000] {cursor.py:1041} INFO - query execution done
[2025-04-21T05:21:09.784+0000] {cursor.py:1205} INFO - Number of results in first chunk: 0
[2025-04-21T05:21:12.266+0000] {mbta_kafka_consumer.py:104} INFO - 🔁 0 new/updated records out of 178 incoming records (some may be duplicate VEHICLE_IDs) for MBTA_ROUTES
[2025-04-21T05:21:12.270+0000] {mbta_kafka_consumer.py:107} INFO - ✅ All 178 records already up-to-date in MBTA_ROUTES, no merge needed.
[2025-04-21T05:21:12.272+0000] {mbta_kafka_consumer.py:233} INFO - 📥 Received 178 records from topic: mbta_routes
[2025-04-21T05:21:12.277+0000] {mbta_kafka_consumer.py:56} INFO - 🔍 Sample data for MBTA_ROUTES:
[2025-04-21T05:21:12.277+0000] {mbta_kafka_consumer.py:57} INFO - 
   ROUTE_ID        ROUTE_NAME  ...  ROUTE_COLOR                 CREATED_AT
0       Red          Red Line  ...       DA291C 2025-04-21 05:21:12.272519
1  Mattapan  Mattapan Trolley  ...       DA291C 2025-04-21 05:21:12.272523
2    Orange       Orange Line  ...       ED8B00 2025-04-21 05:21:12.272539
3   Green-B      Green Line B  ...       00843D 2025-04-21 05:21:12.272541
4   Green-C      Green Line C  ...       00843D 2025-04-21 05:21:12.272542

[5 rows x 5 columns]
[2025-04-21T05:21:12.285+0000] {cursor.py:1028} INFO - query: [SELECT * FROM MBTA_ROUTES WHERE ROUTE_ID IN ('Red','Mattapan','Orange','Green-B'...]
[2025-04-21T05:21:12.451+0000] {cursor.py:1041} INFO - query execution done
[2025-04-21T05:21:12.453+0000] {cursor.py:1205} INFO - Number of results in first chunk: 0
[2025-04-21T05:21:12.735+0000] {mbta_kafka_consumer.py:104} INFO - 🔁 0 new/updated records out of 178 incoming records (some may be duplicate VEHICLE_IDs) for MBTA_ROUTES
[2025-04-21T05:21:12.735+0000] {mbta_kafka_consumer.py:107} INFO - ✅ All 178 records already up-to-date in MBTA_ROUTES, no merge needed.
[2025-04-21T05:21:12.736+0000] {mbta_kafka_consumer.py:233} INFO - 📥 Received 178 records from topic: mbta_routes
[2025-04-21T05:21:12.745+0000] {mbta_kafka_consumer.py:56} INFO - 🔍 Sample data for MBTA_ROUTES:
[2025-04-21T05:21:12.746+0000] {mbta_kafka_consumer.py:57} INFO - 
   ROUTE_ID        ROUTE_NAME  ...  ROUTE_COLOR                 CREATED_AT
0       Red          Red Line  ...       DA291C 2025-04-21 05:21:12.737532
1  Mattapan  Mattapan Trolley  ...       DA291C 2025-04-21 05:21:12.737538
2    Orange       Orange Line  ...       ED8B00 2025-04-21 05:21:12.737540
3   Green-B      Green Line B  ...       00843D 2025-04-21 05:21:12.737546
4   Green-C      Green Line C  ...       00843D 2025-04-21 05:21:12.737560

[5 rows x 5 columns]
[2025-04-21T05:21:12.758+0000] {cursor.py:1028} INFO - query: [SELECT * FROM MBTA_ROUTES WHERE ROUTE_ID IN ('Red','Mattapan','Orange','Green-B'...]
[2025-04-21T05:21:12.954+0000] {cursor.py:1041} INFO - query execution done
[2025-04-21T05:21:12.954+0000] {cursor.py:1205} INFO - Number of results in first chunk: 0
[2025-04-21T05:21:13.171+0000] {mbta_kafka_consumer.py:104} INFO - 🔁 0 new/updated records out of 178 incoming records (some may be duplicate VEHICLE_IDs) for MBTA_ROUTES
[2025-04-21T05:21:13.172+0000] {mbta_kafka_consumer.py:107} INFO - ✅ All 178 records already up-to-date in MBTA_ROUTES, no merge needed.
[2025-04-21T05:21:13.172+0000] {mbta_kafka_consumer.py:233} INFO - 📥 Received 178 records from topic: mbta_routes
[2025-04-21T05:21:13.176+0000] {mbta_kafka_consumer.py:56} INFO - 🔍 Sample data for MBTA_ROUTES:
[2025-04-21T05:21:13.176+0000] {mbta_kafka_consumer.py:57} INFO - 
   ROUTE_ID        ROUTE_NAME  ...  ROUTE_COLOR                 CREATED_AT
0       Red          Red Line  ...       DA291C 2025-04-21 05:21:13.172823
1  Mattapan  Mattapan Trolley  ...       DA291C 2025-04-21 05:21:13.172825
2    Orange       Orange Line  ...       ED8B00 2025-04-21 05:21:13.172826
3   Green-B      Green Line B  ...       00843D 2025-04-21 05:21:13.172835
4   Green-C      Green Line C  ...       00843D 2025-04-21 05:21:13.172836

[5 rows x 5 columns]
[2025-04-21T05:21:13.181+0000] {cursor.py:1028} INFO - query: [SELECT * FROM MBTA_ROUTES WHERE ROUTE_ID IN ('Red','Mattapan','Orange','Green-B'...]
[2025-04-21T05:21:13.435+0000] {cursor.py:1041} INFO - query execution done
[2025-04-21T05:21:13.437+0000] {cursor.py:1205} INFO - Number of results in first chunk: 0
[2025-04-21T05:21:13.660+0000] {mbta_kafka_consumer.py:104} INFO - 🔁 0 new/updated records out of 178 incoming records (some may be duplicate VEHICLE_IDs) for MBTA_ROUTES
[2025-04-21T05:21:13.661+0000] {mbta_kafka_consumer.py:107} INFO - ✅ All 178 records already up-to-date in MBTA_ROUTES, no merge needed.
[2025-04-21T05:21:13.661+0000] {mbta_kafka_consumer.py:233} INFO - 📥 Received 178 records from topic: mbta_routes
[2025-04-21T05:21:13.666+0000] {mbta_kafka_consumer.py:56} INFO - 🔍 Sample data for MBTA_ROUTES:
[2025-04-21T05:21:13.670+0000] {mbta_kafka_consumer.py:57} INFO - 
   ROUTE_ID        ROUTE_NAME  ...  ROUTE_COLOR                 CREATED_AT
0       Red          Red Line  ...       DA291C 2025-04-21 05:21:13.662376
1  Mattapan  Mattapan Trolley  ...       DA291C 2025-04-21 05:21:13.662379
2    Orange       Orange Line  ...       ED8B00 2025-04-21 05:21:13.662389
3   Green-B      Green Line B  ...       00843D 2025-04-21 05:21:13.662390
4   Green-C      Green Line C  ...       00843D 2025-04-21 05:21:13.662392

[5 rows x 5 columns]
[2025-04-21T05:21:13.683+0000] {cursor.py:1028} INFO - query: [SELECT * FROM MBTA_ROUTES WHERE ROUTE_ID IN ('Red','Mattapan','Orange','Green-B'...]
[2025-04-21T05:21:13.836+0000] {cursor.py:1041} INFO - query execution done
[2025-04-21T05:21:13.839+0000] {cursor.py:1205} INFO - Number of results in first chunk: 0
[2025-04-21T05:21:14.128+0000] {mbta_kafka_consumer.py:104} INFO - 🔁 0 new/updated records out of 178 incoming records (some may be duplicate VEHICLE_IDs) for MBTA_ROUTES
[2025-04-21T05:21:14.129+0000] {mbta_kafka_consumer.py:107} INFO - ✅ All 178 records already up-to-date in MBTA_ROUTES, no merge needed.
[2025-04-21T05:21:14.131+0000] {mbta_kafka_consumer.py:233} INFO - 📥 Received 178 records from topic: mbta_routes
[2025-04-21T05:21:14.139+0000] {mbta_kafka_consumer.py:56} INFO - 🔍 Sample data for MBTA_ROUTES:
[2025-04-21T05:21:14.139+0000] {mbta_kafka_consumer.py:57} INFO - 
   ROUTE_ID        ROUTE_NAME  ...  ROUTE_COLOR                 CREATED_AT
0       Red          Red Line  ...       DA291C 2025-04-21 05:21:14.131535
1  Mattapan  Mattapan Trolley  ...       DA291C 2025-04-21 05:21:14.131595
2    Orange       Orange Line  ...       ED8B00 2025-04-21 05:21:14.131599
3   Green-B      Green Line B  ...       00843D 2025-04-21 05:21:14.131603
4   Green-C      Green Line C  ...       00843D 2025-04-21 05:21:14.131612

[5 rows x 5 columns]
[2025-04-21T05:21:14.147+0000] {cursor.py:1028} INFO - query: [SELECT * FROM MBTA_ROUTES WHERE ROUTE_ID IN ('Red','Mattapan','Orange','Green-B'...]
[2025-04-21T05:21:14.304+0000] {cursor.py:1041} INFO - query execution done
[2025-04-21T05:21:14.305+0000] {cursor.py:1205} INFO - Number of results in first chunk: 0
[2025-04-21T05:21:14.522+0000] {mbta_kafka_consumer.py:104} INFO - 🔁 0 new/updated records out of 178 incoming records (some may be duplicate VEHICLE_IDs) for MBTA_ROUTES
[2025-04-21T05:21:14.525+0000] {mbta_kafka_consumer.py:107} INFO - ✅ All 178 records already up-to-date in MBTA_ROUTES, no merge needed.
[2025-04-21T05:21:14.525+0000] {mbta_kafka_consumer.py:233} INFO - 📥 Received 178 records from topic: mbta_routes
[2025-04-21T05:21:14.529+0000] {mbta_kafka_consumer.py:56} INFO - 🔍 Sample data for MBTA_ROUTES:
[2025-04-21T05:21:14.529+0000] {mbta_kafka_consumer.py:57} INFO - 
   ROUTE_ID        ROUTE_NAME  ...  ROUTE_COLOR                 CREATED_AT
0       Red          Red Line  ...       DA291C 2025-04-21 05:21:14.525948
1  Mattapan  Mattapan Trolley  ...       DA291C 2025-04-21 05:21:14.525949
2    Orange       Orange Line  ...       ED8B00 2025-04-21 05:21:14.525958
3   Green-B      Green Line B  ...       00843D 2025-04-21 05:21:14.525959
4   Green-C      Green Line C  ...       00843D 2025-04-21 05:21:14.525960

[5 rows x 5 columns]
[2025-04-21T05:21:14.534+0000] {cursor.py:1028} INFO - query: [SELECT * FROM MBTA_ROUTES WHERE ROUTE_ID IN ('Red','Mattapan','Orange','Green-B'...]
[2025-04-21T05:21:14.702+0000] {cursor.py:1041} INFO - query execution done
[2025-04-21T05:21:14.705+0000] {cursor.py:1205} INFO - Number of results in first chunk: 0
[2025-04-21T05:21:14.965+0000] {mbta_kafka_consumer.py:104} INFO - 🔁 0 new/updated records out of 178 incoming records (some may be duplicate VEHICLE_IDs) for MBTA_ROUTES
[2025-04-21T05:21:14.965+0000] {mbta_kafka_consumer.py:107} INFO - ✅ All 178 records already up-to-date in MBTA_ROUTES, no merge needed.
[2025-04-21T05:21:14.966+0000] {mbta_kafka_consumer.py:233} INFO - 📥 Received 178 records from topic: mbta_routes
[2025-04-21T05:21:14.972+0000] {mbta_kafka_consumer.py:56} INFO - 🔍 Sample data for MBTA_ROUTES:
[2025-04-21T05:21:14.973+0000] {mbta_kafka_consumer.py:57} INFO - 
   ROUTE_ID        ROUTE_NAME  ...  ROUTE_COLOR                 CREATED_AT
0       Red          Red Line  ...       DA291C 2025-04-21 05:21:14.967080
1  Mattapan  Mattapan Trolley  ...       DA291C 2025-04-21 05:21:14.967087
2    Orange       Orange Line  ...       ED8B00 2025-04-21 05:21:14.967118
3   Green-B      Green Line B  ...       00843D 2025-04-21 05:21:14.967123
4   Green-C      Green Line C  ...       00843D 2025-04-21 05:21:14.967142

[5 rows x 5 columns]
[2025-04-21T05:21:14.988+0000] {cursor.py:1028} INFO - query: [SELECT * FROM MBTA_ROUTES WHERE ROUTE_ID IN ('Red','Mattapan','Orange','Green-B'...]
[2025-04-21T05:21:15.143+0000] {cursor.py:1041} INFO - query execution done
[2025-04-21T05:21:15.144+0000] {cursor.py:1205} INFO - Number of results in first chunk: 0
[2025-04-21T05:21:15.329+0000] {mbta_kafka_consumer.py:104} INFO - 🔁 0 new/updated records out of 178 incoming records (some may be duplicate VEHICLE_IDs) for MBTA_ROUTES
[2025-04-21T05:21:15.329+0000] {mbta_kafka_consumer.py:107} INFO - ✅ All 178 records already up-to-date in MBTA_ROUTES, no merge needed.
[2025-04-21T05:21:15.330+0000] {mbta_kafka_consumer.py:233} INFO - 📥 Received 178 records from topic: mbta_routes
[2025-04-21T05:21:15.333+0000] {mbta_kafka_consumer.py:56} INFO - 🔍 Sample data for MBTA_ROUTES:
[2025-04-21T05:21:15.333+0000] {mbta_kafka_consumer.py:57} INFO - 
   ROUTE_ID        ROUTE_NAME  ...  ROUTE_COLOR                 CREATED_AT
0       Red          Red Line  ...       DA291C 2025-04-21 05:21:15.330579
1  Mattapan  Mattapan Trolley  ...       DA291C 2025-04-21 05:21:15.330581
2    Orange       Orange Line  ...       ED8B00 2025-04-21 05:21:15.330595
3   Green-B      Green Line B  ...       00843D 2025-04-21 05:21:15.330600
4   Green-C      Green Line C  ...       00843D 2025-04-21 05:21:15.330601

[5 rows x 5 columns]
[2025-04-21T05:21:15.337+0000] {cursor.py:1028} INFO - query: [SELECT * FROM MBTA_ROUTES WHERE ROUTE_ID IN ('Red','Mattapan','Orange','Green-B'...]
[2025-04-21T05:21:15.486+0000] {cursor.py:1041} INFO - query execution done
[2025-04-21T05:21:15.487+0000] {cursor.py:1205} INFO - Number of results in first chunk: 0
[2025-04-21T05:21:15.722+0000] {mbta_kafka_consumer.py:104} INFO - 🔁 0 new/updated records out of 178 incoming records (some may be duplicate VEHICLE_IDs) for MBTA_ROUTES
[2025-04-21T05:21:15.722+0000] {mbta_kafka_consumer.py:107} INFO - ✅ All 178 records already up-to-date in MBTA_ROUTES, no merge needed.
[2025-04-21T05:21:15.723+0000] {mbta_kafka_consumer.py:233} INFO - 📥 Received 178 records from topic: mbta_routes
[2025-04-21T05:21:15.729+0000] {mbta_kafka_consumer.py:56} INFO - 🔍 Sample data for MBTA_ROUTES:
[2025-04-21T05:21:15.729+0000] {mbta_kafka_consumer.py:57} INFO - 
   ROUTE_ID        ROUTE_NAME  ...  ROUTE_COLOR                 CREATED_AT
0       Red          Red Line  ...       DA291C 2025-04-21 05:21:15.723290
1  Mattapan  Mattapan Trolley  ...       DA291C 2025-04-21 05:21:15.723292
2    Orange       Orange Line  ...       ED8B00 2025-04-21 05:21:15.723310
3   Green-B      Green Line B  ...       00843D 2025-04-21 05:21:15.723311
4   Green-C      Green Line C  ...       00843D 2025-04-21 05:21:15.723315

[5 rows x 5 columns]
[2025-04-21T05:21:15.736+0000] {cursor.py:1028} INFO - query: [SELECT * FROM MBTA_ROUTES WHERE ROUTE_ID IN ('Red','Mattapan','Orange','Green-B'...]
[2025-04-21T05:21:15.964+0000] {cursor.py:1041} INFO - query execution done
[2025-04-21T05:21:15.965+0000] {cursor.py:1205} INFO - Number of results in first chunk: 0
[2025-04-21T05:21:16.428+0000] {mbta_kafka_consumer.py:104} INFO - 🔁 0 new/updated records out of 178 incoming records (some may be duplicate VEHICLE_IDs) for MBTA_ROUTES
[2025-04-21T05:21:16.429+0000] {mbta_kafka_consumer.py:107} INFO - ✅ All 178 records already up-to-date in MBTA_ROUTES, no merge needed.
[2025-04-21T05:21:16.435+0000] {mbta_kafka_consumer.py:233} INFO - 📥 Received 178 records from topic: mbta_routes
[2025-04-21T05:21:16.478+0000] {mbta_kafka_consumer.py:56} INFO - 🔍 Sample data for MBTA_ROUTES:
[2025-04-21T05:21:16.480+0000] {mbta_kafka_consumer.py:57} INFO - 
   ROUTE_ID        ROUTE_NAME  ...  ROUTE_COLOR                 CREATED_AT
0       Red          Red Line  ...       DA291C 2025-04-21 05:21:16.458828
1  Mattapan  Mattapan Trolley  ...       DA291C 2025-04-21 05:21:16.458850
2    Orange       Orange Line  ...       ED8B00 2025-04-21 05:21:16.458851
3   Green-B      Green Line B  ...       00843D 2025-04-21 05:21:16.458855
4   Green-C      Green Line C  ...       00843D 2025-04-21 05:21:16.458856

[5 rows x 5 columns]
[2025-04-21T05:21:16.502+0000] {cursor.py:1028} INFO - query: [SELECT * FROM MBTA_ROUTES WHERE ROUTE_ID IN ('Red','Mattapan','Orange','Green-B'...]
[2025-04-21T05:21:16.695+0000] {cursor.py:1041} INFO - query execution done
[2025-04-21T05:21:16.697+0000] {cursor.py:1205} INFO - Number of results in first chunk: 0
[2025-04-21T05:21:16.994+0000] {mbta_kafka_consumer.py:104} INFO - 🔁 0 new/updated records out of 178 incoming records (some may be duplicate VEHICLE_IDs) for MBTA_ROUTES
[2025-04-21T05:21:16.996+0000] {mbta_kafka_consumer.py:107} INFO - ✅ All 178 records already up-to-date in MBTA_ROUTES, no merge needed.
[2025-04-21T05:21:16.998+0000] {mbta_kafka_consumer.py:233} INFO - 📥 Received 1000 records from topic: mbta_stops
[2025-04-21T05:21:17.016+0000] {mbta_kafka_consumer.py:56} INFO - 🔍 Sample data for MBTA_STOPS:
[2025-04-21T05:21:17.017+0000] {mbta_kafka_consumer.py:57} INFO - 
          STOP_ID  ...                 CREATED_AT
0            5682  ... 2025-04-21 05:21:16.999188
1           50620  ... 2025-04-21 05:21:16.999203
2  node-417-lobby  ... 2025-04-21 05:21:16.999207
3            4042  ... 2025-04-21 05:21:16.999217
4          109822  ... 2025-04-21 05:21:16.999222

[5 rows x 5 columns]
[2025-04-21T05:21:17.036+0000] {cursor.py:1028} INFO - query: [SELECT * FROM MBTA_STOPS WHERE STOP_ID IN ('5682','50620','node-417-lobby','4042...]
[2025-04-21T05:21:17.197+0000] {cursor.py:1041} INFO - query execution done
[2025-04-21T05:21:17.198+0000] {cursor.py:1205} INFO - Number of results in first chunk: 0
[2025-04-21T05:21:17.809+0000] {mbta_kafka_consumer.py:104} INFO - 🔁 0 new/updated records out of 1000 incoming records (some may be duplicate VEHICLE_IDs) for MBTA_STOPS
[2025-04-21T05:21:17.809+0000] {mbta_kafka_consumer.py:107} INFO - ✅ All 1000 records already up-to-date in MBTA_STOPS, no merge needed.
[2025-04-21T05:21:17.810+0000] {mbta_kafka_consumer.py:233} INFO - 📥 Received 10 records from topic: mbta_predictions
[2025-04-21T05:21:17.814+0000] {mbta_kafka_consumer.py:56} INFO - 🔍 Sample data for MBTA_PREDICTIONS:
[2025-04-21T05:21:17.814+0000] {mbta_kafka_consumer.py:57} INFO - 
                               PREDICTION_ID  ...                 CREATED_AT
0           prediction-68172531-70079-90-Red  ... 2025-04-21 05:21:17.811047
1          prediction-68172382-70080-130-Red  ... 2025-04-21 05:21:17.811063
2          prediction-68172383-70080-130-Red  ... 2025-04-21 05:21:17.811066
3          prediction-68172384-70080-130-Red  ... 2025-04-21 05:21:17.811067
4  prediction-ADDED-1582318077-70080-130-Red  ... 2025-04-21 05:21:17.811069

[5 rows x 9 columns]
[2025-04-21T05:21:17.821+0000] {cursor.py:1028} INFO - query: [SELECT * FROM MBTA_PREDICTIONS WHERE PREDICTION_ID IN ('prediction-68172531-7007...]
[2025-04-21T05:21:18.039+0000] {cursor.py:1041} INFO - query execution done
[2025-04-21T05:21:18.039+0000] {cursor.py:1205} INFO - Number of results in first chunk: 10
[2025-04-21T05:21:18.050+0000] {mbta_kafka_consumer.py:104} INFO - 🔁 10 new/updated records out of 10 incoming records (some may be duplicate VEHICLE_IDs) for MBTA_PREDICTIONS
[2025-04-21T05:21:18.051+0000] {cursor.py:1028} INFO - query: [MERGE INTO MBTA_PREDICTIONS AS target USING (SELECT 'prediction-68172531-70079-9...]
[2025-04-21T05:21:18.789+0000] {cursor.py:1041} INFO - query execution done
[2025-04-21T05:21:18.790+0000] {cursor.py:1028} INFO - query: [MERGE INTO MBTA_PREDICTIONS AS target USING (SELECT 'prediction-68172382-70080-1...]
[2025-04-21T05:21:19.558+0000] {cursor.py:1041} INFO - query execution done
[2025-04-21T05:21:19.571+0000] {cursor.py:1028} INFO - query: [MERGE INTO MBTA_PREDICTIONS AS target USING (SELECT 'prediction-68172383-70080-1...]
[2025-04-21T05:21:21.384+0000] {cursor.py:1041} INFO - query execution done
[2025-04-21T05:21:21.399+0000] {cursor.py:1028} INFO - query: [MERGE INTO MBTA_PREDICTIONS AS target USING (SELECT 'prediction-68172384-70080-1...]
[2025-04-21T05:21:23.717+0000] {cursor.py:1041} INFO - query execution done
[2025-04-21T05:21:23.720+0000] {cursor.py:1028} INFO - query: [MERGE INTO MBTA_PREDICTIONS AS target USING (SELECT 'prediction-ADDED-1582318077...]
[2025-04-21T05:21:25.894+0000] {cursor.py:1041} INFO - query execution done
[2025-04-21T05:21:25.909+0000] {cursor.py:1028} INFO - query: [MERGE INTO MBTA_PREDICTIONS AS target USING (SELECT 'prediction-68172388-70079-9...]
[2025-04-21T05:21:27.960+0000] {cursor.py:1041} INFO - query execution done
[2025-04-21T05:21:27.964+0000] {cursor.py:1028} INFO - query: [MERGE INTO MBTA_PREDICTIONS AS target USING (SELECT 'prediction-ADDED-1582318041...]
[2025-04-21T05:21:29.136+0000] {local_task_job_runner.py:121} ERROR - Received SIGTERM. Terminating subprocesses
[2025-04-21T05:21:30.251+0000] {process_utils.py:131} INFO - Sending 15 to group 252. PIDs of all processes in the group: [252]
[2025-04-21T05:21:30.286+0000] {process_utils.py:86} INFO - Sending the signal 15 to group 252
[2025-04-21T05:21:30.279+0000] {cursor.py:1041} INFO - query execution done
[2025-04-21T05:21:30.519+0000] {mbta_kafka_consumer.py:212} ERROR - ❌ Error processing topic mbta_predictions: maximum recursion depth exceeded while calling a Python object
[2025-04-21T05:21:30.633+0000] {mbta_kafka_consumer.py:233} INFO - 📥 Received 1 records from topic: mbta_predictions
[2025-04-21T05:21:31.447+0000] {mbta_kafka_consumer.py:56} INFO - 🔍 Sample data for MBTA_PREDICTIONS:
[2025-04-21T05:21:31.460+0000] {mbta_kafka_consumer.py:57} INFO - 
                              PREDICTION_ID  ...                 CREATED_AT
0  prediction-ADDED-1582318044-70079-90-Red  ... 2025-04-21 05:21:31.150268

[1 rows x 9 columns]
[2025-04-21T05:21:31.710+0000] {cursor.py:1028} INFO - query: [SELECT * FROM MBTA_PREDICTIONS WHERE PREDICTION_ID IN ('prediction-ADDED-1582318...]
[2025-04-21T05:21:31.954+0000] {cursor.py:1041} INFO - query execution done
[2025-04-21T05:21:31.973+0000] {cursor.py:1205} INFO - Number of results in first chunk: 1
[2025-04-21T05:21:32.106+0000] {mbta_kafka_consumer.py:104} INFO - 🔁 1 new/updated records out of 1 incoming records (some may be duplicate VEHICLE_IDs) for MBTA_PREDICTIONS
[2025-04-21T05:21:32.179+0000] {cursor.py:1028} INFO - query: [MERGE INTO MBTA_PREDICTIONS AS target USING (SELECT 'prediction-ADDED-1582318044...]
[2025-04-21T05:21:32.634+0000] {cursor.py:1041} INFO - query execution done
[2025-04-21T05:21:32.639+0000] {cursor.py:1028} INFO - query: [COMMIT]
[2025-04-21T05:21:32.790+0000] {cursor.py:1041} INFO - query execution done
[2025-04-21T05:21:32.806+0000] {cursor.py:1205} INFO - Number of results in first chunk: 1
[2025-04-21T05:21:32.807+0000] {mbta_kafka_consumer.py:139} INFO - ✅ Merged 1 new/changed records into Snowflake table: MBTA_PREDICTIONS in 1.11 seconds
[2025-04-21T05:21:32.810+0000] {mbta_kafka_consumer.py:233} INFO - 📥 Received 1 records from topic: mbta_predictions
[2025-04-21T05:21:32.856+0000] {mbta_kafka_consumer.py:56} INFO - 🔍 Sample data for MBTA_PREDICTIONS:
[2025-04-21T05:21:32.856+0000] {mbta_kafka_consumer.py:57} INFO - 
                              PREDICTION_ID  ...                 CREATED_AT
0  prediction-ADDED-1582318044-70079-90-Red  ... 2025-04-21 05:21:32.839166

[1 rows x 9 columns]
[2025-04-21T05:21:32.877+0000] {cursor.py:1028} INFO - query: [SELECT * FROM MBTA_PREDICTIONS WHERE PREDICTION_ID IN ('prediction-ADDED-1582318...]
[2025-04-21T05:21:33.100+0000] {cursor.py:1041} INFO - query execution done
[2025-04-21T05:21:33.108+0000] {cursor.py:1205} INFO - Number of results in first chunk: 1
[2025-04-21T05:21:33.225+0000] {mbta_kafka_consumer.py:104} INFO - 🔁 1 new/updated records out of 1 incoming records (some may be duplicate VEHICLE_IDs) for MBTA_PREDICTIONS
[2025-04-21T05:21:33.229+0000] {cursor.py:1028} INFO - query: [MERGE INTO MBTA_PREDICTIONS AS target USING (SELECT 'prediction-ADDED-1582318044...]
[2025-04-21T05:21:33.812+0000] {cursor.py:1041} INFO - query execution done
[2025-04-21T05:21:33.827+0000] {cursor.py:1028} INFO - query: [COMMIT]
[2025-04-21T05:21:34.036+0000] {cursor.py:1041} INFO - query execution done
[2025-04-21T05:21:34.042+0000] {cursor.py:1205} INFO - Number of results in first chunk: 1
[2025-04-21T05:21:34.046+0000] {mbta_kafka_consumer.py:139} INFO - ✅ Merged 1 new/changed records into Snowflake table: MBTA_PREDICTIONS in 1.17 seconds
[2025-04-21T05:21:34.073+0000] {mbta_kafka_consumer.py:233} INFO - 📥 Received 1 records from topic: mbta_predictions
[2025-04-21T05:21:34.180+0000] {mbta_kafka_consumer.py:56} INFO - 🔍 Sample data for MBTA_PREDICTIONS:
[2025-04-21T05:21:34.183+0000] {mbta_kafka_consumer.py:57} INFO - 
                              PREDICTION_ID  ...                 CREATED_AT
0  prediction-ADDED-1582318044-70079-90-Red  ... 2025-04-21 05:21:34.078890

[1 rows x 9 columns]
[2025-04-21T05:21:34.230+0000] {cursor.py:1028} INFO - query: [SELECT * FROM MBTA_PREDICTIONS WHERE PREDICTION_ID IN ('prediction-ADDED-1582318...]
[2025-04-21T05:21:34.447+0000] {cursor.py:1041} INFO - query execution done
[2025-04-21T05:21:34.452+0000] {cursor.py:1205} INFO - Number of results in first chunk: 1
[2025-04-21T05:21:34.521+0000] {mbta_kafka_consumer.py:104} INFO - 🔁 1 new/updated records out of 1 incoming records (some may be duplicate VEHICLE_IDs) for MBTA_PREDICTIONS
[2025-04-21T05:21:34.526+0000] {cursor.py:1028} INFO - query: [MERGE INTO MBTA_PREDICTIONS AS target USING (SELECT 'prediction-ADDED-1582318044...]
[2025-04-21T05:21:34.995+0000] {cursor.py:1041} INFO - query execution done
[2025-04-21T05:21:35.020+0000] {cursor.py:1028} INFO - query: [COMMIT]
[2025-04-21T05:21:35.223+0000] {cursor.py:1041} INFO - query execution done
[2025-04-21T05:21:35.229+0000] {cursor.py:1205} INFO - Number of results in first chunk: 1
[2025-04-21T05:21:35.236+0000] {mbta_kafka_consumer.py:139} INFO - ✅ Merged 1 new/changed records into Snowflake table: MBTA_PREDICTIONS in 1.01 seconds
[2025-04-21T05:21:35.253+0000] {mbta_kafka_consumer.py:233} INFO - 📥 Received 1 records from topic: mbta_predictions
[2025-04-21T05:21:35.357+0000] {mbta_kafka_consumer.py:56} INFO - 🔍 Sample data for MBTA_PREDICTIONS:
[2025-04-21T05:21:35.362+0000] {mbta_kafka_consumer.py:57} INFO - 
                              PREDICTION_ID  ...                 CREATED_AT
0  prediction-ADDED-1582318044-70079-90-Red  ... 2025-04-21 05:21:35.259879

[1 rows x 9 columns]
[2025-04-21T05:21:35.438+0000] {cursor.py:1028} INFO - query: [SELECT * FROM MBTA_PREDICTIONS WHERE PREDICTION_ID IN ('prediction-ADDED-1582318...]
[2025-04-21T05:21:35.720+0000] {cursor.py:1041} INFO - query execution done
[2025-04-21T05:21:35.726+0000] {cursor.py:1205} INFO - Number of results in first chunk: 1
[2025-04-21T05:21:35.782+0000] {mbta_kafka_consumer.py:104} INFO - 🔁 1 new/updated records out of 1 incoming records (some may be duplicate VEHICLE_IDs) for MBTA_PREDICTIONS
[2025-04-21T05:21:35.786+0000] {cursor.py:1028} INFO - query: [MERGE INTO MBTA_PREDICTIONS AS target USING (SELECT 'prediction-ADDED-1582318044...]
[2025-04-21T05:21:36.404+0000] {cursor.py:1041} INFO - query execution done
[2025-04-21T05:21:36.420+0000] {cursor.py:1028} INFO - query: [COMMIT]
[2025-04-21T05:21:36.566+0000] {cursor.py:1041} INFO - query execution done
[2025-04-21T05:21:36.570+0000] {cursor.py:1205} INFO - Number of results in first chunk: 1
[2025-04-21T05:21:36.572+0000] {mbta_kafka_consumer.py:139} INFO - ✅ Merged 1 new/changed records into Snowflake table: MBTA_PREDICTIONS in 1.14 seconds
[2025-04-21T05:21:36.584+0000] {mbta_kafka_consumer.py:233} INFO - 📥 Received 1 records from topic: mbta_predictions
[2025-04-21T05:21:36.634+0000] {mbta_kafka_consumer.py:56} INFO - 🔍 Sample data for MBTA_PREDICTIONS:
[2025-04-21T05:21:36.641+0000] {mbta_kafka_consumer.py:57} INFO - 
                              PREDICTION_ID  ...                 CREATED_AT
0  prediction-ADDED-1582318044-70079-90-Red  ... 2025-04-21 05:21:36.586989

[1 rows x 9 columns]
[2025-04-21T05:21:36.826+0000] {cursor.py:1028} INFO - query: [SELECT * FROM MBTA_PREDICTIONS WHERE PREDICTION_ID IN ('prediction-ADDED-1582318...]
[2025-04-21T05:21:37.042+0000] {cursor.py:1041} INFO - query execution done
[2025-04-21T05:21:37.045+0000] {cursor.py:1205} INFO - Number of results in first chunk: 1
[2025-04-21T05:21:37.094+0000] {mbta_kafka_consumer.py:104} INFO - 🔁 1 new/updated records out of 1 incoming records (some may be duplicate VEHICLE_IDs) for MBTA_PREDICTIONS
[2025-04-21T05:21:37.097+0000] {cursor.py:1028} INFO - query: [MERGE INTO MBTA_PREDICTIONS AS target USING (SELECT 'prediction-ADDED-1582318044...]
[2025-04-21T05:21:38.212+0000] {cursor.py:1041} INFO - query execution done
[2025-04-21T05:21:38.230+0000] {cursor.py:1028} INFO - query: [COMMIT]
[2025-04-21T05:21:38.374+0000] {cursor.py:1041} INFO - query execution done
[2025-04-21T05:21:38.380+0000] {cursor.py:1205} INFO - Number of results in first chunk: 1
[2025-04-21T05:21:38.381+0000] {mbta_kafka_consumer.py:139} INFO - ✅ Merged 1 new/changed records into Snowflake table: MBTA_PREDICTIONS in 1.56 seconds
[2025-04-21T05:21:38.386+0000] {mbta_kafka_consumer.py:233} INFO - 📥 Received 1 records from topic: mbta_predictions
[2025-04-21T05:21:38.406+0000] {mbta_kafka_consumer.py:56} INFO - 🔍 Sample data for MBTA_PREDICTIONS:
[2025-04-21T05:21:38.407+0000] {mbta_kafka_consumer.py:57} INFO - 
                              PREDICTION_ID  ...                 CREATED_AT
0  prediction-ADDED-1582318044-70079-90-Red  ... 2025-04-21 05:21:38.387774

[1 rows x 9 columns]
[2025-04-21T05:21:38.441+0000] {cursor.py:1028} INFO - query: [SELECT * FROM MBTA_PREDICTIONS WHERE PREDICTION_ID IN ('prediction-ADDED-1582318...]
[2025-04-21T05:21:38.993+0000] {cursor.py:1041} INFO - query execution done
[2025-04-21T05:21:39.040+0000] {cursor.py:1205} INFO - Number of results in first chunk: 1
[2025-04-21T05:21:39.214+0000] {mbta_kafka_consumer.py:104} INFO - 🔁 1 new/updated records out of 1 incoming records (some may be duplicate VEHICLE_IDs) for MBTA_PREDICTIONS
[2025-04-21T05:21:39.218+0000] {cursor.py:1028} INFO - query: [MERGE INTO MBTA_PREDICTIONS AS target USING (SELECT 'prediction-ADDED-1582318044...]
