[2025-04-22T22:52:42.535+0000] {taskinstance.py:1956} INFO - Dependencies all met for dep_context=non-requeueable deps ti=<TaskInstance: mbta_ingestion_dag.load_to_snowflake scheduled__2025-04-22T22:20:00+00:00 [queued]>
[2025-04-22T22:52:42.561+0000] {taskinstance.py:1956} INFO - Dependencies all met for dep_context=requeueable deps ti=<TaskInstance: mbta_ingestion_dag.load_to_snowflake scheduled__2025-04-22T22:20:00+00:00 [queued]>
[2025-04-22T22:52:42.565+0000] {taskinstance.py:2170} INFO - Starting attempt 2 of 2
[2025-04-22T22:52:42.601+0000] {taskinstance.py:2191} INFO - Executing <Task(PythonOperator): load_to_snowflake> on 2025-04-22 22:20:00+00:00
[2025-04-22T22:52:42.608+0000] {standard_task_runner.py:60} INFO - Started process 213 to run task
[2025-04-22T22:52:42.634+0000] {standard_task_runner.py:87} INFO - Running: ['***', 'tasks', 'run', 'mbta_ingestion_dag', 'load_to_snowflake', 'scheduled__2025-04-22T22:20:00+00:00', '--job-id', '50', '--raw', '--subdir', 'DAGS_FOLDER/mbta_ingestion_dag.py', '--cfg-path', '/tmp/tmpcwli477x']
[2025-04-22T22:52:42.652+0000] {standard_task_runner.py:88} INFO - Job 50: Subtask load_to_snowflake
[2025-04-22T22:52:43.099+0000] {task_command.py:423} INFO - Running <TaskInstance: mbta_ingestion_dag.load_to_snowflake scheduled__2025-04-22T22:20:00+00:00 [running]> on host ac2d5540932a
[2025-04-22T22:52:43.515+0000] {taskinstance.py:2480} INFO - Exporting env vars: AIRFLOW_CTX_DAG_OWNER='***' AIRFLOW_CTX_DAG_ID='mbta_ingestion_dag' AIRFLOW_CTX_TASK_ID='load_to_snowflake' AIRFLOW_CTX_EXECUTION_DATE='2025-04-22T22:20:00+00:00' AIRFLOW_CTX_TRY_NUMBER='2' AIRFLOW_CTX_DAG_RUN_ID='scheduled__2025-04-22T22:20:00+00:00'
[2025-04-22T22:52:43.522+0000] {mbta_ingestion_dag.py:35} INFO - 🚀 Launching Kafka consumer to process and load data into Snowflake...
[2025-04-22T22:52:43.525+0000] {connection.py:370} INFO - Snowflake Connector for Python Version: 3.6.0, Python Version: 3.9.18, Platform: Linux-6.10.14-linuxkit-aarch64-with-glibc2.36
[2025-04-22T22:52:43.541+0000] {connection.py:1171} INFO - This connection is in OCSP Fail Open Mode. TLS Certificates would be checked for validity and revocation status. Any other Certificate Revocation related exceptions or OCSP Responder failures would be disregarded in favor of connectivity.
[2025-04-22T22:52:44.449+0000] {mbta_kafka_consumer.py:45} INFO - ✅ Connected to Snowflake successfully.
[2025-04-22T22:52:44.459+0000] {mbta_kafka_consumer.py:219} INFO - 🚀 Starting MBTA Kafka Consumer...
[2025-04-22T22:52:44.471+0000] {conn.py:395} INFO - <BrokerConnection client_id=kafka-python-2.1.5, node_id=bootstrap-0 host=kafka:9092 <connecting> [IPv4 ('172.18.0.4', 9092)]>: connecting to kafka:9092 [('172.18.0.4', 9092) IPv4]
[2025-04-22T22:52:44.484+0000] {conn.py:615} INFO - <BrokerConnection client_id=kafka-python-2.1.5, node_id=bootstrap-0 host=kafka:9092 <checking_api_versions_recv> [IPv4 ('172.18.0.4', 9092)]>: Broker version identified as 2.6
[2025-04-22T22:52:44.485+0000] {conn.py:456} INFO - <BrokerConnection client_id=kafka-python-2.1.5, node_id=bootstrap-0 host=kafka:9092 <connected> [IPv4 ('172.18.0.4', 9092)]>: Connection complete.
[2025-04-22T22:52:44.489+0000] {consumer.py:119} WARNING - group_id is None: disabling auto-commit.
[2025-04-22T22:52:44.490+0000] {subscription_state.py:182} INFO - Updating subscribed topics to: ('mbta_alerts', 'mbta_routes', 'mbta_stops', 'mbta_vehicles', 'mbta_predictions')
[2025-04-22T22:52:44.498+0000] {subscription_state.py:254} INFO - Updated partition assignment: [('mbta_predictions', 0), ('mbta_vehicles', 0), ('mbta_routes', 0), ('mbta_stops', 0), ('mbta_alerts', 0)]
[2025-04-22T22:52:44.501+0000] {conn.py:395} INFO - <BrokerConnection client_id=kafka-python-2.1.5, node_id=1 host=kafka:9092 <connecting> [IPv4 ('172.18.0.4', 9092)]>: connecting to kafka:9092 [('172.18.0.4', 9092) IPv4]
[2025-04-22T22:52:44.503+0000] {conn.py:456} INFO - <BrokerConnection client_id=kafka-python-2.1.5, node_id=1 host=kafka:9092 <connected> [IPv4 ('172.18.0.4', 9092)]>: Connection complete.
[2025-04-22T22:52:44.504+0000] {conn.py:936} INFO - <BrokerConnection client_id=kafka-python-2.1.5, node_id=bootstrap-0 host=kafka:9092 <connected> [IPv4 ('172.18.0.4', 9092)]>: Closing connection. 
[2025-04-22T22:52:58.842+0000] {mbta_kafka_consumer.py:233} INFO - 📥 Received 108 records from topic: mbta_alerts
[2025-04-22T22:52:58.969+0000] {mbta_kafka_consumer.py:56} INFO - 🔍 Sample data for MBTA_ALERTS:
[2025-04-22T22:52:58.981+0000] {mbta_kafka_consumer.py:57} INFO - 
  ALERT_ID  ...                 CREATED_AT
0   639358  ...  2025-04-22T09:01:01-04:00
1   638240  ...  2025-04-16T10:52:04-04:00
2   639365  ...  2025-04-22T09:56:18-04:00
3   435698  ...  2022-03-15T10:13:31-04:00
4   634497  ...  2025-03-27T14:21:07-04:00

[5 rows x 6 columns]
[2025-04-22T22:52:59.180+0000] {cursor.py:1028} INFO - query: [SELECT * FROM MBTA_ALERTS WHERE ALERT_ID IN ('639358','638240','639365','435698'...]
[2025-04-22T22:52:59.528+0000] {cursor.py:1041} INFO - query execution done
[2025-04-22T22:52:59.587+0000] {cursor.py:1205} INFO - Number of results in first chunk: 0
[2025-04-22T22:53:01.549+0000] {mbta_kafka_consumer.py:104} INFO - 🔁 0 new/updated records out of 108 incoming records (some may be duplicate VEHICLE_IDs) for MBTA_ALERTS
[2025-04-22T22:53:01.555+0000] {mbta_kafka_consumer.py:107} INFO - ✅ All 108 records already up-to-date in MBTA_ALERTS, no merge needed.
[2025-04-22T22:53:01.563+0000] {mbta_kafka_consumer.py:233} INFO - 📥 Received 109 records from topic: mbta_alerts
[2025-04-22T22:53:01.585+0000] {mbta_kafka_consumer.py:56} INFO - 🔍 Sample data for MBTA_ALERTS:
[2025-04-22T22:53:01.587+0000] {mbta_kafka_consumer.py:57} INFO - 
  ALERT_ID  ...                 CREATED_AT
0   639358  ...  2025-04-22T09:01:01-04:00
1   638240  ...  2025-04-16T10:52:04-04:00
2   639365  ...  2025-04-22T09:56:18-04:00
3   435698  ...  2022-03-15T10:13:31-04:00
4   634497  ...  2025-03-27T14:21:07-04:00

[5 rows x 6 columns]
[2025-04-22T22:53:01.609+0000] {cursor.py:1028} INFO - query: [SELECT * FROM MBTA_ALERTS WHERE ALERT_ID IN ('639358','638240','639365','435698'...]
[2025-04-22T22:53:01.795+0000] {cursor.py:1041} INFO - query execution done
[2025-04-22T22:53:01.796+0000] {cursor.py:1205} INFO - Number of results in first chunk: 0
[2025-04-22T22:53:02.054+0000] {mbta_kafka_consumer.py:104} INFO - 🔁 0 new/updated records out of 109 incoming records (some may be duplicate VEHICLE_IDs) for MBTA_ALERTS
[2025-04-22T22:53:02.055+0000] {mbta_kafka_consumer.py:107} INFO - ✅ All 109 records already up-to-date in MBTA_ALERTS, no merge needed.
[2025-04-22T22:53:02.056+0000] {mbta_kafka_consumer.py:233} INFO - 📥 Received 178 records from topic: mbta_routes
[2025-04-22T22:53:02.074+0000] {mbta_kafka_consumer.py:56} INFO - 🔍 Sample data for MBTA_ROUTES:
[2025-04-22T22:53:02.076+0000] {mbta_kafka_consumer.py:57} INFO - 
   ROUTE_ID        ROUTE_NAME  ...  ROUTE_COLOR                 CREATED_AT
0       Red          Red Line  ...       DA291C 2025-04-22 22:53:02.056989
1  Mattapan  Mattapan Trolley  ...       DA291C 2025-04-22 22:53:02.057021
2    Orange       Orange Line  ...       ED8B00 2025-04-22 22:53:02.057023
3   Green-B      Green Line B  ...       00843D 2025-04-22 22:53:02.057024
4   Green-C      Green Line C  ...       00843D 2025-04-22 22:53:02.057048

[5 rows x 5 columns]
[2025-04-22T22:53:02.108+0000] {cursor.py:1028} INFO - query: [SELECT * FROM MBTA_ROUTES WHERE ROUTE_ID IN ('Red','Mattapan','Orange','Green-B'...]
[2025-04-22T22:53:02.328+0000] {cursor.py:1041} INFO - query execution done
[2025-04-22T22:53:02.332+0000] {cursor.py:1205} INFO - Number of results in first chunk: 0
[2025-04-22T22:53:02.779+0000] {mbta_kafka_consumer.py:104} INFO - 🔁 0 new/updated records out of 178 incoming records (some may be duplicate VEHICLE_IDs) for MBTA_ROUTES
[2025-04-22T22:53:02.781+0000] {mbta_kafka_consumer.py:107} INFO - ✅ All 178 records already up-to-date in MBTA_ROUTES, no merge needed.
[2025-04-22T22:53:02.782+0000] {mbta_kafka_consumer.py:233} INFO - 📥 Received 178 records from topic: mbta_routes
[2025-04-22T22:53:02.794+0000] {mbta_kafka_consumer.py:56} INFO - 🔍 Sample data for MBTA_ROUTES:
[2025-04-22T22:53:02.795+0000] {mbta_kafka_consumer.py:57} INFO - 
   ROUTE_ID        ROUTE_NAME  ...  ROUTE_COLOR                 CREATED_AT
0       Red          Red Line  ...       DA291C 2025-04-22 22:53:02.783119
1  Mattapan  Mattapan Trolley  ...       DA291C 2025-04-22 22:53:02.783121
2    Orange       Orange Line  ...       ED8B00 2025-04-22 22:53:02.783122
3   Green-B      Green Line B  ...       00843D 2025-04-22 22:53:02.783128
4   Green-C      Green Line C  ...       00843D 2025-04-22 22:53:02.783129

[5 rows x 5 columns]
[2025-04-22T22:53:02.808+0000] {cursor.py:1028} INFO - query: [SELECT * FROM MBTA_ROUTES WHERE ROUTE_ID IN ('Red','Mattapan','Orange','Green-B'...]
[2025-04-22T22:53:02.988+0000] {cursor.py:1041} INFO - query execution done
[2025-04-22T22:53:02.989+0000] {cursor.py:1205} INFO - Number of results in first chunk: 0
[2025-04-22T22:53:03.348+0000] {mbta_kafka_consumer.py:104} INFO - 🔁 0 new/updated records out of 178 incoming records (some may be duplicate VEHICLE_IDs) for MBTA_ROUTES
[2025-04-22T22:53:03.354+0000] {mbta_kafka_consumer.py:107} INFO - ✅ All 178 records already up-to-date in MBTA_ROUTES, no merge needed.
[2025-04-22T22:53:03.357+0000] {mbta_kafka_consumer.py:233} INFO - 📥 Received 178 records from topic: mbta_routes
[2025-04-22T22:53:03.380+0000] {mbta_kafka_consumer.py:56} INFO - 🔍 Sample data for MBTA_ROUTES:
[2025-04-22T22:53:03.381+0000] {mbta_kafka_consumer.py:57} INFO - 
   ROUTE_ID        ROUTE_NAME  ...  ROUTE_COLOR                 CREATED_AT
0       Red          Red Line  ...       DA291C 2025-04-22 22:53:03.358180
1  Mattapan  Mattapan Trolley  ...       DA291C 2025-04-22 22:53:03.358185
2    Orange       Orange Line  ...       ED8B00 2025-04-22 22:53:03.358796
3   Green-B      Green Line B  ...       00843D 2025-04-22 22:53:03.358798
4   Green-C      Green Line C  ...       00843D 2025-04-22 22:53:03.358809

[5 rows x 5 columns]
[2025-04-22T22:53:03.395+0000] {cursor.py:1028} INFO - query: [SELECT * FROM MBTA_ROUTES WHERE ROUTE_ID IN ('Red','Mattapan','Orange','Green-B'...]
[2025-04-22T22:53:03.550+0000] {cursor.py:1041} INFO - query execution done
[2025-04-22T22:53:03.552+0000] {cursor.py:1205} INFO - Number of results in first chunk: 0
[2025-04-22T22:53:03.922+0000] {mbta_kafka_consumer.py:104} INFO - 🔁 0 new/updated records out of 178 incoming records (some may be duplicate VEHICLE_IDs) for MBTA_ROUTES
[2025-04-22T22:53:03.923+0000] {mbta_kafka_consumer.py:107} INFO - ✅ All 178 records already up-to-date in MBTA_ROUTES, no merge needed.
[2025-04-22T22:53:03.925+0000] {mbta_kafka_consumer.py:233} INFO - 📥 Received 178 records from topic: mbta_routes
[2025-04-22T22:53:03.931+0000] {mbta_kafka_consumer.py:56} INFO - 🔍 Sample data for MBTA_ROUTES:
[2025-04-22T22:53:03.932+0000] {mbta_kafka_consumer.py:57} INFO - 
   ROUTE_ID        ROUTE_NAME  ...  ROUTE_COLOR                 CREATED_AT
0       Red          Red Line  ...       DA291C 2025-04-22 22:53:03.926794
1  Mattapan  Mattapan Trolley  ...       DA291C 2025-04-22 22:53:03.926812
2    Orange       Orange Line  ...       ED8B00 2025-04-22 22:53:03.926825
3   Green-B      Green Line B  ...       00843D 2025-04-22 22:53:03.926831
4   Green-C      Green Line C  ...       00843D 2025-04-22 22:53:03.926833

[5 rows x 5 columns]
[2025-04-22T22:53:03.946+0000] {cursor.py:1028} INFO - query: [SELECT * FROM MBTA_ROUTES WHERE ROUTE_ID IN ('Red','Mattapan','Orange','Green-B'...]
[2025-04-22T22:53:04.134+0000] {cursor.py:1041} INFO - query execution done
[2025-04-22T22:53:04.135+0000] {cursor.py:1205} INFO - Number of results in first chunk: 0
[2025-04-22T22:53:04.540+0000] {mbta_kafka_consumer.py:104} INFO - 🔁 0 new/updated records out of 178 incoming records (some may be duplicate VEHICLE_IDs) for MBTA_ROUTES
[2025-04-22T22:53:04.544+0000] {mbta_kafka_consumer.py:107} INFO - ✅ All 178 records already up-to-date in MBTA_ROUTES, no merge needed.
[2025-04-22T22:53:04.544+0000] {mbta_kafka_consumer.py:233} INFO - 📥 Received 178 records from topic: mbta_routes
[2025-04-22T22:53:04.564+0000] {mbta_kafka_consumer.py:56} INFO - 🔍 Sample data for MBTA_ROUTES:
[2025-04-22T22:53:04.565+0000] {mbta_kafka_consumer.py:57} INFO - 
   ROUTE_ID        ROUTE_NAME  ...  ROUTE_COLOR                 CREATED_AT
0       Red          Red Line  ...       DA291C 2025-04-22 22:53:04.548955
1  Mattapan  Mattapan Trolley  ...       DA291C 2025-04-22 22:53:04.548962
2    Orange       Orange Line  ...       ED8B00 2025-04-22 22:53:04.548964
3   Green-B      Green Line B  ...       00843D 2025-04-22 22:53:04.548966
4   Green-C      Green Line C  ...       00843D 2025-04-22 22:53:04.548968

[5 rows x 5 columns]
[2025-04-22T22:53:04.579+0000] {cursor.py:1028} INFO - query: [SELECT * FROM MBTA_ROUTES WHERE ROUTE_ID IN ('Red','Mattapan','Orange','Green-B'...]
[2025-04-22T22:53:04.738+0000] {cursor.py:1041} INFO - query execution done
[2025-04-22T22:53:04.742+0000] {cursor.py:1205} INFO - Number of results in first chunk: 0
[2025-04-22T22:53:05.276+0000] {mbta_kafka_consumer.py:104} INFO - 🔁 0 new/updated records out of 178 incoming records (some may be duplicate VEHICLE_IDs) for MBTA_ROUTES
[2025-04-22T22:53:05.285+0000] {mbta_kafka_consumer.py:107} INFO - ✅ All 178 records already up-to-date in MBTA_ROUTES, no merge needed.
[2025-04-22T22:53:05.290+0000] {mbta_kafka_consumer.py:233} INFO - 📥 Received 178 records from topic: mbta_routes
[2025-04-22T22:53:05.303+0000] {mbta_kafka_consumer.py:56} INFO - 🔍 Sample data for MBTA_ROUTES:
[2025-04-22T22:53:05.305+0000] {mbta_kafka_consumer.py:57} INFO - 
   ROUTE_ID        ROUTE_NAME  ...  ROUTE_COLOR                 CREATED_AT
0       Red          Red Line  ...       DA291C 2025-04-22 22:53:05.292302
1  Mattapan  Mattapan Trolley  ...       DA291C 2025-04-22 22:53:05.292322
2    Orange       Orange Line  ...       ED8B00 2025-04-22 22:53:05.292324
3   Green-B      Green Line B  ...       00843D 2025-04-22 22:53:05.292324
4   Green-C      Green Line C  ...       00843D 2025-04-22 22:53:05.292325

[5 rows x 5 columns]
[2025-04-22T22:53:05.343+0000] {cursor.py:1028} INFO - query: [SELECT * FROM MBTA_ROUTES WHERE ROUTE_ID IN ('Red','Mattapan','Orange','Green-B'...]
[2025-04-22T22:53:05.507+0000] {cursor.py:1041} INFO - query execution done
[2025-04-22T22:53:05.509+0000] {cursor.py:1205} INFO - Number of results in first chunk: 0
[2025-04-22T22:53:05.823+0000] {mbta_kafka_consumer.py:104} INFO - 🔁 0 new/updated records out of 178 incoming records (some may be duplicate VEHICLE_IDs) for MBTA_ROUTES
[2025-04-22T22:53:05.823+0000] {mbta_kafka_consumer.py:107} INFO - ✅ All 178 records already up-to-date in MBTA_ROUTES, no merge needed.
[2025-04-22T22:53:05.824+0000] {mbta_kafka_consumer.py:233} INFO - 📥 Received 178 records from topic: mbta_routes
[2025-04-22T22:53:05.831+0000] {mbta_kafka_consumer.py:56} INFO - 🔍 Sample data for MBTA_ROUTES:
[2025-04-22T22:53:05.832+0000] {mbta_kafka_consumer.py:57} INFO - 
   ROUTE_ID        ROUTE_NAME  ...  ROUTE_COLOR                 CREATED_AT
0       Red          Red Line  ...       DA291C 2025-04-22 22:53:05.825377
1  Mattapan  Mattapan Trolley  ...       DA291C 2025-04-22 22:53:05.825383
2    Orange       Orange Line  ...       ED8B00 2025-04-22 22:53:05.825385
3   Green-B      Green Line B  ...       00843D 2025-04-22 22:53:05.825386
4   Green-C      Green Line C  ...       00843D 2025-04-22 22:53:05.825388

[5 rows x 5 columns]
[2025-04-22T22:53:05.841+0000] {cursor.py:1028} INFO - query: [SELECT * FROM MBTA_ROUTES WHERE ROUTE_ID IN ('Red','Mattapan','Orange','Green-B'...]
[2025-04-22T22:53:06.005+0000] {cursor.py:1041} INFO - query execution done
[2025-04-22T22:53:06.008+0000] {cursor.py:1205} INFO - Number of results in first chunk: 0
[2025-04-22T22:53:06.256+0000] {mbta_kafka_consumer.py:104} INFO - 🔁 0 new/updated records out of 178 incoming records (some may be duplicate VEHICLE_IDs) for MBTA_ROUTES
[2025-04-22T22:53:06.257+0000] {mbta_kafka_consumer.py:107} INFO - ✅ All 178 records already up-to-date in MBTA_ROUTES, no merge needed.
[2025-04-22T22:53:06.258+0000] {mbta_kafka_consumer.py:233} INFO - 📥 Received 178 records from topic: mbta_routes
[2025-04-22T22:53:06.263+0000] {mbta_kafka_consumer.py:56} INFO - 🔍 Sample data for MBTA_ROUTES:
[2025-04-22T22:53:06.263+0000] {mbta_kafka_consumer.py:57} INFO - 
   ROUTE_ID        ROUTE_NAME  ...  ROUTE_COLOR                 CREATED_AT
0       Red          Red Line  ...       DA291C 2025-04-22 22:53:06.259299
1  Mattapan  Mattapan Trolley  ...       DA291C 2025-04-22 22:53:06.259301
2    Orange       Orange Line  ...       ED8B00 2025-04-22 22:53:06.259311
3   Green-B      Green Line B  ...       00843D 2025-04-22 22:53:06.259312
4   Green-C      Green Line C  ...       00843D 2025-04-22 22:53:06.259312

[5 rows x 5 columns]
[2025-04-22T22:53:06.269+0000] {cursor.py:1028} INFO - query: [SELECT * FROM MBTA_ROUTES WHERE ROUTE_ID IN ('Red','Mattapan','Orange','Green-B'...]
[2025-04-22T22:53:06.470+0000] {cursor.py:1041} INFO - query execution done
[2025-04-22T22:53:06.471+0000] {cursor.py:1205} INFO - Number of results in first chunk: 0
[2025-04-22T22:53:06.697+0000] {mbta_kafka_consumer.py:104} INFO - 🔁 0 new/updated records out of 178 incoming records (some may be duplicate VEHICLE_IDs) for MBTA_ROUTES
[2025-04-22T22:53:06.701+0000] {mbta_kafka_consumer.py:107} INFO - ✅ All 178 records already up-to-date in MBTA_ROUTES, no merge needed.
[2025-04-22T22:53:06.702+0000] {mbta_kafka_consumer.py:233} INFO - 📥 Received 178 records from topic: mbta_routes
[2025-04-22T22:53:06.707+0000] {mbta_kafka_consumer.py:56} INFO - 🔍 Sample data for MBTA_ROUTES:
[2025-04-22T22:53:06.708+0000] {mbta_kafka_consumer.py:57} INFO - 
   ROUTE_ID        ROUTE_NAME  ...  ROUTE_COLOR                 CREATED_AT
0       Red          Red Line  ...       DA291C 2025-04-22 22:53:06.702871
1  Mattapan  Mattapan Trolley  ...       DA291C 2025-04-22 22:53:06.702881
2    Orange       Orange Line  ...       ED8B00 2025-04-22 22:53:06.702885
3   Green-B      Green Line B  ...       00843D 2025-04-22 22:53:06.702905
4   Green-C      Green Line C  ...       00843D 2025-04-22 22:53:06.702908

[5 rows x 5 columns]
[2025-04-22T22:53:06.714+0000] {cursor.py:1028} INFO - query: [SELECT * FROM MBTA_ROUTES WHERE ROUTE_ID IN ('Red','Mattapan','Orange','Green-B'...]
[2025-04-22T22:53:06.869+0000] {cursor.py:1041} INFO - query execution done
[2025-04-22T22:53:06.871+0000] {cursor.py:1205} INFO - Number of results in first chunk: 0
[2025-04-22T22:53:07.097+0000] {mbta_kafka_consumer.py:104} INFO - 🔁 0 new/updated records out of 178 incoming records (some may be duplicate VEHICLE_IDs) for MBTA_ROUTES
[2025-04-22T22:53:07.098+0000] {mbta_kafka_consumer.py:107} INFO - ✅ All 178 records already up-to-date in MBTA_ROUTES, no merge needed.
[2025-04-22T22:53:07.100+0000] {mbta_kafka_consumer.py:233} INFO - 📥 Received 178 records from topic: mbta_routes
[2025-04-22T22:53:07.106+0000] {mbta_kafka_consumer.py:56} INFO - 🔍 Sample data for MBTA_ROUTES:
[2025-04-22T22:53:07.107+0000] {mbta_kafka_consumer.py:57} INFO - 
   ROUTE_ID        ROUTE_NAME  ...  ROUTE_COLOR                 CREATED_AT
0       Red          Red Line  ...       DA291C 2025-04-22 22:53:07.101767
1  Mattapan  Mattapan Trolley  ...       DA291C 2025-04-22 22:53:07.101771
2    Orange       Orange Line  ...       ED8B00 2025-04-22 22:53:07.101782
3   Green-B      Green Line B  ...       00843D 2025-04-22 22:53:07.101783
4   Green-C      Green Line C  ...       00843D 2025-04-22 22:53:07.101785

[5 rows x 5 columns]
[2025-04-22T22:53:07.113+0000] {cursor.py:1028} INFO - query: [SELECT * FROM MBTA_ROUTES WHERE ROUTE_ID IN ('Red','Mattapan','Orange','Green-B'...]
[2025-04-22T22:53:07.270+0000] {cursor.py:1041} INFO - query execution done
[2025-04-22T22:53:07.272+0000] {cursor.py:1205} INFO - Number of results in first chunk: 0
[2025-04-22T22:53:07.549+0000] {mbta_kafka_consumer.py:104} INFO - 🔁 0 new/updated records out of 178 incoming records (some may be duplicate VEHICLE_IDs) for MBTA_ROUTES
[2025-04-22T22:53:07.549+0000] {mbta_kafka_consumer.py:107} INFO - ✅ All 178 records already up-to-date in MBTA_ROUTES, no merge needed.
[2025-04-22T22:53:07.551+0000] {mbta_kafka_consumer.py:233} INFO - 📥 Received 178 records from topic: mbta_routes
[2025-04-22T22:53:07.561+0000] {mbta_kafka_consumer.py:56} INFO - 🔍 Sample data for MBTA_ROUTES:
[2025-04-22T22:53:07.562+0000] {mbta_kafka_consumer.py:57} INFO - 
   ROUTE_ID        ROUTE_NAME  ...  ROUTE_COLOR                 CREATED_AT
0       Red          Red Line  ...       DA291C 2025-04-22 22:53:07.553125
1  Mattapan  Mattapan Trolley  ...       DA291C 2025-04-22 22:53:07.553136
2    Orange       Orange Line  ...       ED8B00 2025-04-22 22:53:07.553138
3   Green-B      Green Line B  ...       00843D 2025-04-22 22:53:07.553140
4   Green-C      Green Line C  ...       00843D 2025-04-22 22:53:07.553152

[5 rows x 5 columns]
[2025-04-22T22:53:07.569+0000] {cursor.py:1028} INFO - query: [SELECT * FROM MBTA_ROUTES WHERE ROUTE_ID IN ('Red','Mattapan','Orange','Green-B'...]
[2025-04-22T22:53:07.722+0000] {cursor.py:1041} INFO - query execution done
[2025-04-22T22:53:07.724+0000] {cursor.py:1205} INFO - Number of results in first chunk: 0
[2025-04-22T22:53:08.414+0000] {mbta_kafka_consumer.py:104} INFO - 🔁 0 new/updated records out of 178 incoming records (some may be duplicate VEHICLE_IDs) for MBTA_ROUTES
[2025-04-22T22:53:08.419+0000] {mbta_kafka_consumer.py:107} INFO - ✅ All 178 records already up-to-date in MBTA_ROUTES, no merge needed.
[2025-04-22T22:53:08.425+0000] {mbta_kafka_consumer.py:233} INFO - 📥 Received 1000 records from topic: mbta_stops
[2025-04-22T22:53:08.461+0000] {mbta_kafka_consumer.py:56} INFO - 🔍 Sample data for MBTA_STOPS:
[2025-04-22T22:53:08.462+0000] {mbta_kafka_consumer.py:57} INFO - 
          STOP_ID  ...                 CREATED_AT
0            5682  ... 2025-04-22 22:53:08.425905
1           50620  ... 2025-04-22 22:53:08.425951
2  node-417-lobby  ... 2025-04-22 22:53:08.425953
3            4042  ... 2025-04-22 22:53:08.425955
4          109822  ... 2025-04-22 22:53:08.425960

[5 rows x 5 columns]
[2025-04-22T22:53:08.487+0000] {cursor.py:1028} INFO - query: [SELECT * FROM MBTA_STOPS WHERE STOP_ID IN ('5682','50620','node-417-lobby','4042...]
[2025-04-22T22:53:08.656+0000] {cursor.py:1041} INFO - query execution done
[2025-04-22T22:53:08.657+0000] {cursor.py:1205} INFO - Number of results in first chunk: 0
[2025-04-22T22:53:09.882+0000] {mbta_kafka_consumer.py:104} INFO - 🔁 0 new/updated records out of 1000 incoming records (some may be duplicate VEHICLE_IDs) for MBTA_STOPS
[2025-04-22T22:53:09.896+0000] {mbta_kafka_consumer.py:107} INFO - ✅ All 1000 records already up-to-date in MBTA_STOPS, no merge needed.
[2025-04-22T22:53:09.927+0000] {mbta_kafka_consumer.py:233} INFO - 📥 Received 25 records from topic: mbta_predictions
[2025-04-22T22:53:10.017+0000] {mbta_kafka_consumer.py:56} INFO - 🔍 Sample data for MBTA_PREDICTIONS:
[2025-04-22T22:53:10.018+0000] {mbta_kafka_consumer.py:57} INFO - 
                       PREDICTION_ID ROUTE_ID  ... STATUS                 CREATED_AT
0  prediction-67995058-70080-130-Red      Red  ...   None 2025-04-22 22:53:09.934169
1   prediction-67995017-70079-90-Red      Red  ...   None 2025-04-22 22:53:09.934351
2  prediction-67994964-70080-130-Red      Red  ...   None 2025-04-22 22:53:09.934358
3   prediction-67995023-70079-90-Red      Red  ...   None 2025-04-22 22:53:09.934363
4  prediction-67994970-70080-130-Red      Red  ...   None 2025-04-22 22:53:09.934366

[5 rows x 9 columns]
[2025-04-22T22:53:10.049+0000] {cursor.py:1028} INFO - query: [SELECT * FROM MBTA_PREDICTIONS WHERE PREDICTION_ID IN ('prediction-67995058-7008...]
[2025-04-22T22:53:10.238+0000] {cursor.py:1041} INFO - query execution done
[2025-04-22T22:53:10.240+0000] {cursor.py:1205} INFO - Number of results in first chunk: 25
[2025-04-22T22:53:10.339+0000] {mbta_kafka_consumer.py:104} INFO - 🔁 25 new/updated records out of 25 incoming records (some may be duplicate VEHICLE_IDs) for MBTA_PREDICTIONS
[2025-04-22T22:53:10.341+0000] {cursor.py:1028} INFO - query: [MERGE INTO MBTA_PREDICTIONS AS target USING (SELECT 'prediction-67995058-70080-1...]
[2025-04-22T22:53:12.559+0000] {cursor.py:1041} INFO - query execution done
[2025-04-22T22:53:12.570+0000] {cursor.py:1028} INFO - query: [MERGE INTO MBTA_PREDICTIONS AS target USING (SELECT 'prediction-67995017-70079-9...]
[2025-04-22T22:53:15.860+0000] {cursor.py:1041} INFO - query execution done
[2025-04-22T22:53:15.914+0000] {cursor.py:1028} INFO - query: [MERGE INTO MBTA_PREDICTIONS AS target USING (SELECT 'prediction-67994964-70080-1...]
[2025-04-22T22:53:18.037+0000] {cursor.py:1041} INFO - query execution done
[2025-04-22T22:53:18.041+0000] {cursor.py:1028} INFO - query: [MERGE INTO MBTA_PREDICTIONS AS target USING (SELECT 'prediction-67995023-70079-9...]
[2025-04-22T22:53:20.459+0000] {cursor.py:1041} INFO - query execution done
[2025-04-22T22:53:20.467+0000] {cursor.py:1028} INFO - query: [MERGE INTO MBTA_PREDICTIONS AS target USING (SELECT 'prediction-67994970-70080-1...]
[2025-04-22T22:53:22.783+0000] {cursor.py:1041} INFO - query execution done
[2025-04-22T22:53:22.787+0000] {cursor.py:1028} INFO - query: [MERGE INTO MBTA_PREDICTIONS AS target USING (SELECT 'prediction-67995035-70079-9...]
[2025-04-22T22:53:26.249+0000] {cursor.py:1041} INFO - query execution done
[2025-04-22T22:53:26.253+0000] {cursor.py:1028} INFO - query: [MERGE INTO MBTA_PREDICTIONS AS target USING (SELECT 'prediction-ADDED-1582320905...]
[2025-04-22T22:53:29.890+0000] {cursor.py:1041} INFO - query execution done
[2025-04-22T22:53:29.895+0000] {cursor.py:1028} INFO - query: [MERGE INTO MBTA_PREDICTIONS AS target USING (SELECT 'prediction-67995041-70079-9...]
[2025-04-22T22:53:32.714+0000] {cursor.py:1041} INFO - query execution done
[2025-04-22T22:53:32.720+0000] {cursor.py:1028} INFO - query: [MERGE INTO MBTA_PREDICTIONS AS target USING (SELECT 'prediction-67994982-70080-1...]
[2025-04-22T22:53:35.279+0000] {cursor.py:1041} INFO - query execution done
[2025-04-22T22:53:35.283+0000] {cursor.py:1028} INFO - query: [MERGE INTO MBTA_PREDICTIONS AS target USING (SELECT 'prediction-67995047-70079-9...]
[2025-04-22T22:53:37.888+0000] {cursor.py:1041} INFO - query execution done
[2025-04-22T22:53:37.892+0000] {cursor.py:1028} INFO - query: [MERGE INTO MBTA_PREDICTIONS AS target USING (SELECT 'prediction-67995053-70079-9...]
[2025-04-22T22:53:40.206+0000] {cursor.py:1041} INFO - query execution done
[2025-04-22T22:53:40.208+0000] {cursor.py:1028} INFO - query: [MERGE INTO MBTA_PREDICTIONS AS target USING (SELECT 'prediction-67994994-70080-1...]
[2025-04-22T22:53:42.997+0000] {cursor.py:1041} INFO - query execution done
[2025-04-22T22:53:42.999+0000] {cursor.py:1028} INFO - query: [MERGE INTO MBTA_PREDICTIONS AS target USING (SELECT 'prediction-67995059-70079-9...]
[2025-04-22T22:53:45.551+0000] {cursor.py:1041} INFO - query execution done
[2025-04-22T22:53:45.559+0000] {cursor.py:1028} INFO - query: [MERGE INTO MBTA_PREDICTIONS AS target USING (SELECT 'prediction-67995000-70080-1...]
[2025-04-22T22:53:48.290+0000] {cursor.py:1041} INFO - query execution done
[2025-04-22T22:53:48.295+0000] {cursor.py:1028} INFO - query: [MERGE INTO MBTA_PREDICTIONS AS target USING (SELECT 'prediction-67994965-70079-9...]
[2025-04-22T22:53:52.117+0000] {cursor.py:1041} INFO - query execution done
[2025-04-22T22:53:52.125+0000] {cursor.py:1028} INFO - query: [MERGE INTO MBTA_PREDICTIONS AS target USING (SELECT 'prediction-67995006-70080-1...]
[2025-04-22T22:53:54.921+0000] {cursor.py:1041} INFO - query execution done
[2025-04-22T22:53:54.941+0000] {cursor.py:1028} INFO - query: [MERGE INTO MBTA_PREDICTIONS AS target USING (SELECT 'prediction-67994971-70079-9...]
[2025-04-22T22:53:57.827+0000] {cursor.py:1041} INFO - query execution done
[2025-04-22T22:53:57.831+0000] {cursor.py:1028} INFO - query: [MERGE INTO MBTA_PREDICTIONS AS target USING (SELECT 'prediction-67995012-70080-1...]
[2025-04-22T22:54:01.800+0000] {cursor.py:1041} INFO - query execution done
[2025-04-22T22:54:01.804+0000] {cursor.py:1028} INFO - query: [MERGE INTO MBTA_PREDICTIONS AS target USING (SELECT 'prediction-67994977-70079-9...]
[2025-04-22T22:54:05.109+0000] {cursor.py:1041} INFO - query execution done
[2025-04-22T22:54:05.119+0000] {cursor.py:1028} INFO - query: [MERGE INTO MBTA_PREDICTIONS AS target USING (SELECT 'prediction-67995018-70080-1...]
[2025-04-22T22:54:08.097+0000] {cursor.py:1041} INFO - query execution done
[2025-04-22T22:54:08.112+0000] {cursor.py:1028} INFO - query: [MERGE INTO MBTA_PREDICTIONS AS target USING (SELECT 'prediction-67994988-70080-1...]
[2025-04-22T22:54:11.026+0000] {cursor.py:1041} INFO - query execution done
[2025-04-22T22:54:11.035+0000] {cursor.py:1028} INFO - query: [MERGE INTO MBTA_PREDICTIONS AS target USING (SELECT 'prediction-67995024-70080-1...]
[2025-04-22T22:54:13.439+0000] {cursor.py:1041} INFO - query execution done
[2025-04-22T22:54:13.507+0000] {cursor.py:1028} INFO - query: [MERGE INTO MBTA_PREDICTIONS AS target USING (SELECT 'prediction-67994989-70079-9...]
[2025-04-22T22:54:16.654+0000] {cursor.py:1041} INFO - query execution done
[2025-04-22T22:54:16.658+0000] {cursor.py:1028} INFO - query: [MERGE INTO MBTA_PREDICTIONS AS target USING (SELECT 'prediction-67995030-70080-1...]
[2025-04-22T22:54:19.273+0000] {cursor.py:1041} INFO - query execution done
[2025-04-22T22:54:19.281+0000] {cursor.py:1028} INFO - query: [MERGE INTO MBTA_PREDICTIONS AS target USING (SELECT 'prediction-67995036-70080-1...]
[2025-04-22T22:54:21.684+0000] {cursor.py:1041} INFO - query execution done
[2025-04-22T22:54:21.687+0000] {cursor.py:1028} INFO - query: [COMMIT]
[2025-04-22T22:54:21.845+0000] {cursor.py:1041} INFO - query execution done
[2025-04-22T22:54:21.845+0000] {cursor.py:1205} INFO - Number of results in first chunk: 1
[2025-04-22T22:54:21.847+0000] {mbta_kafka_consumer.py:139} INFO - ✅ Merged 25 new/changed records into Snowflake table: MBTA_PREDICTIONS in 71.80 seconds
[2025-04-22T22:54:21.866+0000] {mbta_kafka_consumer.py:233} INFO - 📥 Received 25 records from topic: mbta_predictions
[2025-04-22T22:54:21.935+0000] {mbta_kafka_consumer.py:56} INFO - 🔍 Sample data for MBTA_PREDICTIONS:
[2025-04-22T22:54:21.935+0000] {mbta_kafka_consumer.py:57} INFO - 
                       PREDICTION_ID ROUTE_ID  ... STATUS                 CREATED_AT
0  prediction-67995058-70080-130-Red      Red  ...   None 2025-04-22 22:54:21.867539
1   prediction-67995017-70079-90-Red      Red  ...   None 2025-04-22 22:54:21.867816
2  prediction-67994964-70080-130-Red      Red  ...   None 2025-04-22 22:54:21.867819
3   prediction-67995023-70079-90-Red      Red  ...   None 2025-04-22 22:54:21.867836
4  prediction-67994970-70080-130-Red      Red  ...   None 2025-04-22 22:54:21.867838

[5 rows x 9 columns]
[2025-04-22T22:54:21.957+0000] {cursor.py:1028} INFO - query: [SELECT * FROM MBTA_PREDICTIONS WHERE PREDICTION_ID IN ('prediction-67995058-7008...]
[2025-04-22T22:54:22.183+0000] {cursor.py:1041} INFO - query execution done
[2025-04-22T22:54:22.183+0000] {cursor.py:1205} INFO - Number of results in first chunk: 25
[2025-04-22T22:54:22.214+0000] {mbta_kafka_consumer.py:104} INFO - 🔁 25 new/updated records out of 25 incoming records (some may be duplicate VEHICLE_IDs) for MBTA_PREDICTIONS
[2025-04-22T22:54:22.215+0000] {cursor.py:1028} INFO - query: [MERGE INTO MBTA_PREDICTIONS AS target USING (SELECT 'prediction-67995058-70080-1...]
[2025-04-22T22:54:25.009+0000] {cursor.py:1041} INFO - query execution done
[2025-04-22T22:54:25.020+0000] {cursor.py:1028} INFO - query: [MERGE INTO MBTA_PREDICTIONS AS target USING (SELECT 'prediction-67995017-70079-9...]
[2025-04-22T22:54:27.887+0000] {cursor.py:1041} INFO - query execution done
[2025-04-22T22:54:27.953+0000] {cursor.py:1028} INFO - query: [MERGE INTO MBTA_PREDICTIONS AS target USING (SELECT 'prediction-67994964-70080-1...]
[2025-04-22T22:54:36.452+0000] {cursor.py:1041} INFO - query execution done
[2025-04-22T22:54:36.514+0000] {cursor.py:1028} INFO - query: [MERGE INTO MBTA_PREDICTIONS AS target USING (SELECT 'prediction-67995023-70079-9...]
[2025-04-22T22:54:38.401+0000] {cursor.py:1041} INFO - query execution done
[2025-04-22T22:54:38.407+0000] {cursor.py:1028} INFO - query: [MERGE INTO MBTA_PREDICTIONS AS target USING (SELECT 'prediction-67994970-70080-1...]
[2025-04-22T22:54:41.352+0000] {cursor.py:1041} INFO - query execution done
[2025-04-22T22:54:41.366+0000] {cursor.py:1028} INFO - query: [MERGE INTO MBTA_PREDICTIONS AS target USING (SELECT 'prediction-67995035-70079-9...]
[2025-04-22T22:54:44.035+0000] {cursor.py:1041} INFO - query execution done
[2025-04-22T22:54:44.038+0000] {cursor.py:1028} INFO - query: [MERGE INTO MBTA_PREDICTIONS AS target USING (SELECT 'prediction-ADDED-1582320905...]
[2025-04-22T22:54:46.904+0000] {cursor.py:1041} INFO - query execution done
[2025-04-22T22:54:46.908+0000] {cursor.py:1028} INFO - query: [MERGE INTO MBTA_PREDICTIONS AS target USING (SELECT 'prediction-67995041-70079-9...]
[2025-04-22T22:54:50.353+0000] {cursor.py:1041} INFO - query execution done
[2025-04-22T22:54:50.358+0000] {cursor.py:1028} INFO - query: [MERGE INTO MBTA_PREDICTIONS AS target USING (SELECT 'prediction-67994982-70080-1...]
[2025-04-22T22:54:53.774+0000] {cursor.py:1041} INFO - query execution done
[2025-04-22T22:54:53.777+0000] {cursor.py:1028} INFO - query: [MERGE INTO MBTA_PREDICTIONS AS target USING (SELECT 'prediction-67995047-70079-9...]
[2025-04-22T22:54:56.559+0000] {cursor.py:1041} INFO - query execution done
[2025-04-22T22:54:56.561+0000] {cursor.py:1028} INFO - query: [MERGE INTO MBTA_PREDICTIONS AS target USING (SELECT 'prediction-67995053-70079-9...]
[2025-04-22T22:55:00.113+0000] {cursor.py:1041} INFO - query execution done
[2025-04-22T22:55:00.115+0000] {cursor.py:1028} INFO - query: [MERGE INTO MBTA_PREDICTIONS AS target USING (SELECT 'prediction-67994994-70080-1...]
[2025-04-22T22:55:02.858+0000] {cursor.py:1041} INFO - query execution done
[2025-04-22T22:55:02.860+0000] {cursor.py:1028} INFO - query: [MERGE INTO MBTA_PREDICTIONS AS target USING (SELECT 'prediction-67995059-70079-9...]
[2025-04-22T22:55:05.901+0000] {cursor.py:1041} INFO - query execution done
[2025-04-22T22:55:05.905+0000] {cursor.py:1028} INFO - query: [MERGE INTO MBTA_PREDICTIONS AS target USING (SELECT 'prediction-67995000-70080-1...]
[2025-04-22T22:55:08.845+0000] {cursor.py:1041} INFO - query execution done
[2025-04-22T22:55:08.869+0000] {cursor.py:1028} INFO - query: [MERGE INTO MBTA_PREDICTIONS AS target USING (SELECT 'prediction-67994965-70079-9...]
[2025-04-22T22:55:11.618+0000] {cursor.py:1041} INFO - query execution done
[2025-04-22T22:55:11.621+0000] {cursor.py:1028} INFO - query: [MERGE INTO MBTA_PREDICTIONS AS target USING (SELECT 'prediction-67995006-70080-1...]
[2025-04-22T22:55:14.400+0000] {cursor.py:1041} INFO - query execution done
[2025-04-22T22:55:14.407+0000] {cursor.py:1028} INFO - query: [MERGE INTO MBTA_PREDICTIONS AS target USING (SELECT 'prediction-67994971-70079-9...]
[2025-04-22T22:55:17.639+0000] {cursor.py:1041} INFO - query execution done
[2025-04-22T22:55:17.643+0000] {cursor.py:1028} INFO - query: [MERGE INTO MBTA_PREDICTIONS AS target USING (SELECT 'prediction-67995012-70080-1...]
[2025-04-22T22:55:20.497+0000] {cursor.py:1041} INFO - query execution done
[2025-04-22T22:55:20.501+0000] {cursor.py:1028} INFO - query: [MERGE INTO MBTA_PREDICTIONS AS target USING (SELECT 'prediction-67994977-70079-9...]
[2025-04-22T22:55:23.209+0000] {cursor.py:1041} INFO - query execution done
[2025-04-22T22:55:23.210+0000] {cursor.py:1028} INFO - query: [MERGE INTO MBTA_PREDICTIONS AS target USING (SELECT 'prediction-67995018-70080-1...]
[2025-04-22T22:55:26.757+0000] {cursor.py:1041} INFO - query execution done
[2025-04-22T22:55:26.758+0000] {cursor.py:1028} INFO - query: [MERGE INTO MBTA_PREDICTIONS AS target USING (SELECT 'prediction-67994988-70080-1...]
[2025-04-22T22:55:29.864+0000] {cursor.py:1041} INFO - query execution done
[2025-04-22T22:55:29.869+0000] {cursor.py:1028} INFO - query: [MERGE INTO MBTA_PREDICTIONS AS target USING (SELECT 'prediction-67995024-70080-1...]
[2025-04-22T22:55:33.277+0000] {cursor.py:1041} INFO - query execution done
[2025-04-22T22:55:33.280+0000] {cursor.py:1028} INFO - query: [MERGE INTO MBTA_PREDICTIONS AS target USING (SELECT 'prediction-67994989-70079-9...]
[2025-04-22T22:55:36.297+0000] {cursor.py:1041} INFO - query execution done
[2025-04-22T22:55:36.301+0000] {cursor.py:1028} INFO - query: [MERGE INTO MBTA_PREDICTIONS AS target USING (SELECT 'prediction-67995030-70080-1...]
[2025-04-22T22:55:39.805+0000] {cursor.py:1041} INFO - query execution done
[2025-04-22T22:55:39.806+0000] {cursor.py:1028} INFO - query: [MERGE INTO MBTA_PREDICTIONS AS target USING (SELECT 'prediction-67995036-70080-1...]
[2025-04-22T22:55:43.024+0000] {cursor.py:1041} INFO - query execution done
[2025-04-22T22:55:43.035+0000] {cursor.py:1028} INFO - query: [COMMIT]
[2025-04-22T22:55:43.200+0000] {cursor.py:1041} INFO - query execution done
[2025-04-22T22:55:43.202+0000] {cursor.py:1205} INFO - Number of results in first chunk: 1
[2025-04-22T22:55:43.206+0000] {mbta_kafka_consumer.py:139} INFO - ✅ Merged 25 new/changed records into Snowflake table: MBTA_PREDICTIONS in 81.25 seconds
[2025-04-22T22:55:43.212+0000] {mbta_kafka_consumer.py:233} INFO - 📥 Received 26 records from topic: mbta_predictions
[2025-04-22T22:55:43.249+0000] {mbta_kafka_consumer.py:56} INFO - 🔍 Sample data for MBTA_PREDICTIONS:
[2025-04-22T22:55:43.250+0000] {mbta_kafka_consumer.py:57} INFO - 
                       PREDICTION_ID ROUTE_ID  ... STATUS                 CREATED_AT
0   prediction-67995017-70079-90-Red      Red  ...   None 2025-04-22 22:55:43.215860
1  prediction-67995058-70080-130-Red      Red  ...   None 2025-04-22 22:55:43.215875
2  prediction-67994964-70080-130-Red      Red  ...   None 2025-04-22 22:55:43.215884
3   prediction-67995023-70079-90-Red      Red  ...   None 2025-04-22 22:55:43.215890
4  prediction-67994970-70080-130-Red      Red  ...   None 2025-04-22 22:55:43.215892

[5 rows x 9 columns]
[2025-04-22T22:55:43.274+0000] {cursor.py:1028} INFO - query: [SELECT * FROM MBTA_PREDICTIONS WHERE PREDICTION_ID IN ('prediction-67995017-7007...]
[2025-04-22T22:55:43.509+0000] {cursor.py:1041} INFO - query execution done
[2025-04-22T22:55:43.723+0000] {cursor.py:1205} INFO - Number of results in first chunk: 26
[2025-04-22T22:55:43.803+0000] {mbta_kafka_consumer.py:104} INFO - 🔁 26 new/updated records out of 26 incoming records (some may be duplicate VEHICLE_IDs) for MBTA_PREDICTIONS
[2025-04-22T22:55:43.807+0000] {cursor.py:1028} INFO - query: [MERGE INTO MBTA_PREDICTIONS AS target USING (SELECT 'prediction-67995017-70079-9...]
[2025-04-22T22:55:46.880+0000] {cursor.py:1041} INFO - query execution done
[2025-04-22T22:55:46.885+0000] {cursor.py:1028} INFO - query: [MERGE INTO MBTA_PREDICTIONS AS target USING (SELECT 'prediction-67995058-70080-1...]
[2025-04-22T22:55:49.431+0000] {cursor.py:1041} INFO - query execution done
[2025-04-22T22:55:49.434+0000] {cursor.py:1028} INFO - query: [MERGE INTO MBTA_PREDICTIONS AS target USING (SELECT 'prediction-67994964-70080-1...]
[2025-04-22T22:55:52.215+0000] {cursor.py:1041} INFO - query execution done
[2025-04-22T22:55:52.216+0000] {cursor.py:1028} INFO - query: [MERGE INTO MBTA_PREDICTIONS AS target USING (SELECT 'prediction-67995023-70079-9...]
[2025-04-22T22:55:55.724+0000] {cursor.py:1041} INFO - query execution done
[2025-04-22T22:55:55.739+0000] {cursor.py:1028} INFO - query: [MERGE INTO MBTA_PREDICTIONS AS target USING (SELECT 'prediction-67994970-70080-1...]
[2025-04-22T22:55:58.595+0000] {cursor.py:1041} INFO - query execution done
[2025-04-22T22:55:58.597+0000] {cursor.py:1028} INFO - query: [MERGE INTO MBTA_PREDICTIONS AS target USING (SELECT 'prediction-67995035-70079-9...]
[2025-04-22T22:56:02.195+0000] {cursor.py:1041} INFO - query execution done
[2025-04-22T22:56:02.205+0000] {cursor.py:1028} INFO - query: [MERGE INTO MBTA_PREDICTIONS AS target USING (SELECT 'prediction-ADDED-1582320905...]
[2025-04-22T22:56:05.368+0000] {cursor.py:1041} INFO - query execution done
[2025-04-22T22:56:05.375+0000] {cursor.py:1028} INFO - query: [MERGE INTO MBTA_PREDICTIONS AS target USING (SELECT 'prediction-67995041-70079-9...]
[2025-04-22T22:56:08.218+0000] {cursor.py:1041} INFO - query execution done
[2025-04-22T22:56:08.222+0000] {cursor.py:1028} INFO - query: [MERGE INTO MBTA_PREDICTIONS AS target USING (SELECT 'prediction-67994982-70080-1...]
[2025-04-22T22:56:11.554+0000] {cursor.py:1041} INFO - query execution done
[2025-04-22T22:56:11.560+0000] {cursor.py:1028} INFO - query: [MERGE INTO MBTA_PREDICTIONS AS target USING (SELECT 'prediction-67995047-70079-9...]
[2025-04-22T22:56:14.549+0000] {cursor.py:1041} INFO - query execution done
[2025-04-22T22:56:14.551+0000] {cursor.py:1028} INFO - query: [MERGE INTO MBTA_PREDICTIONS AS target USING (SELECT 'prediction-ADDED-1582320915...]
[2025-04-22T22:56:17.483+0000] {cursor.py:1041} INFO - query execution done
[2025-04-22T22:56:17.486+0000] {cursor.py:1028} INFO - query: [MERGE INTO MBTA_PREDICTIONS AS target USING (SELECT 'prediction-67995053-70079-9...]
[2025-04-22T22:56:20.330+0000] {cursor.py:1041} INFO - query execution done
[2025-04-22T22:56:20.333+0000] {cursor.py:1028} INFO - query: [MERGE INTO MBTA_PREDICTIONS AS target USING (SELECT 'prediction-67994994-70080-1...]
[2025-04-22T22:56:23.152+0000] {cursor.py:1041} INFO - query execution done
[2025-04-22T22:56:23.164+0000] {cursor.py:1028} INFO - query: [MERGE INTO MBTA_PREDICTIONS AS target USING (SELECT 'prediction-67995059-70079-9...]
[2025-04-22T22:56:26.206+0000] {cursor.py:1041} INFO - query execution done
[2025-04-22T22:56:26.446+0000] {cursor.py:1028} INFO - query: [MERGE INTO MBTA_PREDICTIONS AS target USING (SELECT 'prediction-67995000-70080-1...]
[2025-04-22T22:56:29.668+0000] {cursor.py:1041} INFO - query execution done
[2025-04-22T22:56:29.670+0000] {cursor.py:1028} INFO - query: [MERGE INTO MBTA_PREDICTIONS AS target USING (SELECT 'prediction-67994965-70079-9...]
[2025-04-22T22:56:32.878+0000] {cursor.py:1041} INFO - query execution done
[2025-04-22T22:56:32.880+0000] {cursor.py:1028} INFO - query: [MERGE INTO MBTA_PREDICTIONS AS target USING (SELECT 'prediction-67995006-70080-1...]
[2025-04-22T22:56:36.687+0000] {cursor.py:1041} INFO - query execution done
[2025-04-22T22:56:36.698+0000] {cursor.py:1028} INFO - query: [MERGE INTO MBTA_PREDICTIONS AS target USING (SELECT 'prediction-67994971-70079-9...]
[2025-04-22T22:56:39.562+0000] {cursor.py:1041} INFO - query execution done
[2025-04-22T22:56:39.568+0000] {cursor.py:1028} INFO - query: [MERGE INTO MBTA_PREDICTIONS AS target USING (SELECT 'prediction-67995012-70080-1...]
[2025-04-22T22:56:42.396+0000] {cursor.py:1041} INFO - query execution done
[2025-04-22T22:56:42.402+0000] {cursor.py:1028} INFO - query: [MERGE INTO MBTA_PREDICTIONS AS target USING (SELECT 'prediction-67994977-70079-9...]
[2025-04-22T22:56:45.912+0000] {cursor.py:1041} INFO - query execution done
[2025-04-22T22:56:45.917+0000] {cursor.py:1028} INFO - query: [MERGE INTO MBTA_PREDICTIONS AS target USING (SELECT 'prediction-67995018-70080-1...]
[2025-04-22T22:56:49.064+0000] {cursor.py:1041} INFO - query execution done
[2025-04-22T22:56:49.068+0000] {cursor.py:1028} INFO - query: [MERGE INTO MBTA_PREDICTIONS AS target USING (SELECT 'prediction-67995024-70080-1...]
[2025-04-22T22:56:52.224+0000] {cursor.py:1041} INFO - query execution done
[2025-04-22T22:56:52.228+0000] {cursor.py:1028} INFO - query: [MERGE INTO MBTA_PREDICTIONS AS target USING (SELECT 'prediction-67994989-70079-9...]
[2025-04-22T22:56:55.190+0000] {cursor.py:1041} INFO - query execution done
[2025-04-22T22:56:55.196+0000] {cursor.py:1028} INFO - query: [MERGE INTO MBTA_PREDICTIONS AS target USING (SELECT 'prediction-67995030-70080-1...]
[2025-04-22T22:56:58.225+0000] {cursor.py:1041} INFO - query execution done
[2025-04-22T22:56:58.231+0000] {cursor.py:1028} INFO - query: [MERGE INTO MBTA_PREDICTIONS AS target USING (SELECT 'prediction-ADDED-1582320916...]
[2025-04-22T22:57:01.267+0000] {cursor.py:1041} INFO - query execution done
[2025-04-22T22:57:01.271+0000] {cursor.py:1028} INFO - query: [MERGE INTO MBTA_PREDICTIONS AS target USING (SELECT 'prediction-67995036-70080-1...]
[2025-04-22T22:57:04.583+0000] {cursor.py:1041} INFO - query execution done
[2025-04-22T22:57:04.585+0000] {cursor.py:1028} INFO - query: [COMMIT]
[2025-04-22T22:57:04.715+0000] {cursor.py:1041} INFO - query execution done
[2025-04-22T22:57:04.716+0000] {cursor.py:1205} INFO - Number of results in first chunk: 1
[2025-04-22T22:57:04.717+0000] {mbta_kafka_consumer.py:139} INFO - ✅ Merged 26 new/changed records into Snowflake table: MBTA_PREDICTIONS in 81.44 seconds
[2025-04-22T22:57:04.723+0000] {mbta_kafka_consumer.py:233} INFO - 📥 Received 26 records from topic: mbta_predictions
[2025-04-22T22:57:04.744+0000] {mbta_kafka_consumer.py:56} INFO - 🔍 Sample data for MBTA_PREDICTIONS:
[2025-04-22T22:57:04.745+0000] {mbta_kafka_consumer.py:57} INFO - 
                       PREDICTION_ID ROUTE_ID  ... STATUS                 CREATED_AT
0   prediction-67995017-70079-90-Red      Red  ...   None 2025-04-22 22:57:04.724063
1  prediction-67995058-70080-130-Red      Red  ...   None 2025-04-22 22:57:04.724077
2  prediction-67994964-70080-130-Red      Red  ...   None 2025-04-22 22:57:04.724331
3   prediction-67995023-70079-90-Red      Red  ...   None 2025-04-22 22:57:04.724333
4  prediction-67994970-70080-130-Red      Red  ...   None 2025-04-22 22:57:04.724340

[5 rows x 9 columns]
[2025-04-22T22:57:04.756+0000] {cursor.py:1028} INFO - query: [SELECT * FROM MBTA_PREDICTIONS WHERE PREDICTION_ID IN ('prediction-67995017-7007...]
[2025-04-22T22:57:04.952+0000] {cursor.py:1041} INFO - query execution done
[2025-04-22T22:57:04.953+0000] {cursor.py:1205} INFO - Number of results in first chunk: 26
[2025-04-22T22:57:04.968+0000] {mbta_kafka_consumer.py:104} INFO - 🔁 26 new/updated records out of 26 incoming records (some may be duplicate VEHICLE_IDs) for MBTA_PREDICTIONS
[2025-04-22T22:57:04.969+0000] {cursor.py:1028} INFO - query: [MERGE INTO MBTA_PREDICTIONS AS target USING (SELECT 'prediction-67995017-70079-9...]
[2025-04-22T22:57:07.633+0000] {cursor.py:1041} INFO - query execution done
[2025-04-22T22:57:07.636+0000] {cursor.py:1028} INFO - query: [MERGE INTO MBTA_PREDICTIONS AS target USING (SELECT 'prediction-67995058-70080-1...]
[2025-04-22T22:57:10.625+0000] {cursor.py:1041} INFO - query execution done
[2025-04-22T22:57:10.629+0000] {cursor.py:1028} INFO - query: [MERGE INTO MBTA_PREDICTIONS AS target USING (SELECT 'prediction-67994964-70080-1...]
[2025-04-22T22:57:13.433+0000] {cursor.py:1041} INFO - query execution done
[2025-04-22T22:57:13.436+0000] {cursor.py:1028} INFO - query: [MERGE INTO MBTA_PREDICTIONS AS target USING (SELECT 'prediction-67995023-70079-9...]
[2025-04-22T22:57:16.681+0000] {cursor.py:1041} INFO - query execution done
[2025-04-22T22:57:16.692+0000] {cursor.py:1028} INFO - query: [MERGE INTO MBTA_PREDICTIONS AS target USING (SELECT 'prediction-67994970-70080-1...]
[2025-04-22T22:57:19.654+0000] {cursor.py:1041} INFO - query execution done
[2025-04-22T22:57:19.662+0000] {cursor.py:1028} INFO - query: [MERGE INTO MBTA_PREDICTIONS AS target USING (SELECT 'prediction-67995035-70079-9...]
[2025-04-22T22:57:22.615+0000] {cursor.py:1041} INFO - query execution done
[2025-04-22T22:57:22.620+0000] {cursor.py:1028} INFO - query: [MERGE INTO MBTA_PREDICTIONS AS target USING (SELECT 'prediction-ADDED-1582320905...]
[2025-04-22T22:57:25.243+0000] {cursor.py:1041} INFO - query execution done
[2025-04-22T22:57:25.246+0000] {cursor.py:1028} INFO - query: [MERGE INTO MBTA_PREDICTIONS AS target USING (SELECT 'prediction-67995041-70079-9...]
[2025-04-22T22:57:28.127+0000] {cursor.py:1041} INFO - query execution done
[2025-04-22T22:57:28.128+0000] {cursor.py:1028} INFO - query: [MERGE INTO MBTA_PREDICTIONS AS target USING (SELECT 'prediction-67994982-70080-1...]
[2025-04-22T22:57:31.220+0000] {cursor.py:1041} INFO - query execution done
[2025-04-22T22:57:31.224+0000] {cursor.py:1028} INFO - query: [MERGE INTO MBTA_PREDICTIONS AS target USING (SELECT 'prediction-67995047-70079-9...]
[2025-04-22T22:57:33.534+0000] {cursor.py:1041} INFO - query execution done
[2025-04-22T22:57:33.536+0000] {cursor.py:1028} INFO - query: [MERGE INTO MBTA_PREDICTIONS AS target USING (SELECT 'prediction-ADDED-1582320915...]
[2025-04-22T22:57:36.122+0000] {cursor.py:1041} INFO - query execution done
[2025-04-22T22:57:36.125+0000] {cursor.py:1028} INFO - query: [MERGE INTO MBTA_PREDICTIONS AS target USING (SELECT 'prediction-67995053-70079-9...]
[2025-04-22T22:57:38.484+0000] {cursor.py:1041} INFO - query execution done
[2025-04-22T22:57:38.486+0000] {cursor.py:1028} INFO - query: [MERGE INTO MBTA_PREDICTIONS AS target USING (SELECT 'prediction-67994994-70080-1...]
