[2025-04-22T23:03:18.985+0000] {taskinstance.py:1956} INFO - Dependencies all met for dep_context=non-requeueable deps ti=<TaskInstance: mbta_ingestion_dag.load_to_snowflake scheduled__2025-04-22T22:20:00+00:00 [queued]>
[2025-04-22T23:03:19.015+0000] {taskinstance.py:1956} INFO - Dependencies all met for dep_context=requeueable deps ti=<TaskInstance: mbta_ingestion_dag.load_to_snowflake scheduled__2025-04-22T22:20:00+00:00 [queued]>
[2025-04-22T23:03:19.018+0000] {taskinstance.py:2170} INFO - Starting attempt 4 of 2
[2025-04-22T23:03:19.082+0000] {taskinstance.py:2191} INFO - Executing <Task(PythonOperator): load_to_snowflake> on 2025-04-22 22:20:00+00:00
[2025-04-22T23:03:19.090+0000] {standard_task_runner.py:60} INFO - Started process 225 to run task
[2025-04-22T23:03:19.114+0000] {standard_task_runner.py:87} INFO - Running: ['***', 'tasks', 'run', 'mbta_ingestion_dag', 'load_to_snowflake', 'scheduled__2025-04-22T22:20:00+00:00', '--job-id', '84', '--raw', '--subdir', 'DAGS_FOLDER/mbta_ingestion_dag.py', '--cfg-path', '/tmp/tmpjp3jjkng']
[2025-04-22T23:03:19.124+0000] {standard_task_runner.py:88} INFO - Job 84: Subtask load_to_snowflake
[2025-04-22T23:03:19.469+0000] {task_command.py:423} INFO - Running <TaskInstance: mbta_ingestion_dag.load_to_snowflake scheduled__2025-04-22T22:20:00+00:00 [running]> on host dd1af89263b0
[2025-04-22T23:03:20.382+0000] {taskinstance.py:2480} INFO - Exporting env vars: AIRFLOW_CTX_DAG_OWNER='***' AIRFLOW_CTX_DAG_ID='mbta_ingestion_dag' AIRFLOW_CTX_TASK_ID='load_to_snowflake' AIRFLOW_CTX_EXECUTION_DATE='2025-04-22T22:20:00+00:00' AIRFLOW_CTX_TRY_NUMBER='4' AIRFLOW_CTX_DAG_RUN_ID='scheduled__2025-04-22T22:20:00+00:00'
[2025-04-22T23:03:20.411+0000] {mbta_ingestion_dag.py:35} INFO - 🚀 Launching Kafka consumer to process and load data into Snowflake...
[2025-04-22T23:03:20.427+0000] {connection.py:370} INFO - Snowflake Connector for Python Version: 3.6.0, Python Version: 3.9.18, Platform: Linux-6.10.14-linuxkit-aarch64-with-glibc2.36
[2025-04-22T23:03:20.436+0000] {connection.py:1171} INFO - This connection is in OCSP Fail Open Mode. TLS Certificates would be checked for validity and revocation status. Any other Certificate Revocation related exceptions or OCSP Responder failures would be disregarded in favor of connectivity.
[2025-04-22T23:03:21.510+0000] {mbta_kafka_consumer.py:45} INFO - ✅ Connected to Snowflake successfully.
[2025-04-22T23:03:21.518+0000] {mbta_kafka_consumer.py:219} INFO - 🚀 Starting MBTA Kafka Consumer...
[2025-04-22T23:03:21.553+0000] {conn.py:395} INFO - <BrokerConnection client_id=kafka-python-2.1.5, node_id=bootstrap-0 host=kafka:9092 <connecting> [IPv4 ('172.18.0.4', 9092)]>: connecting to kafka:9092 [('172.18.0.4', 9092) IPv4]
[2025-04-22T23:03:21.574+0000] {conn.py:615} INFO - <BrokerConnection client_id=kafka-python-2.1.5, node_id=bootstrap-0 host=kafka:9092 <checking_api_versions_recv> [IPv4 ('172.18.0.4', 9092)]>: Broker version identified as 2.6
[2025-04-22T23:03:21.578+0000] {conn.py:456} INFO - <BrokerConnection client_id=kafka-python-2.1.5, node_id=bootstrap-0 host=kafka:9092 <connected> [IPv4 ('172.18.0.4', 9092)]>: Connection complete.
[2025-04-22T23:03:21.585+0000] {consumer.py:119} WARNING - group_id is None: disabling auto-commit.
[2025-04-22T23:03:21.596+0000] {subscription_state.py:182} INFO - Updating subscribed topics to: ('mbta_alerts', 'mbta_routes', 'mbta_stops', 'mbta_vehicles', 'mbta_predictions')
[2025-04-22T23:03:21.605+0000] {subscription_state.py:254} INFO - Updated partition assignment: [('mbta_stops', 0), ('mbta_routes', 0), ('mbta_predictions', 0), ('mbta_vehicles', 0), ('mbta_alerts', 0)]
[2025-04-22T23:03:21.609+0000] {conn.py:395} INFO - <BrokerConnection client_id=kafka-python-2.1.5, node_id=1 host=kafka:9092 <connecting> [IPv4 ('172.18.0.4', 9092)]>: connecting to kafka:9092 [('172.18.0.4', 9092) IPv4]
[2025-04-22T23:03:21.609+0000] {conn.py:456} INFO - <BrokerConnection client_id=kafka-python-2.1.5, node_id=1 host=kafka:9092 <connected> [IPv4 ('172.18.0.4', 9092)]>: Connection complete.
[2025-04-22T23:03:21.614+0000] {conn.py:936} INFO - <BrokerConnection client_id=kafka-python-2.1.5, node_id=bootstrap-0 host=kafka:9092 <connected> [IPv4 ('172.18.0.4', 9092)]>: Closing connection. 
[2025-04-22T23:03:37.716+0000] {mbta_kafka_consumer.py:233} INFO - 📥 Received 108 records from topic: mbta_alerts
[2025-04-22T23:03:37.727+0000] {mbta_kafka_consumer.py:56} INFO - 🔍 Sample data for MBTA_ALERTS:
[2025-04-22T23:03:37.728+0000] {mbta_kafka_consumer.py:57} INFO - 
  ALERT_ID  ...                 CREATED_AT
0   639358  ...  2025-04-22T09:01:01-04:00
1   638240  ...  2025-04-16T10:52:04-04:00
2   639365  ...  2025-04-22T09:56:18-04:00
3   435698  ...  2022-03-15T10:13:31-04:00
4   634497  ...  2025-03-27T14:21:07-04:00

[5 rows x 6 columns]
[2025-04-22T23:03:37.746+0000] {cursor.py:1028} INFO - query: [SELECT * FROM MBTA_ALERTS WHERE ALERT_ID IN ('639358','638240','639365','435698'...]
[2025-04-22T23:03:37.925+0000] {cursor.py:1041} INFO - query execution done
[2025-04-22T23:03:37.926+0000] {cursor.py:1205} INFO - Number of results in first chunk: 0
[2025-04-22T23:03:38.716+0000] {mbta_kafka_consumer.py:104} INFO - 🔁 0 new/updated records out of 108 incoming records (some may be duplicate VEHICLE_IDs) for MBTA_ALERTS
[2025-04-22T23:03:38.725+0000] {mbta_kafka_consumer.py:107} INFO - ✅ All 108 records already up-to-date in MBTA_ALERTS, no merge needed.
[2025-04-22T23:03:38.727+0000] {mbta_kafka_consumer.py:233} INFO - 📥 Received 109 records from topic: mbta_alerts
[2025-04-22T23:03:38.733+0000] {mbta_kafka_consumer.py:56} INFO - 🔍 Sample data for MBTA_ALERTS:
[2025-04-22T23:03:38.734+0000] {mbta_kafka_consumer.py:57} INFO - 
  ALERT_ID  ...                 CREATED_AT
0   639358  ...  2025-04-22T09:01:01-04:00
1   638240  ...  2025-04-16T10:52:04-04:00
2   639365  ...  2025-04-22T09:56:18-04:00
3   435698  ...  2022-03-15T10:13:31-04:00
4   634497  ...  2025-03-27T14:21:07-04:00

[5 rows x 6 columns]
[2025-04-22T23:03:38.748+0000] {cursor.py:1028} INFO - query: [SELECT * FROM MBTA_ALERTS WHERE ALERT_ID IN ('639358','638240','639365','435698'...]
[2025-04-22T23:03:38.935+0000] {cursor.py:1041} INFO - query execution done
[2025-04-22T23:03:38.937+0000] {cursor.py:1205} INFO - Number of results in first chunk: 0
[2025-04-22T23:03:39.087+0000] {mbta_kafka_consumer.py:104} INFO - 🔁 0 new/updated records out of 109 incoming records (some may be duplicate VEHICLE_IDs) for MBTA_ALERTS
[2025-04-22T23:03:39.087+0000] {mbta_kafka_consumer.py:107} INFO - ✅ All 109 records already up-to-date in MBTA_ALERTS, no merge needed.
[2025-04-22T23:03:39.088+0000] {mbta_kafka_consumer.py:233} INFO - 📥 Received 742 records from topic: mbta_vehicles
[2025-04-22T23:03:39.098+0000] {mbta_kafka_consumer.py:56} INFO - 🔍 Sample data for MBTA_VEHICLES:
[2025-04-22T23:03:39.101+0000] {mbta_kafka_consumer.py:57} INFO - 
  VEHICLE_ID ROUTE_ID  ...         STATUS                 CREATED_AT
0      y3270       23  ...     STOPPED_AT 2025-04-22 23:03:39.088503
1      y3236       66  ...  IN_TRANSIT_TO 2025-04-22 23:03:39.088513
2      y3110      116  ...  IN_TRANSIT_TO 2025-04-22 23:03:39.088516
3      y1830       11  ...     STOPPED_AT 2025-04-22 23:03:39.088520
4    G-10268  Green-C  ...     STOPPED_AT 2025-04-22 23:03:39.088534

[5 rows x 8 columns]
[2025-04-22T23:03:39.118+0000] {cursor.py:1028} INFO - query: [SELECT * FROM MBTA_VEHICLES WHERE VEHICLE_ID IN ('y3270','y3236','y3110','y1830'...]
[2025-04-22T23:03:39.491+0000] {cursor.py:1041} INFO - query execution done
[2025-04-22T23:03:39.493+0000] {cursor.py:1205} INFO - Number of results in first chunk: 774
[2025-04-22T23:03:39.564+0000] {mbta_kafka_consumer.py:104} INFO - 🔁 0 new/updated records out of 742 incoming records (some may be duplicate VEHICLE_IDs) for MBTA_VEHICLES
[2025-04-22T23:03:39.566+0000] {mbta_kafka_consumer.py:107} INFO - ✅ All 742 records already up-to-date in MBTA_VEHICLES, no merge needed.
[2025-04-22T23:03:39.566+0000] {mbta_kafka_consumer.py:233} INFO - 📥 Received 740 records from topic: mbta_vehicles
[2025-04-22T23:03:39.584+0000] {mbta_kafka_consumer.py:56} INFO - 🔍 Sample data for MBTA_VEHICLES:
[2025-04-22T23:03:39.585+0000] {mbta_kafka_consumer.py:57} INFO - 
  VEHICLE_ID ROUTE_ID  ...         STATUS                 CREATED_AT
0      y3270       23  ...     STOPPED_AT 2025-04-22 23:03:39.567321
1      y3236       66  ...  IN_TRANSIT_TO 2025-04-22 23:03:39.567335
2      y1830       11  ...  IN_TRANSIT_TO 2025-04-22 23:03:39.567336
3    G-10268  Green-C  ...     STOPPED_AT 2025-04-22 23:03:39.567338
4      y3110      116  ...     STOPPED_AT 2025-04-22 23:03:39.567340

[5 rows x 8 columns]
[2025-04-22T23:03:39.619+0000] {cursor.py:1028} INFO - query: [SELECT * FROM MBTA_VEHICLES WHERE VEHICLE_ID IN ('y3270','y3236','y1830','G-1026...]
[2025-04-22T23:03:39.971+0000] {cursor.py:1041} INFO - query execution done
[2025-04-22T23:03:39.975+0000] {cursor.py:1205} INFO - Number of results in first chunk: 772
[2025-04-22T23:03:40.145+0000] {mbta_kafka_consumer.py:104} INFO - 🔁 654 new/updated records out of 740 incoming records (some may be duplicate VEHICLE_IDs) for MBTA_VEHICLES
[2025-04-22T23:03:40.148+0000] {cursor.py:1028} INFO - query: [MERGE INTO MBTA_VEHICLES AS target USING (SELECT 'y3236', '66', 42.36801, -71.12...]
[2025-04-22T23:03:41.335+0000] {cursor.py:1041} INFO - query execution done
[2025-04-22T23:03:41.343+0000] {cursor.py:1028} INFO - query: [MERGE INTO MBTA_VEHICLES AS target USING (SELECT 'y1830', '11', 42.35166, -71.06...]
[2025-04-22T23:03:43.188+0000] {cursor.py:1041} INFO - query execution done
[2025-04-22T23:03:43.199+0000] {cursor.py:1028} INFO - query: [MERGE INTO MBTA_VEHICLES AS target USING (SELECT 'y3110', '116', 42.41369489, -7...]
[2025-04-22T23:03:44.933+0000] {cursor.py:1041} INFO - query execution done
[2025-04-22T23:03:44.945+0000] {cursor.py:1028} INFO - query: [MERGE INTO MBTA_VEHICLES AS target USING (SELECT 'y2101', '71', 42.370474309, -7...]
[2025-04-22T23:03:46.788+0000] {cursor.py:1041} INFO - query execution done
[2025-04-22T23:03:46.826+0000] {cursor.py:1028} INFO - query: [MERGE INTO MBTA_VEHICLES AS target USING (SELECT 'y3204', '10', 42.32498631, -71...]
[2025-04-22T23:03:48.929+0000] {cursor.py:1041} INFO - query execution done
[2025-04-22T23:03:48.974+0000] {cursor.py:1028} INFO - query: [MERGE INTO MBTA_VEHICLES AS target USING (SELECT 'y3225', '57', 42.36004943, -71...]
[2025-04-22T23:03:51.191+0000] {cursor.py:1041} INFO - query execution done
[2025-04-22T23:03:51.202+0000] {cursor.py:1028} INFO - query: [MERGE INTO MBTA_VEHICLES AS target USING (SELECT 'y1402', '105', 42.42827514, -7...]
[2025-04-22T23:03:53.240+0000] {cursor.py:1041} INFO - query execution done
[2025-04-22T23:03:53.245+0000] {cursor.py:1028} INFO - query: [MERGE INTO MBTA_VEHICLES AS target USING (SELECT 'O-5482A351', 'Orange', 42.3054...]
[2025-04-22T23:03:54.851+0000] {cursor.py:1041} INFO - query execution done
[2025-04-22T23:03:54.870+0000] {cursor.py:1028} INFO - query: [MERGE INTO MBTA_VEHICLES AS target USING (SELECT 'y3218', '19', 42.300069989, -7...]
[2025-04-22T23:03:57.268+0000] {cursor.py:1041} INFO - query execution done
[2025-04-22T23:03:57.272+0000] {cursor.py:1028} INFO - query: [MERGE INTO MBTA_VEHICLES AS target USING (SELECT 'G-10015', 'Green-E', 42.32825,...]
[2025-04-22T23:03:59.183+0000] {cursor.py:1041} INFO - query execution done
[2025-04-22T23:03:59.186+0000] {cursor.py:1028} INFO - query: [MERGE INTO MBTA_VEHICLES AS target USING (SELECT 'y3113', '116', 42.38698883, -7...]
[2025-04-22T23:04:01.527+0000] {cursor.py:1041} INFO - query execution done
[2025-04-22T23:04:01.530+0000] {cursor.py:1028} INFO - query: [MERGE INTO MBTA_VEHICLES AS target USING (SELECT 'y1659', '34E', 42.25383343, -7...]
[2025-04-22T23:04:03.804+0000] {cursor.py:1041} INFO - query execution done
[2025-04-22T23:04:03.810+0000] {cursor.py:1028} INFO - query: [MERGE INTO MBTA_VEHICLES AS target USING (SELECT 'y1619', '42', 42.32269223, -71...]
[2025-04-22T23:04:06.431+0000] {cursor.py:1041} INFO - query execution done
[2025-04-22T23:04:06.435+0000] {cursor.py:1028} INFO - query: [MERGE INTO MBTA_VEHICLES AS target USING (SELECT 'y1709', '30', 42.29907883, -71...]
[2025-04-22T23:04:09.429+0000] {cursor.py:1041} INFO - query execution done
[2025-04-22T23:04:09.434+0000] {cursor.py:1028} INFO - query: [MERGE INTO MBTA_VEHICLES AS target USING (SELECT '1813', 'CR-Greenbush', 42.3209...]
[2025-04-22T23:04:11.604+0000] {cursor.py:1041} INFO - query execution done
[2025-04-22T23:04:11.621+0000] {cursor.py:1028} INFO - query: [MERGE INTO MBTA_VEHICLES AS target USING (SELECT 'y3231', '505', 42.35580401, -7...]
[2025-04-22T23:04:13.695+0000] {cursor.py:1041} INFO - query execution done
[2025-04-22T23:04:13.699+0000] {cursor.py:1028} INFO - query: [MERGE INTO MBTA_VEHICLES AS target USING (SELECT 'y1945', '83', 42.37405, -71.10...]
[2025-04-22T23:04:15.837+0000] {cursor.py:1041} INFO - query execution done
[2025-04-22T23:04:15.844+0000] {cursor.py:1028} INFO - query: [MERGE INTO MBTA_VEHICLES AS target USING (SELECT 'y0906', '222', 42.21512293, -7...]
[2025-04-22T23:04:17.816+0000] {cursor.py:1041} INFO - query execution done
[2025-04-22T23:04:17.819+0000] {cursor.py:1028} INFO - query: [MERGE INTO MBTA_VEHICLES AS target USING (SELECT 'y1867', '22', 42.29461177, -71...]
[2025-04-22T23:04:19.872+0000] {cursor.py:1041} INFO - query execution done
[2025-04-22T23:04:19.873+0000] {cursor.py:1028} INFO - query: [MERGE INTO MBTA_VEHICLES AS target USING (SELECT 'y1284', '751', 42.32974, -71.0...]
