[2025-04-22T22:58:33.658+0000] {taskinstance.py:1956} INFO - Dependencies all met for dep_context=non-requeueable deps ti=<TaskInstance: mbta_ingestion_dag.load_to_snowflake scheduled__2025-04-22T22:10:00+00:00 [queued]>
[2025-04-22T22:58:33.731+0000] {taskinstance.py:1956} INFO - Dependencies all met for dep_context=requeueable deps ti=<TaskInstance: mbta_ingestion_dag.load_to_snowflake scheduled__2025-04-22T22:10:00+00:00 [queued]>
[2025-04-22T22:58:33.736+0000] {taskinstance.py:2170} INFO - Starting attempt 3 of 2
[2025-04-22T22:58:33.812+0000] {taskinstance.py:2191} INFO - Executing <Task(PythonOperator): load_to_snowflake> on 2025-04-22 22:10:00+00:00
[2025-04-22T22:58:33.833+0000] {standard_task_runner.py:60} INFO - Started process 216 to run task
[2025-04-22T22:58:33.857+0000] {standard_task_runner.py:87} INFO - Running: ['***', 'tasks', 'run', 'mbta_ingestion_dag', 'load_to_snowflake', 'scheduled__2025-04-22T22:10:00+00:00', '--job-id', '70', '--raw', '--subdir', 'DAGS_FOLDER/mbta_ingestion_dag.py', '--cfg-path', '/tmp/tmpz9cy739b']
[2025-04-22T22:58:33.869+0000] {standard_task_runner.py:88} INFO - Job 70: Subtask load_to_snowflake
[2025-04-22T22:58:34.236+0000] {task_command.py:423} INFO - Running <TaskInstance: mbta_ingestion_dag.load_to_snowflake scheduled__2025-04-22T22:10:00+00:00 [running]> on host 6066e0bbc743
[2025-04-22T22:58:34.547+0000] {taskinstance.py:2480} INFO - Exporting env vars: AIRFLOW_CTX_DAG_OWNER='***' AIRFLOW_CTX_DAG_ID='mbta_ingestion_dag' AIRFLOW_CTX_TASK_ID='load_to_snowflake' AIRFLOW_CTX_EXECUTION_DATE='2025-04-22T22:10:00+00:00' AIRFLOW_CTX_TRY_NUMBER='3' AIRFLOW_CTX_DAG_RUN_ID='scheduled__2025-04-22T22:10:00+00:00'
[2025-04-22T22:58:34.553+0000] {mbta_ingestion_dag.py:35} INFO - 🚀 Launching Kafka consumer to process and load data into Snowflake...
[2025-04-22T22:58:34.553+0000] {connection.py:370} INFO - Snowflake Connector for Python Version: 3.6.0, Python Version: 3.9.18, Platform: Linux-6.10.14-linuxkit-aarch64-with-glibc2.36
[2025-04-22T22:58:34.567+0000] {connection.py:1171} INFO - This connection is in OCSP Fail Open Mode. TLS Certificates would be checked for validity and revocation status. Any other Certificate Revocation related exceptions or OCSP Responder failures would be disregarded in favor of connectivity.
[2025-04-22T22:58:35.993+0000] {mbta_kafka_consumer.py:45} INFO - ✅ Connected to Snowflake successfully.
[2025-04-22T22:58:35.994+0000] {mbta_kafka_consumer.py:219} INFO - 🚀 Starting MBTA Kafka Consumer...
[2025-04-22T22:58:36.001+0000] {conn.py:395} INFO - <BrokerConnection client_id=kafka-python-2.1.5, node_id=bootstrap-0 host=kafka:9092 <connecting> [IPv4 ('172.18.0.4', 9092)]>: connecting to kafka:9092 [('172.18.0.4', 9092) IPv4]
[2025-04-22T22:58:36.063+0000] {conn.py:615} INFO - <BrokerConnection client_id=kafka-python-2.1.5, node_id=bootstrap-0 host=kafka:9092 <checking_api_versions_recv> [IPv4 ('172.18.0.4', 9092)]>: Broker version identified as 2.6
[2025-04-22T22:58:36.067+0000] {conn.py:456} INFO - <BrokerConnection client_id=kafka-python-2.1.5, node_id=bootstrap-0 host=kafka:9092 <connected> [IPv4 ('172.18.0.4', 9092)]>: Connection complete.
[2025-04-22T22:58:36.081+0000] {consumer.py:119} WARNING - group_id is None: disabling auto-commit.
[2025-04-22T22:58:36.085+0000] {subscription_state.py:182} INFO - Updating subscribed topics to: ('mbta_alerts', 'mbta_routes', 'mbta_stops', 'mbta_vehicles', 'mbta_predictions')
[2025-04-22T22:58:36.116+0000] {subscription_state.py:254} INFO - Updated partition assignment: [('mbta_predictions', 0), ('mbta_stops', 0), ('mbta_alerts', 0), ('mbta_routes', 0), ('mbta_vehicles', 0)]
[2025-04-22T22:58:36.121+0000] {conn.py:395} INFO - <BrokerConnection client_id=kafka-python-2.1.5, node_id=1 host=kafka:9092 <connecting> [IPv4 ('172.18.0.4', 9092)]>: connecting to kafka:9092 [('172.18.0.4', 9092) IPv4]
[2025-04-22T22:58:36.124+0000] {conn.py:456} INFO - <BrokerConnection client_id=kafka-python-2.1.5, node_id=1 host=kafka:9092 <connected> [IPv4 ('172.18.0.4', 9092)]>: Connection complete.
[2025-04-22T22:58:36.126+0000] {conn.py:936} INFO - <BrokerConnection client_id=kafka-python-2.1.5, node_id=bootstrap-0 host=kafka:9092 <connected> [IPv4 ('172.18.0.4', 9092)]>: Closing connection. 
[2025-04-22T22:58:49.152+0000] {mbta_kafka_consumer.py:233} INFO - 📥 Received 178 records from topic: mbta_routes
[2025-04-22T22:58:49.206+0000] {mbta_kafka_consumer.py:56} INFO - 🔍 Sample data for MBTA_ROUTES:
[2025-04-22T22:58:49.208+0000] {mbta_kafka_consumer.py:57} INFO - 
   ROUTE_ID        ROUTE_NAME  ...  ROUTE_COLOR                 CREATED_AT
0       Red          Red Line  ...       DA291C 2025-04-22 22:58:49.163456
1  Mattapan  Mattapan Trolley  ...       DA291C 2025-04-22 22:58:49.163466
2    Orange       Orange Line  ...       ED8B00 2025-04-22 22:58:49.163472
3   Green-B      Green Line B  ...       00843D 2025-04-22 22:58:49.163476
4   Green-C      Green Line C  ...       00843D 2025-04-22 22:58:49.163480

[5 rows x 5 columns]
[2025-04-22T22:58:49.255+0000] {cursor.py:1028} INFO - query: [SELECT * FROM MBTA_ROUTES WHERE ROUTE_ID IN ('Red','Mattapan','Orange','Green-B'...]
[2025-04-22T22:58:50.191+0000] {cursor.py:1041} INFO - query execution done
[2025-04-22T22:58:50.226+0000] {cursor.py:1205} INFO - Number of results in first chunk: 0
[2025-04-22T22:58:51.393+0000] {mbta_kafka_consumer.py:104} INFO - 🔁 0 new/updated records out of 178 incoming records (some may be duplicate VEHICLE_IDs) for MBTA_ROUTES
[2025-04-22T22:58:51.401+0000] {mbta_kafka_consumer.py:107} INFO - ✅ All 178 records already up-to-date in MBTA_ROUTES, no merge needed.
[2025-04-22T22:58:51.466+0000] {mbta_kafka_consumer.py:233} INFO - 📥 Received 178 records from topic: mbta_routes
[2025-04-22T22:58:51.496+0000] {mbta_kafka_consumer.py:56} INFO - 🔍 Sample data for MBTA_ROUTES:
[2025-04-22T22:58:51.498+0000] {mbta_kafka_consumer.py:57} INFO - 
   ROUTE_ID        ROUTE_NAME  ...  ROUTE_COLOR                 CREATED_AT
0       Red          Red Line  ...       DA291C 2025-04-22 22:58:51.470959
1  Mattapan  Mattapan Trolley  ...       DA291C 2025-04-22 22:58:51.470969
2    Orange       Orange Line  ...       ED8B00 2025-04-22 22:58:51.470970
3   Green-B      Green Line B  ...       00843D 2025-04-22 22:58:51.470977
4   Green-C      Green Line C  ...       00843D 2025-04-22 22:58:51.470982

[5 rows x 5 columns]
[2025-04-22T22:58:51.509+0000] {cursor.py:1028} INFO - query: [SELECT * FROM MBTA_ROUTES WHERE ROUTE_ID IN ('Red','Mattapan','Orange','Green-B'...]
[2025-04-22T22:58:51.709+0000] {cursor.py:1041} INFO - query execution done
[2025-04-22T22:58:51.711+0000] {cursor.py:1205} INFO - Number of results in first chunk: 0
[2025-04-22T22:58:51.930+0000] {mbta_kafka_consumer.py:104} INFO - 🔁 0 new/updated records out of 178 incoming records (some may be duplicate VEHICLE_IDs) for MBTA_ROUTES
[2025-04-22T22:58:51.931+0000] {mbta_kafka_consumer.py:107} INFO - ✅ All 178 records already up-to-date in MBTA_ROUTES, no merge needed.
[2025-04-22T22:58:51.933+0000] {mbta_kafka_consumer.py:233} INFO - 📥 Received 178 records from topic: mbta_routes
[2025-04-22T22:58:51.937+0000] {mbta_kafka_consumer.py:56} INFO - 🔍 Sample data for MBTA_ROUTES:
[2025-04-22T22:58:51.937+0000] {mbta_kafka_consumer.py:57} INFO - 
   ROUTE_ID        ROUTE_NAME  ...  ROUTE_COLOR                 CREATED_AT
0       Red          Red Line  ...       DA291C 2025-04-22 22:58:51.933408
1  Mattapan  Mattapan Trolley  ...       DA291C 2025-04-22 22:58:51.933422
2    Orange       Orange Line  ...       ED8B00 2025-04-22 22:58:51.933429
3   Green-B      Green Line B  ...       00843D 2025-04-22 22:58:51.933429
4   Green-C      Green Line C  ...       00843D 2025-04-22 22:58:51.933433

[5 rows x 5 columns]
[2025-04-22T22:58:51.943+0000] {cursor.py:1028} INFO - query: [SELECT * FROM MBTA_ROUTES WHERE ROUTE_ID IN ('Red','Mattapan','Orange','Green-B'...]
[2025-04-22T22:58:52.144+0000] {cursor.py:1041} INFO - query execution done
[2025-04-22T22:58:52.146+0000] {cursor.py:1205} INFO - Number of results in first chunk: 0
[2025-04-22T22:58:52.454+0000] {mbta_kafka_consumer.py:104} INFO - 🔁 0 new/updated records out of 178 incoming records (some may be duplicate VEHICLE_IDs) for MBTA_ROUTES
[2025-04-22T22:58:52.458+0000] {mbta_kafka_consumer.py:107} INFO - ✅ All 178 records already up-to-date in MBTA_ROUTES, no merge needed.
[2025-04-22T22:58:52.459+0000] {mbta_kafka_consumer.py:233} INFO - 📥 Received 178 records from topic: mbta_routes
[2025-04-22T22:58:52.470+0000] {mbta_kafka_consumer.py:56} INFO - 🔍 Sample data for MBTA_ROUTES:
[2025-04-22T22:58:52.471+0000] {mbta_kafka_consumer.py:57} INFO - 
   ROUTE_ID        ROUTE_NAME  ...  ROUTE_COLOR                 CREATED_AT
0       Red          Red Line  ...       DA291C 2025-04-22 22:58:52.459376
1  Mattapan  Mattapan Trolley  ...       DA291C 2025-04-22 22:58:52.459379
2    Orange       Orange Line  ...       ED8B00 2025-04-22 22:58:52.459380
3   Green-B      Green Line B  ...       00843D 2025-04-22 22:58:52.459392
4   Green-C      Green Line C  ...       00843D 2025-04-22 22:58:52.459393

[5 rows x 5 columns]
[2025-04-22T22:58:52.486+0000] {cursor.py:1028} INFO - query: [SELECT * FROM MBTA_ROUTES WHERE ROUTE_ID IN ('Red','Mattapan','Orange','Green-B'...]
[2025-04-22T22:58:52.663+0000] {cursor.py:1041} INFO - query execution done
[2025-04-22T22:58:52.665+0000] {cursor.py:1205} INFO - Number of results in first chunk: 0
[2025-04-22T22:58:52.911+0000] {mbta_kafka_consumer.py:104} INFO - 🔁 0 new/updated records out of 178 incoming records (some may be duplicate VEHICLE_IDs) for MBTA_ROUTES
[2025-04-22T22:58:52.911+0000] {mbta_kafka_consumer.py:107} INFO - ✅ All 178 records already up-to-date in MBTA_ROUTES, no merge needed.
[2025-04-22T22:58:52.912+0000] {mbta_kafka_consumer.py:233} INFO - 📥 Received 178 records from topic: mbta_routes
[2025-04-22T22:58:52.919+0000] {mbta_kafka_consumer.py:56} INFO - 🔍 Sample data for MBTA_ROUTES:
[2025-04-22T22:58:52.921+0000] {mbta_kafka_consumer.py:57} INFO - 
   ROUTE_ID        ROUTE_NAME  ...  ROUTE_COLOR                 CREATED_AT
0       Red          Red Line  ...       DA291C 2025-04-22 22:58:52.912477
1  Mattapan  Mattapan Trolley  ...       DA291C 2025-04-22 22:58:52.912488
2    Orange       Orange Line  ...       ED8B00 2025-04-22 22:58:52.912489
3   Green-B      Green Line B  ...       00843D 2025-04-22 22:58:52.912490
4   Green-C      Green Line C  ...       00843D 2025-04-22 22:58:52.912490

[5 rows x 5 columns]
[2025-04-22T22:58:52.929+0000] {cursor.py:1028} INFO - query: [SELECT * FROM MBTA_ROUTES WHERE ROUTE_ID IN ('Red','Mattapan','Orange','Green-B'...]
[2025-04-22T22:58:53.075+0000] {cursor.py:1041} INFO - query execution done
[2025-04-22T22:58:53.076+0000] {cursor.py:1205} INFO - Number of results in first chunk: 0
[2025-04-22T22:58:53.384+0000] {mbta_kafka_consumer.py:104} INFO - 🔁 0 new/updated records out of 178 incoming records (some may be duplicate VEHICLE_IDs) for MBTA_ROUTES
[2025-04-22T22:58:53.392+0000] {mbta_kafka_consumer.py:107} INFO - ✅ All 178 records already up-to-date in MBTA_ROUTES, no merge needed.
[2025-04-22T22:58:53.394+0000] {mbta_kafka_consumer.py:233} INFO - 📥 Received 178 records from topic: mbta_routes
[2025-04-22T22:58:53.411+0000] {mbta_kafka_consumer.py:56} INFO - 🔍 Sample data for MBTA_ROUTES:
[2025-04-22T22:58:53.412+0000] {mbta_kafka_consumer.py:57} INFO - 
   ROUTE_ID        ROUTE_NAME  ...  ROUTE_COLOR                 CREATED_AT
0       Red          Red Line  ...       DA291C 2025-04-22 22:58:53.396642
1  Mattapan  Mattapan Trolley  ...       DA291C 2025-04-22 22:58:53.396684
2    Orange       Orange Line  ...       ED8B00 2025-04-22 22:58:53.396689
3   Green-B      Green Line B  ...       00843D 2025-04-22 22:58:53.396706
4   Green-C      Green Line C  ...       00843D 2025-04-22 22:58:53.396728

[5 rows x 5 columns]
[2025-04-22T22:58:53.444+0000] {cursor.py:1028} INFO - query: [SELECT * FROM MBTA_ROUTES WHERE ROUTE_ID IN ('Red','Mattapan','Orange','Green-B'...]
[2025-04-22T22:58:53.616+0000] {cursor.py:1041} INFO - query execution done
[2025-04-22T22:58:53.618+0000] {cursor.py:1205} INFO - Number of results in first chunk: 0
[2025-04-22T22:58:53.993+0000] {mbta_kafka_consumer.py:104} INFO - 🔁 0 new/updated records out of 178 incoming records (some may be duplicate VEHICLE_IDs) for MBTA_ROUTES
[2025-04-22T22:58:54.001+0000] {mbta_kafka_consumer.py:107} INFO - ✅ All 178 records already up-to-date in MBTA_ROUTES, no merge needed.
[2025-04-22T22:58:54.003+0000] {mbta_kafka_consumer.py:233} INFO - 📥 Received 178 records from topic: mbta_routes
[2025-04-22T22:58:54.014+0000] {mbta_kafka_consumer.py:56} INFO - 🔍 Sample data for MBTA_ROUTES:
[2025-04-22T22:58:54.015+0000] {mbta_kafka_consumer.py:57} INFO - 
   ROUTE_ID        ROUTE_NAME  ...  ROUTE_COLOR                 CREATED_AT
0       Red          Red Line  ...       DA291C 2025-04-22 22:58:54.004605
1  Mattapan  Mattapan Trolley  ...       DA291C 2025-04-22 22:58:54.004609
2    Orange       Orange Line  ...       ED8B00 2025-04-22 22:58:54.004630
3   Green-B      Green Line B  ...       00843D 2025-04-22 22:58:54.004702
4   Green-C      Green Line C  ...       00843D 2025-04-22 22:58:54.004705

[5 rows x 5 columns]
[2025-04-22T22:58:54.020+0000] {cursor.py:1028} INFO - query: [SELECT * FROM MBTA_ROUTES WHERE ROUTE_ID IN ('Red','Mattapan','Orange','Green-B'...]
[2025-04-22T22:58:54.204+0000] {cursor.py:1041} INFO - query execution done
[2025-04-22T22:58:54.205+0000] {cursor.py:1205} INFO - Number of results in first chunk: 0
[2025-04-22T22:58:54.529+0000] {mbta_kafka_consumer.py:104} INFO - 🔁 0 new/updated records out of 178 incoming records (some may be duplicate VEHICLE_IDs) for MBTA_ROUTES
[2025-04-22T22:58:54.534+0000] {mbta_kafka_consumer.py:107} INFO - ✅ All 178 records already up-to-date in MBTA_ROUTES, no merge needed.
[2025-04-22T22:58:54.534+0000] {mbta_kafka_consumer.py:233} INFO - 📥 Received 178 records from topic: mbta_routes
[2025-04-22T22:58:54.553+0000] {mbta_kafka_consumer.py:56} INFO - 🔍 Sample data for MBTA_ROUTES:
[2025-04-22T22:58:54.555+0000] {mbta_kafka_consumer.py:57} INFO - 
   ROUTE_ID        ROUTE_NAME  ...  ROUTE_COLOR                 CREATED_AT
0       Red          Red Line  ...       DA291C 2025-04-22 22:58:54.535367
1  Mattapan  Mattapan Trolley  ...       DA291C 2025-04-22 22:58:54.535386
2    Orange       Orange Line  ...       ED8B00 2025-04-22 22:58:54.535390
3   Green-B      Green Line B  ...       00843D 2025-04-22 22:58:54.535403
4   Green-C      Green Line C  ...       00843D 2025-04-22 22:58:54.535406

[5 rows x 5 columns]
[2025-04-22T22:58:54.565+0000] {cursor.py:1028} INFO - query: [SELECT * FROM MBTA_ROUTES WHERE ROUTE_ID IN ('Red','Mattapan','Orange','Green-B'...]
[2025-04-22T22:58:54.756+0000] {cursor.py:1041} INFO - query execution done
[2025-04-22T22:58:54.758+0000] {cursor.py:1205} INFO - Number of results in first chunk: 0
[2025-04-22T22:58:55.069+0000] {mbta_kafka_consumer.py:104} INFO - 🔁 0 new/updated records out of 178 incoming records (some may be duplicate VEHICLE_IDs) for MBTA_ROUTES
[2025-04-22T22:58:55.071+0000] {mbta_kafka_consumer.py:107} INFO - ✅ All 178 records already up-to-date in MBTA_ROUTES, no merge needed.
[2025-04-22T22:58:55.073+0000] {mbta_kafka_consumer.py:233} INFO - 📥 Received 178 records from topic: mbta_routes
[2025-04-22T22:58:55.087+0000] {mbta_kafka_consumer.py:56} INFO - 🔍 Sample data for MBTA_ROUTES:
[2025-04-22T22:58:55.088+0000] {mbta_kafka_consumer.py:57} INFO - 
   ROUTE_ID        ROUTE_NAME  ...  ROUTE_COLOR                 CREATED_AT
0       Red          Red Line  ...       DA291C 2025-04-22 22:58:55.074620
1  Mattapan  Mattapan Trolley  ...       DA291C 2025-04-22 22:58:55.074626
2    Orange       Orange Line  ...       ED8B00 2025-04-22 22:58:55.074631
3   Green-B      Green Line B  ...       00843D 2025-04-22 22:58:55.074776
4   Green-C      Green Line C  ...       00843D 2025-04-22 22:58:55.074780

[5 rows x 5 columns]
[2025-04-22T22:58:55.099+0000] {cursor.py:1028} INFO - query: [SELECT * FROM MBTA_ROUTES WHERE ROUTE_ID IN ('Red','Mattapan','Orange','Green-B'...]
[2025-04-22T22:58:55.270+0000] {cursor.py:1041} INFO - query execution done
[2025-04-22T22:58:55.272+0000] {cursor.py:1205} INFO - Number of results in first chunk: 0
[2025-04-22T22:58:55.750+0000] {mbta_kafka_consumer.py:104} INFO - 🔁 0 new/updated records out of 178 incoming records (some may be duplicate VEHICLE_IDs) for MBTA_ROUTES
[2025-04-22T22:58:55.755+0000] {mbta_kafka_consumer.py:107} INFO - ✅ All 178 records already up-to-date in MBTA_ROUTES, no merge needed.
[2025-04-22T22:58:55.756+0000] {mbta_kafka_consumer.py:233} INFO - 📥 Received 178 records from topic: mbta_routes
[2025-04-22T22:58:55.761+0000] {mbta_kafka_consumer.py:56} INFO - 🔍 Sample data for MBTA_ROUTES:
[2025-04-22T22:58:55.762+0000] {mbta_kafka_consumer.py:57} INFO - 
   ROUTE_ID        ROUTE_NAME  ...  ROUTE_COLOR                 CREATED_AT
0       Red          Red Line  ...       DA291C 2025-04-22 22:58:55.757023
1  Mattapan  Mattapan Trolley  ...       DA291C 2025-04-22 22:58:55.757037
2    Orange       Orange Line  ...       ED8B00 2025-04-22 22:58:55.757038
3   Green-B      Green Line B  ...       00843D 2025-04-22 22:58:55.757039
4   Green-C      Green Line C  ...       00843D 2025-04-22 22:58:55.757039

[5 rows x 5 columns]
[2025-04-22T22:58:55.777+0000] {cursor.py:1028} INFO - query: [SELECT * FROM MBTA_ROUTES WHERE ROUTE_ID IN ('Red','Mattapan','Orange','Green-B'...]
[2025-04-22T22:58:55.955+0000] {cursor.py:1041} INFO - query execution done
[2025-04-22T22:58:55.956+0000] {cursor.py:1205} INFO - Number of results in first chunk: 0
[2025-04-22T22:58:56.495+0000] {mbta_kafka_consumer.py:104} INFO - 🔁 0 new/updated records out of 178 incoming records (some may be duplicate VEHICLE_IDs) for MBTA_ROUTES
[2025-04-22T22:58:56.498+0000] {mbta_kafka_consumer.py:107} INFO - ✅ All 178 records already up-to-date in MBTA_ROUTES, no merge needed.
[2025-04-22T22:58:56.499+0000] {mbta_kafka_consumer.py:233} INFO - 📥 Received 178 records from topic: mbta_routes
[2025-04-22T22:58:56.506+0000] {mbta_kafka_consumer.py:56} INFO - 🔍 Sample data for MBTA_ROUTES:
[2025-04-22T22:58:56.506+0000] {mbta_kafka_consumer.py:57} INFO - 
   ROUTE_ID        ROUTE_NAME  ...  ROUTE_COLOR                 CREATED_AT
0       Red          Red Line  ...       DA291C 2025-04-22 22:58:56.500415
1  Mattapan  Mattapan Trolley  ...       DA291C 2025-04-22 22:58:56.500425
2    Orange       Orange Line  ...       ED8B00 2025-04-22 22:58:56.500426
3   Green-B      Green Line B  ...       00843D 2025-04-22 22:58:56.500426
4   Green-C      Green Line C  ...       00843D 2025-04-22 22:58:56.500433

[5 rows x 5 columns]
[2025-04-22T22:58:56.527+0000] {cursor.py:1028} INFO - query: [SELECT * FROM MBTA_ROUTES WHERE ROUTE_ID IN ('Red','Mattapan','Orange','Green-B'...]
[2025-04-22T22:58:56.734+0000] {cursor.py:1041} INFO - query execution done
[2025-04-22T22:58:56.736+0000] {cursor.py:1205} INFO - Number of results in first chunk: 0
[2025-04-22T22:58:57.050+0000] {mbta_kafka_consumer.py:104} INFO - 🔁 0 new/updated records out of 178 incoming records (some may be duplicate VEHICLE_IDs) for MBTA_ROUTES
[2025-04-22T22:58:57.051+0000] {mbta_kafka_consumer.py:107} INFO - ✅ All 178 records already up-to-date in MBTA_ROUTES, no merge needed.
[2025-04-22T22:58:57.053+0000] {mbta_kafka_consumer.py:233} INFO - 📥 Received 108 records from topic: mbta_alerts
[2025-04-22T22:58:57.059+0000] {mbta_kafka_consumer.py:56} INFO - 🔍 Sample data for MBTA_ALERTS:
[2025-04-22T22:58:57.059+0000] {mbta_kafka_consumer.py:57} INFO - 
  ALERT_ID  ...                 CREATED_AT
0   639358  ...  2025-04-22T09:01:01-04:00
1   638240  ...  2025-04-16T10:52:04-04:00
2   639365  ...  2025-04-22T09:56:18-04:00
3   435698  ...  2022-03-15T10:13:31-04:00
4   634497  ...  2025-03-27T14:21:07-04:00

[5 rows x 6 columns]
[2025-04-22T22:58:57.082+0000] {cursor.py:1028} INFO - query: [SELECT * FROM MBTA_ALERTS WHERE ALERT_ID IN ('639358','638240','639365','435698'...]
[2025-04-22T22:58:57.230+0000] {cursor.py:1041} INFO - query execution done
[2025-04-22T22:58:57.235+0000] {cursor.py:1205} INFO - Number of results in first chunk: 0
[2025-04-22T22:58:57.393+0000] {mbta_kafka_consumer.py:104} INFO - 🔁 0 new/updated records out of 108 incoming records (some may be duplicate VEHICLE_IDs) for MBTA_ALERTS
[2025-04-22T22:58:57.394+0000] {mbta_kafka_consumer.py:107} INFO - ✅ All 108 records already up-to-date in MBTA_ALERTS, no merge needed.
[2025-04-22T22:58:57.395+0000] {mbta_kafka_consumer.py:233} INFO - 📥 Received 109 records from topic: mbta_alerts
[2025-04-22T22:58:57.400+0000] {mbta_kafka_consumer.py:56} INFO - 🔍 Sample data for MBTA_ALERTS:
[2025-04-22T22:58:57.400+0000] {mbta_kafka_consumer.py:57} INFO - 
  ALERT_ID  ...                 CREATED_AT
0   639358  ...  2025-04-22T09:01:01-04:00
1   638240  ...  2025-04-16T10:52:04-04:00
2   639365  ...  2025-04-22T09:56:18-04:00
3   435698  ...  2022-03-15T10:13:31-04:00
4   634497  ...  2025-03-27T14:21:07-04:00

[5 rows x 6 columns]
[2025-04-22T22:58:57.417+0000] {cursor.py:1028} INFO - query: [SELECT * FROM MBTA_ALERTS WHERE ALERT_ID IN ('639358','638240','639365','435698'...]
[2025-04-22T22:58:57.595+0000] {cursor.py:1041} INFO - query execution done
[2025-04-22T22:58:57.597+0000] {cursor.py:1205} INFO - Number of results in first chunk: 0
[2025-04-22T22:58:57.816+0000] {mbta_kafka_consumer.py:104} INFO - 🔁 0 new/updated records out of 109 incoming records (some may be duplicate VEHICLE_IDs) for MBTA_ALERTS
[2025-04-22T22:58:57.821+0000] {mbta_kafka_consumer.py:107} INFO - ✅ All 109 records already up-to-date in MBTA_ALERTS, no merge needed.
[2025-04-22T22:58:57.823+0000] {mbta_kafka_consumer.py:233} INFO - 📥 Received 25 records from topic: mbta_predictions
[2025-04-22T22:58:57.837+0000] {mbta_kafka_consumer.py:56} INFO - 🔍 Sample data for MBTA_PREDICTIONS:
[2025-04-22T22:58:57.842+0000] {mbta_kafka_consumer.py:57} INFO - 
                       PREDICTION_ID ROUTE_ID  ... STATUS                 CREATED_AT
0  prediction-67995058-70080-130-Red      Red  ...   None 2025-04-22 22:58:57.824516
1   prediction-67995017-70079-90-Red      Red  ...   None 2025-04-22 22:58:57.824561
2  prediction-67994964-70080-130-Red      Red  ...   None 2025-04-22 22:58:57.824563
3   prediction-67995023-70079-90-Red      Red  ...   None 2025-04-22 22:58:57.824564
4  prediction-67994970-70080-130-Red      Red  ...   None 2025-04-22 22:58:57.824565

[5 rows x 9 columns]
[2025-04-22T22:58:57.853+0000] {cursor.py:1028} INFO - query: [SELECT * FROM MBTA_PREDICTIONS WHERE PREDICTION_ID IN ('prediction-67995058-7008...]
[2025-04-22T22:58:58.025+0000] {cursor.py:1041} INFO - query execution done
[2025-04-22T22:58:58.027+0000] {cursor.py:1205} INFO - Number of results in first chunk: 25
[2025-04-22T22:58:58.049+0000] {mbta_kafka_consumer.py:104} INFO - 🔁 25 new/updated records out of 25 incoming records (some may be duplicate VEHICLE_IDs) for MBTA_PREDICTIONS
[2025-04-22T22:58:58.050+0000] {cursor.py:1028} INFO - query: [MERGE INTO MBTA_PREDICTIONS AS target USING (SELECT 'prediction-67995058-70080-1...]
[2025-04-22T22:59:00.188+0000] {cursor.py:1041} INFO - query execution done
[2025-04-22T22:59:00.192+0000] {cursor.py:1028} INFO - query: [MERGE INTO MBTA_PREDICTIONS AS target USING (SELECT 'prediction-67995017-70079-9...]
[2025-04-22T22:59:03.235+0000] {cursor.py:1041} INFO - query execution done
[2025-04-22T22:59:03.267+0000] {cursor.py:1028} INFO - query: [MERGE INTO MBTA_PREDICTIONS AS target USING (SELECT 'prediction-67994964-70080-1...]
[2025-04-22T22:59:07.343+0000] {cursor.py:1041} INFO - query execution done
[2025-04-22T22:59:07.355+0000] {cursor.py:1028} INFO - query: [MERGE INTO MBTA_PREDICTIONS AS target USING (SELECT 'prediction-67995023-70079-9...]
[2025-04-22T22:59:11.050+0000] {cursor.py:1041} INFO - query execution done
[2025-04-22T22:59:11.056+0000] {cursor.py:1028} INFO - query: [MERGE INTO MBTA_PREDICTIONS AS target USING (SELECT 'prediction-67994970-70080-1...]
[2025-04-22T22:59:15.336+0000] {cursor.py:1041} INFO - query execution done
[2025-04-22T22:59:15.339+0000] {cursor.py:1028} INFO - query: [MERGE INTO MBTA_PREDICTIONS AS target USING (SELECT 'prediction-67995035-70079-9...]
[2025-04-22T22:59:19.044+0000] {cursor.py:1041} INFO - query execution done
[2025-04-22T22:59:19.050+0000] {cursor.py:1028} INFO - query: [MERGE INTO MBTA_PREDICTIONS AS target USING (SELECT 'prediction-ADDED-1582320905...]
[2025-04-22T22:59:22.459+0000] {cursor.py:1041} INFO - query execution done
[2025-04-22T22:59:22.466+0000] {cursor.py:1028} INFO - query: [MERGE INTO MBTA_PREDICTIONS AS target USING (SELECT 'prediction-67995041-70079-9...]
[2025-04-22T22:59:25.879+0000] {cursor.py:1041} INFO - query execution done
[2025-04-22T22:59:25.894+0000] {cursor.py:1028} INFO - query: [MERGE INTO MBTA_PREDICTIONS AS target USING (SELECT 'prediction-67994982-70080-1...]
[2025-04-22T22:59:28.757+0000] {cursor.py:1041} INFO - query execution done
[2025-04-22T22:59:28.762+0000] {cursor.py:1028} INFO - query: [MERGE INTO MBTA_PREDICTIONS AS target USING (SELECT 'prediction-67995047-70079-9...]
[2025-04-22T22:59:32.098+0000] {cursor.py:1041} INFO - query execution done
[2025-04-22T22:59:32.101+0000] {cursor.py:1028} INFO - query: [MERGE INTO MBTA_PREDICTIONS AS target USING (SELECT 'prediction-67995053-70079-9...]
[2025-04-22T22:59:35.170+0000] {cursor.py:1041} INFO - query execution done
[2025-04-22T22:59:35.171+0000] {cursor.py:1028} INFO - query: [MERGE INTO MBTA_PREDICTIONS AS target USING (SELECT 'prediction-67994994-70080-1...]
