[2025-04-25T22:05:02.764+0000] {taskinstance.py:1956} INFO - Dependencies all met for dep_context=non-requeueable deps ti=<TaskInstance: mbta_kafka_consumer_dag.run_kafka_consumer scheduled__2025-04-25T22:00:00+00:00 [queued]>
[2025-04-25T22:05:02.771+0000] {taskinstance.py:1956} INFO - Dependencies all met for dep_context=requeueable deps ti=<TaskInstance: mbta_kafka_consumer_dag.run_kafka_consumer scheduled__2025-04-25T22:00:00+00:00 [queued]>
[2025-04-25T22:05:02.772+0000] {taskinstance.py:2170} INFO - Starting attempt 1 of 2
[2025-04-25T22:05:02.780+0000] {taskinstance.py:2191} INFO - Executing <Task(PythonOperator): run_kafka_consumer> on 2025-04-25 22:00:00+00:00
[2025-04-25T22:05:02.784+0000] {standard_task_runner.py:60} INFO - Started process 546 to run task
[2025-04-25T22:05:02.787+0000] {standard_task_runner.py:87} INFO - Running: ['***', 'tasks', 'run', 'mbta_kafka_consumer_dag', 'run_kafka_consumer', 'scheduled__2025-04-25T22:00:00+00:00', '--job-id', '1478', '--raw', '--subdir', 'DAGS_FOLDER/mbta_kafka_consumer_dag.py', '--cfg-path', '/tmp/tmpdnv_aih4']
[2025-04-25T22:05:02.792+0000] {standard_task_runner.py:88} INFO - Job 1478: Subtask run_kafka_consumer
[2025-04-25T22:05:02.863+0000] {task_command.py:423} INFO - Running <TaskInstance: mbta_kafka_consumer_dag.run_kafka_consumer scheduled__2025-04-25T22:00:00+00:00 [running]> on host 254c3625eb6a
[2025-04-25T22:05:02.935+0000] {taskinstance.py:2480} INFO - Exporting env vars: AIRFLOW_CTX_DAG_OWNER='***' AIRFLOW_CTX_DAG_ID='mbta_kafka_consumer_dag' AIRFLOW_CTX_TASK_ID='run_kafka_consumer' AIRFLOW_CTX_EXECUTION_DATE='2025-04-25T22:00:00+00:00' AIRFLOW_CTX_TRY_NUMBER='1' AIRFLOW_CTX_DAG_RUN_ID='scheduled__2025-04-25T22:00:00+00:00'
[2025-04-25T22:05:02.936+0000] {connection.py:370} INFO - Snowflake Connector for Python Version: 3.6.0, Python Version: 3.9.18, Platform: Linux-6.10.14-linuxkit-aarch64-with-glibc2.36
[2025-04-25T22:05:02.937+0000] {connection.py:1171} INFO - This connection is in OCSP Fail Open Mode. TLS Certificates would be checked for validity and revocation status. Any other Certificate Revocation related exceptions or OCSP Responder failures would be disregarded in favor of connectivity.
[2025-04-25T22:05:03.729+0000] {mbta_kafka_consumer.py:52} INFO - ✅ Connected to Snowflake successfully.
[2025-04-25T22:05:03.730+0000] {mbta_kafka_consumer.py:266} INFO - 🚀 Starting MBTA Kafka Consumer...
[2025-04-25T22:05:03.734+0000] {conn.py:395} INFO - <BrokerConnection client_id=kafka-python-2.1.5, node_id=bootstrap-0 host=kafka:9092 <connecting> [IPv4 ('172.18.0.5', 9092)]>: connecting to kafka:9092 [('172.18.0.5', 9092) IPv4]
[2025-04-25T22:05:03.746+0000] {conn.py:615} INFO - <BrokerConnection client_id=kafka-python-2.1.5, node_id=bootstrap-0 host=kafka:9092 <checking_api_versions_recv> [IPv4 ('172.18.0.5', 9092)]>: Broker version identified as 2.6
[2025-04-25T22:05:03.747+0000] {conn.py:456} INFO - <BrokerConnection client_id=kafka-python-2.1.5, node_id=bootstrap-0 host=kafka:9092 <connected> [IPv4 ('172.18.0.5', 9092)]>: Connection complete.
[2025-04-25T22:05:03.748+0000] {consumer.py:119} WARNING - group_id is None: disabling auto-commit.
[2025-04-25T22:05:03.749+0000] {subscription_state.py:182} INFO - Updating subscribed topics to: ('mbta_alerts', 'mbta_routes', 'mbta_stops', 'mbta_vehicles', 'mbta_predictions', 'mbta_schedules', 'mbta_lines', 'mbta_facilities')
[2025-04-25T22:05:03.759+0000] {subscription_state.py:254} INFO - Updated partition assignment: [('mbta_vehicles', 0), ('mbta_predictions', 0), ('mbta_routes', 0), ('mbta_stops', 0), ('mbta_lines', 0), ('mbta_schedules', 0), ('mbta_alerts', 0), ('mbta_facilities', 0)]
[2025-04-25T22:05:03.760+0000] {conn.py:395} INFO - <BrokerConnection client_id=kafka-python-2.1.5, node_id=1 host=kafka:9092 <connecting> [IPv4 ('172.18.0.5', 9092)]>: connecting to kafka:9092 [('172.18.0.5', 9092) IPv4]
[2025-04-25T22:05:03.761+0000] {conn.py:456} INFO - <BrokerConnection client_id=kafka-python-2.1.5, node_id=1 host=kafka:9092 <connected> [IPv4 ('172.18.0.5', 9092)]>: Connection complete.
[2025-04-25T22:05:03.761+0000] {conn.py:936} INFO - <BrokerConnection client_id=kafka-python-2.1.5, node_id=bootstrap-0 host=kafka:9092 <connected> [IPv4 ('172.18.0.5', 9092)]>: Closing connection. 
[2025-04-25T22:05:05.336+0000] {mbta_kafka_consumer.py:280} INFO - 📥 Received 752 records from topic: mbta_vehicles
[2025-04-25T22:05:05.369+0000] {mbta_kafka_consumer.py:62} INFO - 🔍 Sample data for MBTA_VEHICLES:
[2025-04-25T22:05:05.370+0000] {mbta_kafka_consumer.py:63} INFO - 
   VEHICLE_ID ROUTE_ID  ...         STATUS                 CREATED_AT
0  B-5482BA4D     Blue  ...     STOPPED_AT 2025-04-25 22:05:05.340029
1       y1337      741  ...  IN_TRANSIT_TO 2025-04-25 22:05:05.340096
2     dLF 958      714  ...     STOPPED_AT 2025-04-25 22:05:05.340134
3       y1441      134  ...  IN_TRANSIT_TO 2025-04-25 22:05:05.340145
4     G-10086  Green-C  ...  IN_TRANSIT_TO 2025-04-25 22:05:05.340150

[5 rows x 8 columns]
[2025-04-25T22:05:05.432+0000] {cursor.py:1028} INFO - query: [SELECT * FROM MBTA_VEHICLES WHERE VEHICLE_ID IN ('B-5482BA4D','y1337','dLF 958',...]
[2025-04-25T22:05:05.840+0000] {cursor.py:1041} INFO - query execution done
[2025-04-25T22:05:05.841+0000] {cursor.py:1205} INFO - Number of results in first chunk: 785
[2025-04-25T22:05:05.903+0000] {mbta_kafka_consumer.py:112} INFO - 🔁 312 new/updated records out of 752 incoming records (some may be duplicates) for MBTA_VEHICLES
[2025-04-25T22:05:05.904+0000] {cursor.py:1028} INFO - query: [MERGE INTO MBTA_VEHICLES AS target USING (SELECT 'B-5482BA4D', 'Blue', 42.35889,...]
[2025-04-25T22:05:06.976+0000] {cursor.py:1041} INFO - query execution done
[2025-04-25T22:05:06.976+0000] {cursor.py:1028} INFO - query: [MERGE INTO MBTA_VEHICLES AS target USING (SELECT 'y1337', '741', 42.35216945, -7...]
[2025-04-25T22:05:08.132+0000] {cursor.py:1041} INFO - query execution done
[2025-04-25T22:05:08.136+0000] {cursor.py:1028} INFO - query: [MERGE INTO MBTA_VEHICLES AS target USING (SELECT 'dLF 958', '714', 42.255163, -7...]
[2025-04-25T22:05:09.538+0000] {cursor.py:1041} INFO - query execution done
[2025-04-25T22:05:09.541+0000] {cursor.py:1028} INFO - query: [MERGE INTO MBTA_VEHICLES AS target USING (SELECT 'y1441', '134', 42.4189965, -71...]
[2025-04-25T22:05:10.825+0000] {cursor.py:1041} INFO - query execution done
[2025-04-25T22:05:10.829+0000] {cursor.py:1028} INFO - query: [MERGE INTO MBTA_VEHICLES AS target USING (SELECT 'G-10086', 'Green-C', 42.35986,...]
[2025-04-25T22:05:12.047+0000] {cursor.py:1041} INFO - query execution done
[2025-04-25T22:05:12.048+0000] {cursor.py:1028} INFO - query: [MERGE INTO MBTA_VEHICLES AS target USING (SELECT 'y3103', '450', 42.40498954, -7...]
[2025-04-25T22:05:13.446+0000] {cursor.py:1041} INFO - query execution done
[2025-04-25T22:05:13.449+0000] {cursor.py:1028} INFO - query: [MERGE INTO MBTA_VEHICLES AS target USING (SELECT 'y1830', '15', 42.30813, -71.06...]
[2025-04-25T22:05:14.708+0000] {cursor.py:1041} INFO - query execution done
[2025-04-25T22:05:14.712+0000] {cursor.py:1028} INFO - query: [MERGE INTO MBTA_VEHICLES AS target USING (SELECT 'y3110', '450', 42.52449701, -7...]
[2025-04-25T22:05:15.956+0000] {cursor.py:1041} INFO - query execution done
[2025-04-25T22:05:15.957+0000] {cursor.py:1028} INFO - query: [MERGE INTO MBTA_VEHICLES AS target USING (SELECT 'B-5482B7DA', 'Blue', 42.38688,...]
[2025-04-25T22:05:17.501+0000] {cursor.py:1041} INFO - query execution done
[2025-04-25T22:05:17.504+0000] {cursor.py:1028} INFO - query: [MERGE INTO MBTA_VEHICLES AS target USING (SELECT 'y1402', '131', 42.44354536, -7...]
[2025-04-25T22:05:18.843+0000] {cursor.py:1041} INFO - query execution done
[2025-04-25T22:05:18.844+0000] {cursor.py:1028} INFO - query: [MERGE INTO MBTA_VEHICLES AS target USING (SELECT 'y2101', '77', 42.424924339, -7...]
[2025-04-25T22:05:20.037+0000] {cursor.py:1041} INFO - query execution done
[2025-04-25T22:05:20.039+0000] {cursor.py:1028} INFO - query: [MERGE INTO MBTA_VEHICLES AS target USING (SELECT 'y2112', '76', 42.41099, -71.18...]
[2025-04-25T22:05:21.350+0000] {cursor.py:1041} INFO - query execution done
[2025-04-25T22:05:21.352+0000] {cursor.py:1028} INFO - query: [MERGE INTO MBTA_VEHICLES AS target USING (SELECT 'y1908', '23', 42.32891737, -71...]
[2025-04-25T22:05:22.606+0000] {cursor.py:1041} INFO - query execution done
[2025-04-25T22:05:22.613+0000] {cursor.py:1028} INFO - query: [MERGE INTO MBTA_VEHICLES AS target USING (SELECT 'y3218', '57', 42.35327461, -71...]
[2025-04-25T22:05:23.832+0000] {cursor.py:1041} INFO - query execution done
[2025-04-25T22:05:23.834+0000] {cursor.py:1028} INFO - query: [MERGE INTO MBTA_VEHICLES AS target USING (SELECT 'y3309', '428', 42.36101092, -7...]
[2025-04-25T22:05:25.208+0000] {cursor.py:1041} INFO - query execution done
[2025-04-25T22:05:25.210+0000] {cursor.py:1028} INFO - query: [MERGE INTO MBTA_VEHICLES AS target USING (SELECT 'y3113', '120', 42.39015539, -7...]
[2025-04-25T22:05:26.497+0000] {cursor.py:1041} INFO - query execution done
[2025-04-25T22:05:26.499+0000] {cursor.py:1028} INFO - query: [MERGE INTO MBTA_VEHICLES AS target USING (SELECT 'y1619', '24', 42.24303, -71.12...]
[2025-04-25T22:05:27.814+0000] {cursor.py:1041} INFO - query execution done
[2025-04-25T22:05:27.815+0000] {cursor.py:1028} INFO - query: [MERGE INTO MBTA_VEHICLES AS target USING (SELECT 'y1659', '50', 42.25462, -71.12...]
[2025-04-25T22:05:29.192+0000] {cursor.py:1041} INFO - query execution done
[2025-04-25T22:05:29.196+0000] {cursor.py:1028} INFO - query: [MERGE INTO MBTA_VEHICLES AS target USING (SELECT 'y3260', '66', 42.33156, -71.09...]
[2025-04-25T22:05:30.392+0000] {cursor.py:1041} INFO - query execution done
[2025-04-25T22:05:30.393+0000] {cursor.py:1028} INFO - query: [MERGE INTO MBTA_VEHICLES AS target USING (SELECT 'y1884', '15', 42.32958017, -71...]
[2025-04-25T22:05:31.690+0000] {cursor.py:1041} INFO - query execution done
[2025-04-25T22:05:31.692+0000] {cursor.py:1028} INFO - query: [MERGE INTO MBTA_VEHICLES AS target USING (SELECT 'G-10333', 'Green-D', 42.33057,...]
[2025-04-25T22:05:33.170+0000] {cursor.py:1041} INFO - query execution done
[2025-04-25T22:05:33.171+0000] {cursor.py:1028} INFO - query: [MERGE INTO MBTA_VEHICLES AS target USING (SELECT 'y1945', '86', 42.34136609, -71...]
[2025-04-25T22:05:34.287+0000] {cursor.py:1041} INFO - query execution done
[2025-04-25T22:05:34.296+0000] {cursor.py:1028} INFO - query: [MERGE INTO MBTA_VEHICLES AS target USING (SELECT 'y1284', '751', 42.34848, -71.0...]
[2025-04-25T22:05:35.656+0000] {cursor.py:1041} INFO - query execution done
[2025-04-25T22:05:35.657+0000] {cursor.py:1028} INFO - query: [MERGE INTO MBTA_VEHICLES AS target USING (SELECT 'y1867', '504', 42.36385, -71.1...]
[2025-04-25T22:05:37.062+0000] {cursor.py:1041} INFO - query execution done
[2025-04-25T22:05:37.064+0000] {cursor.py:1028} INFO - query: [MERGE INTO MBTA_VEHICLES AS target USING (SELECT 'O-5482B7DC', 'Orange', 42.3364...]
[2025-04-25T22:05:38.383+0000] {cursor.py:1041} INFO - query execution done
[2025-04-25T22:05:38.384+0000] {cursor.py:1028} INFO - query: [MERGE INTO MBTA_VEHICLES AS target USING (SELECT 'y3002', '712', 42.374569809, -...]
[2025-04-25T22:05:39.631+0000] {cursor.py:1041} INFO - query execution done
[2025-04-25T22:05:39.631+0000] {cursor.py:1028} INFO - query: [MERGE INTO MBTA_VEHICLES AS target USING (SELECT 'y1608', '51', 42.28934756, -71...]
[2025-04-25T22:05:40.876+0000] {cursor.py:1041} INFO - query execution done
[2025-04-25T22:05:40.877+0000] {cursor.py:1028} INFO - query: [MERGE INTO MBTA_VEHICLES AS target USING (SELECT 'y3327', '455', 42.4576, -70.97...]
[2025-04-25T22:05:41.758+0000] {cursor.py:1041} INFO - query execution done
[2025-04-25T22:05:41.759+0000] {cursor.py:1028} INFO - query: [MERGE INTO MBTA_VEHICLES AS target USING (SELECT 'B-5482B7E2', 'Blue', 42.35956,...]
[2025-04-25T22:05:43.156+0000] {cursor.py:1041} INFO - query execution done
[2025-04-25T22:05:43.158+0000] {cursor.py:1028} INFO - query: [MERGE INTO MBTA_VEHICLES AS target USING (SELECT 'y1459', '134', 42.42118428, -7...]
[2025-04-25T22:05:44.394+0000] {cursor.py:1041} INFO - query execution done
[2025-04-25T22:05:44.395+0000] {cursor.py:1028} INFO - query: [MERGE INTO MBTA_VEHICLES AS target USING (SELECT 'y1447', '99', 42.40396, -71.07...]
[2025-04-25T22:05:46.299+0000] {cursor.py:1041} INFO - query execution done
[2025-04-25T22:05:46.301+0000] {cursor.py:1028} INFO - query: [MERGE INTO MBTA_VEHICLES AS target USING (SELECT 'y2085', '87', 42.37222281, -71...]
[2025-04-25T22:05:47.748+0000] {cursor.py:1041} INFO - query execution done
[2025-04-25T22:05:47.751+0000] {cursor.py:1028} INFO - query: [MERGE INTO MBTA_VEHICLES AS target USING (SELECT 'y1815', '10', 42.33868053, -71...]
[2025-04-25T22:05:49.171+0000] {cursor.py:1041} INFO - query execution done
[2025-04-25T22:05:49.172+0000] {cursor.py:1028} INFO - query: [MERGE INTO MBTA_VEHICLES AS target USING (SELECT 'y1815', '10', 42.33868053, -71...]
[2025-04-25T22:05:50.801+0000] {cursor.py:1041} INFO - query execution done
[2025-04-25T22:05:50.801+0000] {cursor.py:1028} INFO - query: [MERGE INTO MBTA_VEHICLES AS target USING (SELECT 'y1815', '10', 42.33868053, -71...]
[2025-04-25T22:05:52.052+0000] {cursor.py:1041} INFO - query execution done
[2025-04-25T22:05:52.054+0000] {cursor.py:1028} INFO - query: [MERGE INTO MBTA_VEHICLES AS target USING (SELECT 'y1815', '10', 42.33868053, -71...]
[2025-04-25T22:05:53.338+0000] {cursor.py:1041} INFO - query execution done
[2025-04-25T22:05:53.342+0000] {cursor.py:1028} INFO - query: [MERGE INTO MBTA_VEHICLES AS target USING (SELECT 'y1815', '10', 42.33868053, -71...]
[2025-04-25T22:05:54.675+0000] {cursor.py:1041} INFO - query execution done
[2025-04-25T22:05:54.676+0000] {cursor.py:1028} INFO - query: [MERGE INTO MBTA_VEHICLES AS target USING (SELECT 'y1815', '10', 42.33868053, -71...]
[2025-04-25T22:05:56.010+0000] {cursor.py:1041} INFO - query execution done
[2025-04-25T22:05:56.012+0000] {cursor.py:1028} INFO - query: [MERGE INTO MBTA_VEHICLES AS target USING (SELECT 'y1815', '10', 42.33868053, -71...]
[2025-04-25T22:05:57.327+0000] {cursor.py:1041} INFO - query execution done
[2025-04-25T22:05:57.328+0000] {cursor.py:1028} INFO - query: [MERGE INTO MBTA_VEHICLES AS target USING (SELECT 'y1815', '10', 42.33868053, -71...]
[2025-04-25T22:05:58.710+0000] {cursor.py:1041} INFO - query execution done
[2025-04-25T22:05:58.713+0000] {cursor.py:1028} INFO - query: [MERGE INTO MBTA_VEHICLES AS target USING (SELECT 'y1815', '10', 42.33868053, -71...]
[2025-04-25T22:05:59.958+0000] {cursor.py:1041} INFO - query execution done
[2025-04-25T22:05:59.962+0000] {cursor.py:1028} INFO - query: [MERGE INTO MBTA_VEHICLES AS target USING (SELECT 'y1815', '10', 42.33868053, -71...]
[2025-04-25T22:06:01.244+0000] {cursor.py:1041} INFO - query execution done
[2025-04-25T22:06:01.245+0000] {cursor.py:1028} INFO - query: [MERGE INTO MBTA_VEHICLES AS target USING (SELECT 'y1815', '10', 42.33868053, -71...]
[2025-04-25T22:06:02.572+0000] {cursor.py:1041} INFO - query execution done
[2025-04-25T22:06:02.574+0000] {cursor.py:1028} INFO - query: [MERGE INTO MBTA_VEHICLES AS target USING (SELECT 'y1815', '10', 42.33868053, -71...]
[2025-04-25T22:06:04.546+0000] {cursor.py:1041} INFO - query execution done
[2025-04-25T22:06:04.549+0000] {cursor.py:1028} INFO - query: [MERGE INTO MBTA_VEHICLES AS target USING (SELECT 'y1815', '10', 42.33868053, -71...]
[2025-04-25T22:06:05.707+0000] {cursor.py:1041} INFO - query execution done
[2025-04-25T22:06:05.714+0000] {cursor.py:1028} INFO - query: [MERGE INTO MBTA_VEHICLES AS target USING (SELECT 'y1815', '10', 42.33868053, -71...]
[2025-04-25T22:06:06.973+0000] {cursor.py:1041} INFO - query execution done
[2025-04-25T22:06:06.977+0000] {cursor.py:1028} INFO - query: [MERGE INTO MBTA_VEHICLES AS target USING (SELECT 'y1815', '10', 42.33868053, -71...]
[2025-04-25T22:06:08.192+0000] {cursor.py:1041} INFO - query execution done
[2025-04-25T22:06:08.194+0000] {cursor.py:1028} INFO - query: [MERGE INTO MBTA_VEHICLES AS target USING (SELECT 'y1815', '10', 42.33868053, -71...]
[2025-04-25T22:06:09.754+0000] {cursor.py:1041} INFO - query execution done
[2025-04-25T22:06:09.758+0000] {cursor.py:1028} INFO - query: [MERGE INTO MBTA_VEHICLES AS target USING (SELECT 'y1815', '10', 42.33868053, -71...]
[2025-04-25T22:06:11.082+0000] {cursor.py:1041} INFO - query execution done
[2025-04-25T22:06:11.083+0000] {cursor.py:1028} INFO - query: [MERGE INTO MBTA_VEHICLES AS target USING (SELECT 'y2058', '354', 42.50601, -71.1...]
[2025-04-25T22:06:12.773+0000] {cursor.py:1041} INFO - query execution done
[2025-04-25T22:06:12.781+0000] {cursor.py:1028} INFO - query: [MERGE INTO MBTA_VEHICLES AS target USING (SELECT 'R-54829A82', 'Red', 42.34256, ...]
[2025-04-25T22:06:14.046+0000] {cursor.py:1041} INFO - query execution done
[2025-04-25T22:06:14.047+0000] {cursor.py:1028} INFO - query: [MERGE INTO MBTA_VEHICLES AS target USING (SELECT 'y1425', '116', 42.41279, -70.9...]
[2025-04-25T22:06:15.325+0000] {cursor.py:1041} INFO - query execution done
[2025-04-25T22:06:15.351+0000] {cursor.py:1028} INFO - query: [MERGE INTO MBTA_VEHICLES AS target USING (SELECT 'y2108', '109', 42.384058129, -...]
[2025-04-25T22:06:16.490+0000] {cursor.py:1041} INFO - query execution done
[2025-04-25T22:06:16.492+0000] {cursor.py:1028} INFO - query: [MERGE INTO MBTA_VEHICLES AS target USING (SELECT 'G-10112', 'Mattapan', 42.2797,...]
[2025-04-25T22:06:17.771+0000] {cursor.py:1041} INFO - query execution done
[2025-04-25T22:06:17.773+0000] {cursor.py:1028} INFO - query: [MERGE INTO MBTA_VEHICLES AS target USING (SELECT 'y3219', '19', 42.305562519, -7...]
[2025-04-25T22:06:18.943+0000] {cursor.py:1041} INFO - query execution done
[2025-04-25T22:06:18.944+0000] {cursor.py:1028} INFO - query: [MERGE INTO MBTA_VEHICLES AS target USING (SELECT 'y1900', '1', 42.37303234, -71....]
[2025-04-25T22:06:20.192+0000] {cursor.py:1041} INFO - query execution done
[2025-04-25T22:06:20.194+0000] {cursor.py:1028} INFO - query: [MERGE INTO MBTA_VEHICLES AS target USING (SELECT 'y1883', '505', 42.37462, -71.2...]
[2025-04-25T22:06:21.527+0000] {cursor.py:1041} INFO - query execution done
[2025-04-25T22:06:21.529+0000] {cursor.py:1028} INFO - query: [MERGE INTO MBTA_VEHICLES AS target USING (SELECT 'y2041', '70', 42.37080965, -71...]
[2025-04-25T22:06:22.899+0000] {cursor.py:1041} INFO - query execution done
[2025-04-25T22:06:22.901+0000] {cursor.py:1028} INFO - query: [MERGE INTO MBTA_VEHICLES AS target USING (SELECT 'G-10103', 'Green-C', 42.35305,...]
[2025-04-25T22:06:24.337+0000] {cursor.py:1041} INFO - query execution done
[2025-04-25T22:06:24.338+0000] {cursor.py:1028} INFO - query: [MERGE INTO MBTA_VEHICLES AS target USING (SELECT 'y1863', '11', 42.335719849, -7...]
[2025-04-25T22:06:25.775+0000] {cursor.py:1041} INFO - query execution done
[2025-04-25T22:06:25.776+0000] {cursor.py:1028} INFO - query: [MERGE INTO MBTA_VEHICLES AS target USING (SELECT 'y2087', '70', 42.36254373, -71...]
[2025-04-25T22:06:27.211+0000] {cursor.py:1041} INFO - query execution done
[2025-04-25T22:06:27.212+0000] {cursor.py:1028} INFO - query: [MERGE INTO MBTA_VEHICLES AS target USING (SELECT 'y1624', '32', 42.25238, -71.12...]
[2025-04-25T22:06:28.467+0000] {cursor.py:1041} INFO - query execution done
[2025-04-25T22:06:28.468+0000] {cursor.py:1028} INFO - query: [MERGE INTO MBTA_VEHICLES AS target USING (SELECT 'y1606', '34E', 42.193973489, -...]
[2025-04-25T22:06:29.829+0000] {cursor.py:1041} INFO - query execution done
[2025-04-25T22:06:29.831+0000] {cursor.py:1028} INFO - query: [MERGE INTO MBTA_VEHICLES AS target USING (SELECT 'y3259', '553', 42.34945699, -7...]
[2025-04-25T22:06:31.129+0000] {cursor.py:1041} INFO - query execution done
[2025-04-25T22:06:31.130+0000] {cursor.py:1028} INFO - query: [MERGE INTO MBTA_VEHICLES AS target USING (SELECT 'R-5482AA90', 'Red', 42.36243, ...]
[2025-04-25T22:06:32.741+0000] {cursor.py:1041} INFO - query execution done
[2025-04-25T22:06:32.745+0000] {cursor.py:1028} INFO - query: [MERGE INTO MBTA_VEHICLES AS target USING (SELECT 'R-5482A2DC', 'Red', 42.39621, ...]
[2025-04-25T22:06:34.098+0000] {cursor.py:1041} INFO - query execution done
[2025-04-25T22:06:34.099+0000] {cursor.py:1028} INFO - query: [MERGE INTO MBTA_VEHICLES AS target USING (SELECT 'G-10022', 'Green-E', 42.34009,...]
[2025-04-25T22:06:35.513+0000] {cursor.py:1041} INFO - query execution done
[2025-04-25T22:06:35.516+0000] {cursor.py:1028} INFO - query: [MERGE INTO MBTA_VEHICLES AS target USING (SELECT 'y1642', '29', 42.29011, -71.08...]
[2025-04-25T22:06:36.918+0000] {cursor.py:1041} INFO - query execution done
[2025-04-25T22:06:36.919+0000] {cursor.py:1028} INFO - query: [MERGE INTO MBTA_VEHICLES AS target USING (SELECT 'y2031', '86', 42.35519, -71.14...]
[2025-04-25T22:06:38.367+0000] {cursor.py:1041} INFO - query execution done
[2025-04-25T22:06:38.368+0000] {cursor.py:1028} INFO - query: [MERGE INTO MBTA_VEHICLES AS target USING (SELECT 'y0758', '225', 42.2495927, -71...]
[2025-04-25T22:06:39.702+0000] {cursor.py:1041} INFO - query execution done
[2025-04-25T22:06:39.703+0000] {cursor.py:1028} INFO - query: [MERGE INTO MBTA_VEHICLES AS target USING (SELECT '1843', 'CR-NewBedford', 42.277...]
[2025-04-25T22:06:41.009+0000] {cursor.py:1041} INFO - query execution done
[2025-04-25T22:06:41.010+0000] {cursor.py:1028} INFO - query: [MERGE INTO MBTA_VEHICLES AS target USING (SELECT 'y3266', '1', 42.32984, -71.083...]
[2025-04-25T22:06:42.317+0000] {cursor.py:1041} INFO - query execution done
[2025-04-25T22:06:42.317+0000] {cursor.py:1028} INFO - query: [MERGE INTO MBTA_VEHICLES AS target USING (SELECT 'G-10153', 'Green-C', 42.33971,...]
[2025-04-25T22:06:44.716+0000] {cursor.py:1041} INFO - query execution done
[2025-04-25T22:06:44.718+0000] {cursor.py:1028} INFO - query: [MERGE INTO MBTA_VEHICLES AS target USING (SELECT 'y3217', '23', 42.30691824, -71...]
[2025-04-25T22:06:46.034+0000] {cursor.py:1041} INFO - query execution done
[2025-04-25T22:06:46.035+0000] {cursor.py:1028} INFO - query: [MERGE INTO MBTA_VEHICLES AS target USING (SELECT 'y3329', '450', 42.42094302, -7...]
[2025-04-25T22:06:47.255+0000] {cursor.py:1041} INFO - query execution done
[2025-04-25T22:06:47.256+0000] {cursor.py:1028} INFO - query: [MERGE INTO MBTA_VEHICLES AS target USING (SELECT 'y3348', '116', 42.39301, -71.0...]
[2025-04-25T22:06:48.550+0000] {cursor.py:1041} INFO - query execution done
[2025-04-25T22:06:48.551+0000] {cursor.py:1028} INFO - query: [MERGE INTO MBTA_VEHICLES AS target USING (SELECT 'y1905', '23', 42.3263277, -71....]
[2025-04-25T22:06:49.899+0000] {cursor.py:1041} INFO - query execution done
[2025-04-25T22:06:49.901+0000] {cursor.py:1028} INFO - query: [MERGE INTO MBTA_VEHICLES AS target USING (SELECT 'y1312', '743', 42.36537019, -7...]
[2025-04-25T22:06:51.121+0000] {cursor.py:1041} INFO - query execution done
[2025-04-25T22:06:51.124+0000] {cursor.py:1028} INFO - query: [MERGE INTO MBTA_VEHICLES AS target USING (SELECT 'y2090', '111', 42.37145, -71.0...]
[2025-04-25T22:06:52.491+0000] {cursor.py:1041} INFO - query execution done
[2025-04-25T22:06:52.492+0000] {cursor.py:1028} INFO - query: [MERGE INTO MBTA_VEHICLES AS target USING (SELECT 'B-5482B7E5', 'Blue', 42.41576,...]
[2025-04-25T22:06:53.781+0000] {cursor.py:1041} INFO - query execution done
[2025-04-25T22:06:53.782+0000] {cursor.py:1028} INFO - query: [MERGE INTO MBTA_VEHICLES AS target USING (SELECT 'y1721', '501', 42.35486, -71.1...]
[2025-04-25T22:06:54.987+0000] {cursor.py:1041} INFO - query execution done
[2025-04-25T22:06:54.989+0000] {cursor.py:1028} INFO - query: [MERGE INTO MBTA_VEHICLES AS target USING (SELECT 'y2116', '109', 42.42022713, -7...]
[2025-04-25T22:06:56.331+0000] {cursor.py:1041} INFO - query execution done
[2025-04-25T22:06:56.332+0000] {cursor.py:1028} INFO - query: [MERGE INTO MBTA_VEHICLES AS target USING (SELECT 'G-10109', 'Green-B', 42.34068,...]
[2025-04-25T22:06:57.787+0000] {cursor.py:1041} INFO - query execution done
[2025-04-25T22:06:57.790+0000] {cursor.py:1028} INFO - query: [MERGE INTO MBTA_VEHICLES AS target USING (SELECT 'G-10013', 'Green-E', 42.33613,...]
[2025-04-25T22:06:59.223+0000] {cursor.py:1041} INFO - query execution done
[2025-04-25T22:06:59.224+0000] {cursor.py:1028} INFO - query: [MERGE INTO MBTA_VEHICLES AS target USING (SELECT 'y3212', '66', 42.32951817, -71...]
[2025-04-25T22:07:00.541+0000] {cursor.py:1041} INFO - query execution done
[2025-04-25T22:07:00.541+0000] {cursor.py:1028} INFO - query: [MERGE INTO MBTA_VEHICLES AS target USING (SELECT 'y1308', '742', 42.3515842, -71...]
[2025-04-25T22:07:01.933+0000] {cursor.py:1041} INFO - query execution done
[2025-04-25T22:07:01.937+0000] {cursor.py:1028} INFO - query: [MERGE INTO MBTA_VEHICLES AS target USING (SELECT 'y0894', '354', 42.3589404, -71...]
[2025-04-25T22:07:03.227+0000] {cursor.py:1041} INFO - query execution done
[2025-04-25T22:07:03.228+0000] {cursor.py:1028} INFO - query: [MERGE INTO MBTA_VEHICLES AS target USING (SELECT 'y1667', '50', 42.28556243, -71...]
[2025-04-25T22:07:04.713+0000] {cursor.py:1041} INFO - query execution done
[2025-04-25T22:07:04.713+0000] {cursor.py:1028} INFO - query: [MERGE INTO MBTA_VEHICLES AS target USING (SELECT 'y0883', '137', 42.502721889, -...]
[2025-04-25T22:07:06.129+0000] {cursor.py:1041} INFO - query execution done
[2025-04-25T22:07:06.132+0000] {cursor.py:1028} INFO - query: [MERGE INTO MBTA_VEHICLES AS target USING (SELECT 'y3283', '59', 42.36130285, -71...]
[2025-04-25T22:07:07.382+0000] {cursor.py:1041} INFO - query execution done
[2025-04-25T22:07:07.384+0000] {cursor.py:1028} INFO - query: [MERGE INTO MBTA_VEHICLES AS target USING (SELECT 'y1725', '7', 42.33012, -71.060...]
[2025-04-25T22:07:08.771+0000] {cursor.py:1041} INFO - query execution done
[2025-04-25T22:07:08.775+0000] {cursor.py:1028} INFO - query: [MERGE INTO MBTA_VEHICLES AS target USING (SELECT 'y0777', '220', 42.25255722, -7...]
[2025-04-25T22:07:10.068+0000] {cursor.py:1041} INFO - query execution done
[2025-04-25T22:07:10.070+0000] {cursor.py:1028} INFO - query: [MERGE INTO MBTA_VEHICLES AS target USING (SELECT 'y1805', '17', 42.31599526, -71...]
[2025-04-25T22:07:11.328+0000] {cursor.py:1041} INFO - query execution done
[2025-04-25T22:07:11.329+0000] {cursor.py:1028} INFO - query: [MERGE INTO MBTA_VEHICLES AS target USING (SELECT 'y0763', '215', 42.24917792, -7...]
[2025-04-25T22:07:12.536+0000] {cursor.py:1041} INFO - query execution done
[2025-04-25T22:07:12.537+0000] {cursor.py:1028} INFO - query: [MERGE INTO MBTA_VEHICLES AS target USING (SELECT 'y0829', '215', 42.24332937, -7...]
[2025-04-25T22:07:13.875+0000] {cursor.py:1041} INFO - query execution done
[2025-04-25T22:07:13.878+0000] {cursor.py:1028} INFO - query: [MERGE INTO MBTA_VEHICLES AS target USING (SELECT 'y1431', '442', 42.41253796, -7...]
[2025-04-25T22:07:15.171+0000] {cursor.py:1041} INFO - query execution done
[2025-04-25T22:07:15.176+0000] {cursor.py:1028} INFO - query: [MERGE INTO MBTA_VEHICLES AS target USING (SELECT 'y1275', '749', 42.3501, -71.06...]
[2025-04-25T22:07:16.478+0000] {cursor.py:1041} INFO - query execution done
[2025-04-25T22:07:16.594+0000] {cursor.py:1028} INFO - query: [MERGE INTO MBTA_VEHICLES AS target USING (SELECT 'y3243', '59', 42.30880762, -71...]
[2025-04-25T22:07:17.743+0000] {cursor.py:1041} INFO - query execution done
[2025-04-25T22:07:17.743+0000] {cursor.py:1028} INFO - query: [MERGE INTO MBTA_VEHICLES AS target USING (SELECT 'y0827', '222', 42.24991888, -7...]
[2025-04-25T22:07:19.139+0000] {cursor.py:1041} INFO - query execution done
[2025-04-25T22:07:19.140+0000] {cursor.py:1028} INFO - query: [MERGE INTO MBTA_VEHICLES AS target USING (SELECT 'y3324', '439', 42.46041337, -7...]
[2025-04-25T22:07:20.416+0000] {cursor.py:1041} INFO - query execution done
[2025-04-25T22:07:20.417+0000] {cursor.py:1028} INFO - query: [MERGE INTO MBTA_VEHICLES AS target USING (SELECT 'y1411', '132', 42.42611873, -7...]
[2025-04-25T22:07:21.774+0000] {cursor.py:1041} INFO - query execution done
[2025-04-25T22:07:21.775+0000] {cursor.py:1028} INFO - query: [MERGE INTO MBTA_VEHICLES AS target USING (SELECT 'y1852', '43', 42.340418489, -7...]
[2025-04-25T22:07:23.253+0000] {cursor.py:1041} INFO - query execution done
[2025-04-25T22:07:23.264+0000] {cursor.py:1028} INFO - query: [MERGE INTO MBTA_VEHICLES AS target USING (SELECT 'G-10118', 'Green-B', 42.35175,...]
[2025-04-25T22:07:24.404+0000] {cursor.py:1041} INFO - query execution done
[2025-04-25T22:07:24.405+0000] {cursor.py:1028} INFO - query: [MERGE INTO MBTA_VEHICLES AS target USING (SELECT '1819', 'CR-Fairmount', 42.3222...]
[2025-04-25T22:07:25.642+0000] {cursor.py:1041} INFO - query execution done
[2025-04-25T22:07:25.643+0000] {cursor.py:1028} INFO - query: [MERGE INTO MBTA_VEHICLES AS target USING (SELECT 'y1406', '95', 42.39860908, -71...]
[2025-04-25T22:07:26.872+0000] {cursor.py:1041} INFO - query execution done
[2025-04-25T22:07:26.874+0000] {cursor.py:1028} INFO - query: [MERGE INTO MBTA_VEHICLES AS target USING (SELECT 'y1864', '22', 42.29140884, -71...]
[2025-04-25T22:07:28.236+0000] {cursor.py:1041} INFO - query execution done
[2025-04-25T22:07:28.239+0000] {cursor.py:1028} INFO - query: [MERGE INTO MBTA_VEHICLES AS target USING (SELECT 'G-10135', 'Green-B', 42.35014,...]
[2025-04-25T22:07:29.458+0000] {cursor.py:1041} INFO - query execution done
[2025-04-25T22:07:29.459+0000] {cursor.py:1028} INFO - query: [MERGE INTO MBTA_VEHICLES AS target USING (SELECT 'y1727', '47', 42.33798371, -71...]
[2025-04-25T22:07:30.994+0000] {cursor.py:1041} INFO - query execution done
[2025-04-25T22:07:30.994+0000] {cursor.py:1028} INFO - query: [MERGE INTO MBTA_VEHICLES AS target USING (SELECT 'y3345', '426', 42.45469744, -7...]
[2025-04-25T22:07:32.322+0000] {cursor.py:1041} INFO - query execution done
[2025-04-25T22:07:32.323+0000] {cursor.py:1028} INFO - query: [MERGE INTO MBTA_VEHICLES AS target USING (SELECT 'y1301', '743', 42.37232, -71.0...]
[2025-04-25T22:07:33.625+0000] {cursor.py:1041} INFO - query execution done
[2025-04-25T22:07:33.627+0000] {cursor.py:1028} INFO - query: [MERGE INTO MBTA_VEHICLES AS target USING (SELECT 'y1205', '39', 42.30248, -71.11...]
[2025-04-25T22:07:35.205+0000] {cursor.py:1041} INFO - query execution done
[2025-04-25T22:07:35.212+0000] {cursor.py:1028} INFO - query: [MERGE INTO MBTA_VEHICLES AS target USING (SELECT 'y2081', '70', 42.36557208, -71...]
[2025-04-25T22:07:36.502+0000] {cursor.py:1041} INFO - query execution done
[2025-04-25T22:07:36.503+0000] {cursor.py:1028} INFO - query: [MERGE INTO MBTA_VEHICLES AS target USING (SELECT 'y0902', '240', 42.27392447, -7...]
[2025-04-25T22:07:37.782+0000] {cursor.py:1041} INFO - query execution done
[2025-04-25T22:07:37.783+0000] {cursor.py:1028} INFO - query: [MERGE INTO MBTA_VEHICLES AS target USING (SELECT 'y1432', '100', 42.40252025, -7...]
[2025-04-25T22:07:39.667+0000] {cursor.py:1041} INFO - query execution done
[2025-04-25T22:07:39.672+0000] {cursor.py:1028} INFO - query: [MERGE INTO MBTA_VEHICLES AS target USING (SELECT 'y1808', '501', 42.34914187, -7...]
[2025-04-25T22:07:40.869+0000] {cursor.py:1041} INFO - query execution done
[2025-04-25T22:07:40.870+0000] {cursor.py:1028} INFO - query: [MERGE INTO MBTA_VEHICLES AS target USING (SELECT 'y1458', '99', 42.4532647, -71....]
[2025-04-25T22:07:42.255+0000] {cursor.py:1041} INFO - query execution done
[2025-04-25T22:07:42.265+0000] {cursor.py:1028} INFO - query: [MERGE INTO MBTA_VEHICLES AS target USING (SELECT 'y1612', '36', 42.28638626, -71...]
[2025-04-25T22:07:43.499+0000] {cursor.py:1041} INFO - query execution done
[2025-04-25T22:07:43.501+0000] {cursor.py:1028} INFO - query: [MERGE INTO MBTA_VEHICLES AS target USING (SELECT 'G-10240', 'Green-B', 42.35092,...]
[2025-04-25T22:07:44.829+0000] {cursor.py:1041} INFO - query execution done
[2025-04-25T22:07:44.830+0000] {cursor.py:1028} INFO - query: [MERGE INTO MBTA_VEHICLES AS target USING (SELECT 'G-10340', 'Green-E', 42.35018,...]
[2025-04-25T22:07:46.119+0000] {cursor.py:1041} INFO - query execution done
[2025-04-25T22:07:46.121+0000] {cursor.py:1028} INFO - query: [MERGE INTO MBTA_VEHICLES AS target USING (SELECT 'y1689', '51', 42.28896862, -71...]
[2025-04-25T22:07:47.451+0000] {cursor.py:1041} INFO - query execution done
[2025-04-25T22:07:47.453+0000] {cursor.py:1028} INFO - query: [MERGE INTO MBTA_VEHICLES AS target USING (SELECT 'y1283', '749', 42.32988254, -7...]
[2025-04-25T22:07:48.672+0000] {cursor.py:1041} INFO - query execution done
[2025-04-25T22:07:48.673+0000] {cursor.py:1028} INFO - query: [MERGE INTO MBTA_VEHICLES AS target USING (SELECT 'y1207', '28', 42.28551232, -71...]
[2025-04-25T22:07:50.015+0000] {cursor.py:1041} INFO - query execution done
[2025-04-25T22:07:50.017+0000] {cursor.py:1028} INFO - query: [MERGE INTO MBTA_VEHICLES AS target USING (SELECT 'y1429', '104', 42.42635, -71.0...]
[2025-04-25T22:07:51.412+0000] {cursor.py:1041} INFO - query execution done
[2025-04-25T22:07:51.414+0000] {cursor.py:1028} INFO - query: [MERGE INTO MBTA_VEHICLES AS target USING (SELECT 'ynk238', 'Shuttle-Generic', 42...]
[2025-04-25T22:07:52.570+0000] {cursor.py:1041} INFO - query execution done
[2025-04-25T22:07:52.572+0000] {cursor.py:1028} INFO - query: [MERGE INTO MBTA_VEHICLES AS target USING (SELECT 'y3280', '57', 42.35147, -71.11...]
[2025-04-25T22:07:53.890+0000] {cursor.py:1041} INFO - query execution done
[2025-04-25T22:07:53.892+0000] {cursor.py:1028} INFO - query: [MERGE INTO MBTA_VEHICLES AS target USING (SELECT 'y1958', '111', 42.38975, -71.0...]
[2025-04-25T22:07:55.210+0000] {cursor.py:1041} INFO - query execution done
[2025-04-25T22:07:55.211+0000] {cursor.py:1028} INFO - query: [MERGE INTO MBTA_VEHICLES AS target USING (SELECT 'y1403', '97', 42.41574528, -71...]
[2025-04-25T22:07:56.478+0000] {cursor.py:1041} INFO - query execution done
[2025-04-25T22:07:56.480+0000] {cursor.py:1028} INFO - query: [MERGE INTO MBTA_VEHICLES AS target USING (SELECT 'y0845', '89', 42.39149779, -71...]
[2025-04-25T22:07:57.760+0000] {cursor.py:1041} INFO - query execution done
[2025-04-25T22:07:57.764+0000] {cursor.py:1028} INFO - query: [MERGE INTO MBTA_VEHICLES AS target USING (SELECT 'G-10209', 'Green-D', 42.34672,...]
[2025-04-25T22:07:59.255+0000] {cursor.py:1041} INFO - query execution done
[2025-04-25T22:07:59.257+0000] {cursor.py:1028} INFO - query: [MERGE INTO MBTA_VEHICLES AS target USING (SELECT 'y1253', '39', 42.34018656, -71...]
[2025-04-25T22:08:00.766+0000] {cursor.py:1041} INFO - query execution done
[2025-04-25T22:08:00.770+0000] {cursor.py:1028} INFO - query: [MERGE INTO MBTA_VEHICLES AS target USING (SELECT 'B-5482B7D4', 'Blue', 42.3972, ...]
[2025-04-25T22:08:02.186+0000] {cursor.py:1041} INFO - query execution done
[2025-04-25T22:08:02.188+0000] {cursor.py:1028} INFO - query: [MERGE INTO MBTA_VEHICLES AS target USING (SELECT 'y0802', '215', 42.28213189, -7...]
[2025-04-25T22:08:04.068+0000] {cursor.py:1041} INFO - query execution done
[2025-04-25T22:08:04.069+0000] {cursor.py:1028} INFO - query: [MERGE INTO MBTA_VEHICLES AS target USING (SELECT 'O-5482B2C2', 'Orange', 42.4358...]
[2025-04-25T22:08:05.404+0000] {cursor.py:1041} INFO - query execution done
[2025-04-25T22:08:05.406+0000] {cursor.py:1028} INFO - query: [MERGE INTO MBTA_VEHICLES AS target USING (SELECT 'y0809', '240', 42.17588589, -7...]
[2025-04-25T22:08:06.920+0000] {cursor.py:1041} INFO - query execution done
[2025-04-25T22:08:06.921+0000] {cursor.py:1028} INFO - query: [MERGE INTO MBTA_VEHICLES AS target USING (SELECT 'y1645', '32', 42.25666515, -71...]
[2025-04-25T22:08:08.488+0000] {cursor.py:1041} INFO - query execution done
[2025-04-25T22:08:08.488+0000] {cursor.py:1028} INFO - query: [MERGE INTO MBTA_VEHICLES AS target USING (SELECT 'y1272', '39', 42.30863756, -71...]
[2025-04-25T22:08:09.801+0000] {cursor.py:1041} INFO - query execution done
[2025-04-25T22:08:09.807+0000] {cursor.py:1028} INFO - query: [MERGE INTO MBTA_VEHICLES AS target USING (SELECT 'y1658', '34', 42.26112187, -71...]
[2025-04-25T22:08:11.285+0000] {cursor.py:1041} INFO - query execution done
[2025-04-25T22:08:11.291+0000] {cursor.py:1028} INFO - query: [MERGE INTO MBTA_VEHICLES AS target USING (SELECT 'y3154', '111', 42.37179788, -7...]
[2025-04-25T22:08:12.835+0000] {cursor.py:1041} INFO - query execution done
[2025-04-25T22:08:12.836+0000] {cursor.py:1028} INFO - query: [MERGE INTO MBTA_VEHICLES AS target USING (SELECT 'y1747', '22', 42.322696, -71.0...]
[2025-04-25T22:08:14.371+0000] {cursor.py:1041} INFO - query execution done
[2025-04-25T22:08:14.371+0000] {cursor.py:1028} INFO - query: [MERGE INTO MBTA_VEHICLES AS target USING (SELECT 'y1823', '708', 42.33331137, -7...]
[2025-04-25T22:08:15.621+0000] {cursor.py:1041} INFO - query execution done
[2025-04-25T22:08:15.624+0000] {cursor.py:1028} INFO - query: [MERGE INTO MBTA_VEHICLES AS target USING (SELECT 'y3206', '554', 42.38390395, -7...]
[2025-04-25T22:08:17.060+0000] {cursor.py:1041} INFO - query execution done
[2025-04-25T22:08:17.063+0000] {cursor.py:1028} INFO - query: [MERGE INTO MBTA_VEHICLES AS target USING (SELECT 'y2026', '73', 42.37517, -71.15...]
[2025-04-25T22:08:18.427+0000] {cursor.py:1041} INFO - query execution done
[2025-04-25T22:08:18.428+0000] {cursor.py:1028} INFO - query: [MERGE INTO MBTA_VEHICLES AS target USING (SELECT 'G-10125', 'Green-C', 42.35614,...]
[2025-04-25T22:08:19.692+0000] {cursor.py:1041} INFO - query execution done
[2025-04-25T22:08:19.694+0000] {cursor.py:1028} INFO - query: [MERGE INTO MBTA_VEHICLES AS target USING (SELECT 'y1989', '88', 42.37974, -71.08...]
[2025-04-25T22:08:21.044+0000] {cursor.py:1041} INFO - query execution done
[2025-04-25T22:08:21.045+0000] {cursor.py:1028} INFO - query: [MERGE INTO MBTA_VEHICLES AS target USING (SELECT 'G-10163', 'Green-D', 42.32421,...]
[2025-04-25T22:08:21.807+0000] {cursor.py:1041} INFO - query execution done
[2025-04-25T22:08:21.810+0000] {cursor.py:1028} INFO - query: [MERGE INTO MBTA_VEHICLES AS target USING (SELECT 'y1716', '34E', 42.24829299, -7...]
[2025-04-25T22:08:23.832+0000] {cursor.py:1041} INFO - query execution done
[2025-04-25T22:08:23.834+0000] {cursor.py:1028} INFO - query: [MERGE INTO MBTA_VEHICLES AS target USING (SELECT 'y1223', '28', 42.32657746, -71...]
[2025-04-25T22:08:25.347+0000] {cursor.py:1041} INFO - query execution done
[2025-04-25T22:08:25.350+0000] {cursor.py:1028} INFO - query: [MERGE INTO MBTA_VEHICLES AS target USING (SELECT 'ynk225', 'Shuttle-Generic', 42...]
[2025-04-25T22:08:26.667+0000] {cursor.py:1041} INFO - query execution done
[2025-04-25T22:08:26.668+0000] {cursor.py:1028} INFO - query: [MERGE INTO MBTA_VEHICLES AS target USING (SELECT 'ynk225', 'Shuttle-Generic', 42...]
[2025-04-25T22:08:28.051+0000] {cursor.py:1041} INFO - query execution done
[2025-04-25T22:08:28.053+0000] {cursor.py:1028} INFO - query: [MERGE INTO MBTA_VEHICLES AS target USING (SELECT 'ynk225', 'Shuttle-Generic', 42...]
[2025-04-25T22:08:29.435+0000] {cursor.py:1041} INFO - query execution done
[2025-04-25T22:08:29.436+0000] {cursor.py:1028} INFO - query: [MERGE INTO MBTA_VEHICLES AS target USING (SELECT 'ynk225', 'Shuttle-Generic', 42...]
[2025-04-25T22:08:31.424+0000] {cursor.py:1041} INFO - query execution done
[2025-04-25T22:08:31.428+0000] {cursor.py:1028} INFO - query: [MERGE INTO MBTA_VEHICLES AS target USING (SELECT 'ynk225', 'Shuttle-Generic', 42...]
[2025-04-25T22:08:32.713+0000] {cursor.py:1041} INFO - query execution done
[2025-04-25T22:08:32.714+0000] {cursor.py:1028} INFO - query: [MERGE INTO MBTA_VEHICLES AS target USING (SELECT 'ynk225', 'Shuttle-Generic', 42...]
[2025-04-25T22:08:34.536+0000] {cursor.py:1041} INFO - query execution done
[2025-04-25T22:08:34.537+0000] {cursor.py:1028} INFO - query: [MERGE INTO MBTA_VEHICLES AS target USING (SELECT 'ynk225', 'Shuttle-Generic', 42...]
[2025-04-25T22:08:36.660+0000] {cursor.py:1041} INFO - query execution done
[2025-04-25T22:08:36.661+0000] {cursor.py:1028} INFO - query: [MERGE INTO MBTA_VEHICLES AS target USING (SELECT 'ynk225', 'Shuttle-Generic', 42...]
[2025-04-25T22:08:39.008+0000] {cursor.py:1041} INFO - query execution done
[2025-04-25T22:08:39.011+0000] {cursor.py:1028} INFO - query: [MERGE INTO MBTA_VEHICLES AS target USING (SELECT 'ynk225', 'Shuttle-Generic', 42...]
[2025-04-25T22:08:40.295+0000] {cursor.py:1041} INFO - query execution done
[2025-04-25T22:08:40.297+0000] {cursor.py:1028} INFO - query: [MERGE INTO MBTA_VEHICLES AS target USING (SELECT 'ynk225', 'Shuttle-Generic', 42...]
[2025-04-25T22:08:41.690+0000] {cursor.py:1041} INFO - query execution done
[2025-04-25T22:08:41.692+0000] {cursor.py:1028} INFO - query: [MERGE INTO MBTA_VEHICLES AS target USING (SELECT 'ynk225', 'Shuttle-Generic', 42...]
[2025-04-25T22:08:43.749+0000] {cursor.py:1041} INFO - query execution done
[2025-04-25T22:08:43.763+0000] {cursor.py:1028} INFO - query: [MERGE INTO MBTA_VEHICLES AS target USING (SELECT 'ynk225', 'Shuttle-Generic', 42...]
[2025-04-25T22:08:45.026+0000] {cursor.py:1041} INFO - query execution done
[2025-04-25T22:08:45.028+0000] {cursor.py:1028} INFO - query: [MERGE INTO MBTA_VEHICLES AS target USING (SELECT 'ynk225', 'Shuttle-Generic', 42...]
[2025-04-25T22:08:46.265+0000] {cursor.py:1041} INFO - query execution done
[2025-04-25T22:08:46.266+0000] {cursor.py:1028} INFO - query: [MERGE INTO MBTA_VEHICLES AS target USING (SELECT 'ynk225', 'Shuttle-Generic', 42...]
[2025-04-25T22:08:47.523+0000] {cursor.py:1041} INFO - query execution done
[2025-04-25T22:08:47.525+0000] {cursor.py:1028} INFO - query: [MERGE INTO MBTA_VEHICLES AS target USING (SELECT 'ynk225', 'Shuttle-Generic', 42...]
[2025-04-25T22:08:48.819+0000] {cursor.py:1041} INFO - query execution done
[2025-04-25T22:08:48.821+0000] {cursor.py:1028} INFO - query: [MERGE INTO MBTA_VEHICLES AS target USING (SELECT 'ynk225', 'Shuttle-Generic', 42...]
[2025-04-25T22:08:50.285+0000] {cursor.py:1041} INFO - query execution done
[2025-04-25T22:08:50.286+0000] {cursor.py:1028} INFO - query: [MERGE INTO MBTA_VEHICLES AS target USING (SELECT 'ynk225', 'Shuttle-Generic', 42...]
[2025-04-25T22:08:51.876+0000] {cursor.py:1041} INFO - query execution done
[2025-04-25T22:08:51.877+0000] {cursor.py:1028} INFO - query: [MERGE INTO MBTA_VEHICLES AS target USING (SELECT 'ynk225', 'Shuttle-Generic', 42...]
[2025-04-25T22:08:53.207+0000] {cursor.py:1041} INFO - query execution done
[2025-04-25T22:08:53.210+0000] {cursor.py:1028} INFO - query: [MERGE INTO MBTA_VEHICLES AS target USING (SELECT 'y3305', '450', 42.458874039, -...]
[2025-04-25T22:08:54.355+0000] {cursor.py:1041} INFO - query execution done
[2025-04-25T22:08:54.355+0000] {cursor.py:1028} INFO - query: [MERGE INTO MBTA_VEHICLES AS target USING (SELECT 'y1732', '501', 42.34626, -71.1...]
[2025-04-25T22:08:55.444+0000] {cursor.py:1041} INFO - query execution done
[2025-04-25T22:08:55.447+0000] {cursor.py:1028} INFO - query: [MERGE INTO MBTA_VEHICLES AS target USING (SELECT 'O-5482BA46', 'Orange', 42.4045...]
[2025-04-25T22:08:56.718+0000] {cursor.py:1041} INFO - query execution done
[2025-04-25T22:08:56.719+0000] {cursor.py:1028} INFO - query: [MERGE INTO MBTA_VEHICLES AS target USING (SELECT 'ynk237', 'Shuttle-Generic', 42...]
[2025-04-25T22:08:57.983+0000] {cursor.py:1041} INFO - query execution done
[2025-04-25T22:08:57.986+0000] {cursor.py:1028} INFO - query: [MERGE INTO MBTA_VEHICLES AS target USING (SELECT 'y1834', '7', 42.34907, -71.047...]
[2025-04-25T22:08:59.294+0000] {cursor.py:1041} INFO - query execution done
[2025-04-25T22:08:59.303+0000] {cursor.py:1028} INFO - query: [MERGE INTO MBTA_VEHICLES AS target USING (SELECT 'y0767', '210', 42.27004288, -7...]
[2025-04-25T22:09:00.270+0000] {cursor.py:1041} INFO - query execution done
[2025-04-25T22:09:00.271+0000] {cursor.py:1028} INFO - query: [MERGE INTO MBTA_VEHICLES AS target USING (SELECT 'G-10278', 'Green-B', 42.3482, ...]
[2025-04-25T22:09:01.476+0000] {cursor.py:1041} INFO - query execution done
[2025-04-25T22:09:01.477+0000] {cursor.py:1028} INFO - query: [MERGE INTO MBTA_VEHICLES AS target USING (SELECT 'y3346', '120', 42.37504222, -7...]
[2025-04-25T22:09:02.530+0000] {cursor.py:1041} INFO - query execution done
[2025-04-25T22:09:02.532+0000] {cursor.py:1028} INFO - query: [MERGE INTO MBTA_VEHICLES AS target USING (SELECT 'y3337', '116', 42.41352, -70.9...]
[2025-04-25T22:09:03.692+0000] {cursor.py:1041} INFO - query execution done
[2025-04-25T22:09:03.693+0000] {cursor.py:1028} INFO - query: [MERGE INTO MBTA_VEHICLES AS target USING (SELECT 'ynk258', 'Shuttle-Generic', 42...]
[2025-04-25T22:09:05.043+0000] {cursor.py:1041} INFO - query execution done
[2025-04-25T22:09:05.044+0000] {cursor.py:1028} INFO - query: [MERGE INTO MBTA_VEHICLES AS target USING (SELECT 'y2047', '64', 42.35535422, -71...]
[2025-04-25T22:09:07.495+0000] {cursor.py:1041} INFO - query execution done
[2025-04-25T22:09:07.497+0000] {cursor.py:1028} INFO - query: [MERGE INTO MBTA_VEHICLES AS target USING (SELECT 'y1419', '436', 42.55213, -70.9...]
[2025-04-25T22:09:08.728+0000] {cursor.py:1041} INFO - query execution done
[2025-04-25T22:09:08.732+0000] {cursor.py:1028} INFO - query: [MERGE INTO MBTA_VEHICLES AS target USING (SELECT 'y3357', '436', 42.47658, -70.9...]
[2025-04-25T22:09:09.926+0000] {cursor.py:1041} INFO - query execution done
[2025-04-25T22:09:09.930+0000] {cursor.py:1028} INFO - query: [MERGE INTO MBTA_VEHICLES AS target USING (SELECT 'y1720', '504', 42.35732, -71.1...]
[2025-04-25T22:09:11.053+0000] {cursor.py:1041} INFO - query execution done
[2025-04-25T22:09:11.054+0000] {cursor.py:1028} INFO - query: [MERGE INTO MBTA_VEHICLES AS target USING (SELECT 'y1443', '354', 42.488230639, -...]
[2025-04-25T22:09:12.284+0000] {cursor.py:1041} INFO - query execution done
[2025-04-25T22:09:12.286+0000] {cursor.py:1028} INFO - query: [MERGE INTO MBTA_VEHICLES AS target USING (SELECT 'y1681', '32', 42.252914959, -7...]
[2025-04-25T22:09:13.489+0000] {cursor.py:1041} INFO - query execution done
[2025-04-25T22:09:13.497+0000] {cursor.py:1028} INFO - query: [MERGE INTO MBTA_VEHICLES AS target USING (SELECT 'y1925', '351', 42.48798, -71.2...]
[2025-04-25T22:09:14.920+0000] {cursor.py:1041} INFO - query execution done
[2025-04-25T22:09:14.922+0000] {cursor.py:1028} INFO - query: [MERGE INTO MBTA_VEHICLES AS target USING (SELECT 'G-10295', 'Green-D', 42.37319,...]
[2025-04-25T22:09:16.084+0000] {cursor.py:1041} INFO - query execution done
[2025-04-25T22:09:16.085+0000] {cursor.py:1028} INFO - query: [MERGE INTO MBTA_VEHICLES AS target USING (SELECT 'y0878', '354', 42.39682046, -7...]
[2025-04-25T22:09:17.332+0000] {cursor.py:1041} INFO - query execution done
[2025-04-25T22:09:17.333+0000] {cursor.py:1028} INFO - query: [MERGE INTO MBTA_VEHICLES AS target USING (SELECT 'G-10307', 'Green-D', 42.34881,...]
[2025-04-25T22:09:18.526+0000] {cursor.py:1041} INFO - query execution done
[2025-04-25T22:09:18.526+0000] {cursor.py:1028} INFO - query: [MERGE INTO MBTA_VEHICLES AS target USING (SELECT '1839', 'CR-Worcester', 42.2496...]
[2025-04-25T22:09:19.751+0000] {cursor.py:1041} INFO - query execution done
[2025-04-25T22:09:19.754+0000] {cursor.py:1028} INFO - query: [MERGE INTO MBTA_VEHICLES AS target USING (SELECT 'y1736', '60', 42.32665555, -71...]
[2025-04-25T22:09:21.139+0000] {cursor.py:1041} INFO - query execution done
[2025-04-25T22:09:21.141+0000] {cursor.py:1028} INFO - query: [MERGE INTO MBTA_VEHICLES AS target USING (SELECT 'G-10280', 'Green-E', 42.37131,...]
[2025-04-25T22:09:22.387+0000] {cursor.py:1041} INFO - query execution done
[2025-04-25T22:09:22.389+0000] {cursor.py:1028} INFO - query: [MERGE INTO MBTA_VEHICLES AS target USING (SELECT 'y1222', '28', 42.30845491, -71...]
[2025-04-25T22:09:23.635+0000] {cursor.py:1041} INFO - query execution done
[2025-04-25T22:09:23.636+0000] {cursor.py:1028} INFO - query: [MERGE INTO MBTA_VEHICLES AS target USING (SELECT 'y3004', '713', 42.38217474, -7...]
[2025-04-25T22:09:25.027+0000] {cursor.py:1041} INFO - query execution done
[2025-04-25T22:09:25.041+0000] {cursor.py:1028} INFO - query: [MERGE INTO MBTA_VEHICLES AS target USING (SELECT 'y1885', '8', 42.33200159, -71....]
[2025-04-25T22:09:26.160+0000] {cursor.py:1041} INFO - query execution done
[2025-04-25T22:09:26.162+0000] {cursor.py:1028} INFO - query: [MERGE INTO MBTA_VEHICLES AS target USING (SELECT 'y3001', '712', 42.38680585, -7...]
[2025-04-25T22:09:27.321+0000] {cursor.py:1041} INFO - query execution done
[2025-04-25T22:09:27.322+0000] {cursor.py:1028} INFO - query: [MERGE INTO MBTA_VEHICLES AS target USING (SELECT 'ynk252', 'Shuttle-Generic', 42...]
[2025-04-25T22:09:28.489+0000] {cursor.py:1041} INFO - query execution done
[2025-04-25T22:09:28.490+0000] {cursor.py:1028} INFO - query: [MERGE INTO MBTA_VEHICLES AS target USING (SELECT 'y3121', '96', 42.382217359, -7...]
[2025-04-25T22:09:29.626+0000] {cursor.py:1041} INFO - query execution done
[2025-04-25T22:09:29.627+0000] {cursor.py:1028} INFO - query: [MERGE INTO MBTA_VEHICLES AS target USING (SELECT 'y1858', '16', 42.300409629, -7...]
[2025-04-25T22:09:30.820+0000] {cursor.py:1041} INFO - query execution done
[2025-04-25T22:09:30.823+0000] {cursor.py:1028} INFO - query: [MERGE INTO MBTA_VEHICLES AS target USING (SELECT 'y3267', '501', 42.35218133, -7...]
[2025-04-25T22:09:31.995+0000] {cursor.py:1041} INFO - query execution done
[2025-04-25T22:09:31.997+0000] {cursor.py:1028} INFO - query: [MERGE INTO MBTA_VEHICLES AS target USING (SELECT 'G-10106', 'Mattapan', 42.26802...]
[2025-04-25T22:09:34.293+0000] {cursor.py:1041} INFO - query execution done
[2025-04-25T22:09:34.434+0000] {cursor.py:1028} INFO - query: [MERGE INTO MBTA_VEHICLES AS target USING (SELECT 'y0836', '222', 42.24621734, -7...]
[2025-04-25T22:09:35.404+0000] {cursor.py:1041} INFO - query execution done
[2025-04-25T22:09:35.405+0000] {cursor.py:1028} INFO - query: [MERGE INTO MBTA_VEHICLES AS target USING (SELECT 'O-5482AAB0', 'Orange', 42.3476...]
[2025-04-25T22:09:36.717+0000] {cursor.py:1041} INFO - query execution done
[2025-04-25T22:09:36.717+0000] {cursor.py:1028} INFO - query: [MERGE INTO MBTA_VEHICLES AS target USING (SELECT 'G-10079', 'Green-B', 42.33843,...]
[2025-04-25T22:09:37.806+0000] {cursor.py:1041} INFO - query execution done
[2025-04-25T22:09:37.807+0000] {cursor.py:1028} INFO - query: [MERGE INTO MBTA_VEHICLES AS target USING (SELECT 'y1677', '32', 42.29250986, -71...]
[2025-04-25T22:09:39.043+0000] {cursor.py:1041} INFO - query execution done
[2025-04-25T22:09:39.044+0000] {cursor.py:1028} INFO - query: [MERGE INTO MBTA_VEHICLES AS target USING (SELECT 'y2017', '83', 42.37816011, -71...]
[2025-04-25T22:09:40.285+0000] {cursor.py:1041} INFO - query execution done
[2025-04-25T22:09:40.288+0000] {cursor.py:1028} INFO - query: [MERGE INTO MBTA_VEHICLES AS target USING (SELECT 'y1319', '743', 42.38868, -71.0...]
[2025-04-25T22:09:41.501+0000] {cursor.py:1041} INFO - query execution done
[2025-04-25T22:09:41.501+0000] {cursor.py:1028} INFO - query: [MERGE INTO MBTA_VEHICLES AS target USING (SELECT 'y0785', '211', 42.25201792, -7...]
[2025-04-25T22:09:42.921+0000] {cursor.py:1041} INFO - query execution done
[2025-04-25T22:09:42.923+0000] {cursor.py:1028} INFO - query: [MERGE INTO MBTA_VEHICLES AS target USING (SELECT 'y1790', '44', 42.3282418, -71....]
[2025-04-25T22:09:44.080+0000] {cursor.py:1041} INFO - query execution done
[2025-04-25T22:09:44.082+0000] {cursor.py:1028} INFO - query: [MERGE INTO MBTA_VEHICLES AS target USING (SELECT 'O-5482B7BB', 'Orange', 42.3588...]
[2025-04-25T22:09:45.367+0000] {cursor.py:1041} INFO - query execution done
[2025-04-25T22:09:45.370+0000] {cursor.py:1028} INFO - query: [MERGE INTO MBTA_VEHICLES AS target USING (SELECT 'y1965', '77', 42.39544, -71.12...]
[2025-04-25T22:09:46.635+0000] {cursor.py:1041} INFO - query execution done
[2025-04-25T22:09:46.636+0000] {cursor.py:1028} INFO - query: [MERGE INTO MBTA_VEHICLES AS target USING (SELECT 'y1616', '32', 42.272, -71.1202...]
[2025-04-25T22:09:47.953+0000] {cursor.py:1041} INFO - query execution done
[2025-04-25T22:09:47.955+0000] {cursor.py:1028} INFO - query: [MERGE INTO MBTA_VEHICLES AS target USING (SELECT 'y3245', '44', 42.33605, -71.08...]
[2025-04-25T22:09:49.231+0000] {cursor.py:1041} INFO - query execution done
[2025-04-25T22:09:49.232+0000] {cursor.py:1028} INFO - query: [MERGE INTO MBTA_VEHICLES AS target USING (SELECT 'y1437', '116', 42.39089828, -7...]
[2025-04-25T22:09:50.445+0000] {cursor.py:1041} INFO - query execution done
[2025-04-25T22:09:50.447+0000] {cursor.py:1028} INFO - query: [MERGE INTO MBTA_VEHICLES AS target USING (SELECT 'y1915', '1', 42.33232, -71.081...]
[2025-04-25T22:09:53.532+0000] {cursor.py:1041} INFO - query execution done
[2025-04-25T22:09:53.532+0000] {cursor.py:1028} INFO - query: [MERGE INTO MBTA_VEHICLES AS target USING (SELECT 'y3344', '441', 42.462171859, -...]
[2025-04-25T22:09:55.994+0000] {cursor.py:1041} INFO - query execution done
[2025-04-25T22:09:55.996+0000] {cursor.py:1028} INFO - query: [MERGE INTO MBTA_VEHICLES AS target USING (SELECT 'y0789', '216', 42.251436269, -...]
[2025-04-25T22:09:57.094+0000] {cursor.py:1041} INFO - query execution done
[2025-04-25T22:09:57.094+0000] {cursor.py:1028} INFO - query: [MERGE INTO MBTA_VEHICLES AS target USING (SELECT 'O-5482B2D7', 'Orange', 42.3588...]
[2025-04-25T22:09:58.272+0000] {cursor.py:1041} INFO - query execution done
[2025-04-25T22:09:58.273+0000] {cursor.py:1028} INFO - query: [MERGE INTO MBTA_VEHICLES AS target USING (SELECT '1809', 'CR-Kingston', 42.32098...]
[2025-04-25T22:09:59.482+0000] {cursor.py:1041} INFO - query execution done
[2025-04-25T22:09:59.483+0000] {cursor.py:1028} INFO - query: [MERGE INTO MBTA_VEHICLES AS target USING (SELECT 'y1907', '16', 42.32864646, -71...]
[2025-04-25T22:10:01.437+0000] {cursor.py:1041} INFO - query execution done
[2025-04-25T22:10:01.441+0000] {cursor.py:1028} INFO - query: [MERGE INTO MBTA_VEHICLES AS target USING (SELECT 'y2083', '87', 42.37224, -71.07...]
[2025-04-25T22:10:02.897+0000] {cursor.py:1041} INFO - query execution done
[2025-04-25T22:10:02.902+0000] {cursor.py:1028} INFO - query: [MERGE INTO MBTA_VEHICLES AS target USING (SELECT 'y3233', '60', 42.34893, -71.09...]
[2025-04-25T22:10:04.414+0000] {cursor.py:1041} INFO - query execution done
[2025-04-25T22:10:04.433+0000] {cursor.py:1028} INFO - query: [MERGE INTO MBTA_VEHICLES AS target USING (SELECT 'y3137', '86', 42.36199, -71.14...]
[2025-04-25T22:10:05.695+0000] {cursor.py:1041} INFO - query execution done
[2025-04-25T22:10:05.699+0000] {cursor.py:1028} INFO - query: [MERGE INTO MBTA_VEHICLES AS target USING (SELECT 'G-10319', 'Green-E', 42.35986,...]
[2025-04-25T22:10:07.005+0000] {cursor.py:1041} INFO - query execution done
[2025-04-25T22:10:07.007+0000] {cursor.py:1028} INFO - query: [MERGE INTO MBTA_VEHICLES AS target USING (SELECT 'y3325', '116', 42.39843084, -7...]
[2025-04-25T22:10:08.274+0000] {cursor.py:1041} INFO - query execution done
[2025-04-25T22:10:08.286+0000] {cursor.py:1028} INFO - query: [MERGE INTO MBTA_VEHICLES AS target USING (SELECT 'y1881', '22', 42.29038925, -71...]
[2025-04-25T22:10:09.683+0000] {cursor.py:1041} INFO - query execution done
[2025-04-25T22:10:09.748+0000] {cursor.py:1028} INFO - query: [MERGE INTO MBTA_VEHICLES AS target USING (SELECT 'y1932', '111', 42.36241568, -7...]
[2025-04-25T22:10:10.931+0000] {cursor.py:1041} INFO - query execution done
[2025-04-25T22:10:10.936+0000] {cursor.py:1028} INFO - query: [MERGE INTO MBTA_VEHICLES AS target USING (SELECT 'y3351', '436', 42.47740535, -7...]
[2025-04-25T22:10:12.230+0000] {cursor.py:1041} INFO - query execution done
[2025-04-25T22:10:12.241+0000] {cursor.py:1028} INFO - query: [MERGE INTO MBTA_VEHICLES AS target USING (SELECT 'O-5482B7C9', 'Orange', 42.3714...]
[2025-04-25T22:10:13.397+0000] {cursor.py:1041} INFO - query execution done
[2025-04-25T22:10:13.401+0000] {cursor.py:1028} INFO - query: [MERGE INTO MBTA_VEHICLES AS target USING (SELECT 'G-10302', 'Green-D', 42.33723,...]
[2025-04-25T22:10:14.623+0000] {cursor.py:1041} INFO - query execution done
[2025-04-25T22:10:14.632+0000] {cursor.py:1028} INFO - query: [MERGE INTO MBTA_VEHICLES AS target USING (SELECT 'y1660', '30', 42.28896, -71.12...]
[2025-04-25T22:10:16.264+0000] {cursor.py:1041} INFO - query execution done
[2025-04-25T22:10:16.269+0000] {cursor.py:1028} INFO - query: [MERGE INTO MBTA_VEHICLES AS target USING (SELECT 'y1706', '24', 42.26970097, -71...]
[2025-04-25T22:10:17.518+0000] {cursor.py:1041} INFO - query execution done
[2025-04-25T22:10:17.546+0000] {cursor.py:1028} INFO - query: [MERGE INTO MBTA_VEHICLES AS target USING (SELECT 'y3269', '65', 42.33833268, -71...]
[2025-04-25T22:10:18.833+0000] {cursor.py:1041} INFO - query execution done
[2025-04-25T22:10:18.879+0000] {cursor.py:1028} INFO - query: [MERGE INTO MBTA_VEHICLES AS target USING (SELECT 'y1775', '708', 42.33794275, -7...]
[2025-04-25T22:10:20.633+0000] {cursor.py:1041} INFO - query execution done
[2025-04-25T22:10:20.662+0000] {cursor.py:1028} INFO - query: [MERGE INTO MBTA_VEHICLES AS target USING (SELECT 'y3262', '22', 42.30327, -71.08...]
[2025-04-25T22:10:22.075+0000] {cursor.py:1041} INFO - query execution done
[2025-04-25T22:10:22.486+0000] {cursor.py:1028} INFO - query: [MERGE INTO MBTA_VEHICLES AS target USING (SELECT 'y1281', '749', 42.340945769, -...]
[2025-04-25T22:10:25.622+0000] {cursor.py:1041} INFO - query execution done
[2025-04-25T22:10:26.028+0000] {cursor.py:1028} INFO - query: [MERGE INTO MBTA_VEHICLES AS target USING (SELECT 'G-10312', 'Green-D', 42.32988,...]
[2025-04-25T22:10:26.692+0000] {cursor.py:1041} INFO - query execution done
[2025-04-25T22:10:26.704+0000] {cursor.py:1028} INFO - query: [MERGE INTO MBTA_VEHICLES AS target USING (SELECT 'y3255', '57', 42.34912, -71.15...]
[2025-04-25T22:10:27.832+0000] {cursor.py:1041} INFO - query execution done
[2025-04-25T22:10:27.845+0000] {cursor.py:1028} INFO - query: [MERGE INTO MBTA_VEHICLES AS target USING (SELECT 'y1978', '111', 42.40532797, -7...]
[2025-04-25T22:10:28.982+0000] {cursor.py:1041} INFO - query execution done
[2025-04-25T22:10:28.984+0000] {cursor.py:1028} INFO - query: [MERGE INTO MBTA_VEHICLES AS target USING (SELECT 'y1964', '75', 42.3956, -71.174...]
[2025-04-25T22:10:30.263+0000] {cursor.py:1041} INFO - query execution done
[2025-04-25T22:10:30.270+0000] {cursor.py:1028} INFO - query: [MERGE INTO MBTA_VEHICLES AS target USING (SELECT 'G-10091', 'Green-D', 42.37116,...]
[2025-04-25T22:10:31.453+0000] {cursor.py:1041} INFO - query execution done
[2025-04-25T22:10:31.459+0000] {cursor.py:1028} INFO - query: [MERGE INTO MBTA_VEHICLES AS target USING (SELECT 'y3308', '424', 42.46684, -70.9...]
[2025-04-25T22:10:32.572+0000] {cursor.py:1041} INFO - query execution done
[2025-04-25T22:10:32.573+0000] {cursor.py:1028} INFO - query: [MERGE INTO MBTA_VEHICLES AS target USING (SELECT 'y1855', '15', 42.325081849, -7...]
[2025-04-25T22:10:33.785+0000] {cursor.py:1041} INFO - query execution done
[2025-04-25T22:10:33.787+0000] {cursor.py:1028} INFO - query: [MERGE INTO MBTA_VEHICLES AS target USING (SELECT 'ynk236', 'Shuttle-Generic', 42...]
[2025-04-25T22:10:35.037+0000] {cursor.py:1041} INFO - query execution done
[2025-04-25T22:10:35.038+0000] {cursor.py:1028} INFO - query: [MERGE INTO MBTA_VEHICLES AS target USING (SELECT 'y2095', '78', 42.38720441, -71...]
[2025-04-25T22:10:36.274+0000] {cursor.py:1041} INFO - query execution done
[2025-04-25T22:10:36.275+0000] {cursor.py:1028} INFO - query: [MERGE INTO MBTA_VEHICLES AS target USING (SELECT 'y3201', '66', 42.3319, -71.112...]
[2025-04-25T22:10:38.026+0000] {cursor.py:1041} INFO - query execution done
[2025-04-25T22:10:38.030+0000] {cursor.py:1028} INFO - query: [MERGE INTO MBTA_VEHICLES AS target USING (SELECT '1849', 'CR-Franklin', 42.25598...]
[2025-04-25T22:10:39.195+0000] {cursor.py:1041} INFO - query execution done
[2025-04-25T22:10:39.198+0000] {cursor.py:1028} INFO - query: [MERGE INTO MBTA_VEHICLES AS target USING (SELECT 'ynk253', 'Shuttle-Generic', 42...]
[2025-04-25T22:10:40.444+0000] {cursor.py:1041} INFO - query execution done
[2025-04-25T22:10:40.444+0000] {cursor.py:1028} INFO - query: [MERGE INTO MBTA_VEHICLES AS target USING (SELECT 'G-10076', 'Green-D', 42.35929,...]
[2025-04-25T22:10:41.659+0000] {cursor.py:1041} INFO - query execution done
[2025-04-25T22:10:41.660+0000] {cursor.py:1028} INFO - query: [MERGE INTO MBTA_VEHICLES AS target USING (SELECT 'y1628', '34', 42.26227787, -71...]
[2025-04-25T22:10:42.912+0000] {cursor.py:1041} INFO - query execution done
[2025-04-25T22:10:42.918+0000] {cursor.py:1028} INFO - query: [MERGE INTO MBTA_VEHICLES AS target USING (SELECT 'y2014', '109', 42.37292, -71.1...]
[2025-04-25T22:10:44.557+0000] {cursor.py:1041} INFO - query execution done
[2025-04-25T22:10:44.558+0000] {cursor.py:1028} INFO - query: [MERGE INTO MBTA_VEHICLES AS target USING (SELECT '1836', 'CR-Franklin', 42.16169...]
[2025-04-25T22:10:46.026+0000] {cursor.py:1041} INFO - query execution done
[2025-04-25T22:10:46.026+0000] {cursor.py:1028} INFO - query: [MERGE INTO MBTA_VEHICLES AS target USING (SELECT 'R-5482B9A4', 'Red', 42.38416, ...]
[2025-04-25T22:10:47.236+0000] {cursor.py:1041} INFO - query execution done
[2025-04-25T22:10:47.240+0000] {cursor.py:1028} INFO - query: [MERGE INTO MBTA_VEHICLES AS target USING (SELECT 'G-10087', 'Green-D', 42.36238,...]
[2025-04-25T22:10:48.576+0000] {cursor.py:1041} INFO - query execution done
[2025-04-25T22:10:48.578+0000] {cursor.py:1028} INFO - query: [MERGE INTO MBTA_VEHICLES AS target USING (SELECT 'G-10164', 'Green-D', 42.32571,...]
[2025-04-25T22:10:49.850+0000] {cursor.py:1041} INFO - query execution done
[2025-04-25T22:10:49.851+0000] {cursor.py:1028} INFO - query: [MERGE INTO MBTA_VEHICLES AS target USING (SELECT 'y0852', '96', 42.4156954, -71....]
[2025-04-25T22:10:51.592+0000] {cursor.py:1041} INFO - query execution done
[2025-04-25T22:10:51.594+0000] {cursor.py:1028} INFO - query: [MERGE INTO MBTA_VEHICLES AS target USING (SELECT 'G-10104', 'Green-E', 42.33169,...]
[2025-04-25T22:10:52.966+0000] {cursor.py:1041} INFO - query execution done
[2025-04-25T22:10:52.976+0000] {cursor.py:1028} INFO - query: [MERGE INTO MBTA_VEHICLES AS target USING (SELECT 'y3211', '556', 42.35175, -71.2...]
[2025-04-25T22:10:54.583+0000] {cursor.py:1041} INFO - query execution done
[2025-04-25T22:10:54.585+0000] {cursor.py:1028} INFO - query: [MERGE INTO MBTA_VEHICLES AS target USING (SELECT 'ynk256', 'Shuttle-Generic', 42...]
[2025-04-25T22:10:55.948+0000] {cursor.py:1041} INFO - query execution done
[2025-04-25T22:10:55.952+0000] {cursor.py:1028} INFO - query: [MERGE INTO MBTA_VEHICLES AS target USING (SELECT 'y1650', '51', 42.332977449, -7...]
[2025-04-25T22:10:57.939+0000] {cursor.py:1041} INFO - query execution done
[2025-04-25T22:10:57.942+0000] {cursor.py:1028} INFO - query: [MERGE INTO MBTA_VEHICLES AS target USING (SELECT 'y3303', '435', 42.46418, -70.9...]
[2025-04-25T22:10:59.652+0000] {cursor.py:1041} INFO - query execution done
[2025-04-25T22:10:59.656+0000] {cursor.py:1028} INFO - query: [MERGE INTO MBTA_VEHICLES AS target USING (SELECT 'B-5482BA7C', 'Blue', 42.40269,...]
[2025-04-25T22:11:01.035+0000] {cursor.py:1041} INFO - query execution done
[2025-04-25T22:11:01.036+0000] {cursor.py:1028} INFO - query: [MERGE INTO MBTA_VEHICLES AS target USING (SELECT 'y1903', '47', 42.33244371, -71...]
[2025-04-25T22:11:02.966+0000] {cursor.py:1041} INFO - query execution done
[2025-04-25T22:11:02.969+0000] {cursor.py:1028} INFO - query: [MERGE INTO MBTA_VEHICLES AS target USING (SELECT 'y1763', '504', 42.35168393, -7...]
[2025-04-25T22:11:04.295+0000] {cursor.py:1041} INFO - query execution done
[2025-04-25T22:11:04.297+0000] {cursor.py:1028} INFO - query: [MERGE INTO MBTA_VEHICLES AS target USING (SELECT '1707', 'CR-Fitchburg', 42.3878...]
[2025-04-25T22:11:05.761+0000] {cursor.py:1041} INFO - query execution done
[2025-04-25T22:11:05.765+0000] {cursor.py:1028} INFO - query: [MERGE INTO MBTA_VEHICLES AS target USING (SELECT 'y1446', '110', 42.41315473, -7...]
[2025-04-25T22:11:07.240+0000] {cursor.py:1041} INFO - query execution done
[2025-04-25T22:11:07.242+0000] {cursor.py:1028} INFO - query: [MERGE INTO MBTA_VEHICLES AS target USING (SELECT 'y0760', '210', 42.27249143, -7...]
[2025-04-25T22:11:08.136+0000] {cursor.py:1041} INFO - query execution done
[2025-04-25T22:11:08.139+0000] {cursor.py:1028} INFO - query: [MERGE INTO MBTA_VEHICLES AS target USING (SELECT 'y3224', '57', 42.3489, -71.096...]
[2025-04-25T22:11:08.913+0000] {cursor.py:1041} INFO - query execution done
[2025-04-25T22:11:08.918+0000] {cursor.py:1028} INFO - query: [MERGE INTO MBTA_VEHICLES AS target USING (SELECT 'y3248', '4', 42.36637, -71.059...]
[2025-04-25T22:11:09.873+0000] {cursor.py:1041} INFO - query execution done
[2025-04-25T22:11:09.875+0000] {cursor.py:1028} INFO - query: [MERGE INTO MBTA_VEHICLES AS target USING (SELECT 'y1302', '742', 42.34535, -71.0...]
[2025-04-25T22:11:10.674+0000] {cursor.py:1041} INFO - query execution done
[2025-04-25T22:11:10.677+0000] {cursor.py:1028} INFO - query: [MERGE INTO MBTA_VEHICLES AS target USING (SELECT 'O-5482B7D3', 'Orange', 42.3500...]
[2025-04-25T22:11:12.770+0000] {job.py:213} ERROR - Job heartbeat got an exception
Traceback (most recent call last):
  File "/home/airflow/.local/lib/python3.9/site-packages/sqlalchemy/engine/base.py", line 1910, in _execute_context
  File "/home/airflow/.local/lib/python3.9/site-packages/sqlalchemy/engin