[2025-04-22T21:17:50.387+0000] {taskinstance.py:1956} INFO - Dependencies all met for dep_context=non-requeueable deps ti=<TaskInstance: mbta_kafka_consumer_dag.run_kafka_consumer scheduled__2025-04-22T20:10:00+00:00 [queued]>
[2025-04-22T21:17:50.448+0000] {taskinstance.py:1956} INFO - Dependencies all met for dep_context=requeueable deps ti=<TaskInstance: mbta_kafka_consumer_dag.run_kafka_consumer scheduled__2025-04-22T20:10:00+00:00 [queued]>
[2025-04-22T21:17:50.449+0000] {taskinstance.py:2170} INFO - Starting attempt 2 of 2
[2025-04-22T21:17:50.509+0000] {taskinstance.py:2191} INFO - Executing <Task(PythonOperator): run_kafka_consumer> on 2025-04-22 20:10:00+00:00
[2025-04-22T21:17:50.516+0000] {standard_task_runner.py:60} INFO - Started process 233 to run task
[2025-04-22T21:17:50.525+0000] {standard_task_runner.py:87} INFO - Running: ['***', 'tasks', 'run', 'mbta_kafka_consumer_dag', 'run_kafka_consumer', 'scheduled__2025-04-22T20:10:00+00:00', '--job-id', '50', '--raw', '--subdir', 'DAGS_FOLDER/mbta_kafka_consumer_dag.py', '--cfg-path', '/tmp/tmpf2jrzb9d']
[2025-04-22T21:17:50.528+0000] {standard_task_runner.py:88} INFO - Job 50: Subtask run_kafka_consumer
[2025-04-22T21:17:50.572+0000] {logging_mixin.py:188} WARNING - /home/***/.local/lib/python3.9/site-packages/***/settings.py:194 DeprecationWarning: The sql_alchemy_conn option in [core] has been moved to the sql_alchemy_conn option in [database] - the old setting has been used, but please update your config.
[2025-04-22T21:17:50.658+0000] {task_command.py:423} INFO - Running <TaskInstance: mbta_kafka_consumer_dag.run_kafka_consumer scheduled__2025-04-22T20:10:00+00:00 [running]> on host 4c3d4191e7bb
[2025-04-22T21:17:50.818+0000] {taskinstance.py:2480} INFO - Exporting env vars: AIRFLOW_CTX_DAG_OWNER='***' AIRFLOW_CTX_DAG_ID='mbta_kafka_consumer_dag' AIRFLOW_CTX_TASK_ID='run_kafka_consumer' AIRFLOW_CTX_EXECUTION_DATE='2025-04-22T20:10:00+00:00' AIRFLOW_CTX_TRY_NUMBER='2' AIRFLOW_CTX_DAG_RUN_ID='scheduled__2025-04-22T20:10:00+00:00'
[2025-04-22T21:17:50.830+0000] {connection.py:370} INFO - Snowflake Connector for Python Version: 3.6.0, Python Version: 3.9.18, Platform: Linux-6.10.14-linuxkit-aarch64-with-glibc2.36
[2025-04-22T21:17:50.833+0000] {connection.py:1171} INFO - This connection is in OCSP Fail Open Mode. TLS Certificates would be checked for validity and revocation status. Any other Certificate Revocation related exceptions or OCSP Responder failures would be disregarded in favor of connectivity.
[2025-04-22T21:17:51.561+0000] {mbta_kafka_consumer.py:45} INFO - ✅ Connected to Snowflake successfully.
[2025-04-22T21:17:51.567+0000] {mbta_kafka_consumer.py:219} INFO - 🚀 Starting MBTA Kafka Consumer...
[2025-04-22T21:17:51.577+0000] {conn.py:395} INFO - <BrokerConnection client_id=kafka-python-2.1.5, node_id=bootstrap-0 host=kafka:9092 <connecting> [IPv4 ('172.19.0.4', 9092)]>: connecting to kafka:9092 [('172.19.0.4', 9092) IPv4]
[2025-04-22T21:17:51.993+0000] {conn.py:615} INFO - <BrokerConnection client_id=kafka-python-2.1.5, node_id=bootstrap-0 host=kafka:9092 <checking_api_versions_recv> [IPv4 ('172.19.0.4', 9092)]>: Broker version identified as 2.6
[2025-04-22T21:17:52.005+0000] {conn.py:456} INFO - <BrokerConnection client_id=kafka-python-2.1.5, node_id=bootstrap-0 host=kafka:9092 <connected> [IPv4 ('172.19.0.4', 9092)]>: Connection complete.
[2025-04-22T21:17:52.016+0000] {consumer.py:119} WARNING - group_id is None: disabling auto-commit.
[2025-04-22T21:17:52.023+0000] {subscription_state.py:182} INFO - Updating subscribed topics to: ('mbta_alerts', 'mbta_routes', 'mbta_stops', 'mbta_vehicles', 'mbta_predictions')
[2025-04-22T21:17:52.186+0000] {subscription_state.py:254} INFO - Updated partition assignment: [('mbta_routes', 0), ('mbta_alerts', 0), ('mbta_vehicles', 0), ('mbta_predictions', 0), ('mbta_stops', 0)]
[2025-04-22T21:17:52.190+0000] {conn.py:395} INFO - <BrokerConnection client_id=kafka-python-2.1.5, node_id=1 host=kafka:9092 <connecting> [IPv4 ('172.19.0.4', 9092)]>: connecting to kafka:9092 [('172.19.0.4', 9092) IPv4]
[2025-04-22T21:17:52.191+0000] {conn.py:456} INFO - <BrokerConnection client_id=kafka-python-2.1.5, node_id=1 host=kafka:9092 <connected> [IPv4 ('172.19.0.4', 9092)]>: Connection complete.
[2025-04-22T21:17:52.192+0000] {conn.py:936} INFO - <BrokerConnection client_id=kafka-python-2.1.5, node_id=bootstrap-0 host=kafka:9092 <connected> [IPv4 ('172.19.0.4', 9092)]>: Closing connection. 
[2025-04-22T21:18:09.135+0000] {mbta_kafka_consumer.py:233} INFO - 📥 Received 178 records from topic: mbta_routes
[2025-04-22T21:18:09.265+0000] {mbta_kafka_consumer.py:56} INFO - 🔍 Sample data for MBTA_ROUTES:
[2025-04-22T21:18:09.273+0000] {mbta_kafka_consumer.py:57} INFO - 
   ROUTE_ID        ROUTE_NAME  ...  ROUTE_COLOR                 CREATED_AT
0       Red          Red Line  ...       DA291C 2025-04-22 21:18:09.153735
1  Mattapan  Mattapan Trolley  ...       DA291C 2025-04-22 21:18:09.153815
2    Orange       Orange Line  ...       ED8B00 2025-04-22 21:18:09.153819
3   Green-B      Green Line B  ...       00843D 2025-04-22 21:18:09.153854
4   Green-C      Green Line C  ...       00843D 2025-04-22 21:18:09.153858

[5 rows x 5 columns]
[2025-04-22T21:18:09.350+0000] {cursor.py:1028} INFO - query: [SELECT * FROM MBTA_ROUTES WHERE ROUTE_ID IN ('Red','Mattapan','Orange','Green-B'...]
[2025-04-22T21:18:09.553+0000] {cursor.py:1041} INFO - query execution done
[2025-04-22T21:18:09.577+0000] {cursor.py:1205} INFO - Number of results in first chunk: 0
[2025-04-22T21:18:11.594+0000] {mbta_kafka_consumer.py:104} INFO - 🔁 0 new/updated records out of 178 incoming records (some may be duplicate VEHICLE_IDs) for MBTA_ROUTES
[2025-04-22T21:18:11.608+0000] {mbta_kafka_consumer.py:107} INFO - ✅ All 178 records already up-to-date in MBTA_ROUTES, no merge needed.
[2025-04-22T21:18:11.624+0000] {mbta_kafka_consumer.py:233} INFO - 📥 Received 178 records from topic: mbta_routes
[2025-04-22T21:18:11.667+0000] {mbta_kafka_consumer.py:56} INFO - 🔍 Sample data for MBTA_ROUTES:
[2025-04-22T21:18:11.668+0000] {mbta_kafka_consumer.py:57} INFO - 
   ROUTE_ID        ROUTE_NAME  ...  ROUTE_COLOR                 CREATED_AT
0       Red          Red Line  ...       DA291C 2025-04-22 21:18:11.629830
1  Mattapan  Mattapan Trolley  ...       DA291C 2025-04-22 21:18:11.629837
2    Orange       Orange Line  ...       ED8B00 2025-04-22 21:18:11.629863
3   Green-B      Green Line B  ...       00843D 2025-04-22 21:18:11.629865
4   Green-C      Green Line C  ...       00843D 2025-04-22 21:18:11.629866

[5 rows x 5 columns]
[2025-04-22T21:18:11.677+0000] {cursor.py:1028} INFO - query: [SELECT * FROM MBTA_ROUTES WHERE ROUTE_ID IN ('Red','Mattapan','Orange','Green-B'...]
[2025-04-22T21:18:11.860+0000] {cursor.py:1041} INFO - query execution done
[2025-04-22T21:18:11.873+0000] {cursor.py:1205} INFO - Number of results in first chunk: 0
[2025-04-22T21:18:12.437+0000] {mbta_kafka_consumer.py:104} INFO - 🔁 0 new/updated records out of 178 incoming records (some may be duplicate VEHICLE_IDs) for MBTA_ROUTES
[2025-04-22T21:18:12.440+0000] {mbta_kafka_consumer.py:107} INFO - ✅ All 178 records already up-to-date in MBTA_ROUTES, no merge needed.
[2025-04-22T21:18:12.441+0000] {mbta_kafka_consumer.py:233} INFO - 📥 Received 178 records from topic: mbta_routes
[2025-04-22T21:18:12.453+0000] {mbta_kafka_consumer.py:56} INFO - 🔍 Sample data for MBTA_ROUTES:
[2025-04-22T21:18:12.454+0000] {mbta_kafka_consumer.py:57} INFO - 
   ROUTE_ID        ROUTE_NAME  ...  ROUTE_COLOR                 CREATED_AT
0       Red          Red Line  ...       DA291C 2025-04-22 21:18:12.442280
1  Mattapan  Mattapan Trolley  ...       DA291C 2025-04-22 21:18:12.442291
2    Orange       Orange Line  ...       ED8B00 2025-04-22 21:18:12.442292
3   Green-B      Green Line B  ...       00843D 2025-04-22 21:18:12.442301
4   Green-C      Green Line C  ...       00843D 2025-04-22 21:18:12.442302

[5 rows x 5 columns]
[2025-04-22T21:18:12.461+0000] {cursor.py:1028} INFO - query: [SELECT * FROM MBTA_ROUTES WHERE ROUTE_ID IN ('Red','Mattapan','Orange','Green-B'...]
[2025-04-22T21:18:12.647+0000] {cursor.py:1041} INFO - query execution done
[2025-04-22T21:18:12.648+0000] {cursor.py:1205} INFO - Number of results in first chunk: 0
[2025-04-22T21:18:12.947+0000] {mbta_kafka_consumer.py:104} INFO - 🔁 0 new/updated records out of 178 incoming records (some may be duplicate VEHICLE_IDs) for MBTA_ROUTES
[2025-04-22T21:18:12.951+0000] {mbta_kafka_consumer.py:107} INFO - ✅ All 178 records already up-to-date in MBTA_ROUTES, no merge needed.
[2025-04-22T21:18:12.952+0000] {mbta_kafka_consumer.py:233} INFO - 📥 Received 178 records from topic: mbta_routes
[2025-04-22T21:18:12.965+0000] {mbta_kafka_consumer.py:56} INFO - 🔍 Sample data for MBTA_ROUTES:
[2025-04-22T21:18:12.968+0000] {mbta_kafka_consumer.py:57} INFO - 
   ROUTE_ID        ROUTE_NAME  ...  ROUTE_COLOR                 CREATED_AT
0       Red          Red Line  ...       DA291C 2025-04-22 21:18:12.953181
1  Mattapan  Mattapan Trolley  ...       DA291C 2025-04-22 21:18:12.953184
2    Orange       Orange Line  ...       ED8B00 2025-04-22 21:18:12.953195
3   Green-B      Green Line B  ...       00843D 2025-04-22 21:18:12.953196
4   Green-C      Green Line C  ...       00843D 2025-04-22 21:18:12.953197

[5 rows x 5 columns]
[2025-04-22T21:18:12.976+0000] {cursor.py:1028} INFO - query: [SELECT * FROM MBTA_ROUTES WHERE ROUTE_ID IN ('Red','Mattapan','Orange','Green-B'...]
[2025-04-22T21:18:13.164+0000] {cursor.py:1041} INFO - query execution done
[2025-04-22T21:18:13.166+0000] {cursor.py:1205} INFO - Number of results in first chunk: 0
[2025-04-22T21:18:13.417+0000] {mbta_kafka_consumer.py:104} INFO - 🔁 0 new/updated records out of 178 incoming records (some may be duplicate VEHICLE_IDs) for MBTA_ROUTES
[2025-04-22T21:18:13.418+0000] {mbta_kafka_consumer.py:107} INFO - ✅ All 178 records already up-to-date in MBTA_ROUTES, no merge needed.
[2025-04-22T21:18:13.418+0000] {mbta_kafka_consumer.py:233} INFO - 📥 Received 178 records from topic: mbta_routes
[2025-04-22T21:18:13.426+0000] {mbta_kafka_consumer.py:56} INFO - 🔍 Sample data for MBTA_ROUTES:
[2025-04-22T21:18:13.427+0000] {mbta_kafka_consumer.py:57} INFO - 
   ROUTE_ID        ROUTE_NAME  ...  ROUTE_COLOR                 CREATED_AT
0       Red          Red Line  ...       DA291C 2025-04-22 21:18:13.419220
1  Mattapan  Mattapan Trolley  ...       DA291C 2025-04-22 21:18:13.419225
2    Orange       Orange Line  ...       ED8B00 2025-04-22 21:18:13.419226
3   Green-B      Green Line B  ...       00843D 2025-04-22 21:18:13.419227
4   Green-C      Green Line C  ...       00843D 2025-04-22 21:18:13.419227

[5 rows x 5 columns]
[2025-04-22T21:18:13.433+0000] {cursor.py:1028} INFO - query: [SELECT * FROM MBTA_ROUTES WHERE ROUTE_ID IN ('Red','Mattapan','Orange','Green-B'...]
[2025-04-22T21:18:13.586+0000] {cursor.py:1041} INFO - query execution done
[2025-04-22T21:18:13.587+0000] {cursor.py:1205} INFO - Number of results in first chunk: 0
[2025-04-22T21:18:13.827+0000] {mbta_kafka_consumer.py:104} INFO - 🔁 0 new/updated records out of 178 incoming records (some may be duplicate VEHICLE_IDs) for MBTA_ROUTES
[2025-04-22T21:18:13.828+0000] {mbta_kafka_consumer.py:107} INFO - ✅ All 178 records already up-to-date in MBTA_ROUTES, no merge needed.
[2025-04-22T21:18:13.830+0000] {mbta_kafka_consumer.py:233} INFO - 📥 Received 178 records from topic: mbta_routes
[2025-04-22T21:18:13.842+0000] {mbta_kafka_consumer.py:56} INFO - 🔍 Sample data for MBTA_ROUTES:
[2025-04-22T21:18:13.844+0000] {mbta_kafka_consumer.py:57} INFO - 
   ROUTE_ID        ROUTE_NAME  ...  ROUTE_COLOR                 CREATED_AT
0       Red          Red Line  ...       DA291C 2025-04-22 21:18:13.830936
1  Mattapan  Mattapan Trolley  ...       DA291C 2025-04-22 21:18:13.830941
2    Orange       Orange Line  ...       ED8B00 2025-04-22 21:18:13.830943
3   Green-B      Green Line B  ...       00843D 2025-04-22 21:18:13.830957
4   Green-C      Green Line C  ...       00843D 2025-04-22 21:18:13.830959

[5 rows x 5 columns]
[2025-04-22T21:18:13.851+0000] {cursor.py:1028} INFO - query: [SELECT * FROM MBTA_ROUTES WHERE ROUTE_ID IN ('Red','Mattapan','Orange','Green-B'...]
[2025-04-22T21:18:14.027+0000] {cursor.py:1041} INFO - query execution done
[2025-04-22T21:18:14.028+0000] {cursor.py:1205} INFO - Number of results in first chunk: 0
[2025-04-22T21:18:14.328+0000] {mbta_kafka_consumer.py:104} INFO - 🔁 0 new/updated records out of 178 incoming records (some may be duplicate VEHICLE_IDs) for MBTA_ROUTES
[2025-04-22T21:18:14.330+0000] {mbta_kafka_consumer.py:107} INFO - ✅ All 178 records already up-to-date in MBTA_ROUTES, no merge needed.
[2025-04-22T21:18:14.331+0000] {mbta_kafka_consumer.py:233} INFO - 📥 Received 178 records from topic: mbta_routes
[2025-04-22T21:18:14.352+0000] {mbta_kafka_consumer.py:56} INFO - 🔍 Sample data for MBTA_ROUTES:
[2025-04-22T21:18:14.355+0000] {mbta_kafka_consumer.py:57} INFO - 
   ROUTE_ID        ROUTE_NAME  ...  ROUTE_COLOR                 CREATED_AT
0       Red          Red Line  ...       DA291C 2025-04-22 21:18:14.333320
1  Mattapan  Mattapan Trolley  ...       DA291C 2025-04-22 21:18:14.334231
2    Orange       Orange Line  ...       ED8B00 2025-04-22 21:18:14.334234
3   Green-B      Green Line B  ...       00843D 2025-04-22 21:18:14.334235
4   Green-C      Green Line C  ...       00843D 2025-04-22 21:18:14.334236

[5 rows x 5 columns]
[2025-04-22T21:18:14.370+0000] {cursor.py:1028} INFO - query: [SELECT * FROM MBTA_ROUTES WHERE ROUTE_ID IN ('Red','Mattapan','Orange','Green-B'...]
[2025-04-22T21:18:14.537+0000] {cursor.py:1041} INFO - query execution done
[2025-04-22T21:18:14.541+0000] {cursor.py:1205} INFO - Number of results in first chunk: 0
[2025-04-22T21:18:14.844+0000] {mbta_kafka_consumer.py:104} INFO - 🔁 0 new/updated records out of 178 incoming records (some may be duplicate VEHICLE_IDs) for MBTA_ROUTES
[2025-04-22T21:18:14.846+0000] {mbta_kafka_consumer.py:107} INFO - ✅ All 178 records already up-to-date in MBTA_ROUTES, no merge needed.
[2025-04-22T21:18:14.849+0000] {mbta_kafka_consumer.py:233} INFO - 📥 Received 178 records from topic: mbta_routes
[2025-04-22T21:18:14.855+0000] {mbta_kafka_consumer.py:56} INFO - 🔍 Sample data for MBTA_ROUTES:
[2025-04-22T21:18:14.856+0000] {mbta_kafka_consumer.py:57} INFO - 
   ROUTE_ID        ROUTE_NAME  ...  ROUTE_COLOR                 CREATED_AT
0       Red          Red Line  ...       DA291C 2025-04-22 21:18:14.850170
1  Mattapan  Mattapan Trolley  ...       DA291C 2025-04-22 21:18:14.850179
2    Orange       Orange Line  ...       ED8B00 2025-04-22 21:18:14.850181
3   Green-B      Green Line B  ...       00843D 2025-04-22 21:18:14.850181
4   Green-C      Green Line C  ...       00843D 2025-04-22 21:18:14.850182

[5 rows x 5 columns]
[2025-04-22T21:18:14.869+0000] {cursor.py:1028} INFO - query: [SELECT * FROM MBTA_ROUTES WHERE ROUTE_ID IN ('Red','Mattapan','Orange','Green-B'...]
[2025-04-22T21:18:15.044+0000] {cursor.py:1041} INFO - query execution done
[2025-04-22T21:18:15.046+0000] {cursor.py:1205} INFO - Number of results in first chunk: 0
[2025-04-22T21:18:15.622+0000] {mbta_kafka_consumer.py:104} INFO - 🔁 0 new/updated records out of 178 incoming records (some may be duplicate VEHICLE_IDs) for MBTA_ROUTES
[2025-04-22T21:18:15.625+0000] {mbta_kafka_consumer.py:107} INFO - ✅ All 178 records already up-to-date in MBTA_ROUTES, no merge needed.
[2025-04-22T21:18:15.627+0000] {mbta_kafka_consumer.py:233} INFO - 📥 Received 178 records from topic: mbta_routes
[2025-04-22T21:18:15.641+0000] {mbta_kafka_consumer.py:56} INFO - 🔍 Sample data for MBTA_ROUTES:
[2025-04-22T21:18:15.642+0000] {mbta_kafka_consumer.py:57} INFO - 
   ROUTE_ID        ROUTE_NAME  ...  ROUTE_COLOR                 CREATED_AT
0       Red          Red Line  ...       DA291C 2025-04-22 21:18:15.627504
1  Mattapan  Mattapan Trolley  ...       DA291C 2025-04-22 21:18:15.627506
2    Orange       Orange Line  ...       ED8B00 2025-04-22 21:18:15.627515
3   Green-B      Green Line B  ...       00843D 2025-04-22 21:18:15.627516
4   Green-C      Green Line C  ...       00843D 2025-04-22 21:18:15.627517

[5 rows x 5 columns]
[2025-04-22T21:18:15.668+0000] {cursor.py:1028} INFO - query: [SELECT * FROM MBTA_ROUTES WHERE ROUTE_ID IN ('Red','Mattapan','Orange','Green-B'...]
