[2025-04-22T21:17:50.558+0000] {taskinstance.py:1956} INFO - Dependencies all met for dep_context=non-requeueable deps ti=<TaskInstance: mbta_ingestion_dag.load_to_snowflake scheduled__2025-04-22T20:30:00+00:00 [queued]>
[2025-04-22T21:17:50.585+0000] {taskinstance.py:1956} INFO - Dependencies all met for dep_context=requeueable deps ti=<TaskInstance: mbta_ingestion_dag.load_to_snowflake scheduled__2025-04-22T20:30:00+00:00 [queued]>
[2025-04-22T21:17:50.591+0000] {taskinstance.py:2170} INFO - Starting attempt 2 of 2
[2025-04-22T21:17:50.640+0000] {taskinstance.py:2191} INFO - Executing <Task(PythonOperator): load_to_snowflake> on 2025-04-22 20:30:00+00:00
[2025-04-22T21:17:50.655+0000] {standard_task_runner.py:60} INFO - Started process 235 to run task
[2025-04-22T21:17:50.669+0000] {standard_task_runner.py:87} INFO - Running: ['***', 'tasks', 'run', 'mbta_ingestion_dag', 'load_to_snowflake', 'scheduled__2025-04-22T20:30:00+00:00', '--job-id', '52', '--raw', '--subdir', 'DAGS_FOLDER/mbta_ingestion_dag.py', '--cfg-path', '/tmp/tmplnpimsed']
[2025-04-22T21:17:50.681+0000] {standard_task_runner.py:88} INFO - Job 52: Subtask load_to_snowflake
[2025-04-22T21:17:50.740+0000] {logging_mixin.py:188} WARNING - /home/***/.local/lib/python3.9/site-packages/***/settings.py:194 DeprecationWarning: The sql_alchemy_conn option in [core] has been moved to the sql_alchemy_conn option in [database] - the old setting has been used, but please update your config.
[2025-04-22T21:17:50.837+0000] {task_command.py:423} INFO - Running <TaskInstance: mbta_ingestion_dag.load_to_snowflake scheduled__2025-04-22T20:30:00+00:00 [running]> on host 4c3d4191e7bb
[2025-04-22T21:17:50.965+0000] {taskinstance.py:2480} INFO - Exporting env vars: AIRFLOW_CTX_DAG_OWNER='***' AIRFLOW_CTX_DAG_ID='mbta_ingestion_dag' AIRFLOW_CTX_TASK_ID='load_to_snowflake' AIRFLOW_CTX_EXECUTION_DATE='2025-04-22T20:30:00+00:00' AIRFLOW_CTX_TRY_NUMBER='2' AIRFLOW_CTX_DAG_RUN_ID='scheduled__2025-04-22T20:30:00+00:00'
[2025-04-22T21:17:50.967+0000] {mbta_ingestion_dag.py:35} INFO - 🚀 Launching Kafka consumer to process and load data into Snowflake...
[2025-04-22T21:17:50.969+0000] {connection.py:370} INFO - Snowflake Connector for Python Version: 3.6.0, Python Version: 3.9.18, Platform: Linux-6.10.14-linuxkit-aarch64-with-glibc2.36
[2025-04-22T21:17:50.972+0000] {connection.py:1171} INFO - This connection is in OCSP Fail Open Mode. TLS Certificates would be checked for validity and revocation status. Any other Certificate Revocation related exceptions or OCSP Responder failures would be disregarded in favor of connectivity.
[2025-04-22T21:17:51.660+0000] {mbta_kafka_consumer.py:45} INFO - ✅ Connected to Snowflake successfully.
[2025-04-22T21:17:51.662+0000] {mbta_kafka_consumer.py:219} INFO - 🚀 Starting MBTA Kafka Consumer...
[2025-04-22T21:17:51.670+0000] {conn.py:395} INFO - <BrokerConnection client_id=kafka-python-2.1.5, node_id=bootstrap-0 host=kafka:9092 <connecting> [IPv4 ('172.19.0.4', 9092)]>: connecting to kafka:9092 [('172.19.0.4', 9092) IPv4]
[2025-04-22T21:17:52.002+0000] {conn.py:615} INFO - <BrokerConnection client_id=kafka-python-2.1.5, node_id=bootstrap-0 host=kafka:9092 <checking_api_versions_recv> [IPv4 ('172.19.0.4', 9092)]>: Broker version identified as 2.6
[2025-04-22T21:17:52.010+0000] {conn.py:456} INFO - <BrokerConnection client_id=kafka-python-2.1.5, node_id=bootstrap-0 host=kafka:9092 <connected> [IPv4 ('172.19.0.4', 9092)]>: Connection complete.
[2025-04-22T21:17:52.035+0000] {consumer.py:119} WARNING - group_id is None: disabling auto-commit.
[2025-04-22T21:17:52.050+0000] {subscription_state.py:182} INFO - Updating subscribed topics to: ('mbta_alerts', 'mbta_routes', 'mbta_stops', 'mbta_vehicles', 'mbta_predictions')
[2025-04-22T21:17:52.178+0000] {subscription_state.py:254} INFO - Updated partition assignment: [('mbta_routes', 0), ('mbta_alerts', 0), ('mbta_vehicles', 0), ('mbta_predictions', 0), ('mbta_stops', 0)]
[2025-04-22T21:17:52.190+0000] {conn.py:395} INFO - <BrokerConnection client_id=kafka-python-2.1.5, node_id=1 host=kafka:9092 <connecting> [IPv4 ('172.19.0.4', 9092)]>: connecting to kafka:9092 [('172.19.0.4', 9092) IPv4]
[2025-04-22T21:17:52.192+0000] {conn.py:456} INFO - <BrokerConnection client_id=kafka-python-2.1.5, node_id=1 host=kafka:9092 <connected> [IPv4 ('172.19.0.4', 9092)]>: Connection complete.
[2025-04-22T21:17:52.193+0000] {conn.py:936} INFO - <BrokerConnection client_id=kafka-python-2.1.5, node_id=bootstrap-0 host=kafka:9092 <connected> [IPv4 ('172.19.0.4', 9092)]>: Closing connection. 
[2025-04-22T21:17:58.443+0000] {mbta_kafka_consumer.py:233} INFO - 📥 Received 97 records from topic: mbta_alerts
[2025-04-22T21:17:58.635+0000] {mbta_kafka_consumer.py:56} INFO - 🔍 Sample data for MBTA_ALERTS:
[2025-04-22T21:17:58.646+0000] {mbta_kafka_consumer.py:57} INFO - 
  ALERT_ID  ...                 CREATED_AT
0   639358  ...  2025-04-22T09:01:01-04:00
1   638240  ...  2025-04-16T10:52:04-04:00
2   639365  ...  2025-04-22T09:56:18-04:00
3   435698  ...  2022-03-15T10:13:31-04:00
4   634497  ...  2025-03-27T14:21:07-04:00

[5 rows x 6 columns]
[2025-04-22T21:17:59.030+0000] {cursor.py:1028} INFO - query: [SELECT * FROM MBTA_ALERTS WHERE ALERT_ID IN ('639358','638240','639365','435698'...]
[2025-04-22T21:17:59.404+0000] {cursor.py:1041} INFO - query execution done
[2025-04-22T21:17:59.423+0000] {cursor.py:1205} INFO - Number of results in first chunk: 0
[2025-04-22T21:18:02.041+0000] {mbta_kafka_consumer.py:104} INFO - 🔁 0 new/updated records out of 97 incoming records (some may be duplicate VEHICLE_IDs) for MBTA_ALERTS
[2025-04-22T21:18:02.060+0000] {mbta_kafka_consumer.py:107} INFO - ✅ All 97 records already up-to-date in MBTA_ALERTS, no merge needed.
[2025-04-22T21:18:02.067+0000] {mbta_kafka_consumer.py:233} INFO - 📥 Received 97 records from topic: mbta_alerts
[2025-04-22T21:18:02.110+0000] {mbta_kafka_consumer.py:56} INFO - 🔍 Sample data for MBTA_ALERTS:
[2025-04-22T21:18:02.114+0000] {mbta_kafka_consumer.py:57} INFO - 
  ALERT_ID  ...                 CREATED_AT
0   639358  ...  2025-04-22T09:01:01-04:00
1   638240  ...  2025-04-16T10:52:04-04:00
2   639365  ...  2025-04-22T09:56:18-04:00
3   435698  ...  2022-03-15T10:13:31-04:00
4   634497  ...  2025-03-27T14:21:07-04:00

[5 rows x 6 columns]
[2025-04-22T21:18:02.181+0000] {cursor.py:1028} INFO - query: [SELECT * FROM MBTA_ALERTS WHERE ALERT_ID IN ('639358','638240','639365','435698'...]
[2025-04-22T21:18:02.497+0000] {cursor.py:1041} INFO - query execution done
[2025-04-22T21:18:02.508+0000] {cursor.py:1205} INFO - Number of results in first chunk: 0
[2025-04-22T21:18:03.018+0000] {mbta_kafka_consumer.py:104} INFO - 🔁 0 new/updated records out of 97 incoming records (some may be duplicate VEHICLE_IDs) for MBTA_ALERTS
[2025-04-22T21:18:03.027+0000] {mbta_kafka_consumer.py:107} INFO - ✅ All 97 records already up-to-date in MBTA_ALERTS, no merge needed.
[2025-04-22T21:18:03.040+0000] {mbta_kafka_consumer.py:233} INFO - 📥 Received 97 records from topic: mbta_alerts
[2025-04-22T21:18:03.080+0000] {mbta_kafka_consumer.py:56} INFO - 🔍 Sample data for MBTA_ALERTS:
[2025-04-22T21:18:03.082+0000] {mbta_kafka_consumer.py:57} INFO - 
  ALERT_ID  ...                 CREATED_AT
0   639358  ...  2025-04-22T09:01:01-04:00
1   638240  ...  2025-04-16T10:52:04-04:00
2   639365  ...  2025-04-22T09:56:18-04:00
3   435698  ...  2022-03-15T10:13:31-04:00
4   634497  ...  2025-03-27T14:21:07-04:00

[5 rows x 6 columns]
[2025-04-22T21:18:03.145+0000] {cursor.py:1028} INFO - query: [SELECT * FROM MBTA_ALERTS WHERE ALERT_ID IN ('639358','638240','639365','435698'...]
[2025-04-22T21:18:03.378+0000] {cursor.py:1041} INFO - query execution done
[2025-04-22T21:18:03.389+0000] {cursor.py:1205} INFO - Number of results in first chunk: 0
[2025-04-22T21:18:03.857+0000] {mbta_kafka_consumer.py:104} INFO - 🔁 0 new/updated records out of 97 incoming records (some may be duplicate VEHICLE_IDs) for MBTA_ALERTS
[2025-04-22T21:18:03.878+0000] {mbta_kafka_consumer.py:107} INFO - ✅ All 97 records already up-to-date in MBTA_ALERTS, no merge needed.
[2025-04-22T21:18:03.880+0000] {mbta_kafka_consumer.py:233} INFO - 📥 Received 720 records from topic: mbta_vehicles
[2025-04-22T21:18:04.011+0000] {mbta_kafka_consumer.py:56} INFO - 🔍 Sample data for MBTA_VEHICLES:
[2025-04-22T21:18:04.012+0000] {mbta_kafka_consumer.py:57} INFO - 
  VEHICLE_ID ROUTE_ID   LATITUDE  ...  SPEED       STATUS                 CREATED_AT
0      y3236       66  42.375300  ...    NaN   STOPPED_AT 2025-04-22 21:18:03.883375
1      y1830       11  42.331290  ...    NaN   STOPPED_AT 2025-04-22 21:18:03.883436
2    G-10268  Green-C  42.345350  ...    7.6  INCOMING_AT 2025-04-22 21:18:03.883475
3      y3110      455  42.449590  ...    NaN   STOPPED_AT 2025-04-22 21:18:03.883497
4      y2056       95  42.403759  ...    NaN   STOPPED_AT 2025-04-22 21:18:03.883520

[5 rows x 8 columns]
[2025-04-22T21:18:04.040+0000] {cursor.py:1028} INFO - query: [SELECT * FROM MBTA_VEHICLES WHERE VEHICLE_ID IN ('y3236','y1830','G-10268','y311...]
[2025-04-22T21:18:05.415+0000] {cursor.py:1041} INFO - query execution done
[2025-04-22T21:18:05.445+0000] {cursor.py:1205} INFO - Number of results in first chunk: 752
[2025-04-22T21:18:05.935+0000] {mbta_kafka_consumer.py:104} INFO - 🔁 218 new/updated records out of 720 incoming records (some may be duplicate VEHICLE_IDs) for MBTA_VEHICLES
[2025-04-22T21:18:05.955+0000] {cursor.py:1028} INFO - query: [MERGE INTO MBTA_VEHICLES AS target USING (SELECT 'G-10268', 'Green-C', 42.34535,...]
[2025-04-22T21:18:07.328+0000] {cursor.py:1041} INFO - query execution done
[2025-04-22T21:18:07.341+0000] {cursor.py:1028} INFO - query: [MERGE INTO MBTA_VEHICLES AS target USING (SELECT 'y3110', '455', 42.44959, -70.9...]
[2025-04-22T21:18:08.554+0000] {cursor.py:1041} INFO - query execution done
[2025-04-22T21:18:08.604+0000] {cursor.py:1028} INFO - query: [MERGE INTO MBTA_VEHICLES AS target USING (SELECT 'y2056', '95', 42.40375851, -71...]
[2025-04-22T21:18:09.403+0000] {cursor.py:1041} INFO - query execution done
[2025-04-22T21:18:09.432+0000] {cursor.py:1028} INFO - query: [MERGE INTO MBTA_VEHICLES AS target USING (SELECT 'y2101', '73', 42.38722, -71.19...]
[2025-04-22T21:18:10.136+0000] {cursor.py:1041} INFO - query execution done
[2025-04-22T21:18:10.156+0000] {cursor.py:1028} INFO - query: [MERGE INTO MBTA_VEHICLES AS target USING (SELECT 'y3204', '10', 42.33503718, -71...]
[2025-04-22T21:18:11.639+0000] {cursor.py:1041} INFO - query execution done
[2025-04-22T21:18:11.650+0000] {cursor.py:1028} INFO - query: [MERGE INTO MBTA_VEHICLES AS target USING (SELECT 'y3225', '57', 42.35149651, -71...]
[2025-04-22T21:18:12.900+0000] {cursor.py:1041} INFO - query execution done
[2025-04-22T21:18:12.909+0000] {cursor.py:1028} INFO - query: [MERGE INTO MBTA_VEHICLES AS target USING (SELECT 'y1978', '93', 42.35738, -71.05...]
[2025-04-22T21:18:15.348+0000] {cursor.py:1041} INFO - query execution done
[2025-04-22T21:18:15.372+0000] {cursor.py:1028} INFO - query: [MERGE INTO MBTA_VEHICLES AS target USING (SELECT 'y3255', '553', 42.3522744, -71...]
