[2025-04-23T01:35:33.046+0000] {taskinstance.py:1956} INFO - Dependencies all met for dep_context=non-requeueable deps ti=<TaskInstance: mbta_kafka_consumer_dag.run_kafka_consumer scheduled__2025-04-23T01:15:00+00:00 [queued]>
[2025-04-23T01:35:33.101+0000] {taskinstance.py:1956} INFO - Dependencies all met for dep_context=requeueable deps ti=<TaskInstance: mbta_kafka_consumer_dag.run_kafka_consumer scheduled__2025-04-23T01:15:00+00:00 [queued]>
[2025-04-23T01:35:33.114+0000] {taskinstance.py:2170} INFO - Starting attempt 3 of 2
[2025-04-23T01:35:33.281+0000] {taskinstance.py:2191} INFO - Executing <Task(PythonOperator): run_kafka_consumer> on 2025-04-23 01:15:00+00:00
[2025-04-23T01:35:33.325+0000] {standard_task_runner.py:60} INFO - Started process 220 to run task
[2025-04-23T01:35:33.352+0000] {standard_task_runner.py:87} INFO - Running: ['***', 'tasks', 'run', 'mbta_kafka_consumer_dag', 'run_kafka_consumer', 'scheduled__2025-04-23T01:15:00+00:00', '--job-id', '296', '--raw', '--subdir', 'DAGS_FOLDER/mbta_kafka_consumer_dag.py', '--cfg-path', '/tmp/tmp0w4eq8d2']
[2025-04-23T01:35:33.381+0000] {standard_task_runner.py:88} INFO - Job 296: Subtask run_kafka_consumer
[2025-04-23T01:35:33.804+0000] {task_command.py:423} INFO - Running <TaskInstance: mbta_kafka_consumer_dag.run_kafka_consumer scheduled__2025-04-23T01:15:00+00:00 [running]> on host 577d99ce7fac
[2025-04-23T01:35:34.499+0000] {taskinstance.py:2480} INFO - Exporting env vars: AIRFLOW_CTX_DAG_OWNER='***' AIRFLOW_CTX_DAG_ID='mbta_kafka_consumer_dag' AIRFLOW_CTX_TASK_ID='run_kafka_consumer' AIRFLOW_CTX_EXECUTION_DATE='2025-04-23T01:15:00+00:00' AIRFLOW_CTX_TRY_NUMBER='3' AIRFLOW_CTX_DAG_RUN_ID='scheduled__2025-04-23T01:15:00+00:00'
[2025-04-23T01:35:34.508+0000] {connection.py:370} INFO - Snowflake Connector for Python Version: 3.6.0, Python Version: 3.9.18, Platform: Linux-6.10.14-linuxkit-aarch64-with-glibc2.36
[2025-04-23T01:35:34.515+0000] {connection.py:1171} INFO - This connection is in OCSP Fail Open Mode. TLS Certificates would be checked for validity and revocation status. Any other Certificate Revocation related exceptions or OCSP Responder failures would be disregarded in favor of connectivity.
[2025-04-23T01:35:35.447+0000] {mbta_kafka_consumer.py:45} INFO - ✅ Connected to Snowflake successfully.
[2025-04-23T01:35:35.450+0000] {mbta_kafka_consumer.py:219} INFO - 🚀 Starting MBTA Kafka Consumer...
[2025-04-23T01:35:35.457+0000] {conn.py:395} INFO - <BrokerConnection client_id=kafka-python-2.1.5, node_id=bootstrap-0 host=kafka:9092 <connecting> [IPv4 ('172.18.0.6', 9092)]>: connecting to kafka:9092 [('172.18.0.6', 9092) IPv4]
[2025-04-23T01:35:35.469+0000] {conn.py:615} INFO - <BrokerConnection client_id=kafka-python-2.1.5, node_id=bootstrap-0 host=kafka:9092 <checking_api_versions_recv> [IPv4 ('172.18.0.6', 9092)]>: Broker version identified as 2.6
[2025-04-23T01:35:35.470+0000] {conn.py:456} INFO - <BrokerConnection client_id=kafka-python-2.1.5, node_id=bootstrap-0 host=kafka:9092 <connected> [IPv4 ('172.18.0.6', 9092)]>: Connection complete.
[2025-04-23T01:35:35.475+0000] {consumer.py:119} WARNING - group_id is None: disabling auto-commit.
[2025-04-23T01:35:35.479+0000] {subscription_state.py:182} INFO - Updating subscribed topics to: ('mbta_alerts', 'mbta_routes', 'mbta_stops', 'mbta_vehicles', 'mbta_predictions')
[2025-04-23T01:35:35.491+0000] {subscription_state.py:254} INFO - Updated partition assignment: [('mbta_stops', 0), ('mbta_predictions', 0), ('mbta_alerts', 0), ('mbta_vehicles', 0), ('mbta_routes', 0)]
[2025-04-23T01:35:35.495+0000] {conn.py:395} INFO - <BrokerConnection client_id=kafka-python-2.1.5, node_id=1 host=kafka:9092 <connecting> [IPv4 ('172.18.0.6', 9092)]>: connecting to kafka:9092 [('172.18.0.6', 9092) IPv4]
[2025-04-23T01:35:35.501+0000] {conn.py:456} INFO - <BrokerConnection client_id=kafka-python-2.1.5, node_id=1 host=kafka:9092 <connected> [IPv4 ('172.18.0.6', 9092)]>: Connection complete.
[2025-04-23T01:35:35.502+0000] {conn.py:936} INFO - <BrokerConnection client_id=kafka-python-2.1.5, node_id=bootstrap-0 host=kafka:9092 <connected> [IPv4 ('172.18.0.6', 9092)]>: Closing connection. 
[2025-04-23T01:35:53.572+0000] {mbta_kafka_consumer.py:233} INFO - 📥 Received 84 records from topic: mbta_alerts
[2025-04-23T01:35:53.626+0000] {mbta_kafka_consumer.py:56} INFO - 🔍 Sample data for MBTA_ALERTS:
[2025-04-23T01:35:53.628+0000] {mbta_kafka_consumer.py:57} INFO - 
  ALERT_ID  ...                 CREATED_AT
0   639358  ...  2025-04-22T09:01:01-04:00
1   638240  ...  2025-04-16T10:52:04-04:00
2   639365  ...  2025-04-22T09:56:18-04:00
3   435698  ...  2022-03-15T10:13:31-04:00
4   634497  ...  2025-03-27T14:21:07-04:00

[5 rows x 6 columns]
[2025-04-23T01:35:53.814+0000] {cursor.py:1028} INFO - query: [SELECT * FROM MBTA_ALERTS WHERE ALERT_ID IN ('639358','638240','639365','435698'...]
[2025-04-23T01:35:54.019+0000] {cursor.py:1041} INFO - query execution done
[2025-04-23T01:35:54.030+0000] {cursor.py:1205} INFO - Number of results in first chunk: 0
[2025-04-23T01:35:55.584+0000] {mbta_kafka_consumer.py:104} INFO - 🔁 0 new/updated records out of 84 incoming records (some may be duplicate VEHICLE_IDs) for MBTA_ALERTS
[2025-04-23T01:35:55.589+0000] {mbta_kafka_consumer.py:107} INFO - ✅ All 84 records already up-to-date in MBTA_ALERTS, no merge needed.
[2025-04-23T01:35:55.595+0000] {mbta_kafka_consumer.py:233} INFO - 📥 Received 84 records from topic: mbta_alerts
[2025-04-23T01:35:55.619+0000] {mbta_kafka_consumer.py:56} INFO - 🔍 Sample data for MBTA_ALERTS:
[2025-04-23T01:35:55.628+0000] {mbta_kafka_consumer.py:57} INFO - 
  ALERT_ID  ...                 CREATED_AT
0   639358  ...  2025-04-22T09:01:01-04:00
1   638240  ...  2025-04-16T10:52:04-04:00
2   639365  ...  2025-04-22T09:56:18-04:00
3   435698  ...  2022-03-15T10:13:31-04:00
4   634497  ...  2025-03-27T14:21:07-04:00

[5 rows x 6 columns]
[2025-04-23T01:35:55.669+0000] {cursor.py:1028} INFO - query: [SELECT * FROM MBTA_ALERTS WHERE ALERT_ID IN ('639358','638240','639365','435698'...]
[2025-04-23T01:35:55.872+0000] {cursor.py:1041} INFO - query execution done
[2025-04-23T01:35:55.874+0000] {cursor.py:1205} INFO - Number of results in first chunk: 0
[2025-04-23T01:35:56.339+0000] {mbta_kafka_consumer.py:104} INFO - 🔁 0 new/updated records out of 84 incoming records (some may be duplicate VEHICLE_IDs) for MBTA_ALERTS
[2025-04-23T01:35:56.345+0000] {mbta_kafka_consumer.py:107} INFO - ✅ All 84 records already up-to-date in MBTA_ALERTS, no merge needed.
[2025-04-23T01:35:56.350+0000] {mbta_kafka_consumer.py:233} INFO - 📥 Received 84 records from topic: mbta_alerts
[2025-04-23T01:35:56.381+0000] {mbta_kafka_consumer.py:56} INFO - 🔍 Sample data for MBTA_ALERTS:
[2025-04-23T01:35:56.382+0000] {mbta_kafka_consumer.py:57} INFO - 
  ALERT_ID  ...                 CREATED_AT
0   639358  ...  2025-04-22T09:01:01-04:00
1   638240  ...  2025-04-16T10:52:04-04:00
2   639365  ...  2025-04-22T09:56:18-04:00
3   435698  ...  2022-03-15T10:13:31-04:00
4   634497  ...  2025-03-27T14:21:07-04:00

[5 rows x 6 columns]
[2025-04-23T01:35:56.457+0000] {cursor.py:1028} INFO - query: [SELECT * FROM MBTA_ALERTS WHERE ALERT_ID IN ('639358','638240','639365','435698'...]
[2025-04-23T01:35:56.635+0000] {cursor.py:1041} INFO - query execution done
[2025-04-23T01:35:56.646+0000] {cursor.py:1205} INFO - Number of results in first chunk: 0
[2025-04-23T01:35:56.936+0000] {mbta_kafka_consumer.py:104} INFO - 🔁 0 new/updated records out of 84 incoming records (some may be duplicate VEHICLE_IDs) for MBTA_ALERTS
[2025-04-23T01:35:56.937+0000] {mbta_kafka_consumer.py:107} INFO - ✅ All 84 records already up-to-date in MBTA_ALERTS, no merge needed.
[2025-04-23T01:35:56.943+0000] {mbta_kafka_consumer.py:233} INFO - 📥 Received 21 records from topic: mbta_predictions
[2025-04-23T01:35:56.974+0000] {mbta_kafka_consumer.py:56} INFO - 🔍 Sample data for MBTA_PREDICTIONS:
[2025-04-23T01:35:57.064+0000] {mbta_kafka_consumer.py:57} INFO - 
                               PREDICTION_ID  ...                 CREATED_AT
0  prediction-ADDED-1582321107-70080-130-Red  ... 2025-04-23 01:35:56.949662
1           prediction-67995063-70079-90-Red  ... 2025-04-23 01:35:56.949732
2  prediction-ADDED-1582321105-70080-130-Red  ... 2025-04-23 01:35:56.949740
3           prediction-67995065-70079-90-Red  ... 2025-04-23 01:35:56.949758
4   prediction-ADDED-1582321089-70079-90-Red  ... 2025-04-23 01:35:56.949765

[5 rows x 9 columns]
[2025-04-23T01:35:57.238+0000] {cursor.py:1028} INFO - query: [SELECT * FROM MBTA_PREDICTIONS WHERE PREDICTION_ID IN ('prediction-ADDED-1582321...]
[2025-04-23T01:35:57.509+0000] {cursor.py:1041} INFO - query execution done
[2025-04-23T01:35:57.519+0000] {cursor.py:1205} INFO - Number of results in first chunk: 21
[2025-04-23T01:35:57.769+0000] {mbta_kafka_consumer.py:104} INFO - 🔁 21 new/updated records out of 21 incoming records (some may be duplicate VEHICLE_IDs) for MBTA_PREDICTIONS
[2025-04-23T01:35:57.796+0000] {cursor.py:1028} INFO - query: [MERGE INTO MBTA_PREDICTIONS AS target USING (SELECT 'prediction-ADDED-1582321107...]
[2025-04-23T01:35:59.417+0000] {cursor.py:1041} INFO - query execution done
[2025-04-23T01:35:59.458+0000] {cursor.py:1028} INFO - query: [MERGE INTO MBTA_PREDICTIONS AS target USING (SELECT 'prediction-67995063-70079-9...]
[2025-04-23T01:36:00.899+0000] {cursor.py:1041} INFO - query execution done
[2025-04-23T01:36:00.928+0000] {cursor.py:1028} INFO - query: [MERGE INTO MBTA_PREDICTIONS AS target USING (SELECT 'prediction-ADDED-1582321105...]
[2025-04-23T01:36:02.554+0000] {cursor.py:1041} INFO - query execution done
[2025-04-23T01:36:02.579+0000] {cursor.py:1028} INFO - query: [MERGE INTO MBTA_PREDICTIONS AS target USING (SELECT 'prediction-67995065-70079-9...]
[2025-04-23T01:36:04.502+0000] {cursor.py:1041} INFO - query execution done
[2025-04-23T01:36:04.719+0000] {cursor.py:1028} INFO - query: [MERGE INTO MBTA_PREDICTIONS AS target USING (SELECT 'prediction-ADDED-1582321089...]
[2025-04-23T01:36:08.367+0000] {cursor.py:1041} INFO - query execution done
[2025-04-23T01:36:08.452+0000] {cursor.py:1028} INFO - query: [MERGE INTO MBTA_PREDICTIONS AS target USING (SELECT 'prediction-67995080-70080-1...]
[2025-04-23T01:36:10.112+0000] {cursor.py:1041} INFO - query execution done
[2025-04-23T01:36:10.151+0000] {cursor.py:1028} INFO - query: [MERGE INTO MBTA_PREDICTIONS AS target USING (SELECT 'prediction-67995069-70079-9...]
[2025-04-23T01:36:11.551+0000] {cursor.py:1041} INFO - query execution done
[2025-04-23T01:36:11.564+0000] {cursor.py:1028} INFO - query: [MERGE INTO MBTA_PREDICTIONS AS target USING (SELECT 'prediction-67995082-70080-1...]
[2025-04-23T01:36:13.156+0000] {cursor.py:1041} INFO - query execution done
[2025-04-23T01:36:13.168+0000] {cursor.py:1028} INFO - query: [MERGE INTO MBTA_PREDICTIONS AS target USING (SELECT 'prediction-67995071-70079-9...]
[2025-04-23T01:36:16.522+0000] {cursor.py:1041} INFO - query execution done
[2025-04-23T01:36:16.541+0000] {cursor.py:1028} INFO - query: [MERGE INTO MBTA_PREDICTIONS AS target USING (SELECT 'prediction-67995086-70080-1...]
[2025-04-23T01:36:18.590+0000] {cursor.py:1041} INFO - query execution done
[2025-04-23T01:36:18.630+0000] {cursor.py:1028} INFO - query: [MERGE INTO MBTA_PREDICTIONS AS target USING (SELECT 'prediction-67995073-70079-9...]
[2025-04-23T01:36:20.530+0000] {cursor.py:1041} INFO - query execution done
[2025-04-23T01:36:20.542+0000] {cursor.py:1028} INFO - query: [MERGE INTO MBTA_PREDICTIONS AS target USING (SELECT 'prediction-67995090-70080-1...]
[2025-04-23T01:36:23.286+0000] {cursor.py:1041} INFO - query execution done
[2025-04-23T01:36:23.293+0000] {cursor.py:1028} INFO - query: [MERGE INTO MBTA_PREDICTIONS AS target USING (SELECT 'prediction-67995075-70079-9...]
[2025-04-23T01:36:25.680+0000] {cursor.py:1041} INFO - query execution done
[2025-04-23T01:36:25.689+0000] {cursor.py:1028} INFO - query: [MERGE INTO MBTA_PREDICTIONS AS target USING (SELECT 'prediction-67995094-70080-1...]
[2025-04-23T01:36:28.154+0000] {cursor.py:1041} INFO - query execution done
[2025-04-23T01:36:28.163+0000] {cursor.py:1028} INFO - query: [MERGE INTO MBTA_PREDICTIONS AS target USING (SELECT 'prediction-ADDED-1582321108...]
[2025-04-23T01:36:30.776+0000] {cursor.py:1041} INFO - query execution done
[2025-04-23T01:36:30.788+0000] {cursor.py:1028} INFO - query: [MERGE INTO MBTA_PREDICTIONS AS target USING (SELECT 'prediction-67995079-70079-9...]
[2025-04-23T01:36:33.714+0000] {cursor.py:1041} INFO - query execution done
[2025-04-23T01:36:33.878+0000] {cursor.py:1028} INFO - query: [MERGE INTO MBTA_PREDICTIONS AS target USING (SELECT 'prediction-67995098-70080-1...]
[2025-04-23T01:36:36.240+0000] {cursor.py:1041} INFO - query execution done
[2025-04-23T01:36:36.279+0000] {cursor.py:1028} INFO - query: [MERGE INTO MBTA_PREDICTIONS AS target USING (SELECT 'prediction-67995081-70079-9...]
[2025-04-23T01:36:37.631+0000] {cursor.py:1041} INFO - query execution done
[2025-04-23T01:36:37.642+0000] {cursor.py:1028} INFO - query: [MERGE INTO MBTA_PREDICTIONS AS target USING (SELECT 'prediction-67995102-70080-1...]
[2025-04-23T01:36:40.987+0000] {cursor.py:1041} INFO - query execution done
[2025-04-23T01:36:40.992+0000] {cursor.py:1028} INFO - query: [MERGE INTO MBTA_PREDICTIONS AS target USING (SELECT 'prediction-67995083-70079-9...]
[2025-04-23T01:36:43.555+0000] {cursor.py:1041} INFO - query execution done
[2025-04-23T01:36:43.620+0000] {cursor.py:1028} INFO - query: [MERGE INTO MBTA_PREDICTIONS AS target USING (SELECT 'prediction-67995106-70080-1...]
[2025-04-23T01:36:46.408+0000] {cursor.py:1041} INFO - query execution done
[2025-04-23T01:36:46.556+0000] {cursor.py:1028} INFO - query: [COMMIT]
[2025-04-23T01:36:47.384+0000] {cursor.py:1041} INFO - query execution done
[2025-04-23T01:36:47.392+0000] {cursor.py:1205} INFO - Number of results in first chunk: 1
[2025-04-23T01:36:47.411+0000] {mbta_kafka_consumer.py:139} INFO - ✅ Merged 21 new/changed records into Snowflake table: MBTA_PREDICTIONS in 50.18 seconds
[2025-04-23T01:36:47.427+0000] {mbta_kafka_consumer.py:233} INFO - 📥 Received 21 records from topic: mbta_predictions
[2025-04-23T01:36:47.656+0000] {mbta_kafka_consumer.py:56} INFO - 🔍 Sample data for MBTA_PREDICTIONS:
[2025-04-23T01:36:47.657+0000] {mbta_kafka_consumer.py:57} INFO - 
                               PREDICTION_ID  ...                 CREATED_AT
0  prediction-ADDED-1582321107-70080-130-Red  ... 2025-04-23 01:36:47.428784
1           prediction-67995063-70079-90-Red  ... 2025-04-23 01:36:47.428803
2  prediction-ADDED-1582321105-70080-130-Red  ... 2025-04-23 01:36:47.428805
3           prediction-67995065-70079-90-Red  ... 2025-04-23 01:36:47.428807
4   prediction-ADDED-1582321089-70079-90-Red  ... 2025-04-23 01:36:47.428819

[5 rows x 9 columns]
[2025-04-23T01:36:47.709+0000] {cursor.py:1028} INFO - query: [SELECT * FROM MBTA_PREDICTIONS WHERE PREDICTION_ID IN ('prediction-ADDED-1582321...]
[2025-04-23T01:36:47.886+0000] {cursor.py:1041} INFO - query execution done
[2025-04-23T01:36:47.887+0000] {cursor.py:1205} INFO - Number of results in first chunk: 21
[2025-04-23T01:36:47.911+0000] {mbta_kafka_consumer.py:104} INFO - 🔁 21 new/updated records out of 21 incoming records (some may be duplicate VEHICLE_IDs) for MBTA_PREDICTIONS
[2025-04-23T01:36:47.911+0000] {cursor.py:1028} INFO - query: [MERGE INTO MBTA_PREDICTIONS AS target USING (SELECT 'prediction-ADDED-1582321107...]
[2025-04-23T01:36:50.141+0000] {cursor.py:1041} INFO - query execution done
[2025-04-23T01:36:50.142+0000] {cursor.py:1028} INFO - query: [MERGE INTO MBTA_PREDICTIONS AS target USING (SELECT 'prediction-67995063-70079-9...]
[2025-04-23T01:36:53.138+0000] {cursor.py:1041} INFO - query execution done
[2025-04-23T01:36:53.145+0000] {cursor.py:1028} INFO - query: [MERGE INTO MBTA_PREDICTIONS AS target USING (SELECT 'prediction-ADDED-1582321105...]
[2025-04-23T01:36:56.865+0000] {cursor.py:1041} INFO - query execution done
[2025-04-23T01:36:56.889+0000] {cursor.py:1028} INFO - query: [MERGE INTO MBTA_PREDICTIONS AS target USING (SELECT 'prediction-67995065-70079-9...]
[2025-04-23T01:36:59.390+0000] {cursor.py:1041} INFO - query execution done
[2025-04-23T01:36:59.417+0000] {cursor.py:1028} INFO - query: [MERGE INTO MBTA_PREDICTIONS AS target USING (SELECT 'prediction-ADDED-1582321089...]
[2025-04-23T01:37:01.067+0000] {cursor.py:1041} INFO - query execution done
[2025-04-23T01:37:01.076+0000] {cursor.py:1028} INFO - query: [MERGE INTO MBTA_PREDICTIONS AS target USING (SELECT 'prediction-67995080-70080-1...]
[2025-04-23T01:37:03.511+0000] {cursor.py:1041} INFO - query execution done
[2025-04-23T01:37:03.527+0000] {cursor.py:1028} INFO - query: [MERGE INTO MBTA_PREDICTIONS AS target USING (SELECT 'prediction-67995069-70079-9...]
[2025-04-23T01:37:05.972+0000] {cursor.py:1041} INFO - query execution done
[2025-04-23T01:37:05.986+0000] {cursor.py:1028} INFO - query: [MERGE INTO MBTA_PREDICTIONS AS target USING (SELECT 'prediction-67995082-70080-1...]
[2025-04-23T01:37:08.204+0000] {cursor.py:1041} INFO - query execution done
[2025-04-23T01:37:08.236+0000] {cursor.py:1028} INFO - query: [MERGE INTO MBTA_PREDICTIONS AS target USING (SELECT 'prediction-67995071-70079-9...]
[2025-04-23T01:37:10.572+0000] {cursor.py:1041} INFO - query execution done
[2025-04-23T01:37:10.578+0000] {cursor.py:1028} INFO - query: [MERGE INTO MBTA_PREDICTIONS AS target USING (SELECT 'prediction-67995086-70080-1...]
[2025-04-23T01:37:12.928+0000] {cursor.py:1041} INFO - query execution done
[2025-04-23T01:37:12.972+0000] {cursor.py:1028} INFO - query: [MERGE INTO MBTA_PREDICTIONS AS target USING (SELECT 'prediction-67995073-70079-9...]
[2025-04-23T01:37:15.659+0000] {cursor.py:1041} INFO - query execution done
[2025-04-23T01:37:15.671+0000] {cursor.py:1028} INFO - query: [MERGE INTO MBTA_PREDICTIONS AS target USING (SELECT 'prediction-67995090-70080-1...]
[2025-04-23T01:37:17.987+0000] {cursor.py:1041} INFO - query execution done
[2025-04-23T01:37:17.996+0000] {cursor.py:1028} INFO - query: [MERGE INTO MBTA_PREDICTIONS AS target USING (SELECT 'prediction-67995075-70079-9...]
[2025-04-23T01:37:23.909+0000] {cursor.py:1041} INFO - query execution done
[2025-04-23T01:37:26.687+0000] {cursor.py:1028} INFO - query: [MERGE INTO MBTA_PREDICTIONS AS target USING (SELECT 'prediction-67995094-70080-1...]
[2025-04-23T01:37:29.264+0000] {cursor.py:1041} INFO - query execution done
[2025-04-23T01:37:29.268+0000] {cursor.py:1028} INFO - query: [MERGE INTO MBTA_PREDICTIONS AS target USING (SELECT 'prediction-ADDED-1582321108...]
[2025-04-23T01:37:31.852+0000] {cursor.py:1041} INFO - query execution done
[2025-04-23T01:37:31.865+0000] {cursor.py:1028} INFO - query: [MERGE INTO MBTA_PREDICTIONS AS target USING (SELECT 'prediction-67995079-70079-9...]
[2025-04-23T01:37:34.103+0000] {cursor.py:1041} INFO - query execution done
[2025-04-23T01:37:34.108+0000] {cursor.py:1028} INFO - query: [MERGE INTO MBTA_PREDICTIONS AS target USING (SELECT 'prediction-67995098-70080-1...]
[2025-04-23T01:37:36.792+0000] {cursor.py:1041} INFO - query execution done
[2025-04-23T01:37:36.802+0000] {cursor.py:1028} INFO - query: [MERGE INTO MBTA_PREDICTIONS AS target USING (SELECT 'prediction-67995081-70079-9...]
[2025-04-23T01:37:40.198+0000] {cursor.py:1041} INFO - query execution done
[2025-04-23T01:37:40.230+0000] {cursor.py:1028} INFO - query: [MERGE INTO MBTA_PREDICTIONS AS target USING (SELECT 'prediction-67995102-70080-1...]
[2025-04-23T01:37:42.446+0000] {cursor.py:1041} INFO - query execution done
[2025-04-23T01:37:42.456+0000] {cursor.py:1028} INFO - query: [MERGE INTO MBTA_PREDICTIONS AS target USING (SELECT 'prediction-67995083-70079-9...]
[2025-04-23T01:37:45.906+0000] {cursor.py:1041} INFO - query execution done
[2025-04-23T01:37:45.910+0000] {cursor.py:1028} INFO - query: [MERGE INTO MBTA_PREDICTIONS AS target USING (SELECT 'prediction-67995106-70080-1...]
[2025-04-23T01:37:48.626+0000] {cursor.py:1041} INFO - query execution done
[2025-04-23T01:37:48.639+0000] {cursor.py:1028} INFO - query: [COMMIT]
[2025-04-23T01:37:48.787+0000] {cursor.py:1041} INFO - query execution done
[2025-04-23T01:37:48.788+0000] {cursor.py:1205} INFO - Number of results in first chunk: 1
[2025-04-23T01:37:48.788+0000] {mbta_kafka_consumer.py:139} INFO - ✅ Merged 21 new/changed records into Snowflake table: MBTA_PREDICTIONS in 61.08 seconds
[2025-04-23T01:37:48.790+0000] {mbta_kafka_consumer.py:233} INFO - 📥 Received 21 records from topic: mbta_predictions
[2025-04-23T01:37:48.814+0000] {mbta_kafka_consumer.py:56} INFO - 🔍 Sample data for MBTA_PREDICTIONS:
[2025-04-23T01:37:48.815+0000] {mbta_kafka_consumer.py:57} INFO - 
                               PREDICTION_ID  ...                 CREATED_AT
0  prediction-ADDED-1582321107-70080-130-Red  ... 2025-04-23 01:37:48.791223
1           prediction-67995063-70079-90-Red  ... 2025-04-23 01:37:48.791232
2  prediction-ADDED-1582321105-70080-130-Red  ... 2025-04-23 01:37:48.791234
3           prediction-67995065-70079-90-Red  ... 2025-04-23 01:37:48.791239
4   prediction-ADDED-1582321089-70079-90-Red  ... 2025-04-23 01:37:48.791245

[5 rows x 9 columns]
[2025-04-23T01:37:48.832+0000] {cursor.py:1028} INFO - query: [SELECT * FROM MBTA_PREDICTIONS WHERE PREDICTION_ID IN ('prediction-ADDED-1582321...]
[2025-04-23T01:37:49.098+0000] {cursor.py:1041} INFO - query execution done
[2025-04-23T01:37:49.100+0000] {cursor.py:1205} INFO - Number of results in first chunk: 21
[2025-04-23T01:37:49.112+0000] {mbta_kafka_consumer.py:104} INFO - 🔁 21 new/updated records out of 21 incoming records (some may be duplicate VEHICLE_IDs) for MBTA_PREDICTIONS
[2025-04-23T01:37:49.113+0000] {cursor.py:1028} INFO - query: [MERGE INTO MBTA_PREDICTIONS AS target USING (SELECT 'prediction-ADDED-1582321107...]
[2025-04-23T01:37:51.449+0000] {cursor.py:1041} INFO - query execution done
[2025-04-23T01:37:51.472+0000] {cursor.py:1028} INFO - query: [MERGE INTO MBTA_PREDICTIONS AS target USING (SELECT 'prediction-67995063-70079-9...]
[2025-04-23T01:37:54.981+0000] {cursor.py:1041} INFO - query execution done
[2025-04-23T01:37:54.985+0000] {cursor.py:1028} INFO - query: [MERGE INTO MBTA_PREDICTIONS AS target USING (SELECT 'prediction-ADDED-1582321105...]
[2025-04-23T01:37:57.612+0000] {cursor.py:1041} INFO - query execution done
[2025-04-23T01:37:57.616+0000] {cursor.py:1028} INFO - query: [MERGE INTO MBTA_PREDICTIONS AS target USING (SELECT 'prediction-67995065-70079-9...]
[2025-04-23T01:38:00.586+0000] {cursor.py:1041} INFO - query execution done
[2025-04-23T01:38:00.609+0000] {cursor.py:1028} INFO - query: [MERGE INTO MBTA_PREDICTIONS AS target USING (SELECT 'prediction-ADDED-1582321089...]
[2025-04-23T01:38:03.448+0000] {cursor.py:1041} INFO - query execution done
[2025-04-23T01:38:03.457+0000] {cursor.py:1028} INFO - query: [MERGE INTO MBTA_PREDICTIONS AS target USING (SELECT 'prediction-67995080-70080-1...]
[2025-04-23T01:38:06.187+0000] {cursor.py:1041} INFO - query execution done
[2025-04-23T01:38:06.191+0000] {cursor.py:1028} INFO - query: [MERGE INTO MBTA_PREDICTIONS AS target USING (SELECT 'prediction-67995069-70079-9...]
[2025-04-23T01:38:08.929+0000] {cursor.py:1041} INFO - query execution done
[2025-04-23T01:38:08.935+0000] {cursor.py:1028} INFO - query: [MERGE INTO MBTA_PREDICTIONS AS target USING (SELECT 'prediction-67995082-70080-1...]
[2025-04-23T01:38:11.577+0000] {cursor.py:1041} INFO - query execution done
[2025-04-23T01:38:11.583+0000] {cursor.py:1028} INFO - query: [MERGE INTO MBTA_PREDICTIONS AS target USING (SELECT 'prediction-67995071-70079-9...]
[2025-04-23T01:38:14.134+0000] {cursor.py:1041} INFO - query execution done
[2025-04-23T01:38:14.143+0000] {cursor.py:1028} INFO - query: [MERGE INTO MBTA_PREDICTIONS AS target USING (SELECT 'prediction-67995086-70080-1...]
[2025-04-23T01:38:16.434+0000] {cursor.py:1041} INFO - query execution done
[2025-04-23T01:38:16.443+0000] {cursor.py:1028} INFO - query: [MERGE INTO MBTA_PREDICTIONS AS target USING (SELECT 'prediction-67995073-70079-9...]
[2025-04-23T01:38:19.139+0000] {cursor.py:1041} INFO - query execution done
[2025-04-23T01:38:19.143+0000] {cursor.py:1028} INFO - query: [MERGE INTO MBTA_PREDICTIONS AS target USING (SELECT 'prediction-67995090-70080-1...]
[2025-04-23T01:38:22.190+0000] {cursor.py:1041} INFO - query execution done
[2025-04-23T01:38:22.209+0000] {cursor.py:1028} INFO - query: [MERGE INTO MBTA_PREDICTIONS AS target USING (SELECT 'prediction-67995075-70079-9...]
[2025-04-23T01:38:25.032+0000] {cursor.py:1041} INFO - query execution done
[2025-04-23T01:38:25.044+0000] {cursor.py:1028} INFO - query: [MERGE INTO MBTA_PREDICTIONS AS target USING (SELECT 'prediction-67995094-70080-1...]
[2025-04-23T01:38:27.988+0000] {cursor.py:1041} INFO - query execution done
[2025-04-23T01:38:28.002+0000] {cursor.py:1028} INFO - query: [MERGE INTO MBTA_PREDICTIONS AS target USING (SELECT 'prediction-ADDED-1582321108...]
[2025-04-23T01:38:34.693+0000] {cursor.py:1041} INFO - query execution done
[2025-04-23T01:38:35.732+0000] {cursor.py:1028} INFO - query: [MERGE INTO MBTA_PREDICTIONS AS target USING (SELECT 'prediction-67995079-70079-9...]
[2025-04-23T01:38:40.688+0000] {cursor.py:1041} INFO - query execution done
[2025-04-23T01:38:40.806+0000] {cursor.py:1028} INFO - query: [MERGE INTO MBTA_PREDICTIONS AS target USING (SELECT 'prediction-67995098-70080-1...]
[2025-04-23T01:38:44.180+0000] {cursor.py:1041} INFO - query execution done
[2025-04-23T01:38:44.192+0000] {cursor.py:1028} INFO - query: [MERGE INTO MBTA_PREDICTIONS AS target USING (SELECT 'prediction-67995081-70079-9...]
[2025-04-23T01:38:46.154+0000] {cursor.py:1041} INFO - query execution done
[2025-04-23T01:38:46.179+0000] {cursor.py:1028} INFO - query: [MERGE INTO MBTA_PREDICTIONS AS target USING (SELECT 'prediction-67995102-70080-1...]
[2025-04-23T01:38:48.544+0000] {cursor.py:1041} INFO - query execution done
[2025-04-23T01:38:48.551+0000] {cursor.py:1028} INFO - query: [MERGE INTO MBTA_PREDICTIONS AS target USING (SELECT 'prediction-67995083-70079-9...]
[2025-04-23T01:38:51.133+0000] {cursor.py:1041} INFO - query execution done
[2025-04-23T01:38:51.136+0000] {cursor.py:1028} INFO - query: [MERGE INTO MBTA_PREDICTIONS AS target USING (SELECT 'prediction-67995106-70080-1...]
[2025-04-23T01:38:54.178+0000] {cursor.py:1041} INFO - query execution done
[2025-04-23T01:38:54.190+0000] {cursor.py:1028} INFO - query: [COMMIT]
[2025-04-23T01:38:54.333+0000] {cursor.py:1041} INFO - query execution done
[2025-04-23T01:38:54.334+0000] {cursor.py:1205} INFO - Number of results in first chunk: 1
[2025-04-23T01:38:54.335+0000] {mbta_kafka_consumer.py:139} INFO - ✅ Merged 21 new/changed records into Snowflake table: MBTA_PREDICTIONS in 65.51 seconds
[2025-04-23T01:38:54.345+0000] {mbta_kafka_consumer.py:233} INFO - 📥 Received 21 records from topic: mbta_predictions
[2025-04-23T01:38:54.374+0000] {mbta_kafka_consumer.py:56} INFO - 🔍 Sample data for MBTA_PREDICTIONS:
[2025-04-23T01:38:54.375+0000] {mbta_kafka_consumer.py:57} INFO - 
                               PREDICTION_ID  ...                 CREATED_AT
0  prediction-ADDED-1582321107-70080-130-Red  ... 2025-04-23 01:38:54.345901
1           prediction-67995063-70079-90-Red  ... 2025-04-23 01:38:54.345905
2  prediction-ADDED-1582321105-70080-130-Red  ... 2025-04-23 01:38:54.345907
3           prediction-67995065-70079-90-Red  ... 2025-04-23 01:38:54.345908
4   prediction-ADDED-1582321089-70079-90-Red  ... 2025-04-23 01:38:54.345909

[5 rows x 9 columns]
[2025-04-23T01:38:54.394+0000] {cursor.py:1028} INFO - query: [SELECT * FROM MBTA_PREDICTIONS WHERE PREDICTION_ID IN ('prediction-ADDED-1582321...]
[2025-04-23T01:38:54.638+0000] {cursor.py:1041} INFO - query execution done
[2025-04-23T01:38:54.639+0000] {cursor.py:1205} INFO - Number of results in first chunk: 21
[2025-04-23T01:38:54.661+0000] {mbta_kafka_consumer.py:104} INFO - 🔁 21 new/updated records out of 21 incoming records (some may be duplicate VEHICLE_IDs) for MBTA_PREDICTIONS
[2025-04-23T01:38:54.662+0000] {cursor.py:1028} INFO - query: [MERGE INTO MBTA_PREDICTIONS AS target USING (SELECT 'prediction-ADDED-1582321107...]
[2025-04-23T01:38:56.919+0000] {cursor.py:1041} INFO - query execution done
[2025-04-23T01:38:56.923+0000] {cursor.py:1028} INFO - query: [MERGE INTO MBTA_PREDICTIONS AS target USING (SELECT 'prediction-67995063-70079-9...]
[2025-04-23T01:38:59.257+0000] {cursor.py:1041} INFO - query execution done
[2025-04-23T01:38:59.269+0000] {cursor.py:1028} INFO - query: [MERGE INTO MBTA_PREDICTIONS AS target USING (SELECT 'prediction-ADDED-1582321105...]
[2025-04-23T01:39:01.540+0000] {cursor.py:1041} INFO - query execution done
[2025-04-23T01:39:01.543+0000] {cursor.py:1028} INFO - query: [MERGE INTO MBTA_PREDICTIONS AS target USING (SELECT 'prediction-67995065-70079-9...]
[2025-04-23T01:39:04.051+0000] {cursor.py:1041} INFO - query execution done
[2025-04-23T01:39:04.055+0000] {cursor.py:1028} INFO - query: [MERGE INTO MBTA_PREDICTIONS AS target USING (SELECT 'prediction-ADDED-1582321089...]
[2025-04-23T01:39:06.637+0000] {cursor.py:1041} INFO - query execution done
[2025-04-23T01:39:06.642+0000] {cursor.py:1028} INFO - query: [MERGE INTO MBTA_PREDICTIONS AS target USING (SELECT 'prediction-67995080-70080-1...]
[2025-04-23T01:39:09.317+0000] {cursor.py:1041} INFO - query execution done
[2025-04-23T01:39:09.323+0000] {cursor.py:1028} INFO - query: [MERGE INTO MBTA_PREDICTIONS AS target USING (SELECT 'prediction-67995069-70079-9...]
[2025-04-23T01:39:11.845+0000] {cursor.py:1041} INFO - query execution done
[2025-04-23T01:39:11.858+0000] {cursor.py:1028} INFO - query: [MERGE INTO MBTA_PREDICTIONS AS target USING (SELECT 'prediction-67995082-70080-1...]
[2025-04-23T01:39:14.316+0000] {cursor.py:1041} INFO - query execution done
[2025-04-23T01:39:14.322+0000] {cursor.py:1028} INFO - query: [MERGE INTO MBTA_PREDICTIONS AS target USING (SELECT 'prediction-67995071-70079-9...]
[2025-04-23T01:39:16.935+0000] {cursor.py:1041} INFO - query execution done
[2025-04-23T01:39:16.938+0000] {cursor.py:1028} INFO - query: [MERGE INTO MBTA_PREDICTIONS AS target USING (SELECT 'prediction-67995086-70080-1...]
[2025-04-23T01:39:19.178+0000] {cursor.py:1041} INFO - query execution done
[2025-04-23T01:39:19.186+0000] {cursor.py:1028} INFO - query: [MERGE INTO MBTA_PREDICTIONS AS target USING (SELECT 'prediction-67995073-70079-9...]
[2025-04-23T01:39:21.765+0000] {cursor.py:1041} INFO - query execution done
[2025-04-23T01:39:21.775+0000] {cursor.py:1028} INFO - query: [MERGE INTO MBTA_PREDICTIONS AS target USING (SELECT 'prediction-67995090-70080-1...]
[2025-04-23T01:39:24.184+0000] {cursor.py:1041} INFO - query execution done
[2025-04-23T01:39:24.189+0000] {cursor.py:1028} INFO - query: [MERGE INTO MBTA_PREDICTIONS AS target USING (SELECT 'prediction-67995075-70079-9...]
[2025-04-23T01:39:26.852+0000] {cursor.py:1041} INFO - query execution done
[2025-04-23T01:39:26.854+0000] {cursor.py:1028} INFO - query: [MERGE INTO MBTA_PREDICTIONS AS target USING (SELECT 'prediction-67995094-70080-1...]
[2025-04-23T01:39:30.085+0000] {cursor.py:1041} INFO - query execution done
[2025-04-23T01:39:30.086+0000] {cursor.py:1028} INFO - query: [MERGE INTO MBTA_PREDICTIONS AS target USING (SELECT 'prediction-ADDED-1582321108...]
[2025-04-23T01:39:32.513+0000] {cursor.py:1041} INFO - query execution done
[2025-04-23T01:39:32.516+0000] {cursor.py:1028} INFO - query: [MERGE INTO MBTA_PREDICTIONS AS target USING (SELECT 'prediction-67995079-70079-9...]
[2025-04-23T01:39:35.104+0000] {cursor.py:1041} INFO - query execution done
[2025-04-23T01:39:35.232+0000] {cursor.py:1028} INFO - query: [MERGE INTO MBTA_PREDICTIONS AS target USING (SELECT 'prediction-67995098-70080-1...]
[2025-04-23T01:39:37.618+0000] {cursor.py:1041} INFO - query execution done
[2025-04-23T01:39:37.621+0000] {cursor.py:1028} INFO - query: [MERGE INTO MBTA_PREDICTIONS AS target USING (SELECT 'prediction-67995081-70079-9...]
[2025-04-23T01:39:40.235+0000] {cursor.py:1041} INFO - query execution done
[2025-04-23T01:39:40.243+0000] {cursor.py:1028} INFO - query: [MERGE INTO MBTA_PREDICTIONS AS target USING (SELECT 'prediction-67995102-70080-1...]
[2025-04-23T01:39:43.238+0000] {cursor.py:1041} INFO - query execution done
[2025-04-23T01:39:43.240+0000] {cursor.py:1028} INFO - query: [MERGE INTO MBTA_PREDICTIONS AS target USING (SELECT 'prediction-67995083-70079-9...]
[2025-04-23T01:39:46.607+0000] {cursor.py:1041} INFO - query execution done
[2025-04-23T01:39:46.611+0000] {cursor.py:1028} INFO - query: [MERGE INTO MBTA_PREDICTIONS AS target USING (SELECT 'prediction-67995106-70080-1...]
[2025-04-23T01:39:49.785+0000] {cursor.py:1041} INFO - query execution done
[2025-04-23T01:39:49.788+0000] {cursor.py:1028} INFO - query: [COMMIT]
[2025-04-23T01:39:49.923+0000] {cursor.py:1041} INFO - query execution done
[2025-04-23T01:39:49.924+0000] {cursor.py:1205} INFO - Number of results in first chunk: 1
[2025-04-23T01:39:49.925+0000] {mbta_kafka_consumer.py:139} INFO - ✅ Merged 21 new/changed records into Snowflake table: MBTA_PREDICTIONS in 55.53 seconds
[2025-04-23T01:39:49.932+0000] {mbta_kafka_consumer.py:233} INFO - 📥 Received 21 records from topic: mbta_predictions
[2025-04-23T01:39:49.971+0000] {mbta_kafka_consumer.py:56} INFO - 🔍 Sample data for MBTA_PREDICTIONS:
[2025-04-23T01:39:49.972+0000] {mbta_kafka_consumer.py:57} INFO - 
                               PREDICTION_ID  ...                 CREATED_AT
0  prediction-ADDED-1582321107-70080-130-Red  ... 2025-04-23 01:39:49.933342
1           prediction-67995063-70079-90-Red  ... 2025-04-23 01:39:49.933368
2  prediction-ADDED-1582321105-70080-130-Red  ... 2025-04-23 01:39:49.933385
3           prediction-67995065-70079-90-Red  ... 2025-04-23 01:39:49.933397
4   prediction-ADDED-1582321089-70079-90-Red  ... 2025-04-23 01:39:49.933415

[5 rows x 9 columns]
[2025-04-23T01:39:49.986+0000] {cursor.py:1028} INFO - query: [SELECT * FROM MBTA_PREDICTIONS WHERE PREDICTION_ID IN ('prediction-ADDED-1582321...]
[2025-04-23T01:39:50.222+0000] {cursor.py:1041} INFO - query execution done
[2025-04-23T01:39:50.223+0000] {cursor.py:1205} INFO - Number of results in first chunk: 21
[2025-04-23T01:39:50.250+0000] {mbta_kafka_consumer.py:104} INFO - 🔁 21 new/updated records out of 21 incoming records (some may be duplicate VEHICLE_IDs) for MBTA_PREDICTIONS
[2025-04-23T01:39:50.251+0000] {cursor.py:1028} INFO - query: [MERGE INTO MBTA_PREDICTIONS AS target USING (SELECT 'prediction-ADDED-1582321107...]
[2025-04-23T01:39:53.492+0000] {cursor.py:1041} INFO - query execution done
[2025-04-23T01:39:53.502+0000] {cursor.py:1028} INFO - query: [MERGE INTO MBTA_PREDICTIONS AS target USING (SELECT 'prediction-67995063-70079-9...]
[2025-04-23T01:39:57.023+0000] {cursor.py:1041} INFO - query execution done
[2025-04-23T01:39:57.033+0000] {cursor.py:1028} INFO - query: [MERGE INTO MBTA_PREDICTIONS AS target USING (SELECT 'prediction-ADDED-1582321105...]
[2025-04-23T01:39:59.898+0000] {cursor.py:1041} INFO - query execution done
[2025-04-23T01:39:59.911+0000] {cursor.py:1028} INFO - query: [MERGE INTO MBTA_PREDICTIONS AS target USING (SELECT 'prediction-67995065-70079-9...]
[2025-04-23T01:40:02.929+0000] {cursor.py:1041} INFO - query execution done
[2025-04-23T01:40:02.933+0000] {cursor.py:1028} INFO - query: [MERGE INTO MBTA_PREDICTIONS AS target USING (SELECT 'prediction-ADDED-1582321089...]
[2025-04-23T01:40:06.062+0000] {cursor.py:1041} INFO - query execution done
[2025-04-23T01:40:06.100+0000] {cursor.py:1028} INFO - query: [MERGE INTO MBTA_PREDICTIONS AS target USING (SELECT 'prediction-67995080-70080-1...]
[2025-04-23T01:40:09.509+0000] {cursor.py:1041} INFO - query execution done
[2025-04-23T01:40:09.519+0000] {cursor.py:1028} INFO - query: [MERGE INTO MBTA_PREDICTIONS AS target USING (SELECT 'prediction-67995069-70079-9...]
[2025-04-23T01:40:12.579+0000] {cursor.py:1041} INFO - query execution done
[2025-04-23T01:40:12.585+0000] {cursor.py:1028} INFO - query: [MERGE INTO MBTA_PREDICTIONS AS target USING (SELECT 'prediction-67995082-70080-1...]
[2025-04-23T01:40:15.541+0000] {cursor.py:1041} INFO - query execution done
[2025-04-23T01:40:15.559+0000] {cursor.py:1028} INFO - query: [MERGE INTO MBTA_PREDICTIONS AS target USING (SELECT 'prediction-67995071-70079-9...]
[2025-04-23T01:40:18.507+0000] {cursor.py:1041} INFO - query execution done
[2025-04-23T01:40:18.582+0000] {cursor.py:1028} INFO - query: [MERGE INTO MBTA_PREDICTIONS AS target USING (SELECT 'prediction-67995086-70080-1...]
[2025-04-23T01:40:21.577+0000] {cursor.py:1041} INFO - query execution done
[2025-04-23T01:40:21.583+0000] {cursor.py:1028} INFO - query: [MERGE INTO MBTA_PREDICTIONS AS target USING (SELECT 'prediction-67995073-70079-9...]
[2025-04-23T01:40:24.673+0000] {cursor.py:1041} INFO - query execution done
[2025-04-23T01:40:24.683+0000] {cursor.py:1028} INFO - query: [MERGE INTO MBTA_PREDICTIONS AS target USING (SELECT 'prediction-67995090-70080-1...]
[2025-04-23T01:40:27.633+0000] {cursor.py:1041} INFO - query execution done
[2025-04-23T01:40:27.645+0000] {cursor.py:1028} INFO - query: [MERGE INTO MBTA_PREDICTIONS AS target USING (SELECT 'prediction-67995075-70079-9...]
[2025-04-23T01:40:30.506+0000] {cursor.py:1041} INFO - query execution done
[2025-04-23T01:40:30.516+0000] {cursor.py:1028} INFO - query: [MERGE INTO MBTA_PREDICTIONS AS target USING (SELECT 'prediction-67995094-70080-1...]
[2025-04-23T01:40:33.526+0000] {cursor.py:1041} INFO - query execution done
[2025-04-23T01:40:33.621+0000] {cursor.py:1028} INFO - query: [MERGE INTO MBTA_PREDICTIONS AS target USING (SELECT 'prediction-ADDED-1582321108...]
[2025-04-23T01:40:36.371+0000] {cursor.py:1041} INFO - query execution done
[2025-04-23T01:40:36.375+0000] {cursor.py:1028} INFO - query: [MERGE INTO MBTA_PREDICTIONS AS target USING (SELECT 'prediction-67995079-70079-9...]
[2025-04-23T01:40:39.752+0000] {cursor.py:1041} INFO - query execution done
[2025-04-23T01:40:39.759+0000] {cursor.py:1028} INFO - query: [MERGE INTO MBTA_PREDICTIONS AS target USING (SELECT 'prediction-67995098-70080-1...]
[2025-04-23T01:40:43.341+0000] {cursor.py:1041} INFO - query execution done
[2025-04-23T01:40:43.345+0000] {cursor.py:1028} INFO - query: [MERGE INTO MBTA_PREDICTIONS AS target USING (SELECT 'prediction-67995081-70079-9...]
[2025-04-23T01:40:46.337+0000] {cursor.py:1041} INFO - query execution done
[2025-04-23T01:40:46.341+0000] {cursor.py:1028} INFO - query: [MERGE INTO MBTA_PREDICTIONS AS target USING (SELECT 'prediction-67995102-70080-1...]
[2025-04-23T01:40:49.346+0000] {cursor.py:1041} INFO - query execution done
[2025-04-23T01:40:49.358+0000] {cursor.py:1028} INFO - query: [MERGE INTO MBTA_PREDICTIONS AS target USING (SELECT 'prediction-67995083-70079-9...]
[2025-04-23T01:40:52.729+0000] {cursor.py:1041} INFO - query execution done
[2025-04-23T01:40:52.734+0000] {cursor.py:1028} INFO - query: [MERGE INTO MBTA_PREDICTIONS AS target USING (SELECT 'prediction-67995106-70080-1...]
[2025-04-23T01:40:55.167+0000] {cursor.py:1041} INFO - query execution done
[2025-04-23T01:40:55.171+0000] {cursor.py:1028} INFO - query: [COMMIT]
[2025-04-23T01:40:55.332+0000] {cursor.py:1041} INFO - query execution done
[2025-04-23T01:40:55.333+0000] {cursor.py:1205} INFO - Number of results in first chunk: 1
[2025-04-23T01:40:55.333+0000] {mbta_kafka_consumer.py:139} INFO - ✅ Merged 21 new/changed records into Snowflake table: MBTA_PREDICTIONS in 65.35 seconds
[2025-04-23T01:40:55.337+0000] {mbta_kafka_consumer.py:233} INFO - 📥 Received 21 records from topic: mbta_predictions
[2025-04-23T01:40:55.359+0000] {mbta_kafka_consumer.py:56} INFO - 🔍 Sample data for MBTA_PREDICTIONS:
[2025-04-23T01:40:55.359+0000] {mbta_kafka_consumer.py:57} INFO - 
                               PREDICTION_ID  ...                 CREATED_AT
0  prediction-ADDED-1582321107-70080-130-Red  ... 2025-04-23 01:40:55.338419
1           prediction-67995063-70079-90-Red  ... 2025-04-23 01:40:55.338425
2  prediction-ADDED-1582321105-70080-130-Red  ... 2025-04-23 01:40:55.338434
3           prediction-67995065-70079-90-Red  ... 2025-04-23 01:40:55.338436
4   prediction-ADDED-1582321089-70079-90-Red  ... 2025-04-23 01:40:55.338447

[5 rows x 9 columns]
[2025-04-23T01:40:55.370+0000] {cursor.py:1028} INFO - query: [SELECT * FROM MBTA_PREDICTIONS WHERE PREDICTION_ID IN ('prediction-ADDED-1582321...]
[2025-04-23T01:40:55.525+0000] {cursor.py:1041} INFO - query execution done
[2025-04-23T01:40:55.525+0000] {cursor.py:1205} INFO - Number of results in first chunk: 21
[2025-04-23T01:40:55.546+0000] {mbta_kafka_consumer.py:104} INFO - 🔁 21 new/updated records out of 21 incoming records (some may be duplicate VEHICLE_IDs) for MBTA_PREDICTIONS
[2025-04-23T01:40:55.548+0000] {cursor.py:1028} INFO - query: [MERGE INTO MBTA_PREDICTIONS AS target USING (SELECT 'prediction-ADDED-1582321107...]
[2025-04-23T01:40:58.565+0000] {cursor.py:1041} INFO - query execution done
[2025-04-23T01:40:58.574+0000] {cursor.py:1028} INFO - query: [MERGE INTO MBTA_PREDICTIONS AS target USING (SELECT 'prediction-67995063-70079-9...]
[2025-04-23T01:41:01.117+0000] {cursor.py:1041} INFO - query execution done
[2025-04-23T01:41:01.120+0000] {cursor.py:1028} INFO - query: [MERGE INTO MBTA_PREDICTIONS AS target USING (SELECT 'prediction-ADDED-1582321105...]
[2025-04-23T01:41:04.356+0000] {cursor.py:1041} INFO - query execution done
[2025-04-23T01:41:04.361+0000] {cursor.py:1028} INFO - query: [MERGE INTO MBTA_PREDICTIONS AS target USING (SELECT 'prediction-67995065-70079-9...]
[2025-04-23T01:41:07.829+0000] {cursor.py:1041} INFO - query execution done
[2025-04-23T01:41:07.840+0000] {cursor.py:1028} INFO - query: [MERGE INTO MBTA_PREDICTIONS AS target USING (SELECT 'prediction-ADDED-1582321089...]
[2025-04-23T01:41:11.060+0000] {cursor.py:1041} INFO - query execution done
[2025-04-23T01:41:11.078+0000] {cursor.py:1028} INFO - query: [MERGE INTO MBTA_PREDICTIONS AS target USING (SELECT 'prediction-67995080-70080-1...]
[2025-04-23T01:41:12.983+0000] {cursor.py:1041} INFO - query execution done
[2025-04-23T01:41:12.986+0000] {cursor.py:1028} INFO - query: [MERGE INTO MBTA_PREDICTIONS AS target USING (SELECT 'prediction-67995069-70079-9...]
[2025-04-23T01:41:16.170+0000] {cursor.py:1041} INFO - query execution done
[2025-04-23T01:41:16.178+0000] {cursor.py:1028} INFO - query: [MERGE INTO MBTA_PREDICTIONS AS target USING (SELECT 'prediction-67995082-70080-1...]
[2025-04-23T01:41:20.633+0000] {cursor.py:1041} INFO - query execution done
[2025-04-23T01:41:20.654+0000] {cursor.py:1028} INFO - query: [MERGE INTO MBTA_PREDICTIONS AS target USING (SELECT 'prediction-67995071-70079-9...]
[2025-04-23T01:41:23.758+0000] {cursor.py:1041} INFO - query execution done
[2025-04-23T01:41:23.771+0000] {cursor.py:1028} INFO - query: [MERGE INTO MBTA_PREDICTIONS AS target USING (SELECT 'prediction-67995086-70080-1...]
[2025-04-23T01:41:27.456+0000] {cursor.py:1041} INFO - query execution done
[2025-04-23T01:41:27.477+0000] {cursor.py:1028} INFO - query: [MERGE INTO MBTA_PREDICTIONS AS target USING (SELECT 'prediction-67995073-70079-9...]
[2025-04-23T01:41:30.260+0000] {cursor.py:1041} INFO - query execution done
[2025-04-23T01:41:30.286+0000] {cursor.py:1028} INFO - query: [MERGE INTO MBTA_PREDICTIONS AS target USING (SELECT 'prediction-67995090-70080-1...]
[2025-04-23T01:41:33.157+0000] {cursor.py:1041} INFO - query execution done
[2025-04-23T01:41:33.162+0000] {cursor.py:1028} INFO - query: [MERGE INTO MBTA_PREDICTIONS AS target USING (SELECT 'prediction-67995075-70079-9...]
[2025-04-23T01:41:36.034+0000] {cursor.py:1041} INFO - query execution done
[2025-04-23T01:41:36.041+0000] {cursor.py:1028} INFO - query: [MERGE INTO MBTA_PREDICTIONS AS target USING (SELECT 'prediction-67995094-70080-1...]
[2025-04-23T01:41:38.848+0000] {cursor.py:1041} INFO - query execution done
[2025-04-23T01:41:38.873+0000] {cursor.py:1028} INFO - query: [MERGE INTO MBTA_PREDICTIONS AS target USING (SELECT 'prediction-ADDED-1582321108...]
[2025-04-23T01:41:41.647+0000] {cursor.py:1041} INFO - query execution done
[2025-04-23T01:41:41.653+0000] {cursor.py:1028} INFO - query: [MERGE INTO MBTA_PREDICTIONS AS target USING (SELECT 'prediction-67995079-70079-9...]
[2025-04-23T01:41:46.424+0000] {cursor.py:1041} INFO - query execution done
[2025-04-23T01:41:48.265+0000] {cursor.py:1028} INFO - query: [MERGE INTO MBTA_PREDICTIONS AS target USING (SELECT 'prediction-67995098-70080-1...]
[2025-04-23T01:42:00.515+0000] {cursor.py:1041} INFO - query execution done
[2025-04-23T01:42:03.197+0000] {cursor.py:1028} INFO - query: [MERGE INTO MBTA_PREDICTIONS AS target USING (SELECT 'prediction-67995081-70079-9...]
[2025-04-23T01:42:25.526+0000] {cursor.py:1041} INFO - query execution done
[2025-04-23T01:42:28.592+0000] {cursor.py:1028} INFO - query: [MERGE INTO MBTA_PREDICTIONS AS target USING (SELECT 'prediction-67995102-70080-1...]
[2025-04-23T01:42:26.497+0000] {cursor.py:1041} INFO - query execution done
[2025-04-23T01:42:26.689+0000] {cursor.py:1028} INFO - query: [MERGE INTO MBTA_PREDICTIONS AS target USING (SELECT 'prediction-67995083-70079-9...]
[2025-04-23T01:42:28.175+0000] {cursor.py:1041} INFO - query execution done
[2025-04-23T01:42:28.271+0000] {cursor.py:1028} INFO - query: [MERGE INTO MBTA_PREDICTIONS AS target USING (SELECT 'prediction-67995106-70080-1...]
[2025-04-23T01:42:30.138+0000] {cursor.py:1041} INFO - query execution done
[2025-04-23T01:42:30.145+0000] {cursor.py:1028} INFO - query: [COMMIT]
[2025-04-23T01:42:30.291+0000] {cursor.py:1041} INFO - query execution done
[2025-04-23T01:42:30.309+0000] {cursor.py:1205} INFO - Number of results in first chunk: 1
[2025-04-23T01:42:30.312+0000] {mbta_kafka_consumer.py:139} INFO - ✅ Merged 21 new/changed records into Snowflake table: MBTA_PREDICTIONS in 94.94 seconds
[2025-04-23T01:42:30.330+0000] {mbta_kafka_consumer.py:233} INFO - 📥 Received 23 records from topic: mbta_predictions
[2025-04-23T01:42:30.382+0000] {mbta_kafka_consumer.py:56} INFO - 🔍 Sample data for MBTA_PREDICTIONS:
[2025-04-23T01:42:30.384+0000] {mbta_kafka_consumer.py:57} INFO - 
                               PREDICTION_ID  ...                 CREATED_AT
0  prediction-ADDED-1582321107-70080-130-Red  ... 2025-04-23 01:42:30.334182
1           prediction-67995063-70079-90-Red  ... 2025-04-23 01:42:30.334257
2  prediction-ADDED-1582321105-70080-130-Red  ... 2025-04-23 01:42:30.334308
3           prediction-67995065-70079-90-Red  ... 2025-04-23 01:42:30.334310
4   prediction-ADDED-1582321089-70079-90-Red  ... 2025-04-23 01:42:30.334319

[5 rows x 9 columns]
[2025-04-23T01:42:30.419+0000] {cursor.py:1028} INFO - query: [SELECT * FROM MBTA_PREDICTIONS WHERE PREDICTION_ID IN ('prediction-ADDED-1582321...]
[2025-04-23T01:42:30.650+0000] {cursor.py:1041} INFO - query execution done
[2025-04-23T01:42:30.656+0000] {cursor.py:1205} INFO - Number of results in first chunk: 23
[2025-04-23T01:42:30.710+0000] {mbta_kafka_consumer.py:104} INFO - 🔁 23 new/updated records out of 23 incoming records (some may be duplicate VEHICLE_IDs) for MBTA_PREDICTIONS
[2025-04-23T01:42:30.712+0000] {cursor.py:1028} INFO - query: [MERGE INTO MBTA_PREDICTIONS AS target USING (SELECT 'prediction-ADDED-1582321107...]
[2025-04-23T01:42:34.194+0000] {cursor.py:1041} INFO - query execution done
[2025-04-23T01:42:34.265+0000] {cursor.py:1028} INFO - query: [MERGE INTO MBTA_PREDICTIONS AS target USING (SELECT 'prediction-67995063-70079-9...]
[2025-04-23T01:42:36.058+0000] {cursor.py:1041} INFO - query execution done
[2025-04-23T01:42:36.063+0000] {cursor.py:1028} INFO - query: [MERGE INTO MBTA_PREDICTIONS AS target USING (SELECT 'prediction-ADDED-1582321105...]
[2025-04-23T01:42:39.081+0000] {cursor.py:1041} INFO - query execution done
[2025-04-23T01:42:39.086+0000] {cursor.py:1028} INFO - query: [MERGE INTO MBTA_PREDICTIONS AS target USING (SELECT 'prediction-67995065-70079-9...]
[2025-04-23T01:42:41.473+0000] {cursor.py:1041} INFO - query execution done
[2025-04-23T01:42:41.476+0000] {cursor.py:1028} INFO - query: [MERGE INTO MBTA_PREDICTIONS AS target USING (SELECT 'prediction-ADDED-1582321089...]
[2025-04-23T01:42:44.507+0000] {cursor.py:1041} INFO - query execution done
[2025-04-23T01:42:44.516+0000] {cursor.py:1028} INFO - query: [MERGE INTO MBTA_PREDICTIONS AS target USING (SELECT 'prediction-67995080-70080-1...]
[2025-04-23T01:42:48.197+0000] {cursor.py:1041} INFO - query execution done
[2025-04-23T01:42:48.204+0000] {cursor.py:1028} INFO - query: [MERGE INTO MBTA_PREDICTIONS AS target USING (SELECT 'prediction-67995069-70079-9...]
[2025-04-23T01:42:51.125+0000] {cursor.py:1041} INFO - query execution done
[2025-04-23T01:42:51.133+0000] {cursor.py:1028} INFO - query: [MERGE INTO MBTA_PREDICTIONS AS target USING (SELECT 'prediction-67995082-70080-1...]
[2025-04-23T01:43:02.233+0000] {cursor.py:1041} INFO - query execution done
[2025-04-23T01:43:02.237+0000] {cursor.py:1028} INFO - query: [MERGE INTO MBTA_PREDICTIONS AS target USING (SELECT 'prediction-67995071-70079-9...]
[2025-04-23T01:43:04.278+0000] {cursor.py:1041} INFO - query execution done
[2025-04-23T01:43:04.280+0000] {cursor.py:1028} INFO - query: [MERGE INTO MBTA_PREDICTIONS AS target USING (SELECT 'prediction-67995086-70080-1...]
[2025-04-23T01:43:06.636+0000] {cursor.py:1041} INFO - query execution done
[2025-04-23T01:43:06.636+0000] {cursor.py:1028} INFO - query: [MERGE INTO MBTA_PREDICTIONS AS target USING (SELECT 'prediction-67995073-70079-9...]
