[2025-04-24T20:02:12.993+0000] {taskinstance.py:1956} INFO - Dependencies all met for dep_context=non-requeueable deps ti=<TaskInstance: mbta_kafka_consumer_dag.run_kafka_consumer scheduled__2025-04-24T19:55:00+00:00 [queued]>
[2025-04-24T20:02:12.998+0000] {taskinstance.py:1956} INFO - Dependencies all met for dep_context=requeueable deps ti=<TaskInstance: mbta_kafka_consumer_dag.run_kafka_consumer scheduled__2025-04-24T19:55:00+00:00 [queued]>
[2025-04-24T20:02:12.998+0000] {taskinstance.py:2170} INFO - Starting attempt 2 of 2
[2025-04-24T20:02:13.006+0000] {taskinstance.py:2191} INFO - Executing <Task(PythonOperator): run_kafka_consumer> on 2025-04-24 19:55:00+00:00
[2025-04-24T20:02:13.011+0000] {standard_task_runner.py:60} INFO - Started process 958 to run task
[2025-04-24T20:02:13.014+0000] {standard_task_runner.py:87} INFO - Running: ['***', 'tasks', 'run', 'mbta_kafka_consumer_dag', 'run_kafka_consumer', 'scheduled__2025-04-24T19:55:00+00:00', '--job-id', '1187', '--raw', '--subdir', 'DAGS_FOLDER/mbta_kafka_consumer_dag.py', '--cfg-path', '/tmp/tmpnmy9puk_']
[2025-04-24T20:02:13.016+0000] {standard_task_runner.py:88} INFO - Job 1187: Subtask run_kafka_consumer
[2025-04-24T20:02:13.089+0000] {task_command.py:423} INFO - Running <TaskInstance: mbta_kafka_consumer_dag.run_kafka_consumer scheduled__2025-04-24T19:55:00+00:00 [running]> on host 7d28d756df2b
[2025-04-24T20:02:13.168+0000] {taskinstance.py:2480} INFO - Exporting env vars: AIRFLOW_CTX_DAG_OWNER='***' AIRFLOW_CTX_DAG_ID='mbta_kafka_consumer_dag' AIRFLOW_CTX_TASK_ID='run_kafka_consumer' AIRFLOW_CTX_EXECUTION_DATE='2025-04-24T19:55:00+00:00' AIRFLOW_CTX_TRY_NUMBER='2' AIRFLOW_CTX_DAG_RUN_ID='scheduled__2025-04-24T19:55:00+00:00'
[2025-04-24T20:02:13.171+0000] {connection.py:370} INFO - Snowflake Connector for Python Version: 3.6.0, Python Version: 3.9.18, Platform: Linux-6.10.14-linuxkit-aarch64-with-glibc2.36
[2025-04-24T20:02:13.172+0000] {connection.py:1171} INFO - This connection is in OCSP Fail Open Mode. TLS Certificates would be checked for validity and revocation status. Any other Certificate Revocation related exceptions or OCSP Responder failures would be disregarded in favor of connectivity.
[2025-04-24T20:02:13.916+0000] {mbta_kafka_consumer.py:52} INFO - ✅ Connected to Snowflake successfully.
[2025-04-24T20:02:13.922+0000] {mbta_kafka_consumer.py:266} INFO - 🚀 Starting MBTA Kafka Consumer...
[2025-04-24T20:02:13.935+0000] {conn.py:395} INFO - <BrokerConnection client_id=kafka-python-2.1.5, node_id=bootstrap-0 host=kafka:9092 <connecting> [IPv4 ('172.18.0.4', 9092)]>: connecting to kafka:9092 [('172.18.0.4', 9092) IPv4]
[2025-04-24T20:02:13.994+0000] {conn.py:615} INFO - <BrokerConnection client_id=kafka-python-2.1.5, node_id=bootstrap-0 host=kafka:9092 <checking_api_versions_recv> [IPv4 ('172.18.0.4', 9092)]>: Broker version identified as 2.6
[2025-04-24T20:02:13.996+0000] {conn.py:456} INFO - <BrokerConnection client_id=kafka-python-2.1.5, node_id=bootstrap-0 host=kafka:9092 <connected> [IPv4 ('172.18.0.4', 9092)]>: Connection complete.
[2025-04-24T20:02:13.996+0000] {consumer.py:119} WARNING - group_id is None: disabling auto-commit.
[2025-04-24T20:02:13.997+0000] {subscription_state.py:182} INFO - Updating subscribed topics to: ('mbta_alerts', 'mbta_routes', 'mbta_stops', 'mbta_vehicles', 'mbta_predictions', 'mbta_schedules', 'mbta_lines', 'mbta_facilities')
[2025-04-24T20:02:14.001+0000] {subscription_state.py:254} INFO - Updated partition assignment: [('mbta_vehicles', 0), ('mbta_predictions', 0), ('mbta_lines', 0), ('mbta_stops', 0), ('mbta_facilities', 0), ('mbta_schedules', 0), ('mbta_routes', 0), ('mbta_alerts', 0)]
[2025-04-24T20:02:14.013+0000] {conn.py:395} INFO - <BrokerConnection client_id=kafka-python-2.1.5, node_id=1 host=kafka:9092 <connecting> [IPv4 ('172.18.0.4', 9092)]>: connecting to kafka:9092 [('172.18.0.4', 9092) IPv4]
[2025-04-24T20:02:14.016+0000] {conn.py:456} INFO - <BrokerConnection client_id=kafka-python-2.1.5, node_id=1 host=kafka:9092 <connected> [IPv4 ('172.18.0.4', 9092)]>: Connection complete.
[2025-04-24T20:02:14.016+0000] {conn.py:936} INFO - <BrokerConnection client_id=kafka-python-2.1.5, node_id=bootstrap-0 host=kafka:9092 <connected> [IPv4 ('172.18.0.4', 9092)]>: Closing connection. 
[2025-04-24T20:02:16.742+0000] {mbta_kafka_consumer.py:280} INFO - 📥 Received 408 records from topic: mbta_predictions
[2025-04-24T20:02:16.776+0000] {mbta_kafka_consumer.py:62} INFO - 🔍 Sample data for MBTA_PREDICTIONS:
[2025-04-24T20:02:16.776+0000] {mbta_kafka_consumer.py:63} INFO - 
                             PREDICTION_ID  ...                 CREATED_AT
0  prediction-ADDED-1582324109-70061-1-Red  ... 2025-04-24 20:02:16.744347
1  prediction-ADDED-1582324023-70105-1-Red  ... 2025-04-24 20:02:16.744374
2          prediction-67995056-70105-1-Red  ... 2025-04-24 20:02:16.744403
3          prediction-67995050-70105-1-Red  ... 2025-04-24 20:02:16.744424
4          prediction-67995044-70105-1-Red  ... 2025-04-24 20:02:16.744446

[5 rows x 9 columns]
[2025-04-24T20:02:16.795+0000] {cursor.py:1028} INFO - query: [SELECT * FROM MBTA_PREDICTIONS WHERE PREDICTION_ID IN ('prediction-ADDED-1582324...]
[2025-04-24T20:02:17.102+0000] {cursor.py:1041} INFO - query execution done
[2025-04-24T20:02:17.104+0000] {cursor.py:1205} INFO - Number of results in first chunk: 408
[2025-04-24T20:02:17.197+0000] {mbta_kafka_consumer.py:112} INFO - 🔁 408 new/updated records out of 408 incoming records (some may be duplicates) for MBTA_PREDICTIONS
[2025-04-24T20:02:17.199+0000] {cursor.py:1028} INFO - query: [MERGE INTO MBTA_PREDICTIONS AS target USING (SELECT 'prediction-ADDED-1582324109...]
[2025-04-24T20:02:18.818+0000] {cursor.py:1041} INFO - query execution done
[2025-04-24T20:02:18.824+0000] {cursor.py:1028} INFO - query: [MERGE INTO MBTA_PREDICTIONS AS target USING (SELECT 'prediction-ADDED-1582324023...]
[2025-04-24T20:02:20.661+0000] {cursor.py:1041} INFO - query execution done
[2025-04-24T20:02:20.667+0000] {cursor.py:1028} INFO - query: [MERGE INTO MBTA_PREDICTIONS AS target USING (SELECT 'prediction-67995056-70105-1...]
[2025-04-24T20:02:22.103+0000] {cursor.py:1041} INFO - query execution done
[2025-04-24T20:02:22.104+0000] {cursor.py:1028} INFO - query: [MERGE INTO MBTA_PREDICTIONS AS target USING (SELECT 'prediction-67995050-70105-1...]
[2025-04-24T20:02:23.996+0000] {cursor.py:1041} INFO - query execution done
[2025-04-24T20:02:24.088+0000] {cursor.py:1028} INFO - query: [MERGE INTO MBTA_PREDICTIONS AS target USING (SELECT 'prediction-67995044-70105-1...]
[2025-04-24T20:02:26.037+0000] {cursor.py:1041} INFO - query execution done
[2025-04-24T20:02:26.050+0000] {cursor.py:1028} INFO - query: [MERGE INTO MBTA_PREDICTIONS AS target USING (SELECT 'prediction-67995027-70061-1...]
[2025-04-24T20:02:27.129+0000] {cursor.py:1041} INFO - query execution done
[2025-04-24T20:02:27.133+0000] {cursor.py:1028} INFO - query: [MERGE INTO MBTA_PREDICTIONS AS target USING (SELECT 'prediction-67995021-70061-1...]
[2025-04-24T20:02:28.756+0000] {cursor.py:1041} INFO - query execution done
[2025-04-24T20:02:28.757+0000] {cursor.py:1028} INFO - query: [MERGE INTO MBTA_PREDICTIONS AS target USING (SELECT 'prediction-67995015-70061-1...]
[2025-04-24T20:02:30.483+0000] {cursor.py:1041} INFO - query execution done
[2025-04-24T20:02:30.485+0000] {cursor.py:1028} INFO - query: [MERGE INTO MBTA_PREDICTIONS AS target USING (SELECT 'prediction-67995009-70061-1...]
[2025-04-24T20:02:32.127+0000] {cursor.py:1041} INFO - query execution done
[2025-04-24T20:02:32.129+0000] {cursor.py:1028} INFO - query: [MERGE INTO MBTA_PREDICTIONS AS target USING (SELECT 'prediction-67995003-70061-1...]
[2025-04-24T20:02:33.983+0000] {cursor.py:1041} INFO - query execution done
[2025-04-24T20:02:33.985+0000] {cursor.py:1028} INFO - query: [MERGE INTO MBTA_PREDICTIONS AS target USING (SELECT 'prediction-67994997-70061-1...]
[2025-04-24T20:02:35.422+0000] {cursor.py:1041} INFO - query execution done
[2025-04-24T20:02:35.424+0000] {cursor.py:1028} INFO - query: [MERGE INTO MBTA_PREDICTIONS AS target USING (SELECT 'prediction-67994992-70105-1...]
[2025-04-24T20:02:37.444+0000] {cursor.py:1041} INFO - query execution done
[2025-04-24T20:02:37.474+0000] {cursor.py:1028} INFO - query: [MERGE INTO MBTA_PREDICTIONS AS target USING (SELECT 'prediction-67994991-Alewife...]
[2025-04-24T20:02:38.973+0000] {cursor.py:1041} INFO - query execution done
[2025-04-24T20:02:38.975+0000] {cursor.py:1028} INFO - query: [MERGE INTO MBTA_PREDICTIONS AS target USING (SELECT 'prediction-67994980-70105-1...]
[2025-04-24T20:02:40.637+0000] {cursor.py:1041} INFO - query execution done
[2025-04-24T20:02:40.637+0000] {cursor.py:1028} INFO - query: [MERGE INTO MBTA_PREDICTIONS AS target USING (SELECT 'prediction-67994968-70105-1...]
[2025-04-24T20:02:42.212+0000] {cursor.py:1041} INFO - query execution done
[2025-04-24T20:02:42.214+0000] {cursor.py:1028} INFO - query: [MERGE INTO MBTA_PREDICTIONS AS target USING (SELECT 'prediction-67994962-70105-1...]
[2025-04-24T20:02:44.604+0000] {cursor.py:1041} INFO - query execution done
[2025-04-24T20:02:44.614+0000] {cursor.py:1028} INFO - query: [MERGE INTO MBTA_PREDICTIONS AS target USING (SELECT 'prediction-67994929-70073-6...]
[2025-04-24T20:02:46.052+0000] {cursor.py:1041} INFO - query execution done
[2025-04-24T20:02:46.055+0000] {cursor.py:1028} INFO - query: [MERGE INTO MBTA_PREDICTIONS AS target USING (SELECT 'prediction-67995020-70098-4...]
[2025-04-24T20:02:47.559+0000] {cursor.py:1041} INFO - query execution done
[2025-04-24T20:02:47.560+0000] {cursor.py:1028} INFO - query: [MERGE INTO MBTA_PREDICTIONS AS target USING (SELECT 'prediction-67994911-70099-1...]
[2025-04-24T20:02:49.280+0000] {cursor.py:1041} INFO - query execution done
[2025-04-24T20:02:49.284+0000] {cursor.py:1028} INFO - query: [MERGE INTO MBTA_PREDICTIONS AS target USING (SELECT 'prediction-ADDED-1582324108...]
[2025-04-24T20:02:51.563+0000] {cursor.py:1041} INFO - query execution done
[2025-04-24T20:02:51.565+0000] {cursor.py:1028} INFO - query: [MERGE INTO MBTA_PREDICTIONS AS target USING (SELECT 'prediction-67994905-70101-2...]
[2025-04-24T20:02:53.565+0000] {cursor.py:1041} INFO - query execution done
[2025-04-24T20:02:53.585+0000] {cursor.py:1028} INFO - query: [MERGE INTO MBTA_PREDICTIONS AS target USING (SELECT 'prediction-67995014-70084-1...]
[2025-04-24T20:02:54.257+0000] {cursor.py:1041} INFO - query execution done
[2025-04-24T20:02:54.259+0000] {cursor.py:1028} INFO - query: [MERGE INTO MBTA_PREDICTIONS AS target USING (SELECT 'prediction-67994973-70077-8...]
[2025-04-24T20:02:55.852+0000] {cursor.py:1041} INFO - query execution done
[2025-04-24T20:02:55.853+0000] {cursor.py:1028} INFO - query: [MERGE INTO MBTA_PREDICTIONS AS target USING (SELECT 'prediction-67995008-70074-1...]
[2025-04-24T20:02:57.682+0000] {cursor.py:1041} INFO - query execution done
[2025-04-24T20:02:57.684+0000] {cursor.py:1028} INFO - query: [MERGE INTO MBTA_PREDICTIONS AS target USING (SELECT 'prediction-67994996-70061-2...]
[2025-04-24T20:02:59.101+0000] {cursor.py:1041} INFO - query execution done
[2025-04-24T20:02:59.115+0000] {cursor.py:1028} INFO - query: [MERGE INTO MBTA_PREDICTIONS AS target USING (SELECT 'prediction-67995002-70064-2...]
[2025-04-24T20:03:00.617+0000] {cursor.py:1041} INFO - query execution done
[2025-04-24T20:03:00.626+0000] {cursor.py:1028} INFO - query: [MERGE INTO MBTA_PREDICTIONS AS target USING (SELECT 'prediction-67994979-70069-4...]
[2025-04-24T20:03:02.361+0000] {cursor.py:1041} INFO - query execution done
[2025-04-24T20:03:02.374+0000] {cursor.py:1028} INFO - query: [MERGE INTO MBTA_PREDICTIONS AS target USING (SELECT 'prediction-67994929-70075-7...]
[2025-04-24T20:03:04.127+0000] {cursor.py:1041} INFO - query execution done
[2025-04-24T20:03:04.139+0000] {cursor.py:1028} INFO - query: [MERGE INTO MBTA_PREDICTIONS AS target USING (SELECT 'prediction-ADDED-1582324036...]
[2025-04-24T20:03:04.832+0000] {cursor.py:1041} INFO - query execution done
[2025-04-24T20:03:04.834+0000] {cursor.py:1028} INFO - query: [MERGE INTO MBTA_PREDICTIONS AS target USING (SELECT 'prediction-67994929-70077-8...]
[2025-04-24T20:03:06.766+0000] {cursor.py:1041} INFO - query execution done
[2025-04-24T20:03:06.768+0000] {cursor.py:1028} INFO - query: [MERGE INTO MBTA_PREDICTIONS AS target USING (SELECT 'prediction-67994973-70079-9...]
[2025-04-24T20:03:08.597+0000] {cursor.py:1041} INFO - query execution done
[2025-04-24T20:03:08.599+0000] {cursor.py:1028} INFO - query: [MERGE INTO MBTA_PREDICTIONS AS target USING (SELECT 'prediction-67994911-70101-2...]
[2025-04-24T20:03:10.412+0000] {cursor.py:1041} INFO - query execution done
[2025-04-24T20:03:10.413+0000] {cursor.py:1028} INFO - query: [MERGE INTO MBTA_PREDICTIONS AS target USING (SELECT 'prediction-67995014-70082-1...]
[2025-04-24T20:03:11.842+0000] {cursor.py:1041} INFO - query execution done
[2025-04-24T20:03:11.849+0000] {cursor.py:1028} INFO - query: [MERGE INTO MBTA_PREDICTIONS AS target USING (SELECT 'prediction-ADDED-1582324108...]
[2025-04-24T20:03:13.505+0000] {cursor.py:1041} INFO - query execution done
[2025-04-24T20:03:13.512+0000] {cursor.py:1028} INFO - query: [MERGE INTO MBTA_PREDICTIONS AS target USING (SELECT 'prediction-67994967-70097-1...]
[2025-04-24T20:03:15.139+0000] {cursor.py:1041} INFO - query execution done
[2025-04-24T20:03:15.145+0000] {cursor.py:1028} INFO - query: [MERGE INTO MBTA_PREDICTIONS AS target USING (SELECT 'prediction-67995008-70072-1...]
[2025-04-24T20:03:16.822+0000] {cursor.py:1041} INFO - query execution done
[2025-04-24T20:03:16.890+0000] {cursor.py:1028} INFO - query: [MERGE INTO MBTA_PREDICTIONS AS target USING (SELECT 'prediction-67994929-70079-9...]
[2025-04-24T20:03:18.415+0000] {cursor.py:1041} INFO - query execution done
[2025-04-24T20:03:18.420+0000] {cursor.py:1028} INFO - query: [MERGE INTO MBTA_PREDICTIONS AS target USING (SELECT 'prediction-67994899-70105-2...]
[2025-04-24T20:03:20.814+0000] {cursor.py:1041} INFO - query execution done
[2025-04-24T20:03:20.830+0000] {cursor.py:1028} INFO - query: [MERGE INTO MBTA_PREDICTIONS AS target USING (SELECT 'prediction-ADDED-1582324036...]
[2025-04-24T20:03:22.836+0000] {cursor.py:1041} INFO - query execution done
[2025-04-24T20:03:22.857+0000] {cursor.py:1028} INFO - query: [MERGE INTO MBTA_PREDICTIONS AS target USING (SELECT 'prediction-67994979-70071-5...]
[2025-04-24T20:03:24.365+0000] {cursor.py:1041} INFO - query execution done
[2025-04-24T20:03:24.367+0000] {cursor.py:1028} INFO - query: [MERGE INTO MBTA_PREDICTIONS AS target USING (SELECT 'prediction-67994991-70063-1...]
[2025-04-24T20:03:25.967+0000] {cursor.py:1041} INFO - query execution done
[2025-04-24T20:03:25.970+0000] {cursor.py:1028} INFO - query: [MERGE INTO MBTA_PREDICTIONS AS target USING (SELECT 'prediction-67994905-70103-2...]
[2025-04-24T20:03:27.496+0000] {cursor.py:1041} INFO - query execution done
[2025-04-24T20:03:27.499+0000] {cursor.py:1028} INFO - query: [MERGE INTO MBTA_PREDICTIONS AS target USING (SELECT 'prediction-67994973-70081-1...]
[2025-04-24T20:03:29.051+0000] {cursor.py:1041} INFO - query execution done
[2025-04-24T20:03:29.053+0000] {cursor.py:1028} INFO - query: [MERGE INTO MBTA_PREDICTIONS AS target USING (SELECT 'prediction-ADDED-1582324108...]
[2025-04-24T20:03:30.388+0000] {cursor.py:1041} INFO - query execution done
[2025-04-24T20:03:30.393+0000] {cursor.py:1028} INFO - query: [MERGE INTO MBTA_PREDICTIONS AS target USING (SELECT 'prediction-67995002-70061-2...]
[2025-04-24T20:03:32.209+0000] {cursor.py:1041} INFO - query execution done
[2025-04-24T20:03:32.214+0000] {cursor.py:1028} INFO - query: [MERGE INTO MBTA_PREDICTIONS AS target USING (SELECT 'prediction-67995014-70080-1...]
[2025-04-24T20:03:33.784+0000] {cursor.py:1041} INFO - query execution done
[2025-04-24T20:03:33.787+0000] {cursor.py:1028} INFO - query: [MERGE INTO MBTA_PREDICTIONS AS target USING (SELECT 'prediction-67994967-70099-1...]
[2025-04-24T20:03:35.206+0000] {cursor.py:1041} INFO - query execution done
[2025-04-24T20:03:35.208+0000] {cursor.py:1028} INFO - query: [MERGE INTO MBTA_PREDICTIONS AS target USING (SELECT 'prediction-68009033-70093-1...]
[2025-04-24T20:03:37.016+0000] {cursor.py:1041} INFO - query execution done
[2025-04-24T20:03:37.039+0000] {cursor.py:1028} INFO - query: [MERGE INTO MBTA_PREDICTIONS AS target USING (SELECT 'prediction-67995008-70070-1...]
[2025-04-24T20:03:38.625+0000] {cursor.py:1041} INFO - query execution done
[2025-04-24T20:03:38.628+0000] {cursor.py:1028} INFO - query: [MERGE INTO MBTA_PREDICTIONS AS target USING (SELECT 'prediction-67995020-70096-1...]
[2025-04-24T20:03:40.425+0000] {cursor.py:1041} INFO - query execution done
[2025-04-24T20:03:40.428+0000] {cursor.py:1028} INFO - query: [MERGE INTO MBTA_PREDICTIONS AS target USING (SELECT 'prediction-67994911-70103-2...]
[2025-04-24T20:03:42.480+0000] {cursor.py:1041} INFO - query execution done
[2025-04-24T20:03:42.490+0000] {cursor.py:1028} INFO - query: [MERGE INTO MBTA_PREDICTIONS AS target USING (SELECT 'prediction-67994991-70065-2...]
[2025-04-24T20:03:44.984+0000] {cursor.py:1041} INFO - query execution done
[2025-04-24T20:03:44.986+0000] {cursor.py:1028} INFO - query: [MERGE INTO MBTA_PREDICTIONS AS target USING (SELECT 'prediction-67994929-70081-1...]
[2025-04-24T20:03:46.621+0000] {cursor.py:1041} INFO - query execution done
[2025-04-24T20:03:46.625+0000] {cursor.py:1028} INFO - query: [MERGE INTO MBTA_PREDICTIONS AS target USING (SELECT 'prediction-ADDED-1582324036...]
[2025-04-24T20:03:48.252+0000] {cursor.py:1041} INFO - query execution done
[2025-04-24T20:03:48.253+0000] {cursor.py:1028} INFO - query: [MERGE INTO MBTA_PREDICTIONS AS target USING (SELECT 'prediction-67994979-70073-6...]
[2025-04-24T20:03:50.039+0000] {cursor.py:1041} INFO - query execution done
[2025-04-24T20:03:50.041+0000] {cursor.py:1028} INFO - query: [MERGE INTO MBTA_PREDICTIONS AS target USING (SELECT 'prediction-67994997-70063-1...]
[2025-04-24T20:03:51.443+0000] {cursor.py:1041} INFO - query execution done
[2025-04-24T20:03:51.448+0000] {cursor.py:1028} INFO - query: [MERGE INTO MBTA_PREDICTIONS AS target USING (SELECT 'prediction-67995014-70078-1...]
[2025-04-24T20:03:52.717+0000] {cursor.py:1041} INFO - query execution done
[2025-04-24T20:03:52.722+0000] {cursor.py:1028} INFO - query: [MERGE INTO MBTA_PREDICTIONS AS target USING (SELECT 'prediction-67994973-70083-1...]
[2025-04-24T20:03:54.982+0000] {cursor.py:1041} INFO - query execution done
[2025-04-24T20:03:54.987+0000] {cursor.py:1028} INFO - query: [MERGE INTO MBTA_PREDICTIONS AS target USING (SELECT 'prediction-67994967-70101-2...]
[2025-04-24T20:03:56.405+0000] {cursor.py:1041} INFO - query execution done
[2025-04-24T20:03:56.407+0000] {cursor.py:1028} INFO - query: [MERGE INTO MBTA_PREDICTIONS AS target USING (SELECT 'prediction-67995014-70076-1...]
[2025-04-24T20:03:57.723+0000] {cursor.py:1041} INFO - query execution done
[2025-04-24T20:03:57.725+0000] {cursor.py:1028} INFO - query: [MERGE INTO MBTA_PREDICTIONS AS target USING (SELECT 'prediction-67994991-70067-3...]
[2025-04-24T20:03:59.375+0000] {cursor.py:1041} INFO - query execution done
[2025-04-24T20:03:59.376+0000] {cursor.py:1028} INFO - query: [MERGE INTO MBTA_PREDICTIONS AS target USING (SELECT 'prediction-67994997-70065-2...]
[2025-04-24T20:04:00.818+0000] {cursor.py:1041} INFO - query execution done
[2025-04-24T20:04:00.820+0000] {cursor.py:1028} INFO - query: [MERGE INTO MBTA_PREDICTIONS AS target USING (SELECT 'prediction-67994979-70075-7...]
[2025-04-24T20:04:02.831+0000] {cursor.py:1041} INFO - query execution done
[2025-04-24T20:04:02.835+0000] {cursor.py:1028} INFO - query: [MERGE INTO MBTA_PREDICTIONS AS target USING (SELECT 'prediction-67994929-70083-1...]
[2025-04-24T20:04:04.209+0000] {cursor.py:1041} INFO - query execution done
[2025-04-24T20:04:04.210+0000] {cursor.py:1028} INFO - query: [MERGE INTO MBTA_PREDICTIONS AS target USING (SELECT 'prediction-67995008-70068-1...]
[2025-04-24T20:04:05.824+0000] {cursor.py:1041} INFO - query execution done
[2025-04-24T20:04:05.824+0000] {cursor.py:1028} INFO - query: [MERGE INTO MBTA_PREDICTIONS AS target USING (SELECT 'prediction-67994905-70105-2...]
[2025-04-24T20:04:07.265+0000] {cursor.py:1041} INFO - query execution done
[2025-04-24T20:04:07.268+0000] {cursor.py:1028} INFO - query: [MERGE INTO MBTA_PREDICTIONS AS target USING (SELECT 'prediction-67995020-70084-1...]
[2025-04-24T20:04:08.844+0000] {cursor.py:1041} INFO - query execution done
[2025-04-24T20:04:08.870+0000] {cursor.py:1028} INFO - query: [MERGE INTO MBTA_PREDICTIONS AS target USING (SELECT 'prediction-67994979-70077-8...]
[2025-04-24T20:04:10.395+0000] {cursor.py:1041} INFO - query execution done
[2025-04-24T20:04:10.397+0000] {cursor.py:1028} INFO - query: [MERGE INTO MBTA_PREDICTIONS AS target USING (SELECT 'prediction-67995044-70104-1...]
[2025-04-24T20:04:11.933+0000] {cursor.py:1041} INFO - query execution done
[2025-04-24T20:04:11.940+0000] {cursor.py:1028} INFO - query: [MERGE INTO MBTA_PREDICTIONS AS target USING (SELECT 'prediction-67994973-70095-1...]
[2025-04-24T20:04:13.665+0000] {cursor.py:1041} INFO - query execution done
[2025-04-24T20:04:13.669+0000] {cursor.py:1028} INFO - query: [MERGE INTO MBTA_PREDICTIONS AS target USING (SELECT 'prediction-ADDED-1582324036...]
[2025-04-24T20:04:15.264+0000] {cursor.py:1041} INFO - query execution done
[2025-04-24T20:04:15.266+0000] {cursor.py:1028} INFO - query: [MERGE INTO MBTA_PREDICTIONS AS target USING (SELECT 'prediction-67995003-70063-1...]
[2025-04-24T20:04:16.863+0000] {cursor.py:1041} INFO - query execution done
[2025-04-24T20:04:16.868+0000] {cursor.py:1028} INFO - query: [MERGE INTO MBTA_PREDICTIONS AS target USING (SELECT 'prediction-67995014-70074-1...]
[2025-04-24T20:04:18.516+0000] {cursor.py:1041} INFO - query execution done
[2025-04-24T20:04:18.517+0000] {cursor.py:1028} INFO - query: [MERGE INTO MBTA_PREDICTIONS AS target USING (SELECT 'prediction-67994979-70079-9...]
[2025-04-24T20:04:20.175+0000] {cursor.py:1041} INFO - query execution done
[2025-04-24T20:04:20.178+0000] {cursor.py:1028} INFO - query: [MERGE INTO MBTA_PREDICTIONS AS target USING (SELECT 'prediction-67994911-70105-2...]
[2025-04-24T20:04:21.567+0000] {cursor.py:1041} INFO - query execution done
[2025-04-24T20:04:21.569+0000] {cursor.py:1028} INFO - query: [MERGE INTO MBTA_PREDICTIONS AS target USING (SELECT 'prediction-67994997-70067-3...]
[2025-04-24T20:04:23.144+0000] {cursor.py:1041} INFO - query execution done
[2025-04-24T20:04:23.149+0000] {cursor.py:1028} INFO - query: [MERGE INTO MBTA_PREDICTIONS AS target USING (SELECT 'prediction-ADDED-1582324108...]
[2025-04-24T20:04:24.658+0000] {cursor.py:1041} INFO - query execution done
[2025-04-24T20:04:24.659+0000] {cursor.py:1028} INFO - query: [MERGE INTO MBTA_PREDICTIONS AS target USING (SELECT 'prediction-67994967-70103-2...]
[2025-04-24T20:04:26.136+0000] {cursor.py:1041} INFO - query execution done
[2025-04-24T20:04:26.140+0000] {cursor.py:1028} INFO - query: [MERGE INTO MBTA_PREDICTIONS AS target USING (SELECT 'prediction-67995020-70082-1...]
[2025-04-24T20:04:27.740+0000] {cursor.py:1041} INFO - query execution done
[2025-04-24T20:04:27.748+0000] {cursor.py:1028} INFO - query: [MERGE INTO MBTA_PREDICTIONS AS target USING (SELECT 'prediction-67994929-70095-1...]
[2025-04-24T20:04:29.551+0000] {cursor.py:1041} INFO - query execution done
[2025-04-24T20:04:29.558+0000] {cursor.py:1028} INFO - query: [MERGE INTO MBTA_PREDICTIONS AS target USING (SELECT 'prediction-67995008-70066-2...]
[2025-04-24T20:04:31.223+0000] {cursor.py:1041} INFO - query execution done
[2025-04-24T20:04:31.229+0000] {cursor.py:1028} INFO - query: [MERGE INTO MBTA_PREDICTIONS AS target USING (SELECT 'prediction-67995003-70065-2...]
[2025-04-24T20:04:32.953+0000] {cursor.py:1041} INFO - query execution done
[2025-04-24T20:04:32.957+0000] {cursor.py:1028} INFO - query: [MERGE INTO MBTA_PREDICTIONS AS target USING (SELECT 'prediction-67994991-70069-4...]
[2025-04-24T20:04:34.597+0000] {cursor.py:1041} INFO - query execution done
[2025-04-24T20:04:34.598+0000] {cursor.py:1028} INFO - query: [MERGE INTO MBTA_PREDICTIONS AS target USING (SELECT 'prediction-67995044-70102-2...]
[2025-04-24T20:04:36.056+0000] {cursor.py:1041} INFO - query execution done
[2025-04-24T20:04:36.059+0000] {cursor.py:1028} INFO - query: [MERGE INTO MBTA_PREDICTIONS AS target USING (SELECT 'prediction-ADDED-1582324036...]
[2025-04-24T20:04:38.096+0000] {cursor.py:1041} INFO - query execution done
[2025-04-24T20:04:38.097+0000] {cursor.py:1028} INFO - query: [MERGE INTO MBTA_PREDICTIONS AS target USING (SELECT 'prediction-67995014-70072-1...]
[2025-04-24T20:04:39.695+0000] {cursor.py:1041} INFO - query execution done
[2025-04-24T20:04:39.699+0000] {cursor.py:1028} INFO - query: [MERGE INTO MBTA_PREDICTIONS AS target USING (SELECT 'prediction-67994979-70081-1...]
[2025-04-24T20:04:41.394+0000] {cursor.py:1041} INFO - query execution done
[2025-04-24T20:04:41.396+0000] {cursor.py:1028} INFO - query: [MERGE INTO MBTA_PREDICTIONS AS target USING (SELECT 'prediction-67995020-70080-1...]
[2025-04-24T20:04:43.077+0000] {cursor.py:1041} INFO - query execution done
[2025-04-24T20:04:43.078+0000] {cursor.py:1028} INFO - query: [MERGE INTO MBTA_PREDICTIONS AS target USING (SELECT 'prediction-67995008-70064-2...]
[2025-04-24T20:04:44.757+0000] {cursor.py:1041} INFO - query execution done
[2025-04-24T20:04:44.767+0000] {cursor.py:1028} INFO - query: [MERGE INTO MBTA_PREDICTIONS AS target USING (SELECT 'prediction-ADDED-1582324108...]
[2025-04-24T20:04:47.008+0000] {cursor.py:1041} INFO - query execution done
[2025-04-24T20:04:47.013+0000] {cursor.py:1028} INFO - query: [MERGE INTO MBTA_PREDICTIONS AS target USING (SELECT 'prediction-67995003-70067-3...]
[2025-04-24T20:04:48.692+0000] {cursor.py:1041} INFO - query execution done
[2025-04-24T20:04:48.712+0000] {cursor.py:1028} INFO - query: [MERGE INTO MBTA_PREDICTIONS AS target USING (SELECT 'prediction-67994991-70071-5...]
[2025-04-24T20:04:50.828+0000] {cursor.py:1041} INFO - query execution done
[2025-04-24T20:04:50.833+0000] {cursor.py:1028} INFO - query: [MERGE INTO MBTA_PREDICTIONS AS target USING (SELECT 'prediction-ADDED-1582324036...]
[2025-04-24T20:04:52.302+0000] {cursor.py:1041} INFO - query execution done
[2025-04-24T20:04:52.305+0000] {cursor.py:1028} INFO - query: [MERGE INTO MBTA_PREDICTIONS AS target USING (SELECT 'prediction-67994997-70069-4...]
[2025-04-24T20:04:54.005+0000] {cursor.py:1041} INFO - query execution done
[2025-04-24T20:04:54.010+0000] {cursor.py:1028} INFO - query: [MERGE INTO MBTA_PREDICTIONS AS target USING (SELECT 'prediction-67995050-70104-1...]
[2025-04-24T20:04:55.524+0000] {cursor.py:1041} INFO - query execution done
[2025-04-24T20:04:55.538+0000] {cursor.py:1028} INFO - query: [MERGE INTO MBTA_PREDICTIONS AS target USING (SELECT 'prediction-67995044-70100-3...]
[2025-04-24T20:04:56.995+0000] {cursor.py:1041} INFO - query execution done
[2025-04-24T20:04:56.998+0000] {cursor.py:1028} INFO - query: [MERGE INTO MBTA_PREDICTIONS AS target USING (SELECT 'prediction-67995014-70070-1...]
[2025-04-24T20:04:58.575+0000] {cursor.py:1041} INFO - query execution done
[2025-04-24T20:04:58.715+0000] {cursor.py:1028} INFO - query: [MERGE INTO MBTA_PREDICTIONS AS target USING (SELECT 'prediction-67995020-70078-1...]
[2025-04-24T20:05:00.205+0000] {cursor.py:1041} INFO - query execution done
[2025-04-24T20:05:00.214+0000] {cursor.py:1028} INFO - query: [MERGE INTO MBTA_PREDICTIONS AS target USING (SELECT 'prediction-67994979-70083-1...]
[2025-04-24T20:05:02.004+0000] {cursor.py:1041} INFO - query execution done
[2025-04-24T20:05:02.019+0000] {cursor.py:1028} INFO - query: [MERGE INTO MBTA_PREDICTIONS AS target USING (SELECT 'prediction-67994967-70105-2...]
[2025-04-24T20:05:04.102+0000] {cursor.py:1041} INFO - query execution done
[2025-04-24T20:05:04.129+0000] {cursor.py:1028} INFO - query: [MERGE INTO MBTA_PREDICTIONS AS target USING (SELECT 'prediction-ADDED-1582324108...]
[2025-04-24T20:05:05.506+0000] {cursor.py:1041} INFO - query execution done
[2025-04-24T20:05:05.512+0000] {cursor.py:1028} INFO - query: [MERGE INTO MBTA_PREDICTIONS AS target USING (SELECT 'prediction-67995056-70104-1...]
[2025-04-24T20:05:07.124+0000] {cursor.py:1041} INFO - query execution done
[2025-04-24T20:05:07.141+0000] {cursor.py:1028} INFO - query: [MERGE INTO MBTA_PREDICTIONS AS target USING (SELECT 'prediction-67995020-70076-1...]
[2025-04-24T20:05:08.545+0000] {cursor.py:1041} INFO - query execution done
[2025-04-24T20:05:08.560+0000] {cursor.py:1028} INFO - query: [MERGE INTO MBTA_PREDICTIONS AS target USING (SELECT 'prediction-67995044-70098-4...]
[2025-04-24T20:05:10.209+0000] {cursor.py:1041} INFO - query execution done
[2025-04-24T20:05:10.225+0000] {cursor.py:1028} INFO - query: [MERGE INTO MBTA_PREDICTIONS AS target USING (SELECT 'prediction-67994991-70073-6...]
[2025-04-24T20:05:11.825+0000] {cursor.py:1041} INFO - query execution done
[2025-04-24T20:05:11.831+0000] {cursor.py:1028} INFO - query: [MERGE INTO MBTA_PREDICTIONS AS target USING (SELECT 'prediction-ADDED-1582324036...]
[2025-04-24T20:05:13.342+0000] {cursor.py:1041} INFO - query execution done
[2025-04-24T20:05:13.350+0000] {cursor.py:1028} INFO - query: [MERGE INTO MBTA_PREDICTIONS AS target USING (SELECT 'prediction-67994997-70071-5...]
[2025-04-24T20:05:15.391+0000] {cursor.py:1041} INFO - query execution done
[2025-04-24T20:05:15.400+0000] {cursor.py:1028} INFO - query: [MERGE INTO MBTA_PREDICTIONS AS target USING (SELECT 'prediction-67994973-70097-1...]
[2025-04-24T20:05:17.086+0000] {cursor.py:1041} INFO - query execution done
[2025-04-24T20:05:17.096+0000] {cursor.py:1028} INFO - query: [MERGE INTO MBTA_PREDICTIONS AS target USING (SELECT 'prediction-67995008-70061-2...]
[2025-04-24T20:05:18.922+0000] {cursor.py:1041} INFO - query execution done
[2025-04-24T20:05:18.942+0000] {cursor.py:1028} INFO - query: [MERGE INTO MBTA_PREDICTIONS AS target USING (SELECT 'prediction-ADDED-1582324036...]
[2025-04-24T20:05:20.645+0000] {cursor.py:1041} INFO - query execution done
[2025-04-24T20:05:20.688+0000] {cursor.py:1028} INFO - query: [MERGE INTO MBTA_PREDICTIONS AS target USING (SELECT 'prediction-67995050-70102-2...]
[2025-04-24T20:05:22.198+0000] {cursor.py:1041} INFO - query execution done
[2025-04-24T20:05:22.210+0000] {cursor.py:1028} INFO - query: [MERGE INTO MBTA_PREDICTIONS AS target USING (SELECT 'prediction-67995003-70069-4...]
[2025-04-24T20:05:23.660+0000] {cursor.py:1041} INFO - query execution done
[2025-04-24T20:05:23.681+0000] {cursor.py:1028} INFO - query: [MERGE INTO MBTA_PREDICTIONS AS target USING (SELECT 'prediction-67994979-70095-1...]
[2025-04-24T20:05:25.853+0000] {cursor.py:1041} INFO - query execution done
[2025-04-24T20:05:26.001+0000] {cursor.py:1028} INFO - query: [MERGE INTO MBTA_PREDICTIONS AS target USING (SELECT 'prediction-67995014-70068-1...]
[2025-04-24T20:05:26.996+0000] {cursor.py:1041} INFO - query execution done
[2025-04-24T20:05:27.079+0000] {cursor.py:1028} INFO - query: [MERGE INTO MBTA_PREDICTIONS AS target USING (SELECT 'prediction-67994929-70097-1...]
[2025-04-24T20:05:29.384+0000] {cursor.py:1041} INFO - query execution done
[2025-04-24T20:05:29.537+0000] {cursor.py:1028} INFO - query: [MERGE INTO MBTA_PREDICTIONS AS target USING (SELECT 'prediction-ADDED-1582324108...]
[2025-04-24T20:05:33.751+0000] {cursor.py:1041} INFO - query execution done
[2025-04-24T20:05:35.221+0000] {cursor.py:1028} INFO - query: [MERGE INTO MBTA_PREDICTIONS AS target USING (SELECT 'prediction-ADDED-1582324036...]
[2025-04-24T20:05:37.444+0000] {cursor.py:1041} INFO - query execution done
[2025-04-24T20:05:37.458+0000] {cursor.py:1028} INFO - query: [MERGE INTO MBTA_PREDICTIONS AS target USING (SELECT 'prediction-67995020-70074-1...]
[2025-04-24T20:05:39.415+0000] {cursor.py:1041} INFO - query execution done
[2025-04-24T20:05:39.422+0000] {cursor.py:1028} INFO - query: [MERGE INTO MBTA_PREDICTIONS AS target USING (SELECT 'prediction-67994991-70075-7...]
[2025-04-24T20:05:40.769+0000] {cursor.py:1041} INFO - query execution done
[2025-04-24T20:05:40.771+0000] {cursor.py:1028} INFO - query: [MERGE INTO MBTA_PREDICTIONS AS target USING (SELECT 'prediction-67994997-70073-6...]
[2025-04-24T20:05:42.313+0000] {cursor.py:1041} INFO - query execution done
[2025-04-24T20:05:42.315+0000] {cursor.py:1028} INFO - query: [MERGE INTO MBTA_PREDICTIONS AS target USING (SELECT 'prediction-67994973-70099-1...]
[2025-04-24T20:05:43.972+0000] {cursor.py:1041} INFO - query execution done
[2025-04-24T20:05:43.973+0000] {cursor.py:1028} INFO - query: [MERGE INTO MBTA_PREDICTIONS AS target USING (SELECT 'prediction-67995056-70102-2...]
[2025-04-24T20:05:45.543+0000] {cursor.py:1041} INFO - query execution done
[2025-04-24T20:05:45.544+0000] {cursor.py:1028} INFO - query: [MERGE INTO MBTA_PREDICTIONS AS target USING (SELECT 'prediction-67994991-70077-8...]
[2025-04-24T20:05:47.230+0000] {cursor.py:1041} INFO - query execution done
[2025-04-24T20:05:47.243+0000] {cursor.py:1028} INFO - query: [MERGE INTO MBTA_PREDICTIONS AS target USING (SELECT 'prediction-67995050-70100-3...]
[2025-04-24T20:05:48.828+0000] {cursor.py:1041} INFO - query execution done
[2025-04-24T20:05:48.830+0000] {cursor.py:1028} INFO - query: [MERGE INTO MBTA_PREDICTIONS AS target USING (SELECT 'prediction-ADDED-1582324108...]
[2025-04-24T20:05:50.461+0000] {cursor.py:1041} INFO - query execution done
[2025-04-24T20:05:50.466+0000] {cursor.py:1028} INFO - query: [MERGE INTO MBTA_PREDICTIONS AS target USING (SELECT 'prediction-67995003-70071-5...]
[2025-04-24T20:05:52.218+0000] {cursor.py:1041} INFO - query execution done
[2025-04-24T20:05:52.221+0000] {cursor.py:1028} INFO - query: [MERGE INTO MBTA_PREDICTIONS AS target USING (SELECT 'prediction-67994929-70099-1...]
[2025-04-24T20:05:53.799+0000] {cursor.py:1041} INFO - query execution done
[2025-04-24T20:05:53.801+0000] {cursor.py:1028} INFO - query: [MERGE INTO MBTA_PREDICTIONS AS target USING (SELECT 'prediction-67995020-70072-1...]
[2025-04-24T20:05:55.366+0000] {cursor.py:1041} INFO - query execution done
[2025-04-24T20:05:55.368+0000] {cursor.py:1028} INFO - query: [MERGE INTO MBTA_PREDICTIONS AS target USING (SELECT 'prediction-67994991-70079-9...]
[2025-04-24T20:05:57.130+0000] {cursor.py:1041} INFO - query execution done
[2025-04-24T20:05:57.140+0000] {cursor.py:1028} INFO - query: [MERGE INTO MBTA_PREDICTIONS AS target USING (SELECT 'prediction-67995014-70066-2...]
[2025-04-24T20:05:58.648+0000] {cursor.py:1041} INFO - query execution done
[2025-04-24T20:05:58.649+0000] {cursor.py:1028} INFO - query: [MERGE INTO MBTA_PREDICTIONS AS target USING (SELECT 'prediction-ADDED-1582324036...]
[2025-04-24T20:06:00.329+0000] {cursor.py:1041} INFO - query execution done
[2025-04-24T20:06:00.329+0000] {cursor.py:1028} INFO - query: [MERGE INTO MBTA_PREDICTIONS AS target USING (SELECT 'prediction-67994973-70101-2...]
[2025-04-24T20:06:01.915+0000] {cursor.py:1041} INFO - query execution done
[2025-04-24T20:06:01.917+0000] {cursor.py:1028} INFO - query: [MERGE INTO MBTA_PREDICTIONS AS target USING (SELECT 'prediction-67994997-70075-7...]
[2025-04-24T20:06:03.607+0000] {cursor.py:1041} INFO - query execution done
[2025-04-24T20:06:03.608+0000] {cursor.py:1028} INFO - query: [MERGE INTO MBTA_PREDICTIONS AS target USING (SELECT 'prediction-67994962-70104-1...]
[2025-04-24T20:06:05.465+0000] {cursor.py:1041} INFO - query execution done
[2025-04-24T20:06:05.466+0000] {cursor.py:1028} INFO - query: [MERGE INTO MBTA_PREDICTIONS AS target USING (SELECT 'prediction-ADDED-1582324108...]
[2025-04-24T20:06:07.234+0000] {cursor.py:1041} INFO - query execution done
[2025-04-24T20:06:07.237+0000] {cursor.py:1028} INFO - query: [MERGE INTO MBTA_PREDICTIONS AS target USING (SELECT 'prediction-67995050-70098-4...]
[2025-04-24T20:06:09.083+0000] {cursor.py:1041} INFO - query execution done
[2025-04-24T20:06:09.092+0000] {cursor.py:1028} INFO - query: [MERGE INTO MBTA_PREDICTIONS AS target USING (SELECT 'prediction-67994997-70077-8...]
[2025-04-24T20:06:10.860+0000] {cursor.py:1041} INFO - query execution done
[2025-04-24T20:06:10.863+0000] {cursor.py:1028} INFO - query: [MERGE INTO MBTA_PREDICTIONS AS target USING (SELECT 'prediction-67995056-70100-3...]
[2025-04-24T20:06:12.685+0000] {cursor.py:1041} INFO - query execution done
[2025-04-24T20:06:12.689+0000] {cursor.py:1028} INFO - query: [MERGE INTO MBTA_PREDICTIONS AS target USING (SELECT 'prediction-67995009-70063-1...]
[2025-04-24T20:06:14.096+0000] {cursor.py:1041} INFO - query execution done
[2025-04-24T20:06:14.097+0000] {cursor.py:1028} INFO - query: [MERGE INTO MBTA_PREDICTIONS AS target USING (SELECT 'prediction-67995044-70096-1...]
[2025-04-24T20:06:15.721+0000] {cursor.py:1041} INFO - query execution done
[2025-04-24T20:06:15.722+0000] {cursor.py:1028} INFO - query: [MERGE INTO MBTA_PREDICTIONS AS target USING (SELECT 'prediction-67995003-70073-6...]
[2025-04-24T20:06:17.537+0000] {cursor.py:1041} INFO - query execution done
[2025-04-24T20:06:17.544+0000] {cursor.py:1028} INFO - query: [MERGE INTO MBTA_PREDICTIONS AS target USING (SELECT 'prediction-67994929-70101-2...]
[2025-04-24T20:06:19.160+0000] {cursor.py:1041} INFO - query execution done
[2025-04-24T20:06:19.161+0000] {cursor.py:1028} INFO - query: [MERGE INTO MBTA_PREDICTIONS AS target USING (SELECT 'prediction-67995020-70070-1...]
[2025-04-24T20:06:20.743+0000] {cursor.py:1041} INFO - query execution done
[2025-04-24T20:06:20.747+0000] {cursor.py:1028} INFO - query: [MERGE INTO MBTA_PREDICTIONS AS target USING (SELECT 'prediction-67995014-70064-2...]
[2025-04-24T20:06:22.311+0000] {cursor.py:1041} INFO - query execution done
[2025-04-24T20:06:22.313+0000] {cursor.py:1028} INFO - query: [MERGE INTO MBTA_PREDICTIONS AS target USING (SELECT 'prediction-67994997-70079-9...]
[2025-04-24T20:06:24.223+0000] {cursor.py:1041} INFO - query execution done
[2025-04-24T20:06:24.226+0000] {cursor.py:1028} INFO - query: [MERGE INTO MBTA_PREDICTIONS AS target USING (SELECT 'prediction-67994991-70081-1...]
[2025-04-24T20:06:25.673+0000] {cursor.py:1041} INFO - query execution done
[2025-04-24T20:06:25.676+0000] {cursor.py:1028} INFO - query: [MERGE INTO MBTA_PREDICTIONS AS target USING (SELECT 'prediction-67995056-70098-4...]
[2025-04-24T20:06:27.196+0000] {cursor.py:1041} INFO - query execution done
[2025-04-24T20:06:27.197+0000] {cursor.py:1028} INFO - query: [MERGE INTO MBTA_PREDICTIONS AS target USING (SELECT 'prediction-ADDED-1582324036...]
[2025-04-24T20:06:28.824+0000] {cursor.py:1041} INFO - query execution done
[2025-04-24T20:06:28.831+0000] {cursor.py:1028} INFO - query: [MERGE INTO MBTA_PREDICTIONS AS target USING (SELECT 'prediction-ADDED-1582324108...]
[2025-04-24T20:06:30.299+0000] {cursor.py:1041} INFO - query execution done
[2025-04-24T20:06:30.300+0000] {cursor.py:1028} INFO - query: [MERGE INTO MBTA_PREDICTIONS AS target USING (SELECT 'prediction-68012225-70093-1...]
[2025-04-24T20:06:31.781+0000] {cursor.py:1041} INFO - query execution done
[2025-04-24T20:06:31.782+0000] {cursor.py:1028} INFO - query: [MERGE INTO MBTA_PREDICTIONS AS target USING (SELECT 'prediction-67995009-70065-2...]
[2025-04-24T20:06:33.659+0000] {cursor.py:1041} INFO - query execution done
[2025-04-24T20:06:33.667+0000] {cursor.py:1028} INFO - query: [MERGE INTO MBTA_PREDICTIONS AS target USING (SELECT 'prediction-67994962-70102-2...]
[2025-04-24T20:06:35.017+0000] {cursor.py:1041} INFO - query execution done
[2025-04-24T20:06:35.018+0000] {cursor.py:1028} INFO - query: [MERGE INTO MBTA_PREDICTIONS AS target USING (SELECT 'prediction-67994973-70103-2...]
[2025-04-24T20:06:37.682+0000] {cursor.py:1041} INFO - query execution done
[2025-04-24T20:06:37.685+0000] {cursor.py:1028} INFO - query: [MERGE INTO MBTA_PREDICTIONS AS target USING (SELECT 'prediction-67995003-70075-7...]
[2025-04-24T20:06:39.334+0000] {cursor.py:1041} INFO - query execution done
[2025-04-24T20:06:39.342+0000] {cursor.py:1028} INFO - query: [MERGE INTO MBTA_PREDICTIONS AS target USING (SELECT 'prediction-67994979-70097-1...]
[2025-04-24T20:06:41.780+0000] {cursor.py:1041} INFO - query execution done
[2025-04-24T20:06:41.786+0000] {cursor.py:1028} INFO - query: [MERGE INTO MBTA_PREDICTIONS AS target USING (SELECT 'prediction-67995003-70077-8...]
[2025-04-24T20:06:43.311+0000] {cursor.py:1041} INFO - query execution done
[2025-04-24T20:06:43.317+0000] {cursor.py:1028} INFO - query: [MERGE INTO MBTA_PREDICTIONS AS target USING (SELECT 'prediction-67995044-70084-1...]
[2025-04-24T20:06:44.932+0000] {cursor.py:1041} INFO - query execution done
[2025-04-24T20:06:44.933+0000] {cursor.py:1028} INFO - query: [MERGE INTO MBTA_PREDICTIONS AS target USING (SELECT 'prediction-67994997-70081-1...]
[2025-04-24T20:06:46.756+0000] {cursor.py:1041} INFO - query execution done
[2025-04-24T20:06:46.757+0000] {cursor.py:1028} INFO - query: [MERGE INTO MBTA_PREDICTIONS AS target USING (SELECT 'prediction-ADDED-1582324108...]
[2025-04-24T20:06:49.050+0000] {cursor.py:1041} INFO - query execution done
[2025-04-24T20:06:49.052+0000] {cursor.py:1028} INFO - query: [MERGE INTO MBTA_PREDICTIONS AS target USING (SELECT 'prediction-67994991-70083-1...]
[2025-04-24T20:06:50.470+0000] {cursor.py:1041} INFO - query execution done
[2025-04-24T20:06:50.472+0000] {cursor.py:1028} INFO - query: [MERGE INTO MBTA_PREDICTIONS AS target USING (SELECT 'prediction-67994929-70103-2...]
[2025-04-24T20:06:52.005+0000] {cursor.py:1041} INFO - query execution done
[2025-04-24T20:06:52.007+0000] {cursor.py:1028} INFO - query: [MERGE INTO MBTA_PREDICTIONS AS target USING (SELECT 'prediction-ADDED-1582324036...]
[2025-04-24T20:06:54.114+0000] {cursor.py:1041} INFO - query execution done
[2025-04-24T20:06:54.118+0000] {cursor.py:1028} INFO - query: [MERGE INTO MBTA_PREDICTIONS AS target USING (SELECT 'prediction-67995009-70067-3...]
[2025-04-24T20:06:55.672+0000] {cursor.py:1041} INFO - query execution done
[2025-04-24T20:06:55.675+0000] {cursor.py:1028} INFO - query: [MERGE INTO MBTA_PREDICTIONS AS target USING (SELECT 'prediction-67995020-70068-1...]
[2025-04-24T20:06:57.227+0000] {cursor.py:1041} INFO - query execution done
[2025-04-24T20:06:57.229+0000] {cursor.py:1028} INFO - query: [MERGE INTO MBTA_PREDICTIONS AS target USING (SELECT 'prediction-67995014-70061-2...]
[2025-04-24T20:06:58.901+0000] {cursor.py:1041} INFO - query execution done
[2025-04-24T20:06:58.912+0000] {cursor.py:1028} INFO - query: [MERGE INTO MBTA_PREDICTIONS AS target USING (SELECT 'prediction-67994962-70100-3...]
[2025-04-24T20:07:00.371+0000] {cursor.py:1041} INFO - query execution done
[2025-04-24T20:07:00.371+0000] {cursor.py:1028} INFO - query: [MERGE INTO MBTA_PREDICTIONS AS target USING (SELECT 'prediction-67995003-70079-9...]
[2025-04-24T20:07:01.935+0000] {cursor.py:1041} INFO - query execution done
[2025-04-24T20:07:01.936+0000] {cursor.py:1028} INFO - query: [MERGE INTO MBTA_PREDICTIONS AS target USING (SELECT 'prediction-67994979-70099-1...]
[2025-04-24T20:07:04.142+0000] {cursor.py:1041} INFO - query execution done
[2025-04-24T20:07:04.157+0000] {cursor.py:1028} INFO - query: [MERGE INTO MBTA_PREDICTIONS AS target USING (SELECT 'prediction-67995050-70096-1...]
[2025-04-24T20:07:05.639+0000] {cursor.py:1041} INFO - query execution done
[2025-04-24T20:07:05.640+0000] {cursor.py:1028} INFO - query: [MERGE INTO MBTA_PREDICTIONS AS target USING (SELECT 'prediction-67995044-70082-1...]
[2025-04-24T20:07:07.299+0000] {cursor.py:1041} INFO - query execution done
[2025-04-24T20:07:07.301+0000] {cursor.py:1028} INFO - query: [MERGE INTO MBTA_PREDICTIONS AS target USING (SELECT 'prediction-ADDED-1582324108...]
[2025-04-24T20:07:09.002+0000] {cursor.py:1041} INFO - query execution done
[2025-04-24T20:07:09.012+0000] {cursor.py:1028} INFO - query: [MERGE INTO MBTA_PREDICTIONS AS target USING (SELECT 'prediction-67994997-70083-1...]
[2025-04-24T20:07:10.701+0000] {cursor.py:1041} INFO - query execution done
[2025-04-24T20:07:10.703+0000] {cursor.py:1028} INFO - query: [MERGE INTO MBTA_PREDICTIONS AS target USING (SELECT 'prediction-67994991-70095-1...]
[2025-04-24T20:07:12.537+0000] {cursor.py:1041} INFO - query execution done
[2025-04-24T20:07:12.545+0000] {cursor.py:1028} INFO - query: [MERGE INTO MBTA_PREDICTIONS AS target USING (SELECT 'prediction-67994962-70098-4...]
[2025-04-24T20:07:14.218+0000] {cursor.py:1041} INFO - query execution done
[2025-04-24T20:07:14.266+0000] {cursor.py:1028} INFO - query: [MERGE INTO MBTA_PREDICTIONS AS target USING (SELECT 'prediction-67995020-70066-2...]
[2025-04-24T20:07:17.052+0000] {cursor.py:1041} INFO - query execution done
[2025-04-24T20:07:18.157+0000] {cursor.py:1028} INFO - query: [MERGE INTO MBTA_PREDICTIONS AS target USING (SELECT 'prediction-67995003-70081-1...]
[2025-04-24T20:07:19.013+0000] {cursor.py:1041} INFO - query execution done
[2025-04-24T20:07:19.025+0000] {cursor.py:1028} INFO - query: [MERGE INTO MBTA_PREDICTIONS AS target USING (SELECT 'prediction-67994973-70105-2...]
[2025-04-24T20:07:20.662+0000] {cursor.py:1041} INFO - query execution done
[2025-04-24T20:07:20.671+0000] {cursor.py:1028} INFO - query: [MERGE INTO MBTA_PREDICTIONS AS target USING (SELECT 'prediction-67994979-70101-2...]
[2025-04-24T20:07:23.006+0000] {cursor.py:1041} INFO - query execution done
[2025-04-24T20:07:23.009+0000] {cursor.py:1028} INFO - query: [MERGE INTO MBTA_PREDICTIONS AS target USING (SELECT 'prediction-67995056-70096-1...]
[2025-04-24T20:07:24.666+0000] {cursor.py:1041} INFO - query execution done
[2025-04-24T20:07:24.671+0000] {cursor.py:1028} INFO - query: [MERGE INTO MBTA_PREDICTIONS AS target USING (SELECT 'prediction-67995009-70069-4...]
[2025-04-24T20:07:26.274+0000] {cursor.py:1041} INFO - query execution done
[2025-04-24T20:07:26.285+0000] {cursor.py:1028} INFO - query: [MERGE INTO MBTA_PREDICTIONS AS target USING (SELECT 'prediction-67995044-70080-1...]
[2025-04-24T20:07:27.872+0000] {cursor.py:1041} INFO - query execution done
[2025-04-24T20:07:27.882+0000] {cursor.py:1028} INFO - query: [MERGE INTO MBTA_PREDICTIONS AS target USING (SELECT 'prediction-67995050-70084-1...]
[2025-04-24T20:07:30.686+0000] {cursor.py:1041} INFO - query execution done
[2025-04-24T20:07:30.715+0000] {cursor.py:1028} INFO - query: [MERGE INTO MBTA_PREDICTIONS AS target USING (SELECT 'prediction-67994997-70095-1...]
[2025-04-24T20:07:32.037+0000] {cursor.py:1041} INFO - query execution done
[2025-04-24T20:07:32.047+0000] {cursor.py:1028} INFO - query: [MERGE INTO MBTA_PREDICTIONS AS target USING (SELECT 'prediction-67994929-70105-2...]
[2025-04-24T20:07:33.728+0000] {cursor.py:1041} INFO - query execution done
[2025-04-24T20:07:33.733+0000] {cursor.py:1028} INFO - query: [MERGE INTO MBTA_PREDICTIONS AS target USING (SELECT 'prediction-67995020-70064-2...]
[2025-04-24T20:07:35.354+0000] {cursor.py:1041} INFO - query execution done
[2025-04-24T20:07:35.358+0000] {cursor.py:1028} INFO - query: [MERGE INTO MBTA_PREDICTIONS AS target USING (SELECT 'prediction-ADDED-1582324108...]
[2025-04-24T20:07:37.195+0000] {cursor.py:1041} INFO - query execution done
[2025-04-24T20:07:37.200+0000] {cursor.py:1028} INFO - query: [MERGE INTO MBTA_PREDICTIONS AS target USING (SELECT 'prediction-67995015-70063-1...]
[2025-04-24T20:07:38.794+0000] {cursor.py:1041} INFO - query execution done
[2025-04-24T20:07:38.802+0000] {cursor.py:1028} INFO - query: [MERGE INTO MBTA_PREDICTIONS AS target USING (SELECT 'prediction-67995044-70078-1...]
[2025-04-24T20:07:40.826+0000] {cursor.py:1041} INFO - query execution done
[2025-04-24T20:07:40.869+0000] {cursor.py:1028} INFO - query: [MERGE INTO MBTA_PREDICTIONS AS target USING (SELECT 'prediction-67995003-70083-1...]
[2025-04-24T20:07:42.325+0000] {cursor.py:1041} INFO - query execution done
[2025-04-24T20:07:42.351+0000] {cursor.py:1028} INFO - query: [MERGE INTO MBTA_PREDICTIONS AS target USING (SELECT 'prediction-67995009-70071-5...]
[2025-04-24T20:07:44.708+0000] {cursor.py:1041} INFO - query execution done
[2025-04-24T20:07:44.726+0000] {cursor.py:1028} INFO - query: [MERGE INTO MBTA_PREDICTIONS AS target USING (SELECT 'prediction-67995056-70084-1...]
[2025-04-24T20:07:46.477+0000] {cursor.py:1041} INFO - query execution done
[2025-04-24T20:07:46.487+0000] {cursor.py:1028} INFO - query: [MERGE INTO MBTA_PREDICTIONS AS target USING (SELECT 'prediction-67995050-70082-1...]
[2025-04-24T20:07:48.052+0000] {cursor.py:1041} INFO - query execution done
[2025-04-24T20:07:48.259+0000] {cursor.py:1028} INFO - query: [MERGE INTO MBTA_PREDICTIONS AS target USING (SELECT 'prediction-67994979-70103-2...]
[2025-04-24T20:07:49.997+0000] {cursor.py:1041} INFO - query execution done
[2025-04-24T20:07:50.005+0000] {cursor.py:1028} INFO - query: [MERGE INTO MBTA_PREDICTIONS AS target USING (SELECT 'prediction-67995044-70076-1...]
[2025-04-24T20:07:51.829+0000] {cursor.py:1041} INFO - query execution done
[2025-04-24T20:07:51.852+0000] {cursor.py:1028} INFO - query: [MERGE INTO MBTA_PREDICTIONS AS target USING (SELECT 'prediction-ADDED-1582324036...]
[2025-04-24T20:07:53.481+0000] {cursor.py:1041} INFO - query execution done
[2025-04-24T20:07:53.502+0000] {cursor.py:1028} INFO - query: [MERGE INTO MBTA_PREDICTIONS AS target USING (SELECT 'prediction-67995015-70065-2...]
[2025-04-24T20:07:56.153+0000] {cursor.py:1041} INFO - query execution done
[2025-04-24T20:07:56.166+0000] {cursor.py:1028} INFO - query: [MERGE INTO MBTA_PREDICTIONS AS target USING (SELECT 'prediction-ADDED-1582324108...]
[2025-04-24T20:07:57.833+0000] {cursor.py:1041} INFO - query execution done
[2025-04-24T20:07:58.004+0000] {cursor.py:1028} INFO - query: [MERGE INTO MBTA_PREDICTIONS AS target USING (SELECT 'prediction-67995003-70095-1...]
[2025-04-24T20:07:59.710+0000] {cursor.py:1041} INFO - query execution done
[2025-04-24T20:07:59.734+0000] {cursor.py:1028} INFO - query: [MERGE INTO MBTA_PREDICTIONS AS target USING (SELECT 'prediction-67994962-70096-1...]
[2025-04-24T20:08:01.443+0000] {cursor.py:1041} INFO - query execution done
[2025-04-24T20:08:01.457+0000] {cursor.py:1028} INFO - query: [MERGE INTO MBTA_PREDICTIONS AS target USING (SELECT 'prediction-67995009-70073-6...]
[2025-04-24T20:08:03.052+0000] {cursor.py:1041} INFO - query execution done
[2025-04-24T20:08:03.071+0000] {cursor.py:1028} INFO - query: [MERGE INTO MBTA_PREDICTIONS AS target USING (SELECT 'prediction-67995020-70061-2...]
[2025-04-24T20:08:04.787+0000] {cursor.py:1041} INFO - query execution done
[2025-04-24T20:08:04.815+0000] {cursor.py:1028} INFO - query: [MERGE INTO MBTA_PREDICTIONS AS target USING (SELECT 'prediction-67995056-70082-1...]
[2025-04-24T20:08:06.448+0000] {cursor.py:1041} INFO - query execution done
[2025-04-24T20:08:06.464+0000] {cursor.py:1028} INFO - query: [MERGE INTO MBTA_PREDICTIONS AS target USING (SELECT 'prediction-67994968-70104-1...]
[2025-04-24T20:08:07.961+0000] {cursor.py:1041} INFO - query execution done
[2025-04-24T20:08:07.973+0000] {cursor.py:1028} INFO - query: [MERGE INTO MBTA_PREDICTIONS AS target USING (SELECT 'prediction-67995050-70080-1...]
[2025-04-24T20:08:09.602+0000] {cursor.py:1041} INFO - query execution done
[2025-04-24T20:08:09.614+0000] {cursor.py:1028} INFO - query: [MERGE INTO MBTA_PREDICTIONS AS target USING (SELECT 'prediction-67995044-70074-1...]
[2025-04-24T20:08:11.396+0000] {cursor.py:1041} INFO - query execution done
[2025-04-24T20:08:11.415+0000] {cursor.py:1028} INFO - query: [MERGE INTO MBTA_PREDICTIONS AS target USING (SELECT 'prediction-67994991-70097-1...]
[2025-04-24T20:08:13.034+0000] {cursor.py:1041} INFO - query execution done
[2025-04-24T20:08:13.051+0000] {cursor.py:1028} INFO - query: [MERGE INTO MBTA_PREDICTIONS AS target USING (SELECT 'prediction-ADDED-1582324036...]
[2025-04-24T20:08:14.695+0000] {cursor.py:1041} INFO - query execution done
[2025-04-24T20:08:14.728+0000] {cursor.py:1028} INFO - query: [MERGE INTO MBTA_PREDICTIONS AS target USING (SELECT 'prediction-67995015-70067-3...]
[2025-04-24T20:08:16.147+0000] {cursor.py:1041} INFO - query execution done
[2025-04-24T20:08:16.181+0000] {cursor.py:1028} INFO - query: [MERGE INTO MBTA_PREDICTIONS AS target USING (SELECT 'prediction-ADDED-1582324108...]
[2025-04-24T20:08:17.848+0000] {cursor.py:1041} INFO - query execution done
[2025-04-24T20:08:17.852+0000] {cursor.py:1028} INFO - query: [MERGE INTO MBTA_PREDICTIONS AS target USING (SELECT 'prediction-67995050-70078-1...]
[2025-04-24T20:08:19.593+0000] {cursor.py:1041} INFO - query execution done
[2025-04-24T20:08:19.596+0000] {cursor.py:1028} INFO - query: [MERGE INTO MBTA_PREDICTIONS AS target USING (SELECT 'prediction-67995009-70075-7...]
[2025-04-24T20:08:21.089+0000] {cursor.py:1041} INFO - query execution done
[2025-04-24T20:08:21.097+0000] {cursor.py:1028} INFO - query: [MERGE INTO MBTA_PREDICTIONS AS target USING (SELECT 'prediction-ADDED-1582324023...]
[2025-04-24T20:08:22.842+0000] {cursor.py:1041} INFO - query execution done
[2025-04-24T20:08:22.846+0000] {cursor.py:1028} INFO - query: [MERGE INTO MBTA_PREDICTIONS AS target USING (SELECT 'prediction-67995056-70080-1...]
[2025-04-24T20:08:24.852+0000] {cursor.py:1041} INFO - query execution done
[2025-04-24T20:08:24.872+0000] {cursor.py:1028} INFO - query: [MERGE INTO MBTA_PREDICTIONS AS target USING (SELECT 'prediction-67995009-70077-8...]
[2025-04-24T20:08:27.120+0000] {cursor.py:1041} INFO - query execution done
[2025-04-24T20:08:27.126+0000] {cursor.py:1028} INFO - query: [MERGE INTO MBTA_PREDICTIONS AS target USING (SELECT 'prediction-67995044-70072-1...]
[2025-04-24T20:08:28.711+0000] {cursor.py:1041} INFO - query execution done
[2025-04-24T20:08:28.724+0000] {cursor.py:1028} INFO - query: [MERGE INTO MBTA_PREDICTIONS AS target USING (SELECT 'prediction-67994991-70099-1...]
[2025-04-24T20:08:30.387+0000] {cursor.py:1041} INFO - query execution done
[2025-04-24T20:08:30.419+0000] {cursor.py:1028} INFO - query: [MERGE INTO MBTA_PREDICTIONS AS target USING (SELECT 'prediction-67994962-70084-1...]
[2025-04-24T20:08:32.682+0000] {cursor.py:1041} INFO - query execution done
[2025-04-24T20:08:32.690+0000] {cursor.py:1028} INFO - query: [MERGE INTO MBTA_PREDICTIONS AS target USING (SELECT 'prediction-ADDED-1582324036...]
[2025-04-24T20:08:34.512+0000] {cursor.py:1041} INFO - query execution done
[2025-04-24T20:08:34.943+0000] {cursor.py:1028} INFO - query: [MERGE INTO MBTA_PREDICTIONS AS target USING (SELECT 'prediction-67994979-70105-2...]
[2025-04-24T20:08:36.186+0000] {cursor.py:1041} INFO - query execution done
[2025-04-24T20:08:36.231+0000] {cursor.py:1028} INFO - query: [MERGE INTO MBTA_PREDICTIONS AS target USING (SELECT 'prediction-67994997-70097-1...]
[2025-04-24T20:08:37.738+0000] {cursor.py:1041} INFO - query execution done
[2025-04-24T20:08:37.760+0000] {cursor.py:1028} INFO - query: [MERGE INTO MBTA_PREDICTIONS AS target USING (SELECT 'prediction-67994968-70102-2...]
[2025-04-24T20:08:39.420+0000] {cursor.py:1041} INFO - query execution done
[2025-04-24T20:08:39.435+0000] {cursor.py:1028} INFO - query: [MERGE INTO MBTA_PREDICTIONS AS target USING (SELECT 'prediction-67995050-70076-1...]
[2025-04-24T20:08:40.945+0000] {cursor.py:1041} INFO - query execution done
[2025-04-24T20:08:40.953+0000] {cursor.py:1028} INFO - query: [MERGE INTO MBTA_PREDICTIONS AS target USING (SELECT 'prediction-67995056-70078-1...]
[2025-04-24T20:08:42.726+0000] {cursor.py:1041} INFO - query execution done
[2025-04-24T20:08:42.756+0000] {cursor.py:1028} INFO - query: [MERGE INTO MBTA_PREDICTIONS AS target USING (SELECT 'prediction-67995009-70079-9...]
[2025-04-24T20:08:44.748+0000] {cursor.py:1041} INFO - query execution done
[2025-04-24T20:08:44.763+0000] {cursor.py:1028} INFO - query: [MERGE INTO MBTA_PREDICTIONS AS target USING (SELECT 'prediction-67995015-70069-4...]
[2025-04-24T20:08:46.229+0000] {cursor.py:1041} INFO - query execution done
[2025-04-24T20:08:46.244+0000] {cursor.py:1028} INFO - query: [MERGE INTO MBTA_PREDICTIONS AS target USING (SELECT 'prediction-67995044-70070-1...]
[2025-04-24T20:08:48.056+0000] {cursor.py:1041} INFO - query execution done
[2025-04-24T20:08:48.100+0000] {cursor.py:1028} INFO - query: [MERGE INTO MBTA_PREDICTIONS AS target USING (SELECT 'prediction-67995021-70063-1...]
[2025-04-24T20:08:49.593+0000] {cursor.py:1041} INFO - query execution done
[2025-04-24T20:08:49.608+0000] {cursor.py:1028} INFO - query: [MERGE INTO MBTA_PREDICTIONS AS target USING (SELECT 'prediction-ADDED-1582324108...]
[2025-04-24T20:08:51.429+0000] {cursor.py:1041} INFO - query execution done
[2025-04-24T20:08:51.436+0000] {cursor.py:1028} INFO - query: [MERGE INTO MBTA_PREDICTIONS AS target USING (SELECT 'prediction-67994962-70082-1...]
[2025-04-24T20:08:53.060+0000] {cursor.py:1041} INFO - query execution done
[2025-04-24T20:08:53.073+0000] {cursor.py:1028} INFO - query: [MERGE INTO MBTA_PREDICTIONS AS target USING (SELECT 'prediction-67994991-70101-2...]
[2025-04-24T20:08:54.815+0000] {cursor.py:1041} INFO - query execution done
[2025-04-24T20:08:54.841+0000] {cursor.py:1028} INFO - query: [MERGE INTO MBTA_PREDICTIONS AS target USING (SELECT 'prediction-ADDED-1582324023...]
[2025-04-24T20:08:56.397+0000] {cursor.py:1041} INFO - query execution done
[2025-04-24T20:08:56.404+0000] {cursor.py:1028} INFO - query: [MERGE INTO MBTA_PREDICTIONS AS target USING (SELECT 'prediction-67994997-70099-1...]
[2025-04-24T20:08:58.678+0000] {cursor.py:1041} INFO - query execution done
[2025-04-24T20:08:58.682+0000] {cursor.py:1028} INFO - query: [MERGE INTO MBTA_PREDICTIONS AS target USING (SELECT 'prediction-67995056-70076-1...]
[2025-04-24T20:09:00.775+0000] {cursor.py:1041} INFO - query execution done
[2025-04-24T20:09:00.776+0000] {cursor.py:1028} INFO - query: [MERGE INTO MBTA_PREDICTIONS AS target USING (SELECT 'prediction-67994968-70100-3...]
[2025-04-24T20:09:02.374+0000] {cursor.py:1041} INFO - query execution done
[2025-04-24T20:09:02.378+0000] {cursor.py:1028} INFO - query: [MERGE INTO MBTA_PREDICTIONS AS target USING (SELECT 'prediction-67995050-70074-1...]
[2025-04-24T20:09:04.181+0000] {cursor.py:1041} INFO - query execution done
[2025-04-24T20:09:04.182+0000] {cursor.py:1028} INFO - query: [MERGE INTO MBTA_PREDICTIONS AS target USING (SELECT 'prediction-ADDED-1582324036...]
[2025-04-24T20:09:06.308+0000] {cursor.py:1041} INFO - query execution done
[2025-04-24T20:09:06.317+0000] {cursor.py:1028} INFO - query: [MERGE INTO MBTA_PREDICTIONS AS target USING (SELECT 'prediction-67995009-70081-1...]
[2025-04-24T20:09:07.826+0000] {cursor.py:1041} INFO - query execution done
[2025-04-24T20:09:07.834+0000] {cursor.py:1028} INFO - query: [MERGE INTO MBTA_PREDICTIONS AS target USING (SELECT 'prediction-67995003-70097-1...]
[2025-04-24T20:09:09.496+0000] {cursor.py:1041} INFO - query execution done
[2025-04-24T20:09:09.515+0000] {cursor.py:1028} INFO - query: [MERGE INTO MBTA_PREDICTIONS AS target USING (SELECT 'prediction-67995021-70065-2...]
[2025-04-24T20:09:11.174+0000] {cursor.py:1041} INFO - query execution done
[2025-04-24T20:09:11.191+0000] {cursor.py:1028} INFO - query: [MERGE INTO MBTA_PREDICTIONS AS target USING (SELECT 'prediction-67995015-70071-5...]
[2025-04-24T20:09:12.869+0000] {cursor.py:1041} INFO - query execution done
[2025-04-24T20:09:12.875+0000] {cursor.py:1028} INFO - query: [MERGE INTO MBTA_PREDICTIONS AS target USING (SELECT 'prediction-67994962-70080-1...]
[2025-04-24T20:09:14.490+0000] {cursor.py:1041} INFO - query execution done
[2025-04-24T20:09:14.494+0000] {cursor.py:1028} INFO - query: [MERGE INTO MBTA_PREDICTIONS AS target USING (SELECT 'prediction-67994997-70101-2...]
[2025-04-24T20:09:16.351+0000] {cursor.py:1041} INFO - query execution done
[2025-04-24T20:09:16.356+0000] {cursor.py:1028} INFO - query: [MERGE INTO MBTA_PREDICTIONS AS target USING (SELECT 'prediction-67994968-70098-4...]
[2025-04-24T20:09:18.409+0000] {cursor.py:1041} INFO - query execution done
[2025-04-24T20:09:18.419+0000] {cursor.py:1028} INFO - query: [MERGE INTO MBTA_PREDICTIONS AS target USING (SELECT 'prediction-ADDED-1582324023...]
[2025-04-24T20:09:20.011+0000] {cursor.py:1041} INFO - query execution done
[2025-04-24T20:09:20.015+0000] {cursor.py:1028} INFO - query: [MERGE INTO MBTA_PREDICTIONS AS target USING (SELECT 'prediction-67995056-70074-1...]
[2025-04-24T20:09:21.759+0000] {cursor.py:1041} INFO - query execution done
[2025-04-24T20:09:21.777+0000] {cursor.py:1028} INFO - query: [MERGE INTO MBTA_PREDICTIONS AS target USING (SELECT 'prediction-67995050-70072-1...]
[2025-04-24T20:09:23.206+0000] {cursor.py:1041} INFO - query execution done
[2025-04-24T20:09:23.208+0000] {cursor.py:1028} INFO - query: [MERGE INTO MBTA_PREDICTIONS AS target USING (SELECT 'prediction-67995044-70068-1...]
[2025-04-24T20:09:24.821+0000] {cursor.py:1041} INFO - query execution done
[2025-04-24T20:09:24.823+0000] {cursor.py:1028} INFO - query: [MERGE INTO MBTA_PREDICTIONS AS target USING (SELECT 'prediction-67994991-70103-2...]
[2025-04-24T20:09:27.810+0000] {cursor.py:1041} INFO - query execution done
[2025-04-24T20:09:27.813+0000] {cursor.py:1028} INFO - query: [MERGE INTO MBTA_PREDICTIONS AS target USING (SELECT 'prediction-67994980-70104-1...]
[2025-04-24T20:09:29.226+0000] {cursor.py:1041} INFO - query execution done
[2025-04-24T20:09:29.227+0000] {cursor.py:1028} INFO - query: [MERGE INTO MBTA_PREDICTIONS AS target USING (SELECT 'prediction-67995003-70099-1...]
[2025-04-24T20:09:30.989+0000] {cursor.py:1041} INFO - query execution done
[2025-04-24T20:09:30.993+0000] {cursor.py:1028} INFO - query: [MERGE INTO MBTA_PREDICTIONS AS target USING (SELECT 'prediction-67994962-70078-1...]
[2025-04-24T20:09:32.359+0000] {cursor.py:1041} INFO - query execution done
[2025-04-24T20:09:32.362+0000] {cursor.py:1028} INFO - query: [MERGE INTO MBTA_PREDICTIONS AS target USING (SELECT 'prediction-67995009-70083-1...]
[2025-04-24T20:09:33.833+0000] {cursor.py:1041} INFO - query execution done
[2025-04-24T20:09:33.837+0000] {cursor.py:1028} INFO - query: [MERGE INTO MBTA_PREDICTIONS AS target USING (SELECT 'prediction-67995021-70067-3...]
[2025-04-24T20:09:35.516+0000] {cursor.py:1041} INFO - query execution done
[2025-04-24T20:09:35.519+0000] {cursor.py:1028} INFO - query: [MERGE INTO MBTA_PREDICTIONS AS target USING (SELECT 'prediction-67995015-70073-6...]
[2025-04-24T20:09:37.036+0000] {cursor.py:1041} INFO - query execution done
[2025-04-24T20:09:37.037+0000] {cursor.py:1028} INFO - query: [MERGE INTO MBTA_PREDICTIONS AS target USING (SELECT 'prediction-ADDED-1582324023...]
[2025-04-24T20:09:38.573+0000] {cursor.py:1041} INFO - query execution done
[2025-04-24T20:09:38.575+0000] {cursor.py:1028} INFO - query: [MERGE INTO MBTA_PREDICTIONS AS target USING (SELECT 'prediction-67995056-70072-1...]
[2025-04-24T20:09:40.305+0000] {cursor.py:1041} INFO - query execution done
[2025-04-24T20:09:40.310+0000] {cursor.py:1028} INFO - query: [MERGE INTO MBTA_PREDICTIONS AS target USING (SELECT 'prediction-67995027-70063-1...]
[2025-04-24T20:09:41.815+0000] {cursor.py:1041} INFO - query execution done
[2025-04-24T20:09:41.816+0000] {cursor.py:1028} INFO - query: [MERGE INTO MBTA_PREDICTIONS AS target USING (SELECT 'prediction-67995050-70070-1...]
[2025-04-24T20:09:43.546+0000] {cursor.py:1041} INFO - query execution done
[2025-04-24T20:09:43.561+0000] {cursor.py:1028} INFO - query: [MERGE INTO MBTA_PREDICTIONS AS target USING (SELECT 'prediction-67994962-70076-1...]
[2025-04-24T20:09:45.185+0000] {cursor.py:1041} INFO - query execution done
[2025-04-24T20:09:45.202+0000] {cursor.py:1028} INFO - query: [MERGE INTO MBTA_PREDICTIONS AS target USING (SELECT 'prediction-67994997-70103-2...]
[2025-04-24T20:09:46.773+0000] {cursor.py:1041} INFO - query execution done
[2025-04-24T20:09:46.776+0000] {cursor.py:1028} INFO - query: [MERGE INTO MBTA_PREDICTIONS AS target USING (SELECT 'prediction-67995044-70066-2...]
[2025-04-24T20:09:48.289+0000] {cursor.py:1041} INFO - query execution done
[2025-04-24T20:09:48.292+0000] {cursor.py:1028} INFO - query: [MERGE INTO MBTA_PREDICTIONS AS target USING (SELECT 'prediction-67995003-70101-2...]
[2025-04-24T20:09:49.816+0000] {cursor.py:1041} INFO - query execution done
[2025-04-24T20:09:49.822+0000] {cursor.py:1028} INFO - query: [MERGE INTO MBTA_PREDICTIONS AS target USING (SELECT 'prediction-ADDED-1582324036...]
[2025-04-24T20:09:51.333+0000] {cursor.py:1041} INFO - query execution done
[2025-04-24T20:09:51.339+0000] {cursor.py:1028} INFO - query: [MERGE INTO MBTA_PREDICTIONS AS target USING (SELECT 'prediction-67994980-70102-2...]
[2025-04-24T20:09:52.977+0000] {cursor.py:1041} INFO - query execution done
[2025-04-24T20:09:52.988+0000] {cursor.py:1028} INFO - query: [MERGE INTO MBTA_PREDICTIONS AS target USING (SELECT 'prediction-67995015-70075-7...]
[2025-04-24T20:09:54.509+0000] {cursor.py:1041} INFO - query execution done
[2025-04-24T20:09:54.511+0000] {cursor.py:1028} INFO - query: [MERGE INTO MBTA_PREDICTIONS AS target USING (SELECT 'prediction-67995009-70095-1...]
[2025-04-24T20:09:56.204+0000] {cursor.py:1041} INFO - query execution done
[2025-04-24T20:09:56.207+0000] {cursor.py:1028} INFO - query: [MERGE INTO MBTA_PREDICTIONS AS target USING (SELECT 'prediction-67995027-70065-2...]
[2025-04-24T20:09:57.784+0000] {cursor.py:1041} INFO - query execution done
[2025-04-24T20:09:57.791+0000] {cursor.py:1028} INFO - query: [MERGE INTO MBTA_PREDICTIONS AS target USING (SELECT 'prediction-67995015-70077-8...]
[2025-04-24T20:09:59.208+0000] {cursor.py:1041} INFO - query execution done
[2025-04-24T20:09:59.209+0000] {cursor.py:1028} INFO - query: [MERGE INTO MBTA_PREDICTIONS AS target USING (SELECT 'prediction-67995056-70070-1...]
[2025-04-24T20:10:00.643+0000] {cursor.py:1041} INFO - query execution done
[2025-04-24T20:10:00.651+0000] {cursor.py:1028} INFO - query: [MERGE INTO MBTA_PREDICTIONS AS target USING (SELECT 'prediction-67994962-70074-1...]
[2025-04-24T20:10:02.392+0000] {cursor.py:1041} INFO - query execution done
[2025-04-24T20:10:02.398+0000] {cursor.py:1028} INFO - query: [MERGE INTO MBTA_PREDICTIONS AS target USING (SELECT 'prediction-67995021-70069-4...]
[2025-04-24T20:10:04.000+0000] {cursor.py:1041} INFO - query execution done
[2025-04-24T20:10:04.003+0000] {cursor.py:1028} INFO - query: [MERGE INTO MBTA_PREDICTIONS AS target USING (SELECT 'prediction-67995044-70064-2...]
[2025-04-24T20:10:06.094+0000] {cursor.py:1041} INFO - query execution done
[2025-04-24T20:10:06.098+0000] {cursor.py:1028} INFO - query: [MERGE INTO MBTA_PREDICTIONS AS target USING (SELECT 'prediction-67994991-70105-2...]
[2025-04-24T20:10:07.724+0000] {cursor.py:1041} INFO - query execution done
[2025-04-24T20:10:07.728+0000] {cursor.py:1028} INFO - query: [MERGE INTO MBTA_PREDICTIONS AS target USING (SELECT 'prediction-67995050-70068-1...]
[2025-04-24T20:10:09.334+0000] {cursor.py:1041} INFO - query execution done
[2025-04-24T20:10:09.346+0000] {cursor.py:1028} INFO - query: [MERGE INTO MBTA_PREDICTIONS AS target USING (SELECT 'prediction-67995015-70079-9...]
[2025-04-24T20:10:10.834+0000] {cursor.py:1041} INFO - query execution done
[2025-04-24T20:10:10.837+0000] {cursor.py:1028} INFO - query: [MERGE INTO MBTA_PREDICTIONS AS target USING (SELECT 'prediction-67994968-70096-1...]
[2025-04-24T20:10:12.340+0000] {cursor.py:1041} INFO - query execution done
[2025-04-24T20:10:12.357+0000] {cursor.py:1028} INFO - query: [MERGE INTO MBTA_PREDICTIONS AS target USING (SELECT 'prediction-67994980-70100-3...]
[2025-04-24T20:10:14.023+0000] {cursor.py:1041} INFO - query execution done
[2025-04-24T20:10:14.112+0000] {cursor.py:1028} INFO - query: [MERGE INTO MBTA_PREDICTIONS AS target USING (SELECT 'prediction-67995027-70067-3...]
[2025-04-24T20:10:15.398+0000] {cursor.py:1041} INFO - query execution done
[2025-04-24T20:10:15.409+0000] {cursor.py:1028} INFO - query: [MERGE INTO MBTA_PREDICTIONS AS target USING (SELECT 'prediction-67995003-70103-2...]
[2025-04-24T20:10:16.829+0000] {cursor.py:1041} INFO - query execution done
[2025-04-24T20:10:16.832+0000] {cursor.py:1028} INFO - query: [MERGE INTO MBTA_PREDICTIONS AS target USING (SELECT 'prediction-67994962-70072-1...]
[2025-04-24T20:10:18.452+0000] {cursor.py:1041} INFO - query execution done
[2025-04-24T20:10:18.464+0000] {cursor.py:1028} INFO - query: [MERGE INTO MBTA_PREDICTIONS AS target USING (SELECT 'prediction-ADDED-1582324109...]
[2025-04-24T20:10:19.325+0000] {cursor.py:1041} INFO - query execution done
[2025-04-24T20:10:19.335+0000] {cursor.py:1028} INFO - query: [MERGE INTO MBTA_PREDICTIONS AS target USING (SELECT 'prediction-67995021-70071-5...]
[2025-04-24T20:10:20.430+0000] {cursor.py:1041} INFO - query execution done
[2025-04-24T20:10:20.444+0000] {cursor.py:1028} INFO - query: [MERGE INTO MBTA_PREDICTIONS AS target USING (SELECT 'prediction-67995056-70068-1...]
[2025-04-24T20:10:21.478+0000] {cursor.py:1041} INFO - query execution done
[2025-04-24T20:10:21.519+0000] {cursor.py:1028} INFO - query: [MERGE INTO MBTA_PREDICTIONS AS target USING (SELECT 'prediction-ADDED-1582324023...]
[2025-04-24T20:10:22.547+0000] {cursor.py:1041} INFO - query execution done
[2025-04-24T20:10:22.561+0000] {cursor.py:1028} INFO - query: [MERGE INTO MBTA_PREDICTIONS AS target USING (SELECT 'prediction-67994997-70105-2...]
[2025-04-24T20:10:23.588+0000] {cursor.py:1041} INFO - query execution done
[2025-04-24T20:10:23.600+0000] {cursor.py:1028} INFO - query: [MERGE INTO MBTA_PREDICTIONS AS target USING (SELECT 'prediction-67994980-70098-4...]
[2025-04-24T20:10:24.624+0000] {cursor.py:1041} INFO - query execution done
[2025-04-24T20:10:24.634+0000] {cursor.py:1028} INFO - query: [MERGE INTO MBTA_PREDICTIONS AS target USING (SELECT 'prediction-67995015-70081-1...]
[2025-04-24T20:10:26.087+0000] {cursor.py:1041} INFO - query execution done
[2025-04-24T20:10:26.098+0000] {cursor.py:1028} INFO - query: [MERGE INTO MBTA_PREDICTIONS AS target USING (SELECT 'prediction-67995050-70066-2...]
[2025-04-24T20:10:26.993+0000] {cursor.py:1041} INFO - query execution done
[2025-04-24T20:10:27.009+0000] {cursor.py:1028} INFO - query: [MERGE INTO MBTA_PREDICTIONS AS target USING (SELECT 'prediction-67995044-70061-2...]
[2025-04-24T20:10:28.056+0000] {cursor.py:1041} INFO - query execution done
[2025-04-24T20:10:28.068+0000] {cursor.py:1028} INFO - query: [MERGE INTO MBTA_PREDICTIONS AS target USING (SELECT 'prediction-67994968-70084-1...]
[2025-04-24T20:10:29.151+0000] {cursor.py:1041} INFO - query execution done
[2025-04-24T20:10:29.161+0000] {cursor.py:1028} INFO - query: [MERGE INTO MBTA_PREDICTIONS AS target USING (SELECT 'prediction-ADDED-1582324109...]
[2025-04-24T20:10:30.234+0000] {cursor.py:1041} INFO - query execution done
[2025-04-24T20:10:30.243+0000] {cursor.py:1028} INFO - query: [MERGE INTO MBTA_PREDICTIONS AS target USING (SELECT 'prediction-67994962-70070-1...]
[2025-04-24T20:10:31.186+0000] {cursor.py:1041} INFO - query execution done
[2025-04-24T20:10:31.196+0000] {cursor.py:1028} INFO - query: [MERGE INTO MBTA_PREDICTIONS AS target USING (SELECT 'prediction-67995021-70073-6...]
[2025-04-24T20:10:32.257+0000] {cursor.py:1041} INFO - query execution done
[2025-04-24T20:10:32.275+0000] {cursor.py:1028} INFO - query: [MERGE INTO MBTA_PREDICTIONS AS target USING (SELECT 'prediction-67994992-70104-1...]
[2025-04-24T20:10:33.314+0000] {cursor.py:1041} INFO - query execution done
[2025-04-24T20:10:33.328+0000] {cursor.py:1028} INFO - query: [MERGE INTO MBTA_PREDICTIONS AS target USING (SELECT 'prediction-67995027-70069-4...]
[2025-04-24T20:10:35.293+0000] {cursor.py:1041} INFO - query execution done
[2025-04-24T20:10:35.307+0000] {cursor.py:1028} INFO - query: [MERGE INTO MBTA_PREDICTIONS AS target USING (SELECT 'prediction-67995056-70066-2...]
[2025-04-24T20:10:36.503+0000] {cursor.py:1041} INFO - query execution done
[2025-04-24T20:10:36.519+0000] {cursor.py:1028} INFO - query: [MERGE INTO MBTA_PREDICTIONS AS target USING (SELECT 'prediction-67995050-70064-2...]
[2025-04-24T20:10:37.564+0000] {cursor.py:1041} INFO - query execution done
[2025-04-24T20:10:37.737+0000] {cursor.py:1028} INFO - query: [MERGE INTO MBTA_PREDICTIONS AS target USING (SELECT 'prediction-67995015-70083-1...]
[2025-04-24T20:10:38.597+0000] {cursor.py:1041} INFO - query execution done
[2025-04-24T20:10:38.617+0000] {cursor.py:1028} INFO - query: [MERGE INTO MBTA_PREDICTIONS AS target USING (SELECT 'prediction-ADDED-1582324023...]
[2025-04-24T20:10:39.879+0000] {cursor.py:1041} INFO - query execution done
[2025-04-24T20:10:39.900+0000] {cursor.py:1028} INFO - query: [MERGE INTO MBTA_PREDICTIONS AS target USING (SELECT 'prediction-67995009-70097-1...]
[2025-04-24T20:10:41.724+0000] {cursor.py:1041} INFO - query execution done
[2025-04-24T20:10:41.745+0000] {cursor.py:1028} INFO - query: [MERGE INTO MBTA_PREDICTIONS AS target USING (SELECT 'prediction-67994968-70082-1...]
[2025-04-24T20:10:42.600+0000] {cursor.py:1041} INFO - query execution done
[2025-04-24T20:10:42.615+0000] {cursor.py:1028} INFO - query: [MERGE INTO MBTA_PREDICTIONS AS target USING (SELECT 'prediction-ADDED-1582324109...]
[2025-04-24T20:10:43.623+0000] {cursor.py:1041} INFO - query execution done
[2025-04-24T20:10:43.637+0000] {cursor.py:1028} INFO - query: [MERGE INTO MBTA_PREDICTIONS AS target USING (SELECT 'prediction-67995003-70105-2...]
[2025-04-24T20:10:44.833+0000] {cursor.py:1041} INFO - query execution done
[2025-04-24T20:10:44.850+0000] {cursor.py:1028} INFO - query: [MERGE INTO MBTA_PREDICTIONS AS target USING (SELECT 'prediction-67995021-70075-7...]
[2025-04-24T20:10:45.684+0000] {cursor.py:1041} INFO - query execution done
[2025-04-24T20:10:45.705+0000] {cursor.py:1028} INFO - query: [MERGE INTO MBTA_PREDICTIONS AS target USING (SELECT 'prediction-67995021-70077-8...]
[2025-04-24T20:10:46.790+0000] {cursor.py:1041} INFO - query execution done
[2025-04-24T20:10:46.940+0000] {cursor.py:1028} INFO - query: [MERGE INTO MBTA_PREDICTIONS AS target USING (SELECT 'prediction-67995056-70064-2...]
[2025-04-24T20:10:48.801+0000] {cursor.py:1041} INFO - query execution done
[2025-04-24T20:10:48.840+0000] {cursor.py:1028} INFO - query: [MERGE INTO MBTA_PREDICTIONS AS target USING (SELECT 'prediction-67995027-70071-5...]
[2025-04-24T20:10:51.457+0000] {cursor.py:1041} INFO - query execution done
[2025-04-24T20:10:51.466+0000] {cursor.py:1028} INFO - query: [MERGE INTO MBTA_PREDICTIONS AS target USING (SELECT 'prediction-67994992-70102-2...]
[2025-04-24T20:10:52.532+0000] {cursor.py:1041} INFO - query execution done
[2025-04-24T20:10:52.556+0000] {cursor.py:1028} INFO - query: [MERGE INTO MBTA_PREDICTIONS AS target USING (SELECT 'prediction-67994962-70068-1...]
[2025-04-24T20:10:53.681+0000] {cursor.py:1041} INFO - query execution done
[2025-04-24T20:10:53.698+0000] {cursor.py:1028} INFO - query: [MERGE INTO MBTA_PREDICTIONS AS target USING (SELECT 'prediction-ADDED-1582324023...]
[2025-04-24T20:10:54.862+0000] {cursor.py:1041} INFO - query execution done
[2025-04-24T20:10:54.893+0000] {cursor.py:1028} INFO - query: [MERGE INTO MBTA_PREDICTIONS AS target USING (SELECT 'prediction-67995009-70099-1...]
[2025-04-24T20:10:56.085+0000] {cursor.py:1041} INFO - query execution done
[2025-04-24T20:10:56.104+0000] {cursor.py:1028} INFO - query: [MERGE INTO MBTA_PREDICTIONS AS target USING (SELECT 'prediction-67995015-70095-1...]
[2025-04-24T20:10:57.258+0000] {cursor.py:1041} INFO - query execution done
[2025-04-24T20:10:57.291+0000] {cursor.py:1028} INFO - query: [MERGE INTO MBTA_PREDICTIONS AS target USING (SELECT 'prediction-67994968-70080-1...]
[2025-04-24T20:10:58.350+0000] {cursor.py:1041} INFO - query execution done
[2025-04-24T20:10:58.414+0000] {cursor.py:1028} INFO - query: [MERGE INTO MBTA_PREDICTIONS AS target USING (SELECT 'prediction-67995021-70079-9...]
[2025-04-24T20:10:59.582+0000] {cursor.py:1041} INFO - query execution done
[2025-04-24T20:10:59.645+0000] {cursor.py:1028} INFO - query: [MERGE INTO MBTA_PREDICTIONS AS target USING (SELECT 'prediction-67995050-70061-2...]
[2025-04-24T20:11:00.629+0000] {cursor.py:1041} INFO - query execution done
[2025-04-24T20:11:00.674+0000] {cursor.py:1028} INFO - query: [MERGE INTO MBTA_PREDICTIONS AS target USING (SELECT 'prediction-67994980-70096-1...]
[2025-04-24T20:11:02.125+0000] {cursor.py:1041} INFO - query execution done
[2025-04-24T20:11:02.208+0000] {cursor.py:1028} INFO - query: [MERGE INTO MBTA_PREDICTIONS AS target USING (SELECT 'prediction-67995027-70073-6...]
[2025-04-24T20:11:03.777+0000] {cursor.py:1041} INFO - query execution done
[2025-04-24T20:11:03.800+0000] {cursor.py:1028} INFO - query: [MERGE INTO MBTA_PREDICTIONS AS target USING (SELECT 'prediction-67994968-70078-1...]
[2025-04-24T20:11:04.518+0000] {cursor.py:1041} INFO - query execution done
[2025-04-24T20:11:04.532+0000] {cursor.py:1028} INFO - query: [MERGE INTO MBTA_PREDICTIONS AS target USING (SELECT 'prediction-67994992-70100-3...]
[2025-04-24T20:11:05.643+0000] {cursor.py:1041} INFO - query execution done
[2025-04-24T20:11:05.654+0000] {cursor.py:1028} INFO - query: [MERGE INTO MBTA_PREDICTIONS AS target USING (SELECT 'prediction-ADDED-1582324109...]
[2025-04-24T20:11:06.709+0000] {cursor.py:1041} INFO - query execution done
[2025-04-24T20:11:06.719+0000] {cursor.py:1028} INFO - query: [MERGE INTO MBTA_PREDICTIONS AS target USING (SELECT 'prediction-67995009-70101-2...]
[2025-04-24T20:11:09.874+0000] {cursor.py:1041} INFO - query execution done
[2025-04-24T20:11:09.898+0000] {cursor.py:1028} INFO - query: [MERGE INTO MBTA_PREDICTIONS AS target USING (SELECT 'prediction-67994962-70066-2...]
[2025-04-24T20:11:10.849+0000] {cursor.py:1041} INFO - query execution done
[2025-04-24T20:11:10.864+0000] {cursor.py:1028} INFO - query: [MERGE INTO MBTA_PREDICTIONS AS target USING (SELECT 'prediction-ADDED-1582324023...]
[2025-04-24T20:11:11.671+0000] {cursor.py:1041} INFO - query execution done
[2025-04-24T20:11:11.679+0000] {cursor.py:1028} INFO - query: [MERGE INTO MBTA_PREDICTIONS AS target USING (SELECT 'prediction-67995056-70061-2...]
[2025-04-24T20:11:13.034+0000] {cursor.py:1041} INFO - query execution done
[2025-04-24T20:11:13.051+0000] {cursor.py:1028} INFO - query: [MERGE INTO MBTA_PREDICTIONS AS target USING (SELECT 'prediction-67995021-70081-1...]
[2025-04-24T20:11:13.804+0000] {cursor.py:1041} INFO - query execution done
[2025-04-24T20:11:13.812+0000] {cursor.py:1028} INFO - query: [MERGE INTO MBTA_PREDICTIONS AS target USING (SELECT 'prediction-67994968-70076-1...]
[2025-04-24T20:11:14.868+0000] {cursor.py:1041} INFO - query execution done
[2025-04-24T20:11:14.884+0000] {cursor.py:1028} INFO - query: [MERGE INTO MBTA_PREDICTIONS AS target USING (SELECT 'prediction-67994992-70098-4...]
[2025-04-24T20:11:15.775+0000] {cursor.py:1041} INFO - query execution done
[2025-04-24T20:11:15.783+0000] {cursor.py:1028} INFO - query: [MERGE INTO MBTA_PREDICTIONS AS target USING (SELECT 'prediction-ADDED-1582324023...]
[2025-04-24T20:11:18.744+0000] {cursor.py:1041} INFO - query execution done
[2025-04-24T20:11:18.758+0000] {cursor.py:1028} INFO - query: [MERGE INTO MBTA_PREDICTIONS AS target USING (SELECT 'prediction-67995027-70075-7...]
[2025-04-24T20:11:19.714+0000] {cursor.py:1041} INFO - query execution done
[2025-04-24T20:11:19.738+0000] {cursor.py:1028} INFO - query: [MERGE INTO MBTA_PREDICTIONS AS target USING (SELECT 'prediction-67994980-70084-1...]
[2025-04-24T20:11:22.587+0000] {cursor.py:1041} INFO - query execution done
[2025-04-24T20:11:22.598+0000] {cursor.py:1028} INFO - query: [MERGE INTO MBTA_PREDICTIONS AS target USING (SELECT 'prediction-67995027-70077-8...]
[2025-04-24T20:11:23.744+0000] {cursor.py:1041} INFO - query execution done
[2025-04-24T20:11:23.762+0000] {cursor.py:1028} INFO - query: [MERGE INTO MBTA_PREDICTIONS AS target USING (SELECT 'prediction-67994962-70064-2...]
[2025-04-24T20:11:24.987+0000] {cursor.py:1041} INFO - query execution done
[2025-04-24T20:11:25.000+0000] {cursor.py:1028} INFO - query: [MERGE INTO MBTA_PREDICTIONS AS target USING (SELECT 'prediction-ADDED-1582324109...]
[2025-04-24T20:11:25.838+0000] {cursor.py:1041} INFO - query execution done
[2025-04-24T20:11:25.849+0000] {cursor.py:1028} INFO - query: [MERGE INTO MBTA_PREDICTIONS AS target USING (SELECT 'prediction-ADDED-1582324023...]
[2025-04-24T20:11:26.895+0000] {cursor.py:1041} INFO - query execution done
[2025-04-24T20:11:26.905+0000] {cursor.py:1028} INFO - query: [MERGE INTO MBTA_PREDICTIONS AS target USING (SELECT 'prediction-67994968-70074-1...]
[2025-04-24T20:11:28.350+0000] {cursor.py:1041} INFO - query execution done
[2025-04-24T20:11:28.362+0000] {cursor.py:1028} INFO - query: [MERGE INTO MBTA_PREDICTIONS AS target USING (SELECT 'prediction-67995009-70103-2...]
[2025-04-24T20:11:29.201+0000] {cursor.py:1041} INFO - query execution done
[2025-04-24T20:11:29.210+0000] {cursor.py:1028} INFO - query: [MERGE INTO MBTA_PREDICTIONS AS target USING (SELECT 'prediction-67995021-70083-1...]
