[2025-04-23T01:35:35.042+0000] {taskinstance.py:1956} INFO - Dependencies all met for dep_context=non-requeueable deps ti=<TaskInstance: mbta_kafka_consumer_dag.run_kafka_consumer scheduled__2025-04-23T01:00:00+00:00 [queued]>
[2025-04-23T01:35:35.066+0000] {taskinstance.py:1956} INFO - Dependencies all met for dep_context=requeueable deps ti=<TaskInstance: mbta_kafka_consumer_dag.run_kafka_consumer scheduled__2025-04-23T01:00:00+00:00 [queued]>
[2025-04-23T01:35:35.070+0000] {taskinstance.py:2170} INFO - Starting attempt 2 of 2
[2025-04-23T01:35:35.131+0000] {taskinstance.py:2191} INFO - Executing <Task(PythonOperator): run_kafka_consumer> on 2025-04-23 01:00:00+00:00
[2025-04-23T01:35:35.152+0000] {standard_task_runner.py:60} INFO - Started process 231 to run task
[2025-04-23T01:35:35.167+0000] {standard_task_runner.py:87} INFO - Running: ['***', 'tasks', 'run', 'mbta_kafka_consumer_dag', 'run_kafka_consumer', 'scheduled__2025-04-23T01:00:00+00:00', '--job-id', '304', '--raw', '--subdir', 'DAGS_FOLDER/mbta_kafka_consumer_dag.py', '--cfg-path', '/tmp/tmpeeni2584']
[2025-04-23T01:35:35.178+0000] {standard_task_runner.py:88} INFO - Job 304: Subtask run_kafka_consumer
[2025-04-23T01:35:35.575+0000] {task_command.py:423} INFO - Running <TaskInstance: mbta_kafka_consumer_dag.run_kafka_consumer scheduled__2025-04-23T01:00:00+00:00 [running]> on host 577d99ce7fac
[2025-04-23T01:35:36.042+0000] {taskinstance.py:2480} INFO - Exporting env vars: AIRFLOW_CTX_DAG_OWNER='***' AIRFLOW_CTX_DAG_ID='mbta_kafka_consumer_dag' AIRFLOW_CTX_TASK_ID='run_kafka_consumer' AIRFLOW_CTX_EXECUTION_DATE='2025-04-23T01:00:00+00:00' AIRFLOW_CTX_TRY_NUMBER='2' AIRFLOW_CTX_DAG_RUN_ID='scheduled__2025-04-23T01:00:00+00:00'
[2025-04-23T01:35:36.057+0000] {connection.py:370} INFO - Snowflake Connector for Python Version: 3.6.0, Python Version: 3.9.18, Platform: Linux-6.10.14-linuxkit-aarch64-with-glibc2.36
[2025-04-23T01:35:36.067+0000] {connection.py:1171} INFO - This connection is in OCSP Fail Open Mode. TLS Certificates would be checked for validity and revocation status. Any other Certificate Revocation related exceptions or OCSP Responder failures would be disregarded in favor of connectivity.
[2025-04-23T01:35:37.050+0000] {mbta_kafka_consumer.py:45} INFO - ✅ Connected to Snowflake successfully.
[2025-04-23T01:35:37.052+0000] {mbta_kafka_consumer.py:219} INFO - 🚀 Starting MBTA Kafka Consumer...
[2025-04-23T01:35:37.069+0000] {conn.py:395} INFO - <BrokerConnection client_id=kafka-python-2.1.5, node_id=bootstrap-0 host=kafka:9092 <connecting> [IPv4 ('172.18.0.6', 9092)]>: connecting to kafka:9092 [('172.18.0.6', 9092) IPv4]
[2025-04-23T01:35:37.109+0000] {conn.py:615} INFO - <BrokerConnection client_id=kafka-python-2.1.5, node_id=bootstrap-0 host=kafka:9092 <checking_api_versions_recv> [IPv4 ('172.18.0.6', 9092)]>: Broker version identified as 2.6
[2025-04-23T01:35:37.135+0000] {conn.py:456} INFO - <BrokerConnection client_id=kafka-python-2.1.5, node_id=bootstrap-0 host=kafka:9092 <connected> [IPv4 ('172.18.0.6', 9092)]>: Connection complete.
[2025-04-23T01:35:37.139+0000] {consumer.py:119} WARNING - group_id is None: disabling auto-commit.
[2025-04-23T01:35:37.144+0000] {subscription_state.py:182} INFO - Updating subscribed topics to: ('mbta_alerts', 'mbta_routes', 'mbta_stops', 'mbta_vehicles', 'mbta_predictions')
[2025-04-23T01:35:37.160+0000] {subscription_state.py:254} INFO - Updated partition assignment: [('mbta_stops', 0), ('mbta_predictions', 0), ('mbta_alerts', 0), ('mbta_vehicles', 0), ('mbta_routes', 0)]
[2025-04-23T01:35:37.166+0000] {conn.py:395} INFO - <BrokerConnection client_id=kafka-python-2.1.5, node_id=1 host=kafka:9092 <connecting> [IPv4 ('172.18.0.6', 9092)]>: connecting to kafka:9092 [('172.18.0.6', 9092) IPv4]
[2025-04-23T01:35:37.171+0000] {conn.py:456} INFO - <BrokerConnection client_id=kafka-python-2.1.5, node_id=1 host=kafka:9092 <connected> [IPv4 ('172.18.0.6', 9092)]>: Connection complete.
[2025-04-23T01:35:37.178+0000] {conn.py:936} INFO - <BrokerConnection client_id=kafka-python-2.1.5, node_id=bootstrap-0 host=kafka:9092 <connected> [IPv4 ('172.18.0.6', 9092)]>: Closing connection. 
[2025-04-23T01:35:52.620+0000] {mbta_kafka_consumer.py:233} INFO - 📥 Received 1000 records from topic: mbta_stops
[2025-04-23T01:35:52.988+0000] {mbta_kafka_consumer.py:56} INFO - 🔍 Sample data for MBTA_STOPS:
[2025-04-23T01:35:52.997+0000] {mbta_kafka_consumer.py:57} INFO - 
          STOP_ID  ...                 CREATED_AT
0            5682  ... 2025-04-23 01:35:52.680007
1           50620  ... 2025-04-23 01:35:52.680057
2  node-417-lobby  ... 2025-04-23 01:35:52.680112
3            4042  ... 2025-04-23 01:35:52.680119
4          109822  ... 2025-04-23 01:35:52.680151

[5 rows x 5 columns]
[2025-04-23T01:35:53.250+0000] {cursor.py:1028} INFO - query: [SELECT * FROM MBTA_STOPS WHERE STOP_ID IN ('5682','50620','node-417-lobby','4042...]
[2025-04-23T01:35:53.716+0000] {cursor.py:1041} INFO - query execution done
[2025-04-23T01:35:53.726+0000] {cursor.py:1205} INFO - Number of results in first chunk: 0
[2025-04-23T01:35:56.340+0000] {mbta_kafka_consumer.py:104} INFO - 🔁 0 new/updated records out of 1000 incoming records (some may be duplicate VEHICLE_IDs) for MBTA_STOPS
[2025-04-23T01:35:56.354+0000] {mbta_kafka_consumer.py:107} INFO - ✅ All 1000 records already up-to-date in MBTA_STOPS, no merge needed.
[2025-04-23T01:35:56.367+0000] {mbta_kafka_consumer.py:233} INFO - 📥 Received 178 records from topic: mbta_routes
[2025-04-23T01:35:56.460+0000] {mbta_kafka_consumer.py:56} INFO - 🔍 Sample data for MBTA_ROUTES:
[2025-04-23T01:35:56.464+0000] {mbta_kafka_consumer.py:57} INFO - 
   ROUTE_ID        ROUTE_NAME  ...  ROUTE_COLOR                 CREATED_AT
0       Red          Red Line  ...       DA291C 2025-04-23 01:35:56.370196
1  Mattapan  Mattapan Trolley  ...       DA291C 2025-04-23 01:35:56.370214
2    Orange       Orange Line  ...       ED8B00 2025-04-23 01:35:56.370215
3   Green-B      Green Line B  ...       00843D 2025-04-23 01:35:56.370223
4   Green-C      Green Line C  ...       00843D 2025-04-23 01:35:56.370280

[5 rows x 5 columns]
[2025-04-23T01:35:56.491+0000] {cursor.py:1028} INFO - query: [SELECT * FROM MBTA_ROUTES WHERE ROUTE_ID IN ('Red','Mattapan','Orange','Green-B'...]
[2025-04-23T01:35:56.656+0000] {cursor.py:1041} INFO - query execution done
[2025-04-23T01:35:56.665+0000] {cursor.py:1205} INFO - Number of results in first chunk: 0
[2025-04-23T01:35:57.191+0000] {mbta_kafka_consumer.py:104} INFO - 🔁 0 new/updated records out of 178 incoming records (some may be duplicate VEHICLE_IDs) for MBTA_ROUTES
[2025-04-23T01:35:57.222+0000] {mbta_kafka_consumer.py:107} INFO - ✅ All 178 records already up-to-date in MBTA_ROUTES, no merge needed.
[2025-04-23T01:35:57.227+0000] {mbta_kafka_consumer.py:233} INFO - 📥 Received 178 records from topic: mbta_routes
[2025-04-23T01:35:57.320+0000] {mbta_kafka_consumer.py:56} INFO - 🔍 Sample data for MBTA_ROUTES:
[2025-04-23T01:35:57.337+0000] {mbta_kafka_consumer.py:57} INFO - 
   ROUTE_ID        ROUTE_NAME  ...  ROUTE_COLOR                 CREATED_AT
0       Red          Red Line  ...       DA291C 2025-04-23 01:35:57.228489
1  Mattapan  Mattapan Trolley  ...       DA291C 2025-04-23 01:35:57.228502
2    Orange       Orange Line  ...       ED8B00 2025-04-23 01:35:57.228505
3   Green-B      Green Line B  ...       00843D 2025-04-23 01:35:57.228528
4   Green-C      Green Line C  ...       00843D 2025-04-23 01:35:57.228531

[5 rows x 5 columns]
[2025-04-23T01:35:57.443+0000] {cursor.py:1028} INFO - query: [SELECT * FROM MBTA_ROUTES WHERE ROUTE_ID IN ('Red','Mattapan','Orange','Green-B'...]
[2025-04-23T01:35:57.787+0000] {cursor.py:1041} INFO - query execution done
[2025-04-23T01:35:57.792+0000] {cursor.py:1205} INFO - Number of results in first chunk: 0
[2025-04-23T01:35:58.704+0000] {mbta_kafka_consumer.py:104} INFO - 🔁 0 new/updated records out of 178 incoming records (some may be duplicate VEHICLE_IDs) for MBTA_ROUTES
[2025-04-23T01:35:58.752+0000] {mbta_kafka_consumer.py:107} INFO - ✅ All 178 records already up-to-date in MBTA_ROUTES, no merge needed.
[2025-04-23T01:35:58.784+0000] {mbta_kafka_consumer.py:233} INFO - 📥 Received 178 records from topic: mbta_routes
[2025-04-23T01:35:59.014+0000] {mbta_kafka_consumer.py:56} INFO - 🔍 Sample data for MBTA_ROUTES:
[2025-04-23T01:35:59.030+0000] {mbta_kafka_consumer.py:57} INFO - 
   ROUTE_ID        ROUTE_NAME  ...  ROUTE_COLOR                 CREATED_AT
0       Red          Red Line  ...       DA291C 2025-04-23 01:35:58.828035
1  Mattapan  Mattapan Trolley  ...       DA291C 2025-04-23 01:35:58.828044
2    Orange       Orange Line  ...       ED8B00 2025-04-23 01:35:58.828058
3   Green-B      Green Line B  ...       00843D 2025-04-23 01:35:58.828060
4   Green-C      Green Line C  ...       00843D 2025-04-23 01:35:58.828060

[5 rows x 5 columns]
[2025-04-23T01:36:00.036+0000] {cursor.py:1028} INFO - query: [SELECT * FROM MBTA_ROUTES WHERE ROUTE_ID IN ('Red','Mattapan','Orange','Green-B'...]
[2025-04-23T01:36:00.568+0000] {cursor.py:1041} INFO - query execution done
[2025-04-23T01:36:00.658+0000] {cursor.py:1205} INFO - Number of results in first chunk: 0
[2025-04-23T01:36:02.474+0000] {mbta_kafka_consumer.py:104} INFO - 🔁 0 new/updated records out of 178 incoming records (some may be duplicate VEHICLE_IDs) for MBTA_ROUTES
[2025-04-23T01:36:02.518+0000] {mbta_kafka_consumer.py:107} INFO - ✅ All 178 records already up-to-date in MBTA_ROUTES, no merge needed.
[2025-04-23T01:36:02.522+0000] {mbta_kafka_consumer.py:233} INFO - 📥 Received 178 records from topic: mbta_routes
[2025-04-23T01:36:02.812+0000] {mbta_kafka_consumer.py:56} INFO - 🔍 Sample data for MBTA_ROUTES:
[2025-04-23T01:36:02.874+0000] {mbta_kafka_consumer.py:57} INFO - 
   ROUTE_ID        ROUTE_NAME  ...  ROUTE_COLOR                 CREATED_AT
0       Red          Red Line  ...       DA291C 2025-04-23 01:36:02.524550
1  Mattapan  Mattapan Trolley  ...       DA291C 2025-04-23 01:36:02.524567
2    Orange       Orange Line  ...       ED8B00 2025-04-23 01:36:02.524575
3   Green-B      Green Line B  ...       00843D 2025-04-23 01:36:02.524577
4   Green-C      Green Line C  ...       00843D 2025-04-23 01:36:02.524587

[5 rows x 5 columns]
[2025-04-23T01:36:04.757+0000] {cursor.py:1028} INFO - query: [SELECT * FROM MBTA_ROUTES WHERE ROUTE_ID IN ('Red','Mattapan','Orange','Green-B'...]
[2025-04-23T01:36:05.451+0000] {cursor.py:1041} INFO - query execution done
[2025-04-23T01:36:05.462+0000] {cursor.py:1205} INFO - Number of results in first chunk: 0
[2025-04-23T01:36:05.931+0000] {mbta_kafka_consumer.py:104} INFO - 🔁 0 new/updated records out of 178 incoming records (some may be duplicate VEHICLE_IDs) for MBTA_ROUTES
[2025-04-23T01:36:05.940+0000] {mbta_kafka_consumer.py:107} INFO - ✅ All 178 records already up-to-date in MBTA_ROUTES, no merge needed.
[2025-04-23T01:36:05.945+0000] {mbta_kafka_consumer.py:233} INFO - 📥 Received 178 records from topic: mbta_routes
[2025-04-23T01:36:06.011+0000] {mbta_kafka_consumer.py:56} INFO - 🔍 Sample data for MBTA_ROUTES:
[2025-04-23T01:36:06.023+0000] {mbta_kafka_consumer.py:57} INFO - 
   ROUTE_ID        ROUTE_NAME  ...  ROUTE_COLOR                 CREATED_AT
0       Red          Red Line  ...       DA291C 2025-04-23 01:36:05.946000
1  Mattapan  Mattapan Trolley  ...       DA291C 2025-04-23 01:36:05.946005
2    Orange       Orange Line  ...       ED8B00 2025-04-23 01:36:05.946006
3   Green-B      Green Line B  ...       00843D 2025-04-23 01:36:05.946007
4   Green-C      Green Line C  ...       00843D 2025-04-23 01:36:05.946016

[5 rows x 5 columns]
[2025-04-23T01:36:06.130+0000] {cursor.py:1028} INFO - query: [SELECT * FROM MBTA_ROUTES WHERE ROUTE_ID IN ('Red','Mattapan','Orange','Green-B'...]
[2025-04-23T01:36:06.326+0000] {cursor.py:1041} INFO - query execution done
[2025-04-23T01:36:06.332+0000] {cursor.py:1205} INFO - Number of results in first chunk: 0
[2025-04-23T01:36:06.861+0000] {mbta_kafka_consumer.py:104} INFO - 🔁 0 new/updated records out of 178 incoming records (some may be duplicate VEHICLE_IDs) for MBTA_ROUTES
[2025-04-23T01:36:06.864+0000] {mbta_kafka_consumer.py:107} INFO - ✅ All 178 records already up-to-date in MBTA_ROUTES, no merge needed.
[2025-04-23T01:36:06.867+0000] {mbta_kafka_consumer.py:233} INFO - 📥 Received 178 records from topic: mbta_routes
[2025-04-23T01:36:06.876+0000] {mbta_kafka_consumer.py:56} INFO - 🔍 Sample data for MBTA_ROUTES:
[2025-04-23T01:36:06.877+0000] {mbta_kafka_consumer.py:57} INFO - 
   ROUTE_ID        ROUTE_NAME  ...  ROUTE_COLOR                 CREATED_AT
0       Red          Red Line  ...       DA291C 2025-04-23 01:36:06.868199
1  Mattapan  Mattapan Trolley  ...       DA291C 2025-04-23 01:36:06.868233
2    Orange       Orange Line  ...       ED8B00 2025-04-23 01:36:06.868236
3   Green-B      Green Line B  ...       00843D 2025-04-23 01:36:06.868237
4   Green-C      Green Line C  ...       00843D 2025-04-23 01:36:06.868257

[5 rows x 5 columns]
[2025-04-23T01:36:06.892+0000] {cursor.py:1028} INFO - query: [SELECT * FROM MBTA_ROUTES WHERE ROUTE_ID IN ('Red','Mattapan','Orange','Green-B'...]
[2025-04-23T01:36:07.090+0000] {cursor.py:1041} INFO - query execution done
[2025-04-23T01:36:07.093+0000] {cursor.py:1205} INFO - Number of results in first chunk: 0
[2025-04-23T01:36:08.598+0000] {mbta_kafka_consumer.py:104} INFO - 🔁 0 new/updated records out of 178 incoming records (some may be duplicate VEHICLE_IDs) for MBTA_ROUTES
[2025-04-23T01:36:08.617+0000] {mbta_kafka_consumer.py:107} INFO - ✅ All 178 records already up-to-date in MBTA_ROUTES, no merge needed.
[2025-04-23T01:36:08.621+0000] {mbta_kafka_consumer.py:233} INFO - 📥 Received 178 records from topic: mbta_routes
[2025-04-23T01:36:08.641+0000] {mbta_kafka_consumer.py:56} INFO - 🔍 Sample data for MBTA_ROUTES:
[2025-04-23T01:36:08.643+0000] {mbta_kafka_consumer.py:57} INFO - 
   ROUTE_ID        ROUTE_NAME  ...  ROUTE_COLOR                 CREATED_AT
0       Red          Red Line  ...       DA291C 2025-04-23 01:36:08.622174
1  Mattapan  Mattapan Trolley  ...       DA291C 2025-04-23 01:36:08.622294
2    Orange       Orange Line  ...       ED8B00 2025-04-23 01:36:08.622298
3   Green-B      Green Line B  ...       00843D 2025-04-23 01:36:08.622310
4   Green-C      Green Line C  ...       00843D 2025-04-23 01:36:08.622311

[5 rows x 5 columns]
[2025-04-23T01:36:08.682+0000] {cursor.py:1028} INFO - query: [SELECT * FROM MBTA_ROUTES WHERE ROUTE_ID IN ('Red','Mattapan','Orange','Green-B'...]
[2025-04-23T01:36:08.880+0000] {cursor.py:1041} INFO - query execution done
[2025-04-23T01:36:08.886+0000] {cursor.py:1205} INFO - Number of results in first chunk: 0
[2025-04-23T01:36:09.485+0000] {mbta_kafka_consumer.py:104} INFO - 🔁 0 new/updated records out of 178 incoming records (some may be duplicate VEHICLE_IDs) for MBTA_ROUTES
[2025-04-23T01:36:09.496+0000] {mbta_kafka_consumer.py:107} INFO - ✅ All 178 records already up-to-date in MBTA_ROUTES, no merge needed.
[2025-04-23T01:36:09.501+0000] {mbta_kafka_consumer.py:233} INFO - 📥 Received 178 records from topic: mbta_routes
[2025-04-23T01:36:09.601+0000] {mbta_kafka_consumer.py:56} INFO - 🔍 Sample data for MBTA_ROUTES:
[2025-04-23T01:36:09.612+0000] {mbta_kafka_consumer.py:57} INFO - 
   ROUTE_ID        ROUTE_NAME  ...  ROUTE_COLOR                 CREATED_AT
0       Red          Red Line  ...       DA291C 2025-04-23 01:36:09.506813
1  Mattapan  Mattapan Trolley  ...       DA291C 2025-04-23 01:36:09.508391
2    Orange       Orange Line  ...       ED8B00 2025-04-23 01:36:09.508416
3   Green-B      Green Line B  ...       00843D 2025-04-23 01:36:09.508428
4   Green-C      Green Line C  ...       00843D 2025-04-23 01:36:09.508430

[5 rows x 5 columns]
[2025-04-23T01:36:09.685+0000] {cursor.py:1028} INFO - query: [SELECT * FROM MBTA_ROUTES WHERE ROUTE_ID IN ('Red','Mattapan','Orange','Green-B'...]
[2025-04-23T01:36:09.914+0000] {cursor.py:1041} INFO - query execution done
[2025-04-23T01:36:09.940+0000] {cursor.py:1205} INFO - Number of results in first chunk: 0
[2025-04-23T01:36:10.499+0000] {mbta_kafka_consumer.py:104} INFO - 🔁 0 new/updated records out of 178 incoming records (some may be duplicate VEHICLE_IDs) for MBTA_ROUTES
[2025-04-23T01:36:10.502+0000] {mbta_kafka_consumer.py:107} INFO - ✅ All 178 records already up-to-date in MBTA_ROUTES, no merge needed.
[2025-04-23T01:36:10.504+0000] {mbta_kafka_consumer.py:233} INFO - 📥 Received 178 records from topic: mbta_routes
[2025-04-23T01:36:10.514+0000] {mbta_kafka_consumer.py:56} INFO - 🔍 Sample data for MBTA_ROUTES:
[2025-04-23T01:36:10.515+0000] {mbta_kafka_consumer.py:57} INFO - 
   ROUTE_ID        ROUTE_NAME  ...  ROUTE_COLOR                 CREATED_AT
0       Red          Red Line  ...       DA291C 2025-04-23 01:36:10.505099
1  Mattapan  Mattapan Trolley  ...       DA291C 2025-04-23 01:36:10.505131
2    Orange       Orange Line  ...       ED8B00 2025-04-23 01:36:10.505143
3   Green-B      Green Line B  ...       00843D 2025-04-23 01:36:10.505391
4   Green-C      Green Line C  ...       00843D 2025-04-23 01:36:10.505397

[5 rows x 5 columns]
[2025-04-23T01:36:10.533+0000] {cursor.py:1028} INFO - query: [SELECT * FROM MBTA_ROUTES WHERE ROUTE_ID IN ('Red','Mattapan','Orange','Green-B'...]
[2025-04-23T01:36:10.741+0000] {cursor.py:1041} INFO - query execution done
[2025-04-23T01:36:10.746+0000] {cursor.py:1205} INFO - Number of results in first chunk: 0
[2025-04-23T01:36:11.697+0000] {mbta_kafka_consumer.py:104} INFO - 🔁 0 new/updated records out of 178 incoming records (some may be duplicate VEHICLE_IDs) for MBTA_ROUTES
[2025-04-23T01:36:11.710+0000] {mbta_kafka_consumer.py:107} INFO - ✅ All 178 records already up-to-date in MBTA_ROUTES, no merge needed.
[2025-04-23T01:36:11.714+0000] {mbta_kafka_consumer.py:233} INFO - 📥 Received 178 records from topic: mbta_routes
[2025-04-23T01:36:11.730+0000] {mbta_kafka_consumer.py:56} INFO - 🔍 Sample data for MBTA_ROUTES:
[2025-04-23T01:36:11.731+0000] {mbta_kafka_consumer.py:57} INFO - 
   ROUTE_ID        ROUTE_NAME  ...  ROUTE_COLOR                 CREATED_AT
0       Red          Red Line  ...       DA291C 2025-04-23 01:36:11.716176
1  Mattapan  Mattapan Trolley  ...       DA291C 2025-04-23 01:36:11.716342
2    Orange       Orange Line  ...       ED8B00 2025-04-23 01:36:11.716446
3   Green-B      Green Line B  ...       00843D 2025-04-23 01:36:11.716456
4   Green-C      Green Line C  ...       00843D 2025-04-23 01:36:11.716460

[5 rows x 5 columns]
[2025-04-23T01:36:11.752+0000] {cursor.py:1028} INFO - query: [SELECT * FROM MBTA_ROUTES WHERE ROUTE_ID IN ('Red','Mattapan','Orange','Green-B'...]
[2025-04-23T01:36:11.970+0000] {cursor.py:1041} INFO - query execution done
[2025-04-23T01:36:11.972+0000] {cursor.py:1205} INFO - Number of results in first chunk: 0
[2025-04-23T01:36:12.515+0000] {mbta_kafka_consumer.py:104} INFO - 🔁 0 new/updated records out of 178 incoming records (some may be duplicate VEHICLE_IDs) for MBTA_ROUTES
[2025-04-23T01:36:12.517+0000] {mbta_kafka_consumer.py:107} INFO - ✅ All 178 records already up-to-date in MBTA_ROUTES, no merge needed.
[2025-04-23T01:36:12.521+0000] {mbta_kafka_consumer.py:233} INFO - 📥 Received 178 records from topic: mbta_routes
[2025-04-23T01:36:12.535+0000] {mbta_kafka_consumer.py:56} INFO - 🔍 Sample data for MBTA_ROUTES:
[2025-04-23T01:36:12.540+0000] {mbta_kafka_consumer.py:57} INFO - 
   ROUTE_ID        ROUTE_NAME  ...  ROUTE_COLOR                 CREATED_AT
0       Red          Red Line  ...       DA291C 2025-04-23 01:36:12.524225
1  Mattapan  Mattapan Trolley  ...       DA291C 2025-04-23 01:36:12.524293
2    Orange       Orange Line  ...       ED8B00 2025-04-23 01:36:12.524304
3   Green-B      Green Line B  ...       00843D 2025-04-23 01:36:12.524306
4   Green-C      Green Line C  ...       00843D 2025-04-23 01:36:12.524446

[5 rows x 5 columns]
[2025-04-23T01:36:12.579+0000] {cursor.py:1028} INFO - query: [SELECT * FROM MBTA_ROUTES WHERE ROUTE_ID IN ('Red','Mattapan','Orange','Green-B'...]
[2025-04-23T01:36:12.770+0000] {cursor.py:1041} INFO - query execution done
[2025-04-23T01:36:12.775+0000] {cursor.py:1205} INFO - Number of results in first chunk: 0
[2025-04-23T01:36:13.185+0000] {mbta_kafka_consumer.py:104} INFO - 🔁 0 new/updated records out of 178 incoming records (some may be duplicate VEHICLE_IDs) for MBTA_ROUTES
[2025-04-23T01:36:13.188+0000] {mbta_kafka_consumer.py:107} INFO - ✅ All 178 records already up-to-date in MBTA_ROUTES, no merge needed.
[2025-04-23T01:36:13.189+0000] {mbta_kafka_consumer.py:233} INFO - 📥 Received 84 records from topic: mbta_alerts
[2025-04-23T01:36:13.200+0000] {mbta_kafka_consumer.py:56} INFO - 🔍 Sample data for MBTA_ALERTS:
[2025-04-23T01:36:13.201+0000] {mbta_kafka_consumer.py:57} INFO - 
  ALERT_ID  ...                 CREATED_AT
0   639358  ...  2025-04-22T09:01:01-04:00
1   638240  ...  2025-04-16T10:52:04-04:00
2   639365  ...  2025-04-22T09:56:18-04:00
3   435698  ...  2022-03-15T10:13:31-04:00
4   634497  ...  2025-03-27T14:21:07-04:00

[5 rows x 6 columns]
[2025-04-23T01:36:13.215+0000] {cursor.py:1028} INFO - query: [SELECT * FROM MBTA_ALERTS WHERE ALERT_ID IN ('639358','638240','639365','435698'...]
[2025-04-23T01:36:13.427+0000] {cursor.py:1041} INFO - query execution done
[2025-04-23T01:36:13.429+0000] {cursor.py:1205} INFO - Number of results in first chunk: 0
[2025-04-23T01:36:13.678+0000] {mbta_kafka_consumer.py:104} INFO - 🔁 0 new/updated records out of 84 incoming records (some may be duplicate VEHICLE_IDs) for MBTA_ALERTS
[2025-04-23T01:36:13.679+0000] {mbta_kafka_consumer.py:107} INFO - ✅ All 84 records already up-to-date in MBTA_ALERTS, no merge needed.
[2025-04-23T01:36:13.681+0000] {mbta_kafka_consumer.py:233} INFO - 📥 Received 84 records from topic: mbta_alerts
[2025-04-23T01:36:13.693+0000] {mbta_kafka_consumer.py:56} INFO - 🔍 Sample data for MBTA_ALERTS:
[2025-04-23T01:36:13.694+0000] {mbta_kafka_consumer.py:57} INFO - 
  ALERT_ID  ...                 CREATED_AT
0   639358  ...  2025-04-22T09:01:01-04:00
1   638240  ...  2025-04-16T10:52:04-04:00
2   639365  ...  2025-04-22T09:56:18-04:00
3   435698  ...  2022-03-15T10:13:31-04:00
4   634497  ...  2025-03-27T14:21:07-04:00

[5 rows x 6 columns]
[2025-04-23T01:36:13.712+0000] {cursor.py:1028} INFO - query: [SELECT * FROM MBTA_ALERTS WHERE ALERT_ID IN ('639358','638240','639365','435698'...]
[2025-04-23T01:36:13.870+0000] {cursor.py:1041} INFO - query execution done
[2025-04-23T01:36:13.881+0000] {cursor.py:1205} INFO - Number of results in first chunk: 0
[2025-04-23T01:36:18.908+0000] {local_task_job_runner.py:234} INFO - Task exited with return code -9
[2025-04-23T01:36:19.825+0000] {taskinstance.py:3280} INFO - 0 downstream tasks scheduled from follow-on schedule check
