[2025-04-23T21:10:05.248+0000] {taskinstance.py:1956} INFO - Dependencies all met for dep_context=non-requeueable deps ti=<TaskInstance: mbta_ingestion_dag.transform_data scheduled__2025-04-23T21:05:00+00:00 [queued]>
[2025-04-23T21:10:05.262+0000] {taskinstance.py:1956} INFO - Dependencies all met for dep_context=requeueable deps ti=<TaskInstance: mbta_ingestion_dag.transform_data scheduled__2025-04-23T21:05:00+00:00 [queued]>
[2025-04-23T21:10:05.262+0000] {taskinstance.py:2170} INFO - Starting attempt 1 of 2
[2025-04-23T21:10:05.278+0000] {taskinstance.py:2191} INFO - Executing <Task(PythonOperator): transform_data> on 2025-04-23 21:05:00+00:00
[2025-04-23T21:10:05.286+0000] {standard_task_runner.py:60} INFO - Started process 655 to run task
[2025-04-23T21:10:05.303+0000] {standard_task_runner.py:87} INFO - Running: ['***', 'tasks', 'run', 'mbta_ingestion_dag', 'transform_data', 'scheduled__2025-04-23T21:05:00+00:00', '--job-id', '625', '--raw', '--subdir', 'DAGS_FOLDER/mbta_ingestion_dag.py', '--cfg-path', '/tmp/tmpd1j12ugq']
[2025-04-23T21:10:05.307+0000] {standard_task_runner.py:88} INFO - Job 625: Subtask transform_data
[2025-04-23T21:10:05.442+0000] {task_command.py:423} INFO - Running <TaskInstance: mbta_ingestion_dag.transform_data scheduled__2025-04-23T21:05:00+00:00 [running]> on host d0e890afb95b
[2025-04-23T21:10:05.621+0000] {taskinstance.py:2480} INFO - Exporting env vars: AIRFLOW_CTX_DAG_OWNER='***' AIRFLOW_CTX_DAG_ID='mbta_ingestion_dag' AIRFLOW_CTX_TASK_ID='transform_data' AIRFLOW_CTX_EXECUTION_DATE='2025-04-23T21:05:00+00:00' AIRFLOW_CTX_TRY_NUMBER='1' AIRFLOW_CTX_DAG_RUN_ID='scheduled__2025-04-23T21:05:00+00:00'
[2025-04-23T21:10:05.623+0000] {mbta_ingestion_dag.py:31} INFO - ✅ Transforming data... (dummy placeholder)
[2025-04-23T21:10:05.624+0000] {python.py:201} INFO - Done. Returned value was: None
[2025-04-23T21:10:05.642+0000] {taskinstance.py:1138} INFO - Marking task as SUCCESS. dag_id=mbta_ingestion_dag, task_id=transform_data, execution_date=20250423T210500, start_date=20250423T211005, end_date=20250423T211005
[2025-04-23T21:10:05.684+0000] {local_task_job_runner.py:234} INFO - Task exited with return code 0
[2025-04-23T21:10:05.713+0000] {taskinstance.py:3280} INFO - 1 downstream tasks scheduled from follow-on schedule check
[2025-04-23T21:14:03.080+0000] {taskinstance.py:1956} INFO - Dependencies all met for dep_context=non-requeueable deps ti=<TaskInstance: mbta_ingestion_dag.transform_data scheduled__2025-04-23T21:05:00+00:00 [queued]>
[2025-04-23T21:14:03.096+0000] {taskinstance.py:1956} INFO - Dependencies all met for dep_context=requeueable deps ti=<TaskInstance: mbta_ingestion_dag.transform_data scheduled__2025-04-23T21:05:00+00:00 [queued]>
[2025-04-23T21:14:03.097+0000] {taskinstance.py:2170} INFO - Starting attempt 1 of 2
[2025-04-23T21:14:03.114+0000] {taskinstance.py:2191} INFO - Executing <Task(PythonOperator): transform_data> on 2025-04-23 21:05:00+00:00
[2025-04-23T21:14:03.126+0000] {standard_task_runner.py:60} INFO - Started process 787 to run task
[2025-04-23T21:14:03.131+0000] {standard_task_runner.py:87} INFO - Running: ['***', 'tasks', 'run', 'mbta_ingestion_dag', 'transform_data', 'scheduled__2025-04-23T21:05:00+00:00', '--job-id', '630', '--raw', '--subdir', 'DAGS_FOLDER/mbta_ingestion_dag.py', '--cfg-path', '/tmp/tmpv66gq5ac']
[2025-04-23T21:14:03.133+0000] {standard_task_runner.py:88} INFO - Job 630: Subtask transform_data
[2025-04-23T21:14:03.269+0000] {task_command.py:423} INFO - Running <TaskInstance: mbta_ingestion_dag.transform_data scheduled__2025-04-23T21:05:00+00:00 [running]> on host d0e890afb95b
[2025-04-23T21:14:03.597+0000] {taskinstance.py:2480} INFO - Exporting env vars: AIRFLOW_CTX_DAG_OWNER='***' AIRFLOW_CTX_DAG_ID='mbta_ingestion_dag' AIRFLOW_CTX_TASK_ID='transform_data' AIRFLOW_CTX_EXECUTION_DATE='2025-04-23T21:05:00+00:00' AIRFLOW_CTX_TRY_NUMBER='1' AIRFLOW_CTX_DAG_RUN_ID='scheduled__2025-04-23T21:05:00+00:00'
[2025-04-23T21:14:03.613+0000] {mbta_ingestion_dag.py:31} INFO - ✅ Transforming data... (dummy placeholder)
[2025-04-23T21:14:03.614+0000] {python.py:201} INFO - Done. Returned value was: None
[2025-04-23T21:14:03.644+0000] {taskinstance.py:1138} INFO - Marking task as SUCCESS. dag_id=mbta_ingestion_dag, task_id=transform_data, execution_date=20250423T210500, start_date=20250423T211403, end_date=20250423T211403
[2025-04-23T21:14:03.681+0000] {local_task_job_runner.py:234} INFO - Task exited with return code 0
[2025-04-23T21:14:03.725+0000] {taskinstance.py:3280} INFO - 1 downstream tasks scheduled from follow-on schedule check
