[2025-04-21T03:51:17.985+0000] {taskinstance.py:1956} INFO - Dependencies all met for dep_context=non-requeueable deps ti=<TaskInstance: mbta_kafka_consumer_dag.run_kafka_consumer scheduled__2025-04-21T03:05:00+00:00 [queued]>
[2025-04-21T03:51:18.002+0000] {taskinstance.py:1956} INFO - Dependencies all met for dep_context=requeueable deps ti=<TaskInstance: mbta_kafka_consumer_dag.run_kafka_consumer scheduled__2025-04-21T03:05:00+00:00 [queued]>
[2025-04-21T03:51:18.005+0000] {taskinstance.py:2170} INFO - Starting attempt 2 of 2
[2025-04-21T03:51:18.075+0000] {taskinstance.py:2191} INFO - Executing <Task(PythonOperator): run_kafka_consumer> on 2025-04-21 03:05:00+00:00
[2025-04-21T03:51:18.093+0000] {standard_task_runner.py:60} INFO - Started process 204 to run task
[2025-04-21T03:51:18.108+0000] {standard_task_runner.py:87} INFO - Running: ['***', 'tasks', 'run', 'mbta_kafka_consumer_dag', 'run_kafka_consumer', 'scheduled__2025-04-21T03:05:00+00:00', '--job-id', '96', '--raw', '--subdir', 'DAGS_FOLDER/mbta_kafka_consumer_dag.py', '--cfg-path', '/tmp/tmp1j1ianr6']
[2025-04-21T03:51:18.114+0000] {standard_task_runner.py:88} INFO - Job 96: Subtask run_kafka_consumer
[2025-04-21T03:51:18.161+0000] {logging_mixin.py:188} WARNING - /home/***/.local/lib/python3.9/site-packages/***/settings.py:194 DeprecationWarning: The sql_alchemy_conn option in [core] has been moved to the sql_alchemy_conn option in [database] - the old setting has been used, but please update your config.
[2025-04-21T03:51:18.262+0000] {task_command.py:423} INFO - Running <TaskInstance: mbta_kafka_consumer_dag.run_kafka_consumer scheduled__2025-04-21T03:05:00+00:00 [running]> on host bf0ac457d6ab
[2025-04-21T03:51:18.502+0000] {taskinstance.py:2480} INFO - Exporting env vars: AIRFLOW_CTX_DAG_OWNER='***' AIRFLOW_CTX_DAG_ID='mbta_kafka_consumer_dag' AIRFLOW_CTX_TASK_ID='run_kafka_consumer' AIRFLOW_CTX_EXECUTION_DATE='2025-04-21T03:05:00+00:00' AIRFLOW_CTX_TRY_NUMBER='2' AIRFLOW_CTX_DAG_RUN_ID='scheduled__2025-04-21T03:05:00+00:00'
[2025-04-21T03:51:18.503+0000] {connection.py:370} INFO - Snowflake Connector for Python Version: 3.6.0, Python Version: 3.9.18, Platform: Linux-6.10.14-linuxkit-aarch64-with-glibc2.36
[2025-04-21T03:51:18.507+0000] {connection.py:1171} INFO - This connection is in OCSP Fail Open Mode. TLS Certificates would be checked for validity and revocation status. Any other Certificate Revocation related exceptions or OCSP Responder failures would be disregarded in favor of connectivity.
[2025-04-21T03:51:21.581+0000] {mbta_kafka_consumer.py:45} INFO - ✅ Connected to Snowflake successfully.
[2025-04-21T03:51:21.585+0000] {mbta_kafka_consumer.py:219} INFO - 🚀 Starting MBTA Kafka Consumer...
[2025-04-21T03:51:21.591+0000] {conn.py:395} INFO - <BrokerConnection client_id=kafka-python-2.1.5, node_id=bootstrap-0 host=kafka:9092 <connecting> [IPv4 ('172.18.0.5', 9092)]>: connecting to kafka:9092 [('172.18.0.5', 9092) IPv4]
[2025-04-21T03:51:21.600+0000] {conn.py:615} INFO - <BrokerConnection client_id=kafka-python-2.1.5, node_id=bootstrap-0 host=kafka:9092 <checking_api_versions_recv> [IPv4 ('172.18.0.5', 9092)]>: Broker version identified as 2.6
[2025-04-21T03:51:21.604+0000] {conn.py:456} INFO - <BrokerConnection client_id=kafka-python-2.1.5, node_id=bootstrap-0 host=kafka:9092 <connected> [IPv4 ('172.18.0.5', 9092)]>: Connection complete.
[2025-04-21T03:51:21.606+0000] {consumer.py:119} WARNING - group_id is None: disabling auto-commit.
[2025-04-21T03:51:21.610+0000] {subscription_state.py:182} INFO - Updating subscribed topics to: ('mbta_alerts', 'mbta_routes', 'mbta_stops', 'mbta_vehicles', 'mbta_predictions')
[2025-04-21T03:51:21.619+0000] {subscription_state.py:254} INFO - Updated partition assignment: [('mbta_vehicles', 0), ('mbta_predictions', 0), ('mbta_alerts', 0), ('mbta_stops', 0), ('mbta_routes', 0)]
[2025-04-21T03:51:21.623+0000] {conn.py:395} INFO - <BrokerConnection client_id=kafka-python-2.1.5, node_id=1 host=kafka:9092 <connecting> [IPv4 ('172.18.0.5', 9092)]>: connecting to kafka:9092 [('172.18.0.5', 9092) IPv4]
[2025-04-21T03:51:21.624+0000] {conn.py:456} INFO - <BrokerConnection client_id=kafka-python-2.1.5, node_id=1 host=kafka:9092 <connected> [IPv4 ('172.18.0.5', 9092)]>: Connection complete.
[2025-04-21T03:51:21.625+0000] {conn.py:936} INFO - <BrokerConnection client_id=kafka-python-2.1.5, node_id=bootstrap-0 host=kafka:9092 <connected> [IPv4 ('172.18.0.5', 9092)]>: Closing connection. 
[2025-04-21T03:51:27.570+0000] {mbta_kafka_consumer.py:233} INFO - 📥 Received 20 records from topic: mbta_predictions
[2025-04-21T03:51:27.687+0000] {mbta_kafka_consumer.py:56} INFO - 🔍 Sample data for MBTA_PREDICTIONS:
[2025-04-21T03:51:27.688+0000] {mbta_kafka_consumer.py:57} INFO - 
                       PREDICTION_ID ROUTE_ID  ... STATUS                 CREATED_AT
0   prediction-68172520-70079-90-Red      Red  ...   None 2025-04-21 03:51:27.573710
1  prediction-68172375-70080-130-Red      Red  ...   None 2025-04-21 03:51:27.573731
2   prediction-68172521-70079-90-Red      Red  ...   None 2025-04-21 03:51:27.573738
3   prediction-68172522-70079-90-Red      Red  ...   None 2025-04-21 03:51:27.573754
4  prediction-68172376-70080-130-Red      Red  ...   None 2025-04-21 03:51:27.573774

[5 rows x 9 columns]
[2025-04-21T03:51:27.773+0000] {cursor.py:1028} INFO - query: [SELECT * FROM MBTA_PREDICTIONS WHERE PREDICTION_ID IN ('prediction-68172520-7007...]
[2025-04-21T03:51:28.043+0000] {cursor.py:1041} INFO - query execution done
[2025-04-21T03:51:28.046+0000] {cursor.py:1205} INFO - Number of results in first chunk: 20
[2025-04-21T03:51:28.187+0000] {mbta_kafka_consumer.py:104} INFO - 🔁 20 new/updated records out of 20 incoming records (some may be duplicate VEHICLE_IDs) for MBTA_PREDICTIONS
[2025-04-21T03:51:28.190+0000] {cursor.py:1028} INFO - query: [MERGE INTO MBTA_PREDICTIONS AS target USING (SELECT 'prediction-68172520-70079-9...]
[2025-04-21T03:51:29.286+0000] {cursor.py:1041} INFO - query execution done
[2025-04-21T03:51:29.293+0000] {cursor.py:1028} INFO - query: [MERGE INTO MBTA_PREDICTIONS AS target USING (SELECT 'prediction-68172375-70080-1...]
[2025-04-21T03:51:30.187+0000] {cursor.py:1041} INFO - query execution done
[2025-04-21T03:51:30.188+0000] {cursor.py:1028} INFO - query: [MERGE INTO MBTA_PREDICTIONS AS target USING (SELECT 'prediction-68172521-70079-9...]
[2025-04-21T03:51:31.656+0000] {cursor.py:1041} INFO - query execution done
[2025-04-21T03:51:31.659+0000] {cursor.py:1028} INFO - query: [MERGE INTO MBTA_PREDICTIONS AS target USING (SELECT 'prediction-68172522-70079-9...]
[2025-04-21T03:51:33.126+0000] {cursor.py:1041} INFO - query execution done
[2025-04-21T03:51:33.132+0000] {cursor.py:1028} INFO - query: [MERGE INTO MBTA_PREDICTIONS AS target USING (SELECT 'prediction-68172376-70080-1...]
[2025-04-21T03:51:34.531+0000] {cursor.py:1041} INFO - query execution done
[2025-04-21T03:51:34.537+0000] {cursor.py:1028} INFO - query: [MERGE INTO MBTA_PREDICTIONS AS target USING (SELECT 'prediction-68172523-70079-9...]
[2025-04-21T03:51:36.125+0000] {cursor.py:1041} INFO - query execution done
[2025-04-21T03:51:36.134+0000] {cursor.py:1028} INFO - query: [MERGE INTO MBTA_PREDICTIONS AS target USING (SELECT 'prediction-68172524-70079-9...]
[2025-04-21T03:51:37.597+0000] {cursor.py:1041} INFO - query execution done
[2025-04-21T03:51:37.597+0000] {cursor.py:1028} INFO - query: [MERGE INTO MBTA_PREDICTIONS AS target USING (SELECT 'prediction-68172378-70080-1...]
[2025-04-21T03:51:38.984+0000] {cursor.py:1041} INFO - query execution done
[2025-04-21T03:51:38.991+0000] {cursor.py:1028} INFO - query: [MERGE INTO MBTA_PREDICTIONS AS target USING (SELECT 'prediction-68172525-70079-9...]
[2025-04-21T03:51:40.421+0000] {cursor.py:1041} INFO - query execution done
[2025-04-21T03:51:40.423+0000] {cursor.py:1028} INFO - query: [MERGE INTO MBTA_PREDICTIONS AS target USING (SELECT 'prediction-68172379-70080-1...]
[2025-04-21T03:51:42.691+0000] {cursor.py:1041} INFO - query execution done
[2025-04-21T03:51:42.694+0000] {cursor.py:1028} INFO - query: [MERGE INTO MBTA_PREDICTIONS AS target USING (SELECT 'prediction-68172526-70079-9...]
[2025-04-21T03:51:44.898+0000] {cursor.py:1041} INFO - query execution done
[2025-04-21T03:51:44.898+0000] {cursor.py:1028} INFO - query: [MERGE INTO MBTA_PREDICTIONS AS target USING (SELECT 'prediction-68172380-70080-1...]
[2025-04-21T03:51:47.107+0000] {cursor.py:1041} INFO - query execution done
[2025-04-21T03:51:47.110+0000] {cursor.py:1028} INFO - query: [MERGE INTO MBTA_PREDICTIONS AS target USING (SELECT 'prediction-68172527-70079-9...]
[2025-04-21T03:51:49.305+0000] {cursor.py:1041} INFO - query execution done
[2025-04-21T03:51:49.311+0000] {cursor.py:1028} INFO - query: [MERGE INTO MBTA_PREDICTIONS AS target USING (SELECT 'prediction-68172381-70080-1...]
[2025-04-21T03:51:51.953+0000] {cursor.py:1041} INFO - query execution done
[2025-04-21T03:51:51.971+0000] {cursor.py:1028} INFO - query: [MERGE INTO MBTA_PREDICTIONS AS target USING (SELECT 'prediction-68172528-70079-9...]
[2025-04-21T03:51:54.069+0000] {cursor.py:1041} INFO - query execution done
[2025-04-21T03:51:54.073+0000] {cursor.py:1028} INFO - query: [MERGE INTO MBTA_PREDICTIONS AS target USING (SELECT 'prediction-68172382-70080-1...]
[2025-04-21T03:51:56.393+0000] {cursor.py:1041} INFO - query execution done
[2025-04-21T03:51:56.397+0000] {cursor.py:1028} INFO - query: [MERGE INTO MBTA_PREDICTIONS AS target USING (SELECT 'prediction-68172383-70080-1...]
[2025-04-21T03:51:58.639+0000] {cursor.py:1041} INFO - query execution done
[2025-04-21T03:51:58.643+0000] {cursor.py:1028} INFO - query: [MERGE INTO MBTA_PREDICTIONS AS target USING (SELECT 'prediction-68172529-70079-9...]
[2025-04-21T03:52:00.900+0000] {cursor.py:1041} INFO - query execution done
[2025-04-21T03:52:00.911+0000] {cursor.py:1028} INFO - query: [MERGE INTO MBTA_PREDICTIONS AS target USING (SELECT 'prediction-68172384-70080-1...]
[2025-04-21T03:52:03.635+0000] {cursor.py:1041} INFO - query execution done
[2025-04-21T03:52:03.638+0000] {cursor.py:1028} INFO - query: [MERGE INTO MBTA_PREDICTIONS AS target USING (SELECT 'prediction-68172385-70080-1...]
[2025-04-21T03:52:05.732+0000] {cursor.py:1041} INFO - query execution done
[2025-04-21T03:52:05.733+0000] {cursor.py:1028} INFO - query: [COMMIT]
[2025-04-21T03:52:05.881+0000] {cursor.py:1041} INFO - query execution done
[2025-04-21T03:52:05.882+0000] {cursor.py:1205} INFO - Number of results in first chunk: 1
[2025-04-21T03:52:05.883+0000] {mbta_kafka_consumer.py:139} INFO - ✅ Merged 20 new/changed records into Snowflake table: MBTA_PREDICTIONS in 38.11 seconds
[2025-04-21T03:52:05.887+0000] {mbta_kafka_consumer.py:233} INFO - 📥 Received 19 records from topic: mbta_predictions
[2025-04-21T03:52:05.899+0000] {mbta_kafka_consumer.py:56} INFO - 🔍 Sample data for MBTA_PREDICTIONS:
[2025-04-21T03:52:05.900+0000] {mbta_kafka_consumer.py:57} INFO - 
                       PREDICTION_ID ROUTE_ID  ... STATUS                 CREATED_AT
0  prediction-68172375-70080-130-Red      Red  ...   None 2025-04-21 03:52:05.888144
1   prediction-68172521-70079-90-Red      Red  ...   None 2025-04-21 03:52:05.888178
2   prediction-68172522-70079-90-Red      Red  ...   None 2025-04-21 03:52:05.888180
3  prediction-68172376-70080-130-Red      Red  ...   None 2025-04-21 03:52:05.888193
4   prediction-68172523-70079-90-Red      Red  ...   None 2025-04-21 03:52:05.888212

[5 rows x 9 columns]
[2025-04-21T03:52:05.908+0000] {cursor.py:1028} INFO - query: [SELECT * FROM MBTA_PREDICTIONS WHERE PREDICTION_ID IN ('prediction-68172375-7008...]
[2025-04-21T03:52:06.061+0000] {cursor.py:1041} INFO - query execution done
[2025-04-21T03:52:06.062+0000] {cursor.py:1205} INFO - Number of results in first chunk: 19
[2025-04-21T03:52:06.071+0000] {mbta_kafka_consumer.py:104} INFO - 🔁 19 new/updated records out of 19 incoming records (some may be duplicate VEHICLE_IDs) for MBTA_PREDICTIONS
[2025-04-21T03:52:06.071+0000] {cursor.py:1028} INFO - query: [MERGE INTO MBTA_PREDICTIONS AS target USING (SELECT 'prediction-68172375-70080-1...]
[2025-04-21T03:52:08.054+0000] {cursor.py:1041} INFO - query execution done
[2025-04-21T03:52:08.063+0000] {cursor.py:1028} INFO - query: [MERGE INTO MBTA_PREDICTIONS AS target USING (SELECT 'prediction-68172521-70079-9...]
[2025-04-21T03:52:10.074+0000] {cursor.py:1041} INFO - query execution done
[2025-04-21T03:52:10.075+0000] {cursor.py:1028} INFO - query: [MERGE INTO MBTA_PREDICTIONS AS target USING (SELECT 'prediction-68172522-70079-9...]
[2025-04-21T03:52:12.388+0000] {cursor.py:1041} INFO - query execution done
[2025-04-21T03:52:12.399+0000] {cursor.py:1028} INFO - query: [MERGE INTO MBTA_PREDICTIONS AS target USING (SELECT 'prediction-68172376-70080-1...]
[2025-04-21T03:52:14.650+0000] {cursor.py:1041} INFO - query execution done
[2025-04-21T03:52:14.653+0000] {cursor.py:1028} INFO - query: [MERGE INTO MBTA_PREDICTIONS AS target USING (SELECT 'prediction-68172523-70079-9...]
[2025-04-21T03:52:16.865+0000] {cursor.py:1041} INFO - query execution done
[2025-04-21T03:52:16.875+0000] {cursor.py:1028} INFO - query: [MERGE INTO MBTA_PREDICTIONS AS target USING (SELECT 'prediction-68172524-70079-9...]
[2025-04-21T03:52:18.866+0000] {cursor.py:1041} INFO - query execution done
[2025-04-21T03:52:18.872+0000] {cursor.py:1028} INFO - query: [MERGE INTO MBTA_PREDICTIONS AS target USING (SELECT 'prediction-68172378-70080-1...]
[2025-04-21T03:52:21.032+0000] {cursor.py:1041} INFO - query execution done
[2025-04-21T03:52:21.034+0000] {cursor.py:1028} INFO - query: [MERGE INTO MBTA_PREDICTIONS AS target USING (SELECT 'prediction-68172525-70079-9...]
[2025-04-21T03:52:23.408+0000] {cursor.py:1041} INFO - query execution done
[2025-04-21T03:52:23.409+0000] {cursor.py:1028} INFO - query: [MERGE INTO MBTA_PREDICTIONS AS target USING (SELECT 'prediction-68172379-70080-1...]
[2025-04-21T03:52:25.435+0000] {cursor.py:1041} INFO - query execution done
[2025-04-21T03:52:25.453+0000] {cursor.py:1028} INFO - query: [MERGE INTO MBTA_PREDICTIONS AS target USING (SELECT 'prediction-68172526-70079-9...]
[2025-04-21T03:52:27.610+0000] {cursor.py:1041} INFO - query execution done
[2025-04-21T03:52:27.616+0000] {cursor.py:1028} INFO - query: [MERGE INTO MBTA_PREDICTIONS AS target USING (SELECT 'prediction-68172380-70080-1...]
[2025-04-21T03:52:29.967+0000] {cursor.py:1041} INFO - query execution done
[2025-04-21T03:52:29.971+0000] {cursor.py:1028} INFO - query: [MERGE INTO MBTA_PREDICTIONS AS target USING (SELECT 'prediction-68172527-70079-9...]
[2025-04-21T03:52:33.458+0000] {cursor.py:1041} INFO - query execution done
[2025-04-21T03:52:33.461+0000] {cursor.py:1028} INFO - query: [MERGE INTO MBTA_PREDICTIONS AS target USING (SELECT 'prediction-68172381-70080-1...]
[2025-04-21T03:52:35.881+0000] {cursor.py:1041} INFO - query execution done
[2025-04-21T03:52:35.882+0000] {cursor.py:1028} INFO - query: [MERGE INTO MBTA_PREDICTIONS AS target USING (SELECT 'prediction-68172528-70079-9...]
[2025-04-21T03:52:37.994+0000] {cursor.py:1041} INFO - query execution done
[2025-04-21T03:52:37.996+0000] {cursor.py:1028} INFO - query: [MERGE INTO MBTA_PREDICTIONS AS target USING (SELECT 'prediction-68172382-70080-1...]
[2025-04-21T03:52:40.238+0000] {cursor.py:1041} INFO - query execution done
[2025-04-21T03:52:40.240+0000] {cursor.py:1028} INFO - query: [MERGE INTO MBTA_PREDICTIONS AS target USING (SELECT 'prediction-68172383-70080-1...]
[2025-04-21T03:52:42.485+0000] {cursor.py:1041} INFO - query execution done
[2025-04-21T03:52:42.487+0000] {cursor.py:1028} INFO - query: [MERGE INTO MBTA_PREDICTIONS AS target USING (SELECT 'prediction-68172529-70079-9...]
[2025-04-21T03:52:45.253+0000] {cursor.py:1041} INFO - query execution done
[2025-04-21T03:52:45.254+0000] {cursor.py:1028} INFO - query: [MERGE INTO MBTA_PREDICTIONS AS target USING (SELECT 'prediction-68172384-70080-1...]
[2025-04-21T03:52:47.679+0000] {cursor.py:1041} INFO - query execution done
[2025-04-21T03:52:47.681+0000] {cursor.py:1028} INFO - query: [MERGE INTO MBTA_PREDICTIONS AS target USING (SELECT 'prediction-68172385-70080-1...]
[2025-04-21T03:52:49.944+0000] {cursor.py:1041} INFO - query execution done
[2025-04-21T03:52:49.944+0000] {cursor.py:1028} INFO - query: [COMMIT]
[2025-04-21T03:52:50.062+0000] {cursor.py:1041} INFO - query execution done
[2025-04-21T03:52:50.063+0000] {cursor.py:1205} INFO - Number of results in first chunk: 1
[2025-04-21T03:52:50.063+0000] {mbta_kafka_consumer.py:139} INFO - ✅ Merged 19 new/changed records into Snowflake table: MBTA_PREDICTIONS in 44.16 seconds
[2025-04-21T03:52:50.065+0000] {mbta_kafka_consumer.py:233} INFO - 📥 Received 20 records from topic: mbta_predictions
[2025-04-21T03:52:50.076+0000] {mbta_kafka_consumer.py:56} INFO - 🔍 Sample data for MBTA_PREDICTIONS:
[2025-04-21T03:52:50.077+0000] {mbta_kafka_consumer.py:57} INFO - 
                       PREDICTION_ID ROUTE_ID  ... STATUS                 CREATED_AT
0  prediction-68172375-70080-130-Red      Red  ...   None 2025-04-21 03:52:50.065707
1   prediction-68172521-70079-90-Red      Red  ...   None 2025-04-21 03:52:50.065724
2   prediction-68172522-70079-90-Red      Red  ...   None 2025-04-21 03:52:50.065740
3  prediction-68172376-70080-130-Red      Red  ...   None 2025-04-21 03:52:50.065742
4   prediction-68172523-70079-90-Red      Red  ...   None 2025-04-21 03:52:50.065978

[5 rows x 9 columns]
[2025-04-21T03:52:50.087+0000] {cursor.py:1028} INFO - query: [SELECT * FROM MBTA_PREDICTIONS WHERE PREDICTION_ID IN ('prediction-68172375-7008...]
[2025-04-21T03:52:50.221+0000] {cursor.py:1041} INFO - query execution done
[2025-04-21T03:52:50.221+0000] {cursor.py:1205} INFO - Number of results in first chunk: 20
[2025-04-21T03:52:50.230+0000] {mbta_kafka_consumer.py:104} INFO - 🔁 20 new/updated records out of 20 incoming records (some may be duplicate VEHICLE_IDs) for MBTA_PREDICTIONS
[2025-04-21T03:52:50.230+0000] {cursor.py:1028} INFO - query: [MERGE INTO MBTA_PREDICTIONS AS target USING (SELECT 'prediction-68172375-70080-1...]
[2025-04-21T03:52:52.391+0000] {cursor.py:1041} INFO - query execution done
[2025-04-21T03:52:52.400+0000] {cursor.py:1028} INFO - query: [MERGE INTO MBTA_PREDICTIONS AS target USING (SELECT 'prediction-68172521-70079-9...]
[2025-04-21T03:52:54.846+0000] {cursor.py:1041} INFO - query execution done
[2025-04-21T03:52:54.847+0000] {cursor.py:1028} INFO - query: [MERGE INTO MBTA_PREDICTIONS AS target USING (SELECT 'prediction-68172522-70079-9...]
[2025-04-21T03:52:57.190+0000] {cursor.py:1041} INFO - query execution done
[2025-04-21T03:52:57.195+0000] {cursor.py:1028} INFO - query: [MERGE INTO MBTA_PREDICTIONS AS target USING (SELECT 'prediction-68172376-70080-1...]
[2025-04-21T03:52:59.408+0000] {cursor.py:1041} INFO - query execution done
[2025-04-21T03:52:59.419+0000] {cursor.py:1028} INFO - query: [MERGE INTO MBTA_PREDICTIONS AS target USING (SELECT 'prediction-68172523-70079-9...]
[2025-04-21T03:53:01.720+0000] {cursor.py:1041} INFO - query execution done
[2025-04-21T03:53:01.724+0000] {cursor.py:1028} INFO - query: [MERGE INTO MBTA_PREDICTIONS AS target USING (SELECT 'prediction-68172378-70080-1...]
[2025-04-21T03:53:03.861+0000] {cursor.py:1041} INFO - query execution done
[2025-04-21T03:53:03.863+0000] {cursor.py:1028} INFO - query: [MERGE INTO MBTA_PREDICTIONS AS target USING (SELECT 'prediction-68172524-70079-9...]
[2025-04-21T03:53:06.009+0000] {cursor.py:1041} INFO - query execution done
[2025-04-21T03:53:06.011+0000] {cursor.py:1028} INFO - query: [MERGE INTO MBTA_PREDICTIONS AS target USING (SELECT 'prediction-68172525-70079-9...]
[2025-04-21T03:53:08.395+0000] {cursor.py:1041} INFO - query execution done
[2025-04-21T03:53:08.398+0000] {cursor.py:1028} INFO - query: [MERGE INTO MBTA_PREDICTIONS AS target USING (SELECT 'prediction-68172379-70080-1...]
[2025-04-21T03:53:10.621+0000] {cursor.py:1041} INFO - query execution done
[2025-04-21T03:53:10.622+0000] {cursor.py:1028} INFO - query: [MERGE INTO MBTA_PREDICTIONS AS target USING (SELECT 'prediction-68172526-70079-9...]
[2025-04-21T03:53:12.862+0000] {cursor.py:1041} INFO - query execution done
[2025-04-21T03:53:12.864+0000] {cursor.py:1028} INFO - query: [MERGE INTO MBTA_PREDICTIONS AS target USING (SELECT 'prediction-68172380-70080-1...]
[2025-04-21T03:53:15.126+0000] {cursor.py:1041} INFO - query execution done
[2025-04-21T03:53:15.128+0000] {cursor.py:1028} INFO - query: [MERGE INTO MBTA_PREDICTIONS AS target USING (SELECT 'prediction-68172527-70079-9...]
[2025-04-21T03:53:17.522+0000] {cursor.py:1041} INFO - query execution done
[2025-04-21T03:53:17.524+0000] {cursor.py:1028} INFO - query: [MERGE INTO MBTA_PREDICTIONS AS target USING (SELECT 'prediction-68172381-70080-1...]
[2025-04-21T03:53:19.936+0000] {cursor.py:1041} INFO - query execution done
[2025-04-21T03:53:19.937+0000] {cursor.py:1028} INFO - query: [MERGE INTO MBTA_PREDICTIONS AS target USING (SELECT 'prediction-68172528-70079-9...]
[2025-04-21T03:53:22.084+0000] {cursor.py:1041} INFO - query execution done
[2025-04-21T03:53:22.089+0000] {cursor.py:1028} INFO - query: [MERGE INTO MBTA_PREDICTIONS AS target USING (SELECT 'prediction-68172382-70080-1...]
[2025-04-21T03:53:24.399+0000] {cursor.py:1041} INFO - query execution done
[2025-04-21T03:53:24.403+0000] {cursor.py:1028} INFO - query: [MERGE INTO MBTA_PREDICTIONS AS target USING (SELECT 'prediction-68172383-70080-1...]
[2025-04-21T03:53:27.251+0000] {cursor.py:1041} INFO - query execution done
[2025-04-21T03:53:27.252+0000] {cursor.py:1028} INFO - query: [MERGE INTO MBTA_PREDICTIONS AS target USING (SELECT 'prediction-68172529-70079-9...]
[2025-04-21T03:53:29.711+0000] {cursor.py:1041} INFO - query execution done
[2025-04-21T03:53:29.714+0000] {cursor.py:1028} INFO - query: [MERGE INTO MBTA_PREDICTIONS AS target USING (SELECT 'prediction-68172384-70080-1...]
[2025-04-21T03:53:33.665+0000] {cursor.py:1041} INFO - query execution done
[2025-04-21T03:53:34.796+0000] {cursor.py:1028} INFO - query: [MERGE INTO MBTA_PREDICTIONS AS target USING (SELECT 'prediction-68172531-70079-9...]
[2025-04-21T03:53:39.107+0000] {cursor.py:1041} INFO - query execution done
[2025-04-21T03:53:39.124+0000] {cursor.py:1028} INFO - query: [MERGE INTO MBTA_PREDICTIONS AS target USING (SELECT 'prediction-68172385-70080-1...]
[2025-04-21T03:53:41.350+0000] {cursor.py:1041} INFO - query execution done
[2025-04-21T03:53:41.363+0000] {cursor.py:1028} INFO - query: [COMMIT]
[2025-04-21T03:53:41.492+0000] {cursor.py:1041} INFO - query execution done
[2025-04-21T03:53:41.492+0000] {cursor.py:1205} INFO - Number of results in first chunk: 1
[2025-04-21T03:53:41.492+0000] {mbta_kafka_consumer.py:139} INFO - ✅ Merged 20 new/changed records into Snowflake table: MBTA_PREDICTIONS in 51.41 seconds
[2025-04-21T03:53:41.494+0000] {mbta_kafka_consumer.py:233} INFO - 📥 Received 20 records from topic: mbta_predictions
[2025-04-21T03:53:41.506+0000] {mbta_kafka_consumer.py:56} INFO - 🔍 Sample data for MBTA_PREDICTIONS:
[2025-04-21T03:53:41.506+0000] {mbta_kafka_consumer.py:57} INFO - 
                       PREDICTION_ID ROUTE_ID  ... STATUS                 CREATED_AT
0  prediction-68172375-70080-130-Red      Red  ...   None 2025-04-21 03:53:41.495020
1   prediction-68172521-70079-90-Red      Red  ...   None 2025-04-21 03:53:41.495032
2   prediction-68172522-70079-90-Red      Red  ...   None 2025-04-21 03:53:41.495034
3  prediction-68172376-70080-130-Red      Red  ...   None 2025-04-21 03:53:41.495043
4   prediction-68172523-70079-90-Red      Red  ...   None 2025-04-21 03:53:41.495051

[5 rows x 9 columns]
[2025-04-21T03:53:41.513+0000] {cursor.py:1028} INFO - query: [SELECT * FROM MBTA_PREDICTIONS WHERE PREDICTION_ID IN ('prediction-68172375-7008...]
[2025-04-21T03:53:41.726+0000] {cursor.py:1041} INFO - query execution done
[2025-04-21T03:53:41.727+0000] {cursor.py:1205} INFO - Number of results in first chunk: 20
[2025-04-21T03:53:41.742+0000] {mbta_kafka_consumer.py:104} INFO - 🔁 20 new/updated records out of 20 incoming records (some may be duplicate VEHICLE_IDs) for MBTA_PREDICTIONS
[2025-04-21T03:53:41.742+0000] {cursor.py:1028} INFO - query: [MERGE INTO MBTA_PREDICTIONS AS target USING (SELECT 'prediction-68172375-70080-1...]
[2025-04-21T03:53:43.885+0000] {cursor.py:1041} INFO - query execution done
[2025-04-21T03:53:43.888+0000] {cursor.py:1028} INFO - query: [MERGE INTO MBTA_PREDICTIONS AS target USING (SELECT 'prediction-68172521-70079-9...]
[2025-04-21T03:53:46.260+0000] {cursor.py:1041} INFO - query execution done
[2025-04-21T03:53:46.264+0000] {cursor.py:1028} INFO - query: [MERGE INTO MBTA_PREDICTIONS AS target USING (SELECT 'prediction-68172522-70079-9...]
[2025-04-21T03:53:48.408+0000] {cursor.py:1041} INFO - query execution done
[2025-04-21T03:53:48.415+0000] {cursor.py:1028} INFO - query: [MERGE INTO MBTA_PREDICTIONS AS target USING (SELECT 'prediction-68172376-70080-1...]
[2025-04-21T03:53:50.772+0000] {cursor.py:1041} INFO - query execution done
[2025-04-21T03:53:50.774+0000] {cursor.py:1028} INFO - query: [MERGE INTO MBTA_PREDICTIONS AS target USING (SELECT 'prediction-68172523-70079-9...]
[2025-04-21T03:53:52.987+0000] {cursor.py:1041} INFO - query execution done
[2025-04-21T03:53:52.988+0000] {cursor.py:1028} INFO - query: [MERGE INTO MBTA_PREDICTIONS AS target USING (SELECT 'prediction-68172378-70080-1...]
[2025-04-21T03:53:55.283+0000] {cursor.py:1041} INFO - query execution done
[2025-04-21T03:53:55.287+0000] {cursor.py:1028} INFO - query: [MERGE INTO MBTA_PREDICTIONS AS target USING (SELECT 'prediction-68172524-70079-9...]
[2025-04-21T03:53:57.520+0000] {cursor.py:1041} INFO - query execution done
[2025-04-21T03:53:57.522+0000] {cursor.py:1028} INFO - query: [MERGE INTO MBTA_PREDICTIONS AS target USING (SELECT 'prediction-68172525-70079-9...]
[2025-04-21T03:53:59.738+0000] {cursor.py:1041} INFO - query execution done
[2025-04-21T03:53:59.752+0000] {cursor.py:1028} INFO - query: [MERGE INTO MBTA_PREDICTIONS AS target USING (SELECT 'prediction-68172379-70080-1...]
[2025-04-21T03:54:01.731+0000] {cursor.py:1041} INFO - query execution done
[2025-04-21T03:54:01.738+0000] {cursor.py:1028} INFO - query: [MERGE INTO MBTA_PREDICTIONS AS target USING (SELECT 'prediction-68172526-70079-9...]
[2025-04-21T03:54:04.181+0000] {cursor.py:1041} INFO - query execution done
[2025-04-21T03:54:04.193+0000] {cursor.py:1028} INFO - query: [MERGE INTO MBTA_PREDICTIONS AS target USING (SELECT 'prediction-68172380-70080-1...]
[2025-04-21T03:54:06.609+0000] {cursor.py:1041} INFO - query execution done
[2025-04-21T03:54:06.612+0000] {cursor.py:1028} INFO - query: [MERGE INTO MBTA_PREDICTIONS AS target USING (SELECT 'prediction-68172527-70079-9...]
[2025-04-21T03:54:09.415+0000] {cursor.py:1041} INFO - query execution done
[2025-04-21T03:54:09.415+0000] {cursor.py:1028} INFO - query: [MERGE INTO MBTA_PREDICTIONS AS target USING (SELECT 'prediction-68172381-70080-1...]
[2025-04-21T03:54:11.761+0000] {cursor.py:1041} INFO - query execution done
[2025-04-21T03:54:11.767+0000] {cursor.py:1028} INFO - query: [MERGE INTO MBTA_PREDICTIONS AS target USING (SELECT 'prediction-68172528-70079-9...]
[2025-04-21T03:54:14.059+0000] {cursor.py:1041} INFO - query execution done
[2025-04-21T03:54:14.075+0000] {cursor.py:1028} INFO - query: [MERGE INTO MBTA_PREDICTIONS AS target USING (SELECT 'prediction-68172382-70080-1...]
[2025-04-21T03:54:17.596+0000] {cursor.py:1041} INFO - query execution done
[2025-04-21T03:54:17.633+0000] {cursor.py:1028} INFO - query: [MERGE INTO MBTA_PREDICTIONS AS target USING (SELECT 'prediction-68172383-70080-1...]
[2025-04-21T03:54:21.437+0000] {cursor.py:1041} INFO - query execution done
[2025-04-21T03:54:22.699+0000] {cursor.py:1028} INFO - query: [MERGE INTO MBTA_PREDICTIONS AS target USING (SELECT 'prediction-68172529-70079-9...]
[2025-04-21T03:54:26.235+0000] {cursor.py:1041} INFO - query execution done
[2025-04-21T03:54:27.147+0000] {cursor.py:1028} INFO - query: [MERGE INTO MBTA_PREDICTIONS AS target USING (SELECT 'prediction-68172384-70080-1...]
[2025-04-21T03:54:29.316+0000] {cursor.py:1041} INFO - query execution done
[2025-04-21T03:54:29.910+0000] {cursor.py:1028} INFO - query: [MERGE INTO MBTA_PREDICTIONS AS target USING (SELECT 'prediction-68172531-70079-9...]
[2025-04-21T03:54:31.909+0000] {cursor.py:1041} INFO - query execution done
[2025-04-21T03:54:31.955+0000] {cursor.py:1028} INFO - query: [MERGE INTO MBTA_PREDICTIONS AS target USING (SELECT 'prediction-68172385-70080-1...]
[2025-04-21T03:54:34.002+0000] {cursor.py:1041} INFO - query execution done
[2025-04-21T03:54:34.038+0000] {cursor.py:1028} INFO - query: [COMMIT]
[2025-04-21T03:54:34.259+0000] {cursor.py:1041} INFO - query execution done
[2025-04-21T03:54:34.277+0000] {cursor.py:1205} INFO - Number of results in first chunk: 1
[2025-04-21T03:54:34.295+0000] {mbta_kafka_consumer.py:139} INFO - ✅ Merged 20 new/changed records into Snowflake table: MBTA_PREDICTIONS in 52.78 seconds
[2025-04-21T03:54:34.400+0000] {mbta_kafka_consumer.py:233} INFO - 📥 Received 20 records from topic: mbta_predictions
[2025-04-21T03:54:34.815+0000] {mbta_kafka_consumer.py:56} INFO - 🔍 Sample data for MBTA_PREDICTIONS:
[2025-04-21T03:54:34.818+0000] {mbta_kafka_consumer.py:57} INFO - 
                       PREDICTION_ID ROUTE_ID  ... STATUS                 CREATED_AT
0  prediction-68172375-70080-130-Red      Red  ...   None 2025-04-21 03:54:34.431593
1   prediction-68172521-70079-90-Red      Red  ...   None 2025-04-21 03:54:34.433291
2   prediction-68172522-70079-90-Red      Red  ...   None 2025-04-21 03:54:34.433303
3  prediction-68172376-70080-130-Red      Red  ...   None 2025-04-21 03:54:34.433358
4   prediction-68172523-70079-90-Red      Red  ...   None 2025-04-21 03:54:34.433362

[5 rows x 9 columns]
[2025-04-21T03:54:36.368+0000] {cursor.py:1028} INFO - query: [SELECT * FROM MBTA_PREDICTIONS WHERE PREDICTION_ID IN ('prediction-68172375-7008...]
[2025-04-21T03:54:37.069+0000] {cursor.py:1041} INFO - query execution done
[2025-04-21T03:54:37.119+0000] {cursor.py:1205} INFO - Number of results in first chunk: 20
[2025-04-21T03:54:38.143+0000] {mbta_kafka_consumer.py:104} INFO - 🔁 20 new/updated records out of 20 incoming records (some may be duplicate VEHICLE_IDs) for MBTA_PREDICTIONS
[2025-04-21T03:54:38.162+0000] {cursor.py:1028} INFO - query: [MERGE INTO MBTA_PREDICTIONS AS target USING (SELECT 'prediction-68172375-70080-1...]
[2025-04-21T03:54:38.751+0000] {cursor.py:1041} INFO - query execution done
[2025-04-21T03:54:38.754+0000] {cursor.py:1028} INFO - query: [MERGE INTO MBTA_PREDICTIONS AS target USING (SELECT 'prediction-68172521-70079-9...]
[2025-04-21T03:54:41.006+0000] {cursor.py:1041} INFO - query execution done
[2025-04-21T03:54:41.009+0000] {cursor.py:1028} INFO - query: [MERGE INTO MBTA_PREDICTIONS AS target USING (SELECT 'prediction-68172522-70079-9...]
[2025-04-21T03:54:43.849+0000] {cursor.py:1041} INFO - query execution done
[2025-04-21T03:54:43.852+0000] {cursor.py:1028} INFO - query: [MERGE INTO MBTA_PREDICTIONS AS target USING (SELECT 'prediction-68172376-70080-1...]
[2025-04-21T03:54:45.924+0000] {cursor.py:1041} INFO - query execution done
[2025-04-21T03:54:45.925+0000] {cursor.py:1028} INFO - query: [MERGE INTO MBTA_PREDICTIONS AS target USING (SELECT 'prediction-68172523-70079-9...]
[2025-04-21T03:54:48.651+0000] {cursor.py:1041} INFO - query execution done
[2025-04-21T03:54:48.656+0000] {cursor.py:1028} INFO - query: [MERGE INTO MBTA_PREDICTIONS AS target USING (SELECT 'prediction-68172524-70079-9...]
[2025-04-21T03:54:51.218+0000] {cursor.py:1041} INFO - query execution done
[2025-04-21T03:54:51.387+0000] {cursor.py:1028} INFO - query: [MERGE INTO MBTA_PREDICTIONS AS target USING (SELECT 'prediction-68172378-70080-1...]
[2025-04-21T03:54:53.608+0000] {cursor.py:1041} INFO - query execution done
[2025-04-21T03:54:53.620+0000] {cursor.py:1028} INFO - query: [MERGE INTO MBTA_PREDICTIONS AS target USING (SELECT 'prediction-68172525-70079-9...]
[2025-04-21T03:54:55.894+0000] {cursor.py:1041} INFO - query execution done
[2025-04-21T03:54:55.897+0000] {cursor.py:1028} INFO - query: [MERGE INTO MBTA_PREDICTIONS AS target USING (SELECT 'prediction-68172379-70080-1...]
[2025-04-21T03:54:58.136+0000] {cursor.py:1041} INFO - query execution done
[2025-04-21T03:54:58.139+0000] {cursor.py:1028} INFO - query: [MERGE INTO MBTA_PREDICTIONS AS target USING (SELECT 'prediction-68172526-70079-9...]
[2025-04-21T03:55:01.549+0000] {cursor.py:1041} INFO - query execution done
[2025-04-21T03:55:01.556+0000] {cursor.py:1028} INFO - query: [MERGE INTO MBTA_PREDICTIONS AS target USING (SELECT 'prediction-68172380-70080-1...]
[2025-04-21T03:55:04.277+0000] {cursor.py:1041} INFO - query execution done
[2025-04-21T03:55:04.283+0000] {cursor.py:1028} INFO - query: [MERGE INTO MBTA_PREDICTIONS AS target USING (SELECT 'prediction-68172527-70079-9...]
[2025-04-21T03:55:06.646+0000] {cursor.py:1041} INFO - query execution done
[2025-04-21T03:55:06.652+0000] {cursor.py:1028} INFO - query: [MERGE INTO MBTA_PREDICTIONS AS target USING (SELECT 'prediction-68172381-70080-1...]
[2025-04-21T03:55:09.257+0000] {cursor.py:1041} INFO - query execution done
[2025-04-21T03:55:09.290+0000] {cursor.py:1028} INFO - query: [MERGE INTO MBTA_PREDICTIONS AS target USING (SELECT 'prediction-68172528-70079-9...]
[2025-04-21T03:55:11.905+0000] {cursor.py:1041} INFO - query execution done
[2025-04-21T03:55:11.916+0000] {cursor.py:1028} INFO - query: [MERGE INTO MBTA_PREDICTIONS AS target USING (SELECT 'prediction-68172382-70080-1...]
[2025-04-21T03:55:14.156+0000] {cursor.py:1041} INFO - query execution done
[2025-04-21T03:55:14.169+0000] {cursor.py:1028} INFO - query: [MERGE INTO MBTA_PREDICTIONS AS target USING (SELECT 'prediction-68172383-70080-1...]
[2025-04-21T03:55:16.446+0000] {cursor.py:1041} INFO - query execution done
[2025-04-21T03:55:16.450+0000] {cursor.py:1028} INFO - query: [MERGE INTO MBTA_PREDICTIONS AS target USING (SELECT 'prediction-68172529-70079-9...]
[2025-04-21T03:55:18.993+0000] {cursor.py:1041} INFO - query execution done
[2025-04-21T03:55:19.003+0000] {cursor.py:1028} INFO - query: [MERGE INTO MBTA_PREDICTIONS AS target USING (SELECT 'prediction-68172384-70080-1...]
[2025-04-21T03:55:22.138+0000] {cursor.py:1041} INFO - query execution done
[2025-04-21T03:55:22.142+0000] {cursor.py:1028} INFO - query: [MERGE INTO MBTA_PREDICTIONS AS target USING (SELECT 'prediction-68172531-70079-9...]
[2025-04-21T03:55:26.479+0000] {cursor.py:1041} INFO - query execution done
[2025-04-21T03:55:26.484+0000] {cursor.py:1028} INFO - query: [MERGE INTO MBTA_PREDICTIONS AS target USING (SELECT 'prediction-68172385-70080-1...]
[2025-04-21T03:55:29.979+0000] {cursor.py:1041} INFO - query execution done
[2025-04-21T03:55:29.986+0000] {cursor.py:1028} INFO - query: [COMMIT]
[2025-04-21T03:55:30.118+0000] {cursor.py:1041} INFO - query execution done
[2025-04-21T03:55:30.119+0000] {cursor.py:1205} INFO - Number of results in first chunk: 1
[2025-04-21T03:55:30.120+0000] {mbta_kafka_consumer.py:139} INFO - ✅ Merged 20 new/changed records into Snowflake table: MBTA_PREDICTIONS in 53.76 seconds
[2025-04-21T03:55:30.126+0000] {mbta_kafka_consumer.py:233} INFO - 📥 Received 20 records from topic: mbta_predictions
[2025-04-21T03:55:30.178+0000] {mbta_kafka_consumer.py:56} INFO - 🔍 Sample data for MBTA_PREDICTIONS:
[2025-04-21T03:55:30.179+0000] {mbta_kafka_consumer.py:57} INFO - 
                       PREDICTION_ID ROUTE_ID  ... STATUS                 CREATED_AT
0  prediction-68172375-70080-130-Red      Red  ...   None 2025-04-21 03:55:30.127075
1   prediction-68172521-70079-90-Red      Red  ...   None 2025-04-21 03:55:30.127257
2   prediction-68172522-70079-90-Red      Red  ...   None 2025-04-21 03:55:30.127268
3  prediction-68172376-70080-130-Red      Red  ...   None 2025-04-21 03:55:30.127270
4   prediction-68172523-70079-90-Red      Red  ...   None 2025-04-21 03:55:30.127279

[5 rows x 9 columns]
[2025-04-21T03:55:30.208+0000] {cursor.py:1028} INFO - query: [SELECT * FROM MBTA_PREDICTIONS WHERE PREDICTION_ID IN ('prediction-68172375-7008...]
[2025-04-21T03:55:30.384+0000] {cursor.py:1041} INFO - query execution done
[2025-04-21T03:55:30.386+0000] {cursor.py:1205} INFO - Number of results in first chunk: 20
[2025-04-21T03:55:30.447+0000] {mbta_kafka_consumer.py:104} INFO - 🔁 20 new/updated records out of 20 incoming records (some may be duplicate VEHICLE_IDs) for MBTA_PREDICTIONS
[2025-04-21T03:55:30.448+0000] {cursor.py:1028} INFO - query: [MERGE INTO MBTA_PREDICTIONS AS target USING (SELECT 'prediction-68172375-70080-1...]
[2025-04-21T03:55:33.728+0000] {cursor.py:1041} INFO - query execution done
[2025-04-21T03:55:33.733+0000] {cursor.py:1028} INFO - query: [MERGE INTO MBTA_PREDICTIONS AS target USING (SELECT 'prediction-68172521-70079-9...]
[2025-04-21T03:55:36.989+0000] {cursor.py:1041} INFO - query execution done
[2025-04-21T03:55:36.992+0000] {cursor.py:1028} INFO - query: [MERGE INTO MBTA_PREDICTIONS AS target USING (SELECT 'prediction-68172522-70079-9...]
[2025-04-21T03:55:40.816+0000] {cursor.py:1041} INFO - query execution done
[2025-04-21T03:55:40.820+0000] {cursor.py:1028} INFO - query: [MERGE INTO MBTA_PREDICTIONS AS target USING (SELECT 'prediction-68172376-70080-1...]
[2025-04-21T03:55:44.076+0000] {cursor.py:1041} INFO - query execution done
[2025-04-21T03:55:44.101+0000] {cursor.py:1028} INFO - query: [MERGE INTO MBTA_PREDICTIONS AS target USING (SELECT 'prediction-68172523-70079-9...]
[2025-04-21T03:55:47.378+0000] {cursor.py:1041} INFO - query execution done
[2025-04-21T03:55:47.397+0000] {cursor.py:1028} INFO - query: [MERGE INTO MBTA_PREDICTIONS AS target USING (SELECT 'prediction-68172524-70079-9...]
[2025-04-21T03:55:50.510+0000] {cursor.py:1041} INFO - query execution done
[2025-04-21T03:55:50.522+0000] {cursor.py:1028} INFO - query: [MERGE INTO MBTA_PREDICTIONS AS target USING (SELECT 'prediction-68172378-70080-1...]
[2025-04-21T03:55:53.985+0000] {cursor.py:1041} INFO - query execution done
[2025-04-21T03:55:53.998+0000] {cursor.py:1028} INFO - query: [MERGE INTO MBTA_PREDICTIONS AS target USING (SELECT 'prediction-68172525-70079-9...]
[2025-04-21T03:55:57.188+0000] {cursor.py:1041} INFO - query execution done
[2025-04-21T03:55:57.194+0000] {cursor.py:1028} INFO - query: [MERGE INTO MBTA_PREDICTIONS AS target USING (SELECT 'prediction-68172379-70080-1...]
[2025-04-21T03:56:00.766+0000] {cursor.py:1041} INFO - query execution done
[2025-04-21T03:56:00.771+0000] {cursor.py:1028} INFO - query: [MERGE INTO MBTA_PREDICTIONS AS target USING (SELECT 'prediction-68172526-70079-9...]
[2025-04-21T03:56:03.998+0000] {cursor.py:1041} INFO - query execution done
[2025-04-21T03:56:04.007+0000] {cursor.py:1028} INFO - query: [MERGE INTO MBTA_PREDICTIONS AS target USING (SELECT 'prediction-68172380-70080-1...]
[2025-04-21T03:56:07.019+0000] {cursor.py:1041} INFO - query execution done
[2025-04-21T03:56:07.023+0000] {cursor.py:1028} INFO - query: [MERGE INTO MBTA_PREDICTIONS AS target USING (SELECT 'prediction-68172527-70079-9...]
[2025-04-21T03:56:10.615+0000] {cursor.py:1041} INFO - query execution done
[2025-04-21T03:56:10.617+0000] {cursor.py:1028} INFO - query: [MERGE INTO MBTA_PREDICTIONS AS target USING (SELECT 'prediction-68172381-70080-1...]
[2025-04-21T03:56:13.684+0000] {cursor.py:1041} INFO - query execution done
[2025-04-21T03:56:13.686+0000] {cursor.py:1028} INFO - query: [MERGE INTO MBTA_PREDICTIONS AS target USING (SELECT 'prediction-68172528-70079-9...]
[2025-04-21T03:56:16.919+0000] {cursor.py:1041} INFO - query execution done
[2025-04-21T03:56:16.922+0000] {cursor.py:1028} INFO - query: [MERGE INTO MBTA_PREDICTIONS AS target USING (SELECT 'prediction-68172382-70080-1...]
[2025-04-21T03:56:19.875+0000] {cursor.py:1041} INFO - query execution done
[2025-04-21T03:56:19.878+0000] {cursor.py:1028} INFO - query: [MERGE INTO MBTA_PREDICTIONS AS target USING (SELECT 'prediction-68172529-70079-9...]
[2025-04-21T03:56:23.340+0000] {cursor.py:1041} INFO - query execution done
[2025-04-21T03:56:23.342+0000] {cursor.py:1028} INFO - query: [MERGE INTO MBTA_PREDICTIONS AS target USING (SELECT 'prediction-68172383-70080-1...]
[2025-04-21T03:56:26.551+0000] {cursor.py:1041} INFO - query execution done
[2025-04-21T03:56:26.554+0000] {cursor.py:1028} INFO - query: [MERGE INTO MBTA_PREDICTIONS AS target USING (SELECT 'prediction-68172384-70080-1...]
[2025-04-21T03:56:29.676+0000] {cursor.py:1041} INFO - query execution done
[2025-04-21T03:56:29.688+0000] {cursor.py:1028} INFO - query: [MERGE INTO MBTA_PREDICTIONS AS target USING (SELECT 'prediction-68172531-70079-9...]
[2025-04-21T03:56:32.917+0000] {cursor.py:1041} INFO - query execution done
[2025-04-21T03:56:32.921+0000] {cursor.py:1028} INFO - query: [MERGE INTO MBTA_PREDICTIONS AS target USING (SELECT 'prediction-68172385-70080-1...]
[2025-04-21T03:56:36.353+0000] {cursor.py:1041} INFO - query execution done
[2025-04-21T03:56:36.367+0000] {cursor.py:1028} INFO - query: [COMMIT]
[2025-04-21T03:56:36.498+0000] {cursor.py:1041} INFO - query execution done
[2025-04-21T03:56:36.499+0000] {cursor.py:1205} INFO - Number of results in first chunk: 1
[2025-04-21T03:56:36.500+0000] {mbta_kafka_consumer.py:139} INFO - ✅ Merged 20 new/changed records into Snowflake table: MBTA_PREDICTIONS in 66.29 seconds
[2025-04-21T03:56:36.502+0000] {mbta_kafka_consumer.py:233} INFO - 📥 Received 21 records from topic: mbta_predictions
[2025-04-21T03:56:36.529+0000] {mbta_kafka_consumer.py:56} INFO - 🔍 Sample data for MBTA_PREDICTIONS:
[2025-04-21T03:56:36.529+0000] {mbta_kafka_consumer.py:57} INFO - 
                       PREDICTION_ID ROUTE_ID  ... STATUS                 CREATED_AT
0  prediction-68172375-70080-130-Red      Red  ...   None 2025-04-21 03:56:36.503053
1   prediction-68172521-70079-90-Red      Red  ...   None 2025-04-21 03:56:36.503066
2   prediction-68172522-70079-90-Red      Red  ...   None 2025-04-21 03:56:36.503072
3  prediction-68172376-70080-130-Red      Red  ...   None 2025-04-21 03:56:36.503083
4   prediction-68172523-70079-90-Red      Red  ...   None 2025-04-21 03:56:36.503084

[5 rows x 9 columns]
[2025-04-21T03:56:36.540+0000] {cursor.py:1028} INFO - query: [SELECT * FROM MBTA_PREDICTIONS WHERE PREDICTION_ID IN ('prediction-68172375-7008...]
[2025-04-21T03:56:36.854+0000] {cursor.py:1041} INFO - query execution done
[2025-04-21T03:56:36.854+0000] {cursor.py:1205} INFO - Number of results in first chunk: 21
[2025-04-21T03:56:36.870+0000] {mbta_kafka_consumer.py:104} INFO - 🔁 21 new/updated records out of 21 incoming records (some may be duplicate VEHICLE_IDs) for MBTA_PREDICTIONS
[2025-04-21T03:56:36.871+0000] {cursor.py:1028} INFO - query: [MERGE INTO MBTA_PREDICTIONS AS target USING (SELECT 'prediction-68172375-70080-1...]
[2025-04-21T03:56:39.669+0000] {cursor.py:1041} INFO - query execution done
[2025-04-21T03:56:39.672+0000] {cursor.py:1028} INFO - query: [MERGE INTO MBTA_PREDICTIONS AS target USING (SELECT 'prediction-68172521-70079-9...]
[2025-04-21T03:56:43.149+0000] {cursor.py:1041} INFO - query execution done
[2025-04-21T03:56:43.168+0000] {cursor.py:1028} INFO - query: [MERGE INTO MBTA_PREDICTIONS AS target USING (SELECT 'prediction-68172522-70079-9...]
[2025-04-21T03:56:46.275+0000] {cursor.py:1041} INFO - query execution done
[2025-04-21T03:56:46.279+0000] {cursor.py:1028} INFO - query: [MERGE INTO MBTA_PREDICTIONS AS target USING (SELECT 'prediction-68172376-70080-1...]
[2025-04-21T03:56:49.582+0000] {cursor.py:1041} INFO - query execution done
[2025-04-21T03:56:49.593+0000] {cursor.py:1028} INFO - query: [MERGE INTO MBTA_PREDICTIONS AS target USING (SELECT 'prediction-68172523-70079-9...]
[2025-04-21T03:56:52.973+0000] {cursor.py:1041} INFO - query execution done
[2025-04-21T03:56:52.989+0000] {cursor.py:1028} INFO - query: [MERGE INTO MBTA_PREDICTIONS AS target USING (SELECT 'prediction-68172524-70079-9...]
[2025-04-21T03:56:52.105+0000] {local_task_job_runner.py:121} ERROR - Received SIGTERM. Terminating subprocesses
[2025-04-21T03:56:54.376+0000] {process_utils.py:131} INFO - Sending 15 to group 204. PIDs of all processes in the group: [204]
[2025-04-21T03:56:54.433+0000] {process_utils.py:86} INFO - Sending the signal 15 to group 204
[2025-04-21T03:56:54.475+0000] {taskinstance.py:2450} ERROR - Received SIGTERM. Terminating subprocesses.
[2025-04-21T03:56:54.554+0000] {mbta_kafka_consumer.py:212} ERROR - ❌ Error processing topic mbta_predictions: Task received SIGTERM signal
[2025-04-21T03:56:54.641+0000] {mbta_kafka_consumer.py:233} INFO - 📥 Received 21 records from topic: mbta_predictions
[2025-04-21T03:56:55.135+0000] {mbta_kafka_consumer.py:56} INFO - 🔍 Sample data for MBTA_PREDICTIONS:
[2025-04-21T03:56:55.264+0000] {mbta_kafka_consumer.py:57} INFO - 
                       PREDICTION_ID ROUTE_ID  ... STATUS                 CREATED_AT
0  prediction-68172375-70080-130-Red      Red  ...   None 2025-04-21 03:56:54.660120
1   prediction-68172521-70079-90-Red      Red  ...   None 2025-04-21 03:56:54.660141
2   prediction-68172522-70079-90-Red      Red  ...   None 2025-04-21 03:56:54.662271
3  prediction-68172376-70080-130-Red      Red  ...   None 2025-04-21 03:56:54.662320
4   prediction-68172523-70079-90-Red      Red  ...   None 2025-04-21 03:56:54.663776

[5 rows x 9 columns]
[2025-04-21T03:56:55.450+0000] {cursor.py:1028} INFO - query: [SELECT * FROM MBTA_PREDICTIONS WHERE PREDICTION_ID IN ('prediction-68172375-7008...]
[2025-04-21T03:56:56.722+0000] {cursor.py:1041} INFO - query execution done
[2025-04-21T03:56:56.738+0000] {cursor.py:1205} INFO - Number of results in first chunk: 21
[2025-04-21T03:56:56.842+0000] {mbta_kafka_consumer.py:104} INFO - 🔁 21 new/updated records out of 21 incoming records (some may be duplicate VEHICLE_IDs) for MBTA_PREDICTIONS
[2025-04-21T03:56:56.845+0000] {cursor.py:1028} INFO - query: [MERGE INTO MBTA_PREDICTIONS AS target USING (SELECT 'prediction-68172375-70080-1...]
