[2025-04-21T03:55:04.453+0000] {taskinstance.py:1956} INFO - Dependencies all met for dep_context=non-requeueable deps ti=<TaskInstance: mbta_kafka_consumer_dag.run_kafka_consumer scheduled__2025-04-21T03:50:00+00:00 [queued]>
[2025-04-21T03:55:04.466+0000] {taskinstance.py:1956} INFO - Dependencies all met for dep_context=requeueable deps ti=<TaskInstance: mbta_kafka_consumer_dag.run_kafka_consumer scheduled__2025-04-21T03:50:00+00:00 [queued]>
[2025-04-21T03:55:04.467+0000] {taskinstance.py:2170} INFO - Starting attempt 1 of 2
[2025-04-21T03:55:04.496+0000] {taskinstance.py:2191} INFO - Executing <Task(PythonOperator): run_kafka_consumer> on 2025-04-21 03:50:00+00:00
[2025-04-21T03:55:04.522+0000] {standard_task_runner.py:60} INFO - Started process 358 to run task
[2025-04-21T03:55:04.533+0000] {standard_task_runner.py:87} INFO - Running: ['***', 'tasks', 'run', 'mbta_kafka_consumer_dag', 'run_kafka_consumer', 'scheduled__2025-04-21T03:50:00+00:00', '--job-id', '110', '--raw', '--subdir', 'DAGS_FOLDER/mbta_kafka_consumer_dag.py', '--cfg-path', '/tmp/tmpiymhj_uz']
[2025-04-21T03:55:04.543+0000] {standard_task_runner.py:88} INFO - Job 110: Subtask run_kafka_consumer
[2025-04-21T03:55:04.595+0000] {logging_mixin.py:188} WARNING - /home/***/.local/lib/python3.9/site-packages/***/settings.py:194 DeprecationWarning: The sql_alchemy_conn option in [core] has been moved to the sql_alchemy_conn option in [database] - the old setting has been used, but please update your config.
[2025-04-21T03:55:04.798+0000] {task_command.py:423} INFO - Running <TaskInstance: mbta_kafka_consumer_dag.run_kafka_consumer scheduled__2025-04-21T03:50:00+00:00 [running]> on host bf0ac457d6ab
[2025-04-21T03:55:05.221+0000] {taskinstance.py:2480} INFO - Exporting env vars: AIRFLOW_CTX_DAG_OWNER='***' AIRFLOW_CTX_DAG_ID='mbta_kafka_consumer_dag' AIRFLOW_CTX_TASK_ID='run_kafka_consumer' AIRFLOW_CTX_EXECUTION_DATE='2025-04-21T03:50:00+00:00' AIRFLOW_CTX_TRY_NUMBER='1' AIRFLOW_CTX_DAG_RUN_ID='scheduled__2025-04-21T03:50:00+00:00'
[2025-04-21T03:55:05.233+0000] {connection.py:370} INFO - Snowflake Connector for Python Version: 3.6.0, Python Version: 3.9.18, Platform: Linux-6.10.14-linuxkit-aarch64-with-glibc2.36
[2025-04-21T03:55:05.240+0000] {connection.py:1171} INFO - This connection is in OCSP Fail Open Mode. TLS Certificates would be checked for validity and revocation status. Any other Certificate Revocation related exceptions or OCSP Responder failures would be disregarded in favor of connectivity.
[2025-04-21T03:55:06.090+0000] {mbta_kafka_consumer.py:45} INFO - ✅ Connected to Snowflake successfully.
[2025-04-21T03:55:06.091+0000] {mbta_kafka_consumer.py:219} INFO - 🚀 Starting MBTA Kafka Consumer...
[2025-04-21T03:55:06.103+0000] {conn.py:395} INFO - <BrokerConnection client_id=kafka-python-2.1.5, node_id=bootstrap-0 host=kafka:9092 <connecting> [IPv4 ('172.18.0.5', 9092)]>: connecting to kafka:9092 [('172.18.0.5', 9092) IPv4]
[2025-04-21T03:55:06.139+0000] {conn.py:615} INFO - <BrokerConnection client_id=kafka-python-2.1.5, node_id=bootstrap-0 host=kafka:9092 <checking_api_versions_recv> [IPv4 ('172.18.0.5', 9092)]>: Broker version identified as 2.6
[2025-04-21T03:55:06.140+0000] {conn.py:456} INFO - <BrokerConnection client_id=kafka-python-2.1.5, node_id=bootstrap-0 host=kafka:9092 <connected> [IPv4 ('172.18.0.5', 9092)]>: Connection complete.
[2025-04-21T03:55:06.144+0000] {consumer.py:119} WARNING - group_id is None: disabling auto-commit.
[2025-04-21T03:55:06.145+0000] {subscription_state.py:182} INFO - Updating subscribed topics to: ('mbta_alerts', 'mbta_routes', 'mbta_stops', 'mbta_vehicles', 'mbta_predictions')
[2025-04-21T03:55:06.156+0000] {subscription_state.py:254} INFO - Updated partition assignment: [('mbta_vehicles', 0), ('mbta_predictions', 0), ('mbta_alerts', 0), ('mbta_stops', 0), ('mbta_routes', 0)]
[2025-04-21T03:55:06.158+0000] {conn.py:395} INFO - <BrokerConnection client_id=kafka-python-2.1.5, node_id=1 host=kafka:9092 <connecting> [IPv4 ('172.18.0.5', 9092)]>: connecting to kafka:9092 [('172.18.0.5', 9092) IPv4]
[2025-04-21T03:55:06.159+0000] {conn.py:456} INFO - <BrokerConnection client_id=kafka-python-2.1.5, node_id=1 host=kafka:9092 <connected> [IPv4 ('172.18.0.5', 9092)]>: Connection complete.
[2025-04-21T03:55:06.160+0000] {conn.py:936} INFO - <BrokerConnection client_id=kafka-python-2.1.5, node_id=bootstrap-0 host=kafka:9092 <connected> [IPv4 ('172.18.0.5', 9092)]>: Closing connection. 
[2025-04-21T03:55:07.995+0000] {mbta_kafka_consumer.py:233} INFO - 📥 Received 178 records from topic: mbta_routes
[2025-04-21T03:55:08.040+0000] {mbta_kafka_consumer.py:56} INFO - 🔍 Sample data for MBTA_ROUTES:
[2025-04-21T03:55:08.041+0000] {mbta_kafka_consumer.py:57} INFO - 
   ROUTE_ID        ROUTE_NAME  ...  ROUTE_COLOR                 CREATED_AT
0       Red          Red Line  ...       DA291C 2025-04-21 03:55:07.998351
1  Mattapan  Mattapan Trolley  ...       DA291C 2025-04-21 03:55:07.998369
2    Orange       Orange Line  ...       ED8B00 2025-04-21 03:55:07.998396
3   Green-B      Green Line B  ...       00843D 2025-04-21 03:55:07.998398
4   Green-C      Green Line C  ...       00843D 2025-04-21 03:55:07.998411

[5 rows x 5 columns]
[2025-04-21T03:55:08.069+0000] {cursor.py:1028} INFO - query: [SELECT * FROM MBTA_ROUTES WHERE ROUTE_ID IN ('Red','Mattapan','Orange','Green-B'...]
[2025-04-21T03:55:08.268+0000] {cursor.py:1041} INFO - query execution done
[2025-04-21T03:55:08.272+0000] {cursor.py:1205} INFO - Number of results in first chunk: 0
[2025-04-21T03:55:09.672+0000] {mbta_kafka_consumer.py:104} INFO - 🔁 0 new/updated records out of 178 incoming records (some may be duplicate VEHICLE_IDs) for MBTA_ROUTES
[2025-04-21T03:55:09.677+0000] {mbta_kafka_consumer.py:107} INFO - ✅ All 178 records already up-to-date in MBTA_ROUTES, no merge needed.
[2025-04-21T03:55:09.681+0000] {mbta_kafka_consumer.py:233} INFO - 📥 Received 178 records from topic: mbta_routes
[2025-04-21T03:55:09.700+0000] {mbta_kafka_consumer.py:56} INFO - 🔍 Sample data for MBTA_ROUTES:
[2025-04-21T03:55:09.702+0000] {mbta_kafka_consumer.py:57} INFO - 
   ROUTE_ID        ROUTE_NAME  ...  ROUTE_COLOR                 CREATED_AT
0       Red          Red Line  ...       DA291C 2025-04-21 03:55:09.681791
1  Mattapan  Mattapan Trolley  ...       DA291C 2025-04-21 03:55:09.681794
2    Orange       Orange Line  ...       ED8B00 2025-04-21 03:55:09.681795
3   Green-B      Green Line B  ...       00843D 2025-04-21 03:55:09.681811
4   Green-C      Green Line C  ...       00843D 2025-04-21 03:55:09.681816

[5 rows x 5 columns]
[2025-04-21T03:55:09.732+0000] {cursor.py:1028} INFO - query: [SELECT * FROM MBTA_ROUTES WHERE ROUTE_ID IN ('Red','Mattapan','Orange','Green-B'...]
[2025-04-21T03:55:09.924+0000] {cursor.py:1041} INFO - query execution done
[2025-04-21T03:55:09.936+0000] {cursor.py:1205} INFO - Number of results in first chunk: 0
[2025-04-21T03:55:10.746+0000] {mbta_kafka_consumer.py:104} INFO - 🔁 0 new/updated records out of 178 incoming records (some may be duplicate VEHICLE_IDs) for MBTA_ROUTES
[2025-04-21T03:55:10.748+0000] {mbta_kafka_consumer.py:107} INFO - ✅ All 178 records already up-to-date in MBTA_ROUTES, no merge needed.
[2025-04-21T03:55:10.750+0000] {mbta_kafka_consumer.py:233} INFO - 📥 Received 178 records from topic: mbta_routes
[2025-04-21T03:55:10.758+0000] {mbta_kafka_consumer.py:56} INFO - 🔍 Sample data for MBTA_ROUTES:
[2025-04-21T03:55:10.759+0000] {mbta_kafka_consumer.py:57} INFO - 
   ROUTE_ID        ROUTE_NAME  ...  ROUTE_COLOR                 CREATED_AT
0       Red          Red Line  ...       DA291C 2025-04-21 03:55:10.750650
1  Mattapan  Mattapan Trolley  ...       DA291C 2025-04-21 03:55:10.750655
2    Orange       Orange Line  ...       ED8B00 2025-04-21 03:55:10.750675
3   Green-B      Green Line B  ...       00843D 2025-04-21 03:55:10.750677
4   Green-C      Green Line C  ...       00843D 2025-04-21 03:55:10.750694

[5 rows x 5 columns]
[2025-04-21T03:55:10.771+0000] {cursor.py:1028} INFO - query: [SELECT * FROM MBTA_ROUTES WHERE ROUTE_ID IN ('Red','Mattapan','Orange','Green-B'...]
[2025-04-21T03:55:10.985+0000] {cursor.py:1041} INFO - query execution done
[2025-04-21T03:55:10.991+0000] {cursor.py:1205} INFO - Number of results in first chunk: 0
[2025-04-21T03:55:11.377+0000] {mbta_kafka_consumer.py:104} INFO - 🔁 0 new/updated records out of 178 incoming records (some may be duplicate VEHICLE_IDs) for MBTA_ROUTES
[2025-04-21T03:55:11.381+0000] {mbta_kafka_consumer.py:107} INFO - ✅ All 178 records already up-to-date in MBTA_ROUTES, no merge needed.
[2025-04-21T03:55:11.383+0000] {mbta_kafka_consumer.py:233} INFO - 📥 Received 178 records from topic: mbta_routes
[2025-04-21T03:55:11.402+0000] {mbta_kafka_consumer.py:56} INFO - 🔍 Sample data for MBTA_ROUTES:
[2025-04-21T03:55:11.403+0000] {mbta_kafka_consumer.py:57} INFO - 
   ROUTE_ID        ROUTE_NAME  ...  ROUTE_COLOR                 CREATED_AT
0       Red          Red Line  ...       DA291C 2025-04-21 03:55:11.384864
1  Mattapan  Mattapan Trolley  ...       DA291C 2025-04-21 03:55:11.384875
2    Orange       Orange Line  ...       ED8B00 2025-04-21 03:55:11.384885
3   Green-B      Green Line B  ...       00843D 2025-04-21 03:55:11.384888
4   Green-C      Green Line C  ...       00843D 2025-04-21 03:55:11.384901

[5 rows x 5 columns]
[2025-04-21T03:55:11.425+0000] {cursor.py:1028} INFO - query: [SELECT * FROM MBTA_ROUTES WHERE ROUTE_ID IN ('Red','Mattapan','Orange','Green-B'...]
[2025-04-21T03:55:11.603+0000] {cursor.py:1041} INFO - query execution done
[2025-04-21T03:55:11.606+0000] {cursor.py:1205} INFO - Number of results in first chunk: 0
[2025-04-21T03:55:11.945+0000] {mbta_kafka_consumer.py:104} INFO - 🔁 0 new/updated records out of 178 incoming records (some may be duplicate VEHICLE_IDs) for MBTA_ROUTES
[2025-04-21T03:55:11.950+0000] {mbta_kafka_consumer.py:107} INFO - ✅ All 178 records already up-to-date in MBTA_ROUTES, no merge needed.
[2025-04-21T03:55:11.954+0000] {mbta_kafka_consumer.py:233} INFO - 📥 Received 178 records from topic: mbta_routes
[2025-04-21T03:55:11.973+0000] {mbta_kafka_consumer.py:56} INFO - 🔍 Sample data for MBTA_ROUTES:
[2025-04-21T03:55:11.976+0000] {mbta_kafka_consumer.py:57} INFO - 
   ROUTE_ID        ROUTE_NAME  ...  ROUTE_COLOR                 CREATED_AT
0       Red          Red Line  ...       DA291C 2025-04-21 03:55:11.956591
1  Mattapan  Mattapan Trolley  ...       DA291C 2025-04-21 03:55:11.956603
2    Orange       Orange Line  ...       ED8B00 2025-04-21 03:55:11.956609
3   Green-B      Green Line B  ...       00843D 2025-04-21 03:55:11.956611
4   Green-C      Green Line C  ...       00843D 2025-04-21 03:55:11.956760

[5 rows x 5 columns]
[2025-04-21T03:55:12.010+0000] {cursor.py:1028} INFO - query: [SELECT * FROM MBTA_ROUTES WHERE ROUTE_ID IN ('Red','Mattapan','Orange','Green-B'...]
[2025-04-21T03:55:12.247+0000] {cursor.py:1041} INFO - query execution done
[2025-04-21T03:55:12.255+0000] {cursor.py:1205} INFO - Number of results in first chunk: 0
[2025-04-21T03:55:12.686+0000] {mbta_kafka_consumer.py:104} INFO - 🔁 0 new/updated records out of 178 incoming records (some may be duplicate VEHICLE_IDs) for MBTA_ROUTES
[2025-04-21T03:55:12.692+0000] {mbta_kafka_consumer.py:107} INFO - ✅ All 178 records already up-to-date in MBTA_ROUTES, no merge needed.
[2025-04-21T03:55:12.694+0000] {mbta_kafka_consumer.py:233} INFO - 📥 Received 178 records from topic: mbta_routes
[2025-04-21T03:55:12.705+0000] {mbta_kafka_consumer.py:56} INFO - 🔍 Sample data for MBTA_ROUTES:
[2025-04-21T03:55:12.706+0000] {mbta_kafka_consumer.py:57} INFO - 
   ROUTE_ID        ROUTE_NAME  ...  ROUTE_COLOR                 CREATED_AT
0       Red          Red Line  ...       DA291C 2025-04-21 03:55:12.695341
1  Mattapan  Mattapan Trolley  ...       DA291C 2025-04-21 03:55:12.695457
2    Orange       Orange Line  ...       ED8B00 2025-04-21 03:55:12.695464
3   Green-B      Green Line B  ...       00843D 2025-04-21 03:55:12.695467
4   Green-C      Green Line C  ...       00843D 2025-04-21 03:55:12.695471

[5 rows x 5 columns]
[2025-04-21T03:55:12.725+0000] {cursor.py:1028} INFO - query: [SELECT * FROM MBTA_ROUTES WHERE ROUTE_ID IN ('Red','Mattapan','Orange','Green-B'...]
[2025-04-21T03:55:12.877+0000] {cursor.py:1041} INFO - query execution done
[2025-04-21T03:55:12.880+0000] {cursor.py:1205} INFO - Number of results in first chunk: 0
[2025-04-21T03:55:13.138+0000] {mbta_kafka_consumer.py:104} INFO - 🔁 0 new/updated records out of 178 incoming records (some may be duplicate VEHICLE_IDs) for MBTA_ROUTES
[2025-04-21T03:55:13.140+0000] {mbta_kafka_consumer.py:107} INFO - ✅ All 178 records already up-to-date in MBTA_ROUTES, no merge needed.
[2025-04-21T03:55:13.141+0000] {mbta_kafka_consumer.py:233} INFO - 📥 Received 178 records from topic: mbta_routes
[2025-04-21T03:55:13.147+0000] {mbta_kafka_consumer.py:56} INFO - 🔍 Sample data for MBTA_ROUTES:
[2025-04-21T03:55:13.148+0000] {mbta_kafka_consumer.py:57} INFO - 
   ROUTE_ID        ROUTE_NAME  ...  ROUTE_COLOR                 CREATED_AT
0       Red          Red Line  ...       DA291C 2025-04-21 03:55:13.141891
1  Mattapan  Mattapan Trolley  ...       DA291C 2025-04-21 03:55:13.141894
2    Orange       Orange Line  ...       ED8B00 2025-04-21 03:55:13.141907
3   Green-B      Green Line B  ...       00843D 2025-04-21 03:55:13.141908
4   Green-C      Green Line C  ...       00843D 2025-04-21 03:55:13.141909

[5 rows x 5 columns]
[2025-04-21T03:55:13.159+0000] {cursor.py:1028} INFO - query: [SELECT * FROM MBTA_ROUTES WHERE ROUTE_ID IN ('Red','Mattapan','Orange','Green-B'...]
[2025-04-21T03:55:13.330+0000] {cursor.py:1041} INFO - query execution done
[2025-04-21T03:55:13.337+0000] {cursor.py:1205} INFO - Number of results in first chunk: 0
[2025-04-21T03:55:13.572+0000] {mbta_kafka_consumer.py:104} INFO - 🔁 0 new/updated records out of 178 incoming records (some may be duplicate VEHICLE_IDs) for MBTA_ROUTES
[2025-04-21T03:55:13.572+0000] {mbta_kafka_consumer.py:107} INFO - ✅ All 178 records already up-to-date in MBTA_ROUTES, no merge needed.
[2025-04-21T03:55:13.573+0000] {mbta_kafka_consumer.py:233} INFO - 📥 Received 178 records from topic: mbta_routes
[2025-04-21T03:55:13.581+0000] {mbta_kafka_consumer.py:56} INFO - 🔍 Sample data for MBTA_ROUTES:
[2025-04-21T03:55:13.581+0000] {mbta_kafka_consumer.py:57} INFO - 
   ROUTE_ID        ROUTE_NAME  ...  ROUTE_COLOR                 CREATED_AT
0       Red          Red Line  ...       DA291C 2025-04-21 03:55:13.574250
1  Mattapan  Mattapan Trolley  ...       DA291C 2025-04-21 03:55:13.574253
2    Orange       Orange Line  ...       ED8B00 2025-04-21 03:55:13.574254
3   Green-B      Green Line B  ...       00843D 2025-04-21 03:55:13.574286
4   Green-C      Green Line C  ...       00843D 2025-04-21 03:55:13.574292

[5 rows x 5 columns]
[2025-04-21T03:55:13.593+0000] {cursor.py:1028} INFO - query: [SELECT * FROM MBTA_ROUTES WHERE ROUTE_ID IN ('Red','Mattapan','Orange','Green-B'...]
[2025-04-21T03:55:13.748+0000] {cursor.py:1041} INFO - query execution done
[2025-04-21T03:55:13.750+0000] {cursor.py:1205} INFO - Number of results in first chunk: 0
[2025-04-21T03:55:14.060+0000] {mbta_kafka_consumer.py:104} INFO - 🔁 0 new/updated records out of 178 incoming records (some may be duplicate VEHICLE_IDs) for MBTA_ROUTES
[2025-04-21T03:55:14.066+0000] {mbta_kafka_consumer.py:107} INFO - ✅ All 178 records already up-to-date in MBTA_ROUTES, no merge needed.
[2025-04-21T03:55:14.067+0000] {mbta_kafka_consumer.py:233} INFO - 📥 Received 178 records from topic: mbta_routes
[2025-04-21T03:55:14.075+0000] {mbta_kafka_consumer.py:56} INFO - 🔍 Sample data for MBTA_ROUTES:
[2025-04-21T03:55:14.076+0000] {mbta_kafka_consumer.py:57} INFO - 
   ROUTE_ID        ROUTE_NAME  ...  ROUTE_COLOR                 CREATED_AT
0       Red          Red Line  ...       DA291C 2025-04-21 03:55:14.068551
1  Mattapan  Mattapan Trolley  ...       DA291C 2025-04-21 03:55:14.068571
2    Orange       Orange Line  ...       ED8B00 2025-04-21 03:55:14.068573
3   Green-B      Green Line B  ...       00843D 2025-04-21 03:55:14.068575
4   Green-C      Green Line C  ...       00843D 2025-04-21 03:55:14.068576

[5 rows x 5 columns]
[2025-04-21T03:55:14.083+0000] {cursor.py:1028} INFO - query: [SELECT * FROM MBTA_ROUTES WHERE ROUTE_ID IN ('Red','Mattapan','Orange','Green-B'...]
[2025-04-21T03:55:14.307+0000] {cursor.py:1041} INFO - query execution done
[2025-04-21T03:55:14.310+0000] {cursor.py:1205} INFO - Number of results in first chunk: 0
[2025-04-21T03:55:14.667+0000] {mbta_kafka_consumer.py:104} INFO - 🔁 0 new/updated records out of 178 incoming records (some may be duplicate VEHICLE_IDs) for MBTA_ROUTES
[2025-04-21T03:55:14.673+0000] {mbta_kafka_consumer.py:107} INFO - ✅ All 178 records already up-to-date in MBTA_ROUTES, no merge needed.
[2025-04-21T03:55:14.675+0000] {mbta_kafka_consumer.py:233} INFO - 📥 Received 178 records from topic: mbta_routes
[2025-04-21T03:55:14.681+0000] {mbta_kafka_consumer.py:56} INFO - 🔍 Sample data for MBTA_ROUTES:
[2025-04-21T03:55:14.682+0000] {mbta_kafka_consumer.py:57} INFO - 
   ROUTE_ID        ROUTE_NAME  ...  ROUTE_COLOR                 CREATED_AT
0       Red          Red Line  ...       DA291C 2025-04-21 03:55:14.675623
1  Mattapan  Mattapan Trolley  ...       DA291C 2025-04-21 03:55:14.675626
2    Orange       Orange Line  ...       ED8B00 2025-04-21 03:55:14.675636
3   Green-B      Green Line B  ...       00843D 2025-04-21 03:55:14.675637
4   Green-C      Green Line C  ...       00843D 2025-04-21 03:55:14.675637

[5 rows x 5 columns]
[2025-04-21T03:55:14.695+0000] {cursor.py:1028} INFO - query: [SELECT * FROM MBTA_ROUTES WHERE ROUTE_ID IN ('Red','Mattapan','Orange','Green-B'...]
[2025-04-21T03:55:14.884+0000] {cursor.py:1041} INFO - query execution done
[2025-04-21T03:55:14.890+0000] {cursor.py:1205} INFO - Number of results in first chunk: 0
[2025-04-21T03:55:15.384+0000] {mbta_kafka_consumer.py:104} INFO - 🔁 0 new/updated records out of 178 incoming records (some may be duplicate VEHICLE_IDs) for MBTA_ROUTES
[2025-04-21T03:55:15.389+0000] {mbta_kafka_consumer.py:107} INFO - ✅ All 178 records already up-to-date in MBTA_ROUTES, no merge needed.
[2025-04-21T03:55:15.395+0000] {mbta_kafka_consumer.py:233} INFO - 📥 Received 178 records from topic: mbta_routes
[2025-04-21T03:55:15.424+0000] {mbta_kafka_consumer.py:56} INFO - 🔍 Sample data for MBTA_ROUTES:
[2025-04-21T03:55:15.426+0000] {mbta_kafka_consumer.py:57} INFO - 
   ROUTE_ID        ROUTE_NAME  ...  ROUTE_COLOR                 CREATED_AT
0       Red          Red Line  ...       DA291C 2025-04-21 03:55:15.397179
1  Mattapan  Mattapan Trolley  ...       DA291C 2025-04-21 03:55:15.397212
2    Orange       Orange Line  ...       ED8B00 2025-04-21 03:55:15.397214
3   Green-B      Green Line B  ...       00843D 2025-04-21 03:55:15.397236
4   Green-C      Green Line C  ...       00843D 2025-04-21 03:55:15.397248

[5 rows x 5 columns]
[2025-04-21T03:55:15.454+0000] {cursor.py:1028} INFO - query: [SELECT * FROM MBTA_ROUTES WHERE ROUTE_ID IN ('Red','Mattapan','Orange','Green-B'...]
[2025-04-21T03:55:15.615+0000] {cursor.py:1041} INFO - query execution done
[2025-04-21T03:55:15.617+0000] {cursor.py:1205} INFO - Number of results in first chunk: 0
[2025-04-21T03:55:15.839+0000] {mbta_kafka_consumer.py:104} INFO - 🔁 0 new/updated records out of 178 incoming records (some may be duplicate VEHICLE_IDs) for MBTA_ROUTES
[2025-04-21T03:55:15.841+0000] {mbta_kafka_consumer.py:107} INFO - ✅ All 178 records already up-to-date in MBTA_ROUTES, no merge needed.
[2025-04-21T03:55:15.842+0000] {mbta_kafka_consumer.py:233} INFO - 📥 Received 20 records from topic: mbta_predictions
[2025-04-21T03:55:15.848+0000] {mbta_kafka_consumer.py:56} INFO - 🔍 Sample data for MBTA_PREDICTIONS:
[2025-04-21T03:55:15.849+0000] {mbta_kafka_consumer.py:57} INFO - 
                       PREDICTION_ID ROUTE_ID  ... STATUS                 CREATED_AT
0   prediction-68172520-70079-90-Red      Red  ...   None 2025-04-21 03:55:15.842423
1  prediction-68172375-70080-130-Red      Red  ...   None 2025-04-21 03:55:15.842439
2   prediction-68172521-70079-90-Red      Red  ...   None 2025-04-21 03:55:15.842462
3   prediction-68172522-70079-90-Red      Red  ...   None 2025-04-21 03:55:15.842464
4  prediction-68172376-70080-130-Red      Red  ...   None 2025-04-21 03:55:15.842481

[5 rows x 9 columns]
[2025-04-21T03:55:15.861+0000] {cursor.py:1028} INFO - query: [SELECT * FROM MBTA_PREDICTIONS WHERE PREDICTION_ID IN ('prediction-68172520-7007...]
[2025-04-21T03:55:16.030+0000] {cursor.py:1041} INFO - query execution done
[2025-04-21T03:55:16.032+0000] {cursor.py:1205} INFO - Number of results in first chunk: 20
[2025-04-21T03:55:16.063+0000] {mbta_kafka_consumer.py:104} INFO - 🔁 20 new/updated records out of 20 incoming records (some may be duplicate VEHICLE_IDs) for MBTA_PREDICTIONS
[2025-04-21T03:55:16.064+0000] {cursor.py:1028} INFO - query: [MERGE INTO MBTA_PREDICTIONS AS target USING (SELECT 'prediction-68172520-70079-9...]
[2025-04-21T03:55:18.234+0000] {cursor.py:1041} INFO - query execution done
[2025-04-21T03:55:18.239+0000] {cursor.py:1028} INFO - query: [MERGE INTO MBTA_PREDICTIONS AS target USING (SELECT 'prediction-68172375-70080-1...]
[2025-04-21T03:55:20.986+0000] {cursor.py:1041} INFO - query execution done
[2025-04-21T03:55:20.993+0000] {cursor.py:1028} INFO - query: [MERGE INTO MBTA_PREDICTIONS AS target USING (SELECT 'prediction-68172521-70079-9...]
[2025-04-21T03:55:24.552+0000] {cursor.py:1041} INFO - query execution done
[2025-04-21T03:55:24.560+0000] {cursor.py:1028} INFO - query: [MERGE INTO MBTA_PREDICTIONS AS target USING (SELECT 'prediction-68172522-70079-9...]
[2025-04-21T03:55:28.466+0000] {cursor.py:1041} INFO - query execution done
[2025-04-21T03:55:28.477+0000] {cursor.py:1028} INFO - query: [MERGE INTO MBTA_PREDICTIONS AS target USING (SELECT 'prediction-68172376-70080-1...]
[2025-04-21T03:55:32.224+0000] {cursor.py:1041} INFO - query execution done
[2025-04-21T03:55:32.234+0000] {cursor.py:1028} INFO - query: [MERGE INTO MBTA_PREDICTIONS AS target USING (SELECT 'prediction-68172523-70079-9...]
[2025-04-21T03:55:35.841+0000] {cursor.py:1041} INFO - query execution done
[2025-04-21T03:55:35.856+0000] {cursor.py:1028} INFO - query: [MERGE INTO MBTA_PREDICTIONS AS target USING (SELECT 'prediction-68172524-70079-9...]
[2025-04-21T03:55:39.106+0000] {cursor.py:1041} INFO - query execution done
[2025-04-21T03:55:39.111+0000] {cursor.py:1028} INFO - query: [MERGE INTO MBTA_PREDICTIONS AS target USING (SELECT 'prediction-68172378-70080-1...]
[2025-04-21T03:55:42.723+0000] {cursor.py:1041} INFO - query execution done
[2025-04-21T03:55:42.734+0000] {cursor.py:1028} INFO - query: [MERGE INTO MBTA_PREDICTIONS AS target USING (SELECT 'prediction-68172525-70079-9...]
[2025-04-21T03:55:46.231+0000] {cursor.py:1041} INFO - query execution done
[2025-04-21T03:55:46.314+0000] {cursor.py:1028} INFO - query: [MERGE INTO MBTA_PREDICTIONS AS target USING (SELECT 'prediction-68172379-70080-1...]
[2025-04-21T03:55:49.236+0000] {cursor.py:1041} INFO - query execution done
[2025-04-21T03:55:49.252+0000] {cursor.py:1028} INFO - query: [MERGE INTO MBTA_PREDICTIONS AS target USING (SELECT 'prediction-68172526-70079-9...]
[2025-04-21T03:55:52.501+0000] {cursor.py:1041} INFO - query execution done
[2025-04-21T03:55:52.514+0000] {cursor.py:1028} INFO - query: [MERGE INTO MBTA_PREDICTIONS AS target USING (SELECT 'prediction-68172380-70080-1...]
[2025-04-21T03:55:56.016+0000] {cursor.py:1041} INFO - query execution done
[2025-04-21T03:55:56.027+0000] {cursor.py:1028} INFO - query: [MERGE INTO MBTA_PREDICTIONS AS target USING (SELECT 'prediction-68172527-70079-9...]
[2025-04-21T03:55:59.402+0000] {cursor.py:1041} INFO - query execution done
[2025-04-21T03:55:59.411+0000] {cursor.py:1028} INFO - query: [MERGE INTO MBTA_PREDICTIONS AS target USING (SELECT 'prediction-68172381-70080-1...]
[2025-04-21T03:56:02.764+0000] {cursor.py:1041} INFO - query execution done
[2025-04-21T03:56:02.770+0000] {cursor.py:1028} INFO - query: [MERGE INTO MBTA_PREDICTIONS AS target USING (SELECT 'prediction-68172528-70079-9...]
[2025-04-21T03:56:05.911+0000] {cursor.py:1041} INFO - query execution done
[2025-04-21T03:56:05.915+0000] {cursor.py:1028} INFO - query: [MERGE INTO MBTA_PREDICTIONS AS target USING (SELECT 'prediction-68172382-70080-1...]
[2025-04-21T03:56:09.333+0000] {cursor.py:1041} INFO - query execution done
[2025-04-21T03:56:09.338+0000] {cursor.py:1028} INFO - query: [MERGE INTO MBTA_PREDICTIONS AS target USING (SELECT 'prediction-68172383-70080-1...]
[2025-04-21T03:56:12.579+0000] {cursor.py:1041} INFO - query execution done
[2025-04-21T03:56:12.582+0000] {cursor.py:1028} INFO - query: [MERGE INTO MBTA_PREDICTIONS AS target USING (SELECT 'prediction-68172529-70079-9...]
[2025-04-21T03:56:15.736+0000] {cursor.py:1041} INFO - query execution done
[2025-04-21T03:56:15.736+0000] {cursor.py:1028} INFO - query: [MERGE INTO MBTA_PREDICTIONS AS target USING (SELECT 'prediction-68172384-70080-1...]
[2025-04-21T03:56:18.785+0000] {cursor.py:1041} INFO - query execution done
[2025-04-21T03:56:18.788+0000] {cursor.py:1028} INFO - query: [MERGE INTO MBTA_PREDICTIONS AS target USING (SELECT 'prediction-68172385-70080-1...]
[2025-04-21T03:56:22.006+0000] {cursor.py:1041} INFO - query execution done
[2025-04-21T03:56:22.007+0000] {cursor.py:1028} INFO - query: [COMMIT]
[2025-04-21T03:56:22.137+0000] {cursor.py:1041} INFO - query execution done
[2025-04-21T03:56:22.146+0000] {cursor.py:1205} INFO - Number of results in first chunk: 1
[2025-04-21T03:56:22.149+0000] {mbta_kafka_consumer.py:139} INFO - ✅ Merged 20 new/changed records into Snowflake table: MBTA_PREDICTIONS in 66.29 seconds
[2025-04-21T03:56:22.170+0000] {mbta_kafka_consumer.py:233} INFO - 📥 Received 19 records from topic: mbta_predictions
[2025-04-21T03:56:22.222+0000] {mbta_kafka_consumer.py:56} INFO - 🔍 Sample data for MBTA_PREDICTIONS:
[2025-04-21T03:56:22.223+0000] {mbta_kafka_consumer.py:57} INFO - 
                       PREDICTION_ID ROUTE_ID  ... STATUS                 CREATED_AT
0  prediction-68172375-70080-130-Red      Red  ...   None 2025-04-21 03:56:22.174491
1   prediction-68172521-70079-90-Red      Red  ...   None 2025-04-21 03:56:22.174518
2   prediction-68172522-70079-90-Red      Red  ...   None 2025-04-21 03:56:22.174523
3  prediction-68172376-70080-130-Red      Red  ...   None 2025-04-21 03:56:22.174559
4   prediction-68172523-70079-90-Red      Red  ...   None 2025-04-21 03:56:22.174600

[5 rows x 9 columns]
[2025-04-21T03:56:22.236+0000] {cursor.py:1028} INFO - query: [SELECT * FROM MBTA_PREDICTIONS WHERE PREDICTION_ID IN ('prediction-68172375-7008...]
[2025-04-21T03:56:22.439+0000] {cursor.py:1041} INFO - query execution done
[2025-04-21T03:56:22.440+0000] {cursor.py:1205} INFO - Number of results in first chunk: 19
[2025-04-21T03:56:22.448+0000] {mbta_kafka_consumer.py:104} INFO - 🔁 19 new/updated records out of 19 incoming records (some may be duplicate VEHICLE_IDs) for MBTA_PREDICTIONS
[2025-04-21T03:56:22.449+0000] {cursor.py:1028} INFO - query: [MERGE INTO MBTA_PREDICTIONS AS target USING (SELECT 'prediction-68172375-70080-1...]
[2025-04-21T03:56:25.758+0000] {cursor.py:1041} INFO - query execution done
[2025-04-21T03:56:25.765+0000] {cursor.py:1028} INFO - query: [MERGE INTO MBTA_PREDICTIONS AS target USING (SELECT 'prediction-68172521-70079-9...]
[2025-04-21T03:56:28.535+0000] {cursor.py:1041} INFO - query execution done
[2025-04-21T03:56:28.541+0000] {cursor.py:1028} INFO - query: [MERGE INTO MBTA_PREDICTIONS AS target USING (SELECT 'prediction-68172522-70079-9...]
[2025-04-21T03:56:31.779+0000] {cursor.py:1041} INFO - query execution done
[2025-04-21T03:56:31.795+0000] {cursor.py:1028} INFO - query: [MERGE INTO MBTA_PREDICTIONS AS target USING (SELECT 'prediction-68172376-70080-1...]
[2025-04-21T03:56:34.983+0000] {cursor.py:1041} INFO - query execution done
[2025-04-21T03:56:34.986+0000] {cursor.py:1028} INFO - query: [MERGE INTO MBTA_PREDICTIONS AS target USING (SELECT 'prediction-68172523-70079-9...]
[2025-04-21T03:56:38.219+0000] {cursor.py:1041} INFO - query execution done
[2025-04-21T03:56:38.230+0000] {cursor.py:1028} INFO - query: [MERGE INTO MBTA_PREDICTIONS AS target USING (SELECT 'prediction-68172524-70079-9...]
[2025-04-21T03:56:41.322+0000] {cursor.py:1041} INFO - query execution done
[2025-04-21T03:56:41.330+0000] {cursor.py:1028} INFO - query: [MERGE INTO MBTA_PREDICTIONS AS target USING (SELECT 'prediction-68172378-70080-1...]
[2025-04-21T03:56:44.607+0000] {cursor.py:1041} INFO - query execution done
[2025-04-21T03:56:44.615+0000] {cursor.py:1028} INFO - query: [MERGE INTO MBTA_PREDICTIONS AS target USING (SELECT 'prediction-68172525-70079-9...]
[2025-04-21T03:56:48.041+0000] {cursor.py:1041} INFO - query execution done
[2025-04-21T03:56:48.050+0000] {cursor.py:1028} INFO - query: [MERGE INTO MBTA_PREDICTIONS AS target USING (SELECT 'prediction-68172379-70080-1...]
[2025-04-21T03:56:51.182+0000] {cursor.py:1041} INFO - query execution done
[2025-04-21T03:56:51.196+0000] {cursor.py:1028} INFO - query: [MERGE INTO MBTA_PREDICTIONS AS target USING (SELECT 'prediction-68172526-70079-9...]
[2025-04-21T03:56:51.770+0000] {local_task_job_runner.py:121} ERROR - Received SIGTERM. Terminating subprocesses
[2025-04-21T03:56:51.988+0000] {process_utils.py:131} INFO - Sending 15 to group 358. PIDs of all processes in the group: [358]
[2025-04-21T03:56:51.993+0000] {process_utils.py:86} INFO - Sending the signal 15 to group 358
[2025-04-21T03:56:52.058+0000] {taskinstance.py:2450} ERROR - Received SIGTERM. Terminating subprocesses.
[2025-04-21T03:56:52.619+0000] {mbta_kafka_consumer.py:212} ERROR - ❌ Error processing topic mbta_predictions: Task received SIGTERM signal
[2025-04-21T03:56:52.669+0000] {mbta_kafka_consumer.py:233} INFO - 📥 Received 20 records from topic: mbta_predictions
[2025-04-21T03:56:52.875+0000] {mbta_kafka_consumer.py:56} INFO - 🔍 Sample data for MBTA_PREDICTIONS:
[2025-04-21T03:56:52.877+0000] {mbta_kafka_consumer.py:57} INFO - 
                       PREDICTION_ID ROUTE_ID  ... STATUS                 CREATED_AT
0  prediction-68172375-70080-130-Red      Red  ...   None 2025-04-21 03:56:52.671335
1   prediction-68172521-70079-90-Red      Red  ...   None 2025-04-21 03:56:52.671349
2   prediction-68172522-70079-90-Red      Red  ...   None 2025-04-21 03:56:52.671357
3  prediction-68172376-70080-130-Red      Red  ...   None 2025-04-21 03:56:52.671360
4   prediction-68172523-70079-90-Red      Red  ...   None 2025-04-21 03:56:52.671377

[5 rows x 9 columns]
[2025-04-21T03:56:52.954+0000] {cursor.py:1028} INFO - query: [SELECT * FROM MBTA_PREDICTIONS WHERE PREDICTION_ID IN ('prediction-68172375-7008...]
[2025-04-21T03:56:54.715+0000] {cursor.py:1041} INFO - query execution done
[2025-04-21T03:56:54.931+0000] {cursor.py:1205} INFO - Number of results in first chunk: 20
[2025-04-21T03:56:55.306+0000] {mbta_kafka_consumer.py:104} INFO - 🔁 20 new/updated records out of 20 incoming records (some may be duplicate VEHICLE_IDs) for MBTA_PREDICTIONS
[2025-04-21T03:56:55.416+0000] {cursor.py:1028} INFO - query: [MERGE INTO MBTA_PREDICTIONS AS target USING (SELECT 'prediction-68172375-70080-1...]
[2025-04-21T03:56:57.178+0000] {cursor.py:1041} INFO - query execution done
[2025-04-21T03:56:57.184+0000] {cursor.py:1028} INFO - query: [MERGE INTO MBTA_PREDICTIONS AS target USING (SELECT 'prediction-68172521-70079-9...]
[2025-04-21T03:56:58.837+0000] {local_task_job_runner.py:121} ERROR - Received SIGTERM. Terminating subprocesses
