[2025-04-24T02:40:02.568+0000] {taskinstance.py:1956} INFO - Dependencies all met for dep_context=non-requeueable deps ti=<TaskInstance: mbta_kafka_consumer_dag.run_kafka_consumer scheduled__2025-04-24T02:35:00+00:00 [queued]>
[2025-04-24T02:40:02.575+0000] {taskinstance.py:1956} INFO - Dependencies all met for dep_context=requeueable deps ti=<TaskInstance: mbta_kafka_consumer_dag.run_kafka_consumer scheduled__2025-04-24T02:35:00+00:00 [queued]>
[2025-04-24T02:40:02.575+0000] {taskinstance.py:2170} INFO - Starting attempt 1 of 2
[2025-04-24T02:40:02.585+0000] {taskinstance.py:2191} INFO - Executing <Task(PythonOperator): run_kafka_consumer> on 2025-04-24 02:35:00+00:00
[2025-04-24T02:40:02.591+0000] {standard_task_runner.py:60} INFO - Started process 529 to run task
[2025-04-24T02:40:02.602+0000] {standard_task_runner.py:87} INFO - Running: ['***', 'tasks', 'run', 'mbta_kafka_consumer_dag', 'run_kafka_consumer', 'scheduled__2025-04-24T02:35:00+00:00', '--job-id', '864', '--raw', '--subdir', 'DAGS_FOLDER/mbta_kafka_consumer_dag.py', '--cfg-path', '/tmp/tmpprf0dh0i']
[2025-04-24T02:40:02.605+0000] {standard_task_runner.py:88} INFO - Job 864: Subtask run_kafka_consumer
[2025-04-24T02:40:02.661+0000] {task_command.py:423} INFO - Running <TaskInstance: mbta_kafka_consumer_dag.run_kafka_consumer scheduled__2025-04-24T02:35:00+00:00 [running]> on host 120454fa5f04
[2025-04-24T02:40:02.751+0000] {taskinstance.py:2480} INFO - Exporting env vars: AIRFLOW_CTX_DAG_OWNER='***' AIRFLOW_CTX_DAG_ID='mbta_kafka_consumer_dag' AIRFLOW_CTX_TASK_ID='run_kafka_consumer' AIRFLOW_CTX_EXECUTION_DATE='2025-04-24T02:35:00+00:00' AIRFLOW_CTX_TRY_NUMBER='1' AIRFLOW_CTX_DAG_RUN_ID='scheduled__2025-04-24T02:35:00+00:00'
[2025-04-24T02:40:02.757+0000] {connection.py:370} INFO - Snowflake Connector for Python Version: 3.6.0, Python Version: 3.9.18, Platform: Linux-6.10.14-linuxkit-aarch64-with-glibc2.36
[2025-04-24T02:40:02.759+0000] {connection.py:1171} INFO - This connection is in OCSP Fail Open Mode. TLS Certificates would be checked for validity and revocation status. Any other Certificate Revocation related exceptions or OCSP Responder failures would be disregarded in favor of connectivity.
[2025-04-24T02:40:03.503+0000] {mbta_kafka_consumer.py:52} INFO - ✅ Connected to Snowflake successfully.
[2025-04-24T02:40:03.504+0000] {mbta_kafka_consumer.py:267} INFO - 🚀 Starting MBTA Kafka Consumer...
[2025-04-24T02:40:03.506+0000] {conn.py:395} INFO - <BrokerConnection client_id=kafka-python-2.1.5, node_id=bootstrap-0 host=kafka:9092 <connecting> [IPv4 ('172.19.0.4', 9092)]>: connecting to kafka:9092 [('172.19.0.4', 9092) IPv4]
[2025-04-24T02:40:03.522+0000] {conn.py:615} INFO - <BrokerConnection client_id=kafka-python-2.1.5, node_id=bootstrap-0 host=kafka:9092 <checking_api_versions_recv> [IPv4 ('172.19.0.4', 9092)]>: Broker version identified as 2.6
[2025-04-24T02:40:03.523+0000] {conn.py:456} INFO - <BrokerConnection client_id=kafka-python-2.1.5, node_id=bootstrap-0 host=kafka:9092 <connected> [IPv4 ('172.19.0.4', 9092)]>: Connection complete.
[2025-04-24T02:40:03.528+0000] {consumer.py:119} WARNING - group_id is None: disabling auto-commit.
[2025-04-24T02:40:03.529+0000] {subscription_state.py:182} INFO - Updating subscribed topics to: ('mbta_alerts', 'mbta_routes', 'mbta_stops', 'mbta_vehicles', 'mbta_predictions', 'mbta_schedules', 'mbta_lines', 'mbta_facilities')
[2025-04-24T02:40:03.544+0000] {subscription_state.py:254} INFO - Updated partition assignment: [('mbta_predictions', 0), ('mbta_lines', 0), ('mbta_routes', 0), ('mbta_schedules', 0), ('mbta_vehicles', 0), ('mbta_alerts', 0), ('mbta_stops', 0), ('mbta_facilities', 0)]
[2025-04-24T02:40:03.546+0000] {conn.py:395} INFO - <BrokerConnection client_id=kafka-python-2.1.5, node_id=1 host=kafka:9092 <connecting> [IPv4 ('172.19.0.4', 9092)]>: connecting to kafka:9092 [('172.19.0.4', 9092) IPv4]
[2025-04-24T02:40:03.547+0000] {conn.py:456} INFO - <BrokerConnection client_id=kafka-python-2.1.5, node_id=1 host=kafka:9092 <connected> [IPv4 ('172.19.0.4', 9092)]>: Connection complete.
[2025-04-24T02:40:03.548+0000] {conn.py:936} INFO - <BrokerConnection client_id=kafka-python-2.1.5, node_id=bootstrap-0 host=kafka:9092 <connected> [IPv4 ('172.19.0.4', 9092)]>: Closing connection. 
[2025-04-24T02:40:05.156+0000] {mbta_kafka_consumer.py:281} INFO - 📥 Received 331 records from topic: mbta_predictions
[2025-04-24T02:40:05.167+0000] {mbta_kafka_consumer.py:62} INFO - 🔍 Sample data for MBTA_PREDICTIONS:
[2025-04-24T02:40:05.168+0000] {mbta_kafka_consumer.py:63} INFO - 
                                    PREDICTION_ID  ...                 CREATED_AT
0  prediction-ADDED-1582322998-Braintree-02-1-Red  ... 2025-04-24 02:40:05.157343
1         prediction-ADDED-1582322974-70061-1-Red  ... 2025-04-24 02:40:05.157352
2         prediction-ADDED-1582322951-70061-1-Red  ... 2025-04-24 02:40:05.157357
3                 prediction-67995123-70061-1-Red  ... 2025-04-24 02:40:05.157365
4                 prediction-67995117-70061-1-Red  ... 2025-04-24 02:40:05.157372

[5 rows x 9 columns]
[2025-04-24T02:40:05.182+0000] {cursor.py:1028} INFO - query: [SELECT * FROM MBTA_PREDICTIONS WHERE PREDICTION_ID IN ('prediction-ADDED-1582322...]
[2025-04-24T02:40:05.657+0000] {cursor.py:1041} INFO - query execution done
[2025-04-24T02:40:05.658+0000] {cursor.py:1205} INFO - Number of results in first chunk: 331
[2025-04-24T02:40:05.701+0000] {mbta_kafka_consumer.py:112} INFO - 🔁 331 new/updated records out of 331 incoming records (some may be duplicates) for MBTA_PREDICTIONS
[2025-04-24T02:40:05.702+0000] {cursor.py:1028} INFO - query: [MERGE INTO MBTA_PREDICTIONS AS target USING (SELECT 'prediction-ADDED-1582322998...]
[2025-04-24T02:40:08.184+0000] {cursor.py:1041} INFO - query execution done
[2025-04-24T02:40:08.189+0000] {cursor.py:1028} INFO - query: [MERGE INTO MBTA_PREDICTIONS AS target USING (SELECT 'prediction-ADDED-1582322974...]
[2025-04-24T02:40:11.344+0000] {cursor.py:1041} INFO - query execution done
[2025-04-24T02:40:11.348+0000] {cursor.py:1028} INFO - query: [MERGE INTO MBTA_PREDICTIONS AS target USING (SELECT 'prediction-ADDED-1582322951...]
[2025-04-24T02:40:14.580+0000] {cursor.py:1041} INFO - query execution done
[2025-04-24T02:40:14.587+0000] {cursor.py:1028} INFO - query: [MERGE INTO MBTA_PREDICTIONS AS target USING (SELECT 'prediction-67995123-70061-1...]
[2025-04-24T02:40:17.625+0000] {cursor.py:1041} INFO - query execution done
[2025-04-24T02:40:17.629+0000] {cursor.py:1028} INFO - query: [MERGE INTO MBTA_PREDICTIONS AS target USING (SELECT 'prediction-67995117-70061-1...]
[2025-04-24T02:40:20.409+0000] {cursor.py:1041} INFO - query execution done
[2025-04-24T02:40:20.412+0000] {cursor.py:1028} INFO - query: [MERGE INTO MBTA_PREDICTIONS AS target USING (SELECT 'prediction-67995109-70061-1...]
[2025-04-24T02:40:23.944+0000] {cursor.py:1041} INFO - query execution done
[2025-04-24T02:40:23.945+0000] {cursor.py:1028} INFO - query: [MERGE INTO MBTA_PREDICTIONS AS target USING (SELECT 'prediction-67995104-70105-1...]
[2025-04-24T02:40:26.872+0000] {cursor.py:1041} INFO - query execution done
[2025-04-24T02:40:26.877+0000] {cursor.py:1028} INFO - query: [MERGE INTO MBTA_PREDICTIONS AS target USING (SELECT 'prediction-67995100-70105-1...]
[2025-04-24T02:40:29.655+0000] {cursor.py:1041} INFO - query execution done
[2025-04-24T02:40:29.663+0000] {cursor.py:1028} INFO - query: [MERGE INTO MBTA_PREDICTIONS AS target USING (SELECT 'prediction-67995096-70105-1...]
[2025-04-24T02:40:32.347+0000] {cursor.py:1041} INFO - query execution done
[2025-04-24T02:40:32.351+0000] {cursor.py:1028} INFO - query: [MERGE INTO MBTA_PREDICTIONS AS target USING (SELECT 'prediction-67995092-70105-1...]
[2025-04-24T02:40:35.389+0000] {cursor.py:1041} INFO - query execution done
[2025-04-24T02:40:35.390+0000] {cursor.py:1028} INFO - query: [MERGE INTO MBTA_PREDICTIONS AS target USING (SELECT 'prediction-67995088-70105-1...]
[2025-04-24T02:40:38.190+0000] {cursor.py:1041} INFO - query execution done
[2025-04-24T02:40:38.200+0000] {cursor.py:1028} INFO - query: [MERGE INTO MBTA_PREDICTIONS AS target USING (SELECT 'prediction-67995084-70105-1...]
[2025-04-24T02:40:41.304+0000] {cursor.py:1041} INFO - query execution done
[2025-04-24T02:40:41.307+0000] {cursor.py:1028} INFO - query: [MERGE INTO MBTA_PREDICTIONS AS target USING (SELECT 'prediction-67995077-Braintr...]
[2025-04-24T02:40:44.297+0000] {cursor.py:1041} INFO - query execution done
[2025-04-24T02:40:44.299+0000] {cursor.py:1028} INFO - query: [MERGE INTO MBTA_PREDICTIONS AS target USING (SELECT 'prediction-67995095-70073-6...]
[2025-04-24T02:40:48.171+0000] {cursor.py:1041} INFO - query execution done
[2025-04-24T02:40:48.175+0000] {cursor.py:1028} INFO - query: [MERGE INTO MBTA_PREDICTIONS AS target USING (SELECT 'prediction-ADDED-1582322999...]
[2025-04-24T02:40:51.731+0000] {cursor.py:1041} INFO - query execution done
[2025-04-24T02:40:51.739+0000] {cursor.py:1028} INFO - query: [MERGE INTO MBTA_PREDICTIONS AS target USING (SELECT 'prediction-ADDED-1582322986...]
[2025-04-24T02:40:56.026+0000] {cursor.py:1041} INFO - query execution done
[2025-04-24T02:40:56.030+0000] {cursor.py:1028} INFO - query: [MERGE INTO MBTA_PREDICTIONS AS target USING (SELECT 'prediction-67995091-70079-9...]
[2025-04-24T02:40:59.272+0000] {cursor.py:1041} INFO - query execution done
[2025-04-24T02:40:59.274+0000] {cursor.py:1028} INFO - query: [MERGE INTO MBTA_PREDICTIONS AS target USING (SELECT 'prediction-ADDED-1582322940...]
[2025-04-24T02:41:02.990+0000] {cursor.py:1041} INFO - query execution done
[2025-04-24T02:41:02.996+0000] {cursor.py:1028} INFO - query: [MERGE INTO MBTA_PREDICTIONS AS target USING (SELECT 'prediction-ADDED-1582322973...]
[2025-04-24T02:41:06.026+0000] {cursor.py:1041} INFO - query execution done
[2025-04-24T02:41:06.037+0000] {cursor.py:1028} INFO - query: [MERGE INTO MBTA_PREDICTIONS AS target USING (SELECT 'prediction-67995099-70071-5...]
[2025-04-24T02:41:09.337+0000] {cursor.py:1041} INFO - query execution done
[2025-04-24T02:41:09.342+0000] {cursor.py:1028} INFO - query: [MERGE INTO MBTA_PREDICTIONS AS target USING (SELECT 'prediction-67995081-70103-2...]
[2025-04-24T02:41:12.676+0000] {cursor.py:1041} INFO - query execution done
[2025-04-24T02:41:12.681+0000] {cursor.py:1028} INFO - query: [MERGE INTO MBTA_PREDICTIONS AS target USING (SELECT 'prediction-67995095-70075-7...]
[2025-04-24T02:41:16.957+0000] {cursor.py:1041} INFO - query execution done
[2025-04-24T02:41:16.969+0000] {cursor.py:1028} INFO - query: [MERGE INTO MBTA_PREDICTIONS AS target USING (SELECT 'prediction-67995103-70063-1...]
[2025-04-24T02:41:20.577+0000] {cursor.py:1041} INFO - query execution done
[2025-04-24T02:41:20.588+0000] {cursor.py:1028} INFO - query: [MERGE INTO MBTA_PREDICTIONS AS target USING (SELECT 'prediction-ADDED-1582322950...]
[2025-04-24T02:41:24.839+0000] {cursor.py:1041} INFO - query execution done
[2025-04-24T02:41:24.842+0000] {cursor.py:1028} INFO - query: [MERGE INTO MBTA_PREDICTIONS AS target USING (SELECT 'prediction-ADDED-1582322915...]
[2025-04-24T02:41:28.601+0000] {cursor.py:1041} INFO - query execution done
[2025-04-24T02:41:28.606+0000] {cursor.py:1028} INFO - query: [MERGE INTO MBTA_PREDICTIONS AS target USING (SELECT 'prediction-67995091-70081-1...]
[2025-04-24T02:41:32.244+0000] {cursor.py:1041} INFO - query execution done
[2025-04-24T02:41:32.249+0000] {cursor.py:1028} INFO - query: [MERGE INTO MBTA_PREDICTIONS AS target USING (SELECT 'prediction-ADDED-1582322940...]
[2025-04-24T02:41:35.442+0000] {cursor.py:1041} INFO - query execution done
[2025-04-24T02:41:35.445+0000] {cursor.py:1028} INFO - query: [MERGE INTO MBTA_PREDICTIONS AS target USING (SELECT 'prediction-ADDED-1582322999...]
[2025-04-24T02:41:38.945+0000] {cursor.py:1041} INFO - query execution done
[2025-04-24T02:41:38.949+0000] {cursor.py:1028} INFO - query: [MERGE INTO MBTA_PREDICTIONS AS target USING (SELECT 'prediction-67995099-70073-6...]
[2025-04-24T02:41:42.201+0000] {cursor.py:1041} INFO - query execution done
[2025-04-24T02:41:42.206+0000] {cursor.py:1028} INFO - query: [MERGE INTO MBTA_PREDICTIONS AS target USING (SELECT 'prediction-67995095-70077-8...]
[2025-04-24T02:41:46.101+0000] {cursor.py:1041} INFO - query execution done
[2025-04-24T02:41:46.107+0000] {cursor.py:1028} INFO - query: [MERGE INTO MBTA_PREDICTIONS AS target USING (SELECT 'prediction-ADDED-1582322973...]
[2025-04-24T02:41:49.973+0000] {cursor.py:1041} INFO - query execution done
[2025-04-24T02:41:49.977+0000] {cursor.py:1028} INFO - query: [MERGE INTO MBTA_PREDICTIONS AS target USING (SELECT 'prediction-67995103-70065-2...]
[2025-04-24T02:41:53.389+0000] {cursor.py:1041} INFO - query execution done
[2025-04-24T02:41:53.392+0000] {cursor.py:1028} INFO - query: [MERGE INTO MBTA_PREDICTIONS AS target USING (SELECT 'prediction-ADDED-1582322973...]
[2025-04-24T02:41:56.684+0000] {cursor.py:1041} INFO - query execution done
[2025-04-24T02:41:56.690+0000] {cursor.py:1028} INFO - query: [MERGE INTO MBTA_PREDICTIONS AS target USING (SELECT 'prediction-67995095-70079-9...]
[2025-04-24T02:42:00.009+0000] {cursor.py:1041} INFO - query execution done
[2025-04-24T02:42:00.015+0000] {cursor.py:1028} INFO - query: [MERGE INTO MBTA_PREDICTIONS AS target USING (SELECT 'prediction-67995099-70075-7...]
[2025-04-24T02:42:03.635+0000] {cursor.py:1041} INFO - query execution done
[2025-04-24T02:42:03.646+0000] {cursor.py:1028} INFO - query: [MERGE INTO MBTA_PREDICTIONS AS target USING (SELECT 'prediction-67995083-70099-1...]
[2025-04-24T02:42:06.963+0000] {cursor.py:1041} INFO - query execution done
[2025-04-24T02:42:06.965+0000] {cursor.py:1028} INFO - query: [MERGE INTO MBTA_PREDICTIONS AS target USING (SELECT 'prediction-ADDED-1582322940...]
[2025-04-24T02:42:10.084+0000] {cursor.py:1041} INFO - query execution done
[2025-04-24T02:42:10.088+0000] {cursor.py:1028} INFO - query: [MERGE INTO MBTA_PREDICTIONS AS target USING (SELECT 'prediction-67995091-70083-1...]
[2025-04-24T02:42:12.892+0000] {cursor.py:1041} INFO - query execution done
[2025-04-24T02:42:12.893+0000] {cursor.py:1028} INFO - query: [MERGE INTO MBTA_PREDICTIONS AS target USING (SELECT 'prediction-67995087-70097-1...]
[2025-04-24T02:42:15.861+0000] {cursor.py:1041} INFO - query execution done
[2025-04-24T02:42:15.878+0000] {cursor.py:1028} INFO - query: [MERGE INTO MBTA_PREDICTIONS AS target USING (SELECT 'prediction-ADDED-1582322999...]
[2025-04-24T02:42:19.222+0000] {cursor.py:1041} INFO - query execution done
[2025-04-24T02:42:19.225+0000] {cursor.py:1028} INFO - query: [MERGE INTO MBTA_PREDICTIONS AS target USING (SELECT 'prediction-ADDED-1582322973...]
[2025-04-24T02:42:22.474+0000] {cursor.py:1041} INFO - query execution done
[2025-04-24T02:42:22.476+0000] {cursor.py:1028} INFO - query: [MERGE INTO MBTA_PREDICTIONS AS target USING (SELECT 'prediction-67995103-70067-3...]
[2025-04-24T02:42:25.546+0000] {cursor.py:1041} INFO - query execution done
[2025-04-24T02:42:25.556+0000] {cursor.py:1028} INFO - query: [MERGE INTO MBTA_PREDICTIONS AS target USING (SELECT 'prediction-67995099-70077-8...]
[2025-04-24T02:42:28.518+0000] {cursor.py:1041} INFO - query execution done
[2025-04-24T02:42:28.522+0000] {cursor.py:1028} INFO - query: [MERGE INTO MBTA_PREDICTIONS AS target USING (SELECT 'prediction-ADDED-1582322986...]
[2025-04-24T02:42:31.585+0000] {cursor.py:1041} INFO - query execution done
[2025-04-24T02:42:31.588+0000] {cursor.py:1028} INFO - query: [MERGE INTO MBTA_PREDICTIONS AS target USING (SELECT 'prediction-67995095-70081-1...]
[2025-04-24T02:42:35.096+0000] {cursor.py:1041} INFO - query execution done
[2025-04-24T02:42:35.105+0000] {cursor.py:1028} INFO - query: [MERGE INTO MBTA_PREDICTIONS AS target USING (SELECT 'prediction-67995083-70101-2...]
[2025-04-24T02:42:38.041+0000] {cursor.py:1041} INFO - query execution done
[2025-04-24T02:42:38.048+0000] {cursor.py:1028} INFO - query: [MERGE INTO MBTA_PREDICTIONS AS target USING (SELECT 'prediction-67995081-70105-2...]
[2025-04-24T02:42:41.655+0000] {cursor.py:1041} INFO - query execution done
[2025-04-24T02:42:41.658+0000] {cursor.py:1028} INFO - query: [MERGE INTO MBTA_PREDICTIONS AS target USING (SELECT 'prediction-67995091-70095-1...]
[2025-04-24T02:42:44.256+0000] {cursor.py:1041} INFO - query execution done
[2025-04-24T02:42:44.260+0000] {cursor.py:1028} INFO - query: [MERGE INTO MBTA_PREDICTIONS AS target USING (SELECT 'prediction-ADDED-1582322999...]
[2025-04-24T02:42:47.593+0000] {cursor.py:1041} INFO - query execution done
[2025-04-24T02:42:47.606+0000] {cursor.py:1028} INFO - query: [MERGE INTO MBTA_PREDICTIONS AS target USING (SELECT 'prediction-67995099-70079-9...]
[2025-04-24T02:42:50.596+0000] {cursor.py:1041} INFO - query execution done
[2025-04-24T02:42:50.603+0000] {cursor.py:1028} INFO - query: [MERGE INTO MBTA_PREDICTIONS AS target USING (SELECT 'prediction-ADDED-1582322973...]
[2025-04-24T02:42:53.772+0000] {cursor.py:1041} INFO - query execution done
[2025-04-24T02:42:53.776+0000] {cursor.py:1028} INFO - query: [MERGE INTO MBTA_PREDICTIONS AS target USING (SELECT 'prediction-ADDED-1582322951...]
[2025-04-24T02:42:56.368+0000] {cursor.py:1041} INFO - query execution done
[2025-04-24T02:42:56.374+0000] {cursor.py:1028} INFO - query: [MERGE INTO MBTA_PREDICTIONS AS target USING (SELECT 'prediction-ADDED-1582322940...]
[2025-04-24T02:42:59.037+0000] {cursor.py:1041} INFO - query execution done
[2025-04-24T02:42:59.041+0000] {cursor.py:1028} INFO - query: [MERGE INTO MBTA_PREDICTIONS AS target USING (SELECT 'prediction-67995095-70083-1...]
[2025-04-24T02:43:01.774+0000] {cursor.py:1041} INFO - query execution done
[2025-04-24T02:43:01.780+0000] {cursor.py:1028} INFO - query: [MERGE INTO MBTA_PREDICTIONS AS target USING (SELECT 'prediction-ADDED-1582322998...]
[2025-04-24T02:43:04.796+0000] {cursor.py:1041} INFO - query execution done
[2025-04-24T02:43:04.802+0000] {cursor.py:1028} INFO - query: [MERGE INTO MBTA_PREDICTIONS AS target USING (SELECT 'prediction-67995103-70069-4...]
[2025-04-24T02:43:07.730+0000] {cursor.py:1041} INFO - query execution done
[2025-04-24T02:43:07.734+0000] {cursor.py:1028} INFO - query: [MERGE INTO MBTA_PREDICTIONS AS target USING (SELECT 'prediction-ADDED-1582322986...]
[2025-04-24T02:43:10.370+0000] {cursor.py:1041} INFO - query execution done
[2025-04-24T02:43:10.375+0000] {cursor.py:1028} INFO - query: [MERGE INTO MBTA_PREDICTIONS AS target USING (SELECT 'prediction-ADDED-1582322973...]
[2025-04-24T02:43:13.027+0000] {cursor.py:1041} INFO - query execution done
[2025-04-24T02:43:13.030+0000] {cursor.py:1028} INFO - query: [MERGE INTO MBTA_PREDICTIONS AS target USING (SELECT 'prediction-67995083-70103-2...]
[2025-04-24T02:43:15.734+0000] {cursor.py:1041} INFO - query execution done
[2025-04-24T02:43:15.744+0000] {cursor.py:1028} INFO - query: [MERGE INTO MBTA_PREDICTIONS AS target USING (SELECT 'prediction-67995099-70081-1...]
[2025-04-24T02:43:18.605+0000] {cursor.py:1041} INFO - query execution done
[2025-04-24T02:43:18.619+0000] {cursor.py:1028} INFO - query: [MERGE INTO MBTA_PREDICTIONS AS target USING (SELECT 'prediction-ADDED-1582322951...]
[2025-04-24T02:43:21.340+0000] {cursor.py:1041} INFO - query execution done
[2025-04-24T02:43:21.343+0000] {cursor.py:1028} INFO - query: [MERGE INTO MBTA_PREDICTIONS AS target USING (SELECT 'prediction-ADDED-1582322940...]
[2025-04-24T02:43:23.896+0000] {cursor.py:1041} INFO - query execution done
[2025-04-24T02:43:23.898+0000] {cursor.py:1028} INFO - query: [MERGE INTO MBTA_PREDICTIONS AS target USING (SELECT 'prediction-67995087-70099-1...]
[2025-04-24T02:43:26.747+0000] {cursor.py:1041} INFO - query execution done
[2025-04-24T02:43:26.751+0000] {cursor.py:1028} INFO - query: [MERGE INTO MBTA_PREDICTIONS AS target USING (SELECT 'prediction-67995095-70095-1...]
[2025-04-24T02:43:29.706+0000] {cursor.py:1041} INFO - query execution done
[2025-04-24T02:43:29.711+0000] {cursor.py:1028} INFO - query: [MERGE INTO MBTA_PREDICTIONS AS target USING (SELECT 'prediction-67995103-70071-5...]
[2025-04-24T02:43:32.862+0000] {cursor.py:1041} INFO - query execution done
[2025-04-24T02:43:32.864+0000] {cursor.py:1028} INFO - query: [MERGE INTO MBTA_PREDICTIONS AS target USING (SELECT 'prediction-ADDED-1582322986...]
[2025-04-24T02:43:35.757+0000] {cursor.py:1041} INFO - query execution done
[2025-04-24T02:43:35.761+0000] {cursor.py:1028} INFO - query: [MERGE INTO MBTA_PREDICTIONS AS target USING (SELECT 'prediction-ADDED-1582322973...]
[2025-04-24T02:43:38.803+0000] {cursor.py:1041} INFO - query execution done
[2025-04-24T02:43:38.806+0000] {cursor.py:1028} INFO - query: [MERGE INTO MBTA_PREDICTIONS AS target USING (SELECT 'prediction-ADDED-1582322998...]
[2025-04-24T02:43:41.570+0000] {cursor.py:1041} INFO - query execution done
[2025-04-24T02:43:41.577+0000] {cursor.py:1028} INFO - query: [MERGE INTO MBTA_PREDICTIONS AS target USING (SELECT 'prediction-67995099-70083-1...]
[2025-04-24T02:43:44.296+0000] {cursor.py:1041} INFO - query execution done
[2025-04-24T02:43:44.301+0000] {cursor.py:1028} INFO - query: [MERGE INTO MBTA_PREDICTIONS AS target USING (SELECT 'prediction-ADDED-1582322951...]
[2025-04-24T02:43:47.109+0000] {cursor.py:1041} INFO - query execution done
[2025-04-24T02:43:47.114+0000] {cursor.py:1028} INFO - query: [MERGE INTO MBTA_PREDICTIONS AS target USING (SELECT 'prediction-ADDED-1582322940...]
[2025-04-24T02:43:49.856+0000] {cursor.py:1041} INFO - query execution done
[2025-04-24T02:43:49.868+0000] {cursor.py:1028} INFO - query: [MERGE INTO MBTA_PREDICTIONS AS target USING (SELECT 'prediction-67995087-70101-2...]
[2025-04-24T02:43:52.054+0000] {cursor.py:1041} INFO - query execution done
[2025-04-24T02:43:52.060+0000] {cursor.py:1028} INFO - query: [MERGE INTO MBTA_PREDICTIONS AS target USING (SELECT 'prediction-67995103-70073-6...]
[2025-04-24T02:43:54.401+0000] {cursor.py:1041} INFO - query execution done
[2025-04-24T02:43:54.403+0000] {cursor.py:1028} INFO - query: [MERGE INTO MBTA_PREDICTIONS AS target USING (SELECT 'prediction-ADDED-1582322999...]
[2025-04-24T02:43:57.107+0000] {cursor.py:1041} INFO - query execution done
[2025-04-24T02:43:57.118+0000] {cursor.py:1028} INFO - query: [MERGE INTO MBTA_PREDICTIONS AS target USING (SELECT 'prediction-ADDED-1582322986...]
[2025-04-24T02:43:59.670+0000] {cursor.py:1041} INFO - query execution done
[2025-04-24T02:43:59.674+0000] {cursor.py:1028} INFO - query: [MERGE INTO MBTA_PREDICTIONS AS target USING (SELECT 'prediction-67995091-70097-1...]
[2025-04-24T02:44:02.414+0000] {cursor.py:1041} INFO - query execution done
[2025-04-24T02:44:02.416+0000] {cursor.py:1028} INFO - query: [MERGE INTO MBTA_PREDICTIONS AS target USING (SELECT 'prediction-67995099-70095-1...]
[2025-04-24T02:44:06.019+0000] {cursor.py:1041} INFO - query execution done
[2025-04-24T02:44:06.022+0000] {cursor.py:1028} INFO - query: [MERGE INTO MBTA_PREDICTIONS AS target USING (SELECT 'prediction-ADDED-1582322998...]
[2025-04-24T02:44:08.658+0000] {cursor.py:1041} INFO - query execution done
[2025-04-24T02:44:08.658+0000] {cursor.py:1028} INFO - query: [MERGE INTO MBTA_PREDICTIONS AS target USING (SELECT 'prediction-ADDED-1582322986...]
[2025-04-24T02:44:12.056+0000] {cursor.py:1041} INFO - query execution done
[2025-04-24T02:44:12.071+0000] {cursor.py:1028} INFO - query: [MERGE INTO MBTA_PREDICTIONS AS target USING (SELECT 'prediction-67995103-70075-7...]
[2025-04-24T02:44:15.526+0000] {cursor.py:1041} INFO - query execution done
[2025-04-24T02:44:15.539+0000] {cursor.py:1028} INFO - query: [MERGE INTO MBTA_PREDICTIONS AS target USING (SELECT 'prediction-ADDED-1582322973...]
[2025-04-24T02:44:18.160+0000] {cursor.py:1041} INFO - query execution done
[2025-04-24T02:44:18.165+0000] {cursor.py:1028} INFO - query: [MERGE INTO MBTA_PREDICTIONS AS target USING (SELECT 'prediction-ADDED-1582322940...]
[2025-04-24T02:44:20.900+0000] {cursor.py:1041} INFO - query execution done
[2025-04-24T02:44:20.911+0000] {cursor.py:1028} INFO - query: [MERGE INTO MBTA_PREDICTIONS AS target USING (SELECT 'prediction-ADDED-1582322951...]
[2025-04-24T02:44:23.406+0000] {cursor.py:1041} INFO - query execution done
[2025-04-24T02:44:23.407+0000] {cursor.py:1028} INFO - query: [MERGE INTO MBTA_PREDICTIONS AS target USING (SELECT 'prediction-67995083-70105-2...]
[2025-04-24T02:44:25.808+0000] {cursor.py:1041} INFO - query execution done
[2025-04-24T02:44:25.816+0000] {cursor.py:1028} INFO - query: [MERGE INTO MBTA_PREDICTIONS AS target USING (SELECT 'prediction-67995087-70103-2...]
[2025-04-24T02:44:28.438+0000] {cursor.py:1041} INFO - query execution done
[2025-04-24T02:44:28.441+0000] {cursor.py:1028} INFO - query: [MERGE INTO MBTA_PREDICTIONS AS target USING (SELECT 'prediction-ADDED-1582322999...]
[2025-04-24T02:44:31.085+0000] {cursor.py:1041} INFO - query execution done
[2025-04-24T02:44:31.087+0000] {cursor.py:1028} INFO - query: [MERGE INTO MBTA_PREDICTIONS AS target USING (SELECT 'prediction-ADDED-1582322998...]
[2025-04-24T02:44:33.665+0000] {cursor.py:1041} INFO - query execution done
[2025-04-24T02:44:33.668+0000] {cursor.py:1028} INFO - query: [MERGE INTO MBTA_PREDICTIONS AS target USING (SELECT 'prediction-ADDED-1582322986...]
[2025-04-24T02:44:36.380+0000] {cursor.py:1041} INFO - query execution done
[2025-04-24T02:44:36.383+0000] {cursor.py:1028} INFO - query: [MERGE INTO MBTA_PREDICTIONS AS target USING (SELECT 'prediction-67995103-70077-8...]
[2025-04-24T02:44:39.080+0000] {cursor.py:1041} INFO - query execution done
[2025-04-24T02:44:39.085+0000] {cursor.py:1028} INFO - query: [MERGE INTO MBTA_PREDICTIONS AS target USING (SELECT 'prediction-ADDED-1582322973...]
[2025-04-24T02:44:41.781+0000] {cursor.py:1041} INFO - query execution done
[2025-04-24T02:44:41.782+0000] {cursor.py:1028} INFO - query: [MERGE INTO MBTA_PREDICTIONS AS target USING (SELECT 'prediction-ADDED-1582322951...]
[2025-04-24T02:44:44.752+0000] {cursor.py:1041} INFO - query execution done
[2025-04-24T02:44:44.753+0000] {cursor.py:1028} INFO - query: [MERGE INTO MBTA_PREDICTIONS AS target USING (SELECT 'prediction-67995095-70097-1...]
[2025-04-24T02:44:47.483+0000] {cursor.py:1041} INFO - query execution done
[2025-04-24T02:44:47.486+0000] {cursor.py:1028} INFO - query: [MERGE INTO MBTA_PREDICTIONS AS target USING (SELECT 'prediction-67995103-70079-9...]
[2025-04-24T02:44:50.284+0000] {cursor.py:1041} INFO - query execution done
[2025-04-24T02:44:50.291+0000] {cursor.py:1028} INFO - query: [MERGE INTO MBTA_PREDICTIONS AS target USING (SELECT 'prediction-ADDED-1582322986...]
[2025-04-24T02:44:52.901+0000] {cursor.py:1041} INFO - query execution done
[2025-04-24T02:44:52.906+0000] {cursor.py:1028} INFO - query: [MERGE INTO MBTA_PREDICTIONS AS target USING (SELECT 'prediction-ADDED-1582322999...]
[2025-04-24T02:44:55.491+0000] {cursor.py:1041} INFO - query execution done
[2025-04-24T02:44:55.498+0000] {cursor.py:1028} INFO - query: [MERGE INTO MBTA_PREDICTIONS AS target USING (SELECT 'prediction-67995091-70099-1...]
[2025-04-24T02:44:58.696+0000] {cursor.py:1041} INFO - query execution done
[2025-04-24T02:44:58.700+0000] {cursor.py:1028} INFO - query: [MERGE INTO MBTA_PREDICTIONS AS target USING (SELECT 'prediction-ADDED-1582322973...]
[2025-04-24T02:45:01.471+0000] {cursor.py:1041} INFO - query execution done
[2025-04-24T02:45:01.628+0000] {cursor.py:1028} INFO - query: [MERGE INTO MBTA_PREDICTIONS AS target USING (SELECT 'prediction-ADDED-1582322951...]
[2025-04-24T02:45:04.074+0000] {cursor.py:1041} INFO - query execution done
[2025-04-24T02:45:04.083+0000] {cursor.py:1028} INFO - query: [MERGE INTO MBTA_PREDICTIONS AS target USING (SELECT 'prediction-67995103-70081-1...]
[2025-04-24T02:45:07.125+0000] {cursor.py:1041} INFO - query execution done
[2025-04-24T02:45:07.136+0000] {cursor.py:1028} INFO - query: [MERGE INTO MBTA_PREDICTIONS AS target USING (SELECT 'prediction-ADDED-1582322986...]
[2025-04-24T02:45:09.714+0000] {cursor.py:1041} INFO - query execution done
[2025-04-24T02:45:09.721+0000] {cursor.py:1028} INFO - query: [MERGE INTO MBTA_PREDICTIONS AS target USING (SELECT 'prediction-ADDED-1582322999...]
[2025-04-24T02:45:12.139+0000] {cursor.py:1041} INFO - query execution done
[2025-04-24T02:45:12.150+0000] {cursor.py:1028} INFO - query: [MERGE INTO MBTA_PREDICTIONS AS target USING (SELECT 'prediction-67995099-70097-1...]
[2025-04-24T02:45:14.883+0000] {cursor.py:1041} INFO - query execution done
[2025-04-24T02:45:14.916+0000] {cursor.py:1028} INFO - query: [MERGE INTO MBTA_PREDICTIONS AS target USING (SELECT 'prediction-67995091-70101-2...]
[2025-04-24T02:45:18.556+0000] {cursor.py:1041} INFO - query execution done
[2025-04-24T02:45:18.568+0000] {cursor.py:1028} INFO - query: [MERGE INTO MBTA_PREDICTIONS AS target USING (SELECT 'prediction-67995084-70104-1...]
[2025-04-24T02:45:21.957+0000] {cursor.py:1041} INFO - query execution done
[2025-04-24T02:45:21.987+0000] {cursor.py:1028} INFO - query: [MERGE INTO MBTA_PREDICTIONS AS target USING (SELECT 'prediction-ADDED-1582322951...]
[2025-04-24T02:45:25.198+0000] {cursor.py:1041} INFO - query execution done
[2025-04-24T02:45:25.202+0000] {cursor.py:1028} INFO - query: [MERGE INTO MBTA_PREDICTIONS AS target USING (SELECT 'prediction-67995087-70105-2...]
[2025-04-24T02:45:28.887+0000] {cursor.py:1041} INFO - query execution done
[2025-04-24T02:45:28.917+0000] {cursor.py:1028} INFO - query: [MERGE INTO MBTA_PREDICTIONS AS target USING (SELECT 'prediction-ADDED-1582322999...]
[2025-04-24T02:45:32.327+0000] {cursor.py:1041} INFO - query execution done
[2025-04-24T02:45:32.333+0000] {cursor.py:1028} INFO - query: [MERGE INTO MBTA_PREDICTIONS AS target USING (SELECT 'prediction-ADDED-1582322986...]
[2025-04-24T02:45:36.632+0000] {cursor.py:1041} INFO - query execution done
[2025-04-24T02:45:36.637+0000] {cursor.py:1028} INFO - query: [MERGE INTO MBTA_PREDICTIONS AS target USING (SELECT 'prediction-ADDED-1582322973...]
[2025-04-24T02:45:41.000+0000] {cursor.py:1041} INFO - query execution done
[2025-04-24T02:45:41.318+0000] {cursor.py:1028} INFO - query: [MERGE INTO MBTA_PREDICTIONS AS target USING (SELECT 'prediction-ADDED-1582322998...]
[2025-04-24T02:45:46.586+0000] {cursor.py:1041} INFO - query execution done
[2025-04-24T02:45:46.637+0000] {cursor.py:1028} INFO - query: [MERGE INTO MBTA_PREDICTIONS AS target USING (SELECT 'prediction-67995103-70083-1...]
[2025-04-24T02:45:50.465+0000] {cursor.py:1041} INFO - query execution done
[2025-04-24T02:45:50.506+0000] {cursor.py:1028} INFO - query: [MERGE INTO MBTA_PREDICTIONS AS target USING (SELECT 'prediction-ADDED-1582322951...]
[2025-04-24T02:45:53.736+0000] {cursor.py:1041} INFO - query execution done
[2025-04-24T02:45:53.765+0000] {cursor.py:1028} INFO - query: [MERGE INTO MBTA_PREDICTIONS AS target USING (SELECT 'prediction-ADDED-1582322999...]
[2025-04-24T02:45:58.551+0000] {cursor.py:1041} INFO - query execution done
[2025-04-24T02:45:59.206+0000] {cursor.py:1028} INFO - query: [MERGE INTO MBTA_PREDICTIONS AS target USING (SELECT 'prediction-67995095-70099-1...]
[2025-04-24T02:46:03.708+0000] {cursor.py:1041} INFO - query execution done
[2025-04-24T02:46:03.746+0000] {cursor.py:1028} INFO - query: [MERGE INTO MBTA_PREDICTIONS AS target USING (SELECT 'prediction-67995091-70103-2...]
[2025-04-24T02:46:05.189+0000] {cursor.py:1041} INFO - query execution done
[2025-04-24T02:46:05.196+0000] {cursor.py:1028} INFO - query: [MERGE INTO MBTA_PREDICTIONS AS target USING (SELECT 'prediction-67995084-70102-2...]
[2025-04-24T02:46:08.957+0000] {cursor.py:1041} INFO - query execution done
[2025-04-24T02:46:08.960+0000] {cursor.py:1028} INFO - query: [MERGE INTO MBTA_PREDICTIONS AS target USING (SELECT 'prediction-ADDED-1582322951...]
[2025-04-24T02:46:12.688+0000] {cursor.py:1041} INFO - query execution done
[2025-04-24T02:46:12.691+0000] {cursor.py:1028} INFO - query: [MERGE INTO MBTA_PREDICTIONS AS target USING (SELECT 'prediction-67995103-70095-1...]
[2025-04-24T02:46:16.426+0000] {cursor.py:1041} INFO - query execution done
[2025-04-24T02:46:16.433+0000] {cursor.py:1028} INFO - query: [MERGE INTO MBTA_PREDICTIONS AS target USING (SELECT 'prediction-ADDED-1582322999...]
[2025-04-24T02:46:20.142+0000] {cursor.py:1041} INFO - query execution done
[2025-04-24T02:46:20.152+0000] {cursor.py:1028} INFO - query: [MERGE INTO MBTA_PREDICTIONS AS target USING (SELECT 'prediction-ADDED-1582322998...]
[2025-04-24T02:46:24.002+0000] {cursor.py:1041} INFO - query execution done
[2025-04-24T02:46:24.006+0000] {cursor.py:1028} INFO - query: [MERGE INTO MBTA_PREDICTIONS AS target USING (SELECT 'prediction-67995095-70101-2...]
[2025-04-24T02:46:27.756+0000] {cursor.py:1041} INFO - query execution done
[2025-04-24T02:46:27.757+0000] {cursor.py:1028} INFO - query: [MERGE INTO MBTA_PREDICTIONS AS target USING (SELECT 'prediction-ADDED-1582322986...]
[2025-04-24T02:46:31.882+0000] {cursor.py:1041} INFO - query execution done
[2025-04-24T02:46:31.887+0000] {cursor.py:1028} INFO - query: [MERGE INTO MBTA_PREDICTIONS AS target USING (SELECT 'prediction-67995099-70099-1...]
[2025-04-24T02:46:35.852+0000] {cursor.py:1041} INFO - query execution done
[2025-04-24T02:46:35.855+0000] {cursor.py:1028} INFO - query: [MERGE INTO MBTA_PREDICTIONS AS target USING (SELECT 'prediction-68012243-70093-1...]
[2025-04-24T02:46:39.921+0000] {cursor.py:1041} INFO - query execution done
[2025-04-24T02:46:39.939+0000] {cursor.py:1028} INFO - query: [MERGE INTO MBTA_PREDICTIONS AS target USING (SELECT 'prediction-ADDED-1582322951...]
[2025-04-24T02:46:43.967+0000] {cursor.py:1041} INFO - query execution done
[2025-04-24T02:46:43.972+0000] {cursor.py:1028} INFO - query: [MERGE INTO MBTA_PREDICTIONS AS target USING (SELECT 'prediction-67995084-70100-3...]
[2025-04-24T02:46:47.757+0000] {cursor.py:1041} INFO - query execution done
[2025-04-24T02:46:47.767+0000] {cursor.py:1028} INFO - query: [MERGE INTO MBTA_PREDICTIONS AS target USING (SELECT 'prediction-ADDED-1582322974...]
[2025-04-24T02:46:51.684+0000] {cursor.py:1041} INFO - query execution done
[2025-04-24T02:46:51.691+0000] {cursor.py:1028} INFO - query: [MERGE INTO MBTA_PREDICTIONS AS target USING (SELECT 'prediction-ADDED-1582322999...]
[2025-04-24T02:46:55.343+0000] {cursor.py:1041} INFO - query execution done
[2025-04-24T02:46:55.351+0000] {cursor.py:1028} INFO - query: [MERGE INTO MBTA_PREDICTIONS AS target USING (SELECT 'prediction-ADDED-1582322998...]
[2025-04-24T02:46:58.954+0000] {cursor.py:1041} INFO - query execution done
[2025-04-24T02:46:58.959+0000] {cursor.py:1028} INFO - query: [MERGE INTO MBTA_PREDICTIONS AS target USING (SELECT 'prediction-67995088-70104-1...]
[2025-04-24T02:47:03.557+0000] {cursor.py:1041} INFO - query execution done
[2025-04-24T02:47:03.567+0000] {cursor.py:1028} INFO - query: [MERGE INTO MBTA_PREDICTIONS AS target USING (SELECT 'prediction-ADDED-1582322986...]
[2025-04-24T02:47:07.799+0000] {cursor.py:1041} INFO - query execution done
[2025-04-24T02:47:07.837+0000] {cursor.py:1028} INFO - query: [MERGE INTO MBTA_PREDICTIONS AS target USING (SELECT 'prediction-67995095-70103-2...]
[2025-04-24T02:47:11.973+0000] {cursor.py:1041} INFO - query execution done
[2025-04-24T02:47:11.982+0000] {cursor.py:1028} INFO - query: [MERGE INTO MBTA_PREDICTIONS AS target USING (SELECT 'prediction-67995099-70101-2...]
[2025-04-24T02:47:16.000+0000] {cursor.py:1041} INFO - query execution done
[2025-04-24T02:47:16.004+0000] {cursor.py:1028} INFO - query: [MERGE INTO MBTA_PREDICTIONS AS target USING (SELECT 'prediction-ADDED-1582322951...]
[2025-04-24T02:47:19.817+0000] {cursor.py:1041} INFO - query execution done
[2025-04-24T02:47:19.833+0000] {cursor.py:1028} INFO - query: [MERGE INTO MBTA_PREDICTIONS AS target USING (SELECT 'prediction-67995084-70098-4...]
[2025-04-24T02:47:23.388+0000] {cursor.py:1041} INFO - query execution done
[2025-04-24T02:47:23.391+0000] {cursor.py:1028} INFO - query: [MERGE INTO MBTA_PREDICTIONS AS target USING (SELECT 'prediction-ADDED-1582322974...]
[2025-04-24T02:47:27.508+0000] {cursor.py:1041} INFO - query execution done
[2025-04-24T02:47:27.515+0000] {cursor.py:1028} INFO - query: [MERGE INTO MBTA_PREDICTIONS AS target USING (SELECT 'prediction-ADDED-1582322999...]
[2025-04-24T02:47:31.266+0000] {cursor.py:1041} INFO - query execution done
[2025-04-24T02:47:31.275+0000] {cursor.py:1028} INFO - query: [MERGE INTO MBTA_PREDICTIONS AS target USING (SELECT 'prediction-ADDED-1582322998...]
[2025-04-24T02:47:35.852+0000] {cursor.py:1041} INFO - query execution done
[2025-04-24T02:47:35.877+0000] {cursor.py:1028} INFO - query: [MERGE INTO MBTA_PREDICTIONS AS target USING (SELECT 'prediction-ADDED-1582322986...]
[2025-04-24T02:47:39.580+0000] {cursor.py:1041} INFO - query execution done
[2025-04-24T02:47:39.584+0000] {cursor.py:1028} INFO - query: [MERGE INTO MBTA_PREDICTIONS AS target USING (SELECT 'prediction-67995091-70105-2...]
[2025-04-24T02:47:43.139+0000] {cursor.py:1041} INFO - query execution done
[2025-04-24T02:47:43.150+0000] {cursor.py:1028} INFO - query: [MERGE INTO MBTA_PREDICTIONS AS target USING (SELECT 'prediction-67995088-70102-2...]
[2025-04-24T02:47:47.247+0000] {cursor.py:1041} INFO - query execution done
[2025-04-24T02:47:47.253+0000] {cursor.py:1028} INFO - query: [MERGE INTO MBTA_PREDICTIONS AS target USING (SELECT 'prediction-ADDED-1582322998...]
[2025-04-24T02:47:50.799+0000] {cursor.py:1041} INFO - query execution done
[2025-04-24T02:47:50.803+0000] {cursor.py:1028} INFO - query: [MERGE INTO MBTA_PREDICTIONS AS target USING (SELECT 'prediction-ADDED-1582322951...]
[2025-04-24T02:47:55.805+0000] {cursor.py:1041} INFO - query execution done
[2025-04-24T02:47:55.812+0000] {cursor.py:1028} INFO - query: [MERGE INTO MBTA_PREDICTIONS AS target USING (SELECT 'prediction-ADDED-1582322974...]
[2025-04-24T02:47:59.861+0000] {cursor.py:1041} INFO - query execution done
[2025-04-24T02:47:59.870+0000] {cursor.py:1028} INFO - query: [MERGE INTO MBTA_PREDICTIONS AS target USING (SELECT 'prediction-67995103-70097-1...]
[2025-04-24T02:48:04.132+0000] {cursor.py:1041} INFO - query execution done
[2025-04-24T02:48:04.135+0000] {cursor.py:1028} INFO - query: [MERGE INTO MBTA_PREDICTIONS AS target USING (SELECT 'prediction-67995099-70103-2...]
[2025-04-24T02:48:08.147+0000] {cursor.py:1041} INFO - query execution done
[2025-04-24T02:48:08.155+0000] {cursor.py:1028} INFO - query: [MERGE INTO MBTA_PREDICTIONS AS target USING (SELECT 'prediction-ADDED-1582322998...]
[2025-04-24T02:48:12.678+0000] {cursor.py:1041} INFO - query execution done
[2025-04-24T02:48:12.688+0000] {cursor.py:1028} INFO - query: [MERGE INTO MBTA_PREDICTIONS AS target USING (SELECT 'prediction-ADDED-1582322999...]
[2025-04-24T02:48:16.882+0000] {cursor.py:1041} INFO - query execution done
[2025-04-24T02:48:16.894+0000] {cursor.py:1028} INFO - query: [MERGE INTO MBTA_PREDICTIONS AS target USING (SELECT 'prediction-ADDED-1582322986...]
[2025-04-24T02:48:21.568+0000] {cursor.py:1041} INFO - query execution done
[2025-04-24T02:48:21.576+0000] {cursor.py:1028} INFO - query: [MERGE INTO MBTA_PREDICTIONS AS target USING (SELECT 'prediction-67995088-70100-3...]
[2025-04-24T02:48:26.753+0000] {cursor.py:1041} INFO - query execution done
[2025-04-24T02:48:26.762+0000] {cursor.py:1028} INFO - query: [MERGE INTO MBTA_PREDICTIONS AS target USING (SELECT 'prediction-ADDED-1582322998...]
[2025-04-24T02:48:31.325+0000] {cursor.py:1041} INFO - query execution done
[2025-04-24T02:48:31.329+0000] {cursor.py:1028} INFO - query: [MERGE INTO MBTA_PREDICTIONS AS target USING (SELECT 'prediction-67995095-70105-2...]
[2025-04-24T02:48:35.643+0000] {cursor.py:1041} INFO - query execution done
[2025-04-24T02:48:35.649+0000] {cursor.py:1028} INFO - query: [MERGE INTO MBTA_PREDICTIONS AS target USING (SELECT 'prediction-ADDED-1582322974...]
[2025-04-24T02:48:39.935+0000] {cursor.py:1041} INFO - query execution done
[2025-04-24T02:48:39.945+0000] {cursor.py:1028} INFO - query: [MERGE INTO MBTA_PREDICTIONS AS target USING (SELECT 'prediction-67995084-70096-1...]
[2025-04-24T02:48:45.075+0000] {cursor.py:1041} INFO - query execution done
[2025-04-24T02:48:45.079+0000] {cursor.py:1028} INFO - query: [MERGE INTO MBTA_PREDICTIONS AS target USING (SELECT 'prediction-67995088-70098-4...]
[2025-04-24T02:48:49.065+0000] {cursor.py:1041} INFO - query execution done
[2025-04-24T02:48:49.072+0000] {cursor.py:1028} INFO - query: [MERGE INTO MBTA_PREDICTIONS AS target USING (SELECT 'prediction-ADDED-1582322999...]
[2025-04-24T02:48:53.379+0000] {cursor.py:1041} INFO - query execution done
[2025-04-24T02:48:53.385+0000] {cursor.py:1028} INFO - query: [MERGE INTO MBTA_PREDICTIONS AS target USING (SELECT 'prediction-67995092-70104-1...]
[2025-04-24T02:48:57.676+0000] {cursor.py:1041} INFO - query execution done
[2025-04-24T02:48:57.682+0000] {cursor.py:1028} INFO - query: [MERGE INTO MBTA_PREDICTIONS AS target USING (SELECT 'prediction-ADDED-1582322998...]
[2025-04-24T02:49:01.942+0000] {cursor.py:1041} INFO - query execution done
[2025-04-24T02:49:01.945+0000] {cursor.py:1028} INFO - query: [MERGE INTO MBTA_PREDICTIONS AS target USING (SELECT 'prediction-ADDED-1582322999...]
[2025-04-24T02:49:05.970+0000] {cursor.py:1041} INFO - query execution done
[2025-04-24T02:49:05.974+0000] {cursor.py:1028} INFO - query: [MERGE INTO MBTA_PREDICTIONS AS target USING (SELECT 'prediction-67995103-70099-1...]
[2025-04-24T02:49:09.691+0000] {cursor.py:1041} INFO - query execution done
[2025-04-24T02:49:09.701+0000] {cursor.py:1028} INFO - query: [MERGE INTO MBTA_PREDICTIONS AS target USING (SELECT 'prediction-ADDED-1582322974...]
[2025-04-24T02:49:13.515+0000] {cursor.py:1041} INFO - query execution done
[2025-04-24T02:49:13.523+0000] {cursor.py:1028} INFO - query: [MERGE INTO MBTA_PREDICTIONS AS target USING (SELECT 'prediction-67995099-70105-2...]
[2025-04-24T02:49:17.823+0000] {cursor.py:1041} INFO - query execution done
[2025-04-24T02:49:17.827+0000] {cursor.py:1028} INFO - query: [MERGE INTO MBTA_PREDICTIONS AS target USING (SELECT 'prediction-67995084-70084-1...]
[2025-04-24T02:49:22.638+0000] {cursor.py:1041} INFO - query execution done
[2025-04-24T02:49:22.642+0000] {cursor.py:1028} INFO - query: [MERGE INTO MBTA_PREDICTIONS AS target USING (SELECT 'prediction-ADDED-1582322951...]
[2025-04-24T02:49:26.399+0000] {cursor.py:1041} INFO - query execution done
[2025-04-24T02:49:26.404+0000] {cursor.py:1028} INFO - query: [MERGE INTO MBTA_PREDICTIONS AS target USING (SELECT 'prediction-ADDED-1582322998...]
[2025-04-24T02:49:29.969+0000] {cursor.py:1041} INFO - query execution done
[2025-04-24T02:49:29.972+0000] {cursor.py:1028} INFO - query: [MERGE INTO MBTA_PREDICTIONS AS target USING (SELECT 'prediction-ADDED-1582322974...]
[2025-04-24T02:49:35.671+0000] {cursor.py:1041} INFO - query execution done
[2025-04-24T02:49:35.680+0000] {cursor.py:1028} INFO - query: [MERGE INTO MBTA_PREDICTIONS AS target USING (SELECT 'prediction-67995092-70102-2...]
[2025-04-24T02:49:39.802+0000] {cursor.py:1041} INFO - query execution done
[2025-04-24T02:49:39.805+0000] {cursor.py:1028} INFO - query: [MERGE INTO MBTA_PREDICTIONS AS target USING (SELECT 'prediction-67995103-70101-2...]
[2025-04-24T02:49:44.010+0000] {cursor.py:1041} INFO - query execution done
[2025-04-24T02:49:44.014+0000] {cursor.py:1028} INFO - query: [MERGE INTO MBTA_PREDICTIONS AS target USING (SELECT 'prediction-ADDED-1582322999...]
[2025-04-24T02:49:48.499+0000] {cursor.py:1041} INFO - query execution done
[2025-04-24T02:49:48.508+0000] {cursor.py:1028} INFO - query: [MERGE INTO MBTA_PREDICTIONS AS target USING (SELECT 'prediction-67995084-70082-1...]
[2025-04-24T02:49:52.101+0000] {cursor.py:1041} INFO - query execution done
[2025-04-24T02:49:52.105+0000] {cursor.py:1028} INFO - query: [MERGE INTO MBTA_PREDICTIONS AS target USING (SELECT 'prediction-ADDED-1582322974...]
[2025-04-24T02:49:55.550+0000] {cursor.py:1041} INFO - query execution done
[2025-04-24T02:49:55.556+0000] {cursor.py:1028} INFO - query: [MERGE INTO MBTA_PREDICTIONS AS target USING (SELECT 'prediction-67995123-70063-1...]
[2025-04-24T02:49:59.314+0000] {cursor.py:1041} INFO - query execution done
[2025-04-24T02:49:59.332+0000] {cursor.py:1028} INFO - query: [MERGE INTO MBTA_PREDICTIONS AS target USING (SELECT 'prediction-67995088-70096-1...]
[2025-04-24T02:50:04.407+0000] {cursor.py:1041} INFO - query execution done
[2025-04-24T02:50:04.564+0000] {cursor.py:1028} INFO - query: [MERGE INTO MBTA_PREDICTIONS AS target USING (SELECT 'prediction-67995092-70100-3...]
[2025-04-24T02:50:07.654+0000] {cursor.py:1041} INFO - query execution done
[2025-04-24T02:50:07.663+0000] {cursor.py:1028} INFO - query: [MERGE INTO MBTA_PREDICTIONS AS target USING (SELECT 'prediction-ADDED-1582322998...]
[2025-04-24T02:50:11.520+0000] {cursor.py:1041} INFO - query execution done
[2025-04-24T02:50:11.546+0000] {cursor.py:1028} INFO - query: [MERGE INTO MBTA_PREDICTIONS AS target USING (SELECT 'prediction-67995096-70104-1...]
[2025-04-24T02:50:15.235+0000] {cursor.py:1041} INFO - query execution done
[2025-04-24T02:50:15.267+0000] {cursor.py:1028} INFO - query: [MERGE INTO MBTA_PREDICTIONS AS target USING (SELECT 'prediction-67995103-70103-2...]
[2025-04-24T02:50:18.947+0000] {cursor.py:1041} INFO - query execution done
[2025-04-24T02:50:18.963+0000] {cursor.py:1028} INFO - query: [MERGE INTO MBTA_PREDICTIONS AS target USING (SELECT 'prediction-ADDED-1582322974...]
[2025-04-24T02:50:23.003+0000] {cursor.py:1041} INFO - query execution done
[2025-04-24T02:50:23.054+0000] {cursor.py:1028} INFO - query: [MERGE INTO MBTA_PREDICTIONS AS target USING (SELECT 'prediction-67995084-70080-1...]
[2025-04-24T02:50:34.415+0000] {cursor.py:1041} INFO - query execution done
[2025-04-24T02:50:35.428+0000] {cursor.py:1028} INFO - query: [MERGE INTO MBTA_PREDICTIONS AS target USING (SELECT 'prediction-67995123-70065-2...]
[2025-04-24T02:50:43.359+0000] {cursor.py:1041} INFO - query execution done
[2025-04-24T02:50:43.906+0000] {cursor.py:1028} INFO - query: [MERGE INTO MBTA_PREDICTIONS AS target USING (SELECT 'prediction-ADDED-1582322951...]
[2025-04-24T02:50:52.223+0000] {cursor.py:1041} INFO - query execution done
[2025-04-24T02:50:52.406+0000] {cursor.py:1028} INFO - query: [MERGE INTO MBTA_PREDICTIONS AS target USING (SELECT 'prediction-67995092-70098-4...]
[2025-04-24T02:50:54.428+0000] {cursor.py:1041} INFO - query execution done
[2025-04-24T02:50:54.463+0000] {cursor.py:1028} INFO - query: [MERGE INTO MBTA_PREDICTIONS AS target USING (SELECT 'prediction-67995084-70078-1...]
[2025-04-24T02:50:58.072+0000] {cursor.py:1041} INFO - query execution done
[2025-04-24T02:50:58.093+0000] {cursor.py:1028} INFO - query: [MERGE INTO MBTA_PREDICTIONS AS target USING (SELECT 'prediction-ADDED-1582322974...]
[2025-04-24T02:51:01.963+0000] {cursor.py:1041} INFO - query execution done
[2025-04-24T02:51:02.060+0000] {cursor.py:1028} INFO - query: [MERGE INTO MBTA_PREDICTIONS AS target USING (SELECT 'prediction-67995088-70084-1...]
[2025-04-24T02:51:04.815+0000] {cursor.py:1041} INFO - query execution done
[2025-04-24T02:51:04.821+0000] {cursor.py:1028} INFO - query: [MERGE INTO MBTA_PREDICTIONS AS target USING (SELECT 'prediction-ADDED-1582322998...]
[2025-04-24T02:51:10.150+0000] {cursor.py:1041} INFO - query execution done
[2025-04-24T02:51:10.157+0000] {cursor.py:1028} INFO - query: [MERGE INTO MBTA_PREDICTIONS AS target USING (SELECT 'prediction-67995096-70102-2...]
[2025-04-24T02:51:15.123+0000] {cursor.py:1041} INFO - query execution done
[2025-04-24T02:51:15.131+0000] {cursor.py:1028} INFO - query: [MERGE INTO MBTA_PREDICTIONS AS target USING (SELECT 'prediction-67995084-70076-1...]
[2025-04-24T02:51:20.547+0000] {cursor.py:1041} INFO - query execution done
[2025-04-24T02:51:20.554+0000] {cursor.py:1028} INFO - query: [MERGE INTO MBTA_PREDICTIONS AS target USING (SELECT 'prediction-67995123-70067-3...]
[2025-04-24T02:51:24.573+0000] {cursor.py:1041} INFO - query execution done
[2025-04-24T02:51:24.580+0000] {cursor.py:1028} INFO - query: [MERGE INTO MBTA_PREDICTIONS AS target USING (SELECT 'prediction-ADDED-1582322951...]
[2025-04-24T02:51:28.788+0000] {cursor.py:1041} INFO - query execution done
[2025-04-24T02:51:28.793+0000] {cursor.py:1028} INFO - query: [MERGE INTO MBTA_PREDICTIONS AS target USING (SELECT 'prediction-ADDED-1582322974...]
[2025-04-24T02:51:33.154+0000] {cursor.py:1041} INFO - query execution done
[2025-04-24T02:51:33.162+0000] {cursor.py:1028} INFO - query: [MERGE INTO MBTA_PREDICTIONS AS target USING (SELECT 'prediction-ADDED-1582322998...]
[2025-04-24T02:51:37.397+0000] {cursor.py:1041} INFO - query execution done
[2025-04-24T02:51:37.410+0000] {cursor.py:1028} INFO - query: [MERGE INTO MBTA_PREDICTIONS AS target USING (SELECT 'prediction-67995088-70082-1...]
[2025-04-24T02:51:41.632+0000] {cursor.py:1041} INFO - query execution done
[2025-04-24T02:51:41.651+0000] {cursor.py:1028} INFO - query: [MERGE INTO MBTA_PREDICTIONS AS target USING (SELECT 'prediction-67995084-70074-1...]
[2025-04-24T02:51:45.671+0000] {cursor.py:1041} INFO - query execution done
[2025-04-24T02:51:45.677+0000] {cursor.py:1028} INFO - query: [MERGE INTO MBTA_PREDICTIONS AS target USING (SELECT 'prediction-67995096-70100-3...]
[2025-04-24T02:51:49.579+0000] {cursor.py:1041} INFO - query execution done
[2025-04-24T02:51:49.584+0000] {cursor.py:1028} INFO - query: [MERGE INTO MBTA_PREDICTIONS AS target USING (SELECT 'prediction-ADDED-1582322974...]
[2025-04-24T02:51:53.910+0000] {cursor.py:1041} INFO - query execution done
[2025-04-24T02:51:53.916+0000] {cursor.py:1028} INFO - query: [MERGE INTO MBTA_PREDICTIONS AS target USING (SELECT 'prediction-67995103-70105-2...]
[2025-04-24T02:51:57.730+0000] {cursor.py:1041} INFO - query execution done
[2025-04-24T02:51:57.939+0000] {cursor.py:1028} INFO - query: [MERGE INTO MBTA_PREDICTIONS AS target USING (SELECT 'prediction-67995123-70069-4...]
[2025-04-24T02:52:01.706+0000] {cursor.py:1041} INFO - query execution done
[2025-04-24T02:52:01.711+0000] {cursor.py:1028} INFO - query: [MERGE INTO MBTA_PREDICTIONS AS target USING (SELECT 'prediction-ADDED-1582322951...]
[2025-04-24T02:52:06.698+0000] {cursor.py:1041} INFO - query execution done
[2025-04-24T02:52:06.708+0000] {cursor.py:1028} INFO - query: [MERGE INTO MBTA_PREDICTIONS AS target USING (SELECT 'prediction-67995088-70080-1...]
[2025-04-24T02:52:10.865+0000] {cursor.py:1041} INFO - query execution done
[2025-04-24T02:52:10.874+0000] {cursor.py:1028} INFO - query: [MERGE INTO MBTA_PREDICTIONS AS target USING (SELECT 'prediction-67995084-70072-1...]
[2025-04-24T02:52:15.395+0000] {cursor.py:1041} INFO - query execution done
[2025-04-24T02:52:15.401+0000] {cursor.py:1028} INFO - query: [MERGE INTO MBTA_PREDICTIONS AS target USING (SELECT 'prediction-ADDED-1582322998...]
[2025-04-24T02:52:19.694+0000] {cursor.py:1041} INFO - query execution done
[2025-04-24T02:52:19.698+0000] {cursor.py:1028} INFO - query: [MERGE INTO MBTA_PREDICTIONS AS target USING (SELECT 'prediction-67995096-70098-4...]
[2025-04-24T02:52:23.989+0000] {cursor.py:1041} INFO - query execution done
[2025-04-24T02:52:23.992+0000] {cursor.py:1028} INFO - query: [MERGE INTO MBTA_PREDICTIONS AS target USING (SELECT 'prediction-67995117-70063-1...]
[2025-04-24T02:52:28.432+0000] {cursor.py:1041} INFO - query execution done
[2025-04-24T02:52:28.436+0000] {cursor.py:1028} INFO - query: [MERGE INTO MBTA_PREDICTIONS AS target USING (SELECT 'prediction-67995100-70104-1...]
[2025-04-24T02:52:32.633+0000] {cursor.py:1041} INFO - query execution done
[2025-04-24T02:52:32.638+0000] {cursor.py:1028} INFO - query: [MERGE INTO MBTA_PREDICTIONS AS target USING (SELECT 'prediction-67995092-70096-1...]
[2025-04-24T02:52:36.701+0000] {cursor.py:1041} INFO - query execution done
[2025-04-24T02:52:36.716+0000] {cursor.py:1028} INFO - query: [MERGE INTO MBTA_PREDICTIONS AS target USING (SELECT 'prediction-67995088-70078-1...]
[2025-04-24T02:52:40.956+0000] {cursor.py:1041} INFO - query execution done
[2025-04-24T02:52:40.968+0000] {cursor.py:1028} INFO - query: [MERGE INTO MBTA_PREDICTIONS AS target USING (SELECT 'prediction-ADDED-1582322974...]
[2025-04-24T02:52:45.404+0000] {cursor.py:1041} INFO - query execution done
[2025-04-24T02:52:45.410+0000] {cursor.py:1028} INFO - query: [MERGE INTO MBTA_PREDICTIONS AS target USING (SELECT 'prediction-67995123-70071-5...]
[2025-04-24T02:52:49.511+0000] {cursor.py:1041} INFO - query execution done
[2025-04-24T02:52:49.514+0000] {cursor.py:1028} INFO - query: [MERGE INTO MBTA_PREDICTIONS AS target USING (SELECT 'prediction-67995084-70070-1...]
[2025-04-24T02:52:53.479+0000] {cursor.py:1041} INFO - query execution done
[2025-04-24T02:52:53.483+0000] {cursor.py:1028} INFO - query: [MERGE INTO MBTA_PREDICTIONS AS target USING (SELECT 'prediction-67995088-70076-1...]
[2025-04-24T02:52:57.249+0000] {cursor.py:1041} INFO - query execution done
[2025-04-24T02:52:57.252+0000] {cursor.py:1028} INFO - query: [MERGE INTO MBTA_PREDICTIONS AS target USING (SELECT 'prediction-67995117-70065-2...]
[2025-04-24T02:52:59.289+0000] {job.py:213} ERROR - Job heartbeat got an exception
Traceback (most recent call last):
  File "/home/airflow/.local/lib/python3.9/site-packages/sqlalchemy/engine/base.py", line 1910, in _execute_context
  File "/home/airflow/.loc