[2025-04-24T02:45:14.729+0000] {taskinstance.py:1956} INFO - Dependencies all met for dep_context=non-requeueable deps ti=<TaskInstance: mbta_ingestion_dag.load_to_snowflake scheduled__2025-04-24T02:40:00+00:00 [queued]>
[2025-04-24T02:45:14.742+0000] {taskinstance.py:1956} INFO - Dependencies all met for dep_context=requeueable deps ti=<TaskInstance: mbta_ingestion_dag.load_to_snowflake scheduled__2025-04-24T02:40:00+00:00 [queued]>
[2025-04-24T02:45:14.743+0000] {taskinstance.py:2170} INFO - Starting attempt 1 of 2
[2025-04-24T02:45:14.759+0000] {taskinstance.py:2191} INFO - Executing <Task(PythonOperator): load_to_snowflake> on 2025-04-24 02:40:00+00:00
[2025-04-24T02:45:14.807+0000] {standard_task_runner.py:60} INFO - Started process 705 to run task
[2025-04-24T02:45:14.823+0000] {standard_task_runner.py:87} INFO - Running: ['***', 'tasks', 'run', 'mbta_ingestion_dag', 'load_to_snowflake', 'scheduled__2025-04-24T02:40:00+00:00', '--job-id', '870', '--raw', '--subdir', 'DAGS_FOLDER/mbta_ingestion_dag.py', '--cfg-path', '/tmp/tmpaks7s60u']
[2025-04-24T02:45:14.834+0000] {standard_task_runner.py:88} INFO - Job 870: Subtask load_to_snowflake
[2025-04-24T02:45:15.162+0000] {task_command.py:423} INFO - Running <TaskInstance: mbta_ingestion_dag.load_to_snowflake scheduled__2025-04-24T02:40:00+00:00 [running]> on host 120454fa5f04
[2025-04-24T02:45:15.430+0000] {taskinstance.py:2480} INFO - Exporting env vars: AIRFLOW_CTX_DAG_OWNER='***' AIRFLOW_CTX_DAG_ID='mbta_ingestion_dag' AIRFLOW_CTX_TASK_ID='load_to_snowflake' AIRFLOW_CTX_EXECUTION_DATE='2025-04-24T02:40:00+00:00' AIRFLOW_CTX_TRY_NUMBER='1' AIRFLOW_CTX_DAG_RUN_ID='scheduled__2025-04-24T02:40:00+00:00'
[2025-04-24T02:45:15.433+0000] {mbta_ingestion_dag.py:35} INFO - 🚀 Launching Kafka consumer to process and load data into Snowflake...
[2025-04-24T02:45:15.437+0000] {connection.py:370} INFO - Snowflake Connector for Python Version: 3.6.0, Python Version: 3.9.18, Platform: Linux-6.10.14-linuxkit-aarch64-with-glibc2.36
[2025-04-24T02:45:15.441+0000] {connection.py:1171} INFO - This connection is in OCSP Fail Open Mode. TLS Certificates would be checked for validity and revocation status. Any other Certificate Revocation related exceptions or OCSP Responder failures would be disregarded in favor of connectivity.
[2025-04-24T02:45:16.335+0000] {mbta_kafka_consumer.py:60} INFO - ✅ Connected to Snowflake successfully.
[2025-04-24T02:45:16.337+0000] {mbta_kafka_consumer.py:279} INFO - 🚀 Starting MBTA Kafka Consumer...
[2025-04-24T02:45:16.341+0000] {conn.py:395} INFO - <BrokerConnection client_id=kafka-python-2.1.5, node_id=bootstrap-0 host=kafka:9092 <connecting> [IPv4 ('172.19.0.4', 9092)]>: connecting to kafka:9092 [('172.19.0.4', 9092) IPv4]
[2025-04-24T02:45:16.367+0000] {conn.py:615} INFO - <BrokerConnection client_id=kafka-python-2.1.5, node_id=bootstrap-0 host=kafka:9092 <checking_api_versions_recv> [IPv4 ('172.19.0.4', 9092)]>: Broker version identified as 2.6
[2025-04-24T02:45:16.368+0000] {conn.py:456} INFO - <BrokerConnection client_id=kafka-python-2.1.5, node_id=bootstrap-0 host=kafka:9092 <connected> [IPv4 ('172.19.0.4', 9092)]>: Connection complete.
[2025-04-24T02:45:16.371+0000] {consumer.py:119} WARNING - group_id is None: disabling auto-commit.
[2025-04-24T02:45:16.371+0000] {subscription_state.py:182} INFO - Updating subscribed topics to: ('mbta_alerts', 'mbta_routes', 'mbta_stops', 'mbta_vehicles', 'mbta_predictions', 'mbta_schedules', 'mbta_lines', 'mbta_facilities')
[2025-04-24T02:45:16.379+0000] {subscription_state.py:254} INFO - Updated partition assignment: [('mbta_predictions', 0), ('mbta_lines', 0), ('mbta_routes', 0), ('mbta_schedules', 0), ('mbta_vehicles', 0), ('mbta_alerts', 0), ('mbta_stops', 0), ('mbta_facilities', 0)]
[2025-04-24T02:45:16.381+0000] {conn.py:395} INFO - <BrokerConnection client_id=kafka-python-2.1.5, node_id=1 host=kafka:9092 <connecting> [IPv4 ('172.19.0.4', 9092)]>: connecting to kafka:9092 [('172.19.0.4', 9092) IPv4]
[2025-04-24T02:45:16.382+0000] {conn.py:456} INFO - <BrokerConnection client_id=kafka-python-2.1.5, node_id=1 host=kafka:9092 <connected> [IPv4 ('172.19.0.4', 9092)]>: Connection complete.
[2025-04-24T02:45:16.384+0000] {conn.py:936} INFO - <BrokerConnection client_id=kafka-python-2.1.5, node_id=bootstrap-0 host=kafka:9092 <connected> [IPv4 ('172.19.0.4', 9092)]>: Closing connection. 
[2025-04-24T02:45:18.271+0000] {mbta_kafka_consumer.py:293} INFO - 📥 Received 178 records from topic: mbta_routes
[2025-04-24T02:45:18.496+0000] {mbta_kafka_consumer.py:70} INFO - 🔍 Sample data for MBTA_ROUTES:
[2025-04-24T02:45:18.500+0000] {mbta_kafka_consumer.py:71} INFO - 
   ROUTE_ID        ROUTE_NAME  ...  ROUTE_COLOR                 CREATED_AT
0       Red          Red Line  ...       DA291C 2025-04-24 02:45:18.303169
1  Mattapan  Mattapan Trolley  ...       DA291C 2025-04-24 02:45:18.303178
2    Orange       Orange Line  ...       ED8B00 2025-04-24 02:45:18.303180
3   Green-B      Green Line B  ...       00843D 2025-04-24 02:45:18.303182
4   Green-C      Green Line C  ...       00843D 2025-04-24 02:45:18.303183

[5 rows x 5 columns]
[2025-04-24T02:45:18.614+0000] {cursor.py:1028} INFO - query: [SELECT * FROM MBTA_ROUTES WHERE ROUTE_ID IN ('Red','Mattapan','Orange','Green-B'...]
[2025-04-24T02:45:18.803+0000] {cursor.py:1041} INFO - query execution done
[2025-04-24T02:45:18.812+0000] {cursor.py:1205} INFO - Number of results in first chunk: 0
[2025-04-24T02:45:19.779+0000] {mbta_kafka_consumer.py:120} INFO - 🔁 0 new/updated records out of 178 incoming records (some may be duplicates) for MBTA_ROUTES
[2025-04-24T02:45:19.785+0000] {mbta_kafka_consumer.py:123} INFO - ✅ All 178 records already up-to-date in MBTA_ROUTES, no merge needed.
[2025-04-24T02:45:19.787+0000] {mbta_kafka_consumer.py:293} INFO - 📥 Received 178 records from topic: mbta_routes
[2025-04-24T02:45:19.820+0000] {mbta_kafka_consumer.py:70} INFO - 🔍 Sample data for MBTA_ROUTES:
[2025-04-24T02:45:19.822+0000] {mbta_kafka_consumer.py:71} INFO - 
   ROUTE_ID        ROUTE_NAME  ...  ROUTE_COLOR                 CREATED_AT
0       Red          Red Line  ...       DA291C 2025-04-24 02:45:19.787524
1  Mattapan  Mattapan Trolley  ...       DA291C 2025-04-24 02:45:19.787532
2    Orange       Orange Line  ...       ED8B00 2025-04-24 02:45:19.787533
3   Green-B      Green Line B  ...       00843D 2025-04-24 02:45:19.787533
4   Green-C      Green Line C  ...       00843D 2025-04-24 02:45:19.787534

[5 rows x 5 columns]
[2025-04-24T02:45:19.889+0000] {cursor.py:1028} INFO - query: [SELECT * FROM MBTA_ROUTES WHERE ROUTE_ID IN ('Red','Mattapan','Orange','Green-B'...]
[2025-04-24T02:45:20.109+0000] {cursor.py:1041} INFO - query execution done
[2025-04-24T02:45:20.113+0000] {cursor.py:1205} INFO - Number of results in first chunk: 0
[2025-04-24T02:45:23.429+0000] {mbta_kafka_consumer.py:120} INFO - 🔁 0 new/updated records out of 178 incoming records (some may be duplicates) for MBTA_ROUTES
[2025-04-24T02:45:23.437+0000] {mbta_kafka_consumer.py:123} INFO - ✅ All 178 records already up-to-date in MBTA_ROUTES, no merge needed.
[2025-04-24T02:45:23.440+0000] {mbta_kafka_consumer.py:293} INFO - 📥 Received 178 records from topic: mbta_routes
[2025-04-24T02:45:23.460+0000] {mbta_kafka_consumer.py:70} INFO - 🔍 Sample data for MBTA_ROUTES:
[2025-04-24T02:45:23.461+0000] {mbta_kafka_consumer.py:71} INFO - 
   ROUTE_ID        ROUTE_NAME  ...  ROUTE_COLOR                 CREATED_AT
0       Red          Red Line  ...       DA291C 2025-04-24 02:45:23.440823
1  Mattapan  Mattapan Trolley  ...       DA291C 2025-04-24 02:45:23.440846
2    Orange       Orange Line  ...       ED8B00 2025-04-24 02:45:23.440866
3   Green-B      Green Line B  ...       00843D 2025-04-24 02:45:23.440869
4   Green-C      Green Line C  ...       00843D 2025-04-24 02:45:23.440918

[5 rows x 5 columns]
[2025-04-24T02:45:23.474+0000] {cursor.py:1028} INFO - query: [SELECT * FROM MBTA_ROUTES WHERE ROUTE_ID IN ('Red','Mattapan','Orange','Green-B'...]
[2025-04-24T02:45:23.689+0000] {cursor.py:1041} INFO - query execution done
[2025-04-24T02:45:23.690+0000] {cursor.py:1205} INFO - Number of results in first chunk: 0
[2025-04-24T02:45:23.991+0000] {mbta_kafka_consumer.py:120} INFO - 🔁 0 new/updated records out of 178 incoming records (some may be duplicates) for MBTA_ROUTES
[2025-04-24T02:45:23.991+0000] {mbta_kafka_consumer.py:123} INFO - ✅ All 178 records already up-to-date in MBTA_ROUTES, no merge needed.
[2025-04-24T02:45:23.992+0000] {mbta_kafka_consumer.py:293} INFO - 📥 Received 178 records from topic: mbta_routes
[2025-04-24T02:45:24.005+0000] {mbta_kafka_consumer.py:70} INFO - 🔍 Sample data for MBTA_ROUTES:
[2025-04-24T02:45:24.006+0000] {mbta_kafka_consumer.py:71} INFO - 
   ROUTE_ID        ROUTE_NAME  ...  ROUTE_COLOR                 CREATED_AT
0       Red          Red Line  ...       DA291C 2025-04-24 02:45:23.992612
1  Mattapan  Mattapan Trolley  ...       DA291C 2025-04-24 02:45:23.992614
2    Orange       Orange Line  ...       ED8B00 2025-04-24 02:45:23.992615
3   Green-B      Green Line B  ...       00843D 2025-04-24 02:45:23.992624
4   Green-C      Green Line C  ...       00843D 2025-04-24 02:45:23.992625

[5 rows x 5 columns]
[2025-04-24T02:45:24.010+0000] {cursor.py:1028} INFO - query: [SELECT * FROM MBTA_ROUTES WHERE ROUTE_ID IN ('Red','Mattapan','Orange','Green-B'...]
[2025-04-24T02:45:24.168+0000] {cursor.py:1041} INFO - query execution done
[2025-04-24T02:45:24.172+0000] {cursor.py:1205} INFO - Number of results in first chunk: 0
[2025-04-24T02:45:24.389+0000] {mbta_kafka_consumer.py:120} INFO - 🔁 0 new/updated records out of 178 incoming records (some may be duplicates) for MBTA_ROUTES
[2025-04-24T02:45:24.389+0000] {mbta_kafka_consumer.py:123} INFO - ✅ All 178 records already up-to-date in MBTA_ROUTES, no merge needed.
[2025-04-24T02:45:24.390+0000] {mbta_kafka_consumer.py:293} INFO - 📥 Received 500 records from topic: mbta_facilities
[2025-04-24T02:45:24.392+0000] {mbta_kafka_consumer.py:271} ERROR - ❌ Error processing topic mbta_facilities: 'NoneType' object has no attribute 'get'
[2025-04-24T02:45:24.396+0000] {mbta_kafka_consumer.py:293} INFO - 📥 Received 331 records from topic: mbta_predictions
[2025-04-24T02:45:24.405+0000] {mbta_kafka_consumer.py:70} INFO - 🔍 Sample data for MBTA_PREDICTIONS:
[2025-04-24T02:45:24.405+0000] {mbta_kafka_consumer.py:71} INFO - 
                                    PREDICTION_ID  ...                 CREATED_AT
0  prediction-ADDED-1582322998-Braintree-02-1-Red  ... 2025-04-24 02:45:24.396729
1         prediction-ADDED-1582322974-70061-1-Red  ... 2025-04-24 02:45:24.396798
2         prediction-ADDED-1582322951-70061-1-Red  ... 2025-04-24 02:45:24.396838
3                 prediction-67995123-70061-1-Red  ... 2025-04-24 02:45:24.396841
4                 prediction-67995117-70061-1-Red  ... 2025-04-24 02:45:24.396843

[5 rows x 9 columns]
[2025-04-24T02:45:24.422+0000] {cursor.py:1028} INFO - query: [SELECT * FROM MBTA_PREDICTIONS WHERE PREDICTION_ID IN ('prediction-ADDED-1582322...]
[2025-04-24T02:45:24.802+0000] {cursor.py:1041} INFO - query execution done
[2025-04-24T02:45:24.803+0000] {cursor.py:1205} INFO - Number of results in first chunk: 331
[2025-04-24T02:45:24.823+0000] {mbta_kafka_consumer.py:120} INFO - 🔁 331 new/updated records out of 331 incoming records (some may be duplicates) for MBTA_PREDICTIONS
[2025-04-24T02:45:24.824+0000] {cursor.py:1028} INFO - query: [MERGE INTO MBTA_PREDICTIONS AS target USING (SELECT 'prediction-ADDED-1582322998...]
[2025-04-24T02:45:28.436+0000] {cursor.py:1041} INFO - query execution done
[2025-04-24T02:45:28.444+0000] {cursor.py:1028} INFO - query: [MERGE INTO MBTA_PREDICTIONS AS target USING (SELECT 'prediction-ADDED-1582322974...]
[2025-04-24T02:45:31.817+0000] {cursor.py:1041} INFO - query execution done
[2025-04-24T02:45:31.826+0000] {cursor.py:1028} INFO - query: [MERGE INTO MBTA_PREDICTIONS AS target USING (SELECT 'prediction-ADDED-1582322951...]
[2025-04-24T02:45:35.817+0000] {cursor.py:1041} INFO - query execution done
[2025-04-24T02:45:35.828+0000] {cursor.py:1028} INFO - query: [MERGE INTO MBTA_PREDICTIONS AS target USING (SELECT 'prediction-67995123-70061-1...]
[2025-04-24T02:45:40.411+0000] {cursor.py:1041} INFO - query execution done
[2025-04-24T02:45:40.826+0000] {cursor.py:1028} INFO - query: [MERGE INTO MBTA_PREDICTIONS AS target USING (SELECT 'prediction-67995117-70061-1...]
[2025-04-24T02:45:45.688+0000] {cursor.py:1041} INFO - query execution done
[2025-04-24T02:45:45.759+0000] {cursor.py:1028} INFO - query: [MERGE INTO MBTA_PREDICTIONS AS target USING (SELECT 'prediction-67995109-70061-1...]
[2025-04-24T02:45:49.317+0000] {cursor.py:1041} INFO - query execution done
[2025-04-24T02:45:49.356+0000] {cursor.py:1028} INFO - query: [MERGE INTO MBTA_PREDICTIONS AS target USING (SELECT 'prediction-67995104-70105-1...]
[2025-04-24T02:45:52.914+0000] {cursor.py:1041} INFO - query execution done
[2025-04-24T02:45:52.944+0000] {cursor.py:1028} INFO - query: [MERGE INTO MBTA_PREDICTIONS AS target USING (SELECT 'prediction-67995100-70105-1...]
[2025-04-24T02:45:56.575+0000] {cursor.py:1041} INFO - query execution done
[2025-04-24T02:45:56.804+0000] {cursor.py:1028} INFO - query: [MERGE INTO MBTA_PREDICTIONS AS target USING (SELECT 'prediction-67995096-70105-1...]
[2025-04-24T02:46:03.454+0000] {cursor.py:1041} INFO - query execution done
[2025-04-24T02:46:03.808+0000] {cursor.py:1028} INFO - query: [MERGE INTO MBTA_PREDICTIONS AS target USING (SELECT 'prediction-67995092-70105-1...]
[2025-04-24T02:46:04.789+0000] {cursor.py:1041} INFO - query execution done
[2025-04-24T02:46:04.799+0000] {cursor.py:1028} INFO - query: [MERGE INTO MBTA_PREDICTIONS AS target USING (SELECT 'prediction-67995088-70105-1...]
[2025-04-24T02:46:08.461+0000] {cursor.py:1041} INFO - query execution done
[2025-04-24T02:46:08.465+0000] {cursor.py:1028} INFO - query: [MERGE INTO MBTA_PREDICTIONS AS target USING (SELECT 'prediction-67995084-70105-1...]
[2025-04-24T02:46:12.246+0000] {cursor.py:1041} INFO - query execution done
[2025-04-24T02:46:12.252+0000] {cursor.py:1028} INFO - query: [MERGE INTO MBTA_PREDICTIONS AS target USING (SELECT 'prediction-67995077-Braintr...]
[2025-04-24T02:46:15.918+0000] {cursor.py:1041} INFO - query execution done
[2025-04-24T02:46:15.925+0000] {cursor.py:1028} INFO - query: [MERGE INTO MBTA_PREDICTIONS AS target USING (SELECT 'prediction-67995095-70073-6...]
[2025-04-24T02:46:19.729+0000] {cursor.py:1041} INFO - query execution done
[2025-04-24T02:46:19.742+0000] {cursor.py:1028} INFO - query: [MERGE INTO MBTA_PREDICTIONS AS target USING (SELECT 'prediction-ADDED-1582322999...]
[2025-04-24T02:46:23.607+0000] {cursor.py:1041} INFO - query execution done
[2025-04-24T02:46:23.608+0000] {cursor.py:1028} INFO - query: [MERGE INTO MBTA_PREDICTIONS AS target USING (SELECT 'prediction-ADDED-1582322986...]
[2025-04-24T02:46:27.267+0000] {cursor.py:1041} INFO - query execution done
[2025-04-24T02:46:27.269+0000] {cursor.py:1028} INFO - query: [MERGE INTO MBTA_PREDICTIONS AS target USING (SELECT 'prediction-67995091-70079-9...]
[2025-04-24T02:46:31.253+0000] {cursor.py:1041} INFO - query execution done
[2025-04-24T02:46:31.262+0000] {cursor.py:1028} INFO - query: [MERGE INTO MBTA_PREDICTIONS AS target USING (SELECT 'prediction-ADDED-1582322940...]
[2025-04-24T02:46:35.458+0000] {cursor.py:1041} INFO - query execution done
[2025-04-24T02:46:35.465+0000] {cursor.py:1028} INFO - query: [MERGE INTO MBTA_PREDICTIONS AS target USING (SELECT 'prediction-ADDED-1582322973...]
[2025-04-24T02:46:39.391+0000] {cursor.py:1041} INFO - query execution done
[2025-04-24T02:46:39.401+0000] {cursor.py:1028} INFO - query: [MERGE INTO MBTA_PREDICTIONS AS target USING (SELECT 'prediction-67995099-70071-5...]
[2025-04-24T02:46:43.501+0000] {cursor.py:1041} INFO - query execution done
[2025-04-24T02:46:43.514+0000] {cursor.py:1028} INFO - query: [MERGE INTO MBTA_PREDICTIONS AS target USING (SELECT 'prediction-67995081-70103-2...]
[2025-04-24T02:46:47.285+0000] {cursor.py:1041} INFO - query execution done
[2025-04-24T02:46:47.290+0000] {cursor.py:1028} INFO - query: [MERGE INTO MBTA_PREDICTIONS AS target USING (SELECT 'prediction-67995095-70075-7...]
[2025-04-24T02:46:51.176+0000] {cursor.py:1041} INFO - query execution done
[2025-04-24T02:46:51.212+0000] {cursor.py:1028} INFO - query: [MERGE INTO MBTA_PREDICTIONS AS target USING (SELECT 'prediction-67995103-70063-1...]
[2025-04-24T02:46:54.877+0000] {cursor.py:1041} INFO - query execution done
[2025-04-24T02:46:54.881+0000] {cursor.py:1028} INFO - query: [MERGE INTO MBTA_PREDICTIONS AS target USING (SELECT 'prediction-ADDED-1582322950...]
[2025-04-24T02:46:58.520+0000] {cursor.py:1041} INFO - query execution done
[2025-04-24T02:46:58.527+0000] {cursor.py:1028} INFO - query: [MERGE INTO MBTA_PREDICTIONS AS target USING (SELECT 'prediction-ADDED-1582322915...]
[2025-04-24T02:47:03.056+0000] {cursor.py:1041} INFO - query execution done
[2025-04-24T02:47:03.062+0000] {cursor.py:1028} INFO - query: [MERGE INTO MBTA_PREDICTIONS AS target USING (SELECT 'prediction-67995091-70081-1...]
[2025-04-24T02:47:07.091+0000] {cursor.py:1041} INFO - query execution done
[2025-04-24T02:47:07.101+0000] {cursor.py:1028} INFO - query: [MERGE INTO MBTA_PREDICTIONS AS target USING (SELECT 'prediction-ADDED-1582322940...]
[2025-04-24T02:47:11.189+0000] {cursor.py:1041} INFO - query execution done
[2025-04-24T02:47:11.194+0000] {cursor.py:1028} INFO - query: [MERGE INTO MBTA_PREDICTIONS AS target USING (SELECT 'prediction-ADDED-1582322999...]
[2025-04-24T02:47:15.560+0000] {cursor.py:1041} INFO - query execution done
[2025-04-24T02:47:15.569+0000] {cursor.py:1028} INFO - query: [MERGE INTO MBTA_PREDICTIONS AS target USING (SELECT 'prediction-67995099-70073-6...]
[2025-04-24T02:47:19.437+0000] {cursor.py:1041} INFO - query execution done
[2025-04-24T02:47:19.453+0000] {cursor.py:1028} INFO - query: [MERGE INTO MBTA_PREDICTIONS AS target USING (SELECT 'prediction-67995095-70077-8...]
[2025-04-24T02:47:22.910+0000] {cursor.py:1041} INFO - query execution done
[2025-04-24T02:47:22.916+0000] {cursor.py:1028} INFO - query: [MERGE INTO MBTA_PREDICTIONS AS target USING (SELECT 'prediction-ADDED-1582322973...]
[2025-04-24T02:47:27.087+0000] {cursor.py:1041} INFO - query execution done
[2025-04-24T02:47:27.096+0000] {cursor.py:1028} INFO - query: [MERGE INTO MBTA_PREDICTIONS AS target USING (SELECT 'prediction-67995103-70065-2...]
[2025-04-24T02:47:30.722+0000] {cursor.py:1041} INFO - query execution done
[2025-04-24T02:47:30.726+0000] {cursor.py:1028} INFO - query: [MERGE INTO MBTA_PREDICTIONS AS target USING (SELECT 'prediction-ADDED-1582322973...]
[2025-04-24T02:47:35.222+0000] {cursor.py:1041} INFO - query execution done
[2025-04-24T02:47:35.266+0000] {cursor.py:1028} INFO - query: [MERGE INTO MBTA_PREDICTIONS AS target USING (SELECT 'prediction-67995095-70079-9...]
[2025-04-24T02:47:39.110+0000] {cursor.py:1041} INFO - query execution done
[2025-04-24T02:47:39.137+0000] {cursor.py:1028} INFO - query: [MERGE INTO MBTA_PREDICTIONS AS target USING (SELECT 'prediction-67995099-70075-7...]
[2025-04-24T02:47:42.760+0000] {cursor.py:1041} INFO - query execution done
[2025-04-24T02:47:42.770+0000] {cursor.py:1028} INFO - query: [MERGE INTO MBTA_PREDICTIONS AS target USING (SELECT 'prediction-67995083-70099-1...]
[2025-04-24T02:47:46.735+0000] {cursor.py:1041} INFO - query execution done
[2025-04-24T02:47:46.740+0000] {cursor.py:1028} INFO - query: [MERGE INTO MBTA_PREDICTIONS AS target USING (SELECT 'prediction-ADDED-1582322940...]
[2025-04-24T02:47:50.634+0000] {cursor.py:1041} INFO - query execution done
[2025-04-24T02:47:50.639+0000] {cursor.py:1028} INFO - query: [MERGE INTO MBTA_PREDICTIONS AS target USING (SELECT 'prediction-67995091-70083-1...]
[2025-04-24T02:47:54.627+0000] {cursor.py:1041} INFO - query execution done
[2025-04-24T02:47:54.639+0000] {cursor.py:1028} INFO - query: [MERGE INTO MBTA_PREDICTIONS AS target USING (SELECT 'prediction-67995087-70097-1...]
[2025-04-24T02:47:58.975+0000] {cursor.py:1041} INFO - query execution done
[2025-04-24T02:47:58.985+0000] {cursor.py:1028} INFO - query: [MERGE INTO MBTA_PREDICTIONS AS target USING (SELECT 'prediction-ADDED-1582322999...]
[2025-04-24T02:48:03.186+0000] {cursor.py:1041} INFO - query execution done
[2025-04-24T02:48:03.192+0000] {cursor.py:1028} INFO - query: [MERGE INTO MBTA_PREDICTIONS AS target USING (SELECT 'prediction-ADDED-1582322973...]
[2025-04-24T02:48:06.550+0000] {cursor.py:1041} INFO - query execution done
[2025-04-24T02:48:06.557+0000] {cursor.py:1028} INFO - query: [MERGE INTO MBTA_PREDICTIONS AS target USING (SELECT 'prediction-67995103-70067-3...]
[2025-04-24T02:48:11.130+0000] {cursor.py:1041} INFO - query execution done
[2025-04-24T02:48:11.137+0000] {cursor.py:1028} INFO - query: [MERGE INTO MBTA_PREDICTIONS AS target USING (SELECT 'prediction-67995099-70077-8...]
[2025-04-24T02:48:15.502+0000] {cursor.py:1041} INFO - query execution done
[2025-04-24T02:48:15.510+0000] {cursor.py:1028} INFO - query: [MERGE INTO MBTA_PREDICTIONS AS target USING (SELECT 'prediction-ADDED-1582322986...]
[2025-04-24T02:48:19.319+0000] {cursor.py:1041} INFO - query execution done
[2025-04-24T02:48:19.324+0000] {cursor.py:1028} INFO - query: [MERGE INTO MBTA_PREDICTIONS AS target USING (SELECT 'prediction-67995095-70081-1...]
[2025-04-24T02:48:24.408+0000] {cursor.py:1041} INFO - query execution done
[2025-04-24T02:48:24.416+0000] {cursor.py:1028} INFO - query: [MERGE INTO MBTA_PREDICTIONS AS target USING (SELECT 'prediction-67995083-70101-2...]
[2025-04-24T02:48:29.878+0000] {cursor.py:1041} INFO - query execution done
[2025-04-24T02:48:29.888+0000] {cursor.py:1028} INFO - query: [MERGE INTO MBTA_PREDICTIONS AS target USING (SELECT 'prediction-67995081-70105-2...]
[2025-04-24T02:48:33.994+0000] {cursor.py:1041} INFO - query execution done
[2025-04-24T02:48:34.003+0000] {cursor.py:1028} INFO - query: [MERGE INTO MBTA_PREDICTIONS AS target USING (SELECT 'prediction-67995091-70095-1...]
[2025-04-24T02:48:37.987+0000] {cursor.py:1041} INFO - query execution done
[2025-04-24T02:48:38.036+0000] {cursor.py:1028} INFO - query: [MERGE INTO MBTA_PREDICTIONS AS target USING (SELECT 'prediction-ADDED-1582322999...]
[2025-04-24T02:48:42.587+0000] {cursor.py:1041} INFO - query execution done
[2025-04-24T02:48:42.594+0000] {cursor.py:1028} INFO - query: [MERGE INTO MBTA_PREDICTIONS AS target USING (SELECT 'prediction-67995099-70079-9...]
[2025-04-24T02:48:47.618+0000] {cursor.py:1041} INFO - query execution done
[2025-04-24T02:48:47.624+0000] {cursor.py:1028} INFO - query: [MERGE INTO MBTA_PREDICTIONS AS target USING (SELECT 'prediction-ADDED-1582322973...]
[2025-04-24T02:48:51.704+0000] {cursor.py:1041} INFO - query execution done
[2025-04-24T02:48:51.712+0000] {cursor.py:1028} INFO - query: [MERGE INTO MBTA_PREDICTIONS AS target USING (SELECT 'prediction-ADDED-1582322951...]
[2025-04-24T02:48:56.276+0000] {cursor.py:1041} INFO - query execution done
[2025-04-24T02:48:56.284+0000] {cursor.py:1028} INFO - query: [MERGE INTO MBTA_PREDICTIONS AS target USING (SELECT 'prediction-ADDED-1582322940...]
[2025-04-24T02:49:00.518+0000] {cursor.py:1041} INFO - query execution done
[2025-04-24T02:49:00.524+0000] {cursor.py:1028} INFO - query: [MERGE INTO MBTA_PREDICTIONS AS target USING (SELECT 'prediction-67995095-70083-1...]
[2025-04-24T02:49:04.292+0000] {cursor.py:1041} INFO - query execution done
[2025-04-24T02:49:04.299+0000] {cursor.py:1028} INFO - query: [MERGE INTO MBTA_PREDICTIONS AS target USING (SELECT 'prediction-ADDED-1582322998...]
[2025-04-24T02:49:08.150+0000] {cursor.py:1041} INFO - query execution done
[2025-04-24T02:49:08.154+0000] {cursor.py:1028} INFO - query: [MERGE INTO MBTA_PREDICTIONS AS target USING (SELECT 'prediction-67995103-70069-4...]
[2025-04-24T02:49:12.087+0000] {cursor.py:1041} INFO - query execution done
[2025-04-24T02:49:12.091+0000] {cursor.py:1028} INFO - query: [MERGE INTO MBTA_PREDICTIONS AS target USING (SELECT 'prediction-ADDED-1582322986...]
[2025-04-24T02:49:16.393+0000] {cursor.py:1041} INFO - query execution done
[2025-04-24T02:49:16.400+0000] {cursor.py:1028} INFO - query: [MERGE INTO MBTA_PREDICTIONS AS target USING (SELECT 'prediction-ADDED-1582322973...]
[2025-04-24T02:49:20.998+0000] {cursor.py:1041} INFO - query execution done
[2025-04-24T02:49:21.003+0000] {cursor.py:1028} INFO - query: [MERGE INTO MBTA_PREDICTIONS AS target USING (SELECT 'prediction-67995083-70103-2...]
[2025-04-24T02:49:25.187+0000] {cursor.py:1041} INFO - query execution done
[2025-04-24T02:49:25.191+0000] {cursor.py:1028} INFO - query: [MERGE INTO MBTA_PREDICTIONS AS target USING (SELECT 'prediction-67995099-70081-1...]
[2025-04-24T02:49:28.602+0000] {cursor.py:1041} INFO - query execution done
[2025-04-24T02:49:28.607+0000] {cursor.py:1028} INFO - query: [MERGE INTO MBTA_PREDICTIONS AS target USING (SELECT 'prediction-ADDED-1582322951...]
[2025-04-24T02:49:33.206+0000] {cursor.py:1041} INFO - query execution done
[2025-04-24T02:49:33.209+0000] {cursor.py:1028} INFO - query: [MERGE INTO MBTA_PREDICTIONS AS target USING (SELECT 'prediction-ADDED-1582322940...]
[2025-04-24T02:49:38.235+0000] {cursor.py:1041} INFO - query execution done
[2025-04-24T02:49:38.239+0000] {cursor.py:1028} INFO - query: [MERGE INTO MBTA_PREDICTIONS AS target USING (SELECT 'prediction-67995087-70099-1...]
[2025-04-24T02:49:42.468+0000] {cursor.py:1041} INFO - query execution done
[2025-04-24T02:49:42.473+0000] {cursor.py:1028} INFO - query: [MERGE INTO MBTA_PREDICTIONS AS target USING (SELECT 'prediction-67995095-70095-1...]
[2025-04-24T02:49:46.877+0000] {cursor.py:1041} INFO - query execution done
[2025-04-24T02:49:46.880+0000] {cursor.py:1028} INFO - query: [MERGE INTO MBTA_PREDICTIONS AS target USING (SELECT 'prediction-67995103-70071-5...]
[2025-04-24T02:49:50.881+0000] {cursor.py:1041} INFO - query execution done
[2025-04-24T02:49:50.888+0000] {cursor.py:1028} INFO - query: [MERGE INTO MBTA_PREDICTIONS AS target USING (SELECT 'prediction-ADDED-1582322986...]
[2025-04-24T02:49:54.333+0000] {cursor.py:1041} INFO - query execution done
[2025-04-24T02:49:54.337+0000] {cursor.py:1028} INFO - query: [MERGE INTO MBTA_PREDICTIONS AS target USING (SELECT 'prediction-ADDED-1582322973...]
[2025-04-24T02:49:57.750+0000] {cursor.py:1041} INFO - query execution done
[2025-04-24T02:49:57.755+0000] {cursor.py:1028} INFO - query: [MERGE INTO MBTA_PREDICTIONS AS target USING (SELECT 'prediction-ADDED-1582322998...]
[2025-04-24T02:50:01.863+0000] {cursor.py:1041} INFO - query execution done
[2025-04-24T02:50:01.874+0000] {cursor.py:1028} INFO - query: [MERGE INTO MBTA_PREDICTIONS AS target USING (SELECT 'prediction-67995099-70083-1...]
[2025-04-24T02:50:06.466+0000] {cursor.py:1041} INFO - query execution done
[2025-04-24T02:50:06.479+0000] {cursor.py:1028} INFO - query: [MERGE INTO MBTA_PREDICTIONS AS target USING (SELECT 'prediction-ADDED-1582322951...]
[2025-04-24T02:50:10.126+0000] {cursor.py:1041} INFO - query execution done
[2025-04-24T02:50:10.143+0000] {cursor.py:1028} INFO - query: [MERGE INTO MBTA_PREDICTIONS AS target USING (SELECT 'prediction-ADDED-1582322940...]
[2025-04-24T02:50:14.305+0000] {cursor.py:1041} INFO - query execution done
[2025-04-24T02:50:14.317+0000] {cursor.py:1028} INFO - query: [MERGE INTO MBTA_PREDICTIONS AS target USING (SELECT 'prediction-67995087-70101-2...]
[2025-04-24T02:50:18.082+0000] {cursor.py:1041} INFO - query execution done
[2025-04-24T02:50:18.117+0000] {cursor.py:1028} INFO - query: [MERGE INTO MBTA_PREDICTIONS AS target USING (SELECT 'prediction-67995103-70073-6...]
[2025-04-24T02:50:21.943+0000] {cursor.py:1041} INFO - query execution done
[2025-04-24T02:50:21.960+0000] {cursor.py:1028} INFO - query: [MERGE INTO MBTA_PREDICTIONS AS target USING (SELECT 'prediction-ADDED-1582322999...]
[2025-04-24T02:50:30.662+0000] {cursor.py:1041} INFO - query execution done
[2025-04-24T02:50:33.663+0000] {cursor.py:1028} INFO - query: [MERGE INTO MBTA_PREDICTIONS AS target USING (SELECT 'prediction-ADDED-1582322986...]
[2025-04-24T02:50:42.693+0000] {cursor.py:1041} INFO - query execution done
[2025-04-24T02:50:43.135+0000] {cursor.py:1028} INFO - query: [MERGE INTO MBTA_PREDICTIONS AS target USING (SELECT 'prediction-67995091-70097-1...]
[2025-04-24T02:50:50.658+0000] {cursor.py:1041} INFO - query execution done
[2025-04-24T02:50:52.243+0000] {cursor.py:1028} INFO - query: [MERGE INTO MBTA_PREDICTIONS AS target USING (SELECT 'prediction-67995099-70095-1...]
[2025-04-24T02:50:54.931+0000] {cursor.py:1041} INFO - query execution done
[2025-04-24T02:50:54.954+0000] {cursor.py:1028} INFO - query: [MERGE INTO MBTA_PREDICTIONS AS target USING (SELECT 'prediction-ADDED-1582322998...]
[2025-04-24T02:50:58.498+0000] {cursor.py:1041} INFO - query execution done
[2025-04-24T02:50:58.516+0000] {cursor.py:1028} INFO - query: [MERGE INTO MBTA_PREDICTIONS AS target USING (SELECT 'prediction-ADDED-1582322986...]
[2025-04-24T02:51:03.554+0000] {cursor.py:1041} INFO - query execution done
[2025-04-24T02:51:03.937+0000] {cursor.py:1028} INFO - query: [MERGE INTO MBTA_PREDICTIONS AS target USING (SELECT 'prediction-67995103-70075-7...]
[2025-04-24T02:51:09.207+0000] {cursor.py:1041} INFO - query execution done
[2025-04-24T02:51:09.249+0000] {cursor.py:1028} INFO - query: [MERGE INTO MBTA_PREDICTIONS AS target USING (SELECT 'prediction-ADDED-1582322973...]
[2025-04-24T02:51:14.185+0000] {cursor.py:1041} INFO - query execution done
[2025-04-24T02:51:14.198+0000] {cursor.py:1028} INFO - query: [MERGE INTO MBTA_PREDICTIONS AS target USING (SELECT 'prediction-ADDED-1582322940...]
[2025-04-24T02:51:19.623+0000] {cursor.py:1041} INFO - query execution done
[2025-04-24T02:51:19.632+0000] {cursor.py:1028} INFO - query: [MERGE INTO MBTA_PREDICTIONS AS target USING (SELECT 'prediction-ADDED-1582322951...]
[2025-04-24T02:51:23.717+0000] {cursor.py:1041} INFO - query execution done
[2025-04-24T02:51:23.723+0000] {cursor.py:1028} INFO - query: [MERGE INTO MBTA_PREDICTIONS AS target USING (SELECT 'prediction-67995083-70105-2...]
[2025-04-24T02:51:27.823+0000] {cursor.py:1041} INFO - query execution done
[2025-04-24T02:51:27.880+0000] {cursor.py:1028} INFO - query: [MERGE INTO MBTA_PREDICTIONS AS target USING (SELECT 'prediction-67995087-70103-2...]
[2025-04-24T02:51:32.285+0000] {cursor.py:1041} INFO - query execution done
[2025-04-24T02:51:32.426+0000] {cursor.py:1028} INFO - query: [MERGE INTO MBTA_PREDICTIONS AS target USING (SELECT 'prediction-ADDED-1582322999...]
[2025-04-24T02:51:36.851+0000] {cursor.py:1041} INFO - query execution done
[2025-04-24T02:51:36.855+0000] {cursor.py:1028} INFO - query: [MERGE INTO MBTA_PREDICTIONS AS target USING (SELECT 'prediction-ADDED-1582322998...]
[2025-04-24T02:51:41.178+0000] {cursor.py:1041} INFO - query execution done
[2025-04-24T02:51:41.185+0000] {cursor.py:1028} INFO - query: [MERGE INTO MBTA_PREDICTIONS AS target USING (SELECT 'prediction-ADDED-1582322986...]
[2025-04-24T02:51:45.266+0000] {cursor.py:1041} INFO - query execution done
[2025-04-24T02:51:45.275+0000] {cursor.py:1028} INFO - query: [MERGE INTO MBTA_PREDICTIONS AS target USING (SELECT 'prediction-67995103-70077-8...]
[2025-04-24T02:51:49.065+0000] {cursor.py:1041} INFO - query execution done
[2025-04-24T02:51:49.074+0000] {cursor.py:1028} INFO - query: [MERGE INTO MBTA_PREDICTIONS AS target USING (SELECT 'prediction-ADDED-1582322973...]
[2025-04-24T02:51:53.446+0000] {cursor.py:1041} INFO - query execution done
[2025-04-24T02:51:53.455+0000] {cursor.py:1028} INFO - query: [MERGE INTO MBTA_PREDICTIONS AS target USING (SELECT 'prediction-ADDED-1582322951...]
[2025-04-24T02:51:57.329+0000] {cursor.py:1041} INFO - query execution done
[2025-04-24T02:51:57.347+0000] {cursor.py:1028} INFO - query: [MERGE INTO MBTA_PREDICTIONS AS target USING (SELECT 'prediction-67995095-70097-1...]
[2025-04-24T02:52:01.223+0000] {cursor.py:1041} INFO - query execution done
[2025-04-24T02:52:01.230+0000] {cursor.py:1028} INFO - query: [MERGE INTO MBTA_PREDICTIONS AS target USING (SELECT 'prediction-67995103-70079-9...]
[2025-04-24T02:52:06.254+0000] {cursor.py:1041} INFO - query execution done
[2025-04-24T02:52:06.262+0000] {cursor.py:1028} INFO - query: [MERGE INTO MBTA_PREDICTIONS AS target USING (SELECT 'prediction-ADDED-1582322986...]
[2025-04-24T02:52:10.405+0000] {cursor.py:1041} INFO - query execution done
[2025-04-24T02:52:10.409+0000] {cursor.py:1028} INFO - query: [MERGE INTO MBTA_PREDICTIONS AS target USING (SELECT 'prediction-ADDED-1582322999...]
[2025-04-24T02:52:14.872+0000] {cursor.py:1041} INFO - query execution done
[2025-04-24T02:52:14.884+0000] {cursor.py:1028} INFO - query: [MERGE INTO MBTA_PREDICTIONS AS target USING (SELECT 'prediction-67995091-70099-1...]
[2025-04-24T02:52:19.220+0000] {cursor.py:1041} INFO - query execution done
[2025-04-24T02:52:19.226+0000] {cursor.py:1028} INFO - query: [MERGE INTO MBTA_PREDICTIONS AS target USING (SELECT 'prediction-ADDED-1582322973...]
[2025-04-24T02:52:23.455+0000] {cursor.py:1041} INFO - query execution done
[2025-04-24T02:52:23.460+0000] {cursor.py:1028} INFO - query: [MERGE INTO MBTA_PREDICTIONS AS target USING (SELECT 'prediction-ADDED-1582322951...]
[2025-04-24T02:52:28.071+0000] {cursor.py:1041} INFO - query execution done
[2025-04-24T02:52:28.106+0000] {cursor.py:1028} INFO - query: [MERGE INTO MBTA_PREDICTIONS AS target USING (SELECT 'prediction-67995103-70081-1...]
[2025-04-24T02:52:32.272+0000] {cursor.py:1041} INFO - query execution done
[2025-04-24T02:52:32.278+0000] {cursor.py:1028} INFO - query: [MERGE INTO MBTA_PREDICTIONS AS target USING (SELECT 'prediction-ADDED-1582322986...]
[2025-04-24T02:52:36.276+0000] {cursor.py:1041} INFO - query execution done
[2025-04-24T02:52:36.282+0000] {cursor.py:1028} INFO - query: [MERGE INTO MBTA_PREDICTIONS AS target USING (SELECT 'prediction-ADDED-1582322999...]
[2025-04-24T02:52:40.550+0000] {cursor.py:1041} INFO - query execution done
[2025-04-24T02:52:40.557+0000] {cursor.py:1028} INFO - query: [MERGE INTO MBTA_PREDICTIONS AS target USING (SELECT 'prediction-67995099-70097-1...]
[2025-04-24T02:52:44.972+0000] {cursor.py:1041} INFO - query execution done
[2025-04-24T02:52:44.976+0000] {cursor.py:1028} INFO - query: [MERGE INTO MBTA_PREDICTIONS AS target USING (SELECT 'prediction-67995091-70101-2...]
[2025-04-24T02:52:49.076+0000] {cursor.py:1041} INFO - query execution done
[2025-04-24T02:52:49.080+0000] {cursor.py:1028} INFO - query: [MERGE INTO MBTA_PREDICTIONS AS target USING (SELECT 'prediction-67995084-70104-1...]
[2025-04-24T02:52:53.058+0000] {cursor.py:1041} INFO - query execution done
[2025-04-24T02:52:53.070+0000] {cursor.py:1028} INFO - query: [MERGE INTO MBTA_PREDICTIONS AS target USING (SELECT 'prediction-ADDED-1582322951...]
[2025-04-24T02:52:56.738+0000] {cursor.py:1041} INFO - query execution done
[2025-04-24T02:52:56.744+0000] {cursor.py:1028} INFO - query: [MERGE INTO MBTA_PREDICTIONS AS target USING (SELECT 'prediction-67995087-70105-2...]
[2025-04-24T02:52:59.306+0000] {job.py:213} ERROR - Job heartbeat got an exception
Traceback (most recent call last):
  File "/home/airflow/.local/lib/python3.9/site-packages/sqlalchemy/engine/base.py", line 1910, in _execute_context
  File "/home/airflow/.local/lib/python3.9/site-packages/sqlalchemy/engine/default.py", line 736, in do_execute
psycopg2.errors.DiskFull: could not extend file "base/16384/16423": No space left on device
HINT:  Check free disk space.


The above exception was the direct cause of the following exception:

Traceback (most recent call last):
  File "/home/airflow/.local/lib/python3.9/site-packages/airflow/jobs/job.py", line 202, in heartbeat
  File "/home/airflow/.local/lib/python3.9/site-packages/airflow/api_internal/internal_api_call.py", line 114, in wrapper
  File "/home/airflow/.local/lib/python3.9/site-packages/airflow/utils/session.py", line 76, in wrapper
  File "/home/airflow/.local/lib/python3.9/site-packages/airflow/jobs/job.py", line 351, in _update_heartbeat
  File "/home/airflow/.local/lib/python3.9/site-packages/sqlalchemy/orm/session.py", line 1454, in commit
  File "/home/airflow/.local/lib/python3.9/site-packages/sqlalchemy/orm/session.py", line 832, in commit
  File "/home/airflow/.local/lib/python3.9/site-packages/sqlalchemy/orm/session.py", line 811, in _prepare_impl
  File "/home/airflow/.local/lib/python3.9/site-packages/sqlalchemy/orm/session.py", line 3449, in flush
  File "/home/airflow/.local/lib/python3.9/site-packages/sqlalchemy/orm/session.py", line 3589, in _flush
  File "/home/airflow/.local/lib/python3.9/site-packages/sqlalchemy/util/langhelpers.py", line 70, in __exit__
  File "/home/airflow/.local/lib/python3.9/site-packages/sqlalchemy/util/compat.py", line 211, 