[2025-04-21T05:15:48.423+0000] {taskinstance.py:1956} INFO - Dependencies all met for dep_context=non-requeueable deps ti=<TaskInstance: mbta_kafka_consumer_dag.run_kafka_consumer scheduled__2025-04-21T04:55:00+00:00 [queued]>
[2025-04-21T05:15:48.471+0000] {taskinstance.py:1956} INFO - Dependencies all met for dep_context=requeueable deps ti=<TaskInstance: mbta_kafka_consumer_dag.run_kafka_consumer scheduled__2025-04-21T04:55:00+00:00 [queued]>
[2025-04-21T05:15:48.472+0000] {taskinstance.py:2170} INFO - Starting attempt 3 of 2
[2025-04-21T05:15:48.552+0000] {taskinstance.py:2191} INFO - Executing <Task(PythonOperator): run_kafka_consumer> on 2025-04-21 04:55:00+00:00
[2025-04-21T05:15:48.568+0000] {standard_task_runner.py:60} INFO - Started process 207 to run task
[2025-04-21T05:15:48.586+0000] {standard_task_runner.py:87} INFO - Running: ['***', 'tasks', 'run', 'mbta_kafka_consumer_dag', 'run_kafka_consumer', 'scheduled__2025-04-21T04:55:00+00:00', '--job-id', '31', '--raw', '--subdir', 'DAGS_FOLDER/mbta_kafka_consumer_dag.py', '--cfg-path', '/tmp/tmpd3ev4x_a']
[2025-04-21T05:15:48.596+0000] {standard_task_runner.py:88} INFO - Job 31: Subtask run_kafka_consumer
[2025-04-21T05:15:48.660+0000] {logging_mixin.py:188} WARNING - /home/***/.local/lib/python3.9/site-packages/***/settings.py:194 DeprecationWarning: The sql_alchemy_conn option in [core] has been moved to the sql_alchemy_conn option in [database] - the old setting has been used, but please update your config.
[2025-04-21T05:15:48.766+0000] {task_command.py:423} INFO - Running <TaskInstance: mbta_kafka_consumer_dag.run_kafka_consumer scheduled__2025-04-21T04:55:00+00:00 [running]> on host 475a22d1a86e
[2025-04-21T05:15:49.011+0000] {taskinstance.py:2480} INFO - Exporting env vars: AIRFLOW_CTX_DAG_OWNER='***' AIRFLOW_CTX_DAG_ID='mbta_kafka_consumer_dag' AIRFLOW_CTX_TASK_ID='run_kafka_consumer' AIRFLOW_CTX_EXECUTION_DATE='2025-04-21T04:55:00+00:00' AIRFLOW_CTX_TRY_NUMBER='3' AIRFLOW_CTX_DAG_RUN_ID='scheduled__2025-04-21T04:55:00+00:00'
[2025-04-21T05:15:49.017+0000] {connection.py:370} INFO - Snowflake Connector for Python Version: 3.6.0, Python Version: 3.9.18, Platform: Linux-6.10.14-linuxkit-aarch64-with-glibc2.36
[2025-04-21T05:15:49.019+0000] {connection.py:1171} INFO - This connection is in OCSP Fail Open Mode. TLS Certificates would be checked for validity and revocation status. Any other Certificate Revocation related exceptions or OCSP Responder failures would be disregarded in favor of connectivity.
[2025-04-21T05:15:50.858+0000] {mbta_kafka_consumer.py:45} INFO - ✅ Connected to Snowflake successfully.
[2025-04-21T05:15:50.868+0000] {mbta_kafka_consumer.py:219} INFO - 🚀 Starting MBTA Kafka Consumer...
[2025-04-21T05:15:50.882+0000] {conn.py:395} INFO - <BrokerConnection client_id=kafka-python-2.1.5, node_id=bootstrap-0 host=kafka:9092 <connecting> [IPv4 ('172.18.0.5', 9092)]>: connecting to kafka:9092 [('172.18.0.5', 9092) IPv4]
[2025-04-21T05:15:51.005+0000] {conn.py:615} INFO - <BrokerConnection client_id=kafka-python-2.1.5, node_id=bootstrap-0 host=kafka:9092 <checking_api_versions_recv> [IPv4 ('172.18.0.5', 9092)]>: Broker version identified as 2.6
[2025-04-21T05:15:51.021+0000] {conn.py:456} INFO - <BrokerConnection client_id=kafka-python-2.1.5, node_id=bootstrap-0 host=kafka:9092 <connected> [IPv4 ('172.18.0.5', 9092)]>: Connection complete.
[2025-04-21T05:15:51.040+0000] {consumer.py:119} WARNING - group_id is None: disabling auto-commit.
[2025-04-21T05:15:51.041+0000] {subscription_state.py:182} INFO - Updating subscribed topics to: ('mbta_alerts', 'mbta_routes', 'mbta_stops', 'mbta_vehicles', 'mbta_predictions')
[2025-04-21T05:15:51.186+0000] {subscription_state.py:254} INFO - Updated partition assignment: [('mbta_alerts', 0), ('mbta_stops', 0), ('mbta_routes', 0), ('mbta_vehicles', 0), ('mbta_predictions', 0)]
[2025-04-21T05:15:51.200+0000] {conn.py:395} INFO - <BrokerConnection client_id=kafka-python-2.1.5, node_id=1 host=kafka:9092 <connecting> [IPv4 ('172.18.0.5', 9092)]>: connecting to kafka:9092 [('172.18.0.5', 9092) IPv4]
[2025-04-21T05:15:51.207+0000] {conn.py:456} INFO - <BrokerConnection client_id=kafka-python-2.1.5, node_id=1 host=kafka:9092 <connected> [IPv4 ('172.18.0.5', 9092)]>: Connection complete.
[2025-04-21T05:15:51.212+0000] {conn.py:936} INFO - <BrokerConnection client_id=kafka-python-2.1.5, node_id=bootstrap-0 host=kafka:9092 <connected> [IPv4 ('172.18.0.5', 9092)]>: Closing connection. 
[2025-04-21T05:15:56.096+0000] {mbta_kafka_consumer.py:233} INFO - 📥 Received 178 records from topic: mbta_routes
[2025-04-21T05:15:56.398+0000] {mbta_kafka_consumer.py:56} INFO - 🔍 Sample data for MBTA_ROUTES:
[2025-04-21T05:15:56.401+0000] {mbta_kafka_consumer.py:57} INFO - 
   ROUTE_ID        ROUTE_NAME  ...  ROUTE_COLOR                 CREATED_AT
0       Red          Red Line  ...       DA291C 2025-04-21 05:15:56.099254
1  Mattapan  Mattapan Trolley  ...       DA291C 2025-04-21 05:15:56.099278
2    Orange       Orange Line  ...       ED8B00 2025-04-21 05:15:56.099294
3   Green-B      Green Line B  ...       00843D 2025-04-21 05:15:56.099298
4   Green-C      Green Line C  ...       00843D 2025-04-21 05:15:56.099302

[5 rows x 5 columns]
[2025-04-21T05:15:56.639+0000] {cursor.py:1028} INFO - query: [SELECT * FROM MBTA_ROUTES WHERE ROUTE_ID IN ('Red','Mattapan','Orange','Green-B'...]
[2025-04-21T05:15:56.970+0000] {cursor.py:1041} INFO - query execution done
[2025-04-21T05:15:56.981+0000] {cursor.py:1205} INFO - Number of results in first chunk: 0
[2025-04-21T05:15:57.999+0000] {mbta_kafka_consumer.py:104} INFO - 🔁 0 new/updated records out of 178 incoming records (some may be duplicate VEHICLE_IDs) for MBTA_ROUTES
[2025-04-21T05:15:58.003+0000] {mbta_kafka_consumer.py:107} INFO - ✅ All 178 records already up-to-date in MBTA_ROUTES, no merge needed.
[2025-04-21T05:15:58.007+0000] {mbta_kafka_consumer.py:233} INFO - 📥 Received 178 records from topic: mbta_routes
[2025-04-21T05:15:58.016+0000] {mbta_kafka_consumer.py:56} INFO - 🔍 Sample data for MBTA_ROUTES:
[2025-04-21T05:15:58.016+0000] {mbta_kafka_consumer.py:57} INFO - 
   ROUTE_ID        ROUTE_NAME  ...  ROUTE_COLOR                 CREATED_AT
0       Red          Red Line  ...       DA291C 2025-04-21 05:15:58.008964
1  Mattapan  Mattapan Trolley  ...       DA291C 2025-04-21 05:15:58.008969
2    Orange       Orange Line  ...       ED8B00 2025-04-21 05:15:58.008983
3   Green-B      Green Line B  ...       00843D 2025-04-21 05:15:58.008985
4   Green-C      Green Line C  ...       00843D 2025-04-21 05:15:58.008995

[5 rows x 5 columns]
[2025-04-21T05:15:58.028+0000] {cursor.py:1028} INFO - query: [SELECT * FROM MBTA_ROUTES WHERE ROUTE_ID IN ('Red','Mattapan','Orange','Green-B'...]
[2025-04-21T05:15:58.181+0000] {cursor.py:1041} INFO - query execution done
[2025-04-21T05:15:58.183+0000] {cursor.py:1205} INFO - Number of results in first chunk: 0
[2025-04-21T05:15:58.536+0000] {mbta_kafka_consumer.py:104} INFO - 🔁 0 new/updated records out of 178 incoming records (some may be duplicate VEHICLE_IDs) for MBTA_ROUTES
[2025-04-21T05:15:58.537+0000] {mbta_kafka_consumer.py:107} INFO - ✅ All 178 records already up-to-date in MBTA_ROUTES, no merge needed.
[2025-04-21T05:15:58.541+0000] {mbta_kafka_consumer.py:233} INFO - 📥 Received 178 records from topic: mbta_routes
[2025-04-21T05:15:58.558+0000] {mbta_kafka_consumer.py:56} INFO - 🔍 Sample data for MBTA_ROUTES:
[2025-04-21T05:15:58.559+0000] {mbta_kafka_consumer.py:57} INFO - 
   ROUTE_ID        ROUTE_NAME  ...  ROUTE_COLOR                 CREATED_AT
0       Red          Red Line  ...       DA291C 2025-04-21 05:15:58.542938
1  Mattapan  Mattapan Trolley  ...       DA291C 2025-04-21 05:15:58.543016
2    Orange       Orange Line  ...       ED8B00 2025-04-21 05:15:58.543021
3   Green-B      Green Line B  ...       00843D 2025-04-21 05:15:58.543022
4   Green-C      Green Line C  ...       00843D 2025-04-21 05:15:58.543023

[5 rows x 5 columns]
[2025-04-21T05:15:58.584+0000] {cursor.py:1028} INFO - query: [SELECT * FROM MBTA_ROUTES WHERE ROUTE_ID IN ('Red','Mattapan','Orange','Green-B'...]
[2025-04-21T05:15:58.760+0000] {cursor.py:1041} INFO - query execution done
[2025-04-21T05:15:58.761+0000] {cursor.py:1205} INFO - Number of results in first chunk: 0
[2025-04-21T05:15:59.207+0000] {mbta_kafka_consumer.py:104} INFO - 🔁 0 new/updated records out of 178 incoming records (some may be duplicate VEHICLE_IDs) for MBTA_ROUTES
[2025-04-21T05:15:59.210+0000] {mbta_kafka_consumer.py:107} INFO - ✅ All 178 records already up-to-date in MBTA_ROUTES, no merge needed.
[2025-04-21T05:15:59.211+0000] {mbta_kafka_consumer.py:233} INFO - 📥 Received 178 records from topic: mbta_routes
[2025-04-21T05:15:59.225+0000] {mbta_kafka_consumer.py:56} INFO - 🔍 Sample data for MBTA_ROUTES:
[2025-04-21T05:15:59.226+0000] {mbta_kafka_consumer.py:57} INFO - 
   ROUTE_ID        ROUTE_NAME  ...  ROUTE_COLOR                 CREATED_AT
0       Red          Red Line  ...       DA291C 2025-04-21 05:15:59.212547
1  Mattapan  Mattapan Trolley  ...       DA291C 2025-04-21 05:15:59.212550
2    Orange       Orange Line  ...       ED8B00 2025-04-21 05:15:59.212557
3   Green-B      Green Line B  ...       00843D 2025-04-21 05:15:59.212568
4   Green-C      Green Line C  ...       00843D 2025-04-21 05:15:59.212569

[5 rows x 5 columns]
[2025-04-21T05:15:59.234+0000] {cursor.py:1028} INFO - query: [SELECT * FROM MBTA_ROUTES WHERE ROUTE_ID IN ('Red','Mattapan','Orange','Green-B'...]
[2025-04-21T05:15:59.394+0000] {cursor.py:1041} INFO - query execution done
[2025-04-21T05:15:59.397+0000] {cursor.py:1205} INFO - Number of results in first chunk: 0
[2025-04-21T05:15:59.697+0000] {mbta_kafka_consumer.py:104} INFO - 🔁 0 new/updated records out of 178 incoming records (some may be duplicate VEHICLE_IDs) for MBTA_ROUTES
[2025-04-21T05:15:59.698+0000] {mbta_kafka_consumer.py:107} INFO - ✅ All 178 records already up-to-date in MBTA_ROUTES, no merge needed.
[2025-04-21T05:15:59.699+0000] {mbta_kafka_consumer.py:233} INFO - 📥 Received 178 records from topic: mbta_routes
[2025-04-21T05:15:59.704+0000] {mbta_kafka_consumer.py:56} INFO - 🔍 Sample data for MBTA_ROUTES:
[2025-04-21T05:15:59.705+0000] {mbta_kafka_consumer.py:57} INFO - 
   ROUTE_ID        ROUTE_NAME  ...  ROUTE_COLOR                 CREATED_AT
0       Red          Red Line  ...       DA291C 2025-04-21 05:15:59.700065
1  Mattapan  Mattapan Trolley  ...       DA291C 2025-04-21 05:15:59.700066
2    Orange       Orange Line  ...       ED8B00 2025-04-21 05:15:59.700077
3   Green-B      Green Line B  ...       00843D 2025-04-21 05:15:59.700078
4   Green-C      Green Line C  ...       00843D 2025-04-21 05:15:59.700087

[5 rows x 5 columns]
[2025-04-21T05:15:59.711+0000] {cursor.py:1028} INFO - query: [SELECT * FROM MBTA_ROUTES WHERE ROUTE_ID IN ('Red','Mattapan','Orange','Green-B'...]
[2025-04-21T05:15:59.898+0000] {cursor.py:1041} INFO - query execution done
[2025-04-21T05:15:59.902+0000] {cursor.py:1205} INFO - Number of results in first chunk: 0
[2025-04-21T05:16:00.217+0000] {mbta_kafka_consumer.py:104} INFO - 🔁 0 new/updated records out of 178 incoming records (some may be duplicate VEHICLE_IDs) for MBTA_ROUTES
[2025-04-21T05:16:00.219+0000] {mbta_kafka_consumer.py:107} INFO - ✅ All 178 records already up-to-date in MBTA_ROUTES, no merge needed.
[2025-04-21T05:16:00.221+0000] {mbta_kafka_consumer.py:233} INFO - 📥 Received 178 records from topic: mbta_routes
[2025-04-21T05:16:00.229+0000] {mbta_kafka_consumer.py:56} INFO - 🔍 Sample data for MBTA_ROUTES:
[2025-04-21T05:16:00.230+0000] {mbta_kafka_consumer.py:57} INFO - 
   ROUTE_ID        ROUTE_NAME  ...  ROUTE_COLOR                 CREATED_AT
0       Red          Red Line  ...       DA291C 2025-04-21 05:16:00.222132
1  Mattapan  Mattapan Trolley  ...       DA291C 2025-04-21 05:16:00.222138
2    Orange       Orange Line  ...       ED8B00 2025-04-21 05:16:00.222140
3   Green-B      Green Line B  ...       00843D 2025-04-21 05:16:00.222142
4   Green-C      Green Line C  ...       00843D 2025-04-21 05:16:00.222145

[5 rows x 5 columns]
[2025-04-21T05:16:00.246+0000] {cursor.py:1028} INFO - query: [SELECT * FROM MBTA_ROUTES WHERE ROUTE_ID IN ('Red','Mattapan','Orange','Green-B'...]
[2025-04-21T05:16:00.403+0000] {cursor.py:1041} INFO - query execution done
[2025-04-21T05:16:00.405+0000] {cursor.py:1205} INFO - Number of results in first chunk: 0
[2025-04-21T05:16:00.704+0000] {mbta_kafka_consumer.py:104} INFO - 🔁 0 new/updated records out of 178 incoming records (some may be duplicate VEHICLE_IDs) for MBTA_ROUTES
[2025-04-21T05:16:00.710+0000] {mbta_kafka_consumer.py:107} INFO - ✅ All 178 records already up-to-date in MBTA_ROUTES, no merge needed.
[2025-04-21T05:16:00.712+0000] {mbta_kafka_consumer.py:233} INFO - 📥 Received 178 records from topic: mbta_routes
[2025-04-21T05:16:00.719+0000] {mbta_kafka_consumer.py:56} INFO - 🔍 Sample data for MBTA_ROUTES:
[2025-04-21T05:16:00.720+0000] {mbta_kafka_consumer.py:57} INFO - 
   ROUTE_ID        ROUTE_NAME  ...  ROUTE_COLOR                 CREATED_AT
0       Red          Red Line  ...       DA291C 2025-04-21 05:16:00.712570
1  Mattapan  Mattapan Trolley  ...       DA291C 2025-04-21 05:16:00.712573
2    Orange       Orange Line  ...       ED8B00 2025-04-21 05:16:00.712592
3   Green-B      Green Line B  ...       00843D 2025-04-21 05:16:00.712607
4   Green-C      Green Line C  ...       00843D 2025-04-21 05:16:00.712610

[5 rows x 5 columns]
[2025-04-21T05:16:00.726+0000] {cursor.py:1028} INFO - query: [SELECT * FROM MBTA_ROUTES WHERE ROUTE_ID IN ('Red','Mattapan','Orange','Green-B'...]
[2025-04-21T05:16:00.882+0000] {cursor.py:1041} INFO - query execution done
[2025-04-21T05:16:00.883+0000] {cursor.py:1205} INFO - Number of results in first chunk: 0
[2025-04-21T05:16:01.203+0000] {mbta_kafka_consumer.py:104} INFO - 🔁 0 new/updated records out of 178 incoming records (some may be duplicate VEHICLE_IDs) for MBTA_ROUTES
[2025-04-21T05:16:01.204+0000] {mbta_kafka_consumer.py:107} INFO - ✅ All 178 records already up-to-date in MBTA_ROUTES, no merge needed.
[2025-04-21T05:16:01.206+0000] {mbta_kafka_consumer.py:233} INFO - 📥 Received 178 records from topic: mbta_routes
[2025-04-21T05:16:01.211+0000] {mbta_kafka_consumer.py:56} INFO - 🔍 Sample data for MBTA_ROUTES:
[2025-04-21T05:16:01.212+0000] {mbta_kafka_consumer.py:57} INFO - 
   ROUTE_ID        ROUTE_NAME  ...  ROUTE_COLOR                 CREATED_AT
0       Red          Red Line  ...       DA291C 2025-04-21 05:16:01.206585
1  Mattapan  Mattapan Trolley  ...       DA291C 2025-04-21 05:16:01.206612
2    Orange       Orange Line  ...       ED8B00 2025-04-21 05:16:01.206617
3   Green-B      Green Line B  ...       00843D 2025-04-21 05:16:01.206630
4   Green-C      Green Line C  ...       00843D 2025-04-21 05:16:01.206648

[5 rows x 5 columns]
[2025-04-21T05:16:01.218+0000] {cursor.py:1028} INFO - query: [SELECT * FROM MBTA_ROUTES WHERE ROUTE_ID IN ('Red','Mattapan','Orange','Green-B'...]
[2025-04-21T05:16:01.386+0000] {cursor.py:1041} INFO - query execution done
[2025-04-21T05:16:01.389+0000] {cursor.py:1205} INFO - Number of results in first chunk: 0
[2025-04-21T05:16:01.638+0000] {mbta_kafka_consumer.py:104} INFO - 🔁 0 new/updated records out of 178 incoming records (some may be duplicate VEHICLE_IDs) for MBTA_ROUTES
[2025-04-21T05:16:01.641+0000] {mbta_kafka_consumer.py:107} INFO - ✅ All 178 records already up-to-date in MBTA_ROUTES, no merge needed.
[2025-04-21T05:16:01.643+0000] {mbta_kafka_consumer.py:233} INFO - 📥 Received 178 records from topic: mbta_routes
[2025-04-21T05:16:01.666+0000] {mbta_kafka_consumer.py:56} INFO - 🔍 Sample data for MBTA_ROUTES:
[2025-04-21T05:16:01.669+0000] {mbta_kafka_consumer.py:57} INFO - 
   ROUTE_ID        ROUTE_NAME  ...  ROUTE_COLOR                 CREATED_AT
0       Red          Red Line  ...       DA291C 2025-04-21 05:16:01.646120
1  Mattapan  Mattapan Trolley  ...       DA291C 2025-04-21 05:16:01.646129
2    Orange       Orange Line  ...       ED8B00 2025-04-21 05:16:01.646131
3   Green-B      Green Line B  ...       00843D 2025-04-21 05:16:01.646147
4   Green-C      Green Line C  ...       00843D 2025-04-21 05:16:01.646151

[5 rows x 5 columns]
[2025-04-21T05:16:01.690+0000] {cursor.py:1028} INFO - query: [SELECT * FROM MBTA_ROUTES WHERE ROUTE_ID IN ('Red','Mattapan','Orange','Green-B'...]
[2025-04-21T05:16:01.863+0000] {cursor.py:1041} INFO - query execution done
[2025-04-21T05:16:01.866+0000] {cursor.py:1205} INFO - Number of results in first chunk: 0
[2025-04-21T05:16:02.141+0000] {mbta_kafka_consumer.py:104} INFO - 🔁 0 new/updated records out of 178 incoming records (some may be duplicate VEHICLE_IDs) for MBTA_ROUTES
[2025-04-21T05:16:02.142+0000] {mbta_kafka_consumer.py:107} INFO - ✅ All 178 records already up-to-date in MBTA_ROUTES, no merge needed.
[2025-04-21T05:16:02.145+0000] {mbta_kafka_consumer.py:233} INFO - 📥 Received 178 records from topic: mbta_routes
[2025-04-21T05:16:02.155+0000] {mbta_kafka_consumer.py:56} INFO - 🔍 Sample data for MBTA_ROUTES:
[2025-04-21T05:16:02.156+0000] {mbta_kafka_consumer.py:57} INFO - 
   ROUTE_ID        ROUTE_NAME  ...  ROUTE_COLOR                 CREATED_AT
0       Red          Red Line  ...       DA291C 2025-04-21 05:16:02.146227
1  Mattapan  Mattapan Trolley  ...       DA291C 2025-04-21 05:16:02.146233
2    Orange       Orange Line  ...       ED8B00 2025-04-21 05:16:02.146249
3   Green-B      Green Line B  ...       00843D 2025-04-21 05:16:02.146252
4   Green-C      Green Line C  ...       00843D 2025-04-21 05:16:02.146260

[5 rows x 5 columns]
[2025-04-21T05:16:02.168+0000] {cursor.py:1028} INFO - query: [SELECT * FROM MBTA_ROUTES WHERE ROUTE_ID IN ('Red','Mattapan','Orange','Green-B'...]
[2025-04-21T05:16:02.329+0000] {cursor.py:1041} INFO - query execution done
[2025-04-21T05:16:02.329+0000] {cursor.py:1205} INFO - Number of results in first chunk: 0
[2025-04-21T05:16:02.532+0000] {mbta_kafka_consumer.py:104} INFO - 🔁 0 new/updated records out of 178 incoming records (some may be duplicate VEHICLE_IDs) for MBTA_ROUTES
[2025-04-21T05:16:02.532+0000] {mbta_kafka_consumer.py:107} INFO - ✅ All 178 records already up-to-date in MBTA_ROUTES, no merge needed.
[2025-04-21T05:16:02.533+0000] {mbta_kafka_consumer.py:233} INFO - 📥 Received 178 records from topic: mbta_routes
[2025-04-21T05:16:02.536+0000] {mbta_kafka_consumer.py:56} INFO - 🔍 Sample data for MBTA_ROUTES:
[2025-04-21T05:16:02.537+0000] {mbta_kafka_consumer.py:57} INFO - 
   ROUTE_ID        ROUTE_NAME  ...  ROUTE_COLOR                 CREATED_AT
0       Red          Red Line  ...       DA291C 2025-04-21 05:16:02.533277
1  Mattapan  Mattapan Trolley  ...       DA291C 2025-04-21 05:16:02.533278
2    Orange       Orange Line  ...       ED8B00 2025-04-21 05:16:02.533285
3   Green-B      Green Line B  ...       00843D 2025-04-21 05:16:02.533294
4   Green-C      Green Line C  ...       00843D 2025-04-21 05:16:02.533295

[5 rows x 5 columns]
[2025-04-21T05:16:02.542+0000] {cursor.py:1028} INFO - query: [SELECT * FROM MBTA_ROUTES WHERE ROUTE_ID IN ('Red','Mattapan','Orange','Green-B'...]
[2025-04-21T05:16:02.722+0000] {cursor.py:1041} INFO - query execution done
[2025-04-21T05:16:02.722+0000] {cursor.py:1205} INFO - Number of results in first chunk: 0
[2025-04-21T05:16:02.906+0000] {mbta_kafka_consumer.py:104} INFO - 🔁 0 new/updated records out of 178 incoming records (some may be duplicate VEHICLE_IDs) for MBTA_ROUTES
[2025-04-21T05:16:02.906+0000] {mbta_kafka_consumer.py:107} INFO - ✅ All 178 records already up-to-date in MBTA_ROUTES, no merge needed.
[2025-04-21T05:16:02.906+0000] {mbta_kafka_consumer.py:233} INFO - 📥 Received 218 records from topic: mbta_vehicles
[2025-04-21T05:16:02.913+0000] {mbta_kafka_consumer.py:56} INFO - 🔍 Sample data for MBTA_VEHICLES:
[2025-04-21T05:16:02.913+0000] {mbta_kafka_consumer.py:57} INFO - 
  VEHICLE_ID         ROUTE_ID  ...         STATUS                 CREATED_AT
0    G-10062          Green-B  ...    INCOMING_AT 2025-04-21 05:16:02.907282
1       1832    CR-Providence  ...  IN_TRANSIT_TO 2025-04-21 05:16:02.907379
2      y3136               93  ...  IN_TRANSIT_TO 2025-04-21 05:16:02.907415
3      y1619              34E  ...  IN_TRANSIT_TO 2025-04-21 05:16:02.907447
4      y1709  Shuttle-Generic  ...  IN_TRANSIT_TO 2025-04-21 05:16:02.907450

[5 rows x 8 columns]
[2025-04-21T05:16:02.924+0000] {cursor.py:1028} INFO - query: [SELECT * FROM MBTA_VEHICLES WHERE VEHICLE_ID IN ('G-10062','1832','y3136','y1619...]
[2025-04-21T05:16:03.143+0000] {cursor.py:1041} INFO - query execution done
[2025-04-21T05:16:03.144+0000] {cursor.py:1205} INFO - Number of results in first chunk: 234
[2025-04-21T05:16:03.181+0000] {mbta_kafka_consumer.py:104} INFO - 🔁 3 new/updated records out of 218 incoming records (some may be duplicate VEHICLE_IDs) for MBTA_VEHICLES
[2025-04-21T05:16:03.182+0000] {cursor.py:1028} INFO - query: [MERGE INTO MBTA_VEHICLES AS target USING (SELECT 'y1721', '15', 42.30635876, -71...]
[2025-04-21T05:16:04.553+0000] {cursor.py:1041} INFO - query execution done
[2025-04-21T05:16:04.571+0000] {cursor.py:1028} INFO - query: [MERGE INTO MBTA_VEHICLES AS target USING (SELECT 'y2116', '109', 42.3792438, -71...]
[2025-04-21T05:16:07.333+0000] {cursor.py:1041} INFO - query execution done
[2025-04-21T05:16:07.367+0000] {cursor.py:1028} INFO - query: [MERGE INTO MBTA_VEHICLES AS target USING (SELECT 'y1987', '77', 42.40057302, -71...]
[2025-04-21T05:16:08.384+0000] {cursor.py:1041} INFO - query execution done
[2025-04-21T05:16:08.423+0000] {cursor.py:1028} INFO - query: [COMMIT]
[2025-04-21T05:16:08.880+0000] {cursor.py:1041} INFO - query execution done
[2025-04-21T05:16:08.894+0000] {cursor.py:1205} INFO - Number of results in first chunk: 1
[2025-04-21T05:16:08.919+0000] {mbta_kafka_consumer.py:139} INFO - ✅ Merged 3 new/changed records into Snowflake table: MBTA_VEHICLES in 5.99 seconds
[2025-04-21T05:16:08.958+0000] {mbta_kafka_consumer.py:233} INFO - 📥 Received 165 records from topic: mbta_vehicles
[2025-04-21T05:16:13.313+0000] {mbta_kafka_consumer.py:56} INFO - 🔍 Sample data for MBTA_VEHICLES:
[2025-04-21T05:16:14.460+0000] {mbta_kafka_consumer.py:57} INFO - 
   VEHICLE_ID ROUTE_ID  ...         STATUS                 CREATED_AT
0       y1619      34E  ...     STOPPED_AT 2025-04-21 05:16:08.962314
1     G-10223  Green-B  ...     STOPPED_AT 2025-04-21 05:16:08.962361
2  R-54829A82      Red  ...  IN_TRANSIT_TO 2025-04-21 05:16:08.962370
3       y1874        1  ...  IN_TRANSIT_TO 2025-04-21 05:16:08.962372
4       y1202       39  ...  IN_TRANSIT_TO 2025-04-21 05:16:08.962376

[5 rows x 8 columns]
[2025-04-21T05:16:24.510+0000] {cursor.py:1028} INFO - query: [SELECT * FROM MBTA_VEHICLES WHERE VEHICLE_ID IN ('y1619','G-10223','R-54829A82',...]
[2025-04-21T05:16:24.929+0000] {cursor.py:1041} INFO - query execution done
[2025-04-21T05:16:24.958+0000] {cursor.py:1205} INFO - Number of results in first chunk: 165
[2025-04-21T05:16:25.088+0000] {mbta_kafka_consumer.py:104} INFO - 🔁 158 new/updated records out of 165 incoming records (some may be duplicate VEHICLE_IDs) for MBTA_VEHICLES
[2025-04-21T05:16:25.093+0000] {cursor.py:1028} INFO - query: [MERGE INTO MBTA_VEHICLES AS target USING (SELECT 'y1619', '34E', 42.261534269, -...]
[2025-04-21T05:16:25.540+0000] {cursor.py:1041} INFO - query execution done
[2025-04-21T05:16:25.542+0000] {cursor.py:1028} INFO - query: [MERGE INTO MBTA_VEHICLES AS target USING (SELECT 'G-10223', 'Green-B', 42.35065,...]
[2025-04-21T05:16:27.329+0000] {cursor.py:1041} INFO - query execution done
[2025-04-21T05:16:27.343+0000] {cursor.py:1028} INFO - query: [MERGE INTO MBTA_VEHICLES AS target USING (SELECT 'R-54829A82', 'Red', 42.21293, ...]
[2025-04-21T05:16:29.028+0000] {cursor.py:1041} INFO - query execution done
[2025-04-21T05:16:29.040+0000] {cursor.py:1028} INFO - query: [MERGE INTO MBTA_VEHICLES AS target USING (SELECT 'y1874', '1', 42.36439512, -71....]
[2025-04-21T05:16:30.533+0000] {cursor.py:1041} INFO - query execution done
[2025-04-21T05:16:30.540+0000] {cursor.py:1028} INFO - query: [MERGE INTO MBTA_VEHICLES AS target USING (SELECT 'y1202', '39', 42.34738225, -71...]
[2025-04-21T05:16:31.969+0000] {cursor.py:1041} INFO - query execution done
[2025-04-21T05:16:31.971+0000] {cursor.py:1028} INFO - query: [MERGE INTO MBTA_VEHICLES AS target USING (SELECT 'y1680', '31', 42.2675, -71.091...]
[2025-04-21T05:16:33.541+0000] {cursor.py:1041} INFO - query execution done
[2025-04-21T05:16:33.549+0000] {cursor.py:1028} INFO - query: [MERGE INTO MBTA_VEHICLES AS target USING (SELECT 'B-54829F7A', 'Blue', 42.35905,...]
[2025-04-21T05:16:34.983+0000] {cursor.py:1041} INFO - query execution done
[2025-04-21T05:16:34.984+0000] {cursor.py:1028} INFO - query: [MERGE INTO MBTA_VEHICLES AS target USING (SELECT 'y1312', '743', 42.348468029, -...]
[2025-04-21T05:16:36.501+0000] {cursor.py:1041} INFO - query execution done
[2025-04-21T05:16:36.504+0000] {cursor.py:1028} INFO - query: [MERGE INTO MBTA_VEHICLES AS target USING (SELECT 'y2090', '78', 42.38223552, -71...]
[2025-04-21T05:16:38.036+0000] {cursor.py:1041} INFO - query execution done
[2025-04-21T05:16:38.038+0000] {cursor.py:1028} INFO - query: [MERGE INTO MBTA_VEHICLES AS target USING (SELECT 'y1721', '15', 42.3374938, -71....]
[2025-04-21T05:16:39.471+0000] {cursor.py:1041} INFO - query execution done
[2025-04-21T05:16:39.473+0000] {cursor.py:1028} INFO - query: [MERGE INTO MBTA_VEHICLES AS target USING (SELECT 'y2116', '109', 42.37926, -71.0...]
[2025-04-21T05:16:41.115+0000] {cursor.py:1041} INFO - query execution done
[2025-04-21T05:16:41.117+0000] {cursor.py:1028} INFO - query: [MERGE INTO MBTA_VEHICLES AS target USING (SELECT 'y1987', '77', 42.39143828, -71...]
[2025-04-21T05:16:42.567+0000] {cursor.py:1041} INFO - query execution done
[2025-04-21T05:16:42.568+0000] {cursor.py:1028} INFO - query: [MERGE INTO MBTA_VEHICLES AS target USING (SELECT 'G-10046', 'Green-E', 42.34118,...]
[2025-04-21T05:16:44.176+0000] {cursor.py:1041} INFO - query execution done
[2025-04-21T05:16:44.179+0000] {cursor.py:1028} INFO - query: [MERGE INTO MBTA_VEHICLES AS target USING (SELECT 'y1331', '741', 42.365486679, -...]
[2025-04-21T05:16:45.679+0000] {cursor.py:1041} INFO - query execution done
[2025-04-21T05:16:45.681+0000] {cursor.py:1028} INFO - query: [MERGE INTO MBTA_VEHICLES AS target USING (SELECT 'y1943', '71', 42.37296633, -71...]
[2025-04-21T05:16:47.204+0000] {cursor.py:1041} INFO - query execution done
[2025-04-21T05:16:47.206+0000] {cursor.py:1028} INFO - query: [MERGE INTO MBTA_VEHICLES AS target USING (SELECT 'y1329', '741', 42.35248277, -7...]
[2025-04-21T05:16:48.718+0000] {cursor.py:1041} INFO - query execution done
[2025-04-21T05:16:48.722+0000] {cursor.py:1028} INFO - query: [MERGE INTO MBTA_VEHICLES AS target USING (SELECT 'y1814', '23', 42.31532097, -71...]
[2025-04-21T05:16:50.432+0000] {cursor.py:1041} INFO - query execution done
[2025-04-21T05:16:50.445+0000] {cursor.py:1028} INFO - query: [MERGE INTO MBTA_VEHICLES AS target USING (SELECT 'O-5482961B', 'Orange', 42.2987...]
[2025-04-21T05:16:51.892+0000] {cursor.py:1041} INFO - query execution done
[2025-04-21T05:16:51.893+0000] {cursor.py:1028} INFO - query: [MERGE INTO MBTA_VEHICLES AS target USING (SELECT 'O-54829630', 'Orange', 42.3789...]
[2025-04-21T05:16:53.366+0000] {cursor.py:1041} INFO - query execution done
[2025-04-21T05:16:53.368+0000] {cursor.py:1028} INFO - query: [MERGE INTO MBTA_VEHICLES AS target USING (SELECT 'G-10014', 'Mattapan', 42.26988...]
[2025-04-21T05:16:56.126+0000] {cursor.py:1041} INFO - query execution done
[2025-04-21T05:16:56.130+0000] {cursor.py:1028} INFO - query: [MERGE INTO MBTA_VEHICLES AS target USING (SELECT 'y1861', '66', 42.35275, -71.13...]
[2025-04-21T05:16:57.731+0000] {cursor.py:1041} INFO - query execution done
[2025-04-21T05:16:57.734+0000] {cursor.py:1028} INFO - query: [MERGE INTO MBTA_VEHICLES AS target USING (SELECT 'y3305', '116', 42.37966241, -7...]
[2025-04-21T05:16:59.304+0000] {cursor.py:1041} INFO - query execution done
[2025-04-21T05:16:59.308+0000] {cursor.py:1028} INFO - query: [MERGE INTO MBTA_VEHICLES AS target USING (SELECT 'y3122', '69', 42.37446405, -71...]
[2025-04-21T05:17:00.979+0000] {cursor.py:1041} INFO - query execution done
[2025-04-21T05:17:00.981+0000] {cursor.py:1028} INFO - query: [MERGE INTO MBTA_VEHICLES AS target USING (SELECT 'y1291', '749', 42.3551, -71.06...]
[2025-04-21T05:17:03.574+0000] {cursor.py:1041} INFO - query execution done
[2025-04-21T05:17:03.578+0000] {cursor.py:1028} INFO - query: [MERGE INTO MBTA_VEHICLES AS target USING (SELECT 'y3115', '71', 42.37444489, -71...]
[2025-04-21T05:17:05.820+0000] {cursor.py:1041} INFO - query execution done
[2025-04-21T05:17:05.826+0000] {cursor.py:1028} INFO - query: [MERGE INTO MBTA_VEHICLES AS target USING (SELECT 'G-10065', 'Green-B', 42.35989,...]
[2025-04-21T05:17:08.575+0000] {cursor.py:1041} INFO - query execution done
[2025-04-21T05:17:08.583+0000] {cursor.py:1028} INFO - query: [MERGE INTO MBTA_VEHICLES AS target USING (SELECT '1866', 'CR-NewBedford', 41.909...]
[2025-04-21T05:17:11.230+0000] {local_task_job_runner.py:121} ERROR - Received SIGTERM. Terminating subprocesses
[2025-04-21T05:17:11.668+0000] {process_utils.py:131} INFO - Sending 15 to group 207. PIDs of all processes in the group: [207]
[2025-04-21T05:17:11.789+0000] {process_utils.py:86} INFO - Sending the signal 15 to group 207
[2025-04-21T05:17:11.804+0000] {taskinstance.py:2450} ERROR - Received SIGTERM. Terminating subprocesses.
[2025-04-21T05:17:11.855+0000] {mbta_kafka_consumer.py:212} ERROR - ❌ Error processing topic mbta_vehicles: Task received SIGTERM signal
[2025-04-21T05:17:11.889+0000] {mbta_kafka_consumer.py:233} INFO - 📥 Received 165 records from topic: mbta_vehicles
[2025-04-21T05:17:11.940+0000] {mbta_kafka_consumer.py:56} INFO - 🔍 Sample data for MBTA_VEHICLES:
[2025-04-21T05:17:11.941+0000] {mbta_kafka_consumer.py:57} INFO - 
   VEHICLE_ID ROUTE_ID  ...         STATUS                 CREATED_AT
0       y1619      34E  ...     STOPPED_AT 2025-04-21 05:17:11.891283
1     G-10223  Green-B  ...    INCOMING_AT 2025-04-21 05:17:11.891307
2  R-54829A82      Red  ...  IN_TRANSIT_TO 2025-04-21 05:17:11.891321
3       y1874        1  ...  IN_TRANSIT_TO 2025-04-21 05:17:11.891324
4       y1202       39  ...  IN_TRANSIT_TO 2025-04-21 05:17:11.891328

[5 rows x 8 columns]
[2025-04-21T05:17:11.978+0000] {cursor.py:1028} INFO - query: [SELECT * FROM MBTA_VEHICLES WHERE VEHICLE_ID IN ('y1619','G-10223','R-54829A82',...]
[2025-04-21T05:17:12.499+0000] {cursor.py:1041} INFO - query execution done
[2025-04-21T05:17:12.500+0000] {cursor.py:1205} INFO - Number of results in first chunk: 165
[2025-04-21T05:17:12.512+0000] {mbta_kafka_consumer.py:104} INFO - 🔁 154 new/updated records out of 165 incoming records (some may be duplicate VEHICLE_IDs) for MBTA_VEHICLES
[2025-04-21T05:17:12.513+0000] {cursor.py:1028} INFO - query: [MERGE INTO MBTA_VEHICLES AS target USING (SELECT 'y1619', '34E', 42.26281996, -7...]
