[2025-04-21T05:22:08.666+0000] {taskinstance.py:1956} INFO - Dependencies all met for dep_context=non-requeueable deps ti=<TaskInstance: mbta_kafka_consumer_dag.run_kafka_consumer scheduled__2025-04-21T04:55:00+00:00 [queued]>
[2025-04-21T05:22:08.692+0000] {taskinstance.py:1956} INFO - Dependencies all met for dep_context=requeueable deps ti=<TaskInstance: mbta_kafka_consumer_dag.run_kafka_consumer scheduled__2025-04-21T04:55:00+00:00 [queued]>
[2025-04-21T05:22:08.697+0000] {taskinstance.py:2170} INFO - Starting attempt 6 of 2
[2025-04-21T05:22:08.732+0000] {taskinstance.py:2191} INFO - Executing <Task(PythonOperator): run_kafka_consumer> on 2025-04-21 04:55:00+00:00
[2025-04-21T05:22:08.741+0000] {standard_task_runner.py:60} INFO - Started process 253 to run task
[2025-04-21T05:22:08.750+0000] {standard_task_runner.py:87} INFO - Running: ['***', 'tasks', 'run', 'mbta_kafka_consumer_dag', 'run_kafka_consumer', 'scheduled__2025-04-21T04:55:00+00:00', '--job-id', '83', '--raw', '--subdir', 'DAGS_FOLDER/mbta_kafka_consumer_dag.py', '--cfg-path', '/tmp/tmpe1c9qbwo']
[2025-04-21T05:22:08.782+0000] {standard_task_runner.py:88} INFO - Job 83: Subtask run_kafka_consumer
[2025-04-21T05:22:08.932+0000] {logging_mixin.py:188} WARNING - /home/***/.local/lib/python3.9/site-packages/***/settings.py:194 DeprecationWarning: The sql_alchemy_conn option in [core] has been moved to the sql_alchemy_conn option in [database] - the old setting has been used, but please update your config.
[2025-04-21T05:22:09.122+0000] {task_command.py:423} INFO - Running <TaskInstance: mbta_kafka_consumer_dag.run_kafka_consumer scheduled__2025-04-21T04:55:00+00:00 [running]> on host a3478556be4b
[2025-04-21T05:22:09.323+0000] {taskinstance.py:2480} INFO - Exporting env vars: AIRFLOW_CTX_DAG_OWNER='***' AIRFLOW_CTX_DAG_ID='mbta_kafka_consumer_dag' AIRFLOW_CTX_TASK_ID='run_kafka_consumer' AIRFLOW_CTX_EXECUTION_DATE='2025-04-21T04:55:00+00:00' AIRFLOW_CTX_TRY_NUMBER='6' AIRFLOW_CTX_DAG_RUN_ID='scheduled__2025-04-21T04:55:00+00:00'
[2025-04-21T05:22:09.326+0000] {connection.py:370} INFO - Snowflake Connector for Python Version: 3.6.0, Python Version: 3.9.18, Platform: Linux-6.10.14-linuxkit-aarch64-with-glibc2.36
[2025-04-21T05:22:09.328+0000] {connection.py:1171} INFO - This connection is in OCSP Fail Open Mode. TLS Certificates would be checked for validity and revocation status. Any other Certificate Revocation related exceptions or OCSP Responder failures would be disregarded in favor of connectivity.
[2025-04-21T05:22:10.147+0000] {mbta_kafka_consumer.py:45} INFO - ✅ Connected to Snowflake successfully.
[2025-04-21T05:22:10.153+0000] {mbta_kafka_consumer.py:219} INFO - 🚀 Starting MBTA Kafka Consumer...
[2025-04-21T05:22:10.160+0000] {conn.py:395} INFO - <BrokerConnection client_id=kafka-python-2.1.5, node_id=bootstrap-0 host=kafka:9092 <connecting> [IPv4 ('172.18.0.4', 9092)]>: connecting to kafka:9092 [('172.18.0.4', 9092) IPv4]
[2025-04-21T05:22:10.189+0000] {conn.py:615} INFO - <BrokerConnection client_id=kafka-python-2.1.5, node_id=bootstrap-0 host=kafka:9092 <checking_api_versions_recv> [IPv4 ('172.18.0.4', 9092)]>: Broker version identified as 2.6
[2025-04-21T05:22:10.190+0000] {conn.py:456} INFO - <BrokerConnection client_id=kafka-python-2.1.5, node_id=bootstrap-0 host=kafka:9092 <connected> [IPv4 ('172.18.0.4', 9092)]>: Connection complete.
[2025-04-21T05:22:10.198+0000] {consumer.py:119} WARNING - group_id is None: disabling auto-commit.
[2025-04-21T05:22:10.199+0000] {subscription_state.py:182} INFO - Updating subscribed topics to: ('mbta_alerts', 'mbta_routes', 'mbta_stops', 'mbta_vehicles', 'mbta_predictions')
[2025-04-21T05:22:10.204+0000] {subscription_state.py:254} INFO - Updated partition assignment: [('mbta_stops', 0), ('mbta_predictions', 0), ('mbta_routes', 0), ('mbta_alerts', 0), ('mbta_vehicles', 0)]
[2025-04-21T05:22:10.209+0000] {conn.py:395} INFO - <BrokerConnection client_id=kafka-python-2.1.5, node_id=1 host=kafka:9092 <connecting> [IPv4 ('172.18.0.4', 9092)]>: connecting to kafka:9092 [('172.18.0.4', 9092) IPv4]
[2025-04-21T05:22:10.211+0000] {conn.py:456} INFO - <BrokerConnection client_id=kafka-python-2.1.5, node_id=1 host=kafka:9092 <connected> [IPv4 ('172.18.0.4', 9092)]>: Connection complete.
[2025-04-21T05:22:10.216+0000] {conn.py:936} INFO - <BrokerConnection client_id=kafka-python-2.1.5, node_id=bootstrap-0 host=kafka:9092 <connected> [IPv4 ('172.18.0.4', 9092)]>: Closing connection. 
[2025-04-21T05:22:14.422+0000] {mbta_kafka_consumer.py:233} INFO - 📥 Received 104 records from topic: mbta_alerts
[2025-04-21T05:22:14.475+0000] {mbta_kafka_consumer.py:56} INFO - 🔍 Sample data for MBTA_ALERTS:
[2025-04-21T05:22:14.481+0000] {mbta_kafka_consumer.py:57} INFO - 
  ALERT_ID  ...                 CREATED_AT
0   638240  ...  2025-04-16T10:52:04-04:00
1   638657  ...  2025-04-18T10:54:16-04:00
2   435698  ...  2022-03-15T10:13:31-04:00
3   634497  ...  2025-03-27T14:21:07-04:00
4   634495  ...  2025-03-27T14:18:44-04:00

[5 rows x 6 columns]
[2025-04-21T05:22:14.609+0000] {cursor.py:1028} INFO - query: [SELECT * FROM MBTA_ALERTS WHERE ALERT_ID IN ('638240','638657','435698','634497'...]
[2025-04-21T05:22:14.851+0000] {cursor.py:1041} INFO - query execution done
[2025-04-21T05:22:14.864+0000] {cursor.py:1205} INFO - Number of results in first chunk: 0
[2025-04-21T05:22:16.083+0000] {mbta_kafka_consumer.py:104} INFO - 🔁 0 new/updated records out of 104 incoming records (some may be duplicate VEHICLE_IDs) for MBTA_ALERTS
[2025-04-21T05:22:16.092+0000] {mbta_kafka_consumer.py:107} INFO - ✅ All 104 records already up-to-date in MBTA_ALERTS, no merge needed.
[2025-04-21T05:22:16.093+0000] {mbta_kafka_consumer.py:233} INFO - 📥 Received 103 records from topic: mbta_alerts
[2025-04-21T05:22:16.100+0000] {mbta_kafka_consumer.py:56} INFO - 🔍 Sample data for MBTA_ALERTS:
[2025-04-21T05:22:16.105+0000] {mbta_kafka_consumer.py:57} INFO - 
  ALERT_ID  ...                 CREATED_AT
0   638240  ...  2025-04-16T10:52:04-04:00
1   638657  ...  2025-04-18T10:54:16-04:00
2   435698  ...  2022-03-15T10:13:31-04:00
3   634497  ...  2025-03-27T14:21:07-04:00
4   634495  ...  2025-03-27T14:18:44-04:00

[5 rows x 6 columns]
[2025-04-21T05:22:16.135+0000] {cursor.py:1028} INFO - query: [SELECT * FROM MBTA_ALERTS WHERE ALERT_ID IN ('638240','638657','435698','634497'...]
[2025-04-21T05:22:16.348+0000] {cursor.py:1041} INFO - query execution done
[2025-04-21T05:22:16.352+0000] {cursor.py:1205} INFO - Number of results in first chunk: 0
[2025-04-21T05:22:16.772+0000] {mbta_kafka_consumer.py:104} INFO - 🔁 0 new/updated records out of 103 incoming records (some may be duplicate VEHICLE_IDs) for MBTA_ALERTS
[2025-04-21T05:22:16.774+0000] {mbta_kafka_consumer.py:107} INFO - ✅ All 103 records already up-to-date in MBTA_ALERTS, no merge needed.
[2025-04-21T05:22:16.777+0000] {mbta_kafka_consumer.py:233} INFO - 📥 Received 103 records from topic: mbta_alerts
[2025-04-21T05:22:16.783+0000] {mbta_kafka_consumer.py:56} INFO - 🔍 Sample data for MBTA_ALERTS:
[2025-04-21T05:22:16.784+0000] {mbta_kafka_consumer.py:57} INFO - 
  ALERT_ID  ...                 CREATED_AT
0   638240  ...  2025-04-16T10:52:04-04:00
1   638657  ...  2025-04-18T10:54:16-04:00
2   435698  ...  2022-03-15T10:13:31-04:00
3   634497  ...  2025-03-27T14:21:07-04:00
4   634495  ...  2025-03-27T14:18:44-04:00

[5 rows x 6 columns]
[2025-04-21T05:22:16.795+0000] {cursor.py:1028} INFO - query: [SELECT * FROM MBTA_ALERTS WHERE ALERT_ID IN ('638240','638657','435698','634497'...]
[2025-04-21T05:22:16.965+0000] {cursor.py:1041} INFO - query execution done
[2025-04-21T05:22:16.965+0000] {cursor.py:1205} INFO - Number of results in first chunk: 0
[2025-04-21T05:22:17.106+0000] {mbta_kafka_consumer.py:104} INFO - 🔁 0 new/updated records out of 103 incoming records (some may be duplicate VEHICLE_IDs) for MBTA_ALERTS
[2025-04-21T05:22:17.107+0000] {mbta_kafka_consumer.py:107} INFO - ✅ All 103 records already up-to-date in MBTA_ALERTS, no merge needed.
[2025-04-21T05:22:17.108+0000] {mbta_kafka_consumer.py:233} INFO - 📥 Received 218 records from topic: mbta_vehicles
[2025-04-21T05:22:17.112+0000] {mbta_kafka_consumer.py:56} INFO - 🔍 Sample data for MBTA_VEHICLES:
[2025-04-21T05:22:17.113+0000] {mbta_kafka_consumer.py:57} INFO - 
  VEHICLE_ID         ROUTE_ID  ...         STATUS                 CREATED_AT
0    G-10062          Green-B  ...    INCOMING_AT 2025-04-21 05:22:17.108199
1       1832    CR-Providence  ...  IN_TRANSIT_TO 2025-04-21 05:22:17.108227
2      y3136               93  ...  IN_TRANSIT_TO 2025-04-21 05:22:17.108230
3      y1619              34E  ...  IN_TRANSIT_TO 2025-04-21 05:22:17.108232
4      y1709  Shuttle-Generic  ...  IN_TRANSIT_TO 2025-04-21 05:22:17.108233

[5 rows x 8 columns]
[2025-04-21T05:22:17.117+0000] {cursor.py:1028} INFO - query: [SELECT * FROM MBTA_VEHICLES WHERE VEHICLE_ID IN ('G-10062','1832','y3136','y1619...]
[2025-04-21T05:22:17.360+0000] {cursor.py:1041} INFO - query execution done
[2025-04-21T05:22:17.361+0000] {cursor.py:1205} INFO - Number of results in first chunk: 234
[2025-04-21T05:22:17.374+0000] {mbta_kafka_consumer.py:104} INFO - 🔁 1 new/updated records out of 218 incoming records (some may be duplicate VEHICLE_IDs) for MBTA_VEHICLES
[2025-04-21T05:22:17.375+0000] {cursor.py:1028} INFO - query: [MERGE INTO MBTA_VEHICLES AS target USING (SELECT 'R-54829A82', 'Red', 42.23014, ...]
[2025-04-21T05:22:20.117+0000] {cursor.py:1041} INFO - query execution done
[2025-04-21T05:22:20.119+0000] {cursor.py:1028} INFO - query: [COMMIT]
[2025-04-21T05:22:20.266+0000] {cursor.py:1041} INFO - query execution done
[2025-04-21T05:22:20.267+0000] {cursor.py:1205} INFO - Number of results in first chunk: 1
[2025-04-21T05:22:20.267+0000] {mbta_kafka_consumer.py:139} INFO - ✅ Merged 1 new/changed records into Snowflake table: MBTA_VEHICLES in 3.15 seconds
[2025-04-21T05:22:20.269+0000] {mbta_kafka_consumer.py:233} INFO - 📥 Received 165 records from topic: mbta_vehicles
[2025-04-21T05:22:20.283+0000] {mbta_kafka_consumer.py:56} INFO - 🔍 Sample data for MBTA_VEHICLES:
[2025-04-21T05:22:20.283+0000] {mbta_kafka_consumer.py:57} INFO - 
   VEHICLE_ID ROUTE_ID  ...         STATUS                 CREATED_AT
0       y1619      34E  ...     STOPPED_AT 2025-04-21 05:22:20.271358
1     G-10223  Green-B  ...     STOPPED_AT 2025-04-21 05:22:20.271380
2  R-54829A82      Red  ...  IN_TRANSIT_TO 2025-04-21 05:22:20.271397
3       y1874        1  ...  IN_TRANSIT_TO 2025-04-21 05:22:20.271401
4       y1202       39  ...  IN_TRANSIT_TO 2025-04-21 05:22:20.271406

[5 rows x 8 columns]
[2025-04-21T05:22:20.291+0000] {cursor.py:1028} INFO - query: [SELECT * FROM MBTA_VEHICLES WHERE VEHICLE_ID IN ('y1619','G-10223','R-54829A82',...]
[2025-04-21T05:22:20.533+0000] {cursor.py:1041} INFO - query execution done
[2025-04-21T05:22:20.534+0000] {cursor.py:1205} INFO - Number of results in first chunk: 165
[2025-04-21T05:22:20.544+0000] {mbta_kafka_consumer.py:104} INFO - 🔁 158 new/updated records out of 165 incoming records (some may be duplicate VEHICLE_IDs) for MBTA_VEHICLES
[2025-04-21T05:22:20.544+0000] {cursor.py:1028} INFO - query: [MERGE INTO MBTA_VEHICLES AS target USING (SELECT 'y1619', '34E', 42.261534269, -...]
[2025-04-21T05:22:22.793+0000] {cursor.py:1041} INFO - query execution done
[2025-04-21T05:22:22.795+0000] {cursor.py:1028} INFO - query: [MERGE INTO MBTA_VEHICLES AS target USING (SELECT 'G-10223', 'Green-B', 42.35065,...]
[2025-04-21T05:22:25.567+0000] {cursor.py:1041} INFO - query execution done
[2025-04-21T05:22:25.570+0000] {cursor.py:1028} INFO - query: [MERGE INTO MBTA_VEHICLES AS target USING (SELECT 'R-54829A82', 'Red', 42.21293, ...]
[2025-04-21T05:22:28.443+0000] {cursor.py:1041} INFO - query execution done
[2025-04-21T05:22:28.446+0000] {cursor.py:1028} INFO - query: [MERGE INTO MBTA_VEHICLES AS target USING (SELECT 'y1874', '1', 42.36439512, -71....]
[2025-04-21T05:22:31.513+0000] {cursor.py:1041} INFO - query execution done
[2025-04-21T05:22:31.514+0000] {cursor.py:1028} INFO - query: [MERGE INTO MBTA_VEHICLES AS target USING (SELECT 'y1202', '39', 42.34738225, -71...]
[2025-04-21T05:22:34.913+0000] {cursor.py:1041} INFO - query execution done
[2025-04-21T05:22:34.917+0000] {cursor.py:1028} INFO - query: [MERGE INTO MBTA_VEHICLES AS target USING (SELECT 'y1680', '31', 42.2675, -71.091...]
[2025-04-21T05:22:37.953+0000] {cursor.py:1041} INFO - query execution done
[2025-04-21T05:22:37.955+0000] {cursor.py:1028} INFO - query: [MERGE INTO MBTA_VEHICLES AS target USING (SELECT 'B-54829F7A', 'Blue', 42.35905,...]
[2025-04-21T05:22:41.080+0000] {cursor.py:1041} INFO - query execution done
[2025-04-21T05:22:41.085+0000] {cursor.py:1028} INFO - query: [MERGE INTO MBTA_VEHICLES AS target USING (SELECT 'y1312', '743', 42.348468029, -...]
[2025-04-21T05:22:44.259+0000] {cursor.py:1041} INFO - query execution done
[2025-04-21T05:22:44.270+0000] {cursor.py:1028} INFO - query: [MERGE INTO MBTA_VEHICLES AS target USING (SELECT 'y2090', '78', 42.38223552, -71...]
[2025-04-21T05:22:44.261+0000] {local_task_job_runner.py:121} ERROR - Received SIGTERM. Terminating subprocesses
[2025-04-21T05:22:44.401+0000] {process_utils.py:131} INFO - Sending 15 to group 253. PIDs of all processes in the group: [253]
[2025-04-21T05:22:44.406+0000] {process_utils.py:86} INFO - Sending the signal 15 to group 253
[2025-04-21T05:22:44.418+0000] {taskinstance.py:2450} ERROR - Received SIGTERM. Terminating subprocesses.
[2025-04-21T05:22:44.439+0000] {mbta_kafka_consumer.py:212} ERROR - ❌ Error processing topic mbta_vehicles: Task received SIGTERM signal
[2025-04-21T05:22:44.603+0000] {mbta_kafka_consumer.py:233} INFO - 📥 Received 165 records from topic: mbta_vehicles
[2025-04-21T05:22:44.695+0000] {mbta_kafka_consumer.py:56} INFO - 🔍 Sample data for MBTA_VEHICLES:
[2025-04-21T05:22:44.696+0000] {mbta_kafka_consumer.py:57} INFO - 
   VEHICLE_ID ROUTE_ID  ...         STATUS                 CREATED_AT
0       y1619      34E  ...     STOPPED_AT 2025-04-21 05:22:44.607521
1     G-10223  Green-B  ...    INCOMING_AT 2025-04-21 05:22:44.607993
2  R-54829A82      Red  ...  IN_TRANSIT_TO 2025-04-21 05:22:44.608659
3       y1874        1  ...  IN_TRANSIT_TO 2025-04-21 05:22:44.608665
4       y1202       39  ...  IN_TRANSIT_TO 2025-04-21 05:22:44.608675

[5 rows x 8 columns]
[2025-04-21T05:22:44.718+0000] {cursor.py:1028} INFO - query: [SELECT * FROM MBTA_VEHICLES WHERE VEHICLE_ID IN ('y1619','G-10223','R-54829A82',...]
[2025-04-21T05:22:45.463+0000] {cursor.py:1041} INFO - query execution done
[2025-04-21T05:22:45.464+0000] {cursor.py:1205} INFO - Number of results in first chunk: 165
[2025-04-21T05:22:45.486+0000] {mbta_kafka_consumer.py:104} INFO - 🔁 156 new/updated records out of 165 incoming records (some may be duplicate VEHICLE_IDs) for MBTA_VEHICLES
[2025-04-21T05:22:45.487+0000] {cursor.py:1028} INFO - query: [MERGE INTO MBTA_VEHICLES AS target USING (SELECT 'y1619', '34E', 42.26281996, -7...]
[2025-04-21T05:22:50.452+0000] {cursor.py:1041} INFO - query execution done
[2025-04-21T05:22:50.477+0000] {cursor.py:1028} INFO - query: [MERGE INTO MBTA_VEHICLES AS target USING (SELECT 'G-10223', 'Green-B', 42.34986,...]
