[2025-04-22T02:34:07.918+0000] {taskinstance.py:1956} INFO - Dependencies all met for dep_context=non-requeueable deps ti=<TaskInstance: mbta_kafka_consumer_dag.run_kafka_consumer scheduled__2025-04-22T02:15:00+00:00 [queued]>
[2025-04-22T02:34:07.922+0000] {taskinstance.py:1956} INFO - Dependencies all met for dep_context=requeueable deps ti=<TaskInstance: mbta_kafka_consumer_dag.run_kafka_consumer scheduled__2025-04-22T02:15:00+00:00 [queued]>
[2025-04-22T02:34:07.922+0000] {taskinstance.py:2170} INFO - Starting attempt 2 of 2
[2025-04-22T02:34:07.929+0000] {taskinstance.py:2191} INFO - Executing <Task(PythonOperator): run_kafka_consumer> on 2025-04-22 02:15:00+00:00
[2025-04-22T02:34:07.932+0000] {standard_task_runner.py:60} INFO - Started process 765 to run task
[2025-04-22T02:34:07.935+0000] {standard_task_runner.py:87} INFO - Running: ['***', 'tasks', 'run', 'mbta_kafka_consumer_dag', 'run_kafka_consumer', 'scheduled__2025-04-22T02:15:00+00:00', '--job-id', '14', '--raw', '--subdir', 'DAGS_FOLDER/mbta_kafka_consumer_dag.py', '--cfg-path', '/tmp/tmpllumb38l']
[2025-04-22T02:34:07.936+0000] {standard_task_runner.py:88} INFO - Job 14: Subtask run_kafka_consumer
[2025-04-22T02:34:07.945+0000] {logging_mixin.py:188} WARNING - /home/***/.local/lib/python3.9/site-packages/***/settings.py:194 DeprecationWarning: The sql_alchemy_conn option in [core] has been moved to the sql_alchemy_conn option in [database] - the old setting has been used, but please update your config.
[2025-04-22T02:34:07.966+0000] {task_command.py:423} INFO - Running <TaskInstance: mbta_kafka_consumer_dag.run_kafka_consumer scheduled__2025-04-22T02:15:00+00:00 [running]> on host 2c22c90a5849
[2025-04-22T02:34:08.011+0000] {taskinstance.py:2480} INFO - Exporting env vars: AIRFLOW_CTX_DAG_OWNER='***' AIRFLOW_CTX_DAG_ID='mbta_kafka_consumer_dag' AIRFLOW_CTX_TASK_ID='run_kafka_consumer' AIRFLOW_CTX_EXECUTION_DATE='2025-04-22T02:15:00+00:00' AIRFLOW_CTX_TRY_NUMBER='2' AIRFLOW_CTX_DAG_RUN_ID='scheduled__2025-04-22T02:15:00+00:00'
[2025-04-22T02:34:08.012+0000] {connection.py:370} INFO - Snowflake Connector for Python Version: 3.6.0, Python Version: 3.9.18, Platform: Linux-6.10.14-linuxkit-aarch64-with-glibc2.36
[2025-04-22T02:34:08.012+0000] {connection.py:1171} INFO - This connection is in OCSP Fail Open Mode. TLS Certificates would be checked for validity and revocation status. Any other Certificate Revocation related exceptions or OCSP Responder failures would be disregarded in favor of connectivity.
[2025-04-22T02:34:08.866+0000] {mbta_kafka_consumer.py:45} INFO - ✅ Connected to Snowflake successfully.
[2025-04-22T02:34:08.867+0000] {mbta_kafka_consumer.py:219} INFO - 🚀 Starting MBTA Kafka Consumer...
[2025-04-22T02:34:08.869+0000] {conn.py:395} INFO - <BrokerConnection client_id=kafka-python-2.1.5, node_id=bootstrap-0 host=kafka:9092 <connecting> [IPv4 ('172.18.0.4', 9092)]>: connecting to kafka:9092 [('172.18.0.4', 9092) IPv4]
[2025-04-22T02:34:08.885+0000] {conn.py:615} INFO - <BrokerConnection client_id=kafka-python-2.1.5, node_id=bootstrap-0 host=kafka:9092 <checking_api_versions_recv> [IPv4 ('172.18.0.4', 9092)]>: Broker version identified as 2.6
[2025-04-22T02:34:08.885+0000] {conn.py:456} INFO - <BrokerConnection client_id=kafka-python-2.1.5, node_id=bootstrap-0 host=kafka:9092 <connected> [IPv4 ('172.18.0.4', 9092)]>: Connection complete.
[2025-04-22T02:34:08.887+0000] {consumer.py:119} WARNING - group_id is None: disabling auto-commit.
[2025-04-22T02:34:08.887+0000] {subscription_state.py:182} INFO - Updating subscribed topics to: ('mbta_alerts', 'mbta_routes', 'mbta_stops', 'mbta_vehicles', 'mbta_predictions')
[2025-04-22T02:34:08.894+0000] {subscription_state.py:254} INFO - Updated partition assignment: [('mbta_alerts', 0), ('mbta_vehicles', 0), ('mbta_routes', 0), ('mbta_stops', 0), ('mbta_predictions', 0)]
[2025-04-22T02:34:08.895+0000] {conn.py:395} INFO - <BrokerConnection client_id=kafka-python-2.1.5, node_id=1 host=kafka:9092 <connecting> [IPv4 ('172.18.0.4', 9092)]>: connecting to kafka:9092 [('172.18.0.4', 9092) IPv4]
[2025-04-22T02:34:08.896+0000] {conn.py:456} INFO - <BrokerConnection client_id=kafka-python-2.1.5, node_id=1 host=kafka:9092 <connected> [IPv4 ('172.18.0.4', 9092)]>: Connection complete.
[2025-04-22T02:34:08.896+0000] {conn.py:936} INFO - <BrokerConnection client_id=kafka-python-2.1.5, node_id=bootstrap-0 host=kafka:9092 <connected> [IPv4 ('172.18.0.4', 9092)]>: Closing connection. 
[2025-04-22T02:34:09.899+0000] {mbta_kafka_consumer.py:233} INFO - 📥 Received 324 records from topic: mbta_vehicles
[2025-04-22T02:34:09.906+0000] {mbta_kafka_consumer.py:56} INFO - 🔍 Sample data for MBTA_VEHICLES:
[2025-04-22T02:34:09.906+0000] {mbta_kafka_consumer.py:57} INFO - 
   VEHICLE_ID         ROUTE_ID  ...         STATUS                 CREATED_AT
0      ynk303  Shuttle-Generic  ...  IN_TRANSIT_TO 2025-04-22 02:34:09.900224
1  R-5482A35B              Red  ...  IN_TRANSIT_TO 2025-04-22 02:34:09.900235
2       y1989               70  ...     STOPPED_AT 2025-04-22 02:34:09.900237
3       y1203               28  ...     STOPPED_AT 2025-04-22 02:34:09.900239
4     G-10014          Green-E  ...    INCOMING_AT 2025-04-22 02:34:09.900241

[5 rows x 8 columns]
[2025-04-22T02:34:09.913+0000] {cursor.py:1028} INFO - query: [SELECT * FROM MBTA_VEHICLES WHERE VEHICLE_ID IN ('ynk303','R-5482A35B','y1989','...]
[2025-04-22T02:34:10.224+0000] {cursor.py:1041} INFO - query execution done
[2025-04-22T02:34:10.224+0000] {cursor.py:1205} INFO - Number of results in first chunk: 336
[2025-04-22T02:34:10.242+0000] {mbta_kafka_consumer.py:104} INFO - 🔁 184 new/updated records out of 324 incoming records (some may be duplicate VEHICLE_IDs) for MBTA_VEHICLES
[2025-04-22T02:34:10.242+0000] {cursor.py:1028} INFO - query: [MERGE INTO MBTA_VEHICLES AS target USING (SELECT 'y1989', '70', 42.3632761, -71....]
[2025-04-22T02:34:12.933+0000] {cursor.py:1041} INFO - query execution done
[2025-04-22T02:34:12.935+0000] {cursor.py:1028} INFO - query: [MERGE INTO MBTA_VEHICLES AS target USING (SELECT 'y1203', '28', 42.28214146, -71...]
[2025-04-22T02:34:16.105+0000] {cursor.py:1041} INFO - query execution done
[2025-04-22T02:34:16.109+0000] {cursor.py:1028} INFO - query: [MERGE INTO MBTA_VEHICLES AS target USING (SELECT 'G-10014', 'Green-E', 42.3454, ...]
[2025-04-22T02:34:18.975+0000] {cursor.py:1041} INFO - query execution done
[2025-04-22T02:34:18.977+0000] {cursor.py:1028} INFO - query: [MERGE INTO MBTA_VEHICLES AS target USING (SELECT 'y1851', '15', 42.3089136, -71....]
[2025-04-22T02:34:22.149+0000] {cursor.py:1041} INFO - query execution done
[2025-04-22T02:34:22.150+0000] {cursor.py:1028} INFO - query: [MERGE INTO MBTA_VEHICLES AS target USING (SELECT 'y1851', '15', 42.3089136, -71....]
[2025-04-22T02:34:25.501+0000] {cursor.py:1041} INFO - query execution done
[2025-04-22T02:34:25.503+0000] {cursor.py:1028} INFO - query: [MERGE INTO MBTA_VEHICLES AS target USING (SELECT 'y1851', '15', 42.3089136, -71....]
[2025-04-22T02:34:29.020+0000] {cursor.py:1041} INFO - query execution done
[2025-04-22T02:34:29.021+0000] {cursor.py:1028} INFO - query: [MERGE INTO MBTA_VEHICLES AS target USING (SELECT 'y1851', '15', 42.3089136, -71....]
[2025-04-22T02:34:31.654+0000] {cursor.py:1041} INFO - query execution done
[2025-04-22T02:34:31.655+0000] {cursor.py:1028} INFO - query: [MERGE INTO MBTA_VEHICLES AS target USING (SELECT 'y1851', '15', 42.3089136, -71....]
[2025-04-22T02:34:35.233+0000] {cursor.py:1041} INFO - query execution done
[2025-04-22T02:34:35.238+0000] {cursor.py:1028} INFO - query: [MERGE INTO MBTA_VEHICLES AS target USING (SELECT 'y1851', '15', 42.3089136, -71....]
[2025-04-22T02:34:38.021+0000] {cursor.py:1041} INFO - query execution done
[2025-04-22T02:34:38.023+0000] {cursor.py:1028} INFO - query: [MERGE INTO MBTA_VEHICLES AS target USING (SELECT 'y1851', '15', 42.3089136, -71....]
[2025-04-22T02:34:40.801+0000] {cursor.py:1041} INFO - query execution done
[2025-04-22T02:34:40.805+0000] {cursor.py:1028} INFO - query: [MERGE INTO MBTA_VEHICLES AS target USING (SELECT 'y1851', '15', 42.3089136, -71....]
[2025-04-22T02:34:43.654+0000] {cursor.py:1041} INFO - query execution done
[2025-04-22T02:34:43.658+0000] {cursor.py:1028} INFO - query: [MERGE INTO MBTA_VEHICLES AS target USING (SELECT 'y1851', '15', 42.3089136, -71....]
[2025-04-22T02:34:47.349+0000] {cursor.py:1041} INFO - query execution done
[2025-04-22T02:34:47.357+0000] {cursor.py:1028} INFO - query: [MERGE INTO MBTA_VEHICLES AS target USING (SELECT 'y1851', '15', 42.3089136, -71....]
[2025-04-22T02:34:50.111+0000] {cursor.py:1041} INFO - query execution done
[2025-04-22T02:34:50.116+0000] {cursor.py:1028} INFO - query: [MERGE INTO MBTA_VEHICLES AS target USING (SELECT 'y1851', '15', 42.3089136, -71....]
[2025-04-22T02:34:53.070+0000] {cursor.py:1041} INFO - query execution done
[2025-04-22T02:34:53.072+0000] {cursor.py:1028} INFO - query: [MERGE INTO MBTA_VEHICLES AS target USING (SELECT 'y1851', '15', 42.3089136, -71....]
[2025-04-22T02:34:56.039+0000] {cursor.py:1041} INFO - query execution done
[2025-04-22T02:34:56.040+0000] {cursor.py:1028} INFO - query: [MERGE INTO MBTA_VEHICLES AS target USING (SELECT 'y1851', '15', 42.3089136, -71....]
[2025-04-22T02:34:59.013+0000] {cursor.py:1041} INFO - query execution done
[2025-04-22T02:34:59.015+0000] {cursor.py:1028} INFO - query: [MERGE INTO MBTA_VEHICLES AS target USING (SELECT 'y3305', '429', 42.46730329, -7...]
[2025-04-22T02:35:01.829+0000] {cursor.py:1041} INFO - query execution done
[2025-04-22T02:35:01.832+0000] {cursor.py:1028} INFO - query: [MERGE INTO MBTA_VEHICLES AS target USING (SELECT '1811', 'CR-Kingston', 42.08979...]
[2025-04-22T02:35:04.473+0000] {cursor.py:1041} INFO - query execution done
[2025-04-22T02:35:04.478+0000] {cursor.py:1028} INFO - query: [MERGE INTO MBTA_VEHICLES AS target USING (SELECT 'y1613', '34E', 42.24943974, -7...]
[2025-04-22T02:35:07.474+0000] {cursor.py:1041} INFO - query execution done
[2025-04-22T02:35:07.483+0000] {cursor.py:1028} INFO - query: [MERGE INTO MBTA_VEHICLES AS target USING (SELECT 'y1896', '57', 42.36259729, -71...]
[2025-04-22T02:35:10.382+0000] {cursor.py:1041} INFO - query execution done
[2025-04-22T02:35:10.384+0000] {cursor.py:1028} INFO - query: [MERGE INTO MBTA_VEHICLES AS target USING (SELECT 'y3115', '71', 42.373465405, -7...]
[2025-04-22T02:35:13.078+0000] {cursor.py:1041} INFO - query execution done
[2025-04-22T02:35:13.082+0000] {cursor.py:1028} INFO - query: [MERGE INTO MBTA_VEHICLES AS target USING (SELECT 'G-10067', 'Green-C', 42.34791,...]
[2025-04-22T02:35:15.788+0000] {cursor.py:1041} INFO - query execution done
[2025-04-22T02:35:15.789+0000] {cursor.py:1028} INFO - query: [MERGE INTO MBTA_VEHICLES AS target USING (SELECT 'y1925', '88', 42.4055509, -71....]
[2025-04-22T02:35:18.979+0000] {cursor.py:1041} INFO - query execution done
[2025-04-22T02:35:18.980+0000] {cursor.py:1028} INFO - query: [MERGE INTO MBTA_VEHICLES AS target USING (SELECT '1839', 'CR-Worcester', 42.2714...]
[2025-04-22T02:35:21.741+0000] {cursor.py:1041} INFO - query execution done
[2025-04-22T02:35:21.742+0000] {cursor.py:1028} INFO - query: [MERGE INTO MBTA_VEHICLES AS target USING (SELECT 'y1858', '8', 42.32985184, -71....]
[2025-04-22T02:35:25.028+0000] {cursor.py:1041} INFO - query execution done
[2025-04-22T02:35:25.031+0000] {cursor.py:1028} INFO - query: [MERGE INTO MBTA_VEHICLES AS target USING (SELECT 'G-10310', 'Green-D', 42.32893,...]
[2025-04-22T02:35:27.889+0000] {cursor.py:1041} INFO - query execution done
[2025-04-22T02:35:27.891+0000] {cursor.py:1028} INFO - query: [MERGE INTO MBTA_VEHICLES AS target USING (SELECT 'y1323', '746', 42.35075219, -7...]
[2025-04-22T02:35:31.278+0000] {cursor.py:1041} INFO - query execution done
[2025-04-22T02:35:31.282+0000] {cursor.py:1028} INFO - query: [MERGE INTO MBTA_VEHICLES AS target USING (SELECT 'G-10095', 'Green-D', 42.33254,...]
[2025-04-22T02:35:34.235+0000] {cursor.py:1041} INFO - query execution done
[2025-04-22T02:35:34.237+0000] {cursor.py:1028} INFO - query: [MERGE INTO MBTA_VEHICLES AS target USING (SELECT 'y1677', '31', 42.268615129, -7...]
[2025-04-22T02:35:36.800+0000] {cursor.py:1041} INFO - query execution done
[2025-04-22T02:35:36.803+0000] {cursor.py:1028} INFO - query: [MERGE INTO MBTA_VEHICLES AS target USING (SELECT 'y3323', '435', 42.51125282, -7...]
[2025-04-22T02:35:39.435+0000] {cursor.py:1041} INFO - query execution done
[2025-04-22T02:35:39.438+0000] {cursor.py:1028} INFO - query: [MERGE INTO MBTA_VEHICLES AS target USING (SELECT 'y1790', '22', 42.29977633, -71...]
[2025-04-22T02:35:42.652+0000] {cursor.py:1041} INFO - query execution done
[2025-04-22T02:35:42.653+0000] {cursor.py:1028} INFO - query: [MERGE INTO MBTA_VEHICLES AS target USING (SELECT 'G-10072', 'Green-E', 42.33218,...]
[2025-04-22T02:35:45.487+0000] {cursor.py:1041} INFO - query execution done
[2025-04-22T02:35:45.490+0000] {cursor.py:1028} INFO - query: [MERGE INTO MBTA_VEHICLES AS target USING (SELECT '1809', 'CR-NewBedford', 41.974...]
[2025-04-22T02:35:48.370+0000] {cursor.py:1041} INFO - query execution done
[2025-04-22T02:35:48.372+0000] {cursor.py:1028} INFO - query: [MERGE INTO MBTA_VEHICLES AS target USING (SELECT 'y2083', '71', 42.37579687, -71...]
[2025-04-22T02:35:51.351+0000] {cursor.py:1041} INFO - query execution done
[2025-04-22T02:35:51.354+0000] {cursor.py:1028} INFO - query: [MERGE INTO MBTA_VEHICLES AS target USING (SELECT 'y3325', '426', 42.4582691, -70...]
[2025-04-22T02:35:54.105+0000] {cursor.py:1041} INFO - query execution done
[2025-04-22T02:35:54.107+0000] {cursor.py:1028} INFO - query: [MERGE INTO MBTA_VEHICLES AS target USING (SELECT 'y1881', '9', 42.34094831, -71....]
[2025-04-22T02:35:57.194+0000] {cursor.py:1041} INFO - query execution done
[2025-04-22T02:35:57.197+0000] {cursor.py:1028} INFO - query: [MERGE INTO MBTA_VEHICLES AS target USING (SELECT 'y2011', '77', 42.373594246, -7...]
[2025-04-22T02:35:59.973+0000] {cursor.py:1041} INFO - query execution done
[2025-04-22T02:35:59.974+0000] {cursor.py:1028} INFO - query: [MERGE INTO MBTA_VEHICLES AS target USING (SELECT 'y3308', '455', 42.47182841, -7...]
[2025-04-22T02:36:02.886+0000] {cursor.py:1041} INFO - query execution done
[2025-04-22T02:36:02.890+0000] {cursor.py:1028} INFO - query: [MERGE INTO MBTA_VEHICLES AS target USING (SELECT 'y1218', '39', 42.337361, -71.0...]
[2025-04-22T02:36:05.879+0000] {cursor.py:1041} INFO - query execution done
[2025-04-22T02:36:05.881+0000] {cursor.py:1028} INFO - query: [MERGE INTO MBTA_VEHICLES AS target USING (SELECT 'y2073', '350', 42.44503355, -7...]
[2025-04-22T02:36:08.654+0000] {cursor.py:1041} INFO - query execution done
[2025-04-22T02:36:08.657+0000] {cursor.py:1028} INFO - query: [MERGE INTO MBTA_VEHICLES AS target USING (SELECT 'y1843', '66', 42.32895, -71.08...]
[2025-04-22T02:36:11.341+0000] {cursor.py:1041} INFO - query execution done
[2025-04-22T02:36:11.342+0000] {cursor.py:1028} INFO - query: [MERGE INTO MBTA_VEHICLES AS target USING (SELECT 'y1966', '111', 42.41074377, -7...]
[2025-04-22T02:36:14.173+0000] {cursor.py:1041} INFO - query execution done
[2025-04-22T02:36:14.175+0000] {cursor.py:1028} INFO - query: [MERGE INTO MBTA_VEHICLES AS target USING (SELECT 'y0759', '225', 42.25179187, -7...]
[2025-04-22T02:36:16.950+0000] {cursor.py:1041} INFO - query execution done
[2025-04-22T02:36:16.959+0000] {cursor.py:1028} INFO - query: [MERGE INTO MBTA_VEHICLES AS target USING (SELECT 'y2045', '73', 42.37501807, -71...]
[2025-04-22T02:36:19.908+0000] {cursor.py:1041} INFO - query execution done
[2025-04-22T02:36:19.909+0000] {cursor.py:1028} INFO - query: [MERGE INTO MBTA_VEHICLES AS target USING (SELECT 'O-5482A34D', 'Orange', 42.3118...]
[2025-04-22T02:36:23.082+0000] {cursor.py:1041} INFO - query execution done
[2025-04-22T02:36:23.083+0000] {cursor.py:1028} INFO - query: [MERGE INTO MBTA_VEHICLES AS target USING (SELECT 'B-5482A359', 'Blue', 42.36581,...]
[2025-04-22T02:36:25.901+0000] {cursor.py:1041} INFO - query execution done
[2025-04-22T02:36:25.903+0000] {cursor.py:1028} INFO - query: [MERGE INTO MBTA_VEHICLES AS target USING (SELECT 'y2053', '109', 42.38378878, -7...]
[2025-04-22T02:36:28.916+0000] {cursor.py:1041} INFO - query execution done
[2025-04-22T02:36:28.918+0000] {cursor.py:1028} INFO - query: [MERGE INTO MBTA_VEHICLES AS target USING (SELECT 'G-10078', 'Green-C', 42.34308,...]
[2025-04-22T02:36:32.035+0000] {cursor.py:1041} INFO - query execution done
[2025-04-22T02:36:32.037+0000] {cursor.py:1028} INFO - query: [MERGE INTO MBTA_VEHICLES AS target USING (SELECT 'y3312', '116', 42.40510155, -7...]
[2025-04-22T02:36:34.895+0000] {cursor.py:1041} INFO - query execution done
[2025-04-22T02:36:34.897+0000] {cursor.py:1028} INFO - query: [MERGE INTO MBTA_VEHICLES AS target USING (SELECT 'y2118', '111', 42.37206098, -7...]
[2025-04-22T02:36:37.981+0000] {cursor.py:1041} INFO - query execution done
[2025-04-22T02:36:37.984+0000] {cursor.py:1028} INFO - query: [MERGE INTO MBTA_VEHICLES AS target USING (SELECT 'y3128', '94', 42.418442859, -7...]
[2025-04-22T02:36:41.000+0000] {cursor.py:1041} INFO - query execution done
[2025-04-22T02:36:41.001+0000] {cursor.py:1028} INFO - query: [MERGE INTO MBTA_VEHICLES AS target USING (SELECT 'y0904', '236', 42.210528449, -...]
[2025-04-22T02:36:43.904+0000] {cursor.py:1041} INFO - query execution done
[2025-04-22T02:36:43.906+0000] {cursor.py:1028} INFO - query: [MERGE INTO MBTA_VEHICLES AS target USING (SELECT 'y1873', '23', 42.31817776, -71...]
[2025-04-22T02:36:46.948+0000] {cursor.py:1041} INFO - query execution done
[2025-04-22T02:36:46.951+0000] {cursor.py:1028} INFO - query: [MERGE INTO MBTA_VEHICLES AS target USING (SELECT 'y1804', '44', 42.32244, -71.09...]
[2025-04-22T02:36:50.126+0000] {cursor.py:1041} INFO - query execution done
[2025-04-22T02:36:50.129+0000] {cursor.py:1028} INFO - query: [MERGE INTO MBTA_VEHICLES AS target USING (SELECT 'R-54829C1E', 'Red', 42.38923, ...]
[2025-04-22T02:36:53.498+0000] {cursor.py:1041} INFO - query execution done
[2025-04-22T02:36:53.500+0000] {cursor.py:1028} INFO - query: [MERGE INTO MBTA_VEHICLES AS target USING (SELECT 'y2022', '104', 42.42337252, -7...]
[2025-04-22T02:36:56.148+0000] {cursor.py:1041} INFO - query execution done
[2025-04-22T02:36:56.163+0000] {cursor.py:1028} INFO - query: [MERGE INTO MBTA_VEHICLES AS target USING (SELECT 'B-5482A353', 'Blue', 42.38497,...]
[2025-04-22T02:36:59.741+0000] {cursor.py:1041} INFO - query execution done
[2025-04-22T02:36:59.742+0000] {cursor.py:1028} INFO - query: [MERGE INTO MBTA_VEHICLES AS target USING (SELECT 'G-10117', 'Mattapan', 42.274, ...]
[2025-04-22T02:37:02.885+0000] {cursor.py:1041} INFO - query execution done
[2025-04-22T02:37:02.888+0000] {cursor.py:1028} INFO - query: [MERGE INTO MBTA_VEHICLES AS target USING (SELECT 'y1685', '24', 42.272350609, -7...]
[2025-04-22T02:37:05.698+0000] {cursor.py:1041} INFO - query execution done
[2025-04-22T02:37:05.699+0000] {cursor.py:1028} INFO - query: [MERGE INTO MBTA_VEHICLES AS target USING (SELECT 'y1876', '7', 42.33696083, -71....]
[2025-04-22T02:37:08.650+0000] {cursor.py:1041} INFO - query execution done
[2025-04-22T02:37:08.654+0000] {cursor.py:1028} INFO - query: [MERGE INTO MBTA_VEHICLES AS target USING (SELECT 'R-5482A627', 'Red', 42.31054, ...]
[2025-04-22T02:37:11.525+0000] {cursor.py:1041} INFO - query execution done
[2025-04-22T02:37:11.526+0000] {cursor.py:1028} INFO - query: [MERGE INTO MBTA_VEHICLES AS target USING (SELECT 'y0791', '215', 42.242460199, -...]
[2025-04-22T02:37:14.588+0000] {cursor.py:1041} INFO - query execution done
[2025-04-22T02:37:14.589+0000] {cursor.py:1028} INFO - query: [MERGE INTO MBTA_VEHICLES AS target USING (SELECT 'y1276', '749', 42.3512742, -71...]
[2025-04-22T02:37:17.461+0000] {cursor.py:1041} INFO - query execution done
[2025-04-22T02:37:17.464+0000] {cursor.py:1028} INFO - query: [MERGE INTO MBTA_VEHICLES AS target USING (SELECT 'y1618', '32', 42.30104191, -71...]
[2025-04-22T02:37:21.195+0000] {cursor.py:1041} INFO - query execution done
[2025-04-22T02:37:21.197+0000] {cursor.py:1028} INFO - query: [MERGE INTO MBTA_VEHICLES AS target USING (SELECT 'G-10277', 'Green-E', 42.33274,...]
[2025-04-22T02:37:23.961+0000] {cursor.py:1041} INFO - query execution done
[2025-04-22T02:37:23.962+0000] {cursor.py:1028} INFO - query: [MERGE INTO MBTA_VEHICLES AS target USING (SELECT '1830', 'CR-Worcester', 42.3543...]
[2025-04-22T02:37:26.779+0000] {cursor.py:1041} INFO - query execution done
[2025-04-22T02:37:26.781+0000] {cursor.py:1028} INFO - query: [MERGE INTO MBTA_VEHICLES AS target USING (SELECT 'y2061', '70', 42.3804777, -71....]
[2025-04-22T02:37:29.746+0000] {cursor.py:1041} INFO - query execution done
[2025-04-22T02:37:29.748+0000] {cursor.py:1028} INFO - query: [MERGE INTO MBTA_VEHICLES AS target USING (SELECT 'y1850', '60', 42.326572069, -7...]
[2025-04-22T02:37:32.519+0000] {cursor.py:1041} INFO - query execution done
[2025-04-22T02:37:32.521+0000] {cursor.py:1028} INFO - query: [MERGE INTO MBTA_VEHICLES AS target USING (SELECT 'y2012', '89', 42.38648104, -71...]
[2025-04-22T02:37:35.790+0000] {cursor.py:1041} INFO - query execution done
[2025-04-22T02:37:35.792+0000] {cursor.py:1028} INFO - query: [MERGE INTO MBTA_VEHICLES AS target USING (SELECT 'y0783', '222', 42.24595552, -7...]
[2025-04-22T02:37:38.671+0000] {cursor.py:1041} INFO - query execution done
[2025-04-22T02:37:38.681+0000] {cursor.py:1028} INFO - query: [MERGE INTO MBTA_VEHICLES AS target USING (SELECT 'y1954', '101', 42.38657243, -7...]
[2025-04-22T02:37:41.625+0000] {cursor.py:1041} INFO - query execution done
[2025-04-22T02:37:41.627+0000] {cursor.py:1028} INFO - query: [MERGE INTO MBTA_VEHICLES AS target USING (SELECT 'G-10246', 'Green-B', 42.3518, ...]
[2025-04-22T02:37:44.904+0000] {cursor.py:1041} INFO - query execution done
[2025-04-22T02:37:44.906+0000] {cursor.py:1028} INFO - query: [MERGE INTO MBTA_VEHICLES AS target USING (SELECT 'R-54829547', 'Red', 42.34832, ...]
[2025-04-22T02:37:47.974+0000] {cursor.py:1041} INFO - query execution done
[2025-04-22T02:37:47.975+0000] {cursor.py:1028} INFO - query: [MERGE INTO MBTA_VEHICLES AS target USING (SELECT 'O-54829B13', 'Orange', 42.3920...]
[2025-04-22T02:37:51.070+0000] {cursor.py:1041} INFO - query execution done
[2025-04-22T02:37:51.074+0000] {cursor.py:1028} INFO - query: [MERGE INTO MBTA_VEHICLES AS target USING (SELECT 'y1801', '15', 42.32865176, -71...]
[2025-04-22T02:37:53.997+0000] {cursor.py:1041} INFO - query execution done
[2025-04-22T02:37:53.998+0000] {cursor.py:1028} INFO - query: [MERGE INTO MBTA_VEHICLES AS target USING (SELECT 'G-10255', 'Green-E', 42.32825,...]
[2025-04-22T02:37:57.098+0000] {cursor.py:1041} INFO - query execution done
[2025-04-22T02:37:57.104+0000] {cursor.py:1028} INFO - query: [MERGE INTO MBTA_VEHICLES AS target USING (SELECT 'y1271', '28', 42.28972494, -71...]
[2025-04-22T02:38:00.110+0000] {cursor.py:1041} INFO - query execution done
[2025-04-22T02:38:00.112+0000] {cursor.py:1028} INFO - query: [MERGE INTO MBTA_VEHICLES AS target USING (SELECT 'G-10070', 'Green-B', 42.34962,...]
[2025-04-22T02:38:03.961+0000] {cursor.py:1041} INFO - query execution done
[2025-04-22T02:38:03.965+0000] {cursor.py:1028} INFO - query: [MERGE INTO MBTA_VEHICLES AS target USING (SELECT 'R-548296B8', 'Red', 42.25371, ...]
[2025-04-22T02:38:06.935+0000] {cursor.py:1041} INFO - query execution done
[2025-04-22T02:38:06.938+0000] {cursor.py:1028} INFO - query: [MERGE INTO MBTA_VEHICLES AS target USING (SELECT 'G-10285', 'Green-D', 42.34763,...]
[2025-04-22T02:38:09.598+0000] {cursor.py:1041} INFO - query execution done
[2025-04-22T02:38:09.598+0000] {cursor.py:1028} INFO - query: [MERGE INTO MBTA_VEHICLES AS target USING (SELECT 'y3350', '435', 42.52908693, -7...]
[2025-04-22T02:38:13.060+0000] {cursor.py:1041} INFO - query execution done
[2025-04-22T02:38:13.061+0000] {cursor.py:1028} INFO - query: [MERGE INTO MBTA_VEHICLES AS target USING (SELECT 'y2010', '109', 42.41172009, -7...]
[2025-04-22T02:38:16.076+0000] {cursor.py:1041} INFO - query execution done
[2025-04-22T02:38:16.076+0000] {cursor.py:1028} INFO - query: [MERGE INTO MBTA_VEHICLES AS target USING (SELECT 'y1821', '1', 42.3424327, -71.0...]
[2025-04-22T02:38:19.239+0000] {cursor.py:1041} INFO - query execution done
[2025-04-22T02:38:19.246+0000] {cursor.py:1028} INFO - query: [MERGE INTO MBTA_VEHICLES AS target USING (SELECT 'y1259', '28', 42.334719319, -7...]
[2025-04-22T02:38:22.096+0000] {cursor.py:1041} INFO - query execution done
[2025-04-22T02:38:22.097+0000] {cursor.py:1028} INFO - query: [MERGE INTO MBTA_VEHICLES AS target USING (SELECT '1818', 'CR-Fitchburg', 42.4565...]
[2025-04-22T02:38:25.061+0000] {cursor.py:1041} INFO - query execution done
[2025-04-22T02:38:25.065+0000] {cursor.py:1028} INFO - query: [MERGE INTO MBTA_VEHICLES AS target USING (SELECT 'G-10017', 'Mattapan', 42.26836...]
[2025-04-22T02:38:28.112+0000] {cursor.py:1041} INFO - query execution done
[2025-04-22T02:38:28.113+0000] {cursor.py:1028} INFO - query: [MERGE INTO MBTA_VEHICLES AS target USING (SELECT '1805', 'CR-Fitchburg', 42.5290...]
[2025-04-22T02:38:31.035+0000] {cursor.py:1041} INFO - query execution done
[2025-04-22T02:38:31.036+0000] {cursor.py:1028} INFO - query: [MERGE INTO MBTA_VEHICLES AS target USING (SELECT 'y1995', '86', 42.37219, -71.12...]
[2025-04-22T02:38:34.156+0000] {cursor.py:1041} INFO - query execution done
[2025-04-22T02:38:34.158+0000] {cursor.py:1028} INFO - query: [MERGE INTO MBTA_VEHICLES AS target USING (SELECT 'y2097', '70', 42.37621908, -71...]
[2025-04-22T02:38:37.296+0000] {cursor.py:1041} INFO - query execution done
[2025-04-22T02:38:37.299+0000] {cursor.py:1028} INFO - query: [MERGE INTO MBTA_VEHICLES AS target USING (SELECT 'y1960', '104', 42.425597779, -...]
[2025-04-22T02:38:40.203+0000] {cursor.py:1041} INFO - query execution done
[2025-04-22T02:38:40.206+0000] {cursor.py:1028} INFO - query: [MERGE INTO MBTA_VEHICLES AS target USING (SELECT 'y3342', '455', 42.47931448, -7...]
[2025-04-22T02:38:43.379+0000] {cursor.py:1041} INFO - query execution done
[2025-04-22T02:38:43.380+0000] {cursor.py:1028} INFO - query: [MERGE INTO MBTA_VEHICLES AS target USING (SELECT 'y3155', '73', 42.37261724, -71...]
[2025-04-22T02:38:46.381+0000] {cursor.py:1041} INFO - query execution done
[2025-04-22T02:38:46.382+0000] {cursor.py:1028} INFO - query: [MERGE INTO MBTA_VEHICLES AS target USING (SELECT 'y1260', '39', 42.33176609, -71...]
[2025-04-22T02:38:49.005+0000] {cursor.py:1041} INFO - query execution done
[2025-04-22T02:38:49.008+0000] {cursor.py:1028} INFO - query: [MERGE INTO MBTA_VEHICLES AS target USING (SELECT 'y3156', '110', 42.410299629, -...]
[2025-04-22T02:38:52.007+0000] {cursor.py:1041} INFO - query execution done
[2025-04-22T02:38:52.011+0000] {cursor.py:1028} INFO - query: [MERGE INTO MBTA_VEHICLES AS target USING (SELECT 'G-10086', 'Green-B', 42.35082,...]
[2025-04-22T02:38:54.942+0000] {cursor.py:1041} INFO - query execution done
[2025-04-22T02:38:54.943+0000] {cursor.py:1028} INFO - query: [MERGE INTO MBTA_VEHICLES AS target USING (SELECT 'y1344', '741', 42.36824705, -7...]
[2025-04-22T02:38:57.792+0000] {cursor.py:1041} INFO - query execution done
[2025-04-22T02:38:57.794+0000] {cursor.py:1028} INFO - query: [MERGE INTO MBTA_VEHICLES AS target USING (SELECT 'y1771', '23', 42.28641686, -71...]
[2025-04-22T02:39:00.810+0000] {cursor.py:1041} INFO - query execution done
[2025-04-22T02:39:00.930+0000] {cursor.py:1028} INFO - query: [MERGE INTO MBTA_VEHICLES AS target USING (SELECT '1832', 'CR-Worcester', 42.3475...]
[2025-04-22T02:39:04.156+0000] {cursor.py:1041} INFO - query execution done
[2025-04-22T02:39:04.158+0000] {cursor.py:1028} INFO - query: [MERGE INTO MBTA_VEHICLES AS target USING (SELECT 'y1908', '1', 42.32983, -71.083...]
[2025-04-22T02:39:07.037+0000] {cursor.py:1041} INFO - query execution done
[2025-04-22T02:39:07.041+0000] {cursor.py:1028} INFO - query: [MERGE INTO MBTA_VEHICLES AS target USING (SELECT 'B-5482A5E1', 'Blue', 42.36135,...]
[2025-04-22T02:39:10.009+0000] {cursor.py:1041} INFO - query execution done
[2025-04-22T02:39:10.011+0000] {cursor.py:1028} INFO - query: [MERGE INTO MBTA_VEHICLES AS target USING (SELECT 'G-10245', 'Green-D', 42.32452,...]
[2025-04-22T02:39:13.135+0000] {cursor.py:1041} INFO - query execution done
[2025-04-22T02:39:13.136+0000] {cursor.py:1028} INFO - query: [MERGE INTO MBTA_VEHICLES AS target USING (SELECT 'y2080', '92', 42.3616, -71.057...]
[2025-04-22T02:39:16.548+0000] {cursor.py:1041} INFO - query execution done
[2025-04-22T02:39:16.550+0000] {cursor.py:1028} INFO - query: [MERGE INTO MBTA_VEHICLES AS target USING (SELECT 'G-10205', 'Green-E', 42.34582,...]
[2025-04-22T02:39:19.330+0000] {cursor.py:1041} INFO - query execution done
[2025-04-22T02:39:19.332+0000] {cursor.py:1028} INFO - query: [MERGE INTO MBTA_VEHICLES AS target USING (SELECT 'y1926', '104', 42.413180769, -...]
[2025-04-22T02:39:22.396+0000] {cursor.py:1041} INFO - query execution done
[2025-04-22T02:39:22.397+0000] {cursor.py:1028} INFO - query: [MERGE INTO MBTA_VEHICLES AS target USING (SELECT 'y1631', '32', 42.23724, -71.13...]
[2025-04-22T02:39:25.388+0000] {cursor.py:1041} INFO - query execution done
[2025-04-22T02:39:25.391+0000] {cursor.py:1028} INFO - query: [MERGE INTO MBTA_VEHICLES AS target USING (SELECT 'G-10160', 'Green-D', 42.36944,...]
[2025-04-22T02:39:28.723+0000] {cursor.py:1041} INFO - query execution done
[2025-04-22T02:39:28.724+0000] {cursor.py:1028} INFO - query: [MERGE INTO MBTA_VEHICLES AS target USING (SELECT 'y1284', '751', 42.35207383, -7...]
[2025-04-22T02:39:32.010+0000] {cursor.py:1041} INFO - query execution done
[2025-04-22T02:39:32.012+0000] {cursor.py:1028} INFO - query: [MERGE INTO MBTA_VEHICLES AS target USING (SELECT 'y3002', '712', 42.36264339, -7...]
[2025-04-22T02:39:34.983+0000] {cursor.py:1041} INFO - query execution done
[2025-04-22T02:39:34.985+0000] {cursor.py:1028} INFO - query: [MERGE INTO MBTA_VEHICLES AS target USING (SELECT 'y1712', '42', 42.300173589, -7...]
[2025-04-22T02:39:38.513+0000] {cursor.py:1041} INFO - query execution done
[2025-04-22T02:39:38.517+0000] {cursor.py:1028} INFO - query: [MERGE INTO MBTA_VEHICLES AS target USING (SELECT '1724', 'CR-Lowell', 42.4501342...]
[2025-04-22T02:39:41.635+0000] {cursor.py:1041} INFO - query execution done
[2025-04-22T02:39:41.636+0000] {cursor.py:1028} INFO - query: [MERGE INTO MBTA_VEHICLES AS target USING (SELECT 'y3327', '442', 42.45408107, -7...]
[2025-04-22T02:39:45.020+0000] {cursor.py:1041} INFO - query execution done
[2025-04-22T02:39:45.023+0000] {cursor.py:1028} INFO - query: [MERGE INTO MBTA_VEHICLES AS target USING (SELECT 'y1654', '34', 42.27965726, -71...]
[2025-04-22T02:39:47.882+0000] {cursor.py:1041} INFO - query execution done
[2025-04-22T02:39:47.883+0000] {cursor.py:1028} INFO - query: [MERGE INTO MBTA_VEHICLES AS target USING (SELECT 'y0781', '230', 42.2205989, -71...]
[2025-04-22T02:39:50.967+0000] {cursor.py:1041} INFO - query execution done
[2025-04-22T02:39:50.975+0000] {cursor.py:1028} INFO - query: [MERGE INTO MBTA_VEHICLES AS target USING (SELECT 'y1983', '69', 42.374019349, -7...]
[2025-04-22T02:39:54.397+0000] {cursor.py:1041} INFO - query execution done
[2025-04-22T02:39:54.400+0000] {cursor.py:1028} INFO - query: [MERGE INTO MBTA_VEHICLES AS target USING (SELECT 'y1872', '57', 42.33634, -71.08...]
[2025-04-22T02:39:57.736+0000] {cursor.py:1041} INFO - query execution done
[2025-04-22T02:39:57.750+0000] {cursor.py:1028} INFO - query: [MERGE INTO MBTA_VEHICLES AS target USING (SELECT 'y1342', '741', 42.34858821, -7...]
[2025-04-22T02:40:00.658+0000] {cursor.py:1041} INFO - query execution done
[2025-04-22T02:40:00.667+0000] {cursor.py:1028} INFO - query: [MERGE INTO MBTA_VEHICLES AS target USING (SELECT 'y1874', '8', 42.3299631, -71.0...]
[2025-04-22T02:40:04.074+0000] {cursor.py:1041} INFO - query execution done
[2025-04-22T02:40:04.080+0000] {cursor.py:1028} INFO - query: [MERGE INTO MBTA_VEHICLES AS target USING (SELECT 'B-5482A374', 'Blue', 42.38821,...]
[2025-04-22T02:40:07.251+0000] {cursor.py:1041} INFO - query execution done
[2025-04-22T02:40:07.258+0000] {cursor.py:1028} INFO - query: [MERGE INTO MBTA_VEHICLES AS target USING (SELECT 'B-5482A365', 'Blue', 42.4125, ...]
[2025-04-22T02:40:10.320+0000] {cursor.py:1041} INFO - query execution done
[2025-04-22T02:40:10.322+0000] {cursor.py:1028} INFO - query: [MERGE INTO MBTA_VEHICLES AS target USING (SELECT 'R-5482A2DC', 'Red', 42.3617, -...]
[2025-04-22T02:40:13.625+0000] {cursor.py:1041} INFO - query execution done
[2025-04-22T02:40:13.631+0000] {cursor.py:1028} INFO - query: [MERGE INTO MBTA_VEHICLES AS target USING (SELECT 'y1972', '110', 42.404652699, -...]
[2025-04-22T02:40:16.750+0000] {cursor.py:1041} INFO - query execution done
[2025-04-22T02:40:16.753+0000] {cursor.py:1028} INFO - query: [MERGE INTO MBTA_VEHICLES AS target USING (SELECT 'y2031', '77', 42.41455497, -71...]
[2025-04-22T02:40:20.134+0000] {cursor.py:1041} INFO - query execution done
[2025-04-22T02:40:20.135+0000] {cursor.py:1028} INFO - query: [MERGE INTO MBTA_VEHICLES AS target USING (SELECT 'ynk257', 'Shuttle-Generic', 42...]
[2025-04-22T02:40:23.325+0000] {cursor.py:1041} INFO - query execution done
[2025-04-22T02:40:23.328+0000] {cursor.py:1028} INFO - query: [MERGE INTO MBTA_VEHICLES AS target USING (SELECT 'y0815', '240', 42.12801229, -7...]
[2025-04-22T02:40:26.911+0000] {cursor.py:1041} INFO - query execution done
[2025-04-22T02:40:26.914+0000] {cursor.py:1028} INFO - query: [MERGE INTO MBTA_VEHICLES AS target USING (SELECT 'O-5482A34E', 'Orange', 42.3408...]
[2025-04-22T02:40:30.057+0000] {cursor.py:1041} INFO - query execution done
[2025-04-22T02:40:30.058+0000] {cursor.py:1028} INFO - query: [MERGE INTO MBTA_VEHICLES AS target USING (SELECT 'y3129', '99', 42.408906469, -7...]
[2025-04-22T02:40:33.765+0000] {cursor.py:1041} INFO - query execution done
[2025-04-22T02:40:33.769+0000] {cursor.py:1028} INFO - query: [MERGE INTO MBTA_VEHICLES AS target USING (SELECT 'G-10202', 'Green-C', 42.33794,...]
[2025-04-22T02:40:37.050+0000] {cursor.py:1041} INFO - query execution done
[2025-04-22T02:40:37.055+0000] {cursor.py:1028} INFO - query: [MERGE INTO MBTA_VEHICLES AS target USING (SELECT 'y1829', '57', 42.3492009, -71....]
[2025-04-22T02:40:40.113+0000] {cursor.py:1041} INFO - query execution done
[2025-04-22T02:40:40.126+0000] {cursor.py:1028} INFO - query: [MERGE INTO MBTA_VEHICLES AS target USING (SELECT 'y1916', '16', 42.3207328, -71....]
[2025-04-22T02:40:43.238+0000] {cursor.py:1041} INFO - query execution done
[2025-04-22T02:40:43.239+0000] {cursor.py:1028} INFO - query: [MERGE INTO MBTA_VEHICLES AS target USING (SELECT 'y1312', '743', 42.39665, -71.0...]
[2025-04-22T02:40:46.549+0000] {cursor.py:1041} INFO - query execution done
[2025-04-22T02:40:46.554+0000] {cursor.py:1028} INFO - query: [MERGE INTO MBTA_VEHICLES AS target USING (SELECT 'O-5482A34B', 'Orange', 42.3409...]
[2025-04-22T02:40:49.625+0000] {cursor.py:1041} INFO - query execution done
[2025-04-22T02:40:49.626+0000] {cursor.py:1028} INFO - query: [MERGE INTO MBTA_VEHICLES AS target USING (SELECT 'y1923', '66', 42.333334899, -7...]
[2025-04-22T02:40:52.598+0000] {cursor.py:1041} INFO - query execution done
[2025-04-22T02:40:52.601+0000] {cursor.py:1028} INFO - query: [MERGE INTO MBTA_VEHICLES AS target USING (SELECT 'y3123', '80', 42.40723, -71.11...]
[2025-04-22T02:40:55.808+0000] {cursor.py:1041} INFO - query execution done
[2025-04-22T02:40:55.811+0000] {cursor.py:1028} INFO - query: [MERGE INTO MBTA_VEHICLES AS target USING (SELECT 'G-10145', 'Green-D', 42.34996,...]
[2025-04-22T02:40:59.266+0000] {cursor.py:1041} INFO - query execution done
[2025-04-22T02:40:59.272+0000] {cursor.py:1028} INFO - query: [MERGE INTO MBTA_VEHICLES AS target USING (SELECT 'y1308', '742', 42.34467487, -7...]
[2025-04-22T02:41:02.526+0000] {cursor.py:1041} INFO - query execution done
[2025-04-22T02:41:02.528+0000] {cursor.py:1028} INFO - query: [MERGE INTO MBTA_VEHICLES AS target USING (SELECT 'y1968', '104', 42.39253534, -7...]
[2025-04-22T02:41:05.695+0000] {cursor.py:1041} INFO - query execution done
[2025-04-22T02:41:05.701+0000] {cursor.py:1028} INFO - query: [MERGE INTO MBTA_VEHICLES AS target USING (SELECT 'ynk254', 'Shuttle-Generic', 42...]
[2025-04-22T02:41:08.784+0000] {cursor.py:1041} INFO - query execution done
[2025-04-22T02:41:08.786+0000] {cursor.py:1028} INFO - query: [MERGE INTO MBTA_VEHICLES AS target USING (SELECT 'y2018', '134', 42.38686954, -7...]
[2025-04-22T02:41:11.966+0000] {cursor.py:1041} INFO - query execution done
[2025-04-22T02:41:11.967+0000] {cursor.py:1028} INFO - query: [MERGE INTO MBTA_VEHICLES AS target USING (SELECT 'y3109', '116', 42.37582573, -7...]
[2025-04-22T02:41:15.119+0000] {cursor.py:1041} INFO - query execution done
[2025-04-22T02:41:15.120+0000] {cursor.py:1028} INFO - query: [MERGE INTO MBTA_VEHICLES AS target USING (SELECT 'y2000', '87', 42.39577975, -71...]
[2025-04-22T02:41:18.409+0000] {cursor.py:1041} INFO - query execution done
[2025-04-22T02:41:18.411+0000] {cursor.py:1028} INFO - query: [MERGE INTO MBTA_VEHICLES AS target USING (SELECT 'G-10323', 'Green-D', 42.3268, ...]
[2025-04-22T02:41:21.293+0000] {cursor.py:1041} INFO - query execution done
[2025-04-22T02:41:21.295+0000] {cursor.py:1028} INFO - query: [MERGE INTO MBTA_VEHICLES AS target USING (SELECT 'G-10237', 'Green-D', 42.3702, ...]
[2025-04-22T02:41:24.334+0000] {cursor.py:1041} INFO - query execution done
[2025-04-22T02:41:24.335+0000] {cursor.py:1028} INFO - query: [MERGE INTO MBTA_VEHICLES AS target USING (SELECT 'y1831', '10', 42.33253753, -71...]
[2025-04-22T02:41:27.058+0000] {cursor.py:1041} INFO - query execution done
[2025-04-22T02:41:27.070+0000] {cursor.py:1028} INFO - query: [MERGE INTO MBTA_VEHICLES AS target USING (SELECT 'y1812', '1', 42.36699295, -71....]
[2025-04-22T02:41:29.874+0000] {cursor.py:1041} INFO - query execution done
[2025-04-22T02:41:29.876+0000] {cursor.py:1028} INFO - query: [MERGE INTO MBTA_VEHICLES AS target USING (SELECT 'y3324', '442', 42.468727029, -...]
[2025-04-22T02:41:32.731+0000] {cursor.py:1041} INFO - query execution done
[2025-04-22T02:41:32.733+0000] {cursor.py:1028} INFO - query: [MERGE INTO MBTA_VEHICLES AS target USING (SELECT 'G-10213', 'Green-C', 42.34341,...]
[2025-04-22T02:41:35.602+0000] {cursor.py:1041} INFO - query execution done
[2025-04-22T02:41:35.604+0000] {cursor.py:1028} INFO - query: [MERGE INTO MBTA_VEHICLES AS target USING (SELECT 'y1890', '1', 42.33778408, -71....]
[2025-04-22T02:41:38.272+0000] {cursor.py:1041} INFO - query execution done
[2025-04-22T02:41:38.275+0000] {cursor.py:1028} INFO - query: [MERGE INTO MBTA_VEHICLES AS target USING (SELECT '1819', 'CR-Franklin', 42.34749...]
[2025-04-22T02:41:41.329+0000] {cursor.py:1041} INFO - query execution done
[2025-04-22T02:41:41.329+0000] {cursor.py:1028} INFO - query: [MERGE INTO MBTA_VEHICLES AS target USING (SELECT 'y1331', '746', 42.34553469, -7...]
[2025-04-22T02:41:44.204+0000] {cursor.py:1041} INFO - query execution done
[2025-04-22T02:41:44.206+0000] {cursor.py:1028} INFO - query: [MERGE INTO MBTA_VEHICLES AS target USING (SELECT 'y1749', '22', 42.317322089, -7...]
[2025-04-22T02:41:47.098+0000] {cursor.py:1041} INFO - query execution done
[2025-04-22T02:41:47.099+0000] {cursor.py:1028} INFO - query: [MERGE INTO MBTA_VEHICLES AS target USING (SELECT 'y1264', '28', 42.32187609, -71...]
[2025-04-22T02:41:49.935+0000] {cursor.py:1041} INFO - query execution done
[2025-04-22T02:41:49.937+0000] {cursor.py:1028} INFO - query: [MERGE INTO MBTA_VEHICLES AS target USING (SELECT 'y1797', '57', 42.350273819, -7...]
[2025-04-22T02:41:52.831+0000] {cursor.py:1041} INFO - query execution done
[2025-04-22T02:41:52.838+0000] {cursor.py:1028} INFO - query: [MERGE INTO MBTA_VEHICLES AS target USING (SELECT 'y1880', '1', 42.3706703, -71.1...]
[2025-04-22T02:41:55.776+0000] {cursor.py:1041} INFO - query execution done
[2025-04-22T02:41:55.778+0000] {cursor.py:1028} INFO - query: [MERGE INTO MBTA_VEHICLES AS target USING (SELECT 'y0811', '238', 42.23225573, -7...]
[2025-04-22T02:41:58.348+0000] {cursor.py:1041} INFO - query execution done
[2025-04-22T02:41:58.354+0000] {cursor.py:1028} INFO - query: [MERGE INTO MBTA_VEHICLES AS target USING (SELECT 'y2042', '109', 42.41462329, -7...]
[2025-04-22T02:42:01.191+0000] {cursor.py:1041} INFO - query execution done
[2025-04-22T02:42:01.193+0000] {cursor.py:1028} INFO - query: [MERGE INTO MBTA_VEHICLES AS target USING (SELECT 'G-10299', 'Green-D', 42.35245,...]
[2025-04-22T02:42:04.100+0000] {cursor.py:1041} INFO - query execution done
[2025-04-22T02:42:04.102+0000] {cursor.py:1028} INFO - query: [MERGE INTO MBTA_VEHICLES AS target USING (SELECT 'y1329', '746', 42.347741149, -...]
[2025-04-22T02:42:06.949+0000] {cursor.py:1041} INFO - query execution done
[2025-04-22T02:42:06.957+0000] {cursor.py:1028} INFO - query: [MERGE INTO MBTA_VEHICLES AS target USING (SELECT 'y1902', '45', 42.328418879, -7...]
[2025-04-22T02:42:09.932+0000] {cursor.py:1041} INFO - query execution done
[2025-04-22T02:42:09.935+0000] {cursor.py:1028} INFO - query: [MERGE INTO MBTA_VEHICLES AS target USING (SELECT 'y1868', '15', 42.31622509, -71...]
[2025-04-22T02:42:12.773+0000] {cursor.py:1041} INFO - query execution done
[2025-04-22T02:42:12.775+0000] {cursor.py:1028} INFO - query: [MERGE INTO MBTA_VEHICLES AS target USING (SELECT 'y1283', '749', 42.3407, -71.07...]
[2025-04-22T02:42:15.948+0000] {cursor.py:1041} INFO - query execution done
[2025-04-22T02:42:15.949+0000] {cursor.py:1028} INFO - query: [MERGE INTO MBTA_VEHICLES AS target USING (SELECT 'G-10007', 'Green-E', 42.3347, ...]
[2025-04-22T02:42:18.846+0000] {cursor.py:1041} INFO - query execution done
[2025-04-22T02:42:18.850+0000] {cursor.py:1028} INFO - query: [MERGE INTO MBTA_VEHICLES AS target USING (SELECT 'G-10113', 'Green-B', 42.34018,...]
[2025-04-22T02:42:21.669+0000] {cursor.py:1041} INFO - query execution done
[2025-04-22T02:42:21.670+0000] {cursor.py:1028} INFO - query: [MERGE INTO MBTA_VEHICLES AS target USING (SELECT 'y0780', '220', 42.24255875, -7...]
[2025-04-22T02:42:24.954+0000] {cursor.py:1041} INFO - query execution done
[2025-04-22T02:42:24.954+0000] {cursor.py:1028} INFO - query: [MERGE INTO MBTA_VEHICLES AS target USING (SELECT 'y1958', '110', 42.40151083, -7...]
[2025-04-22T02:42:27.716+0000] {cursor.py:1041} INFO - query execution done
[2025-04-22T02:42:27.716+0000] {cursor.py:1028} INFO - query: [MERGE INTO MBTA_VEHICLES AS target USING (SELECT 'y1814', '57', 42.35122189, -71...]
[2025-04-22T02:42:30.816+0000] {cursor.py:1041} INFO - query execution done
[2025-04-22T02:42:30.823+0000] {cursor.py:1028} INFO - query: [MERGE INTO MBTA_VEHICLES AS target USING (SELECT 'R-548298C1', 'Red', 42.39673, ...]
[2025-04-22T02:42:33.864+0000] {cursor.py:1041} INFO - query execution done
[2025-04-22T02:42:33.865+0000] {cursor.py:1028} INFO - query: [MERGE INTO MBTA_VEHICLES AS target USING (SELECT 'O-5482961B', 'Orange', 42.4346...]
[2025-04-22T02:42:36.841+0000] {cursor.py:1041} INFO - query execution done
[2025-04-22T02:42:36.844+0000] {cursor.py:1028} INFO - query: [MERGE INTO MBTA_VEHICLES AS target USING (SELECT 'y1748', '10', 42.338191289, -7...]
[2025-04-22T02:42:39.493+0000] {cursor.py:1041} INFO - query execution done
[2025-04-22T02:42:39.494+0000] {cursor.py:1028} INFO - query: [MERGE INTO MBTA_VEHICLES AS target USING (SELECT 'y2068', '111', 42.39306282, -7...]
[2025-04-22T02:42:42.347+0000] {cursor.py:1041} INFO - query execution done
[2025-04-22T02:42:42.352+0000] {cursor.py:1028} INFO - query: [MERGE INTO MBTA_VEHICLES AS target USING (SELECT 'O-54829F4D', 'Orange', 42.3307...]
[2025-04-22T02:42:45.228+0000] {cursor.py:1041} INFO - query execution done
[2025-04-22T02:42:45.228+0000] {cursor.py:1028} INFO - query: [MERGE INTO MBTA_VEHICLES AS target USING (SELECT '1846', 'CR-Franklin', 42.18402...]
[2025-04-22T02:42:47.900+0000] {cursor.py:1041} INFO - query execution done
[2025-04-22T02:42:47.902+0000] {cursor.py:1028} INFO - query: [MERGE INTO MBTA_VEHICLES AS target USING (SELECT 'y1615', '32', 42.24496019, -71...]
[2025-04-22T02:42:50.963+0000] {cursor.py:1041} INFO - query execution done
[2025-04-22T02:42:50.963+0000] {cursor.py:1028} INFO - query: [MERGE INTO MBTA_VEHICLES AS target USING (SELECT 'y1997', '86', 42.3368874, -71....]
[2025-04-22T02:42:53.648+0000] {cursor.py:1041} INFO - query execution done
[2025-04-22T02:42:53.649+0000] {cursor.py:1028} INFO - query: [MERGE INTO MBTA_VEHICLES AS target USING (SELECT 'y1646', '29', 42.30313461, -71...]
[2025-04-22T02:42:56.423+0000] {cursor.py:1041} INFO - query execution done
[2025-04-22T02:42:56.428+0000] {cursor.py:1028} INFO - query: [MERGE INTO MBTA_VEHICLES AS target USING (SELECT '1842', 'CR-Needham', 42.294010...]
[2025-04-22T02:42:59.483+0000] {cursor.py:1041} INFO - query execution done
[2025-04-22T02:42:59.487+0000] {cursor.py:1028} INFO - query: [MERGE INTO MBTA_VEHICLES AS target USING (SELECT 'G-10066', 'Green-B', 42.35013,...]
[2025-04-22T02:43:02.269+0000] {cursor.py:1041} INFO - query execution done
[2025-04-22T02:43:02.270+0000] {cursor.py:1028} INFO - query: [MERGE INTO MBTA_VEHICLES AS target USING (SELECT 'y1962', '111', 42.36716087, -7...]
[2025-04-22T02:43:05.096+0000] {cursor.py:1041} INFO - query execution done
[2025-04-22T02:43:05.097+0000] {cursor.py:1028} INFO - query: [MERGE INTO MBTA_VEHICLES AS target USING (SELECT 'y2033', '77', 42.42131031, -71...]
[2025-04-22T02:43:07.987+0000] {cursor.py:1041} INFO - query execution done
[2025-04-22T02:43:07.991+0000] {cursor.py:1028} INFO - query: [MERGE INTO MBTA_VEHICLES AS target USING (SELECT 'y1853', '45', 42.329640959, -7...]
[2025-04-22T02:43:10.762+0000] {cursor.py:1041} INFO - query execution done
[2025-04-22T02:43:10.763+0000] {cursor.py:1028} INFO - query: [MERGE INTO MBTA_VEHICLES AS target USING (SELECT 'y2052', '110', 42.411226489, -...]
[2025-04-22T02:43:13.680+0000] {cursor.py:1041} INFO - query execution done
[2025-04-22T02:43:13.681+0000] {cursor.py:1028} INFO - query: [MERGE INTO MBTA_VEHICLES AS target USING (SELECT '1825', 'CR-Franklin', 42.26881...]
[2025-04-22T02:43:17.178+0000] {cursor.py:1041} INFO - query execution done
[2025-04-22T02:43:17.179+0000] {cursor.py:1028} INFO - query: [MERGE INTO MBTA_VEHICLES AS target USING (SELECT 'y2040', '109', 42.37563911, -7...]
[2025-04-22T02:43:20.584+0000] {cursor.py:1041} INFO - query execution done
[2025-04-22T02:43:20.585+0000] {cursor.py:1028} INFO - query: [MERGE INTO MBTA_VEHICLES AS target USING (SELECT 'y2064', '95', 42.421587889, -7...]
[2025-04-22T02:43:24.042+0000] {cursor.py:1041} INFO - query execution done
[2025-04-22T02:43:24.043+0000] {cursor.py:1028} INFO - query: [MERGE INTO MBTA_VEHICLES AS target USING (SELECT '1706', 'CR-Haverhill', 42.3891...]
[2025-04-22T02:43:26.807+0000] {cursor.py:1041} INFO - query execution done
[2025-04-22T02:43:26.808+0000] {cursor.py:1028} INFO - query: [COMMIT]
[2025-04-22T02:43:26.962+0000] {cursor.py:1041} INFO - query execution done
[2025-04-22T02:43:26.963+0000] {cursor.py:1205} INFO - Number of results in first chunk: 1
[2025-04-22T02:43:26.965+0000] {mbta_kafka_consumer.py:139} INFO - ✅ Merged 184 new/changed records into Snowflake table: MBTA_VEHICLES in 557.05 seconds
[2025-04-22T02:43:26.974+0000] {mbta_kafka_consumer.py:233} INFO - 📥 Received 324 records from topic: mbta_vehicles
[2025-04-22T02:43:27.010+0000] {mbta_kafka_consumer.py:56} INFO - 🔍 Sample data for MBTA_VEHICLES:
[2025-04-22T02:43:27.011+0000] {mbta_kafka_consumer.py:57} INFO - 
   VEHICLE_ID      ROUTE_ID  ...         STATUS                 CREATED_AT
0     G-10268       Green-E  ...     STOPPED_AT 2025-04-22 02:43:26.974936
1        1832  CR-Worcester  ...  IN_TRANSIT_TO 2025-04-22 02:43:26.974940
2       y1908             1  ...     STOPPED_AT 2025-04-22 02:43:26.974941
3  O-5482A351        Orange  ...  IN_TRANSIT_TO 2025-04-22 02:43:26.974943
4     G-10245       Green-D  ...    INCOMING_AT 2025-04-22 02:43:26.974943

[5 rows x 8 columns]
[2025-04-22T02:43:27.022+0000] {cursor.py:1028} INFO - query: [SELECT * FROM MBTA_VEHICLES WHERE VEHICLE_ID IN ('G-10268','1832','y1908','O-548...]
[2025-04-22T02:43:27.322+0000] {cursor.py:1041} INFO - query execution done
[2025-04-22T02:43:27.323+0000] {cursor.py:1205} INFO - Number of results in first chunk: 336
[2025-04-22T02:43:27.346+0000] {mbta_kafka_consumer.py:104} INFO - 🔁 215 new/updated records out of 324 incoming records (some may be duplicate VEHICLE_IDs) for MBTA_VEHICLES
[2025-04-22T02:43:27.346+0000] {cursor.py:1028} INFO - query: [MERGE INTO MBTA_VEHICLES AS target USING (SELECT 'G-10237', 'Green-D', 42.36816,...]
[2025-04-22T02:43:30.184+0000] {cursor.py:1041} INFO - query execution done
[2025-04-22T02:43:30.185+0000] {cursor.py:1028} INFO - query: [MERGE INTO MBTA_VEHICLES AS target USING (SELECT 'y1831', '10', 42.33272681, -71...]
[2025-04-22T02:43:32.956+0000] {cursor.py:1041} INFO - query execution done
[2025-04-22T02:43:32.960+0000] {cursor.py:1028} INFO - query: [MERGE INTO MBTA_VEHICLES AS target USING (SELECT 'y3324', '442', 42.46787109, -7...]
[2025-04-22T02:43:35.740+0000] {cursor.py:1041} INFO - query execution done
[2025-04-22T02:43:35.743+0000] {cursor.py:1028} INFO - query: [MERGE INTO MBTA_VEHICLES AS target USING (SELECT '1819', 'CR-Franklin', 42.34748...]
[2025-04-22T02:43:38.797+0000] {cursor.py:1041} INFO - query execution done
[2025-04-22T02:43:38.804+0000] {cursor.py:1028} INFO - query: [MERGE INTO MBTA_VEHICLES AS target USING (SELECT 'y1331', '746', 42.34703544, -7...]
[2025-04-22T02:43:41.961+0000] {cursor.py:1041} INFO - query execution done
[2025-04-22T02:43:41.963+0000] {cursor.py:1028} INFO - query: [MERGE INTO MBTA_VEHICLES AS target USING (SELECT 'G-10299', 'Green-D', 42.35301,...]
[2025-04-22T02:43:44.777+0000] {cursor.py:1041} INFO - query execution done
[2025-04-22T02:43:44.782+0000] {cursor.py:1028} INFO - query: [MERGE INTO MBTA_VEHICLES AS target USING (SELECT 'y1329', '746', 42.34813978, -7...]
[2025-04-22T02:43:47.911+0000] {cursor.py:1041} INFO - query execution done
[2025-04-22T02:43:47.914+0000] {cursor.py:1028} INFO - query: [MERGE INTO MBTA_VEHICLES AS target USING (SELECT 'y1283', '749', 42.33991359, -7...]
[2025-04-22T02:43:50.951+0000] {cursor.py:1041} INFO - query execution done
[2025-04-22T02:43:50.954+0000] {cursor.py:1028} INFO - query: [MERGE INTO MBTA_VEHICLES AS target USING (SELECT 'y1958', '110', 42.40402572, -7...]
[2025-04-22T02:43:53.836+0000] {cursor.py:1041} INFO - query execution done
[2025-04-22T02:43:53.840+0000] {cursor.py:1028} INFO - query: [MERGE INTO MBTA_VEHICLES AS target USING (SELECT 'y1814', '57', 42.35099961, -71...]
[2025-04-22T02:43:56.931+0000] {cursor.py:1041} INFO - query execution done
[2025-04-22T02:43:57.060+0000] {cursor.py:1028} INFO - query: [MERGE INTO MBTA_VEHICLES AS target USING (SELECT 'O-5482961B', 'Orange', 42.4322...]
[2025-04-22T02:43:59.847+0000] {cursor.py:1041} INFO - query execution done
[2025-04-22T02:43:59.849+0000] {cursor.py:1028} INFO - query: [MERGE INTO MBTA_VEHICLES AS target USING (SELECT 'y1855', '11', 42.3542873, -71....]
[2025-04-22T02:44:02.748+0000] {cursor.py:1041} INFO - query execution done
[2025-04-22T02:44:02.752+0000] {cursor.py:1028} INFO - query: [MERGE INTO MBTA_VEHICLES AS target USING (SELECT 'y1971', '109', 42.40563937, -7...]
[2025-04-22T02:44:05.615+0000] {cursor.py:1041} INFO - query execution done
[2025-04-22T02:44:05.616+0000] {cursor.py:1028} INFO - query: [MERGE INTO MBTA_VEHICLES AS target USING (SELECT 'y3352', '116', 42.41383985, -7...]
[2025-04-22T02:44:08.790+0000] {cursor.py:1041} INFO - query execution done
[2025-04-22T02:44:08.791+0000] {cursor.py:1028} INFO - query: [MERGE INTO MBTA_VEHICLES AS target USING (SELECT 'G-10087', 'Green-C', 42.3518, ...]
[2025-04-22T02:44:12.077+0000] {cursor.py:1041} INFO - query execution done
[2025-04-22T02:44:12.080+0000] {cursor.py:1028} INFO - query: [MERGE INTO MBTA_VEHICLES AS target USING (SELECT 'G-10104', 'Green-B', 42.34254,...]
[2025-04-22T02:44:14.958+0000] {cursor.py:1041} INFO - query execution done
[2025-04-22T02:44:14.960+0000] {cursor.py:1028} INFO - query: [MERGE INTO MBTA_VEHICLES AS target USING (SELECT 'R-5482A429', 'Red', 42.2668, -...]
[2025-04-22T02:44:17.868+0000] {cursor.py:1041} INFO - query execution done
[2025-04-22T02:44:17.869+0000] {cursor.py:1028} INFO - query: [MERGE INTO MBTA_VEHICLES AS target USING (SELECT 'y1865', '44', 42.32288198, -71...]
[2025-04-22T02:44:20.258+0000] {cursor.py:1041} INFO - query execution done
[2025-04-22T02:44:20.260+0000] {cursor.py:1028} INFO - query: [MERGE INTO MBTA_VEHICLES AS target USING (SELECT '1707', 'CR-Newburyport', 42.46...]
[2025-04-22T02:44:24.359+0000] {cursor.py:1041} INFO - query execution done
[2025-04-22T02:44:24.362+0000] {cursor.py:1028} INFO - query: [MERGE INTO MBTA_VEHICLES AS target USING (SELECT 'G-10292', 'Green-D', 42.3319, ...]
[2025-04-22T02:44:27.435+0000] {cursor.py:1041} INFO - query execution done
[2025-04-22T02:44:27.440+0000] {cursor.py:1028} INFO - query: [MERGE INTO MBTA_VEHICLES AS target USING (SELECT 'y1903', '22', 42.33555121, -71...]
[2025-04-22T02:44:30.213+0000] {cursor.py:1041} INFO - query execution done
[2025-04-22T02:44:30.214+0000] {cursor.py:1028} INFO - query: [MERGE INTO MBTA_VEHICLES AS target USING (SELECT 'y1917', '23', 42.32582275, -71...]
[2025-04-22T02:44:32.962+0000] {cursor.py:1041} INFO - query execution done
[2025-04-22T02:44:32.965+0000] {cursor.py:1028} INFO - query: [MERGE INTO MBTA_VEHICLES AS target USING (SELECT 'y1845', '66', 42.34856241, -71...]
[2025-04-22T02:44:35.829+0000] {cursor.py:1041} INFO - query execution done
[2025-04-22T02:44:35.831+0000] {cursor.py:1028} INFO - query: [MERGE INTO MBTA_VEHICLES AS target USING (SELECT 'y3005', '712', 42.38683789, -7...]
[2025-04-22T02:44:38.562+0000] {cursor.py:1041} INFO - query execution done
[2025-04-22T02:44:38.569+0000] {cursor.py:1028} INFO - query: [MERGE INTO MBTA_VEHICLES AS target USING (SELECT 'y3347', '120', 42.36539351, -7...]
[2025-04-22T02:44:41.705+0000] {cursor.py:1041} INFO - query execution done
[2025-04-22T02:44:41.707+0000] {cursor.py:1028} INFO - query: [MERGE INTO MBTA_VEHICLES AS target USING (SELECT 'O-54829380', 'Orange', 42.361,...]
[2025-04-22T02:44:45.364+0000] {cursor.py:1041} INFO - query execution done
[2025-04-22T02:44:45.372+0000] {cursor.py:1028} INFO - query: [MERGE INTO MBTA_VEHICLES AS target USING (SELECT 'y1785', '22', 42.28472721, -71...]
[2025-04-22T02:44:48.213+0000] {cursor.py:1041} INFO - query execution done
[2025-04-22T02:44:48.214+0000] {cursor.py:1028} INFO - query: [MERGE INTO MBTA_VEHICLES AS target USING (SELECT '1807', 'CR-Haverhill', 42.5392...]
[2025-04-22T02:44:51.550+0000] {cursor.py:1041} INFO - query execution done
[2025-04-22T02:44:51.557+0000] {cursor.py:1028} INFO - query: [MERGE INTO MBTA_VEHICLES AS target USING (SELECT 'y2106', '110', 42.40567804, -7...]
[2025-04-22T02:44:54.774+0000] {cursor.py:1041} INFO - query execution done
[2025-04-22T02:44:54.776+0000] {cursor.py:1028} INFO - query: [MERGE INTO MBTA_VEHICLES AS target USING (SELECT 'y0792', '216', 42.26606627, -7...]
[2025-04-22T02:44:57.840+0000] {cursor.py:1041} INFO - query execution done
[2025-04-22T02:44:57.842+0000] {cursor.py:1028} INFO - query: [MERGE INTO MBTA_VEHICLES AS target USING (SELECT 'y3158', '77', 42.39972444, -71...]
[2025-04-22T02:45:01.032+0000] {cursor.py:1041} INFO - query execution done
[2025-04-22T02:45:01.036+0000] {cursor.py:1028} INFO - query: [MERGE INTO MBTA_VEHICLES AS target USING (SELECT 'y1697', '30', 42.28522307, -71...]
[2025-04-22T02:45:04.600+0000] {cursor.py:1041} INFO - query execution done
[2025-04-22T02:45:04.616+0000] {cursor.py:1028} INFO - query: [MERGE INTO MBTA_VEHICLES AS target USING (SELECT 'y1970', '108', 42.42678222, -7...]
[2025-04-22T02:45:07.593+0000] {cursor.py:1041} INFO - query execution done
[2025-04-22T02:45:07.597+0000] {cursor.py:1028} INFO - query: [MERGE INTO MBTA_VEHICLES AS target USING (SELECT 'y1956', '111', 42.40082005, -7...]
[2025-04-22T02:45:10.640+0000] {cursor.py:1041} INFO - query execution done
[2025-04-22T02:45:10.642+0000] {cursor.py:1028} INFO - query: [MERGE INTO MBTA_VEHICLES AS target USING (SELECT '1828', 'CR-NewBedford', 41.869...]
[2025-04-22T02:45:13.621+0000] {cursor.py:1041} INFO - query execution done
[2025-04-22T02:45:13.623+0000] {cursor.py:1028} INFO - query: [MERGE INTO MBTA_VEHICLES AS target USING (SELECT 'y1860', '1', 42.35949451, -71....]
[2025-04-22T02:45:16.520+0000] {cursor.py:1041} INFO - query execution done
[2025-04-22T02:45:16.521+0000] {cursor.py:1028} INFO - query: [MERGE INTO MBTA_VEHICLES AS target USING (SELECT 'y1278', '751', 42.339855949, -...]
[2025-04-22T02:45:19.855+0000] {cursor.py:1041} INFO - query execution done
[2025-04-22T02:45:19.858+0000] {cursor.py:1028} INFO - query: [MERGE INTO MBTA_VEHICLES AS target USING (SELECT 'y3321', '116', 42.36937772, -7...]
[2025-04-22T02:45:22.594+0000] {cursor.py:1041} INFO - query execution done
[2025-04-22T02:45:22.596+0000] {cursor.py:1028} INFO - query: [MERGE INTO MBTA_VEHICLES AS target USING (SELECT 'y1629', '34E', 42.24747107, -7...]
[2025-04-22T02:45:25.690+0000] {cursor.py:1041} INFO - query execution done
[2025-04-22T02:45:25.692+0000] {cursor.py:1028} INFO - query: [MERGE INTO MBTA_VEHICLES AS target USING (SELECT 'y3304', '116', 42.39779466, -7...]
[2025-04-22T02:45:28.632+0000] {cursor.py:1041} INFO - query execution done
[2025-04-22T02:45:28.634+0000] {cursor.py:1028} INFO - query: [MERGE INTO MBTA_VEHICLES AS target USING (SELECT 'y3107', '450', 42.524689879, -...]
[2025-04-22T02:45:32.558+0000] {cursor.py:1041} INFO - query execution done
[2025-04-22T02:45:32.560+0000] {cursor.py:1028} INFO - query: [MERGE INTO MBTA_VEHICLES AS target USING (SELECT 'y1929', '78', 42.3902568, -71....]
[2025-04-22T02:45:35.628+0000] {cursor.py:1041} INFO - query execution done
[2025-04-22T02:45:35.629+0000] {cursor.py:1028} INFO - query: [MERGE INTO MBTA_VEHICLES AS target USING (SELECT 'y2037', '83', 42.39403285, -71...]
[2025-04-22T02:45:38.675+0000] {cursor.py:1041} INFO - query execution done
[2025-04-22T02:45:38.679+0000] {cursor.py:1028} INFO - query: [MERGE INTO MBTA_VEHICLES AS target USING (SELECT 'y1325', '743', 42.37463776, -7...]
[2025-04-22T02:45:41.768+0000] {cursor.py:1041} INFO - query execution done
[2025-04-22T02:45:41.769+0000] {cursor.py:1028} INFO - query: [MERGE INTO MBTA_VEHICLES AS target USING (SELECT 'y1910', '66', 42.36332, -71.12...]
[2025-04-22T02:45:45.458+0000] {cursor.py:1041} INFO - query execution done
[2025-04-22T02:45:45.462+0000] {cursor.py:1028} INFO - query: [MERGE INTO MBTA_VEHICLES AS target USING (SELECT 'y1779', '66', 42.33385607, -71...]
[2025-04-22T02:45:48.568+0000] {cursor.py:1041} INFO - query execution done
[2025-04-22T02:45:48.571+0000] {cursor.py:1028} INFO - query: [MERGE INTO MBTA_VEHICLES AS target USING (SELECT 'y0778', '230', 42.22849484, -7...]
[2025-04-22T02:45:51.801+0000] {cursor.py:1041} INFO - query execution done
[2025-04-22T02:45:51.801+0000] {cursor.py:1028} INFO - query: [MERGE INTO MBTA_VEHICLES AS target USING (SELECT 'y2057', '70', 42.37291382, -71...]
[2025-04-22T02:45:54.770+0000] {cursor.py:1041} INFO - query execution done
[2025-04-22T02:45:54.771+0000] {cursor.py:1028} INFO - query: [MERGE INTO MBTA_VEHICLES AS target USING (SELECT 'y1610', '31', 42.30022937, -71...]
[2025-04-22T02:45:57.619+0000] {cursor.py:1041} INFO - query execution done
[2025-04-22T02:45:57.621+0000] {cursor.py:1028} INFO - query: [MERGE INTO MBTA_VEHICLES AS target USING (SELECT 'y2046', '104', 42.3856835, -71...]
[2025-04-22T02:46:00.789+0000] {cursor.py:1041} INFO - query execution done
[2025-04-22T02:46:00.790+0000] {cursor.py:1028} INFO - query: [MERGE INTO MBTA_VEHICLES AS target USING (SELECT 'y3322', '116', 42.41235898, -7...]
[2025-04-22T02:46:03.884+0000] {cursor.py:1041} INFO - query execution done
[2025-04-22T02:46:03.885+0000] {cursor.py:1028} INFO - query: [MERGE INTO MBTA_VEHICLES AS target USING (SELECT 'G-10068', 'Green-B', 42.34894,...]
[2025-04-22T02:46:06.868+0000] {cursor.py:1041} INFO - query execution done
[2025-04-22T02:46:06.883+0000] {cursor.py:1028} INFO - query: [MERGE INTO MBTA_VEHICLES AS target USING (SELECT 'y1849', '1', 42.3682145, -71.1...]
[2025-04-22T02:46:09.952+0000] {cursor.py:1041} INFO - query execution done
[2025-04-22T02:46:09.955+0000] {cursor.py:1028} INFO - query: [MERGE INTO MBTA_VEHICLES AS target USING (SELECT 'y1792', '47', 42.35597685, -71...]
[2025-04-22T02:46:13.408+0000] {cursor.py:1041} INFO - query execution done
[2025-04-22T02:46:13.410+0000] {cursor.py:1028} INFO - query: [MERGE INTO MBTA_VEHICLES AS target USING (SELECT 'y3318', '429', 42.45908065, -7...]
[2025-04-22T02:46:16.274+0000] {cursor.py:1041} INFO - query execution done
[2025-04-22T02:46:16.276+0000] {cursor.py:1028} INFO - query: [MERGE INTO MBTA_VEHICLES AS target USING (SELECT 'y1770', '57', 42.363691449, -7...]
[2025-04-22T02:46:19.761+0000] {cursor.py:1041} INFO - query execution done
[2025-04-22T02:46:19.763+0000] {cursor.py:1028} INFO - query: [MERGE INTO MBTA_VEHICLES AS target USING (SELECT 'y3104', '435', 42.52039772, -7...]
[2025-04-22T02:46:22.687+0000] {cursor.py:1041} INFO - query execution done
[2025-04-22T02:46:22.688+0000] {cursor.py:1028} INFO - query: [MERGE INTO MBTA_VEHICLES AS target USING (SELECT 'G-10037', 'Green-B', 42.35117,...]
[2025-04-22T02:46:26.416+0000] {cursor.py:1041} INFO - query execution done
[2025-04-22T02:46:26.425+0000] {cursor.py:1028} INFO - query: [MERGE INTO MBTA_VEHICLES AS target USING (SELECT '1817', 'CR-Providence', 41.834...]
[2025-04-22T02:46:29.938+0000] {cursor.py:1041} INFO - query execution done
[2025-04-22T02:46:29.939+0000] {cursor.py:1028} INFO - query: [MERGE INTO MBTA_VEHICLES AS target USING (SELECT '1715', 'CR-Lowell', 42.3683738...]
[2025-04-22T02:46:33.228+0000] {cursor.py:1041} INFO - query execution done
[2025-04-22T02:46:33.229+0000] {cursor.py:1028} INFO - query: [MERGE INTO MBTA_VEHICLES AS target USING (SELECT 'G-10236', 'Green-C', 42.35305,...]
[2025-04-22T02:46:36.044+0000] {cursor.py:1041} INFO - query execution done
[2025-04-22T02:46:36.045+0000] {cursor.py:1028} INFO - query: [MERGE INTO MBTA_VEHICLES AS target USING (SELECT 'y2025', '350', 42.49901326, -7...]
[2025-04-22T02:46:39.240+0000] {cursor.py:1041} INFO - query execution done
[2025-04-22T02:46:39.245+0000] {cursor.py:1028} INFO - query: [MERGE INTO MBTA_VEHICLES AS target USING (SELECT 'y3116', '93', 42.37615017, -71...]
[2025-04-22T02:46:42.595+0000] {cursor.py:1041} INFO - query execution done
[2025-04-22T02:46:42.597+0000] {cursor.py:1028} INFO - query: [MERGE INTO MBTA_VEHICLES AS target USING (SELECT 'y1341', '741', 42.36903162, -7...]
[2025-04-22T02:46:46.088+0000] {cursor.py:1041} INFO - query execution done
[2025-04-22T02:46:46.096+0000] {cursor.py:1028} INFO - query: [MERGE INTO MBTA_VEHICLES AS target USING (SELECT 'y2023', '64', 42.35739896, -71...]
[2025-04-22T02:46:49.145+0000] {cursor.py:1041} INFO - query execution done
[2025-04-22T02:46:49.145+0000] {cursor.py:1028} INFO - query: [MERGE INTO MBTA_VEHICLES AS target USING (SELECT 'y2072', '109', 42.37984675, -7...]
[2025-04-22T02:46:52.531+0000] {cursor.py:1041} INFO - query execution done
[2025-04-22T02:46:52.534+0000] {cursor.py:1028} INFO - query: [MERGE INTO MBTA_VEHICLES AS target USING (SELECT 'G-10004', 'Green-B', 42.34154,...]
[2025-04-22T02:46:55.606+0000] {cursor.py:1041} INFO - query execution done
[2025-04-22T02:46:55.608+0000] {cursor.py:1028} INFO - query: [MERGE INTO MBTA_VEHICLES AS target USING (SELECT 'y1857', '47', 42.33089004, -71...]
[2025-04-22T02:46:58.692+0000] {cursor.py:1041} INFO - query execution done
[2025-04-22T02:46:58.693+0000] {cursor.py:1028} INFO - query: [MERGE INTO MBTA_VEHICLES AS target USING (SELECT 'G-10229', 'Green-D', 42.31899,...]
[2025-04-22T02:47:01.641+0000] {cursor.py:1041} INFO - query execution done
[2025-04-22T02:47:01.650+0000] {cursor.py:1028} INFO - query: [MERGE INTO MBTA_VEHICLES AS target USING (SELECT 'y3144', '96', 42.37787088, -71...]
[2025-04-22T02:47:04.588+0000] {cursor.py:1041} INFO - query execution done
[2025-04-22T02:47:04.591+0000] {cursor.py:1028} INFO - query: [MERGE INTO MBTA_VEHICLES AS target USING (SELECT 'y1327', '743', 42.37052157, -7...]
[2025-04-22T02:47:07.505+0000] {cursor.py:1041} INFO - query execution done
[2025-04-22T02:47:07.508+0000] {cursor.py:1028} INFO - query: [MERGE INTO MBTA_VEHICLES AS target USING (SELECT 'y1859', '66', 42.37623276, -71...]
[2025-04-22T02:47:10.638+0000] {cursor.py:1041} INFO - query execution done
[2025-04-22T02:47:10.647+0000] {cursor.py:1028} INFO - query: [MERGE INTO MBTA_VEHICLES AS target USING (SELECT 'y1895', '9', 42.34374109, -71....]
[2025-04-22T02:47:13.618+0000] {cursor.py:1041} INFO - query execution done
[2025-04-22T02:47:13.619+0000] {cursor.py:1028} INFO - query: [MERGE INTO MBTA_VEHICLES AS target USING (SELECT 'y2003', '73', 42.37474136, -71...]
[2025-04-22T02:47:17.002+0000] {cursor.py:1041} INFO - query execution done
[2025-04-22T02:47:17.004+0000] {cursor.py:1028} INFO - query: [MERGE INTO MBTA_VEHICLES AS target USING (SELECT 'y1313', '743', 42.351186, -71....]
[2025-04-22T02:47:20.073+0000] {cursor.py:1041} INFO - query execution done
[2025-04-22T02:47:20.074+0000] {cursor.py:1028} INFO - query: [MERGE INTO MBTA_VEHICLES AS target USING (SELECT '1823', 'CR-Providence', 42.092...]
[2025-04-22T02:47:23.348+0000] {cursor.py:1041} INFO - query execution done
[2025-04-22T02:47:23.350+0000] {cursor.py:1028} INFO - query: [MERGE INTO MBTA_VEHICLES AS target USING (SELECT '1855', 'CR-Providence', 42.238...]
[2025-04-22T02:47:26.813+0000] {cursor.py:1041} INFO - query execution done
[2025-04-22T02:47:26.815+0000] {cursor.py:1028} INFO - query: [MERGE INTO MBTA_VEHICLES AS target USING (SELECT 'y1833', '57', 42.34022848, -71...]
[2025-04-22T02:47:30.801+0000] {cursor.py:1041} INFO - query execution done
[2025-04-22T02:47:30.813+0000] {cursor.py:1028} INFO - query: [MERGE INTO MBTA_VEHICLES AS target USING (SELECT 'y1803', '66', 42.34243007, -71...]
[2025-04-22T02:47:34.254+0000] {cursor.py:1041} INFO - query execution done
[2025-04-22T02:47:34.256+0000] {cursor.py:1028} INFO - query: [MERGE INTO MBTA_VEHICLES AS target USING (SELECT 'y2115', '87', 42.376250239, -7...]
[2025-04-22T02:47:38.414+0000] {cursor.py:1041} INFO - query execution done
[2025-04-22T02:47:38.428+0000] {cursor.py:1028} INFO - query: [MERGE INTO MBTA_VEHICLES AS target USING (SELECT 'y2073', '350', 42.44061051, -7...]
[2025-04-22T02:47:41.616+0000] {cursor.py:1041} INFO - query execution done
[2025-04-22T02:47:41.619+0000] {cursor.py:1028} INFO - query: [MERGE INTO MBTA_VEHICLES AS target USING (SELECT 'y1218', '39', 42.33661294, -71...]
[2025-04-22T02:47:45.573+0000] {cursor.py:1041} INFO - query execution done
[2025-04-22T02:47:45.576+0000] {cursor.py:1028} INFO - query: [MERGE INTO MBTA_VEHICLES AS target USING (SELECT 'y1843', '66', 42.32948013, -71...]
[2025-04-22T02:47:49.342+0000] {cursor.py:1041} INFO - query execution done
[2025-04-22T02:47:49.343+0000] {cursor.py:1028} INFO - query: [MERGE INTO MBTA_VEHICLES AS target USING (SELECT 'y1966', '111', 42.41204758, -7...]
[2025-04-22T02:47:52.848+0000] {cursor.py:1041} INFO - query execution done
[2025-04-22T02:47:52.852+0000] {cursor.py:1028} INFO - query: [MERGE INTO MBTA_VEHICLES AS target USING (SELECT 'y0759', '225', 42.253057239, -...]
[2025-04-22T02:47:56.419+0000] {cursor.py:1041} INFO - query execution done
[2025-04-22T02:47:56.420+0000] {cursor.py:1028} INFO - query: [MERGE INTO MBTA_VEHICLES AS target USING (SELECT 'y2045', '73', 42.37516007, -71...]
[2025-04-22T02:47:59.913+0000] {cursor.py:1041} INFO - query execution done
[2025-04-22T02:47:59.916+0000] {cursor.py:1028} INFO - query: [MERGE INTO MBTA_VEHICLES AS target USING (SELECT 'O-5482A34D', 'Orange', 42.3131...]
[2025-04-22T02:48:03.897+0000] {cursor.py:1041} INFO - query execution done
[2025-04-22T02:48:03.899+0000] {cursor.py:1028} INFO - query: [MERGE INTO MBTA_VEHICLES AS target USING (SELECT 'B-5482A359', 'Blue', 42.36409,...]
[2025-04-22T02:48:07.593+0000] {cursor.py:1041} INFO - query execution done
[2025-04-22T02:48:07.597+0000] {cursor.py:1028} INFO - query: [MERGE INTO MBTA_VEHICLES AS target USING (SELECT 'y2053', '109', 42.378865449, -...]
[2025-04-22T02:48:11.374+0000] {cursor.py:1041} INFO - query execution done
[2025-04-22T02:48:11.376+0000] {cursor.py:1028} INFO - query: [MERGE INTO MBTA_VEHICLES AS target USING (SELECT 'G-10078', 'Green-C', 42.34387,...]
[2025-04-22T02:48:15.067+0000] {cursor.py:1041} INFO - query execution done
[2025-04-22T02:48:15.070+0000] {cursor.py:1028} INFO - query: [MERGE INTO MBTA_VEHICLES AS target USING (SELECT 'y3312', '116', 42.406445669, -...]
[2025-04-22T02:48:18.641+0000] {cursor.py:1041} INFO - query execution done
[2025-04-22T02:48:18.641+0000] {cursor.py:1028} INFO - query: [MERGE INTO MBTA_VEHICLES AS target USING (SELECT 'y3128', '94', 42.418951419, -7...]
[2025-04-22T02:48:22.943+0000] {cursor.py:1041} INFO - query execution done
[2025-04-22T02:48:22.945+0000] {cursor.py:1028} INFO - query: [MERGE INTO MBTA_VEHICLES AS target USING (SELECT 'y2118', '111', 42.3720878, -71...]
[2025-04-22T02:48:26.734+0000] {cursor.py:1041} INFO - query execution done
[2025-04-22T02:48:26.736+0000] {cursor.py:1028} INFO - query: [MERGE INTO MBTA_VEHICLES AS target USING (SELECT 'O-5482A350', 'Orange', 42.3842...]
[2025-04-22T02:48:30.316+0000] {cursor.py:1041} INFO - query execution done
[2025-04-22T02:48:30.317+0000] {cursor.py:1028} INFO - query: [MERGE INTO MBTA_VEHICLES AS target USING (SELECT 'y0904', '236', 42.21318978, -7...]
[2025-04-22T02:48:34.309+0000] {cursor.py:1041} INFO - query execution done
[2025-04-22T02:48:34.310+0000] {cursor.py:1028} INFO - query: [MERGE INTO MBTA_VEHICLES AS target USING (SELECT 'G-10156', 'Green-C', 42.35986,...]
[2025-04-22T02:48:38.168+0000] {cursor.py:1041} INFO - query execution done
[2025-04-22T02:48:38.171+0000] {cursor.py:1028} INFO - query: [MERGE INTO MBTA_VEHICLES AS target USING (SELECT 'y1873', '23', 42.31671694, -71...]
[2025-04-22T02:48:41.884+0000] {cursor.py:1041} INFO - query execution done
[2025-04-22T02:48:41.888+0000] {cursor.py:1028} INFO - query: [MERGE INTO MBTA_VEHICLES AS target USING (SELECT 'y1804', '44', 42.32391408, -71...]
[2025-04-22T02:48:45.704+0000] {cursor.py:1041} INFO - query execution done
[2025-04-22T02:48:45.722+0000] {cursor.py:1028} INFO - query: [MERGE INTO MBTA_VEHICLES AS target USING (SELECT 'R-54829C1E', 'Red', 42.39538, ...]
[2025-04-22T02:48:49.443+0000] {cursor.py:1041} INFO - query execution done
[2025-04-22T02:48:49.446+0000] {cursor.py:1028} INFO - query: [MERGE INTO MBTA_VEHICLES AS target USING (SELECT 'y2022', '104', 42.4241139, -71...]
[2025-04-22T02:48:53.162+0000] {cursor.py:1041} INFO - query execution done
[2025-04-22T02:48:53.169+0000] {cursor.py:1028} INFO - query: [MERGE INTO MBTA_VEHICLES AS target USING (SELECT 'R-54829A22', 'Red', 42.29593, ...]
[2025-04-22T02:48:56.794+0000] {cursor.py:1041} INFO - query execution done
[2025-04-22T02:48:56.798+0000] {cursor.py:1028} INFO - query: [MERGE INTO MBTA_VEHICLES AS target USING (SELECT 'B-5482A353', 'Blue', 42.38126,...]
[2025-04-22T02:49:00.444+0000] {cursor.py:1041} INFO - query execution done
[2025-04-22T02:49:00.450+0000] {cursor.py:1028} INFO - query: [MERGE INTO MBTA_VEHICLES AS target USING (SELECT 'G-10117', 'Mattapan', 42.27532...]
[2025-04-22T02:49:04.660+0000] {cursor.py:1041} INFO - query execution done
[2025-04-22T02:49:04.664+0000] {cursor.py:1028} INFO - query: [MERGE INTO MBTA_VEHICLES AS target USING (SELECT 'y1685', '24', 42.27216295, -71...]
[2025-04-22T02:49:08.218+0000] {cursor.py:1041} INFO - query execution done
[2025-04-22T02:49:08.225+0000] {cursor.py:1028} INFO - query: [MERGE INTO MBTA_VEHICLES AS target USING (SELECT 'y1876', '7', 42.34031551, -71....]
[2025-04-22T02:49:12.450+0000] {cursor.py:1041} INFO - query execution done
[2025-04-22T02:49:12.455+0000] {cursor.py:1028} INFO - query: [MERGE INTO MBTA_VEHICLES AS target USING (SELECT 'y1280', '749', 42.33163, -71.0...]
[2025-04-22T02:49:16.305+0000] {cursor.py:1041} INFO - query execution done
[2025-04-22T02:49:16.318+0000] {cursor.py:1028} INFO - query: [MERGE INTO MBTA_VEHICLES AS target USING (SELECT 'R-5482A627', 'Red', 42.3028, -...]
[2025-04-22T02:49:19.674+0000] {cursor.py:1041} INFO - query execution done
[2025-04-22T02:49:19.678+0000] {cursor.py:1028} INFO - query: [MERGE INTO MBTA_VEHICLES AS target USING (SELECT 'y0791', '215', 42.24224249, -7...]
[2025-04-22T02:49:23.608+0000] {cursor.py:1041} INFO - query execution done
[2025-04-22T02:49:23.611+0000] {cursor.py:1028} INFO - query: [MERGE INTO MBTA_VEHICLES AS target USING (SELECT 'y1276', '749', 42.35218607, -7...]
[2025-04-22T02:49:27.050+0000] {cursor.py:1041} INFO - query execution done
[2025-04-22T02:49:27.058+0000] {cursor.py:1028} INFO - query: [MERGE INTO MBTA_VEHICLES AS target USING (SELECT 'y1618', '32', 42.30046, -71.11...]
[2025-04-22T02:49:30.358+0000] {cursor.py:1041} INFO - query execution done
[2025-04-22T02:49:30.480+0000] {cursor.py:1028} INFO - query: [MERGE INTO MBTA_VEHICLES AS target USING (SELECT 'G-10277', 'Green-E', 42.33311,...]
[2025-04-22T02:49:34.485+0000] {cursor.py:1041} INFO - query execution done
[2025-04-22T02:49:34.491+0000] {cursor.py:1028} INFO - query: [MERGE INTO MBTA_VEHICLES AS target USING (SELECT '1830', 'CR-Worcester', 42.3552...]
[2025-04-22T02:49:38.090+0000] {cursor.py:1041} INFO - query execution done
[2025-04-22T02:49:38.096+0000] {cursor.py:1028} INFO - query: [MERGE INTO MBTA_VEHICLES AS target USING (SELECT 'y2061', '70', 42.38047293, -71...]
[2025-04-22T02:49:41.824+0000] {cursor.py:1041} INFO - query execution done
[2025-04-22T02:49:41.826+0000] {cursor.py:1028} INFO - query: [MERGE INTO MBTA_VEHICLES AS target USING (SELECT 'y1850', '60', 42.32649883, -71...]
[2025-04-22T02:49:45.675+0000] {cursor.py:1041} INFO - query execution done
[2025-04-22T02:49:45.682+0000] {cursor.py:1028} INFO - query: [MERGE INTO MBTA_VEHICLES AS target USING (SELECT 'G-10314', 'Green-D', 42.37399,...]
[2025-04-22T02:49:49.459+0000] {cursor.py:1041} INFO - query execution done
[2025-04-22T02:49:49.468+0000] {cursor.py:1028} INFO - query: [MERGE INTO MBTA_VEHICLES AS target USING (SELECT 'y2012', '89', 42.3867162, -71....]
[2025-04-22T02:49:53.291+0000] {cursor.py:1041} INFO - query execution done
[2025-04-22T02:49:53.293+0000] {cursor.py:1028} INFO - query: [MERGE INTO MBTA_VEHICLES AS target USING (SELECT 'y0783', '222', 42.2463866, -70...]
[2025-04-22T02:49:56.942+0000] {cursor.py:1041} INFO - query execution done
[2025-04-22T02:49:56.944+0000] {cursor.py:1028} INFO - query: [MERGE INTO MBTA_VEHICLES AS target USING (SELECT 'y1954', '101', 42.38676939, -7...]
[2025-04-22T02:50:00.856+0000] {cursor.py:1041} INFO - query execution done
[2025-04-22T02:50:00.857+0000] {cursor.py:1028} INFO - query: [MERGE INTO MBTA_VEHICLES AS target USING (SELECT 'G-10246', 'Green-B', 42.3518, ...]
[2025-04-22T02:50:04.481+0000] {cursor.py:1041} INFO - query execution done
[2025-04-22T02:50:04.485+0000] {cursor.py:1028} INFO - query: [MERGE INTO MBTA_VEHICLES AS target USING (SELECT 'R-54829547', 'Red', 42.35108, ...]
[2025-04-22T02:50:08.319+0000] {cursor.py:1041} INFO - query execution done
[2025-04-22T02:50:08.322+0000] {cursor.py:1028} INFO - query: [MERGE INTO MBTA_VEHICLES AS target USING (SELECT 'O-54829B13', 'Orange', 42.3886...]
[2025-04-22T02:50:12.099+0000] {cursor.py:1041} INFO - query execution done
[2025-04-22T02:50:12.101+0000] {cursor.py:1028} INFO - query: [MERGE INTO MBTA_VEHICLES AS target USING (SELECT 'y1801', '15', 42.32836036, -71...]
[2025-04-22T02:50:16.503+0000] {cursor.py:1041} INFO - query execution done
[2025-04-22T02:50:16.504+0000] {cursor.py:1028} INFO - query: [MERGE INTO MBTA_VEHICLES AS target USING (SELECT 'ynk255', 'Shuttle-Generic', 42...]
[2025-04-22T02:50:20.245+0000] {cursor.py:1041} INFO - query execution done
[2025-04-22T02:50:20.253+0000] {cursor.py:1028} INFO - query: [MERGE INTO MBTA_VEHICLES AS target USING (SELECT 'G-10255', 'Green-E', 42.32954,...]
[2025-04-22T02:50:24.297+0000] {cursor.py:1041} INFO - query execution done
[2025-04-22T02:50:24.298+0000] {cursor.py:1028} INFO - query: [MERGE INTO MBTA_VEHICLES AS target USING (SELECT 'y1271', '28', 42.28997167, -71...]
[2025-04-22T02:50:28.177+0000] {cursor.py:1041} INFO - query execution done
[2025-04-22T02:50:28.178+0000] {cursor.py:1028} INFO - query: [MERGE INTO MBTA_VEHICLES AS target USING (SELECT 'G-10070', 'Green-B', 42.34939,...]
[2025-04-22T02:50:31.780+0000] {cursor.py:1041} INFO - query execution done
[2025-04-22T02:50:31.781+0000] {cursor.py:1028} INFO - query: [MERGE INTO MBTA_VEHICLES AS target USING (SELECT 'R-548296B8', 'Red', 42.25541, ...]
[2025-04-22T02:50:35.449+0000] {cursor.py:1041} INFO - query execution done
[2025-04-22T02:50:35.451+0000] {cursor.py:1028} INFO - query: [MERGE INTO MBTA_VEHICLES AS target USING (SELECT 'G-10285', 'Green-D', 42.34819,...]
[2025-04-22T02:50:39.421+0000] {cursor.py:1041} INFO - query execution done
[2025-04-22T02:50:39.424+0000] {cursor.py:1028} INFO - query: [MERGE INTO MBTA_VEHICLES AS target USING (SELECT 'y3350', '435', 42.52771808, -7...]
[2025-04-22T02:50:43.376+0000] {cursor.py:1041} INFO - query execution done
[2025-04-22T02:50:43.413+0000] {cursor.py:1028} INFO - query: [MERGE INTO MBTA_VEHICLES AS target USING (SELECT 'y2010', '109', 42.41089877, -7...]
[2025-04-22T02:50:47.165+0000] {cursor.py:1041} INFO - query execution done
[2025-04-22T02:50:47.179+0000] {cursor.py:1028} INFO - query: [MERGE INTO MBTA_VEHICLES AS target USING (SELECT 'y1821', '1', 42.34324118, -71....]
[2025-04-22T02:50:50.902+0000] {cursor.py:1041} INFO - query execution done
[2025-04-22T02:50:50.906+0000] {cursor.py:1028} INFO - query: [MERGE INTO MBTA_VEHICLES AS target USING (SELECT 'y1259', '28', 42.33520618, -71...]
[2025-04-22T02:50:54.806+0000] {cursor.py:1041} INFO - query execution done
[2025-04-22T02:50:54.809+0000] {cursor.py:1028} INFO - query: [MERGE INTO MBTA_VEHICLES AS target USING (SELECT '1818', 'CR-Fitchburg', 42.4551...]
[2025-04-22T02:50:59.019+0000] {cursor.py:1041} INFO - query execution done
[2025-04-22T02:50:59.027+0000] {cursor.py:1028} INFO - query: [MERGE INTO MBTA_VEHICLES AS target USING (SELECT 'G-10017', 'Mattapan', 42.26761...]
[2025-04-22T02:51:03.430+0000] {cursor.py:1041} INFO - query execution done
[2025-04-22T02:51:03.431+0000] {cursor.py:1028} INFO - query: [MERGE INTO MBTA_VEHICLES AS target USING (SELECT '1805', 'CR-Fitchburg', 42.5380...]
[2025-04-22T02:51:07.305+0000] {cursor.py:1041} INFO - query execution done
[2025-04-22T02:51:07.309+0000] {cursor.py:1028} INFO - query: [MERGE INTO MBTA_VEHICLES AS target USING (SELECT 'y1995', '86', 42.372667989, -7...]
[2025-04-22T02:51:11.288+0000] {cursor.py:1041} INFO - query execution done
[2025-04-22T02:51:11.290+0000] {cursor.py:1028} INFO - query: [MERGE INTO MBTA_VEHICLES AS target USING (SELECT 'y1798', '43', 42.35616, -71.06...]
[2025-04-22T02:51:14.899+0000] {cursor.py:1041} INFO - query execution done
[2025-04-22T02:51:14.901+0000] {cursor.py:1028} INFO - query: [MERGE INTO MBTA_VEHICLES AS target USING (SELECT 'y2097', '70', 42.37619647, -71...]
[2025-04-22T02:51:18.475+0000] {cursor.py:1041} INFO - query execution done
[2025-04-22T02:51:18.488+0000] {cursor.py:1028} INFO - query: [MERGE INTO MBTA_VEHICLES AS target USING (SELECT 'y1960', '104', 42.42534087, -7...]
[2025-04-22T02:51:22.469+0000] {cursor.py:1041} INFO - query execution done
[2025-04-22T02:51:22.473+0000] {cursor.py:1028} INFO - query: [MERGE INTO MBTA_VEHICLES AS target USING (SELECT 'y3342', '455', 42.48172818, -7...]
[2025-04-22T02:51:26.254+0000] {cursor.py:1041} INFO - query execution done
[2025-04-22T02:51:26.263+0000] {cursor.py:1028} INFO - query: [MERGE INTO MBTA_VEHICLES AS target USING (SELECT 'y3155', '73', 42.372567349, -7...]
[2025-04-22T02:51:30.036+0000] {cursor.py:1041} INFO - query execution done
[2025-04-22T02:51:30.052+0000] {cursor.py:1028} INFO - query: [MERGE INTO MBTA_VEHICLES AS target USING (SELECT 'y1632', 'Shuttle-Generic', 42....]
[2025-04-22T02:51:33.878+0000] {cursor.py:1041} INFO - query execution done
[2025-04-22T02:51:33.879+0000] {cursor.py:1028} INFO - query: [MERGE INTO MBTA_VEHICLES AS target USING (SELECT 'dLF 958', '714', 42.25250648, ...]
[2025-04-22T02:51:37.716+0000] {cursor.py:1041} INFO - query execution done
[2025-04-22T02:51:37.720+0000] {cursor.py:1028} INFO - query: [MERGE INTO MBTA_VEHICLES AS target USING (SELECT 'B-5482A339', 'Blue', 42.35948,...]
[2025-04-22T02:51:41.616+0000] {cursor.py:1041} INFO - query execution done
[2025-04-22T02:51:41.620+0000] {cursor.py:1028} INFO - query: [MERGE INTO MBTA_VEHICLES AS target USING (SELECT 'y1260', '39', 42.33168162, -71...]
[2025-04-22T02:51:45.221+0000] {cursor.py:1041} INFO - query execution done
[2025-04-22T02:51:45.226+0000] {cursor.py:1028} INFO - query: [MERGE INTO MBTA_VEHICLES AS target USING (SELECT 'y3156', '110', 42.410126279, -...]
[2025-04-22T02:51:49.192+0000] {cursor.py:1041} INFO - query execution done
[2025-04-22T02:51:49.197+0000] {cursor.py:1028} INFO - query: [MERGE INTO MBTA_VEHICLES AS target USING (SELECT 'G-10086', 'Green-B', 42.35101,...]
[2025-04-22T02:51:53.010+0000] {cursor.py:1041} INFO - query execution done
[2025-04-22T02:51:53.016+0000] {cursor.py:1028} INFO - query: [MERGE INTO MBTA_VEHICLES AS target USING (SELECT 'y1344', '741', 42.36939043, -7...]
[2025-04-22T02:51:56.820+0000] {cursor.py:1041} INFO - query execution done
[2025-04-22T02:51:56.824+0000] {cursor.py:1028} INFO - query: [MERGE INTO MBTA_VEHICLES AS target USING (SELECT 'y1771', '23', 42.28881245, -71...]
[2025-04-22T02:52:01.071+0000] {cursor.py:1041} INFO - query execution done
[2025-04-22T02:52:01.088+0000] {cursor.py:1028} INFO - query: [MERGE INTO MBTA_VEHICLES AS target USING (SELECT 'B-5482A5E1', 'Blue', 42.36135,...]
[2025-04-22T02:52:05.254+0000] {cursor.py:1041} INFO - query execution done
[2025-04-22T02:52:05.257+0000] {cursor.py:1028} INFO - query: [MERGE INTO MBTA_VEHICLES AS target USING (SELECT 'y2080', '92', 42.361625029, -7...]
[2025-04-22T02:52:09.126+0000] {cursor.py:1041} INFO - query execution done
[2025-04-22T02:52:09.142+0000] {cursor.py:1028} INFO - query: [MERGE INTO MBTA_VEHICLES AS target USING (SELECT 'G-10205', 'Green-E', 42.34977,...]
[2025-04-22T02:52:13.156+0000] {cursor.py:1041} INFO - query execution done
[2025-04-22T02:52:13.159+0000] {cursor.py:1028} INFO - query: [MERGE INTO MBTA_VEHICLES AS target USING (SELECT 'y1926', '104', 42.41123018, -7...]
[2025-04-22T02:52:16.955+0000] {cursor.py:1041} INFO - query execution done
[2025-04-22T02:52:16.961+0000] {cursor.py:1028} INFO - query: [MERGE INTO MBTA_VEHICLES AS target USING (SELECT 'y1631', '32', 42.2374265, -71....]
[2025-04-22T02:52:21.033+0000] {cursor.py:1041} INFO - query execution done
[2025-04-22T02:52:21.036+0000] {cursor.py:1028} INFO - query: [MERGE INTO MBTA_VEHICLES AS target USING (SELECT 'G-10160', 'Green-D', 42.37079,...]
[2025-04-22T02:52:24.830+0000] {cursor.py:1041} INFO - query execution done
[2025-04-22T02:52:24.836+0000] {cursor.py:1028} INFO - query: [MERGE INTO MBTA_VEHICLES AS target USING (SELECT 'R-54829CB5', 'Red', 42.35145, ...]
[2025-04-22T02:52:29.328+0000] {cursor.py:1041} INFO - query execution done
[2025-04-22T02:52:29.333+0000] {cursor.py:1028} INFO - query: [MERGE INTO MBTA_VEHICLES AS target USING (SELECT 'y1712', '42', 42.29997417, -71...]
[2025-04-22T02:52:33.222+0000] {cursor.py:1041} INFO - query execution done
[2025-04-22T02:52:33.240+0000] {cursor.py:1028} INFO - query: [MERGE INTO MBTA_VEHICLES AS target USING (SELECT '1724', 'CR-Lowell', 42.4460029...]
[2025-04-22T02:52:37.002+0000] {cursor.py:1041} INFO - query execution done
[2025-04-22T02:52:37.009+0000] {cursor.py:1028} INFO - query: [MERGE INTO MBTA_VEHICLES AS target USING (SELECT 'R-54826ECF', 'Red', 42.23131, ...]
[2025-04-22T02:52:40.808+0000] {cursor.py:1041} INFO - query execution done
[2025-04-22T02:52:40.813+0000] {cursor.py:1028} INFO - query: [MERGE INTO MBTA_VEHICLES AS target USING (SELECT 'y2070', '104', 42.37492, -71.0...]
[2025-04-22T02:52:44.493+0000] {cursor.py:1041} INFO - query execution done
[2025-04-22T02:52:44.497+0000] {cursor.py:1028} INFO - query: [MERGE INTO MBTA_VEHICLES AS target USING (SELECT 'y0781', '230', 42.22362597, -7...]
[2025-04-22T02:52:48.292+0000] {cursor.py:1041} INFO - query execution done
[2025-04-22T02:52:48.296+0000] {cursor.py:1028} INFO - query: [MERGE INTO MBTA_VEHICLES AS target USING (SELECT 'y1983', '69', 42.37496413, -71...]
[2025-04-22T02:52:52.391+0000] {cursor.py:1041} INFO - query execution done
[2025-04-22T02:52:52.402+0000] {cursor.py:1028} INFO - query: [MERGE INTO MBTA_VEHICLES AS target USING (SELECT 'y1872', '57', 42.33638, -71.08...]
[2025-04-22T02:52:56.796+0000] {cursor.py:1041} INFO - query execution done
[2025-04-22T02:52:56.805+0000] {cursor.py:1028} INFO - query: [MERGE INTO MBTA_VEHICLES AS target USING (SELECT 'y1342', '741', 42.347696, -71....]
[2025-04-22T02:53:01.172+0000] {cursor.py:1041} INFO - query execution done
[2025-04-22T02:53:01.180+0000] {cursor.py:1028} INFO - query: [MERGE INTO MBTA_VEHICLES AS target USING (SELECT 'B-5482A374', 'Blue', 42.39066,...]
[2025-04-22T02:53:05.365+0000] {cursor.py:1041} INFO - query execution done
[2025-04-22T02:53:05.367+0000] {cursor.py:1028} INFO - query: [MERGE INTO MBTA_VEHICLES AS target USING (SELECT 'y1287', '749', 42.35523, -71.0...]
[2025-04-22T02:53:09.459+0000] {cursor.py:1041} INFO - query execution done
[2025-04-22T02:53:09.460+0000] {cursor.py:1028} INFO - query: [MERGE INTO MBTA_VEHICLES AS target USING (SELECT 'y3129', '99', 42.40965408, -71...]
[2025-04-22T02:53:13.153+0000] {cursor.py:1041} INFO - query execution done
[2025-04-22T02:53:13.166+0000] {cursor.py:1028} INFO - query: [MERGE INTO MBTA_VEHICLES AS target USING (SELECT 'G-10202', 'Green-C', 42.33851,...]
[2025-04-22T02:53:17.030+0000] {cursor.py:1041} INFO - query execution done
[2025-04-22T02:53:17.035+0000] {cursor.py:1028} INFO - query: [MERGE INTO MBTA_VEHICLES AS target USING (SELECT 'y1916', '16', 42.32076232, -71...]
[2025-04-22T02:53:18.466+0000] {local_task_job_runner.py:121} ERROR - Received SIGTERM. Terminating subprocesses
[2025-04-22T02:53:18.755+0000] {process_utils.py:131} INFO - Sending 15 to group 765. PIDs of all processes in the group: [765]
[2025-04-22T02:53:18.772+0000] {process_utils.py:86} INFO - Sending the signal 15 to group 765
[2025-04-22T02:53:18.811+0000] {taskinstance.py:2450} ERROR - Received SIGTERM. Terminating subprocesses.
[2025-04-22T02:53:18.892+0000] {mbta_kafka_consumer.py:212} ERROR - ❌ Error processing topic mbta_vehicles: Task received SIGTERM signal
[2025-04-22T02:53:19.025+0000] {mbta_kafka_consumer.py:233} INFO - 📥 Received 323 records from topic: mbta_vehicles
[2025-04-22T02:53:19.216+0000] {mbta_kafka_consumer.py:56} INFO - 🔍 Sample data for MBTA_VEHICLES:
[2025-04-22T02:53:19.217+0000] {mbta_kafka_consumer.py:57} INFO - 
   VEHICLE_ID      ROUTE_ID  ...         STATUS                 CREATED_AT
0     G-10268       Green-E  ...     STOPPED_AT 2025-04-22 02:53:19.030922
1        1832  CR-Worcester  ...  IN_TRANSIT_TO 2025-04-22 02:53:19.030936
2       y1908             1  ...     STOPPED_AT 2025-04-22 02:53:19.030950
3  O-5482A351        Orange  ...    INCOMING_AT 2025-04-22 02:53:19.030953
4     G-10245       Green-D  ...    INCOMING_AT 2025-04-22 02:53:19.030963

[5 rows x 8 columns]
[2025-04-22T02:53:19.265+0000] {cursor.py:1028} INFO - query: [SELECT * FROM MBTA_VEHICLES WHERE VEHICLE_ID IN ('G-10268','1832','y1908','O-548...]
[2025-04-22T02:53:20.188+0000] {cursor.py:1041} INFO - query execution done
[2025-04-22T02:53:20.192+0000] {cursor.py:1205} INFO - Number of results in first chunk: 335
[2025-04-22T02:53:20.271+0000] {mbta_kafka_consumer.py:104} INFO - 🔁 196 new/updated records out of 323 incoming records (some may be duplicate VEHICLE_IDs) for MBTA_VEHICLES
[2025-04-22T02:53:20.273+0000] {cursor.py:1028} INFO - query: [MERGE INTO MBTA_VEHICLES AS target USING (SELECT 'y1858', '8', 42.33252005, -71....]
