[2025-04-21T23:00:04.378+0000] {taskinstance.py:1956} INFO - Dependencies all met for dep_context=non-requeueable deps ti=<TaskInstance: mbta_ingestion_dag.load_to_snowflake scheduled__2025-04-21T22:55:00+00:00 [queued]>
[2025-04-21T23:00:04.383+0000] {taskinstance.py:1956} INFO - Dependencies all met for dep_context=requeueable deps ti=<TaskInstance: mbta_ingestion_dag.load_to_snowflake scheduled__2025-04-21T22:55:00+00:00 [queued]>
[2025-04-21T23:00:04.383+0000] {taskinstance.py:2170} INFO - Starting attempt 1 of 2
[2025-04-21T23:00:04.390+0000] {taskinstance.py:2191} INFO - Executing <Task(PythonOperator): load_to_snowflake> on 2025-04-21 22:55:00+00:00
[2025-04-21T23:00:04.397+0000] {standard_task_runner.py:60} INFO - Started process 526 to run task
[2025-04-21T23:00:04.408+0000] {standard_task_runner.py:87} INFO - Running: ['***', 'tasks', 'run', 'mbta_ingestion_dag', 'load_to_snowflake', 'scheduled__2025-04-21T22:55:00+00:00', '--job-id', '14', '--raw', '--subdir', 'DAGS_FOLDER/mbta_ingestion_dag.py', '--cfg-path', '/tmp/tmpni7trm2k']
[2025-04-21T23:00:04.412+0000] {standard_task_runner.py:88} INFO - Job 14: Subtask load_to_snowflake
[2025-04-21T23:00:04.431+0000] {logging_mixin.py:188} WARNING - /home/***/.local/lib/python3.9/site-packages/***/settings.py:194 DeprecationWarning: The sql_alchemy_conn option in [core] has been moved to the sql_alchemy_conn option in [database] - the old setting has been used, but please update your config.
[2025-04-21T23:00:04.469+0000] {task_command.py:423} INFO - Running <TaskInstance: mbta_ingestion_dag.load_to_snowflake scheduled__2025-04-21T22:55:00+00:00 [running]> on host c70ebbf73d61
[2025-04-21T23:00:04.528+0000] {taskinstance.py:2480} INFO - Exporting env vars: AIRFLOW_CTX_DAG_OWNER='***' AIRFLOW_CTX_DAG_ID='mbta_ingestion_dag' AIRFLOW_CTX_TASK_ID='load_to_snowflake' AIRFLOW_CTX_EXECUTION_DATE='2025-04-21T22:55:00+00:00' AIRFLOW_CTX_TRY_NUMBER='1' AIRFLOW_CTX_DAG_RUN_ID='scheduled__2025-04-21T22:55:00+00:00'
[2025-04-21T23:00:04.530+0000] {mbta_ingestion_dag.py:35} INFO - 🚀 Launching Kafka consumer to process and load data into Snowflake...
[2025-04-21T23:00:04.530+0000] {connection.py:370} INFO - Snowflake Connector for Python Version: 3.6.0, Python Version: 3.9.18, Platform: Linux-6.10.14-linuxkit-aarch64-with-glibc2.36
[2025-04-21T23:00:04.531+0000] {connection.py:1171} INFO - This connection is in OCSP Fail Open Mode. TLS Certificates would be checked for validity and revocation status. Any other Certificate Revocation related exceptions or OCSP Responder failures would be disregarded in favor of connectivity.
[2025-04-21T23:00:05.199+0000] {mbta_kafka_consumer.py:45} INFO - ✅ Connected to Snowflake successfully.
[2025-04-21T23:00:05.200+0000] {mbta_kafka_consumer.py:219} INFO - 🚀 Starting MBTA Kafka Consumer...
[2025-04-21T23:00:05.204+0000] {conn.py:395} INFO - <BrokerConnection client_id=kafka-python-2.1.5, node_id=bootstrap-0 host=kafka:9092 <connecting> [IPv4 ('172.19.0.4', 9092)]>: connecting to kafka:9092 [('172.19.0.4', 9092) IPv4]
[2025-04-21T23:00:05.228+0000] {conn.py:615} INFO - <BrokerConnection client_id=kafka-python-2.1.5, node_id=bootstrap-0 host=kafka:9092 <checking_api_versions_recv> [IPv4 ('172.19.0.4', 9092)]>: Broker version identified as 2.6
[2025-04-21T23:00:05.229+0000] {conn.py:456} INFO - <BrokerConnection client_id=kafka-python-2.1.5, node_id=bootstrap-0 host=kafka:9092 <connected> [IPv4 ('172.19.0.4', 9092)]>: Connection complete.
[2025-04-21T23:00:05.231+0000] {consumer.py:119} WARNING - group_id is None: disabling auto-commit.
[2025-04-21T23:00:05.233+0000] {subscription_state.py:182} INFO - Updating subscribed topics to: ('mbta_alerts', 'mbta_routes', 'mbta_stops', 'mbta_vehicles', 'mbta_predictions')
[2025-04-21T23:00:05.242+0000] {subscription_state.py:254} INFO - Updated partition assignment: [('mbta_stops', 0), ('mbta_routes', 0), ('mbta_vehicles', 0), ('mbta_predictions', 0), ('mbta_alerts', 0)]
[2025-04-21T23:00:05.246+0000] {conn.py:395} INFO - <BrokerConnection client_id=kafka-python-2.1.5, node_id=1 host=kafka:9092 <connecting> [IPv4 ('172.19.0.4', 9092)]>: connecting to kafka:9092 [('172.19.0.4', 9092) IPv4]
[2025-04-21T23:00:05.248+0000] {conn.py:456} INFO - <BrokerConnection client_id=kafka-python-2.1.5, node_id=1 host=kafka:9092 <connected> [IPv4 ('172.19.0.4', 9092)]>: Connection complete.
[2025-04-21T23:00:05.249+0000] {conn.py:936} INFO - <BrokerConnection client_id=kafka-python-2.1.5, node_id=bootstrap-0 host=kafka:9092 <connected> [IPv4 ('172.19.0.4', 9092)]>: Closing connection. 
[2025-04-21T23:00:06.499+0000] {mbta_kafka_consumer.py:233} INFO - 📥 Received 114 records from topic: mbta_alerts
[2025-04-21T23:00:06.515+0000] {mbta_kafka_consumer.py:56} INFO - 🔍 Sample data for MBTA_ALERTS:
[2025-04-21T23:00:06.516+0000] {mbta_kafka_consumer.py:57} INFO - 
  ALERT_ID  ...                 CREATED_AT
0   638240  ...  2025-04-16T10:52:04-04:00
1   638657  ...  2025-04-18T10:54:16-04:00
2   435698  ...  2022-03-15T10:13:31-04:00
3   634497  ...  2025-03-27T14:21:07-04:00
4   639287  ...  2025-04-21T18:14:07-04:00

[5 rows x 6 columns]
[2025-04-21T23:00:06.528+0000] {cursor.py:1028} INFO - query: [SELECT * FROM MBTA_ALERTS WHERE ALERT_ID IN ('638240','638657','435698','634497'...]
[2025-04-21T23:00:06.720+0000] {cursor.py:1041} INFO - query execution done
[2025-04-21T23:00:06.721+0000] {cursor.py:1205} INFO - Number of results in first chunk: 0
[2025-04-21T23:00:07.204+0000] {mbta_kafka_consumer.py:104} INFO - 🔁 0 new/updated records out of 114 incoming records (some may be duplicate VEHICLE_IDs) for MBTA_ALERTS
[2025-04-21T23:00:07.205+0000] {mbta_kafka_consumer.py:107} INFO - ✅ All 114 records already up-to-date in MBTA_ALERTS, no merge needed.
[2025-04-21T23:00:07.205+0000] {mbta_kafka_consumer.py:233} INFO - 📥 Received 113 records from topic: mbta_alerts
[2025-04-21T23:00:07.207+0000] {mbta_kafka_consumer.py:56} INFO - 🔍 Sample data for MBTA_ALERTS:
[2025-04-21T23:00:07.207+0000] {mbta_kafka_consumer.py:57} INFO - 
  ALERT_ID  ...                 CREATED_AT
0   638240  ...  2025-04-16T10:52:04-04:00
1   638657  ...  2025-04-18T10:54:16-04:00
2   435698  ...  2022-03-15T10:13:31-04:00
3   634497  ...  2025-03-27T14:21:07-04:00
4   639287  ...  2025-04-21T18:14:07-04:00

[5 rows x 6 columns]
[2025-04-21T23:00:07.211+0000] {cursor.py:1028} INFO - query: [SELECT * FROM MBTA_ALERTS WHERE ALERT_ID IN ('638240','638657','435698','634497'...]
[2025-04-21T23:00:07.389+0000] {cursor.py:1041} INFO - query execution done
[2025-04-21T23:00:07.395+0000] {cursor.py:1205} INFO - Number of results in first chunk: 0
[2025-04-21T23:00:07.538+0000] {mbta_kafka_consumer.py:104} INFO - 🔁 0 new/updated records out of 113 incoming records (some may be duplicate VEHICLE_IDs) for MBTA_ALERTS
[2025-04-21T23:00:07.538+0000] {mbta_kafka_consumer.py:107} INFO - ✅ All 113 records already up-to-date in MBTA_ALERTS, no merge needed.
[2025-04-21T23:00:07.538+0000] {mbta_kafka_consumer.py:233} INFO - 📥 Received 523 records from topic: mbta_vehicles
[2025-04-21T23:00:07.545+0000] {mbta_kafka_consumer.py:56} INFO - 🔍 Sample data for MBTA_VEHICLES:
[2025-04-21T23:00:07.545+0000] {mbta_kafka_consumer.py:57} INFO - 
  VEHICLE_ID      ROUTE_ID  ...         STATUS                 CREATED_AT
0    G-10062       Green-C  ...     STOPPED_AT 2025-04-21 23:00:07.539147
1      y1830             9  ...     STOPPED_AT 2025-04-21 23:00:07.539483
2    G-10268       Green-E  ...  IN_TRANSIT_TO 2025-04-21 23:00:07.539488
3      y3110           435  ...  IN_TRANSIT_TO 2025-04-21 23:00:07.539489
4       1832  CR-Worcester  ...  IN_TRANSIT_TO 2025-04-21 23:00:07.539490

[5 rows x 8 columns]
[2025-04-21T23:00:07.551+0000] {cursor.py:1028} INFO - query: [SELECT * FROM MBTA_VEHICLES WHERE VEHICLE_ID IN ('G-10062','y1830','G-10268','y3...]
[2025-04-21T23:00:07.915+0000] {cursor.py:1041} INFO - query execution done
[2025-04-21T23:00:07.916+0000] {cursor.py:1205} INFO - Number of results in first chunk: 434
[2025-04-21T23:00:07.941+0000] {mbta_kafka_consumer.py:104} INFO - 🔁 415 new/updated records out of 523 incoming records (some may be duplicate VEHICLE_IDs) for MBTA_VEHICLES
[2025-04-21T23:00:07.942+0000] {cursor.py:1028} INFO - query: [MERGE INTO MBTA_VEHICLES AS target USING (SELECT 'y1881', '66', 42.3548479, -71....]
[2025-04-21T23:00:09.751+0000] {cursor.py:1041} INFO - query execution done
[2025-04-21T23:00:09.756+0000] {cursor.py:1028} INFO - query: [MERGE INTO MBTA_VEHICLES AS target USING (SELECT 'y1660', '34E', 42.28682096, -7...]
[2025-04-21T23:00:11.634+0000] {cursor.py:1041} INFO - query execution done
[2025-04-21T23:00:11.636+0000] {cursor.py:1028} INFO - query: [MERGE INTO MBTA_VEHICLES AS target USING (SELECT 'y1978', '111', 42.40938003, -7...]
[2025-04-21T23:00:13.385+0000] {cursor.py:1041} INFO - query execution done
[2025-04-21T23:00:13.397+0000] {cursor.py:1028} INFO - query: [MERGE INTO MBTA_VEHICLES AS target USING (SELECT 'y3308', '455', 42.41848069, -7...]
[2025-04-21T23:00:15.214+0000] {cursor.py:1041} INFO - query execution done
[2025-04-21T23:00:15.221+0000] {cursor.py:1028} INFO - query: [MERGE INTO MBTA_VEHICLES AS target USING (SELECT 'G-10220', 'Green-C', 42.33637,...]
[2025-04-21T23:00:17.166+0000] {cursor.py:1041} INFO - query execution done
[2025-04-21T23:00:17.169+0000] {cursor.py:1028} INFO - query: [MERGE INTO MBTA_VEHICLES AS target USING (SELECT 'y1855', '11', 42.34325298, -71...]
[2025-04-21T23:00:18.718+0000] {cursor.py:1041} INFO - query execution done
[2025-04-21T23:00:18.720+0000] {cursor.py:1028} INFO - query: [MERGE INTO MBTA_VEHICLES AS target USING (SELECT 'y1971', '93', 42.3666, -71.058...]
[2025-04-21T23:00:20.646+0000] {cursor.py:1041} INFO - query execution done
[2025-04-21T23:00:20.648+0000] {cursor.py:1028} INFO - query: [MERGE INTO MBTA_VEHICLES AS target USING (SELECT 'y2014', '109', 42.37263, -71.1...]
[2025-04-21T23:00:22.479+0000] {cursor.py:1041} INFO - query execution done
[2025-04-21T23:00:22.482+0000] {cursor.py:1028} INFO - query: [MERGE INTO MBTA_VEHICLES AS target USING (SELECT '1836', 'CR-Worcester', 42.2904...]
[2025-04-21T23:00:24.230+0000] {cursor.py:1041} INFO - query execution done
[2025-04-21T23:00:24.236+0000] {cursor.py:1028} INFO - query: [MERGE INTO MBTA_VEHICLES AS target USING (SELECT 'G-10150', 'Green-D', 42.37182,...]
[2025-04-21T23:00:25.835+0000] {cursor.py:1041} INFO - query execution done
[2025-04-21T23:00:25.835+0000] {cursor.py:1028} INFO - query: [MERGE INTO MBTA_VEHICLES AS target USING (SELECT 'R-54829E0D', 'Red', 42.39745, ...]
[2025-04-21T23:00:27.709+0000] {cursor.py:1041} INFO - query execution done
[2025-04-21T23:00:27.712+0000] {cursor.py:1028} INFO - query: [MERGE INTO MBTA_VEHICLES AS target USING (SELECT 'G-10087', 'Green-C', 42.34387,...]
[2025-04-21T23:00:29.756+0000] {cursor.py:1041} INFO - query execution done
[2025-04-21T23:00:29.758+0000] {cursor.py:1028} INFO - query: [MERGE INTO MBTA_VEHICLES AS target USING (SELECT 'G-10164', 'Mattapan', 42.26775...]
[2025-04-21T23:00:31.931+0000] {cursor.py:1041} INFO - query execution done
[2025-04-21T23:00:31.932+0000] {cursor.py:1028} INFO - query: [MERGE INTO MBTA_VEHICLES AS target USING (SELECT 'G-10104', 'Green-B', 42.35245,...]
[2025-04-21T23:00:33.963+0000] {cursor.py:1041} INFO - query execution done
[2025-04-21T23:00:33.969+0000] {cursor.py:1028} INFO - query: [MERGE INTO MBTA_VEHICLES AS target USING (SELECT 'y1865', '9', 42.33854359, -71....]
[2025-04-21T23:00:35.492+0000] {cursor.py:1041} INFO - query execution done
[2025-04-21T23:00:35.493+0000] {cursor.py:1028} INFO - query: [MERGE INTO MBTA_VEHICLES AS target USING (SELECT 'R-5482A429', 'Red', 42.20749, ...]
[2025-04-21T23:00:37.349+0000] {cursor.py:1041} INFO - query execution done
[2025-04-21T23:00:37.356+0000] {cursor.py:1028} INFO - query: [MERGE INTO MBTA_VEHICLES AS target USING (SELECT 'y1219', '39', 42.331420719, -7...]
[2025-04-21T23:00:39.074+0000] {cursor.py:1041} INFO - query execution done
[2025-04-21T23:00:39.079+0000] {cursor.py:1028} INFO - query: [MERGE INTO MBTA_VEHICLES AS target USING (SELECT 'ynk256', 'Shuttle-Generic', 42...]
[2025-04-21T23:00:41.384+0000] {cursor.py:1041} INFO - query execution done
[2025-04-21T23:00:41.395+0000] {cursor.py:1028} INFO - query: [MERGE INTO MBTA_VEHICLES AS target USING (SELECT 'ynk312', 'Shuttle-Generic', 42...]
[2025-04-21T23:00:43.165+0000] {cursor.py:1041} INFO - query execution done
[2025-04-21T23:00:43.169+0000] {cursor.py:1028} INFO - query: [MERGE INTO MBTA_VEHICLES AS target USING (SELECT 'O-5482A34F', 'Orange', 42.3395...]
[2025-04-21T23:00:45.013+0000] {cursor.py:1041} INFO - query execution done
[2025-04-21T23:00:45.014+0000] {cursor.py:1028} INFO - query: [MERGE INTO MBTA_VEHICLES AS target USING (SELECT 'ynk341', 'Shuttle-Generic', 42...]
[2025-04-21T23:00:46.657+0000] {cursor.py:1041} INFO - query execution done
[2025-04-21T23:00:46.662+0000] {cursor.py:1028} INFO - query: [MERGE INTO MBTA_VEHICLES AS target USING (SELECT 'ynk341', 'Shuttle-Generic', 42...]
[2025-04-21T23:00:48.136+0000] {cursor.py:1041} INFO - query execution done
[2025-04-21T23:00:48.139+0000] {cursor.py:1028} INFO - query: [MERGE INTO MBTA_VEHICLES AS target USING (SELECT 'ynk341', 'Shuttle-Generic', 42...]
[2025-04-21T23:00:49.976+0000] {cursor.py:1041} INFO - query execution done
[2025-04-21T23:00:49.978+0000] {cursor.py:1028} INFO - query: [MERGE INTO MBTA_VEHICLES AS target USING (SELECT 'ynk341', 'Shuttle-Generic', 42...]
[2025-04-21T23:00:51.778+0000] {cursor.py:1041} INFO - query execution done
[2025-04-21T23:00:51.778+0000] {cursor.py:1028} INFO - query: [MERGE INTO MBTA_VEHICLES AS target USING (SELECT 'ynk341', 'Shuttle-Generic', 42...]
[2025-04-21T23:00:53.719+0000] {cursor.py:1041} INFO - query execution done
[2025-04-21T23:00:53.724+0000] {cursor.py:1028} INFO - query: [MERGE INTO MBTA_VEHICLES AS target USING (SELECT 'ynk341', 'Shuttle-Generic', 42...]
[2025-04-21T23:00:55.552+0000] {cursor.py:1041} INFO - query execution done
[2025-04-21T23:00:55.552+0000] {cursor.py:1028} INFO - query: [MERGE INTO MBTA_VEHICLES AS target USING (SELECT 'ynk341', 'Shuttle-Generic', 42...]
[2025-04-21T23:00:57.610+0000] {cursor.py:1041} INFO - query execution done
[2025-04-21T23:00:57.610+0000] {cursor.py:1028} INFO - query: [MERGE INTO MBTA_VEHICLES AS target USING (SELECT 'ynk341', 'Shuttle-Generic', 42...]
[2025-04-21T23:00:59.307+0000] {cursor.py:1041} INFO - query execution done
[2025-04-21T23:00:59.309+0000] {cursor.py:1028} INFO - query: [MERGE INTO MBTA_VEHICLES AS target USING (SELECT 'ynk341', 'Shuttle-Generic', 42...]
[2025-04-21T23:01:00.932+0000] {cursor.py:1041} INFO - query execution done
[2025-04-21T23:01:00.933+0000] {cursor.py:1028} INFO - query: [MERGE INTO MBTA_VEHICLES AS target USING (SELECT 'ynk341', 'Shuttle-Generic', 42...]
[2025-04-21T23:01:02.832+0000] {cursor.py:1041} INFO - query execution done
[2025-04-21T23:01:02.833+0000] {cursor.py:1028} INFO - query: [MERGE INTO MBTA_VEHICLES AS target USING (SELECT 'ynk341', 'Shuttle-Generic', 42...]
[2025-04-21T23:01:04.721+0000] {cursor.py:1041} INFO - query execution done
[2025-04-21T23:01:04.721+0000] {cursor.py:1028} INFO - query: [MERGE INTO MBTA_VEHICLES AS target USING (SELECT 'ynk341', 'Shuttle-Generic', 42...]
[2025-04-21T23:01:06.578+0000] {cursor.py:1041} INFO - query execution done
[2025-04-21T23:01:06.579+0000] {cursor.py:1028} INFO - query: [MERGE INTO MBTA_VEHICLES AS target USING (SELECT 'y1903', '22', 42.2900242, -71....]
[2025-04-21T23:01:08.668+0000] {cursor.py:1041} INFO - query execution done
[2025-04-21T23:01:08.669+0000] {cursor.py:1028} INFO - query: [MERGE INTO MBTA_VEHICLES AS target USING (SELECT 'y1763', '10', 42.33572423, -71...]
[2025-04-21T23:01:10.409+0000] {cursor.py:1041} INFO - query execution done
[2025-04-21T23:01:10.410+0000] {cursor.py:1028} INFO - query: [MERGE INTO MBTA_VEHICLES AS target USING (SELECT 'G-10292', 'Green-D', 42.35614,...]
[2025-04-21T23:01:12.256+0000] {cursor.py:1041} INFO - query execution done
[2025-04-21T23:01:12.259+0000] {cursor.py:1028} INFO - query: [MERGE INTO MBTA_VEHICLES AS target USING (SELECT '1707', 'CR-Lowell', 42.6188850...]
[2025-04-21T23:01:13.994+0000] {cursor.py:1041} INFO - query execution done
[2025-04-21T23:01:13.995+0000] {cursor.py:1028} INFO - query: [MERGE INTO MBTA_VEHICLES AS target USING (SELECT 'y1917', '23', 42.32967056, -71...]
[2025-04-21T23:01:16.009+0000] {cursor.py:1041} INFO - query execution done
[2025-04-21T23:01:16.011+0000] {cursor.py:1028} INFO - query: [MERGE INTO MBTA_VEHICLES AS target USING (SELECT 'ynk333', 'Shuttle-Generic', 42...]
[2025-04-21T23:01:17.782+0000] {cursor.py:1041} INFO - query execution done
[2025-04-21T23:01:17.784+0000] {cursor.py:1028} INFO - query: [MERGE INTO MBTA_VEHICLES AS target USING (SELECT 'y1845', '1', 42.33632994, -71....]
[2025-04-21T23:01:19.647+0000] {cursor.py:1041} INFO - query execution done
[2025-04-21T23:01:19.653+0000] {cursor.py:1028} INFO - query: [MERGE INTO MBTA_VEHICLES AS target USING (SELECT 'y2117', '350', 42.46127475, -7...]
[2025-04-21T23:01:22.025+0000] {cursor.py:1041} INFO - query execution done
[2025-04-21T23:01:22.032+0000] {cursor.py:1028} INFO - query: [MERGE INTO MBTA_VEHICLES AS target USING (SELECT 'y3005', '712', 42.36075883, -7...]
[2025-04-21T23:01:23.741+0000] {cursor.py:1041} INFO - query execution done
[2025-04-21T23:01:23.744+0000] {cursor.py:1028} INFO - query: [MERGE INTO MBTA_VEHICLES AS target USING (SELECT 'G-10200', 'Green-E', 42.35356,...]
[2025-04-21T23:01:25.434+0000] {cursor.py:1041} INFO - query execution done
[2025-04-21T23:01:25.435+0000] {cursor.py:1028} INFO - query: [MERGE INTO MBTA_VEHICLES AS target USING (SELECT 'y3347', '429', 42.46416437, -7...]
[2025-04-21T23:01:27.233+0000] {cursor.py:1041} INFO - query execution done
[2025-04-21T23:01:27.239+0000] {cursor.py:1028} INFO - query: [MERGE INTO MBTA_VEHICLES AS target USING (SELECT '1807', 'CR-Lowell', 42.3663139...]
[2025-04-21T23:01:29.050+0000] {cursor.py:1041} INFO - query execution done
[2025-04-21T23:01:29.052+0000] {cursor.py:1028} INFO - query: [MERGE INTO MBTA_VEHICLES AS target USING (SELECT 'O-54829380', 'Orange', 42.3615...]
[2025-04-21T23:01:30.796+0000] {cursor.py:1041} INFO - query execution done
[2025-04-21T23:01:30.801+0000] {cursor.py:1028} INFO - query: [MERGE INTO MBTA_VEHICLES AS target USING (SELECT 'y1785', '22', 42.33677, -71.08...]
[2025-04-21T23:01:32.496+0000] {cursor.py:1041} INFO - query execution done
[2025-04-21T23:01:32.497+0000] {cursor.py:1028} INFO - query: [MERGE INTO MBTA_VEHICLES AS target USING (SELECT 'y2106', '111', 42.36170972, -7...]
[2025-04-21T23:01:34.269+0000] {cursor.py:1041} INFO - query execution done
[2025-04-21T23:01:34.270+0000] {cursor.py:1028} INFO - query: [MERGE INTO MBTA_VEHICLES AS target USING (SELECT 'y3118', '90', 42.39659579, -71...]
[2025-04-21T23:01:36.124+0000] {cursor.py:1041} INFO - query execution done
[2025-04-21T23:01:36.130+0000] {cursor.py:1028} INFO - query: [MERGE INTO MBTA_VEHICLES AS target USING (SELECT 'ynk233', 'Shuttle-Generic', 42...]
[2025-04-21T23:01:37.841+0000] {cursor.py:1041} INFO - query execution done
[2025-04-21T23:01:37.843+0000] {cursor.py:1028} INFO - query: [MERGE INTO MBTA_VEHICLES AS target USING (SELECT 'y1697', '30', 42.30142697, -71...]
[2025-04-21T23:01:39.530+0000] {cursor.py:1041} INFO - query execution done
[2025-04-21T23:01:39.531+0000] {cursor.py:1028} INFO - query: [MERGE INTO MBTA_VEHICLES AS target USING (SELECT 'y3158', '77', 42.389818269, -7...]
[2025-04-21T23:01:41.457+0000] {cursor.py:1041} INFO - query execution done
[2025-04-21T23:01:41.465+0000] {cursor.py:1028} INFO - query: [MERGE INTO MBTA_VEHICLES AS target USING (SELECT 'y1956', '108', 42.42957125, -7...]
[2025-04-21T23:01:43.178+0000] {cursor.py:1041} INFO - query execution done
[2025-04-21T23:01:43.180+0000] {cursor.py:1028} INFO - query: [MERGE INTO MBTA_VEHICLES AS target USING (SELECT 'y1970', '99', 42.400411849, -7...]
[2025-04-21T23:01:45.444+0000] {cursor.py:1041} INFO - query execution done
[2025-04-21T23:01:45.448+0000] {cursor.py:1028} INFO - query: [MERGE INTO MBTA_VEHICLES AS target USING (SELECT 'y1776', '7', 42.33823006, -71....]
[2025-04-21T23:01:47.081+0000] {cursor.py:1041} INFO - query execution done
[2025-04-21T23:01:47.090+0000] {cursor.py:1028} INFO - query: [MERGE INTO MBTA_VEHICLES AS target USING (SELECT '1828', 'CR-Greenbush', 42.2115...]
[2025-04-21T23:01:48.657+0000] {cursor.py:1041} INFO - query execution done
[2025-04-21T23:01:48.659+0000] {cursor.py:1028} INFO - query: [MERGE INTO MBTA_VEHICLES AS target USING (SELECT 'y1860', '1', 42.33394959, -71....]
[2025-04-21T23:01:50.394+0000] {cursor.py:1041} INFO - query execution done
[2025-04-21T23:01:50.398+0000] {cursor.py:1028} INFO - query: [MERGE INTO MBTA_VEHICLES AS target USING (SELECT 'G-10279', 'Green-D', 42.32784,...]
[2025-04-21T23:01:52.189+0000] {cursor.py:1041} INFO - query execution done
[2025-04-21T23:01:52.191+0000] {cursor.py:1028} INFO - query: [MERGE INTO MBTA_VEHICLES AS target USING (SELECT 'y1290', '749', 42.35075, -71.0...]
[2025-04-21T23:01:53.830+0000] {cursor.py:1041} INFO - query execution done
[2025-04-21T23:01:53.831+0000] {cursor.py:1028} INFO - query: [MERGE INTO MBTA_VEHICLES AS target USING (SELECT 'y1629', '36', 42.27586288, -71...]
[2025-04-21T23:01:55.683+0000] {cursor.py:1041} INFO - query execution done
[2025-04-21T23:01:55.688+0000] {cursor.py:1028} INFO - query: [MERGE INTO MBTA_VEHICLES AS target USING (SELECT 'y3321', '116', 42.41832557, -7...]
[2025-04-21T23:01:57.525+0000] {cursor.py:1041} INFO - query execution done
[2025-04-21T23:01:57.533+0000] {cursor.py:1028} INFO - query: [MERGE INTO MBTA_VEHICLES AS target USING (SELECT 'y1783', '66', 42.33309859, -71...]
[2025-04-21T23:01:59.278+0000] {cursor.py:1041} INFO - query execution done
[2025-04-21T23:01:59.284+0000] {cursor.py:1028} INFO - query: [MERGE INTO MBTA_VEHICLES AS target USING (SELECT '1853', 'CR-Worcester', 42.2561...]
[2025-04-21T23:02:00.949+0000] {cursor.py:1041} INFO - query execution done
[2025-04-21T23:02:00.953+0000] {cursor.py:1028} INFO - query: [MERGE INTO MBTA_VEHICLES AS target USING (SELECT 'y1793', '47', 42.33572304, -71...]
[2025-04-21T23:02:03.148+0000] {cursor.py:1041} INFO - query execution done
[2025-04-21T23:02:03.149+0000] {cursor.py:1028} INFO - query: [MERGE INTO MBTA_VEHICLES AS target USING (SELECT 'y3304', '436', 42.46313, -70.9...]
[2025-04-21T23:02:05.210+0000] {cursor.py:1041} INFO - query execution done
[2025-04-21T23:02:05.215+0000] {cursor.py:1028} INFO - query: [MERGE INTO MBTA_VEHICLES AS target USING (SELECT 'ynk223', 'Shuttle-Generic', 42...]
[2025-04-21T23:02:07.412+0000] {cursor.py:1041} INFO - query execution done
[2025-04-21T23:02:07.416+0000] {cursor.py:1028} INFO - query: [MERGE INTO MBTA_VEHICLES AS target USING (SELECT 'y2002', '134', 42.40327416, -7...]
[2025-04-21T23:02:09.161+0000] {cursor.py:1041} INFO - query execution done
[2025-04-21T23:02:09.163+0000] {cursor.py:1028} INFO - query: [MERGE INTO MBTA_VEHICLES AS target USING (SELECT 'y1332', '741', 42.351186, -71....]
[2025-04-21T23:02:10.891+0000] {cursor.py:1041} INFO - query execution done
[2025-04-21T23:02:10.893+0000] {cursor.py:1028} INFO - query: [MERGE INTO MBTA_VEHICLES AS target USING (SELECT 'O-5482A546', 'Orange', 42.3059...]
[2025-04-21T23:02:12.877+0000] {cursor.py:1041} INFO - query execution done
[2025-04-21T23:02:12.880+0000] {cursor.py:1028} INFO - query: [MERGE INTO MBTA_VEHICLES AS target USING (SELECT 'y1822', '59', 42.273171599, -7...]
[2025-04-21T23:02:14.620+0000] {cursor.py:1041} INFO - query execution done
[2025-04-21T23:02:14.622+0000] {cursor.py:1028} INFO - query: [MERGE INTO MBTA_VEHICLES AS target USING (SELECT 'ynk260', 'Shuttle-Generic', 42...]
[2025-04-21T23:02:17.592+0000] {cursor.py:1041} INFO - query execution done
[2025-04-21T23:02:17.597+0000] {cursor.py:1028} INFO - query: [MERGE INTO MBTA_VEHICLES AS target USING (SELECT 'G-10249', 'Green-E', 42.40108,...]
[2025-04-21T23:02:19.439+0000] {cursor.py:1041} INFO - query execution done
[2025-04-21T23:02:19.444+0000] {cursor.py:1028} INFO - query: [MERGE INTO MBTA_VEHICLES AS target USING (SELECT 'y1799', '57', 42.35216298, -71...]
[2025-04-21T23:02:21.483+0000] {cursor.py:1041} INFO - query execution done
[2025-04-21T23:02:21.486+0000] {cursor.py:1028} INFO - query: [MERGE INTO MBTA_VEHICLES AS target USING (SELECT 'G-10047', 'Green-C', 42.35614,...]
[2025-04-21T23:02:23.339+0000] {cursor.py:1041} INFO - query execution done
[2025-04-21T23:02:23.348+0000] {cursor.py:1028} INFO - query: [MERGE INTO MBTA_VEHICLES AS target USING (SELECT 'y2062', '111', 42.36246, -71.0...]
[2025-04-21T23:02:25.557+0000] {cursor.py:1041} INFO - query execution done
[2025-04-21T23:02:25.566+0000] {cursor.py:1028} INFO - query: [MERGE INTO MBTA_VEHICLES AS target USING (SELECT 'y1673', '4050', 42.29912, -71....]
[2025-04-21T23:02:27.173+0000] {cursor.py:1041} INFO - query execution done
[2025-04-21T23:02:27.175+0000] {cursor.py:1028} INFO - query: [MERGE INTO MBTA_VEHICLES AS target USING (SELECT 'R-548294BF', 'Red', 42.39679, ...]
[2025-04-21T23:02:28.915+0000] {cursor.py:1041} INFO - query execution done
[2025-04-21T23:02:28.917+0000] {cursor.py:1028} INFO - query: [MERGE INTO MBTA_VEHICLES AS target USING (SELECT 'y3107', '442', 42.46374118, -7...]
[2025-04-21T23:02:30.429+0000] {cursor.py:1041} INFO - query execution done
[2025-04-21T23:02:30.433+0000] {cursor.py:1028} INFO - query: [MERGE INTO MBTA_VEHICLES AS target USING (SELECT 'y1322', '743', 42.34848571, -7...]
[2025-04-21T23:02:32.219+0000] {cursor.py:1041} INFO - query execution done
[2025-04-21T23:02:32.221+0000] {cursor.py:1028} INFO - query: [MERGE INTO MBTA_VEHICLES AS target USING (SELECT 'y1609', '4050', 42.28835617, -...]
[2025-04-21T23:02:34.134+0000] {cursor.py:1041} INFO - query execution done
[2025-04-21T23:02:34.135+0000] {cursor.py:1028} INFO - query: [MERGE INTO MBTA_VEHICLES AS target USING (SELECT 'y1840', '57', 42.349045959, -7...]
[2025-04-21T23:02:35.698+0000] {cursor.py:1041} INFO - query execution done
[2025-04-21T23:02:35.707+0000] {cursor.py:1028} INFO - query: [MERGE INTO MBTA_VEHICLES AS target USING (SELECT 'y1929', '87', 42.40606986, -71...]
[2025-04-21T23:02:37.722+0000] {cursor.py:1041} INFO - query execution done
[2025-04-21T23:02:37.725+0000] {cursor.py:1028} INFO - query: [MERGE INTO MBTA_VEHICLES AS target USING (SELECT 'y2037', '627', 42.48640214, -7...]
[2025-04-21T23:02:39.564+0000] {cursor.py:1041} INFO - query execution done
[2025-04-21T23:02:39.565+0000] {cursor.py:1028} INFO - query: [MERGE INTO MBTA_VEHICLES AS target USING (SELECT 'G-10266', 'Green-D', 42.35929,...]
[2025-04-21T23:02:41.259+0000] {cursor.py:1041} INFO - query execution done
[2025-04-21T23:02:41.262+0000] {cursor.py:1028} INFO - query: [MERGE INTO MBTA_VEHICLES AS target USING (SELECT 'y1325', '743', 42.3957355, -71...]
[2025-04-21T23:02:42.941+0000] {cursor.py:1041} INFO - query execution done
[2025-04-21T23:02:42.942+0000] {cursor.py:1028} INFO - query: [MERGE INTO MBTA_VEHICLES AS target USING (SELECT 'y1901', '45', 42.30321841, -71...]
[2025-04-21T23:02:44.676+0000] {cursor.py:1041} INFO - query execution done
[2025-04-21T23:02:44.677+0000] {cursor.py:1028} INFO - query: [MERGE INTO MBTA_VEHICLES AS target USING (SELECT 'y1779', '17', 42.325040849, -7...]
[2025-04-21T23:02:46.634+0000] {cursor.py:1041} INFO - query execution done
[2025-04-21T23:02:46.637+0000] {cursor.py:1028} INFO - query: [MERGE INTO MBTA_VEHICLES AS target USING (SELECT 'y0778', '215', 42.27330562, -7...]
[2025-04-21T23:02:48.176+0000] {cursor.py:1041} INFO - query execution done
[2025-04-21T23:02:48.182+0000] {cursor.py:1028} INFO - query: [MERGE INTO MBTA_VEHICLES AS target USING (SELECT 'y1306', '743', 42.39681, -71.0...]
[2025-04-21T23:02:50.176+0000] {cursor.py:1041} INFO - query execution done
[2025-04-21T23:02:50.177+0000] {cursor.py:1028} INFO - query: [MERGE INTO MBTA_VEHICLES AS target USING (SELECT 'G-10293', 'Green-E', 42.38795,...]
[2025-04-21T23:02:51.754+0000] {cursor.py:1041} INFO - query execution done
[2025-04-21T23:02:51.756+0000] {cursor.py:1028} INFO - query: [MERGE INTO MBTA_VEHICLES AS target USING (SELECT 'y3338', '116', 42.41294, -70.9...]
[2025-04-21T23:02:53.600+0000] {cursor.py:1041} INFO - query execution done
[2025-04-21T23:02:53.604+0000] {cursor.py:1028} INFO - query: [MERGE INTO MBTA_VEHICLES AS target USING (SELECT '1848', 'CR-Fairmount', 42.3282...]
[2025-04-21T23:02:55.328+0000] {cursor.py:1041} INFO - query execution done
[2025-04-21T23:02:55.464+0000] {cursor.py:1028} INFO - query: [MERGE INTO MBTA_VEHICLES AS target USING (SELECT 'y1610', '34E', 42.14759448, -7...]
[2025-04-21T23:02:56.964+0000] {cursor.py:1041} INFO - query execution done
[2025-04-21T23:02:56.965+0000] {cursor.py:1028} INFO - query: [MERGE INTO MBTA_VEHICLES AS target USING (SELECT 'y2004', '137', 42.52175026, -7...]
[2025-04-21T23:02:58.810+0000] {cursor.py:1041} INFO - query execution done
[2025-04-21T23:02:58.813+0000] {cursor.py:1028} INFO - query: [MERGE INTO MBTA_VEHICLES AS target USING (SELECT 'y1921', '1', 42.36048328, -71....]
[2025-04-21T23:03:00.755+0000] {cursor.py:1041} INFO - query execution done
[2025-04-21T23:03:00.758+0000] {cursor.py:1028} INFO - query: [MERGE INTO MBTA_VEHICLES AS target USING (SELECT '1806', 'CR-Haverhill', 42.3928...]
[2025-04-21T23:03:02.703+0000] {cursor.py:1041} INFO - query execution done
[2025-04-21T23:03:02.705+0000] {cursor.py:1028} INFO - query: [MERGE INTO MBTA_VEHICLES AS target USING (SELECT 'y3334', '119', 42.427224, -71....]
[2025-04-21T23:03:04.466+0000] {cursor.py:1041} INFO - query execution done
[2025-04-21T23:03:04.468+0000] {cursor.py:1028} INFO - query: [MERGE INTO MBTA_VEHICLES AS target USING (SELECT 'y1773', '66', 42.33294, -71.10...]
[2025-04-21T23:03:06.286+0000] {cursor.py:1041} INFO - query execution done
[2025-04-21T23:03:06.288+0000] {cursor.py:1028} INFO - query: [MERGE INTO MBTA_VEHICLES AS target USING (SELECT 'y1869', '44', 42.3255521, -71....]
[2025-04-21T23:03:08.328+0000] {cursor.py:1041} INFO - query execution done
[2025-04-21T23:03:08.329+0000] {cursor.py:1028} INFO - query: [MERGE INTO MBTA_VEHICLES AS target USING (SELECT 'y2054', '111', 42.39098845, -7...]
[2025-04-21T23:03:10.376+0000] {cursor.py:1041} INFO - query execution done
[2025-04-21T23:03:10.377+0000] {cursor.py:1028} INFO - query: [MERGE INTO MBTA_VEHICLES AS target USING (SELECT 'G-10068', 'Green-B', 42.34618,...]
[2025-04-21T23:03:11.918+0000] {cursor.py:1041} INFO - query execution done
[2025-04-21T23:03:11.920+0000] {cursor.py:1028} INFO - query: [MERGE INTO MBTA_VEHICLES AS target USING (SELECT 'G-10093', 'Green-E', 42.35305,...]
[2025-04-21T23:03:13.658+0000] {cursor.py:1041} INFO - query execution done
[2025-04-21T23:03:13.659+0000] {cursor.py:1028} INFO - query: [MERGE INTO MBTA_VEHICLES AS target USING (SELECT 'y1849', '1', 42.33586232, -71....]
[2025-04-21T23:03:15.299+0000] {cursor.py:1041} INFO - query execution done
[2025-04-21T23:03:15.304+0000] {cursor.py:1028} INFO - query: [MERGE INTO MBTA_VEHICLES AS target USING (SELECT 'y1792', '22', 42.31140321, -71...]
[2025-04-21T23:03:17.242+0000] {cursor.py:1041} INFO - query execution done
[2025-04-21T23:03:17.244+0000] {cursor.py:1028} INFO - query: [MERGE INTO MBTA_VEHICLES AS target USING (SELECT 'y1802', '10', 42.34058617, -71...]
[2025-04-21T23:03:18.815+0000] {cursor.py:1041} INFO - query execution done
[2025-04-21T23:03:18.816+0000] {cursor.py:1028} INFO - query: [MERGE INTO MBTA_VEHICLES AS target USING (SELECT 'y2082', '109', 42.3843718, -71...]
[2025-04-21T23:03:20.417+0000] {cursor.py:1041} INFO - query execution done
[2025-04-21T23:03:20.420+0000] {cursor.py:1028} INFO - query: [MERGE INTO MBTA_VEHICLES AS target USING (SELECT 'y1770', '1', 42.34970439, -71....]
[2025-04-21T23:03:22.604+0000] {cursor.py:1041} INFO - query execution done
[2025-04-21T23:03:22.606+0000] {cursor.py:1028} INFO - query: [MERGE INTO MBTA_VEHICLES AS target USING (SELECT 'y3318', '116', 42.4010748, -71...]
[2025-04-21T23:03:24.342+0000] {cursor.py:1041} INFO - query execution done
[2025-04-21T23:03:24.344+0000] {cursor.py:1028} INFO - query: [MERGE INTO MBTA_VEHICLES AS target USING (SELECT 'G-10037', 'Green-B', 42.34018,...]
[2025-04-21T23:03:26.249+0000] {cursor.py:1041} INFO - query execution done
[2025-04-21T23:03:26.250+0000] {cursor.py:1028} INFO - query: [MERGE INTO MBTA_VEHICLES AS target USING (SELECT 'y1671', '32', 42.28527789, -71...]
[2025-04-21T23:03:28.047+0000] {cursor.py:1041} INFO - query execution done
[2025-04-21T23:03:28.048+0000] {cursor.py:1028} INFO - query: [MERGE INTO MBTA_VEHICLES AS target USING (SELECT 'y1672', '51', 42.29265843, -71...]
[2025-04-21T23:03:30.041+0000] {cursor.py:1041} INFO - query execution done
[2025-04-21T23:03:30.043+0000] {cursor.py:1028} INFO - query: [MERGE INTO MBTA_VEHICLES AS target USING (SELECT 'y1266', '28', 42.33162476, -71...]
[2025-04-21T23:03:31.384+0000] {cursor.py:1041} INFO - query execution done
[2025-04-21T23:03:31.386+0000] {cursor.py:1028} INFO - query: [MERGE INTO MBTA_VEHICLES AS target USING (SELECT 'G-10236', 'Green-C', 42.3518, ...]
[2025-04-21T23:03:33.010+0000] {cursor.py:1041} INFO - query execution done
[2025-04-21T23:03:33.012+0000] {cursor.py:1028} INFO - query: [MERGE INTO MBTA_VEHICLES AS target USING (SELECT 'y3116', '111', 42.38926321, -7...]
[2025-04-21T23:03:34.746+0000] {cursor.py:1041} INFO - query execution done
[2025-04-21T23:03:34.747+0000] {cursor.py:1028} INFO - query: [MERGE INTO MBTA_VEHICLES AS target USING (SELECT 'y2025', '350', 42.45138067, -7...]
[2025-04-21T23:03:36.599+0000] {cursor.py:1041} INFO - query execution done
[2025-04-21T23:03:36.601+0000] {cursor.py:1028} INFO - query: [MERGE INTO MBTA_VEHICLES AS target USING (SELECT 'B-5482A367', 'Blue', 42.41352,...]
[2025-04-21T23:03:37.917+0000] {cursor.py:1041} INFO - query execution done
[2025-04-21T23:03:37.922+0000] {cursor.py:1028} INFO - query: [MERGE INTO MBTA_VEHICLES AS target USING (SELECT 'y2023', '70', 42.37652457, -71...]
[2025-04-21T23:03:39.605+0000] {cursor.py:1041} INFO - query execution done
[2025-04-21T23:03:39.605+0000] {cursor.py:1028} INFO - query: [MERGE INTO MBTA_VEHICLES AS target USING (SELECT 'y1341', '741', 42.368945489, -...]
[2025-04-21T23:03:41.270+0000] {cursor.py:1041} INFO - query execution done
[2025-04-21T23:03:41.273+0000] {cursor.py:1028} INFO - query: [MERGE INTO MBTA_VEHICLES AS target USING (SELECT 'y2072', '104', 42.42695, -71.0...]
[2025-04-21T23:03:42.754+0000] {cursor.py:1041} INFO - query execution done
[2025-04-21T23:03:42.754+0000] {cursor.py:1028} INFO - query: [MERGE INTO MBTA_VEHICLES AS target USING (SELECT 'y1893', '57', 42.34952306, -71...]
[2025-04-21T23:03:44.680+0000] {cursor.py:1041} INFO - query execution done
[2025-04-21T23:03:44.681+0000] {cursor.py:1028} INFO - query: [MERGE INTO MBTA_VEHICLES AS target USING (SELECT 'y1854', '504', 42.348053019, -...]
[2025-04-21T23:03:46.733+0000] {cursor.py:1041} INFO - query execution done
[2025-04-21T23:03:46.736+0000] {cursor.py:1028} INFO - query: [MERGE INTO MBTA_VEHICLES AS target USING (SELECT 'y1297', '746', 42.34813978, -7...]
[2025-04-21T23:03:48.473+0000] {cursor.py:1041} INFO - query execution done
[2025-04-21T23:03:48.474+0000] {cursor.py:1028} INFO - query: [MERGE INTO MBTA_VEHICLES AS target USING (SELECT 'y1857', '1', 42.35983595, -71....]
[2025-04-21T23:03:50.111+0000] {cursor.py:1041} INFO - query execution done
[2025-04-21T23:03:50.114+0000] {cursor.py:1028} INFO - query: [MERGE INTO MBTA_VEHICLES AS target USING (SELECT 'y3144', '97', 42.39831721, -71...]
[2025-04-21T23:03:52.463+0000] {cursor.py:1041} INFO - query execution done
[2025-04-21T23:03:52.463+0000] {cursor.py:1028} INFO - query: [MERGE INTO MBTA_VEHICLES AS target USING (SELECT 'y1996', '89', 42.39659, -71.12...]
[2025-04-21T23:03:54.106+0000] {cursor.py:1041} INFO - query execution done
[2025-04-21T23:03:54.107+0000] {cursor.py:1028} INFO - query: [MERGE INTO MBTA_VEHICLES AS target USING (SELECT 'y1859', '57', 42.35052444, -71...]
[2025-04-21T23:03:55.744+0000] {cursor.py:1041} INFO - query execution done
[2025-04-21T23:03:55.747+0000] {cursor.py:1028} INFO - query: [MERGE INTO MBTA_VEHICLES AS target USING (SELECT 'y1895', '59', 42.35692562, -71...]
[2025-04-21T23:03:57.182+0000] {cursor.py:1041} INFO - query execution done
[2025-04-21T23:03:57.183+0000] {cursor.py:1028} INFO - query: [MERGE INTO MBTA_VEHICLES AS target USING (SELECT 'y1782', '1', 42.34208504, -71....]
[2025-04-21T23:03:58.917+0000] {cursor.py:1041} INFO - query execution done
[2025-04-21T23:03:58.920+0000] {cursor.py:1028} INFO - query: [MERGE INTO MBTA_VEHICLES AS target USING (SELECT '1861', 'CR-Providence', 42.152...]
[2025-04-21T23:04:00.857+0000] {cursor.py:1041} INFO - query execution done
[2025-04-21T23:04:00.859+0000] {cursor.py:1028} INFO - query: [MERGE INTO MBTA_VEHICLES AS target USING (SELECT 'y1313', '743', 42.348235, -71....]
[2025-04-21T23:04:02.429+0000] {cursor.py:1041} INFO - query execution done
[2025-04-21T23:04:02.430+0000] {cursor.py:1028} INFO - query: [MERGE INTO MBTA_VEHICLES AS target USING (SELECT 'G-10034', 'Green-B', 42.34154,...]
[2025-04-21T23:04:03.979+0000] {cursor.py:1041} INFO - query execution done
[2025-04-21T23:04:03.982+0000] {cursor.py:1028} INFO - query: [MERGE INTO MBTA_VEHICLES AS target USING (SELECT 'ynk322', 'Shuttle-Generic', 42...]
[2025-04-21T23:04:05.674+0000] {cursor.py:1041} INFO - query execution done
[2025-04-21T23:04:05.676+0000] {cursor.py:1028} INFO - query: [MERGE INTO MBTA_VEHICLES AS target USING (SELECT 'y2048', '354', 42.47986882, -7...]
[2025-04-21T23:04:07.192+0000] {cursor.py:1041} INFO - query execution done
[2025-04-21T23:04:07.203+0000] {cursor.py:1028} INFO - query: [MERGE INTO MBTA_VEHICLES AS target USING (SELECT 'y1833', '47', 42.33866325, -71...]
[2025-04-21T23:04:08.762+0000] {cursor.py:1041} INFO - query execution done
[2025-04-21T23:04:08.764+0000] {cursor.py:1028} INFO - query: [MERGE INTO MBTA_VEHICLES AS target USING (SELECT 'y1809', '57', 42.36344437, -71...]
[2025-04-21T23:04:10.306+0000] {cursor.py:1041} INFO - query execution done
[2025-04-21T23:04:10.307+0000] {cursor.py:1028} INFO - query: [MERGE INTO MBTA_VEHICLES AS target USING (SELECT 'y3326', '441', 42.50784, -70.8...]
[2025-04-21T23:04:24.130+0000] {cursor.py:1041} INFO - query execution done
[2025-04-21T23:04:24.134+0000] {cursor.py:1028} INFO - query: [MERGE INTO MBTA_VEHICLES AS target USING (SELECT 'y1255', '28', 42.2686057, -71....]
[2025-04-21T23:05:54.513+0000] {cursor.py:1041} INFO - query execution done
[2025-04-21T23:05:54.522+0000] {cursor.py:1028} INFO - query: [MERGE INTO MBTA_VEHICLES AS target USING (SELECT 'y2007', '88', 42.38894665, -71...]
[2025-04-21T23:05:55.931+0000] {cursor.py:1041} INFO - query execution done
[2025-04-21T23:05:55.934+0000] {cursor.py:1028} INFO - query: [MERGE INTO MBTA_VEHICLES AS target USING (SELECT 'y1832', '504', 42.35731843, -7...]
[2025-04-21T23:05:57.079+0000] {cursor.py:1041} INFO - query execution done
[2025-04-21T23:05:57.081+0000] {cursor.py:1028} INFO - query: [MERGE INTO MBTA_VEHICLES AS target USING (SELECT 'y1704', '14', 42.32918587, -71...]
[2025-04-21T23:05:58.119+0000] {cursor.py:1041} INFO - query execution done
[2025-04-21T23:05:58.129+0000] {cursor.py:1028} INFO - query: [MERGE INTO MBTA_VEHICLES AS target USING (SELECT 'y1803', '66', 42.37535, -71.11...]
[2025-04-21T23:05:59.398+0000] {cursor.py:1041} INFO - query execution done
[2025-04-21T23:05:59.401+0000] {cursor.py:1028} INFO - query: [MERGE INTO MBTA_VEHICLES AS target USING (SELECT 'y1338', '741', 42.34813978, -7...]
[2025-04-21T23:06:00.642+0000] {cursor.py:1041} INFO - query execution done
[2025-04-21T23:06:00.650+0000] {cursor.py:1028} INFO - query: [MERGE INTO MBTA_VEHICLES AS target USING (SELECT 'y1746', '10', 42.33536375, -71...]
[2025-04-21T23:06:01.781+0000] {cursor.py:1041} INFO - query execution done
[2025-04-21T23:06:01.782+0000] {cursor.py:1028} INFO - query: [MERGE INTO MBTA_VEHICLES AS target USING (SELECT 'y1843', '23', 42.29185926, -71...]
[2025-04-21T23:06:03.334+0000] {cursor.py:1041} INFO - query execution done
[2025-04-21T23:06:03.334+0000] {cursor.py:1028} INFO - query: [MERGE INTO MBTA_VEHICLES AS target USING (SELECT 'y1218', '39', 42.29966, -71.11...]
[2025-04-21T23:06:04.520+0000] {cursor.py:1041} INFO - query execution done
[2025-04-21T23:06:04.522+0000] {cursor.py:1028} INFO - query: [MERGE INTO MBTA_VEHICLES AS target USING (SELECT 'y2073', '627', 42.39248227, -7...]
[2025-04-21T23:06:05.778+0000] {cursor.py:1041} INFO - query execution done
[2025-04-21T23:06:05.782+0000] {cursor.py:1028} INFO - query: [MERGE INTO MBTA_VEHICLES AS target USING (SELECT 'y1966', '101', 42.41837008, -7...]
[2025-04-21T23:06:06.969+0000] {cursor.py:1041} INFO - query execution done
[2025-04-21T23:06:06.970+0000] {cursor.py:1028} INFO - query: [MERGE INTO MBTA_VEHICLES AS target USING (SELECT 'y0816', '240', 42.1790798, -71...]
[2025-04-21T23:06:08.714+0000] {cursor.py:1041} INFO - query execution done
[2025-04-21T23:06:08.716+0000] {cursor.py:1028} INFO - query: [MERGE INTO MBTA_VEHICLES AS target USING (SELECT 'G-10231', 'Green-D', 42.3518, ...]
[2025-04-21T23:06:09.915+0000] {cursor.py:1041} INFO - query execution done
[2025-04-21T23:06:09.915+0000] {cursor.py:1028} INFO - query: [MERGE INTO MBTA_VEHICLES AS target USING (SELECT 'y1969', '86', 42.37126, -71.12...]
[2025-04-21T23:06:11.437+0000] {cursor.py:1041} INFO - query execution done
[2025-04-21T23:06:11.443+0000] {cursor.py:1028} INFO - query: [MERGE INTO MBTA_VEHICLES AS target USING (SELECT 'y1813', '57', 42.34061, -71.05...]
[2025-04-21T23:06:13.504+0000] {cursor.py:1041} INFO - query execution done
[2025-04-21T23:06:13.509+0000] {cursor.py:1028} INFO - query: [MERGE INTO MBTA_VEHICLES AS target USING (SELECT 'y1304', '742', 42.35225476, -7...]
[2025-04-21T23:06:15.649+0000] {cursor.py:1041} INFO - query execution done
[2025-04-21T23:06:15.662+0000] {cursor.py:1028} INFO - query: [MERGE INTO MBTA_VEHICLES AS target USING (SELECT 'O-5482A34D', 'Orange', 42.3012...]
[2025-04-21T23:06:17.794+0000] {cursor.py:1041} INFO - query execution done
[2025-04-21T23:06:17.794+0000] {cursor.py:1028} INFO - query: [MERGE INTO MBTA_VEHICLES AS target USING (SELECT 'B-5482A359', 'Blue', 42.35949,...]
[2025-04-21T23:06:19.826+0000] {cursor.py:1041} INFO - query execution done
[2025-04-21T23:06:19.827+0000] {cursor.py:1028} INFO - query: [MERGE INTO MBTA_VEHICLES AS target USING (SELECT 'y3146', '430', 42.45879785, -7...]
[2025-04-21T23:06:21.768+0000] {cursor.py:1041} INFO - query execution done
[2025-04-21T23:06:21.770+0000] {cursor.py:1028} INFO - query: [MERGE INTO MBTA_VEHICLES AS target USING (SELECT 'y3131', '77', 42.3725324, -71....]
[2025-04-21T23:06:23.803+0000] {cursor.py:1041} INFO - query execution done
[2025-04-21T23:06:23.805+0000] {cursor.py:1028} INFO - query: [MERGE INTO MBTA_VEHICLES AS target USING (SELECT 'y2008', '104', 42.37498, -71.0...]
[2025-04-21T23:06:25.699+0000] {cursor.py:1041} INFO - query execution done
[2025-04-21T23:06:25.700+0000] {cursor.py:1028} INFO - query: [MERGE INTO MBTA_VEHICLES AS target USING (SELECT 'y2053', '94', 42.40279854, -71...]
[2025-04-21T23:06:27.782+0000] {cursor.py:1041} INFO - query execution done
[2025-04-21T23:06:27.787+0000] {cursor.py:1028} INFO - query: [MERGE INTO MBTA_VEHICLES AS target USING (SELECT 'G-10078', 'Green-C', 42.34083,...]
[2025-04-21T23:06:30.094+0000] {cursor.py:1041} INFO - query execution done
[2025-04-21T23:06:30.105+0000] {cursor.py:1028} INFO - query: [MERGE INTO MBTA_VEHICLES AS target USING (SELECT 'R-54828CF0', 'Red', 42.35108, ...]
[2025-04-21T23:06:32.160+0000] {cursor.py:1041} INFO - query execution done
[2025-04-21T23:06:32.164+0000] {cursor.py:1028} INFO - query: [MERGE INTO MBTA_VEHICLES AS target USING (SELECT 'y1713', '31', 42.30027261, -71...]
[2025-04-21T23:06:34.139+0000] {cursor.py:1041} INFO - query execution done
[2025-04-21T23:06:34.142+0000] {cursor.py:1028} INFO - query: [MERGE INTO MBTA_VEHICLES AS target USING (SELECT 'y3312', '435', 42.5436461, -70...]
[2025-04-21T23:06:36.722+0000] {cursor.py:1041} INFO - query execution done
[2025-04-21T23:06:36.723+0000] {cursor.py:1028} INFO - query: [MERGE INTO MBTA_VEHICLES AS target USING (SELECT 'y1820', '57', 42.349485809, -7...]
[2025-04-21T23:06:39.003+0000] {cursor.py:1041} INFO - query execution done
[2025-04-21T23:06:39.012+0000] {cursor.py:1028} INFO - query: [MERGE INTO MBTA_VEHICLES AS target USING (SELECT 'y1318', '742', 42.34944065, -7...]
[2025-04-21T23:06:41.336+0000] {cursor.py:1041} INFO - query execution done
[2025-04-21T23:06:41.337+0000] {cursor.py:1028} INFO - query: [MERGE INTO MBTA_VEHICLES AS target USING (SELECT 'y3341', '442', 42.46317255, -7...]
[2025-04-21T23:06:43.488+0000] {cursor.py:1041} INFO - query execution done
[2025-04-21T23:06:43.493+0000] {cursor.py:1028} INFO - query: [MERGE INTO MBTA_VEHICLES AS target USING (SELECT 'y1252', '28', 42.31034548, -71...]
[2025-04-21T23:06:45.634+0000] {cursor.py:1041} INFO - query execution done
[2025-04-21T23:06:45.636+0000] {cursor.py:1028} INFO - query: [MERGE INTO MBTA_VEHICLES AS target USING (SELECT 'y3128', '104', 42.39208124, -7...]
[2025-04-21T23:06:47.812+0000] {cursor.py:1041} INFO - query execution done
[2025-04-21T23:06:47.819+0000] {cursor.py:1028} INFO - query: [MERGE INTO MBTA_VEHICLES AS target USING (SELECT 'ynk309', 'Shuttle-Generic', 42...]
[2025-04-21T23:06:49.698+0000] {cursor.py:1041} INFO - query execution done
[2025-04-21T23:06:49.699+0000] {cursor.py:1028} INFO - query: [MERGE INTO MBTA_VEHICLES AS target USING (SELECT 'y2118', '134', 42.50195176, -7...]
[2025-04-21T23:06:51.690+0000] {cursor.py:1041} INFO - query execution done
[2025-04-21T23:06:51.693+0000] {cursor.py:1028} INFO - query: [MERGE INTO MBTA_VEHICLES AS target USING (SELECT 'O-5482A350', 'Orange', 42.3565...]
[2025-04-21T23:06:54.044+0000] {cursor.py:1041} INFO - query execution done
[2025-04-21T23:06:54.053+0000] {cursor.py:1028} INFO - query: [MERGE INTO MBTA_VEHICLES AS target USING (SELECT 'y0904', '226', 42.21365728, -7...]
[2025-04-21T23:06:56.047+0000] {cursor.py:1041} INFO - query execution done
[2025-04-21T23:06:56.054+0000] {cursor.py:1028} INFO - query: [MERGE INTO MBTA_VEHICLES AS target USING (SELECT 'G-10156', 'Green-C', 42.34814,...]
[2025-04-21T23:06:58.239+0000] {cursor.py:1041} INFO - query execution done
[2025-04-21T23:06:58.243+0000] {cursor.py:1028} INFO - query: [MERGE INTO MBTA_VEHICLES AS target USING (SELECT '1723', 'CR-Haverhill', 42.7656...]
[2025-04-21T23:07:00.288+0000] {cursor.py:1041} INFO - query execution done
[2025-04-21T23:07:00.296+0000] {cursor.py:1028} INFO - query: [MERGE INTO MBTA_VEHICLES AS target USING (SELECT 'y1804', '44', 42.32290436, -71...]
[2025-04-21T23:07:02.510+0000] {cursor.py:1041} INFO - query execution done
[2025-04-21T23:07:02.514+0000] {cursor.py:1028} INFO - query: [MERGE INTO MBTA_VEHICLES AS target USING (SELECT 'ynk215', 'Shuttle-Generic', 42...]
[2025-04-21T23:07:04.488+0000] {cursor.py:1041} INFO - query execution done
[2025-04-21T23:07:04.497+0000] {cursor.py:1028} INFO - query: [MERGE INTO MBTA_VEHICLES AS target USING (SELECT 'y1421', '455', 42.46681, -70.9...]
[2025-04-21T23:07:06.685+0000] {cursor.py:1041} INFO - query execution done
[2025-04-21T23:07:06.687+0000] {cursor.py:1028} INFO - query: [MERGE INTO MBTA_VEHICLES AS target USING (SELECT 'y1816', '1', 42.344199349, -71...]
[2025-04-21T23:07:08.647+0000] {cursor.py:1041} INFO - query execution done
[2025-04-21T23:07:08.654+0000] {cursor.py:1028} INFO - query: [MERGE INTO MBTA_VEHICLES AS target USING (SELECT 'y1263', '28', 42.31608298, -71...]
[2025-04-21T23:07:10.833+0000] {cursor.py:1041} INFO - query execution done
[2025-04-21T23:07:10.838+0000] {cursor.py:1028} INFO - query: [MERGE INTO MBTA_VEHICLES AS target USING (SELECT 'y1621', '30', 42.28856967, -71...]
[2025-04-21T23:07:12.993+0000] {cursor.py:1041} INFO - query execution done
[2025-04-21T23:07:12.997+0000] {cursor.py:1028} INFO - query: [MERGE INTO MBTA_VEHICLES AS target USING (SELECT 'y1267', '39', 42.33329613, -71...]
[2025-04-21T23:07:15.295+0000] {cursor.py:1041} INFO - query execution done
[2025-04-21T23:07:15.300+0000] {cursor.py:1028} INFO - query: [MERGE INTO MBTA_VEHICLES AS target USING (SELECT 'y1894', '22', 42.30535675, -71...]
[2025-04-21T23:07:17.602+0000] {cursor.py:1041} INFO - query execution done
[2025-04-21T23:07:17.609+0000] {cursor.py:1028} INFO - query: [MERGE INTO MBTA_VEHICLES AS target USING (SELECT 'y3328', '435', 42.47820689, -7...]
[2025-04-21T23:07:19.562+0000] {cursor.py:1041} INFO - query execution done
[2025-04-21T23:07:19.576+0000] {cursor.py:1028} INFO - query: [MERGE INTO MBTA_VEHICLES AS target USING (SELECT 'R-54829C1E', 'Red', 42.36553, ...]
[2025-04-21T23:07:21.583+0000] {cursor.py:1041} INFO - query execution done
[2025-04-21T23:07:21.584+0000] {cursor.py:1028} INFO - query: [MERGE INTO MBTA_VEHICLES AS target USING (SELECT '1844', 'CR-Franklin', 42.11925...]
[2025-04-21T23:07:23.666+0000] {cursor.py:1041} INFO - query execution done
[2025-04-21T23:07:23.666+0000] {cursor.py:1028} INFO - query: [MERGE INTO MBTA_VEHICLES AS target USING (SELECT 'y2022', '411', 42.42200546, -7...]
[2025-04-21T23:07:25.705+0000] {cursor.py:1041} INFO - query execution done
[2025-04-21T23:07:25.709+0000] {cursor.py:1028} INFO - query: [MERGE INTO MBTA_VEHICLES AS target USING (SELECT 'y1940', '109', 42.381590019, -...]
[2025-04-21T23:07:27.949+0000] {cursor.py:1041} INFO - query execution done
[2025-04-21T23:07:27.952+0000] {cursor.py:1028} INFO - query: [MERGE INTO MBTA_VEHICLES AS target USING (SELECT 'R-54829A22', 'Red', 42.37293, ...]
[2025-04-21T23:07:30.529+0000] {cursor.py:1041} INFO - query execution done
[2025-04-21T23:07:30.531+0000] {cursor.py:1028} INFO - query: [MERGE INTO MBTA_VEHICLES AS target USING (SELECT 'B-5482A353', 'Blue', 42.35957,...]
[2025-04-21T23:07:33.169+0000] {cursor.py:1041} INFO - query execution done
[2025-04-21T23:07:33.174+0000] {cursor.py:1028} INFO - query: [MERGE INTO MBTA_VEHICLES AS target USING (SELECT 'y1935', '109', 42.41565855, -7...]
[2025-04-21T23:07:35.605+0000] {cursor.py:1041} INFO - query execution done
[2025-04-21T23:07:35.607+0000] {cursor.py:1028} INFO - query: [MERGE INTO MBTA_VEHICLES AS target USING (SELECT 'G-10117', 'Mattapan', 42.27038...]
[2025-04-21T23:07:37.590+0000] {cursor.py:1041} INFO - query execution done
[2025-04-21T23:07:37.591+0000] {cursor.py:1028} INFO - query: [MERGE INTO MBTA_VEHICLES AS target USING (SELECT 'y1685', '24', 42.30141961, -71...]
[2025-04-21T23:07:40.421+0000] {cursor.py:1041} INFO - query execution done
[2025-04-21T23:07:40.424+0000] {cursor.py:1028} INFO - query: [MERGE INTO MBTA_VEHICLES AS target USING (SELECT 'O-5482A338', 'Orange', 42.4266...]
[2025-04-21T23:07:42.309+0000] {cursor.py:1041} INFO - query execution done
[2025-04-21T23:07:42.435+0000] {cursor.py:1028} INFO - query: [MERGE INTO MBTA_VEHICLES AS target USING (SELECT 'y1975', '64', 42.354626449, -7...]
[2025-04-21T23:07:44.307+0000] {cursor.py:1041} INFO - query execution done
[2025-04-21T23:07:44.308+0000] {cursor.py:1028} INFO - query: [MERGE INTO MBTA_VEHICLES AS target USING (SELECT 'y1876', '7', 42.33832943, -71....]
[2025-04-21T23:07:46.560+0000] {cursor.py:1041} INFO - query execution done
[2025-04-21T23:07:46.562+0000] {cursor.py:1028} INFO - query: [MERGE INTO MBTA_VEHICLES AS target USING (SELECT '1840', 'CR-Needham', 42.350166...]
[2025-04-21T23:07:48.687+0000] {cursor.py:1041} INFO - query execution done
[2025-04-21T23:07:48.689+0000] {cursor.py:1028} INFO - query: [MERGE INTO MBTA_VEHICLES AS target USING (SELECT 'y1280', '751', 42.34444925, -7...]
[2025-04-21T23:07:50.964+0000] {cursor.py:1041} INFO - query execution done
[2025-04-21T23:07:50.965+0000] {cursor.py:1028} INFO - query: [MERGE INTO MBTA_VEHICLES AS target USING (SELECT 'y1258', '28', 42.32935165, -71...]
[2025-04-21T23:07:52.918+0000] {cursor.py:1041} INFO - query execution done
[2025-04-21T23:07:52.919+0000] {cursor.py:1028} INFO - query: [MERGE INTO MBTA_VEHICLES AS target USING (SELECT 'y1924', '15', 42.30083656, -71...]
[2025-04-21T23:07:55.163+0000] {cursor.py:1041} INFO - query execution done
[2025-04-21T23:07:55.165+0000] {cursor.py:1028} INFO - query: [MERGE INTO MBTA_VEHICLES AS target USING (SELECT 'R-5482A627', 'Red', 42.3028, -...]
[2025-04-21T23:07:57.331+0000] {cursor.py:1041} INFO - query execution done
[2025-04-21T23:07:57.343+0000] {cursor.py:1028} INFO - query: [MERGE INTO MBTA_VEHICLES AS target USING (SELECT 'ynkExpress 52 (229)', 'Shuttle...]
[2025-04-21T23:07:59.437+0000] {cursor.py:1041} INFO - query execution done
[2025-04-21T23:07:59.439+0000] {cursor.py:1028} INFO - query: [MERGE INTO MBTA_VEHICLES AS target USING (SELECT 'y1981', '73', 42.386196239, -7...]
[2025-04-21T23:08:01.613+0000] {cursor.py:1041} INFO - query execution done
[2025-04-21T23:08:01.614+0000] {cursor.py:1028} INFO - query: [MERGE INTO MBTA_VEHICLES AS target USING (SELECT 'y0768', '240', 42.2843495, -71...]
[2025-04-21T23:08:03.829+0000] {cursor.py:1041} INFO - query execution done
[2025-04-21T23:08:03.833+0000] {cursor.py:1028} INFO - query: [MERGE INTO MBTA_VEHICLES AS target USING (SELECT 'y1875', '57', 42.35044061, -71...]
[2025-04-21T23:08:06.010+0000] {cursor.py:1041} INFO - query execution done
[2025-04-21T23:08:06.011+0000] {cursor.py:1028} INFO - query: [MERGE INTO MBTA_VEHICLES AS target USING (SELECT 'y1276', '749', 42.3553, -71.06...]
[2025-04-21T23:08:08.604+0000] {cursor.py:1041} INFO - query execution done
[2025-04-21T23:08:08.605+0000] {cursor.py:1028} INFO - query: [MERGE INTO MBTA_VEHICLES AS target USING (SELECT 'y0791', '230', 42.2526993, -71...]
[2025-04-21T23:08:11.032+0000] {cursor.py:1041} INFO - query execution done
[2025-04-21T23:08:11.041+0000] {cursor.py:1028} INFO - query: [MERGE INTO MBTA_VEHICLES AS target USING (SELECT 'y1911', '1', 42.36836623, -71....]
[2025-04-21T23:08:13.327+0000] {cursor.py:1041} INFO - query execution done
[2025-04-21T23:08:13.329+0000] {cursor.py:1028} INFO - query: [MERGE INTO MBTA_VEHICLES AS target USING (SELECT 'y1618', '32', 42.23774, -71.13...]
[2025-04-21T23:08:16.094+0000] {cursor.py:1041} INFO - query execution done
[2025-04-21T23:08:16.102+0000] {cursor.py:1028} INFO - query: [MERGE INTO MBTA_VEHICLES AS target USING (SELECT '1808', 'CR-NewBedford', 41.899...]
[2025-04-21T23:08:18.754+0000] {cursor.py:1041} INFO - query execution done
[2025-04-21T23:08:18.760+0000] {cursor.py:1028} INFO - query: [MERGE INTO MBTA_VEHICLES AS target USING (SELECT 'G-10277', 'Green-E', 42.36607,...]
[2025-04-21T23:08:21.288+0000] {cursor.py:1041} INFO - query execution done
[2025-04-21T23:08:21.294+0000] {cursor.py:1028} INFO - query: [MERGE INTO MBTA_VEHICLES AS target USING (SELECT 'y1273', '749', 42.34632607, -7...]
[2025-04-21T23:08:23.883+0000] {cursor.py:1041} INFO - query execution done
[2025-04-21T23:08:23.885+0000] {cursor.py:1028} INFO - query: [MERGE INTO MBTA_VEHICLES AS target USING (SELECT 'ynk259', 'Shuttle-Generic', 42...]
[2025-04-21T23:08:26.760+0000] {cursor.py:1041} INFO - query execution done
[2025-04-21T23:08:26.763+0000] {cursor.py:1028} INFO - query: [MERGE INTO MBTA_VEHICLES AS target USING (SELECT 'y1678', '30', 42.29224578, -71...]
[2025-04-21T23:08:29.258+0000] {cursor.py:1041} INFO - query execution done
[2025-04-21T23:08:29.263+0000] {cursor.py:1028} INFO - query: [MERGE INTO MBTA_VEHICLES AS target USING (SELECT 'y1957', '77', 42.42474394, -71...]
[2025-04-21T23:08:31.809+0000] {cursor.py:1041} INFO - query execution done
[2025-04-21T23:08:31.811+0000] {cursor.py:1028} INFO - query: [MERGE INTO MBTA_VEHICLES AS target USING (SELECT '1718', 'CR-Newburyport', 42.56...]
[2025-04-21T23:08:34.468+0000] {cursor.py:1041} INFO - query execution done
[2025-04-21T23:08:34.475+0000] {cursor.py:1028} INFO - query: [MERGE INTO MBTA_VEHICLES AS target USING (SELECT 'y1967', '87', 42.40968, -71.13...]
[2025-04-21T23:08:36.891+0000] {cursor.py:1041} INFO - query execution done
[2025-04-21T23:08:36.892+0000] {cursor.py:1028} INFO - query: [MERGE INTO MBTA_VEHICLES AS target USING (SELECT 'y1303', '742', 42.34686, -71.0...]
[2025-04-21T23:08:39.649+0000] {cursor.py:1041} INFO - query execution done
[2025-04-21T23:08:39.653+0000] {cursor.py:1028} INFO - query: [MERGE INTO MBTA_VEHICLES AS target USING (SELECT 'ynkExpress Bus 56 (236)', 'Shu...]
[2025-04-21T23:08:42.318+0000] {cursor.py:1041} INFO - query execution done
[2025-04-21T23:08:42.321+0000] {cursor.py:1028} INFO - query: [MERGE INTO MBTA_VEHICLES AS target USING (SELECT 'y2059', '75', 42.38099975, -71...]
[2025-04-21T23:08:44.917+0000] {cursor.py:1041} INFO - query execution done
[2025-04-21T23:08:44.922+0000] {cursor.py:1028} INFO - query: [MERGE INTO MBTA_VEHICLES AS target USING (SELECT 'G-10101', 'Green-E', 42.39271,...]
[2025-04-21T23:08:47.594+0000] {cursor.py:1041} INFO - query execution done
[2025-04-21T23:08:47.596+0000] {cursor.py:1028} INFO - query: [MERGE INTO MBTA_VEHICLES AS target USING (SELECT 'G-10059', 'Green-D', 42.33638,...]
[2025-04-21T23:08:50.071+0000] {cursor.py:1041} INFO - query execution done
[2025-04-21T23:08:50.082+0000] {cursor.py:1028} INFO - query: [MERGE INTO MBTA_VEHICLES AS target USING (SELECT '1830', 'CR-Franklin', 42.30214...]
[2025-04-21T23:08:52.712+0000] {cursor.py:1041} INFO - query execution done
[2025-04-21T23:08:52.715+0000] {cursor.py:1028} INFO - query: [MERGE INTO MBTA_VEHICLES AS target USING (SELECT 'y1973', '70', 42.370805179, -7...]
[2025-04-21T23:08:55.166+0000] {cursor.py:1041} INFO - query execution done
[2025-04-21T23:08:55.168+0000] {cursor.py:1028} INFO - query: [MERGE INTO MBTA_VEHICLES AS target USING (SELECT 'y2061', '86', 42.37547923, -71...]
[2025-04-21T23:08:57.737+0000] {cursor.py:1041} INFO - query execution done
[2025-04-21T23:08:57.741+0000] {cursor.py:1028} INFO - query: [MERGE INTO MBTA_VEHICLES AS target USING (SELECT 'y1850', '60', 42.32186, -71.17...]
[2025-04-21T23:09:00.803+0000] {cursor.py:1041} INFO - query execution done
[2025-04-21T23:09:00.807+0000] {cursor.py:1028} INFO - query: [MERGE INTO MBTA_VEHICLES AS target USING (SELECT 'y3313', '429', 42.43352, -71.0...]
[2025-04-21T23:09:03.564+0000] {cursor.py:1041} INFO - query execution done
[2025-04-21T23:09:03.565+0000] {cursor.py:1028} INFO - query: [MERGE INTO MBTA_VEHICLES AS target USING (SELECT 'y2012', '111', 42.40816476, -7...]
[2025-04-21T23:09:06.145+0000] {cursor.py:1041} INFO - query execution done
[2025-04-21T23:09:06.152+0000] {cursor.py:1028} INFO - query: [MERGE INTO MBTA_VEHICLES AS target USING (SELECT 'y1954', '104', 42.42278141, -7...]
[2025-04-21T23:09:08.890+0000] {cursor.py:1041} INFO - query execution done
[2025-04-21T23:09:08.891+0000] {cursor.py:1028} INFO - query: [MERGE INTO MBTA_VEHICLES AS target USING (SELECT 'R-54828894', 'Red', 42.35827, ...]
[2025-04-21T23:09:11.349+0000] {cursor.py:1041} INFO - query execution done
[2025-04-21T23:09:11.352+0000] {cursor.py:1028} INFO - query: [MERGE INTO MBTA_VEHICLES AS target USING (SELECT 'G-10246', 'Green-B', 42.34986,...]
[2025-04-21T23:09:14.319+0000] {cursor.py:1041} INFO - query execution done
[2025-04-21T23:09:14.321+0000] {cursor.py:1028} INFO - query: [MERGE INTO MBTA_VEHICLES AS target USING (SELECT 'ynk336', 'Shuttle-Generic', 42...]
[2025-04-21T23:09:16.839+0000] {cursor.py:1041} INFO - query execution done
[2025-04-21T23:09:16.841+0000] {cursor.py:1028} INFO - query: [MERGE INTO MBTA_VEHICLES AS target USING (SELECT 'O-54829B13', 'Orange', 42.4322...]
[2025-04-21T23:09:19.644+0000] {cursor.py:1041} INFO - query execution done
[2025-04-21T23:09:19.647+0000] {cursor.py:1028} INFO - query: [MERGE INTO MBTA_VEHICLES AS target USING (SELECT 'R-54829547', 'Red', 42.39618, ...]
[2025-04-21T23:09:22.315+0000] {cursor.py:1041} INFO - query execution done
[2025-04-21T23:09:22.319+0000] {cursor.py:1028} INFO - query: [MERGE INTO MBTA_VEHICLES AS target USING (SELECT 'y1801', '15', 42.3236318, -71....]
[2025-04-21T23:09:25.168+0000] {cursor.py:1041} INFO - query execution done
[2025-04-21T23:09:25.169+0000] {cursor.py:1028} INFO - query: [MERGE INTO MBTA_VEHICLES AS target USING (SELECT 'ynk255', 'Shuttle-Generic', 42...]
[2025-04-21T23:09:27.828+0000] {cursor.py:1041} INFO - query execution done
[2025-04-21T23:09:27.829+0000] {cursor.py:1028} INFO - query: [MERGE INTO MBTA_VEHICLES AS target USING (SELECT 'G-10255', 'Green-E', 42.35927,...]
[2025-04-21T23:09:30.236+0000] {cursor.py:1041} INFO - query execution done
[2025-04-21T23:09:30.237+0000] {cursor.py:1028} INFO - query: [MERGE INTO MBTA_VEHICLES AS target USING (SELECT 'G-10070', 'Green-B', 42.35018,...]
[2025-04-21T23:09:33.130+0000] {cursor.py:1041} INFO - query execution done
[2025-04-21T23:09:33.132+0000] {cursor.py:1028} INFO - query: [MERGE INTO MBTA_VEHICLES AS target USING (SELECT 'R-548296B8', 'Red', 42.35792, ...]
[2025-04-21T23:09:36.137+0000] {cursor.py:1041} INFO - query execution done
[2025-04-21T23:09:36.142+0000] {cursor.py:1028} INFO - query: [MERGE INTO MBTA_VEHICLES AS target USING (SELECT 'ynkExpress 53 (230)', 'Shuttle...]
[2025-04-21T23:09:38.989+0000] {cursor.py:1041} INFO - query execution done
[2025-04-21T23:09:38.991+0000] {cursor.py:1028} INFO - query: [MERGE INTO MBTA_VEHICLES AS target USING (SELECT 'y1316', '742', 42.34713, -71.0...]
[2025-04-21T23:09:41.836+0000] {cursor.py:1041} INFO - query execution done
[2025-04-21T23:09:41.838+0000] {cursor.py:1028} INFO - query: [MERGE INTO MBTA_VEHICLES AS target USING (SELECT 'G-10285', 'Green-D', 42.33192,...]
[2025-04-21T23:09:44.522+0000] {cursor.py:1041} INFO - query execution done
[2025-04-21T23:09:44.523+0000] {cursor.py:1028} INFO - query: [MERGE INTO MBTA_VEHICLES AS target USING (SELECT 'y2010', '106', 42.42644668, -7...]
[2025-04-21T23:09:47.495+0000] {cursor.py:1041} INFO - query execution done
[2025-04-21T23:09:47.497+0000] {cursor.py:1028} INFO - query: [MERGE INTO MBTA_VEHICLES AS target USING (SELECT 'y1821', '1', 42.34767783, -71....]
[2025-04-21T23:09:50.404+0000] {cursor.py:1041} INFO - query execution done
[2025-04-21T23:09:50.405+0000] {cursor.py:1028} INFO - query: [MERGE INTO MBTA_VEHICLES AS target USING (SELECT '1800', 'CR-Newburyport', 42.40...]
[2025-04-21T23:09:53.331+0000] {cursor.py:1041} INFO - query execution done
[2025-04-21T23:09:53.333+0000] {cursor.py:1028} INFO - query: [MERGE INTO MBTA_VEHICLES AS target USING (SELECT '1818', 'CR-Lowell', 42.3704566...]
[2025-04-21T23:09:55.996+0000] {cursor.py:1041} INFO - query execution done
[2025-04-21T23:09:55.999+0000] {cursor.py:1028} INFO - query: [MERGE INTO MBTA_VEHICLES AS target USING (SELECT 'G-10017', 'Mattapan', 42.27499...]
[2025-04-21T23:09:58.966+0000] {cursor.py:1041} INFO - query execution done
[2025-04-21T23:09:58.969+0000] {cursor.py:1028} INFO - query: [MERGE INTO MBTA_VEHICLES AS target USING (SELECT 'y3152', '110', 42.410272569, -...]
[2025-04-21T23:10:01.351+0000] {cursor.py:1041} INFO - query execution done
[2025-04-21T23:10:01.354+0000] {cursor.py:1028} INFO - query: [MERGE INTO MBTA_VEHICLES AS target USING (SELECT '1805', 'CR-Newburyport', 42.40...]
[2025-04-21T23:10:03.915+0000] {cursor.py:1041} INFO - query execution done
[2025-04-21T23:10:03.928+0000] {cursor.py:1028} INFO - query: [MERGE INTO MBTA_VEHICLES AS target USING (SELECT '1812', 'CR-Fitchburg', 42.3879...]
[2025-04-21T23:10:06.462+0000] {cursor.py:1041} INFO - query execution done
[2025-04-21T23:10:06.479+0000] {cursor.py:1028} INFO - query: [MERGE INTO MBTA_VEHICLES AS target USING (SELECT 'y1798', '66', 42.36946992, -71...]
[2025-04-21T23:10:09.085+0000] {cursor.py:1041} INFO - query execution done
[2025-04-21T23:10:09.422+0000] {cursor.py:1028} INFO - query: [MERGE INTO MBTA_VEHICLES AS target USING (SELECT 'y2097', '71', 42.37264229, -71...]
[2025-04-21T23:10:11.610+0000] {cursor.py:1041} INFO - query execution done
[2025-04-21T23:10:13.093+0000] {cursor.py:1028} INFO - query: [MERGE INTO MBTA_VEHICLES AS target USING (SELECT 'y1948', '108', 42.40260494, -7...]
[2025-04-21T23:10:17.864+0000] {cursor.py:1041} INFO - query execution done
[2025-04-21T23:10:21.050+0000] {cursor.py:1028} INFO - query: [MERGE INTO MBTA_VEHICLES AS target USING (SELECT 'y0784', '225', 42.22646851, -7...]
[2025-04-21T23:10:29.328+0000] {cursor.py:1041} INFO - query execution done
[2025-04-21T23:10:34.987+0000] {cursor.py:1028} INFO - query: [MERGE INTO MBTA_VEHICLES AS target USING (SELECT 'y3342', '455', 42.41518973, -7...]
[2025-04-21T23:10:39.142+0000] {cursor.py:1041} INFO - query execution done
[2025-04-21T23:10:40.390+0000] {cursor.py:1028} INFO - query: [MERGE INTO MBTA_VEHICLES AS target USING (SELECT 'y1919', '8', 42.33564, -71.089...]
[2025-04-21T23:10:43.234+0000] {cursor.py:1041} INFO - query execution done
[2025-04-21T23:10:43.238+0000] {cursor.py:1028} INFO - query: [MERGE INTO MBTA_VEHICLES AS target USING (SELECT 'y3155', '80', 42.41672, -71.12...]
[2025-04-21T23:10:45.599+0000] {cursor.py:1041} INFO - query execution done
[2025-04-21T23:10:45.600+0000] {cursor.py:1028} INFO - query: [MERGE INTO MBTA_VEHICLES AS target USING (SELECT 'y1337', '741', 42.349164, -71....]
[2025-04-21T23:10:48.440+0000] {cursor.py:1041} INFO - query execution done
[2025-04-21T23:10:48.445+0000] {cursor.py:1028} INFO - query: [MERGE INTO MBTA_VEHICLES AS target USING (SELECT 'y1632', '31', 42.26739, -71.09...]
[2025-04-21T23:10:51.449+0000] {cursor.py:1041} INFO - query execution done
[2025-04-21T23:10:51.453+0000] {cursor.py:1028} INFO - query: [MERGE INTO MBTA_VEHICLES AS target USING (SELECT 'dLF 958', '714', 42.27800167, ...]
[2025-04-21T23:10:54.484+0000] {cursor.py:1041} INFO - query execution done
[2025-04-21T23:10:54.486+0000] {cursor.py:1028} INFO - query: [MERGE INTO MBTA_VEHICLES AS target USING (SELECT 'y3151', '73', 42.37344573, -71...]
[2025-04-21T23:10:57.407+0000] {cursor.py:1041} INFO - query execution done
[2025-04-21T23:10:57.410+0000] {cursor.py:1028} INFO - query: [MERGE INTO MBTA_VEHICLES AS target USING (SELECT 'y1886', '8', 42.321774989, -71...]
[2025-04-21T23:11:01.071+0000] {cursor.py:1041} INFO - query execution done
[2025-04-21T23:11:01.080+0000] {cursor.py:1028} INFO - query: [MERGE INTO MBTA_VEHICLES AS target USING (SELECT 'y1286', '749', 42.351032959, -...]
[2025-04-21T23:11:03.749+0000] {cursor.py:1041} INFO - query execution done
[2025-04-21T23:11:03.751+0000] {cursor.py:1028} INFO - query: [MERGE INTO MBTA_VEHICLES AS target USING (SELECT 'y2078', '132', 42.478110389, -...]
[2025-04-21T23:16:08.023+0000] {cursor.py:1041} INFO - query execution done
[2025-04-21T23:16:08.027+0000] {cursor.py:1028} INFO - query: [MERGE INTO MBTA_VEHICLES AS target USING (SELECT 'B-5482A339', 'Blue', 42.38019,...]
[2025-04-21T23:16:10.399+0000] {cursor.py:1041} INFO - query execution done
[2025-04-21T23:16:10.404+0000] {cursor.py:1028} INFO - query: [MERGE INTO MBTA_VEHICLES AS target USING (SELECT '1810', 'CR-Newburyport', 42.62...]
[2025-04-21T23:16:13.250+0000] {cursor.py:1041} INFO - query execution done
[2025-04-21T23:16:13.254+0000] {cursor.py:1028} INFO - query: [MERGE INTO MBTA_VEHICLES AS target USING (SELECT 'y3156', '99', 42.40750021, -71...]
[2025-04-21T23:16:16.285+0000] {cursor.py:1041} INFO - query execution done
[2025-04-21T23:16:16.294+0000] {cursor.py:1028} INFO - query: [MERGE INTO MBTA_VEHICLES AS target USING (SELECT 'ynk218', 'Shuttle-Generic', 42...]
[2025-04-21T23:16:19.328+0000] {cursor.py:1041} INFO - query execution done
[2025-04-21T23:16:19.335+0000] {cursor.py:1028} INFO - query: [MERGE INTO MBTA_VEHICLES AS target USING (SELECT 'y1918', '15', 42.30014, -71.06...]
[2025-04-21T23:16:22.185+0000] {cursor.py:1041} INFO - query execution done
[2025-04-21T23:16:22.189+0000] {cursor.py:1028} INFO - query: [MERGE INTO MBTA_VEHICLES AS target USING (SELECT 'O-54829636', 'Orange', 42.3920...]
[2025-04-21T23:16:23.593+0000] {local_task_job_runner.py:121} ERROR - Received SIGTERM. Terminating subprocesses
[2025-04-21T23:16:23.808+0000] {process_utils.py:131} INFO - Sending 15 to group 526. PIDs of all processes in the group: [526]
[2025-04-21T23:16:23.884+0000] {process_utils.py:86} INFO - Sending the signal 15 to group 526
[2025-04-21T23:16:23.989+0000] {taskinstance.py:2450} ERROR - Received SIGTERM. Terminating subprocesses.
[2025-04-21T23:16:24.057+0000] {mbta_kafka_consumer.py:212} ERROR - ❌ Error processing topic mbta_vehicles: Task received SIGTERM signal
[2025-04-21T23:16:24.562+0000] {mbta_kafka_consumer.py:233} INFO - 📥 Received 519 records from topic: mbta_vehicles
[2025-04-21T23:16:24.747+0000] {mbta_kafka_consumer.py:56} INFO - 🔍 Sample data for MBTA_VEHICLES:
[2025-04-21T23:16:24.747+0000] {mbta_kafka_consumer.py:57} INFO - 
  VEHICLE_ID      ROUTE_ID  ...         STATUS                 CREATED_AT
0    G-10062       Green-C  ...     STOPPED_AT 2025-04-21 23:16:24.565267
1      y1830             9  ...     STOPPED_AT 2025-04-21 23:16:24.565275
2    G-10268       Green-E  ...    INCOMING_AT 2025-04-21 23:16:24.565619
3      y3110           435  ...  IN_TRANSIT_TO 2025-04-21 23:16:24.565627
4       1832  CR-Worcester  ...  IN_TRANSIT_TO 2025-04-21 23:16:24.565639

[5 rows x 8 columns]
[2025-04-21T23:16:24.789+0000] {cursor.py:1028} INFO - query: [SELECT * FROM MBTA_VEHICLES WHERE VEHICLE_ID IN ('G-10062','y1830','G-10268','y3...]
[2025-04-21T23:16:25.522+0000] {cursor.py:1041} INFO - query execution done
[2025-04-21T23:16:25.530+0000] {cursor.py:1205} INFO - Number of results in first chunk: 526
[2025-04-21T23:16:25.731+0000] {mbta_kafka_consumer.py:104} INFO - 🔁 449 new/updated records out of 519 incoming records (some may be duplicate VEHICLE_IDs) for MBTA_VEHICLES
[2025-04-21T23:16:25.744+0000] {cursor.py:1028} INFO - query: [MERGE INTO MBTA_VEHICLES AS target USING (SELECT 'G-10268', 'Green-E', 42.33897,...]
[2025-04-21T23:16:29.817+0000] {cursor.py:1041} INFO - query execution done
[2025-04-21T23:16:29.822+0000] {cursor.py:1028} INFO - query: [MERGE INTO MBTA_VEHICLES AS target USING (SELECT 'y3110', '435', 42.53919203, -7...]
[2025-04-21T23:16:32.231+0000] {cursor.py:1041} INFO - query execution done
[2025-04-21T23:16:32.253+0000] {cursor.py:1028} INFO - query: [MERGE INTO MBTA_VEHICLES AS target USING (SELECT '1832', 'CR-Worcester', 42.3474...]
