[2025-04-22T01:42:37.891+0000] {taskinstance.py:1956} INFO - Dependencies all met for dep_context=non-requeueable deps ti=<TaskInstance: mbta_ingestion_dag.load_to_snowflake scheduled__2025-04-22T01:35:00+00:00 [queued]>
[2025-04-22T01:42:37.897+0000] {taskinstance.py:1956} INFO - Dependencies all met for dep_context=requeueable deps ti=<TaskInstance: mbta_ingestion_dag.load_to_snowflake scheduled__2025-04-22T01:35:00+00:00 [queued]>
[2025-04-22T01:42:37.897+0000] {taskinstance.py:2170} INFO - Starting attempt 2 of 2
[2025-04-22T01:42:37.905+0000] {taskinstance.py:2191} INFO - Executing <Task(PythonOperator): load_to_snowflake> on 2025-04-22 01:35:00+00:00
[2025-04-22T01:42:37.909+0000] {standard_task_runner.py:60} INFO - Started process 225 to run task
[2025-04-22T01:42:37.914+0000] {standard_task_runner.py:87} INFO - Running: ['***', 'tasks', 'run', 'mbta_ingestion_dag', 'load_to_snowflake', 'scheduled__2025-04-22T01:35:00+00:00', '--job-id', '13', '--raw', '--subdir', 'DAGS_FOLDER/mbta_ingestion_dag.py', '--cfg-path', '/tmp/tmpt6ik9g1p']
[2025-04-22T01:42:37.916+0000] {standard_task_runner.py:88} INFO - Job 13: Subtask load_to_snowflake
[2025-04-22T01:42:37.936+0000] {logging_mixin.py:188} WARNING - /home/***/.local/lib/python3.9/site-packages/***/settings.py:194 DeprecationWarning: The sql_alchemy_conn option in [core] has been moved to the sql_alchemy_conn option in [database] - the old setting has been used, but please update your config.
[2025-04-22T01:42:37.969+0000] {task_command.py:423} INFO - Running <TaskInstance: mbta_ingestion_dag.load_to_snowflake scheduled__2025-04-22T01:35:00+00:00 [running]> on host 87379dac6291
[2025-04-22T01:42:38.029+0000] {taskinstance.py:2480} INFO - Exporting env vars: AIRFLOW_CTX_DAG_OWNER='***' AIRFLOW_CTX_DAG_ID='mbta_ingestion_dag' AIRFLOW_CTX_TASK_ID='load_to_snowflake' AIRFLOW_CTX_EXECUTION_DATE='2025-04-22T01:35:00+00:00' AIRFLOW_CTX_TRY_NUMBER='2' AIRFLOW_CTX_DAG_RUN_ID='scheduled__2025-04-22T01:35:00+00:00'
[2025-04-22T01:42:38.032+0000] {mbta_ingestion_dag.py:35} INFO - 🚀 Launching Kafka consumer to process and load data into Snowflake...
[2025-04-22T01:42:38.033+0000] {connection.py:370} INFO - Snowflake Connector for Python Version: 3.6.0, Python Version: 3.9.18, Platform: Linux-6.10.14-linuxkit-aarch64-with-glibc2.36
[2025-04-22T01:42:38.034+0000] {connection.py:1171} INFO - This connection is in OCSP Fail Open Mode. TLS Certificates would be checked for validity and revocation status. Any other Certificate Revocation related exceptions or OCSP Responder failures would be disregarded in favor of connectivity.
[2025-04-22T01:42:38.892+0000] {mbta_kafka_consumer.py:45} INFO - ✅ Connected to Snowflake successfully.
[2025-04-22T01:42:38.893+0000] {mbta_kafka_consumer.py:219} INFO - 🚀 Starting MBTA Kafka Consumer...
[2025-04-22T01:42:38.901+0000] {conn.py:395} INFO - <BrokerConnection client_id=kafka-python-2.1.5, node_id=bootstrap-0 host=kafka:9092 <connecting> [IPv4 ('172.18.0.5', 9092)]>: connecting to kafka:9092 [('172.18.0.5', 9092) IPv4]
[2025-04-22T01:42:38.923+0000] {conn.py:615} INFO - <BrokerConnection client_id=kafka-python-2.1.5, node_id=bootstrap-0 host=kafka:9092 <checking_api_versions_recv> [IPv4 ('172.18.0.5', 9092)]>: Broker version identified as 2.6
[2025-04-22T01:42:38.924+0000] {conn.py:456} INFO - <BrokerConnection client_id=kafka-python-2.1.5, node_id=bootstrap-0 host=kafka:9092 <connected> [IPv4 ('172.18.0.5', 9092)]>: Connection complete.
[2025-04-22T01:42:38.927+0000] {consumer.py:119} WARNING - group_id is None: disabling auto-commit.
[2025-04-22T01:42:38.929+0000] {subscription_state.py:182} INFO - Updating subscribed topics to: ('mbta_alerts', 'mbta_routes', 'mbta_stops', 'mbta_vehicles', 'mbta_predictions')
[2025-04-22T01:42:38.952+0000] {subscription_state.py:254} INFO - Updated partition assignment: [('mbta_routes', 0), ('mbta_alerts', 0), ('mbta_predictions', 0), ('mbta_vehicles', 0), ('mbta_stops', 0)]
[2025-04-22T01:42:38.954+0000] {conn.py:395} INFO - <BrokerConnection client_id=kafka-python-2.1.5, node_id=1 host=kafka:9092 <connecting> [IPv4 ('172.18.0.5', 9092)]>: connecting to kafka:9092 [('172.18.0.5', 9092) IPv4]
[2025-04-22T01:42:38.955+0000] {conn.py:456} INFO - <BrokerConnection client_id=kafka-python-2.1.5, node_id=1 host=kafka:9092 <connected> [IPv4 ('172.18.0.5', 9092)]>: Connection complete.
[2025-04-22T01:42:38.955+0000] {conn.py:936} INFO - <BrokerConnection client_id=kafka-python-2.1.5, node_id=bootstrap-0 host=kafka:9092 <connected> [IPv4 ('172.18.0.5', 9092)]>: Closing connection. 
[2025-04-22T01:42:40.517+0000] {mbta_kafka_consumer.py:233} INFO - 📥 Received 337 records from topic: mbta_vehicles
[2025-04-22T01:42:40.531+0000] {mbta_kafka_consumer.py:56} INFO - 🔍 Sample data for MBTA_VEHICLES:
[2025-04-22T01:42:40.533+0000] {mbta_kafka_consumer.py:57} INFO - 
   VEHICLE_ID         ROUTE_ID  ...         STATUS                 CREATED_AT
0      ynk303  Shuttle-Generic  ...  IN_TRANSIT_TO 2025-04-22 01:42:40.518525
1  R-5482A35B              Red  ...  IN_TRANSIT_TO 2025-04-22 01:42:40.518547
2       y2026              108  ...     STOPPED_AT 2025-04-22 01:42:40.518549
3       y1989               70  ...     STOPPED_AT 2025-04-22 01:42:40.518553
4       y1203               28  ...     STOPPED_AT 2025-04-22 01:42:40.518555

[5 rows x 8 columns]
[2025-04-22T01:42:40.546+0000] {cursor.py:1028} INFO - query: [SELECT * FROM MBTA_VEHICLES WHERE VEHICLE_ID IN ('ynk303','R-5482A35B','y2026','...]
[2025-04-22T01:42:40.863+0000] {cursor.py:1041} INFO - query execution done
[2025-04-22T01:42:40.864+0000] {cursor.py:1205} INFO - Number of results in first chunk: 349
[2025-04-22T01:42:40.889+0000] {mbta_kafka_consumer.py:104} INFO - 🔁 158 new/updated records out of 337 incoming records (some may be duplicate VEHICLE_IDs) for MBTA_VEHICLES
[2025-04-22T01:42:40.890+0000] {cursor.py:1028} INFO - query: [MERGE INTO MBTA_VEHICLES AS target USING (SELECT 'ynk303', 'Shuttle-Generic', 42...]
[2025-04-22T01:42:41.599+0000] {cursor.py:1041} INFO - query execution done
[2025-04-22T01:42:41.600+0000] {cursor.py:1028} INFO - query: [MERGE INTO MBTA_VEHICLES AS target USING (SELECT 'R-5482A35B', 'Red', 42.37293, ...]
[2025-04-22T01:42:43.607+0000] {cursor.py:1041} INFO - query execution done
[2025-04-22T01:42:43.610+0000] {cursor.py:1028} INFO - query: [MERGE INTO MBTA_VEHICLES AS target USING (SELECT 'y2026', '108', 42.43387865, -7...]
[2025-04-22T01:42:45.839+0000] {cursor.py:1041} INFO - query execution done
[2025-04-22T01:42:45.841+0000] {cursor.py:1028} INFO - query: [MERGE INTO MBTA_VEHICLES AS target USING (SELECT 'y1989', '70', 42.38145, -71.26...]
[2025-04-22T01:42:47.654+0000] {cursor.py:1041} INFO - query execution done
[2025-04-22T01:42:47.655+0000] {cursor.py:1028} INFO - query: [MERGE INTO MBTA_VEHICLES AS target USING (SELECT 'y1203', '28', 42.33566807, -71...]
[2025-04-22T01:42:49.746+0000] {cursor.py:1041} INFO - query execution done
[2025-04-22T01:42:49.748+0000] {cursor.py:1028} INFO - query: [MERGE INTO MBTA_VEHICLES AS target USING (SELECT 'G-10014', 'Green-E', 42.40839,...]
[2025-04-22T01:42:52.232+0000] {cursor.py:1041} INFO - query execution done
[2025-04-22T01:42:52.234+0000] {cursor.py:1028} INFO - query: [MERGE INTO MBTA_VEHICLES AS target USING (SELECT 'y1851', '15', 42.32855616, -71...]
[2025-04-22T01:42:54.633+0000] {cursor.py:1041} INFO - query execution done
[2025-04-22T01:42:54.636+0000] {cursor.py:1028} INFO - query: [MERGE INTO MBTA_VEHICLES AS target USING (SELECT 'y1851', '15', 42.32855616, -71...]
[2025-04-22T01:42:56.790+0000] {cursor.py:1041} INFO - query execution done
[2025-04-22T01:42:56.797+0000] {cursor.py:1028} INFO - query: [MERGE INTO MBTA_VEHICLES AS target USING (SELECT 'y1851', '15', 42.32855616, -71...]
[2025-04-22T01:42:59.318+0000] {cursor.py:1041} INFO - query execution done
[2025-04-22T01:42:59.321+0000] {cursor.py:1028} INFO - query: [MERGE INTO MBTA_VEHICLES AS target USING (SELECT 'y1851', '15', 42.32855616, -71...]
[2025-04-22T01:43:01.206+0000] {cursor.py:1041} INFO - query execution done
[2025-04-22T01:43:01.220+0000] {cursor.py:1028} INFO - query: [MERGE INTO MBTA_VEHICLES AS target USING (SELECT 'y1851', '15', 42.32855616, -71...]
[2025-04-22T01:43:03.452+0000] {cursor.py:1041} INFO - query execution done
[2025-04-22T01:43:03.452+0000] {cursor.py:1028} INFO - query: [MERGE INTO MBTA_VEHICLES AS target USING (SELECT 'y1851', '15', 42.32855616, -71...]
[2025-04-22T01:43:05.961+0000] {cursor.py:1041} INFO - query execution done
[2025-04-22T01:43:05.963+0000] {cursor.py:1028} INFO - query: [MERGE INTO MBTA_VEHICLES AS target USING (SELECT 'y1851', '15', 42.32855616, -71...]
[2025-04-22T01:43:08.584+0000] {cursor.py:1041} INFO - query execution done
[2025-04-22T01:43:08.587+0000] {cursor.py:1028} INFO - query: [MERGE INTO MBTA_VEHICLES AS target USING (SELECT 'y1851', '15', 42.32855616, -71...]
[2025-04-22T01:43:11.201+0000] {cursor.py:1041} INFO - query execution done
[2025-04-22T01:43:11.205+0000] {cursor.py:1028} INFO - query: [MERGE INTO MBTA_VEHICLES AS target USING (SELECT 'y1851', '15', 42.32855616, -71...]
[2025-04-22T01:43:13.607+0000] {cursor.py:1041} INFO - query execution done
[2025-04-22T01:43:13.611+0000] {cursor.py:1028} INFO - query: [MERGE INTO MBTA_VEHICLES AS target USING (SELECT 'y1851', '15', 42.32855616, -71...]
[2025-04-22T01:43:16.157+0000] {cursor.py:1041} INFO - query execution done
[2025-04-22T01:43:16.160+0000] {cursor.py:1028} INFO - query: [MERGE INTO MBTA_VEHICLES AS target USING (SELECT 'y1851', '15', 42.32855616, -71...]
[2025-04-22T01:43:18.814+0000] {cursor.py:1041} INFO - query execution done
[2025-04-22T01:43:18.815+0000] {cursor.py:1028} INFO - query: [MERGE INTO MBTA_VEHICLES AS target USING (SELECT 'y1851', '15', 42.32855616, -71...]
[2025-04-22T01:43:21.263+0000] {cursor.py:1041} INFO - query execution done
[2025-04-22T01:43:21.265+0000] {cursor.py:1028} INFO - query: [MERGE INTO MBTA_VEHICLES AS target USING (SELECT 'y1851', '15', 42.32855616, -71...]
[2025-04-22T01:43:23.713+0000] {cursor.py:1041} INFO - query execution done
[2025-04-22T01:43:23.713+0000] {cursor.py:1028} INFO - query: [MERGE INTO MBTA_VEHICLES AS target USING (SELECT 'y1613', '34E', 42.22985007, -7...]
[2025-04-22T01:43:26.384+0000] {cursor.py:1041} INFO - query execution done
[2025-04-22T01:43:26.384+0000] {cursor.py:1028} INFO - query: [MERGE INTO MBTA_VEHICLES AS target USING (SELECT 'y1896', '57', 42.34899, -71.09...]
[2025-04-22T01:43:29.094+0000] {cursor.py:1041} INFO - query execution done
[2025-04-22T01:43:29.095+0000] {cursor.py:1028} INFO - query: [MERGE INTO MBTA_VEHICLES AS target USING (SELECT 'G-10067', 'Green-C', 42.33958,...]
[2025-04-22T01:43:31.812+0000] {cursor.py:1041} INFO - query execution done
[2025-04-22T01:43:31.813+0000] {cursor.py:1028} INFO - query: [MERGE INTO MBTA_VEHICLES AS target USING (SELECT 'G-10307', 'Green-D', 42.37582,...]
[2025-04-22T01:43:34.998+0000] {cursor.py:1041} INFO - query execution done
[2025-04-22T01:43:35.000+0000] {cursor.py:1028} INFO - query: [MERGE INTO MBTA_VEHICLES AS target USING (SELECT '1839', 'CR-Worcester', 42.3477...]
[2025-04-22T01:43:37.362+0000] {cursor.py:1041} INFO - query execution done
[2025-04-22T01:43:37.365+0000] {cursor.py:1028} INFO - query: [MERGE INTO MBTA_VEHICLES AS target USING (SELECT 'y1222', '39', 42.309058089, -7...]
[2025-04-22T01:43:39.811+0000] {cursor.py:1041} INFO - query execution done
[2025-04-22T01:43:39.813+0000] {cursor.py:1028} INFO - query: [MERGE INTO MBTA_VEHICLES AS target USING (SELECT 'y3121', '109', 42.403997769, -...]
[2025-04-22T01:43:41.974+0000] {cursor.py:1041} INFO - query execution done
[2025-04-22T01:43:41.977+0000] {cursor.py:1028} INFO - query: [MERGE INTO MBTA_VEHICLES AS target USING (SELECT 'y1858', '8', 42.32965765, -71....]
[2025-04-22T01:43:43.694+0000] {cursor.py:1041} INFO - query execution done
[2025-04-22T01:43:43.696+0000] {cursor.py:1028} INFO - query: [MERGE INTO MBTA_VEHICLES AS target USING (SELECT 'y1323', '743', 42.352911, -71....]
[2025-04-22T01:43:45.064+0000] {cursor.py:1041} INFO - query execution done
[2025-04-22T01:43:45.065+0000] {cursor.py:1028} INFO - query: [MERGE INTO MBTA_VEHICLES AS target USING (SELECT 'G-10095', 'Green-D', 42.32259,...]
[2025-04-22T01:43:46.647+0000] {cursor.py:1041} INFO - query execution done
[2025-04-22T01:43:46.652+0000] {cursor.py:1028} INFO - query: [MERGE INTO MBTA_VEHICLES AS target USING (SELECT 'y3323', '429', 42.46569587, -7...]
[2025-04-22T01:43:48.305+0000] {cursor.py:1041} INFO - query execution done
[2025-04-22T01:43:48.308+0000] {cursor.py:1028} INFO - query: [MERGE INTO MBTA_VEHICLES AS target USING (SELECT 'y0785', '238', 42.235543919, -...]
[2025-04-22T01:43:49.740+0000] {cursor.py:1041} INFO - query execution done
[2025-04-22T01:43:49.743+0000] {cursor.py:1028} INFO - query: [MERGE INTO MBTA_VEHICLES AS target USING (SELECT 'y1790', '22', 42.30249583, -71...]
[2025-04-22T01:43:51.369+0000] {cursor.py:1041} INFO - query execution done
[2025-04-22T01:43:51.370+0000] {cursor.py:1028} INFO - query: [MERGE INTO MBTA_VEHICLES AS target USING (SELECT 'y1965', '104', 42.42644, -71.0...]
[2025-04-22T01:43:53.114+0000] {cursor.py:1041} INFO - query execution done
[2025-04-22T01:43:53.115+0000] {cursor.py:1028} INFO - query: [MERGE INTO MBTA_VEHICLES AS target USING (SELECT 'G-10072', 'Green-E', 42.39426,...]
[2025-04-22T01:43:54.649+0000] {cursor.py:1041} INFO - query execution done
[2025-04-22T01:43:54.652+0000] {cursor.py:1028} INFO - query: [MERGE INTO MBTA_VEHICLES AS target USING (SELECT 'y3325', '426', 42.41426308, -7...]
[2025-04-22T01:43:56.143+0000] {cursor.py:1041} INFO - query execution done
[2025-04-22T01:43:56.144+0000] {cursor.py:1028} INFO - query: [MERGE INTO MBTA_VEHICLES AS target USING (SELECT '1855', 'CR-Providence', 42.161...]
[2025-04-22T01:43:57.866+0000] {cursor.py:1041} INFO - query execution done
[2025-04-22T01:43:57.867+0000] {cursor.py:1028} INFO - query: [MERGE INTO MBTA_VEHICLES AS target USING (SELECT 'y1833', '47', 42.32994835, -71...]
[2025-04-22T01:43:59.596+0000] {cursor.py:1041} INFO - query execution done
[2025-04-22T01:43:59.597+0000] {cursor.py:1028} INFO - query: [MERGE INTO MBTA_VEHICLES AS target USING (SELECT 'y1803', '66', 42.35066821, -71...]
[2025-04-22T01:44:01.307+0000] {cursor.py:1041} INFO - query execution done
[2025-04-22T01:44:01.310+0000] {cursor.py:1028} INFO - query: [MERGE INTO MBTA_VEHICLES AS target USING (SELECT 'y2115', '87', 42.37313389, -71...]
[2025-04-22T01:44:03.164+0000] {cursor.py:1041} INFO - query execution done
[2025-04-22T01:44:03.167+0000] {cursor.py:1028} INFO - query: [MERGE INTO MBTA_VEHICLES AS target USING (SELECT 'y2073', '350', 42.48453346, -7...]
[2025-04-22T01:44:05.021+0000] {cursor.py:1041} INFO - query execution done
[2025-04-22T01:44:05.023+0000] {cursor.py:1028} INFO - query: [MERGE INTO MBTA_VEHICLES AS target USING (SELECT 'y0759', '230', 42.24939792, -7...]
[2025-04-22T01:44:06.728+0000] {cursor.py:1041} INFO - query execution done
[2025-04-22T01:44:06.729+0000] {cursor.py:1028} INFO - query: [MERGE INTO MBTA_VEHICLES AS target USING (SELECT 'y2045', '71', 42.37079391, -71...]
[2025-04-22T01:44:08.363+0000] {cursor.py:1041} INFO - query execution done
[2025-04-22T01:44:08.364+0000] {cursor.py:1028} INFO - query: [MERGE INTO MBTA_VEHICLES AS target USING (SELECT 'y3146', '104', 42.405974129, -...]
[2025-04-22T01:44:10.102+0000] {cursor.py:1041} INFO - query execution done
[2025-04-22T01:44:10.104+0000] {cursor.py:1028} INFO - query: [MERGE INTO MBTA_VEHICLES AS target USING (SELECT 'G-10078', 'Green-C', 42.34205,...]
[2025-04-22T01:44:11.766+0000] {cursor.py:1041} INFO - query execution done
[2025-04-22T01:44:11.767+0000] {cursor.py:1028} INFO - query: [MERGE INTO MBTA_VEHICLES AS target USING (SELECT 'y2034', '137', 42.5249705, -71...]
[2025-04-22T01:44:13.499+0000] {cursor.py:1041} INFO - query execution done
[2025-04-22T01:44:13.502+0000] {cursor.py:1028} INFO - query: [MERGE INTO MBTA_VEHICLES AS target USING (SELECT 'y3312', '116', 42.41669983, -7...]
[2025-04-22T01:44:15.230+0000] {cursor.py:1041} INFO - query execution done
[2025-04-22T01:44:15.231+0000] {cursor.py:1028} INFO - query: [MERGE INTO MBTA_VEHICLES AS target USING (SELECT 'y1713', '31', 42.26741932, -71...]
[2025-04-22T01:44:17.099+0000] {cursor.py:1041} INFO - query execution done
[2025-04-22T01:44:17.110+0000] {cursor.py:1028} INFO - query: [MERGE INTO MBTA_VEHICLES AS target USING (SELECT 'y1252', '28', 42.336941179, -7...]
[2025-04-22T01:44:18.642+0000] {cursor.py:1041} INFO - query execution done
[2025-04-22T01:44:18.655+0000] {cursor.py:1028} INFO - query: [MERGE INTO MBTA_VEHICLES AS target USING (SELECT 'y3128', '94', 42.40724237, -71...]
[2025-04-22T01:44:20.124+0000] {cursor.py:1041} INFO - query execution done
[2025-04-22T01:44:20.131+0000] {cursor.py:1028} INFO - query: [MERGE INTO MBTA_VEHICLES AS target USING (SELECT 'O-5482A350', 'Orange', 42.3476...]
[2025-04-22T01:44:21.792+0000] {cursor.py:1041} INFO - query execution done
[2025-04-22T01:44:21.795+0000] {cursor.py:1028} INFO - query: [MERGE INTO MBTA_VEHICLES AS target USING (SELECT 'y0904', '236', 42.20799764, -7...]
[2025-04-22T01:44:23.520+0000] {cursor.py:1041} INFO - query execution done
[2025-04-22T01:44:23.524+0000] {cursor.py:1028} INFO - query: [MERGE INTO MBTA_VEHICLES AS target USING (SELECT 'y1873', '23', 42.31613712, -71...]
[2025-04-22T01:44:25.172+0000] {cursor.py:1041} INFO - query execution done
[2025-04-22T01:44:25.173+0000] {cursor.py:1028} INFO - query: [MERGE INTO MBTA_VEHICLES AS target USING (SELECT '1723', 'CR-Newburyport', 42.54...]
[2025-04-22T01:44:26.900+0000] {cursor.py:1041} INFO - query execution done
[2025-04-22T01:44:26.901+0000] {cursor.py:1028} INFO - query: [MERGE INTO MBTA_VEHICLES AS target USING (SELECT 'y1263', '28', 42.28088241, -71...]
[2025-04-22T01:44:28.439+0000] {cursor.py:1041} INFO - query execution done
[2025-04-22T01:44:28.441+0000] {cursor.py:1028} INFO - query: [MERGE INTO MBTA_VEHICLES AS target USING (SELECT 'y2022', '104', 42.39036092, -7...]
[2025-04-22T01:44:30.281+0000] {cursor.py:1041} INFO - query execution done
[2025-04-22T01:44:30.282+0000] {cursor.py:1028} INFO - query: [MERGE INTO MBTA_VEHICLES AS target USING (SELECT 'R-54829A22', 'Red', 42.32052, ...]
[2025-04-22T01:44:31.666+0000] {cursor.py:1041} INFO - query execution done
[2025-04-22T01:44:31.670+0000] {cursor.py:1028} INFO - query: [MERGE INTO MBTA_VEHICLES AS target USING (SELECT 'y1935', '109', 42.37615741, -7...]
[2025-04-22T01:44:33.351+0000] {cursor.py:1041} INFO - query execution done
[2025-04-22T01:44:33.352+0000] {cursor.py:1028} INFO - query: [MERGE INTO MBTA_VEHICLES AS target USING (SELECT 'G-10117', 'Mattapan', 42.28337...]
[2025-04-22T01:44:35.001+0000] {cursor.py:1041} INFO - query execution done
[2025-04-22T01:44:35.004+0000] {cursor.py:1028} INFO - query: [MERGE INTO MBTA_VEHICLES AS target USING (SELECT 'y1685', '24', 42.26657713, -71...]
[2025-04-22T01:44:36.408+0000] {cursor.py:1041} INFO - query execution done
[2025-04-22T01:44:36.494+0000] {cursor.py:1028} INFO - query: [MERGE INTO MBTA_VEHICLES AS target USING (SELECT 'y2060', '109', 42.40515734, -7...]
[2025-04-22T01:44:37.925+0000] {cursor.py:1041} INFO - query execution done
[2025-04-22T01:44:37.928+0000] {cursor.py:1028} INFO - query: [MERGE INTO MBTA_VEHICLES AS target USING (SELECT 'y1876', '7', 42.33821212, -71....]
[2025-04-22T01:44:39.397+0000] {cursor.py:1041} INFO - query execution done
[2025-04-22T01:44:39.399+0000] {cursor.py:1028} INFO - query: [MERGE INTO MBTA_VEHICLES AS target USING (SELECT '1840', 'CR-Franklin', 42.23827...]
[2025-04-22T01:44:41.012+0000] {cursor.py:1041} INFO - query execution done
[2025-04-22T01:44:41.013+0000] {cursor.py:1028} INFO - query: [MERGE INTO MBTA_VEHICLES AS target USING (SELECT 'y0791', '215', 42.25069637, -7...]
[2025-04-22T01:44:42.470+0000] {cursor.py:1041} INFO - query execution done
[2025-04-22T01:44:42.474+0000] {cursor.py:1028} INFO - query: [MERGE INTO MBTA_VEHICLES AS target USING (SELECT 'y1276', '749', 42.34898419, -7...]
[2025-04-22T01:44:44.133+0000] {cursor.py:1041} INFO - query execution done
[2025-04-22T01:44:44.134+0000] {cursor.py:1028} INFO - query: [MERGE INTO MBTA_VEHICLES AS target USING (SELECT 'G-10277', 'Green-E', 42.35929,...]
[2025-04-22T01:44:45.789+0000] {cursor.py:1041} INFO - query execution done
[2025-04-22T01:44:45.791+0000] {cursor.py:1028} INFO - query: [MERGE INTO MBTA_VEHICLES AS target USING (SELECT 'y1850', '60', 42.33729283, -71...]
[2025-04-22T01:44:47.316+0000] {cursor.py:1041} INFO - query execution done
[2025-04-22T01:44:47.318+0000] {cursor.py:1028} INFO - query: [MERGE INTO MBTA_VEHICLES AS target USING (SELECT 'y3313', '426', 42.43058, -71.0...]
[2025-04-22T01:44:48.758+0000] {cursor.py:1041} INFO - query execution done
[2025-04-22T01:44:48.759+0000] {cursor.py:1028} INFO - query: [MERGE INTO MBTA_VEHICLES AS target USING (SELECT 'G-10314', 'Green-D', 42.34336,...]
[2025-04-22T01:44:50.304+0000] {cursor.py:1041} INFO - query execution done
[2025-04-22T01:44:50.306+0000] {cursor.py:1028} INFO - query: [MERGE INTO MBTA_VEHICLES AS target USING (SELECT 'R-54828894', 'Red', 42.23674, ...]
[2025-04-22T01:44:51.793+0000] {cursor.py:1041} INFO - query execution done
[2025-04-22T01:44:51.795+0000] {cursor.py:1028} INFO - query: [MERGE INTO MBTA_VEHICLES AS target USING (SELECT 'R-54829547', 'Red', 42.27433, ...]
[2025-04-22T01:44:53.435+0000] {cursor.py:1041} INFO - query execution done
[2025-04-22T01:44:53.436+0000] {cursor.py:1028} INFO - query: [MERGE INTO MBTA_VEHICLES AS target USING (SELECT 'y1801', '15', 42.30324094, -71...]
[2025-04-22T01:44:54.878+0000] {cursor.py:1041} INFO - query execution done
[2025-04-22T01:44:54.884+0000] {cursor.py:1028} INFO - query: [MERGE INTO MBTA_VEHICLES AS target USING (SELECT 'G-10255', 'Green-E', 42.36668,...]
[2025-04-22T01:44:56.410+0000] {cursor.py:1041} INFO - query execution done
[2025-04-22T01:44:56.411+0000] {cursor.py:1028} INFO - query: [MERGE INTO MBTA_VEHICLES AS target USING (SELECT 'y1271', '28', 42.31977576, -71...]
[2025-04-22T01:44:57.987+0000] {cursor.py:1041} INFO - query execution done
[2025-04-22T01:44:57.988+0000] {cursor.py:1028} INFO - query: [MERGE INTO MBTA_VEHICLES AS target USING (SELECT 'G-10070', 'Green-B', 42.34159,...]
[2025-04-22T01:44:59.725+0000] {cursor.py:1041} INFO - query execution done
[2025-04-22T01:44:59.727+0000] {cursor.py:1028} INFO - query: [MERGE INTO MBTA_VEHICLES AS target USING (SELECT 'R-548296B8', 'Red', 42.34895, ...]
[2025-04-22T01:45:01.079+0000] {cursor.py:1041} INFO - query execution done
[2025-04-22T01:45:01.081+0000] {cursor.py:1028} INFO - query: [MERGE INTO MBTA_VEHICLES AS target USING (SELECT 'y3350', '435', 42.47029338, -7...]
[2025-04-22T01:45:02.791+0000] {cursor.py:1041} INFO - query execution done
[2025-04-22T01:45:02.792+0000] {cursor.py:1028} INFO - query: [MERGE INTO MBTA_VEHICLES AS target USING (SELECT 'y1821', '1', 42.36309335, -71....]
[2025-04-22T01:45:04.311+0000] {cursor.py:1041} INFO - query execution done
[2025-04-22T01:45:04.315+0000] {cursor.py:1028} INFO - query: [MERGE INTO MBTA_VEHICLES AS target USING (SELECT '1818', 'CR-Fitchburg', 42.5731...]
[2025-04-22T01:45:05.871+0000] {cursor.py:1041} INFO - query execution done
[2025-04-22T01:45:05.873+0000] {cursor.py:1028} INFO - query: [MERGE INTO MBTA_VEHICLES AS target USING (SELECT 'G-10017', 'Mattapan', 42.26764...]
[2025-04-22T01:45:07.642+0000] {cursor.py:1041} INFO - query execution done
[2025-04-22T01:45:07.643+0000] {cursor.py:1028} INFO - query: [MERGE INTO MBTA_VEHICLES AS target USING (SELECT '1805', 'CR-Fitchburg', 42.3789...]
[2025-04-22T01:45:09.307+0000] {cursor.py:1041} INFO - query execution done
[2025-04-22T01:45:09.312+0000] {cursor.py:1028} INFO - query: [MERGE INTO MBTA_VEHICLES AS target USING (SELECT 'y1995', '86', 42.36348144, -71...]
[2025-04-22T01:45:11.031+0000] {cursor.py:1041} INFO - query execution done
[2025-04-22T01:45:11.033+0000] {cursor.py:1028} INFO - query: [MERGE INTO MBTA_VEHICLES AS target USING (SELECT 'y1798', '43', 42.34355006, -71...]
[2025-04-22T01:45:12.657+0000] {cursor.py:1041} INFO - query execution done
[2025-04-22T01:45:12.659+0000] {cursor.py:1028} INFO - query: [MERGE INTO MBTA_VEHICLES AS target USING (SELECT 'y2097', '70', 42.37811729, -71...]
[2025-04-22T01:45:14.341+0000] {cursor.py:1041} INFO - query execution done
[2025-04-22T01:45:14.350+0000] {cursor.py:1028} INFO - query: [MERGE INTO MBTA_VEHICLES AS target USING (SELECT 'y1960', '104', 42.39142191, -7...]
[2025-04-22T01:45:15.712+0000] {cursor.py:1041} INFO - query execution done
[2025-04-22T01:45:15.712+0000] {cursor.py:1028} INFO - query: [MERGE INTO MBTA_VEHICLES AS target USING (SELECT 'y3342', '455', 42.45251159, -7...]
[2025-04-22T01:45:17.271+0000] {cursor.py:1041} INFO - query execution done
[2025-04-22T01:45:17.275+0000] {cursor.py:1028} INFO - query: [MERGE INTO MBTA_VEHICLES AS target USING (SELECT 'dLF 958', '714', 42.24400528, ...]
[2025-04-22T01:45:18.709+0000] {cursor.py:1041} INFO - query execution done
[2025-04-22T01:45:18.711+0000] {cursor.py:1028} INFO - query: [MERGE INTO MBTA_VEHICLES AS target USING (SELECT 'y3151', '75', 42.377711949, -7...]
[2025-04-22T01:45:20.410+0000] {cursor.py:1041} INFO - query execution done
[2025-04-22T01:45:20.418+0000] {cursor.py:1028} INFO - query: [MERGE INTO MBTA_VEHICLES AS target USING (SELECT 'y1286', '749', 42.32974, -71.0...]
[2025-04-22T01:45:22.130+0000] {cursor.py:1041} INFO - query execution done
[2025-04-22T01:45:22.138+0000] {cursor.py:1028} INFO - query: [MERGE INTO MBTA_VEHICLES AS target USING (SELECT 'B-5482A339', 'Blue', 42.37231,...]
[2025-04-22T01:45:23.719+0000] {cursor.py:1041} INFO - query execution done
[2025-04-22T01:45:23.727+0000] {cursor.py:1028} INFO - query: [MERGE INTO MBTA_VEHICLES AS target USING (SELECT 'y3156', '110', 42.40907833, -7...]
[2025-04-22T01:45:25.309+0000] {cursor.py:1041} INFO - query execution done
[2025-04-22T01:45:25.312+0000] {cursor.py:1028} INFO - query: [MERGE INTO MBTA_VEHICLES AS target USING (SELECT 'O-54829636', 'Orange', 42.4066...]
[2025-04-22T01:45:26.960+0000] {cursor.py:1041} INFO - query execution done
[2025-04-22T01:45:26.961+0000] {cursor.py:1028} INFO - query: [MERGE INTO MBTA_VEHICLES AS target USING (SELECT 'y1913', '66', 42.35572347, -71...]
[2025-04-22T01:45:28.503+0000] {cursor.py:1041} INFO - query execution done
[2025-04-22T01:45:28.504+0000] {cursor.py:1028} INFO - query: [MERGE INTO MBTA_VEHICLES AS target USING (SELECT 'G-10086', 'Green-C', 42.34819,...]
[2025-04-22T01:45:30.228+0000] {cursor.py:1041} INFO - query execution done
[2025-04-22T01:45:30.230+0000] {cursor.py:1028} INFO - query: [MERGE INTO MBTA_VEHICLES AS target USING (SELECT 'y1344', '741', 42.34754, -71.0...]
[2025-04-22T01:45:31.822+0000] {cursor.py:1041} INFO - query execution done
[2025-04-22T01:45:31.827+0000] {cursor.py:1028} INFO - query: [MERGE INTO MBTA_VEHICLES AS target USING (SELECT '1832', 'CR-Worcester', 42.2742...]
[2025-04-22T01:45:33.476+0000] {cursor.py:1041} INFO - query execution done
[2025-04-22T01:45:33.477+0000] {cursor.py:1028} INFO - query: [MERGE INTO MBTA_VEHICLES AS target USING (SELECT 'O-5482A351', 'Orange', 42.3389...]
[2025-04-22T01:45:34.950+0000] {cursor.py:1041} INFO - query execution done
[2025-04-22T01:45:34.953+0000] {cursor.py:1028} INFO - query: [MERGE INTO MBTA_VEHICLES AS target USING (SELECT 'y1862', '1', 42.36842938, -71....]
[2025-04-22T01:45:36.753+0000] {cursor.py:1041} INFO - query execution done
[2025-04-22T01:45:36.873+0000] {cursor.py:1028} INFO - query: [MERGE INTO MBTA_VEHICLES AS target USING (SELECT 'y3141', '77', 42.37611321, -71...]
[2025-04-22T01:45:38.380+0000] {cursor.py:1041} INFO - query execution done
[2025-04-22T01:45:38.388+0000] {cursor.py:1028} INFO - query: [MERGE INTO MBTA_VEHICLES AS target USING (SELECT 'y3330', '442', 42.46769468, -7...]
[2025-04-22T01:45:39.912+0000] {cursor.py:1041} INFO - query execution done
[2025-04-22T01:45:39.912+0000] {cursor.py:1028} INFO - query: [MERGE INTO MBTA_VEHICLES AS target USING (SELECT 'y2080', '93', 42.362269339, -7...]
[2025-04-22T01:45:41.835+0000] {cursor.py:1041} INFO - query execution done
[2025-04-22T01:45:41.843+0000] {cursor.py:1028} INFO - query: [MERGE INTO MBTA_VEHICLES AS target USING (SELECT 'y1949', '87', 42.38834589, -71...]
[2025-04-22T01:45:44.038+0000] {cursor.py:1041} INFO - query execution done
[2025-04-22T01:45:44.043+0000] {cursor.py:1028} INFO - query: [MERGE INTO MBTA_VEHICLES AS target USING (SELECT 'G-10205', 'Green-E', 42.3344, ...]
[2025-04-22T01:45:45.477+0000] {cursor.py:1041} INFO - query execution done
[2025-04-22T01:45:45.486+0000] {cursor.py:1028} INFO - query: [MERGE INTO MBTA_VEHICLES AS target USING (SELECT 'y1837', '17', 42.3299001, -71....]
[2025-04-22T01:45:47.142+0000] {cursor.py:1041} INFO - query execution done
[2025-04-22T01:45:47.150+0000] {cursor.py:1028} INFO - query: [MERGE INTO MBTA_VEHICLES AS target USING (SELECT 'y2103', '70', 42.360953879, -7...]
[2025-04-22T01:45:48.798+0000] {cursor.py:1041} INFO - query execution done
[2025-04-22T01:45:48.803+0000] {cursor.py:1028} INFO - query: [MERGE INTO MBTA_VEHICLES AS target USING (SELECT 'y1284', '751', 42.35212312, -7...]
[2025-04-22T01:45:50.281+0000] {cursor.py:1041} INFO - query execution done
[2025-04-22T01:45:50.285+0000] {cursor.py:1028} INFO - query: [MERGE INTO MBTA_VEHICLES AS target USING (SELECT 'y3002', '712', 42.35868677, -7...]
[2025-04-22T01:45:52.327+0000] {cursor.py:1041} INFO - query execution done
[2025-04-22T01:45:52.332+0000] {cursor.py:1028} INFO - query: [MERGE INTO MBTA_VEHICLES AS target USING (SELECT 'y1712', '42', 42.31072907, -71...]
[2025-04-22T01:45:53.718+0000] {cursor.py:1041} INFO - query execution done
[2025-04-22T01:45:53.721+0000] {cursor.py:1028} INFO - query: [MERGE INTO MBTA_VEHICLES AS target USING (SELECT 'y3327', '455', 42.42607997, -7...]
[2025-04-22T01:45:55.234+0000] {cursor.py:1041} INFO - query execution done
[2025-04-22T01:45:55.240+0000] {cursor.py:1028} INFO - query: [MERGE INTO MBTA_VEHICLES AS target USING (SELECT 'R-54826ECF', 'Red', 42.39638, ...]
[2025-04-22T01:45:56.863+0000] {cursor.py:1041} INFO - query execution done
[2025-04-22T01:45:56.871+0000] {cursor.py:1028} INFO - query: [MERGE INTO MBTA_VEHICLES AS target USING (SELECT 'y2070', '104', 42.404155699, -...]
[2025-04-22T01:45:58.475+0000] {cursor.py:1041} INFO - query execution done
[2025-04-22T01:45:58.477+0000] {cursor.py:1028} INFO - query: [MERGE INTO MBTA_VEHICLES AS target USING (SELECT 'R-54829A82', 'Red', 42.39202, ...]
[2025-04-22T01:46:00.054+0000] {cursor.py:1041} INFO - query execution done
[2025-04-22T01:46:00.057+0000] {cursor.py:1028} INFO - query: [MERGE INTO MBTA_VEHICLES AS target USING (SELECT 'y1425', '116', 42.39299307, -7...]
[2025-04-22T01:46:01.738+0000] {cursor.py:1041} INFO - query execution done
[2025-04-22T01:46:01.739+0000] {cursor.py:1028} INFO - query: [MERGE INTO MBTA_VEHICLES AS target USING (SELECT 'y1654', '34', 42.2996, -71.114...]
[2025-04-22T01:46:03.500+0000] {cursor.py:1041} INFO - query execution done
[2025-04-22T01:46:03.503+0000] {cursor.py:1028} INFO - query: [MERGE INTO MBTA_VEHICLES AS target USING (SELECT 'y2108', '110', 42.40467893, -7...]
[2025-04-22T01:46:05.058+0000] {cursor.py:1041} INFO - query execution done
[2025-04-22T01:46:05.060+0000] {cursor.py:1028} INFO - query: [MERGE INTO MBTA_VEHICLES AS target USING (SELECT 'y0781', '230', 42.20691572, -7...]
[2025-04-22T01:46:06.683+0000] {cursor.py:1041} INFO - query execution done
[2025-04-22T01:46:06.684+0000] {cursor.py:1028} INFO - query: [MERGE INTO MBTA_VEHICLES AS target USING (SELECT 'y1872', '23', 42.28642989, -71...]
[2025-04-22T01:46:08.441+0000] {cursor.py:1041} INFO - query execution done
[2025-04-22T01:46:08.464+0000] {cursor.py:1028} INFO - query: [MERGE INTO MBTA_VEHICLES AS target USING (SELECT 'y1663', '36', 42.28770302, -71...]
[2025-04-22T01:46:09.940+0000] {cursor.py:1041} INFO - query execution done
[2025-04-22T01:46:09.942+0000] {cursor.py:1028} INFO - query: [MERGE INTO MBTA_VEHICLES AS target USING (SELECT 'y1998', '104', 42.42000535, -7...]
[2025-04-22T01:46:11.618+0000] {cursor.py:1041} INFO - query execution done
[2025-04-22T01:46:11.619+0000] {cursor.py:1028} INFO - query: [MERGE INTO MBTA_VEHICLES AS target USING (SELECT 'G-10202', 'Green-C', 42.35018,...]
[2025-04-22T01:46:13.393+0000] {cursor.py:1041} INFO - query execution done
[2025-04-22T01:46:13.396+0000] {cursor.py:1028} INFO - query: [MERGE INTO MBTA_VEHICLES AS target USING (SELECT 'y1887', '23', 42.3182, -71.082...]
[2025-04-22T01:46:15.067+0000] {cursor.py:1041} INFO - query execution done
[2025-04-22T01:46:15.069+0000] {cursor.py:1028} INFO - query: [MERGE INTO MBTA_VEHICLES AS target USING (SELECT 'y1651', '34E', 42.288761209, -...]
[2025-04-22T01:46:16.696+0000] {cursor.py:1041} INFO - query execution done
[2025-04-22T01:46:16.697+0000] {cursor.py:1028} INFO - query: [MERGE INTO MBTA_VEHICLES AS target USING (SELECT 'G-10308', 'Green-D', 42.33127,...]
[2025-04-22T01:46:18.445+0000] {cursor.py:1041} INFO - query execution done
[2025-04-22T01:46:18.453+0000] {cursor.py:1028} INFO - query: [MERGE INTO MBTA_VEHICLES AS target USING (SELECT 'y2092', '95', 42.4096305, -71....]
[2025-04-22T01:46:20.140+0000] {cursor.py:1041} INFO - query execution done
[2025-04-22T01:46:20.144+0000] {cursor.py:1028} INFO - query: [MERGE INTO MBTA_VEHICLES AS target USING (SELECT 'y1923', '66', 42.35408194, -71...]
[2025-04-22T01:46:21.810+0000] {cursor.py:1041} INFO - query execution done
[2025-04-22T01:46:21.812+0000] {cursor.py:1028} INFO - query: [MERGE INTO MBTA_VEHICLES AS target USING (SELECT 'y1217', '39', 42.33586756, -71...]
[2025-04-22T01:46:23.360+0000] {cursor.py:1041} INFO - query execution done
[2025-04-22T01:46:23.365+0000] {cursor.py:1028} INFO - query: [MERGE INTO MBTA_VEHICLES AS target USING (SELECT 'ynk254', 'Shuttle-Generic', 42...]
[2025-04-22T01:46:25.101+0000] {cursor.py:1041} INFO - query execution done
[2025-04-22T01:46:25.103+0000] {cursor.py:1028} INFO - query: [MERGE INTO MBTA_VEHICLES AS target USING (SELECT 'y1922', '44', 42.32842702, -71...]
[2025-04-22T01:46:26.751+0000] {cursor.py:1041} INFO - query execution done
[2025-04-22T01:46:26.765+0000] {cursor.py:1028} INFO - query: [MERGE INTO MBTA_VEHICLES AS target USING (SELECT 'y1950', '110', 42.38872606, -7...]
[2025-04-22T01:46:28.590+0000] {cursor.py:1041} INFO - query execution done
[2025-04-22T01:46:28.597+0000] {cursor.py:1028} INFO - query: [MERGE INTO MBTA_VEHICLES AS target USING (SELECT 'y1812', '1', 42.35783865, -71....]
[2025-04-22T01:46:30.272+0000] {cursor.py:1041} INFO - query execution done
[2025-04-22T01:46:30.276+0000] {cursor.py:1028} INFO - query: [MERGE INTO MBTA_VEHICLES AS target USING (SELECT 'y1890', '1', 42.35689068, -71....]
[2025-04-22T01:46:32.887+0000] {cursor.py:1041} INFO - query execution done
[2025-04-22T01:46:32.894+0000] {cursor.py:1028} INFO - query: [MERGE INTO MBTA_VEHICLES AS target USING (SELECT 'y0790', '220', 42.24464134, -7...]
[2025-04-22T01:46:34.190+0000] {cursor.py:1041} INFO - query execution done
[2025-04-22T01:46:34.198+0000] {cursor.py:1028} INFO - query: [MERGE INTO MBTA_VEHICLES AS target USING (SELECT 'G-10185', 'Green-E', 42.35986,...]
[2025-04-22T01:46:35.991+0000] {cursor.py:1041} INFO - query execution done
[2025-04-22T01:46:35.997+0000] {cursor.py:1028} INFO - query: [MERGE INTO MBTA_VEHICLES AS target USING (SELECT 'y1264', '28', 42.29800542, -71...]
[2025-04-22T01:46:37.866+0000] {cursor.py:1041} INFO - query execution done
[2025-04-22T01:46:37.872+0000] {cursor.py:1028} INFO - query: [MERGE INTO MBTA_VEHICLES AS target USING (SELECT 'y1797', '57', 42.35299571, -71...]
[2025-04-22T01:46:39.495+0000] {cursor.py:1041} INFO - query execution done
[2025-04-22T01:46:39.496+0000] {cursor.py:1028} INFO - query: [MERGE INTO MBTA_VEHICLES AS target USING (SELECT 'y1930', '91', 42.37659476, -71...]
[2025-04-22T01:46:41.228+0000] {cursor.py:1041} INFO - query execution done
[2025-04-22T01:46:41.233+0000] {cursor.py:1028} INFO - query: [MERGE INTO MBTA_VEHICLES AS target USING (SELECT 'y1880', '1', 42.32986, -71.083...]
[2025-04-22T01:46:42.793+0000] {cursor.py:1041} INFO - query execution done
[2025-04-22T01:46:42.803+0000] {cursor.py:1028} INFO - query: [MERGE INTO MBTA_VEHICLES AS target USING (SELECT 'y0811', '238', 42.21510734, -7...]
[2025-04-22T01:46:44.542+0000] {cursor.py:1041} INFO - query execution done
[2025-04-22T01:46:44.543+0000] {cursor.py:1028} INFO - query: [MERGE INTO MBTA_VEHICLES AS target USING (SELECT 'y1811', '15', 42.32260791, -71...]
[2025-04-22T01:46:46.145+0000] {cursor.py:1041} INFO - query execution done
[2025-04-22T01:46:46.146+0000] {cursor.py:1028} INFO - query: [MERGE INTO MBTA_VEHICLES AS target USING (SELECT 'y1868', '15', 42.33118279, -71...]
[2025-04-22T01:46:47.691+0000] {cursor.py:1041} INFO - query execution done
[2025-04-22T01:46:47.699+0000] {cursor.py:1028} INFO - query: [MERGE INTO MBTA_VEHICLES AS target USING (SELECT 'G-10113', 'Green-B', 42.3514, ...]
[2025-04-22T01:46:49.782+0000] {cursor.py:1041} INFO - query execution done
[2025-04-22T01:46:49.786+0000] {cursor.py:1028} INFO - query: [MERGE INTO MBTA_VEHICLES AS target USING (SELECT 'R-548298C1', 'Red', 42.27315, ...]
[2025-04-22T01:46:51.302+0000] {cursor.py:1041} INFO - query execution done
[2025-04-22T01:46:51.304+0000] {cursor.py:1028} INFO - query: [MERGE INTO MBTA_VEHICLES AS target USING (SELECT 'y2068', '111', 42.362604589, -...]
[2025-04-22T01:46:52.940+0000] {cursor.py:1041} INFO - query execution done
[2025-04-22T01:46:52.942+0000] {cursor.py:1028} INFO - query: [MERGE INTO MBTA_VEHICLES AS target USING (SELECT 'y3354', '120', 42.38696604, -7...]
[2025-04-22T01:46:54.707+0000] {cursor.py:1041} INFO - query execution done
[2025-04-22T01:46:54.714+0000] {cursor.py:1028} INFO - query: [MERGE INTO MBTA_VEHICLES AS target USING (SELECT 'y2020', '93', 42.37133365, -71...]
[2025-04-22T01:46:56.403+0000] {cursor.py:1041} INFO - query execution done
[2025-04-22T01:46:56.404+0000] {cursor.py:1028} INFO - query: [MERGE INTO MBTA_VEHICLES AS target USING (SELECT 'y3356', '450', 42.519957589, -...]
[2025-04-22T01:46:57.963+0000] {cursor.py:1041} INFO - query execution done
[2025-04-22T01:46:57.965+0000] {cursor.py:1028} INFO - query: [MERGE INTO MBTA_VEHICLES AS target USING (SELECT 'y1997', '86', 42.35079532, -71...]
[2025-04-22T01:46:59.747+0000] {cursor.py:1041} INFO - query execution done
[2025-04-22T01:46:59.748+0000] {cursor.py:1028} INFO - query: [MERGE INTO MBTA_VEHICLES AS target USING (SELECT 'y1646', '29', 42.28077117, -71...]
[2025-04-22T01:47:01.444+0000] {cursor.py:1041} INFO - query execution done
[2025-04-22T01:47:01.447+0000] {cursor.py:1028} INFO - query: [MERGE INTO MBTA_VEHICLES AS target USING (SELECT '1842', 'CR-Needham', 42.335590...]
[2025-04-22T01:47:03.080+0000] {cursor.py:1041} INFO - query execution done
[2025-04-22T01:47:03.081+0000] {cursor.py:1028} INFO - query: [MERGE INTO MBTA_VEHICLES AS target USING (SELECT 'G-10066', 'Green-B', 42.34009,...]
[2025-04-22T01:47:04.736+0000] {cursor.py:1041} INFO - query execution done
[2025-04-22T01:47:04.739+0000] {cursor.py:1028} INFO - query: [MERGE INTO MBTA_VEHICLES AS target USING (SELECT 'y1962', '111', 42.40602515, -7...]
[2025-04-22T01:47:06.875+0000] {cursor.py:1041} INFO - query execution done
[2025-04-22T01:47:06.879+0000] {cursor.py:1028} INFO - query: [MERGE INTO MBTA_VEHICLES AS target USING (SELECT 'B-5482A364', 'Blue', 42.38773,...]
[2025-04-22T01:47:08.406+0000] {cursor.py:1041} INFO - query execution done
[2025-04-22T01:47:08.407+0000] {cursor.py:1028} INFO - query: [MERGE INTO MBTA_VEHICLES AS target USING (SELECT 'y1853', '44', 42.325262789, -7...]
[2025-04-22T01:47:09.874+0000] {cursor.py:1041} INFO - query execution done
[2025-04-22T01:47:09.875+0000] {cursor.py:1028} INFO - query: [MERGE INTO MBTA_VEHICLES AS target USING (SELECT 'y2052', '110', 42.40210692, -7...]
[2025-04-22T01:47:11.715+0000] {cursor.py:1041} INFO - query execution done
[2025-04-22T01:47:11.716+0000] {cursor.py:1028} INFO - query: [MERGE INTO MBTA_VEHICLES AS target USING (SELECT 'y3314', '435', 42.53654529, -7...]
[2025-04-22T01:47:13.445+0000] {cursor.py:1041} INFO - query execution done
[2025-04-22T01:47:13.451+0000] {cursor.py:1028} INFO - query: [MERGE INTO MBTA_VEHICLES AS target USING (SELECT '1825', 'CR-Franklin', 42.09000...]
[2025-04-22T01:47:15.195+0000] {cursor.py:1041} INFO - query execution done
[2025-04-22T01:47:15.203+0000] {cursor.py:1028} INFO - query: [MERGE INTO MBTA_VEHICLES AS target USING (SELECT 'y2040', '109', 42.40566718, -7...]
[2025-04-22T01:47:16.717+0000] {cursor.py:1041} INFO - query execution done
[2025-04-22T01:47:16.725+0000] {cursor.py:1028} INFO - query: [MERGE INTO MBTA_VEHICLES AS target USING (SELECT 'y1674', '21', 42.28050876, -71...]
[2025-04-22T01:47:18.978+0000] {cursor.py:1041} INFO - query execution done
[2025-04-22T01:47:18.984+0000] {cursor.py:1028} INFO - query: [MERGE INTO MBTA_VEHICLES AS target USING (SELECT '1706', 'CR-Haverhill', 42.6727...]
[2025-04-22T01:47:20.474+0000] {cursor.py:1041} INFO - query execution done
[2025-04-22T01:47:20.478+0000] {cursor.py:1028} INFO - query: [COMMIT]
[2025-04-22T01:47:20.668+0000] {cursor.py:1041} INFO - query execution done
[2025-04-22T01:47:20.669+0000] {cursor.py:1205} INFO - Number of results in first chunk: 1
[2025-04-22T01:47:20.670+0000] {mbta_kafka_consumer.py:139} INFO - ✅ Merged 158 new/changed records into Snowflake table: MBTA_VEHICLES in 280.12 seconds
[2025-04-22T01:47:20.690+0000] {mbta_kafka_consumer.py:233} INFO - 📥 Received 335 records from topic: mbta_vehicles
[2025-04-22T01:47:20.782+0000] {mbta_kafka_consumer.py:56} INFO - 🔍 Sample data for MBTA_VEHICLES:
[2025-04-22T01:47:20.783+0000] {mbta_kafka_consumer.py:57} INFO - 
   VEHICLE_ID      ROUTE_ID  ...         STATUS                 CREATED_AT
0     G-10268       Green-E  ...     STOPPED_AT 2025-04-22 01:47:20.691645
1        1832  CR-Worcester  ...  IN_TRANSIT_TO 2025-04-22 01:47:20.691663
2       y1908             1  ...     STOPPED_AT 2025-04-22 01:47:20.691668
3  O-5482A351        Orange  ...     STOPPED_AT 2025-04-22 01:47:20.691674
4       y1284           751  ...  IN_TRANSIT_TO 2025-04-22 01:47:20.691679

[5 rows x 8 columns]
[2025-04-22T01:47:20.857+0000] {cursor.py:1028} INFO - query: [SELECT * FROM MBTA_VEHICLES WHERE VEHICLE_ID IN ('G-10268','1832','y1908','O-548...]
[2025-04-22T01:47:21.245+0000] {cursor.py:1041} INFO - query execution done
[2025-04-22T01:47:21.253+0000] {cursor.py:1205} INFO - Number of results in first chunk: 347
[2025-04-22T01:47:21.424+0000] {mbta_kafka_consumer.py:104} INFO - 🔁 249 new/updated records out of 335 incoming records (some may be duplicate VEHICLE_IDs) for MBTA_VEHICLES
[2025-04-22T01:47:21.428+0000] {cursor.py:1028} INFO - query: [MERGE INTO MBTA_VEHICLES AS target USING (SELECT '1832', 'CR-Worcester', 42.2746...]
[2025-04-22T01:47:22.396+0000] {cursor.py:1041} INFO - query execution done
[2025-04-22T01:47:22.399+0000] {cursor.py:1028} INFO - query: [MERGE INTO MBTA_VEHICLES AS target USING (SELECT 'O-5482A351', 'Orange', 42.3365...]
[2025-04-22T01:47:23.958+0000] {cursor.py:1041} INFO - query execution done
[2025-04-22T01:47:23.965+0000] {cursor.py:1028} INFO - query: [MERGE INTO MBTA_VEHICLES AS target USING (SELECT 'y1284', '751', 42.35263676, -7...]
[2025-04-22T01:47:25.816+0000] {cursor.py:1041} INFO - query execution done
[2025-04-22T01:47:25.820+0000] {cursor.py:1028} INFO - query: [MERGE INTO MBTA_VEHICLES AS target USING (SELECT 'y3002', '712', 42.36100344, -7...]
[2025-04-22T01:47:27.320+0000] {cursor.py:1041} INFO - query execution done
[2025-04-22T01:47:27.325+0000] {cursor.py:1028} INFO - query: [MERGE INTO MBTA_VEHICLES AS target USING (SELECT 'y3327', '455', 42.42233717, -7...]
[2025-04-22T01:47:28.987+0000] {cursor.py:1041} INFO - query execution done
[2025-04-22T01:47:28.989+0000] {cursor.py:1028} INFO - query: [MERGE INTO MBTA_VEHICLES AS target USING (SELECT 'R-54829A82', 'Red', 42.38826, ...]
[2025-04-22T01:47:30.469+0000] {cursor.py:1041} INFO - query execution done
[2025-04-22T01:47:30.473+0000] {cursor.py:1028} INFO - query: [MERGE INTO MBTA_VEHICLES AS target USING (SELECT 'y1425', '116', 42.39190448, -7...]
[2025-04-22T01:47:32.263+0000] {cursor.py:1041} INFO - query execution done
[2025-04-22T01:47:32.265+0000] {cursor.py:1028} INFO - query: [MERGE INTO MBTA_VEHICLES AS target USING (SELECT 'y1654', '34', 42.2996, -71.114...]
[2025-04-22T01:47:33.757+0000] {cursor.py:1041} INFO - query execution done
[2025-04-22T01:47:33.758+0000] {cursor.py:1028} INFO - query: [MERGE INTO MBTA_VEHICLES AS target USING (SELECT 'y2108', '110', 42.40469154, -7...]
[2025-04-22T01:47:35.375+0000] {cursor.py:1041} INFO - query execution done
[2025-04-22T01:47:35.383+0000] {cursor.py:1028} INFO - query: [MERGE INTO MBTA_VEHICLES AS target USING (SELECT 'y1663', '36', 42.286972149, -7...]
[2025-04-22T01:47:37.162+0000] {cursor.py:1041} INFO - query execution done
[2025-04-22T01:47:37.163+0000] {cursor.py:1028} INFO - query: [MERGE INTO MBTA_VEHICLES AS target USING (SELECT 'y1874', '8', 42.3327259, -71.0...]
[2025-04-22T01:47:38.694+0000] {cursor.py:1041} INFO - query execution done
[2025-04-22T01:47:38.698+0000] {cursor.py:1028} INFO - query: [MERGE INTO MBTA_VEHICLES AS target USING (SELECT 'y1606', '32', 42.25596, -71.12...]
[2025-04-22T01:47:40.329+0000] {cursor.py:1041} INFO - query execution done
[2025-04-22T01:47:40.329+0000] {cursor.py:1028} INFO - query: [MERGE INTO MBTA_VEHICLES AS target USING (SELECT 'y1202', '28', 42.33269457, -71...]
[2025-04-22T01:47:42.039+0000] {cursor.py:1041} INFO - query execution done
[2025-04-22T01:47:42.040+0000] {cursor.py:1028} INFO - query: [MERGE INTO MBTA_VEHICLES AS target USING (SELECT 'B-5482A365', 'Blue', 42.36923,...]
[2025-04-22T01:47:43.635+0000] {cursor.py:1041} INFO - query execution done
[2025-04-22T01:47:43.639+0000] {cursor.py:1028} INFO - query: [MERGE INTO MBTA_VEHICLES AS target USING (SELECT 'G-10315', 'Green-D', 42.34444,...]
[2025-04-22T01:47:45.199+0000] {cursor.py:1041} INFO - query execution done
[2025-04-22T01:47:45.202+0000] {cursor.py:1028} INFO - query: [MERGE INTO MBTA_VEHICLES AS target USING (SELECT 'R-5482A2DC', 'Red', 42.34273, ...]
[2025-04-22T01:47:46.906+0000] {cursor.py:1041} INFO - query execution done
[2025-04-22T01:47:46.907+0000] {cursor.py:1028} INFO - query: [MERGE INTO MBTA_VEHICLES AS target USING (SELECT 'y1972', '110', 42.40928355, -7...]
[2025-04-22T01:47:48.668+0000] {cursor.py:1041} INFO - query execution done
[2025-04-22T01:47:48.669+0000] {cursor.py:1028} INFO - query: [MERGE INTO MBTA_VEHICLES AS target USING (SELECT 'y2031', '77', 42.40913921, -71...]
[2025-04-22T01:47:50.315+0000] {cursor.py:1041} INFO - query execution done
[2025-04-22T01:47:50.315+0000] {cursor.py:1028} INFO - query: [MERGE INTO MBTA_VEHICLES AS target USING (SELECT 'ynk257', 'Shuttle-Generic', 42...]
[2025-04-22T01:47:52.057+0000] {cursor.py:1041} INFO - query execution done
[2025-04-22T01:47:52.072+0000] {cursor.py:1028} INFO - query: [MERGE INTO MBTA_VEHICLES AS target USING (SELECT 'y0815', '240', 42.28379469, -7...]
[2025-04-22T01:47:54.195+0000] {cursor.py:1041} INFO - query execution done
[2025-04-22T01:47:54.202+0000] {cursor.py:1028} INFO - query: [MERGE INTO MBTA_VEHICLES AS target USING (SELECT 'O-5482A34E', 'Orange', 42.3947...]
[2025-04-22T01:47:56.387+0000] {cursor.py:1041} INFO - query execution done
[2025-04-22T01:47:56.388+0000] {cursor.py:1028} INFO - query: [MERGE INTO MBTA_VEHICLES AS target USING (SELECT 'y1829', '57', 42.35557571, -71...]
[2025-04-22T01:47:58.393+0000] {cursor.py:1041} INFO - query execution done
[2025-04-22T01:47:58.411+0000] {cursor.py:1028} INFO - query: [MERGE INTO MBTA_VEHICLES AS target USING (SELECT 'y1905', '66', 42.3327199, -71....]
[2025-04-22T01:48:00.756+0000] {cursor.py:1041} INFO - query execution done
[2025-04-22T01:48:00.763+0000] {cursor.py:1028} INFO - query: [MERGE INTO MBTA_VEHICLES AS target USING (SELECT 'y1312', '743', 42.37429476, -7...]
[2025-04-22T01:48:02.913+0000] {cursor.py:1041} INFO - query execution done
[2025-04-22T01:48:02.915+0000] {cursor.py:1028} INFO - query: [MERGE INTO MBTA_VEHICLES AS target USING (SELECT 'y2116', '89', 42.39670255, -71...]
[2025-04-22T01:48:04.428+0000] {local_task_job_runner.py:121} ERROR - Received SIGTERM. Terminating subprocesses
[2025-04-22T01:48:04.924+0000] {process_utils.py:131} INFO - Sending 15 to group 225. PIDs of all processes in the group: [225]
[2025-04-22T01:48:04.928+0000] {process_utils.py:86} INFO - Sending the signal 15 to group 225
[2025-04-22T01:48:04.947+0000] {taskinstance.py:2450} ERROR - Received SIGTERM. Terminating subprocesses.
[2025-04-22T01:48:05.014+0000] {mbta_kafka_consumer.py:212} ERROR - ❌ Error processing topic mbta_vehicles: Task received SIGTERM signal
[2025-04-22T01:48:05.068+0000] {mbta_kafka_consumer.py:233} INFO - 📥 Received 334 records from topic: mbta_vehicles
[2025-04-22T01:48:05.117+0000] {mbta_kafka_consumer.py:56} INFO - 🔍 Sample data for MBTA_VEHICLES:
[2025-04-22T01:48:05.124+0000] {mbta_kafka_consumer.py:57} INFO - 
   VEHICLE_ID         ROUTE_ID  ...         STATUS                 CREATED_AT
0      ynk303  Shuttle-Generic  ...  IN_TRANSIT_TO 2025-04-22 01:48:05.072222
1       y2026              108  ...     STOPPED_AT 2025-04-22 01:48:05.072239
2  R-5482A35B              Red  ...     STOPPED_AT 2025-04-22 01:48:05.072241
3       y1989               70  ...     STOPPED_AT 2025-04-22 01:48:05.072247
4       y1203               28  ...     STOPPED_AT 2025-04-22 01:48:05.072254

[5 rows x 8 columns]
[2025-04-22T01:48:05.211+0000] {cursor.py:1028} INFO - query: [SELECT * FROM MBTA_VEHICLES WHERE VEHICLE_ID IN ('ynk303','y2026','R-5482A35B','...]
[2025-04-22T01:48:05.905+0000] {cursor.py:1041} INFO - query execution done
[2025-04-22T01:48:05.907+0000] {cursor.py:1205} INFO - Number of results in first chunk: 346
[2025-04-22T01:48:05.944+0000] {mbta_kafka_consumer.py:104} INFO - 🔁 277 new/updated records out of 334 incoming records (some may be duplicate VEHICLE_IDs) for MBTA_VEHICLES
[2025-04-22T01:48:05.945+0000] {cursor.py:1028} INFO - query: [MERGE INTO MBTA_VEHICLES AS target USING (SELECT 'ynk303', 'Shuttle-Generic', 42...]
[2025-04-22T01:48:07.393+0000] {cursor.py:1041} INFO - query execution done
[2025-04-22T01:48:07.396+0000] {cursor.py:1028} INFO - query: [MERGE INTO MBTA_VEHICLES AS target USING (SELECT 'y2026', '108', 42.43428168, -7...]
