[2025-04-23T18:21:32.668+0000] {taskinstance.py:1956} INFO - Dependencies all met for dep_context=non-requeueable deps ti=<TaskInstance: mbta_ingestion_dag.load_to_snowflake scheduled__2025-04-23T04:20:00+00:00 [queued]>
[2025-04-23T18:21:32.755+0000] {taskinstance.py:1956} INFO - Dependencies all met for dep_context=requeueable deps ti=<TaskInstance: mbta_ingestion_dag.load_to_snowflake scheduled__2025-04-23T04:20:00+00:00 [queued]>
[2025-04-23T18:21:32.764+0000] {taskinstance.py:2170} INFO - Starting attempt 2 of 2
[2025-04-23T18:21:32.829+0000] {taskinstance.py:2191} INFO - Executing <Task(PythonOperator): load_to_snowflake> on 2025-04-23 04:20:00+00:00
[2025-04-23T18:21:32.836+0000] {standard_task_runner.py:60} INFO - Started process 235 to run task
[2025-04-23T18:21:32.883+0000] {standard_task_runner.py:87} INFO - Running: ['***', 'tasks', 'run', 'mbta_ingestion_dag', 'load_to_snowflake', 'scheduled__2025-04-23T04:20:00+00:00', '--job-id', '486', '--raw', '--subdir', 'DAGS_FOLDER/mbta_ingestion_dag.py', '--cfg-path', '/tmp/tmpjubmlhgb']
[2025-04-23T18:21:32.887+0000] {standard_task_runner.py:88} INFO - Job 486: Subtask load_to_snowflake
[2025-04-23T18:21:33.431+0000] {task_command.py:423} INFO - Running <TaskInstance: mbta_ingestion_dag.load_to_snowflake scheduled__2025-04-23T04:20:00+00:00 [running]> on host 867e51213d1f
[2025-04-23T18:21:33.884+0000] {taskinstance.py:2480} INFO - Exporting env vars: AIRFLOW_CTX_DAG_OWNER='***' AIRFLOW_CTX_DAG_ID='mbta_ingestion_dag' AIRFLOW_CTX_TASK_ID='load_to_snowflake' AIRFLOW_CTX_EXECUTION_DATE='2025-04-23T04:20:00+00:00' AIRFLOW_CTX_TRY_NUMBER='2' AIRFLOW_CTX_DAG_RUN_ID='scheduled__2025-04-23T04:20:00+00:00'
[2025-04-23T18:21:33.888+0000] {mbta_ingestion_dag.py:35} INFO - 🚀 Launching Kafka consumer to process and load data into Snowflake...
[2025-04-23T18:21:33.891+0000] {connection.py:370} INFO - Snowflake Connector for Python Version: 3.6.0, Python Version: 3.9.18, Platform: Linux-6.10.14-linuxkit-aarch64-with-glibc2.36
[2025-04-23T18:21:33.895+0000] {connection.py:1171} INFO - This connection is in OCSP Fail Open Mode. TLS Certificates would be checked for validity and revocation status. Any other Certificate Revocation related exceptions or OCSP Responder failures would be disregarded in favor of connectivity.
[2025-04-23T18:21:34.656+0000] {mbta_kafka_consumer.py:45} INFO - ✅ Connected to Snowflake successfully.
[2025-04-23T18:21:34.657+0000] {mbta_kafka_consumer.py:220} INFO - 🚀 Starting MBTA Kafka Consumer...
[2025-04-23T18:21:34.661+0000] {conn.py:395} INFO - <BrokerConnection client_id=kafka-python-2.1.5, node_id=bootstrap-0 host=kafka:9092 <connecting> [IPv4 ('172.18.0.3', 9092)]>: connecting to kafka:9092 [('172.18.0.3', 9092) IPv4]
[2025-04-23T18:21:34.665+0000] {conn.py:615} INFO - <BrokerConnection client_id=kafka-python-2.1.5, node_id=bootstrap-0 host=kafka:9092 <checking_api_versions_recv> [IPv4 ('172.18.0.3', 9092)]>: Broker version identified as 2.6
[2025-04-23T18:21:34.666+0000] {conn.py:456} INFO - <BrokerConnection client_id=kafka-python-2.1.5, node_id=bootstrap-0 host=kafka:9092 <connected> [IPv4 ('172.18.0.3', 9092)]>: Connection complete.
[2025-04-23T18:21:34.669+0000] {consumer.py:119} WARNING - group_id is None: disabling auto-commit.
[2025-04-23T18:21:34.670+0000] {subscription_state.py:182} INFO - Updating subscribed topics to: ('mbta_alerts', 'mbta_routes', 'mbta_stops', 'mbta_vehicles', 'mbta_predictions')
[2025-04-23T18:21:34.677+0000] {subscription_state.py:254} INFO - Updated partition assignment: [('mbta_predictions', 0), ('mbta_vehicles', 0), ('mbta_routes', 0), ('mbta_alerts', 0), ('mbta_stops', 0)]
[2025-04-23T18:21:34.679+0000] {conn.py:395} INFO - <BrokerConnection client_id=kafka-python-2.1.5, node_id=1 host=kafka:9092 <connecting> [IPv4 ('172.18.0.3', 9092)]>: connecting to kafka:9092 [('172.18.0.3', 9092) IPv4]
[2025-04-23T18:21:34.680+0000] {conn.py:456} INFO - <BrokerConnection client_id=kafka-python-2.1.5, node_id=1 host=kafka:9092 <connected> [IPv4 ('172.18.0.3', 9092)]>: Connection complete.
[2025-04-23T18:21:34.681+0000] {conn.py:936} INFO - <BrokerConnection client_id=kafka-python-2.1.5, node_id=bootstrap-0 host=kafka:9092 <connected> [IPv4 ('172.18.0.3', 9092)]>: Closing connection. 
[2025-04-23T18:21:44.833+0000] {mbta_kafka_consumer.py:234} INFO - 📥 Received 1000 records from topic: mbta_stops
[2025-04-23T18:21:45.102+0000] {mbta_kafka_consumer.py:56} INFO - 🔍 Sample data for MBTA_STOPS:
[2025-04-23T18:21:45.107+0000] {mbta_kafka_consumer.py:57} INFO - 
          STOP_ID  ...                 CREATED_AT
0            5682  ... 2025-04-23 18:21:44.839987
1           50620  ... 2025-04-23 18:21:44.840103
2  node-417-lobby  ... 2025-04-23 18:21:44.840107
3            4042  ... 2025-04-23 18:21:44.840131
4          109822  ... 2025-04-23 18:21:44.840269

[5 rows x 5 columns]
[2025-04-23T18:21:45.381+0000] {cursor.py:1028} INFO - query: [SELECT * FROM MBTA_STOPS WHERE STOP_ID IN ('5682','50620','node-417-lobby','4042...]
[2025-04-23T18:21:45.845+0000] {cursor.py:1041} INFO - query execution done
[2025-04-23T18:21:45.864+0000] {cursor.py:1205} INFO - Number of results in first chunk: 0
[2025-04-23T18:21:47.852+0000] {mbta_kafka_consumer.py:104} INFO - 🔁 0 new/updated records out of 1000 incoming records (some may be duplicate VEHICLE_IDs) for MBTA_STOPS
[2025-04-23T18:21:47.859+0000] {mbta_kafka_consumer.py:107} INFO - ✅ All 1000 records already up-to-date in MBTA_STOPS, no merge needed.
[2025-04-23T18:21:47.861+0000] {mbta_kafka_consumer.py:234} INFO - 📥 Received 10 records from topic: mbta_predictions
[2025-04-23T18:21:47.869+0000] {mbta_kafka_consumer.py:56} INFO - 🔍 Sample data for MBTA_PREDICTIONS:
[2025-04-23T18:21:47.870+0000] {mbta_kafka_consumer.py:57} INFO - 
                               PREDICTION_ID  ...                 CREATED_AT
0           prediction-67995089-70079-90-Red  ... 2025-04-23 18:21:47.862238
1  prediction-ADDED-1582321358-70080-130-Red  ... 2025-04-23 18:21:47.862263
2  prediction-ADDED-1582321378-70080-130-Red  ... 2025-04-23 18:21:47.862265
3           prediction-67995093-70079-90-Red  ... 2025-04-23 18:21:47.862283
4          prediction-67995120-70080-130-Red  ... 2025-04-23 18:21:47.862289

[5 rows x 9 columns]
[2025-04-23T18:21:47.899+0000] {cursor.py:1028} INFO - query: [SELECT * FROM MBTA_PREDICTIONS WHERE PREDICTION_ID IN ('prediction-67995089-7007...]
[2025-04-23T18:21:48.077+0000] {cursor.py:1041} INFO - query execution done
[2025-04-23T18:21:48.084+0000] {cursor.py:1205} INFO - Number of results in first chunk: 10
[2025-04-23T18:21:48.126+0000] {mbta_kafka_consumer.py:104} INFO - 🔁 10 new/updated records out of 10 incoming records (some may be duplicate VEHICLE_IDs) for MBTA_PREDICTIONS
[2025-04-23T18:21:48.131+0000] {cursor.py:1028} INFO - query: [MERGE INTO MBTA_PREDICTIONS AS target USING (SELECT 'prediction-67995089-70079-9...]
[2025-04-23T18:21:48.837+0000] {cursor.py:1041} INFO - query execution done
[2025-04-23T18:21:48.839+0000] {cursor.py:1028} INFO - query: [MERGE INTO MBTA_PREDICTIONS AS target USING (SELECT 'prediction-ADDED-1582321358...]
[2025-04-23T18:21:49.715+0000] {cursor.py:1041} INFO - query execution done
[2025-04-23T18:21:49.717+0000] {cursor.py:1028} INFO - query: [MERGE INTO MBTA_PREDICTIONS AS target USING (SELECT 'prediction-ADDED-1582321378...]
[2025-04-23T18:21:50.508+0000] {cursor.py:1041} INFO - query execution done
[2025-04-23T18:21:50.512+0000] {cursor.py:1028} INFO - query: [MERGE INTO MBTA_PREDICTIONS AS target USING (SELECT 'prediction-67995093-70079-9...]
[2025-04-23T18:21:51.244+0000] {cursor.py:1041} INFO - query execution done
[2025-04-23T18:21:51.247+0000] {cursor.py:1028} INFO - query: [MERGE INTO MBTA_PREDICTIONS AS target USING (SELECT 'prediction-67995120-70080-1...]
[2025-04-23T18:21:52.109+0000] {cursor.py:1041} INFO - query execution done
[2025-04-23T18:21:52.122+0000] {cursor.py:1028} INFO - query: [MERGE INTO MBTA_PREDICTIONS AS target USING (SELECT 'prediction-67995097-70079-9...]
[2025-04-23T18:21:53.032+0000] {cursor.py:1041} INFO - query execution done
[2025-04-23T18:21:53.048+0000] {cursor.py:1028} INFO - query: [MERGE INTO MBTA_PREDICTIONS AS target USING (SELECT 'prediction-67995105-70080-1...]
[2025-04-23T18:21:53.853+0000] {cursor.py:1041} INFO - query execution done
[2025-04-23T18:21:53.866+0000] {cursor.py:1028} INFO - query: [MERGE INTO MBTA_PREDICTIONS AS target USING (SELECT 'prediction-67995101-70079-9...]
[2025-04-23T18:21:55.143+0000] {cursor.py:1041} INFO - query execution done
[2025-04-23T18:21:55.157+0000] {cursor.py:1028} INFO - query: [MERGE INTO MBTA_PREDICTIONS AS target USING (SELECT 'prediction-67995130-70080-1...]
[2025-04-23T18:21:56.416+0000] {cursor.py:1041} INFO - query execution done
[2025-04-23T18:21:56.423+0000] {cursor.py:1028} INFO - query: [MERGE INTO MBTA_PREDICTIONS AS target USING (SELECT 'prediction-67995131-70079-9...]
[2025-04-23T18:21:57.688+0000] {cursor.py:1041} INFO - query execution done
[2025-04-23T18:21:57.710+0000] {cursor.py:1028} INFO - query: [COMMIT]
[2025-04-23T18:21:57.912+0000] {cursor.py:1041} INFO - query execution done
[2025-04-23T18:21:57.920+0000] {cursor.py:1205} INFO - Number of results in first chunk: 1
[2025-04-23T18:21:57.920+0000] {mbta_kafka_consumer.py:139} INFO - ✅ Merged 10 new/changed records into Snowflake table: MBTA_PREDICTIONS in 10.02 seconds
[2025-04-23T18:21:57.933+0000] {mbta_kafka_consumer.py:234} INFO - 📥 Received 10 records from topic: mbta_predictions
[2025-04-23T18:21:57.968+0000] {mbta_kafka_consumer.py:56} INFO - 🔍 Sample data for MBTA_PREDICTIONS:
[2025-04-23T18:21:57.969+0000] {mbta_kafka_consumer.py:57} INFO - 
                               PREDICTION_ID  ...                 CREATED_AT
0           prediction-67995089-70079-90-Red  ... 2025-04-23 18:21:57.934351
1  prediction-ADDED-1582321358-70080-130-Red  ... 2025-04-23 18:21:57.934364
2  prediction-ADDED-1582321378-70080-130-Red  ... 2025-04-23 18:21:57.934365
3           prediction-67995093-70079-90-Red  ... 2025-04-23 18:21:57.934366
4          prediction-67995120-70080-130-Red  ... 2025-04-23 18:21:57.937548

[5 rows x 9 columns]
[2025-04-23T18:21:58.007+0000] {cursor.py:1028} INFO - query: [SELECT * FROM MBTA_PREDICTIONS WHERE PREDICTION_ID IN ('prediction-67995089-7007...]
[2025-04-23T18:21:58.312+0000] {cursor.py:1041} INFO - query execution done
[2025-04-23T18:21:58.313+0000] {cursor.py:1205} INFO - Number of results in first chunk: 10
[2025-04-23T18:21:58.406+0000] {mbta_kafka_consumer.py:104} INFO - 🔁 10 new/updated records out of 10 incoming records (some may be duplicate VEHICLE_IDs) for MBTA_PREDICTIONS
[2025-04-23T18:21:58.407+0000] {cursor.py:1028} INFO - query: [MERGE INTO MBTA_PREDICTIONS AS target USING (SELECT 'prediction-67995089-70079-9...]
[2025-04-23T18:22:00.002+0000] {cursor.py:1041} INFO - query execution done
[2025-04-23T18:22:00.030+0000] {cursor.py:1028} INFO - query: [MERGE INTO MBTA_PREDICTIONS AS target USING (SELECT 'prediction-ADDED-1582321358...]
[2025-04-23T18:22:02.048+0000] {cursor.py:1041} INFO - query execution done
[2025-04-23T18:22:02.066+0000] {cursor.py:1028} INFO - query: [MERGE INTO MBTA_PREDICTIONS AS target USING (SELECT 'prediction-ADDED-1582321378...]
[2025-04-23T18:22:04.460+0000] {cursor.py:1041} INFO - query execution done
[2025-04-23T18:22:04.480+0000] {cursor.py:1028} INFO - query: [MERGE INTO MBTA_PREDICTIONS AS target USING (SELECT 'prediction-67995093-70079-9...]
[2025-04-23T18:22:07.051+0000] {cursor.py:1041} INFO - query execution done
[2025-04-23T18:22:07.100+0000] {cursor.py:1028} INFO - query: [MERGE INTO MBTA_PREDICTIONS AS target USING (SELECT 'prediction-67995120-70080-1...]
[2025-04-23T18:22:09.647+0000] {cursor.py:1041} INFO - query execution done
[2025-04-23T18:22:11.206+0000] {cursor.py:1028} INFO - query: [MERGE INTO MBTA_PREDICTIONS AS target USING (SELECT 'prediction-67995097-70079-9...]
[2025-04-23T18:22:19.244+0000] {cursor.py:1041} INFO - query execution done
[2025-04-23T18:22:24.375+0000] {cursor.py:1028} INFO - query: [MERGE INTO MBTA_PREDICTIONS AS target USING (SELECT 'prediction-67995105-70080-1...]
[2025-04-23T18:22:25.930+0000] {cursor.py:1041} INFO - query execution done
[2025-04-23T18:22:25.936+0000] {cursor.py:1028} INFO - query: [MERGE INTO MBTA_PREDICTIONS AS target USING (SELECT 'prediction-67995101-70079-9...]
[2025-04-23T18:22:27.247+0000] {cursor.py:1041} INFO - query execution done
[2025-04-23T18:22:27.252+0000] {cursor.py:1028} INFO - query: [MERGE INTO MBTA_PREDICTIONS AS target USING (SELECT 'prediction-67995130-70080-1...]
[2025-04-23T18:22:28.719+0000] {cursor.py:1041} INFO - query execution done
[2025-04-23T18:22:28.724+0000] {cursor.py:1028} INFO - query: [MERGE INTO MBTA_PREDICTIONS AS target USING (SELECT 'prediction-67995131-70079-9...]
[2025-04-23T18:22:30.464+0000] {cursor.py:1041} INFO - query execution done
[2025-04-23T18:22:30.523+0000] {cursor.py:1028} INFO - query: [COMMIT]
[2025-04-23T18:22:30.696+0000] {cursor.py:1041} INFO - query execution done
[2025-04-23T18:22:30.707+0000] {cursor.py:1205} INFO - Number of results in first chunk: 1
[2025-04-23T18:22:30.711+0000] {mbta_kafka_consumer.py:139} INFO - ✅ Merged 10 new/changed records into Snowflake table: MBTA_PREDICTIONS in 32.71 seconds
[2025-04-23T18:22:30.764+0000] {mbta_kafka_consumer.py:234} INFO - 📥 Received 10 records from topic: mbta_predictions
[2025-04-23T18:22:48.830+0000] {mbta_kafka_consumer.py:56} INFO - 🔍 Sample data for MBTA_PREDICTIONS:
[2025-04-23T18:22:48.854+0000] {mbta_kafka_consumer.py:57} INFO - 
                               PREDICTION_ID  ...                 CREATED_AT
0           prediction-67995089-70079-90-Red  ... 2025-04-23 18:22:30.815007
1  prediction-ADDED-1582321358-70080-130-Red  ... 2025-04-23 18:22:30.815034
2  prediction-ADDED-1582321378-70080-130-Red  ... 2025-04-23 18:22:30.815037
3           prediction-67995093-70079-90-Red  ... 2025-04-23 18:22:30.815039
4          prediction-67995120-70080-130-Red  ... 2025-04-23 18:22:30.815041

[5 rows x 9 columns]
[2025-04-23T18:22:48.957+0000] {cursor.py:1028} INFO - query: [SELECT * FROM MBTA_PREDICTIONS WHERE PREDICTION_ID IN ('prediction-67995089-7007...]
[2025-04-23T18:22:49.234+0000] {cursor.py:1041} INFO - query execution done
[2025-04-23T18:22:49.236+0000] {cursor.py:1205} INFO - Number of results in first chunk: 10
[2025-04-23T18:22:49.311+0000] {mbta_kafka_consumer.py:104} INFO - 🔁 10 new/updated records out of 10 incoming records (some may be duplicate VEHICLE_IDs) for MBTA_PREDICTIONS
[2025-04-23T18:22:49.313+0000] {cursor.py:1028} INFO - query: [MERGE INTO MBTA_PREDICTIONS AS target USING (SELECT 'prediction-67995089-70079-9...]
[2025-04-23T18:22:50.429+0000] {cursor.py:1041} INFO - query execution done
[2025-04-23T18:22:50.440+0000] {cursor.py:1028} INFO - query: [MERGE INTO MBTA_PREDICTIONS AS target USING (SELECT 'prediction-ADDED-1582321358...]
[2025-04-23T18:22:52.092+0000] {cursor.py:1041} INFO - query execution done
[2025-04-23T18:22:52.100+0000] {cursor.py:1028} INFO - query: [MERGE INTO MBTA_PREDICTIONS AS target USING (SELECT 'prediction-ADDED-1582321378...]
[2025-04-23T18:22:53.778+0000] {cursor.py:1041} INFO - query execution done
[2025-04-23T18:22:53.787+0000] {cursor.py:1028} INFO - query: [MERGE INTO MBTA_PREDICTIONS AS target USING (SELECT 'prediction-67995093-70079-9...]
[2025-04-23T18:22:55.869+0000] {cursor.py:1041} INFO - query execution done
[2025-04-23T18:22:55.875+0000] {cursor.py:1028} INFO - query: [MERGE INTO MBTA_PREDICTIONS AS target USING (SELECT 'prediction-67995120-70080-1...]
[2025-04-23T18:22:58.077+0000] {cursor.py:1041} INFO - query execution done
[2025-04-23T18:22:58.083+0000] {cursor.py:1028} INFO - query: [MERGE INTO MBTA_PREDICTIONS AS target USING (SELECT 'prediction-67995097-70079-9...]
[2025-04-23T18:23:00.032+0000] {cursor.py:1041} INFO - query execution done
[2025-04-23T18:23:00.037+0000] {cursor.py:1028} INFO - query: [MERGE INTO MBTA_PREDICTIONS AS target USING (SELECT 'prediction-67995105-70080-1...]
[2025-04-23T18:23:01.804+0000] {cursor.py:1041} INFO - query execution done
[2025-04-23T18:23:01.807+0000] {cursor.py:1028} INFO - query: [MERGE INTO MBTA_PREDICTIONS AS target USING (SELECT 'prediction-67995101-70079-9...]
[2025-04-23T18:23:03.349+0000] {cursor.py:1041} INFO - query execution done
[2025-04-23T18:23:03.350+0000] {cursor.py:1028} INFO - query: [MERGE INTO MBTA_PREDICTIONS AS target USING (SELECT 'prediction-67995130-70080-1...]
[2025-04-23T18:23:05.322+0000] {cursor.py:1041} INFO - query execution done
[2025-04-23T18:23:05.324+0000] {cursor.py:1028} INFO - query: [MERGE INTO MBTA_PREDICTIONS AS target USING (SELECT 'prediction-67995131-70079-9...]
[2025-04-23T18:23:07.062+0000] {cursor.py:1041} INFO - query execution done
[2025-04-23T18:23:07.063+0000] {cursor.py:1028} INFO - query: [COMMIT]
[2025-04-23T18:23:07.212+0000] {cursor.py:1041} INFO - query execution done
[2025-04-23T18:23:07.213+0000] {cursor.py:1205} INFO - Number of results in first chunk: 1
[2025-04-23T18:23:07.214+0000] {mbta_kafka_consumer.py:139} INFO - ✅ Merged 10 new/changed records into Snowflake table: MBTA_PREDICTIONS in 18.26 seconds
[2025-04-23T18:23:07.217+0000] {mbta_kafka_consumer.py:234} INFO - 📥 Received 10 records from topic: mbta_predictions
[2025-04-23T18:23:07.241+0000] {mbta_kafka_consumer.py:56} INFO - 🔍 Sample data for MBTA_PREDICTIONS:
[2025-04-23T18:23:07.242+0000] {mbta_kafka_consumer.py:57} INFO - 
                               PREDICTION_ID  ...                 CREATED_AT
0           prediction-67995089-70079-90-Red  ... 2025-04-23 18:23:07.218246
1  prediction-ADDED-1582321358-70080-130-Red  ... 2025-04-23 18:23:07.218323
2  prediction-ADDED-1582321378-70080-130-Red  ... 2025-04-23 18:23:07.218328
3           prediction-67995093-70079-90-Red  ... 2025-04-23 18:23:07.218332
4          prediction-67995120-70080-130-Red  ... 2025-04-23 18:23:07.218383

[5 rows x 9 columns]
[2025-04-23T18:23:07.259+0000] {cursor.py:1028} INFO - query: [SELECT * FROM MBTA_PREDICTIONS WHERE PREDICTION_ID IN ('prediction-67995089-7007...]
[2025-04-23T18:23:07.535+0000] {cursor.py:1041} INFO - query execution done
[2025-04-23T18:23:07.536+0000] {cursor.py:1205} INFO - Number of results in first chunk: 10
[2025-04-23T18:23:07.559+0000] {mbta_kafka_consumer.py:104} INFO - 🔁 10 new/updated records out of 10 incoming records (some may be duplicate VEHICLE_IDs) for MBTA_PREDICTIONS
[2025-04-23T18:23:07.560+0000] {cursor.py:1028} INFO - query: [MERGE INTO MBTA_PREDICTIONS AS target USING (SELECT 'prediction-67995089-70079-9...]
[2025-04-23T18:23:09.126+0000] {cursor.py:1041} INFO - query execution done
[2025-04-23T18:23:09.127+0000] {cursor.py:1028} INFO - query: [MERGE INTO MBTA_PREDICTIONS AS target USING (SELECT 'prediction-ADDED-1582321358...]
[2025-04-23T18:23:10.711+0000] {cursor.py:1041} INFO - query execution done
[2025-04-23T18:23:10.714+0000] {cursor.py:1028} INFO - query: [MERGE INTO MBTA_PREDICTIONS AS target USING (SELECT 'prediction-ADDED-1582321378...]
[2025-04-23T18:23:12.350+0000] {cursor.py:1041} INFO - query execution done
[2025-04-23T18:23:12.353+0000] {cursor.py:1028} INFO - query: [MERGE INTO MBTA_PREDICTIONS AS target USING (SELECT 'prediction-67995093-70079-9...]
[2025-04-23T18:23:14.213+0000] {cursor.py:1041} INFO - query execution done
[2025-04-23T18:23:14.215+0000] {cursor.py:1028} INFO - query: [MERGE INTO MBTA_PREDICTIONS AS target USING (SELECT 'prediction-67995120-70080-1...]
[2025-04-23T18:23:15.820+0000] {cursor.py:1041} INFO - query execution done
[2025-04-23T18:23:15.829+0000] {cursor.py:1028} INFO - query: [MERGE INTO MBTA_PREDICTIONS AS target USING (SELECT 'prediction-67995097-70079-9...]
[2025-04-23T18:23:17.465+0000] {cursor.py:1041} INFO - query execution done
[2025-04-23T18:23:17.467+0000] {cursor.py:1028} INFO - query: [MERGE INTO MBTA_PREDICTIONS AS target USING (SELECT 'prediction-67995105-70080-1...]
[2025-04-23T18:23:19.206+0000] {cursor.py:1041} INFO - query execution done
[2025-04-23T18:23:19.207+0000] {cursor.py:1028} INFO - query: [MERGE INTO MBTA_PREDICTIONS AS target USING (SELECT 'prediction-67995101-70079-9...]
[2025-04-23T18:23:20.819+0000] {cursor.py:1041} INFO - query execution done
[2025-04-23T18:23:20.822+0000] {cursor.py:1028} INFO - query: [MERGE INTO MBTA_PREDICTIONS AS target USING (SELECT 'prediction-67995130-70080-1...]
[2025-04-23T18:23:22.401+0000] {cursor.py:1041} INFO - query execution done
[2025-04-23T18:23:22.402+0000] {cursor.py:1028} INFO - query: [MERGE INTO MBTA_PREDICTIONS AS target USING (SELECT 'prediction-67995131-70079-9...]
[2025-04-23T18:23:24.330+0000] {cursor.py:1041} INFO - query execution done
[2025-04-23T18:23:24.390+0000] {cursor.py:1028} INFO - query: [COMMIT]
[2025-04-23T18:23:24.560+0000] {cursor.py:1041} INFO - query execution done
[2025-04-23T18:23:24.561+0000] {cursor.py:1205} INFO - Number of results in first chunk: 1
[2025-04-23T18:23:24.561+0000] {mbta_kafka_consumer.py:139} INFO - ✅ Merged 10 new/changed records into Snowflake table: MBTA_PREDICTIONS in 17.30 seconds
[2025-04-23T18:23:24.574+0000] {mbta_kafka_consumer.py:234} INFO - 📥 Received 10 records from topic: mbta_predictions
[2025-04-23T18:23:24.675+0000] {mbta_kafka_consumer.py:56} INFO - 🔍 Sample data for MBTA_PREDICTIONS:
[2025-04-23T18:23:24.678+0000] {mbta_kafka_consumer.py:57} INFO - 
                               PREDICTION_ID  ...                 CREATED_AT
0           prediction-67995089-70079-90-Red  ... 2025-04-23 18:23:24.576552
1  prediction-ADDED-1582321358-70080-130-Red  ... 2025-04-23 18:23:24.576607
2  prediction-ADDED-1582321378-70080-130-Red  ... 2025-04-23 18:23:24.576610
3           prediction-67995093-70079-90-Red  ... 2025-04-23 18:23:24.576611
4          prediction-67995120-70080-130-Red  ... 2025-04-23 18:23:24.576635

[5 rows x 9 columns]
[2025-04-23T18:23:24.735+0000] {cursor.py:1028} INFO - query: [SELECT * FROM MBTA_PREDICTIONS WHERE PREDICTION_ID IN ('prediction-67995089-7007...]
[2025-04-23T18:23:24.942+0000] {cursor.py:1041} INFO - query execution done
[2025-04-23T18:23:24.943+0000] {cursor.py:1205} INFO - Number of results in first chunk: 10
[2025-04-23T18:23:24.969+0000] {mbta_kafka_consumer.py:104} INFO - 🔁 10 new/updated records out of 10 incoming records (some may be duplicate VEHICLE_IDs) for MBTA_PREDICTIONS
[2025-04-23T18:23:24.970+0000] {cursor.py:1028} INFO - query: [MERGE INTO MBTA_PREDICTIONS AS target USING (SELECT 'prediction-67995089-70079-9...]
[2025-04-23T18:23:26.415+0000] {cursor.py:1041} INFO - query execution done
[2025-04-23T18:23:26.419+0000] {cursor.py:1028} INFO - query: [MERGE INTO MBTA_PREDICTIONS AS target USING (SELECT 'prediction-ADDED-1582321358...]
[2025-04-23T18:23:28.105+0000] {cursor.py:1041} INFO - query execution done
[2025-04-23T18:23:28.106+0000] {cursor.py:1028} INFO - query: [MERGE INTO MBTA_PREDICTIONS AS target USING (SELECT 'prediction-ADDED-1582321378...]
[2025-04-23T18:23:29.822+0000] {cursor.py:1041} INFO - query execution done
[2025-04-23T18:23:29.828+0000] {cursor.py:1028} INFO - query: [MERGE INTO MBTA_PREDICTIONS AS target USING (SELECT 'prediction-67995093-70079-9...]
[2025-04-23T18:23:31.542+0000] {cursor.py:1041} INFO - query execution done
[2025-04-23T18:23:31.560+0000] {cursor.py:1028} INFO - query: [MERGE INTO MBTA_PREDICTIONS AS target USING (SELECT 'prediction-67995120-70080-1...]
[2025-04-23T18:23:33.911+0000] {cursor.py:1041} INFO - query execution done
[2025-04-23T18:23:33.922+0000] {cursor.py:1028} INFO - query: [MERGE INTO MBTA_PREDICTIONS AS target USING (SELECT 'prediction-67995097-70079-9...]
[2025-04-23T18:23:35.989+0000] {cursor.py:1041} INFO - query execution done
[2025-04-23T18:23:35.992+0000] {cursor.py:1028} INFO - query: [MERGE INTO MBTA_PREDICTIONS AS target USING (SELECT 'prediction-67995105-70080-1...]
[2025-04-23T18:23:37.990+0000] {cursor.py:1041} INFO - query execution done
[2025-04-23T18:23:37.996+0000] {cursor.py:1028} INFO - query: [MERGE INTO MBTA_PREDICTIONS AS target USING (SELECT 'prediction-67995101-70079-9...]
[2025-04-23T18:28:20.154+0000] {cursor.py:1041} INFO - query execution done
[2025-04-23T18:28:20.183+0000] {cursor.py:1028} INFO - query: [MERGE INTO MBTA_PREDICTIONS AS target USING (SELECT 'prediction-67995130-70080-1...]
[2025-04-23T18:28:21.660+0000] {cursor.py:1041} INFO - query execution done
[2025-04-23T18:28:21.694+0000] {cursor.py:1028} INFO - query: [MERGE INTO MBTA_PREDICTIONS AS target USING (SELECT 'prediction-67995131-70079-9...]
[2025-04-23T18:28:23.282+0000] {cursor.py:1041} INFO - query execution done
[2025-04-23T18:28:23.337+0000] {cursor.py:1028} INFO - query: [COMMIT]
[2025-04-23T18:28:23.609+0000] {cursor.py:1041} INFO - query execution done
[2025-04-23T18:28:23.622+0000] {cursor.py:1205} INFO - Number of results in first chunk: 1
[2025-04-23T18:28:23.625+0000] {mbta_kafka_consumer.py:139} INFO - ✅ Merged 10 new/changed records into Snowflake table: MBTA_PREDICTIONS in 298.89 seconds
[2025-04-23T18:28:23.634+0000] {mbta_kafka_consumer.py:234} INFO - 📥 Received 10 records from topic: mbta_predictions
[2025-04-23T18:28:24.006+0000] {mbta_kafka_consumer.py:56} INFO - 🔍 Sample data for MBTA_PREDICTIONS:
[2025-04-23T18:28:24.013+0000] {mbta_kafka_consumer.py:57} INFO - 
                               PREDICTION_ID  ...                 CREATED_AT
0           prediction-67995089-70079-90-Red  ... 2025-04-23 18:28:23.641375
1  prediction-ADDED-1582321358-70080-130-Red  ... 2025-04-23 18:28:23.641389
2  prediction-ADDED-1582321378-70080-130-Red  ... 2025-04-23 18:28:23.641404
3           prediction-67995093-70079-90-Red  ... 2025-04-23 18:28:23.641410
4          prediction-67995120-70080-130-Red  ... 2025-04-23 18:28:23.641412

[5 rows x 9 columns]
[2025-04-23T18:28:24.123+0000] {cursor.py:1028} INFO - query: [SELECT * FROM MBTA_PREDICTIONS WHERE PREDICTION_ID IN ('prediction-67995089-7007...]
[2025-04-23T18:28:24.387+0000] {cursor.py:1041} INFO - query execution done
[2025-04-23T18:28:24.462+0000] {cursor.py:1205} INFO - Number of results in first chunk: 10
[2025-04-23T18:28:25.103+0000] {mbta_kafka_consumer.py:104} INFO - 🔁 10 new/updated records out of 10 incoming records (some may be duplicate VEHICLE_IDs) for MBTA_PREDICTIONS
[2025-04-23T18:28:25.116+0000] {cursor.py:1028} INFO - query: [MERGE INTO MBTA_PREDICTIONS AS target USING (SELECT 'prediction-67995089-70079-9...]
[2025-04-23T18:28:26.902+0000] {cursor.py:1041} INFO - query execution done
[2025-04-23T18:28:26.906+0000] {cursor.py:1028} INFO - query: [MERGE INTO MBTA_PREDICTIONS AS target USING (SELECT 'prediction-ADDED-1582321358...]
[2025-04-23T18:28:29.060+0000] {cursor.py:1041} INFO - query execution done
[2025-04-23T18:28:29.084+0000] {cursor.py:1028} INFO - query: [MERGE INTO MBTA_PREDICTIONS AS target USING (SELECT 'prediction-ADDED-1582321378...]
[2025-04-23T18:28:30.952+0000] {cursor.py:1041} INFO - query execution done
[2025-04-23T18:28:30.960+0000] {cursor.py:1028} INFO - query: [MERGE INTO MBTA_PREDICTIONS AS target USING (SELECT 'prediction-67995093-70079-9...]
[2025-04-23T18:28:32.612+0000] {cursor.py:1041} INFO - query execution done
[2025-04-23T18:28:32.616+0000] {cursor.py:1028} INFO - query: [MERGE INTO MBTA_PREDICTIONS AS target USING (SELECT 'prediction-67995120-70080-1...]
[2025-04-23T18:28:34.331+0000] {cursor.py:1041} INFO - query execution done
[2025-04-23T18:28:34.345+0000] {cursor.py:1028} INFO - query: [MERGE INTO MBTA_PREDICTIONS AS target USING (SELECT 'prediction-67995097-70079-9...]
[2025-04-23T18:28:36.353+0000] {cursor.py:1041} INFO - query execution done
[2025-04-23T18:28:36.356+0000] {cursor.py:1028} INFO - query: [MERGE INTO MBTA_PREDICTIONS AS target USING (SELECT 'prediction-67995105-70080-1...]
[2025-04-23T18:28:38.370+0000] {cursor.py:1041} INFO - query execution done
[2025-04-23T18:28:38.374+0000] {cursor.py:1028} INFO - query: [MERGE INTO MBTA_PREDICTIONS AS target USING (SELECT 'prediction-67995101-70079-9...]
[2025-04-23T18:28:40.600+0000] {cursor.py:1041} INFO - query execution done
[2025-04-23T18:28:40.644+0000] {cursor.py:1028} INFO - query: [MERGE INTO MBTA_PREDICTIONS AS target USING (SELECT 'prediction-67995130-70080-1...]
[2025-04-23T18:28:42.316+0000] {cursor.py:1041} INFO - query execution done
[2025-04-23T18:28:42.324+0000] {cursor.py:1028} INFO - query: [MERGE INTO MBTA_PREDICTIONS AS target USING (SELECT 'prediction-67995131-70079-9...]
[2025-04-23T18:28:44.230+0000] {cursor.py:1041} INFO - query execution done
[2025-04-23T18:28:44.235+0000] {cursor.py:1028} INFO - query: [COMMIT]
[2025-04-23T18:28:44.382+0000] {cursor.py:1041} INFO - query execution done
[2025-04-23T18:28:44.388+0000] {cursor.py:1205} INFO - Number of results in first chunk: 1
[2025-04-23T18:28:44.389+0000] {mbta_kafka_consumer.py:139} INFO - ✅ Merged 10 new/changed records into Snowflake table: MBTA_PREDICTIONS in 20.28 seconds
[2025-04-23T18:28:44.398+0000] {mbta_kafka_consumer.py:234} INFO - 📥 Received 10 records from topic: mbta_predictions
[2025-04-23T18:28:44.447+0000] {mbta_kafka_consumer.py:56} INFO - 🔍 Sample data for MBTA_PREDICTIONS:
[2025-04-23T18:28:44.449+0000] {mbta_kafka_consumer.py:57} INFO - 
                               PREDICTION_ID  ...                 CREATED_AT
0           prediction-67995089-70079-90-Red  ... 2025-04-23 18:28:44.400448
1  prediction-ADDED-1582321358-70080-130-Red  ... 2025-04-23 18:28:44.400459
2  prediction-ADDED-1582321378-70080-130-Red  ... 2025-04-23 18:28:44.400462
3           prediction-67995093-70079-90-Red  ... 2025-04-23 18:28:44.400466
4          prediction-67995120-70080-130-Red  ... 2025-04-23 18:28:44.400468

[5 rows x 9 columns]
[2025-04-23T18:28:44.481+0000] {cursor.py:1028} INFO - query: [SELECT * FROM MBTA_PREDICTIONS WHERE PREDICTION_ID IN ('prediction-67995089-7007...]
[2025-04-23T18:28:44.684+0000] {cursor.py:1041} INFO - query execution done
[2025-04-23T18:28:44.685+0000] {cursor.py:1205} INFO - Number of results in first chunk: 10
[2025-04-23T18:28:44.698+0000] {mbta_kafka_consumer.py:104} INFO - 🔁 10 new/updated records out of 10 incoming records (some may be duplicate VEHICLE_IDs) for MBTA_PREDICTIONS
[2025-04-23T18:28:44.699+0000] {cursor.py:1028} INFO - query: [MERGE INTO MBTA_PREDICTIONS AS target USING (SELECT 'prediction-67995089-70079-9...]
[2025-04-23T18:28:46.821+0000] {cursor.py:1041} INFO - query execution done
[2025-04-23T18:28:46.828+0000] {cursor.py:1028} INFO - query: [MERGE INTO MBTA_PREDICTIONS AS target USING (SELECT 'prediction-ADDED-1582321358...]
[2025-04-23T18:28:49.446+0000] {cursor.py:1041} INFO - query execution done
[2025-04-23T18:28:49.470+0000] {cursor.py:1028} INFO - query: [MERGE INTO MBTA_PREDICTIONS AS target USING (SELECT 'prediction-ADDED-1582321378...]
[2025-04-23T18:28:51.627+0000] {cursor.py:1041} INFO - query execution done
[2025-04-23T18:28:51.631+0000] {cursor.py:1028} INFO - query: [MERGE INTO MBTA_PREDICTIONS AS target USING (SELECT 'prediction-67995093-70079-9...]
[2025-04-23T18:28:53.885+0000] {cursor.py:1041} INFO - query execution done
[2025-04-23T18:28:53.888+0000] {cursor.py:1028} INFO - query: [MERGE INTO MBTA_PREDICTIONS AS target USING (SELECT 'prediction-67995120-70080-1...]
[2025-04-23T18:28:57.010+0000] {cursor.py:1041} INFO - query execution done
[2025-04-23T18:28:57.027+0000] {cursor.py:1028} INFO - query: [MERGE INTO MBTA_PREDICTIONS AS target USING (SELECT 'prediction-67995097-70079-9...]
[2025-04-23T18:28:59.501+0000] {cursor.py:1041} INFO - query execution done
[2025-04-23T18:28:59.517+0000] {cursor.py:1028} INFO - query: [MERGE INTO MBTA_PREDICTIONS AS target USING (SELECT 'prediction-67995105-70080-1...]
[2025-04-23T18:29:00.965+0000] {cursor.py:1041} INFO - query execution done
[2025-04-23T18:29:01.386+0000] {cursor.py:1028} INFO - query: [MERGE INTO MBTA_PREDICTIONS AS target USING (SELECT 'prediction-67995101-70079-9...]
[2025-04-23T18:29:02.470+0000] {cursor.py:1041} INFO - query execution done
[2025-04-23T18:29:02.477+0000] {cursor.py:1028} INFO - query: [MERGE INTO MBTA_PREDICTIONS AS target USING (SELECT 'prediction-67995130-70080-1...]
[2025-04-23T18:29:04.608+0000] {cursor.py:1041} INFO - query execution done
[2025-04-23T18:29:04.610+0000] {cursor.py:1028} INFO - query: [MERGE INTO MBTA_PREDICTIONS AS target USING (SELECT 'prediction-67995131-70079-9...]
[2025-04-23T18:29:06.696+0000] {cursor.py:1041} INFO - query execution done
[2025-04-23T18:29:06.706+0000] {cursor.py:1028} INFO - query: [COMMIT]
[2025-04-23T18:29:06.855+0000] {cursor.py:1041} INFO - query execution done
[2025-04-23T18:29:06.858+0000] {cursor.py:1205} INFO - Number of results in first chunk: 1
[2025-04-23T18:29:06.862+0000] {mbta_kafka_consumer.py:139} INFO - ✅ Merged 10 new/changed records into Snowflake table: MBTA_PREDICTIONS in 22.38 seconds
[2025-04-23T18:29:06.875+0000] {mbta_kafka_consumer.py:234} INFO - 📥 Received 10 records from topic: mbta_predictions
[2025-04-23T18:29:06.910+0000] {mbta_kafka_consumer.py:56} INFO - 🔍 Sample data for MBTA_PREDICTIONS:
[2025-04-23T18:29:06.911+0000] {mbta_kafka_consumer.py:57} INFO - 
                               PREDICTION_ID  ...                 CREATED_AT
0           prediction-67995089-70079-90-Red  ... 2025-04-23 18:29:06.877711
1  prediction-ADDED-1582321358-70080-130-Red  ... 2025-04-23 18:29:06.877729
2  prediction-ADDED-1582321378-70080-130-Red  ... 2025-04-23 18:29:06.877733
3           prediction-67995093-70079-90-Red  ... 2025-04-23 18:29:06.877737
4          prediction-67995120-70080-130-Red  ... 2025-04-23 18:29:06.877743

[5 rows x 9 columns]
[2025-04-23T18:29:06.933+0000] {cursor.py:1028} INFO - query: [SELECT * FROM MBTA_PREDICTIONS WHERE PREDICTION_ID IN ('prediction-67995089-7007...]
[2025-04-23T18:29:07.166+0000] {cursor.py:1041} INFO - query execution done
[2025-04-23T18:29:07.172+0000] {cursor.py:1205} INFO - Number of results in first chunk: 10
[2025-04-23T18:29:07.523+0000] {mbta_kafka_consumer.py:104} INFO - 🔁 10 new/updated records out of 10 incoming records (some may be duplicate VEHICLE_IDs) for MBTA_PREDICTIONS
[2025-04-23T18:29:07.753+0000] {cursor.py:1028} INFO - query: [MERGE INTO MBTA_PREDICTIONS AS target USING (SELECT 'prediction-67995089-70079-9...]
[2025-04-23T18:29:09.080+0000] {cursor.py:1041} INFO - query execution done
[2025-04-23T18:29:09.085+0000] {cursor.py:1028} INFO - query: [MERGE INTO MBTA_PREDICTIONS AS target USING (SELECT 'prediction-ADDED-1582321358...]
[2025-04-23T18:29:10.998+0000] {cursor.py:1041} INFO - query execution done
[2025-04-23T18:29:11.006+0000] {cursor.py:1028} INFO - query: [MERGE INTO MBTA_PREDICTIONS AS target USING (SELECT 'prediction-ADDED-1582321378...]
[2025-04-23T18:29:12.959+0000] {cursor.py:1041} INFO - query execution done
[2025-04-23T18:29:13.139+0000] {cursor.py:1028} INFO - query: [MERGE INTO MBTA_PREDICTIONS AS target USING (SELECT 'prediction-67995093-70079-9...]
[2025-04-23T18:29:15.972+0000] {cursor.py:1041} INFO - query execution done
[2025-04-23T18:29:15.979+0000] {cursor.py:1028} INFO - query: [MERGE INTO MBTA_PREDICTIONS AS target USING (SELECT 'prediction-67995120-70080-1...]
[2025-04-23T18:29:19.216+0000] {cursor.py:1041} INFO - query execution done
[2025-04-23T18:29:19.243+0000] {cursor.py:1028} INFO - query: [MERGE INTO MBTA_PREDICTIONS AS target USING (SELECT 'prediction-67995097-70079-9...]
[2025-04-23T18:29:21.190+0000] {cursor.py:1041} INFO - query execution done
[2025-04-23T18:29:21.194+0000] {cursor.py:1028} INFO - query: [MERGE INTO MBTA_PREDICTIONS AS target USING (SELECT 'prediction-67995105-70080-1...]
[2025-04-23T18:29:24.286+0000] {cursor.py:1041} INFO - query execution done
[2025-04-23T18:29:24.291+0000] {cursor.py:1028} INFO - query: [MERGE INTO MBTA_PREDICTIONS AS target USING (SELECT 'prediction-67995101-70079-9...]
[2025-04-23T18:29:26.423+0000] {cursor.py:1041} INFO - query execution done
[2025-04-23T18:29:26.436+0000] {cursor.py:1028} INFO - query: [MERGE INTO MBTA_PREDICTIONS AS target USING (SELECT 'prediction-67995130-70080-1...]
[2025-04-23T18:29:28.611+0000] {cursor.py:1041} INFO - query execution done
[2025-04-23T18:29:28.617+0000] {cursor.py:1028} INFO - query: [MERGE INTO MBTA_PREDICTIONS AS target USING (SELECT 'prediction-67995131-70079-9...]
[2025-04-23T18:29:30.656+0000] {cursor.py:1041} INFO - query execution done
[2025-04-23T18:29:30.665+0000] {cursor.py:1028} INFO - query: [COMMIT]
[2025-04-23T18:29:30.831+0000] {cursor.py:1041} INFO - query execution done
[2025-04-23T18:29:30.832+0000] {cursor.py:1205} INFO - Number of results in first chunk: 1
[2025-04-23T18:29:30.832+0000] {mbta_kafka_consumer.py:139} INFO - ✅ Merged 10 new/changed records into Snowflake table: MBTA_PREDICTIONS in 23.90 seconds
[2025-04-23T18:29:30.835+0000] {mbta_kafka_consumer.py:234} INFO - 📥 Received 10 records from topic: mbta_predictions
[2025-04-23T18:29:30.862+0000] {mbta_kafka_consumer.py:56} INFO - 🔍 Sample data for MBTA_PREDICTIONS:
[2025-04-23T18:29:30.863+0000] {mbta_kafka_consumer.py:57} INFO - 
                               PREDICTION_ID  ...                 CREATED_AT
0           prediction-67995089-70079-90-Red  ... 2025-04-23 18:29:30.835830
1  prediction-ADDED-1582321358-70080-130-Red  ... 2025-04-23 18:29:30.835844
2  prediction-ADDED-1582321378-70080-130-Red  ... 2025-04-23 18:29:30.836050
3           prediction-67995093-70079-90-Red  ... 2025-04-23 18:29:30.836053
4          prediction-67995120-70080-130-Red  ... 2025-04-23 18:29:30.836203

[5 rows x 9 columns]
[2025-04-23T18:29:30.877+0000] {cursor.py:1028} INFO - query: [SELECT * FROM MBTA_PREDICTIONS WHERE PREDICTION_ID IN ('prediction-67995089-7007...]
[2025-04-23T18:29:31.111+0000] {cursor.py:1041} INFO - query execution done
[2025-04-23T18:29:31.112+0000] {cursor.py:1205} INFO - Number of results in first chunk: 10
[2025-04-23T18:29:31.140+0000] {mbta_kafka_consumer.py:104} INFO - 🔁 10 new/updated records out of 10 incoming records (some may be duplicate VEHICLE_IDs) for MBTA_PREDICTIONS
[2025-04-23T18:29:31.146+0000] {cursor.py:1028} INFO - query: [MERGE INTO MBTA_PREDICTIONS AS target USING (SELECT 'prediction-67995089-70079-9...]
[2025-04-23T18:29:33.097+0000] {cursor.py:1041} INFO - query execution done
[2025-04-23T18:29:33.127+0000] {cursor.py:1028} INFO - query: [MERGE INTO MBTA_PREDICTIONS AS target USING (SELECT 'prediction-ADDED-1582321358...]
[2025-04-23T18:29:34.440+0000] {cursor.py:1041} INFO - query execution done
[2025-04-23T18:29:34.448+0000] {cursor.py:1028} INFO - query: [MERGE INTO MBTA_PREDICTIONS AS target USING (SELECT 'prediction-ADDED-1582321378...]
[2025-04-23T18:29:36.665+0000] {cursor.py:1041} INFO - query execution done
[2025-04-23T18:29:36.674+0000] {cursor.py:1028} INFO - query: [MERGE INTO MBTA_PREDICTIONS AS target USING (SELECT 'prediction-67995093-70079-9...]
[2025-04-23T18:29:39.722+0000] {cursor.py:1041} INFO - query execution done
[2025-04-23T18:29:39.727+0000] {cursor.py:1028} INFO - query: [MERGE INTO MBTA_PREDICTIONS AS target USING (SELECT 'prediction-67995120-70080-1...]
[2025-04-23T18:29:41.342+0000] {cursor.py:1041} INFO - query execution done
[2025-04-23T18:29:41.347+0000] {cursor.py:1028} INFO - query: [MERGE INTO MBTA_PREDICTIONS AS target USING (SELECT 'prediction-67995097-70079-9...]
[2025-04-23T18:29:43.236+0000] {cursor.py:1041} INFO - query execution done
[2025-04-23T18:29:43.243+0000] {cursor.py:1028} INFO - query: [MERGE INTO MBTA_PREDICTIONS AS target USING (SELECT 'prediction-67995105-70080-1...]
[2025-04-23T18:29:45.945+0000] {cursor.py:1041} INFO - query execution done
[2025-04-23T18:29:45.951+0000] {cursor.py:1028} INFO - query: [MERGE INTO MBTA_PREDICTIONS AS target USING (SELECT 'prediction-67995101-70079-9...]
[2025-04-23T18:29:48.257+0000] {cursor.py:1041} INFO - query execution done
[2025-04-23T18:29:48.305+0000] {cursor.py:1028} INFO - query: [MERGE INTO MBTA_PREDICTIONS AS target USING (SELECT 'prediction-67995130-70080-1...]
[2025-04-23T18:29:50.953+0000] {cursor.py:1041} INFO - query execution done
[2025-04-23T18:29:50.985+0000] {cursor.py:1028} INFO - query: [MERGE INTO MBTA_PREDICTIONS AS target USING (SELECT 'prediction-67995131-70079-9...]
[2025-04-23T18:29:52.762+0000] {cursor.py:1041} INFO - query execution done
[2025-04-23T18:29:52.769+0000] {cursor.py:1028} INFO - query: [COMMIT]
[2025-04-23T18:29:53.705+0000] {cursor.py:1041} INFO - query execution done
[2025-04-23T18:29:53.713+0000] {cursor.py:1205} INFO - Number of results in first chunk: 1
[2025-04-23T18:29:53.717+0000] {mbta_kafka_consumer.py:139} INFO - ✅ Merged 10 new/changed records into Snowflake table: MBTA_PREDICTIONS in 22.84 seconds
[2025-04-23T18:29:53.721+0000] {mbta_kafka_consumer.py:234} INFO - 📥 Received 10 records from topic: mbta_predictions
[2025-04-23T18:29:53.789+0000] {mbta_kafka_consumer.py:56} INFO - 🔍 Sample data for MBTA_PREDICTIONS:
[2025-04-23T18:29:53.790+0000] {mbta_kafka_consumer.py:57} INFO - 
                               PREDICTION_ID  ...                 CREATED_AT
0           prediction-67995089-70079-90-Red  ... 2025-04-23 18:29:53.722186
1  prediction-ADDED-1582321358-70080-130-Red  ... 2025-04-23 18:29:53.722211
2  prediction-ADDED-1582321378-70080-130-Red  ... 2025-04-23 18:29:53.722551
3           prediction-67995093-70079-90-Red  ... 2025-04-23 18:29:53.722555
4          prediction-67995120-70080-130-Red  ... 2025-04-23 18:29:53.722557

[5 rows x 9 columns]
[2025-04-23T18:29:53.844+0000] {cursor.py:1028} INFO - query: [SELECT * FROM MBTA_PREDICTIONS WHERE PREDICTION_ID IN ('prediction-67995089-7007...]
[2025-04-23T18:29:54.070+0000] {cursor.py:1041} INFO - query execution done
[2025-04-23T18:29:54.071+0000] {cursor.py:1205} INFO - Number of results in first chunk: 10
[2025-04-23T18:29:54.103+0000] {mbta_kafka_consumer.py:104} INFO - 🔁 10 new/updated records out of 10 incoming records (some may be duplicate VEHICLE_IDs) for MBTA_PREDICTIONS
[2025-04-23T18:29:54.103+0000] {cursor.py:1028} INFO - query: [MERGE INTO MBTA_PREDICTIONS AS target USING (SELECT 'prediction-67995089-70079-9...]
[2025-04-23T18:29:56.281+0000] {cursor.py:1041} INFO - query execution done
[2025-04-23T18:29:56.292+0000] {cursor.py:1028} INFO - query: [MERGE INTO MBTA_PREDICTIONS AS target USING (SELECT 'prediction-ADDED-1582321358...]
[2025-04-23T18:29:58.323+0000] {cursor.py:1041} INFO - query execution done
[2025-04-23T18:29:58.328+0000] {cursor.py:1028} INFO - query: [MERGE INTO MBTA_PREDICTIONS AS target USING (SELECT 'prediction-ADDED-1582321378...]
[2025-04-23T18:30:00.482+0000] {cursor.py:1041} INFO - query execution done
[2025-04-23T18:30:00.520+0000] {cursor.py:1028} INFO - query: [MERGE INTO MBTA_PREDICTIONS AS target USING (SELECT 'prediction-67995093-70079-9...]
[2025-04-23T18:30:03.018+0000] {cursor.py:1041} INFO - query execution done
[2025-04-23T18:30:03.057+0000] {cursor.py:1028} INFO - query: [MERGE INTO MBTA_PREDICTIONS AS target USING (SELECT 'prediction-67995120-70080-1...]
[2025-04-23T18:30:04.272+0000] {cursor.py:1041} INFO - query execution done
[2025-04-23T18:30:04.315+0000] {cursor.py:1028} INFO - query: [MERGE INTO MBTA_PREDICTIONS AS target USING (SELECT 'prediction-67995097-70079-9...]
[2025-04-23T18:30:05.959+0000] {cursor.py:1041} INFO - query execution done
[2025-04-23T18:30:06.006+0000] {cursor.py:1028} INFO - query: [MERGE INTO MBTA_PREDICTIONS AS target USING (SELECT 'prediction-67995105-70080-1...]
[2025-04-23T18:30:08.167+0000] {cursor.py:1041} INFO - query execution done
[2025-04-23T18:30:08.211+0000] {cursor.py:1028} INFO - query: [MERGE INTO MBTA_PREDICTIONS AS target USING (SELECT 'prediction-67995101-70079-9...]
[2025-04-23T18:30:09.655+0000] {cursor.py:1041} INFO - query execution done
[2025-04-23T18:30:09.659+0000] {cursor.py:1028} INFO - query: [MERGE INTO MBTA_PREDICTIONS AS target USING (SELECT 'prediction-67995130-70080-1...]
[2025-04-23T18:30:12.200+0000] {cursor.py:1041} INFO - query execution done
[2025-04-23T18:30:12.205+0000] {cursor.py:1028} INFO - query: [MERGE INTO MBTA_PREDICTIONS AS target USING (SELECT 'prediction-67995131-70079-9...]
[2025-04-23T18:30:14.967+0000] {cursor.py:1041} INFO - query execution done
[2025-04-23T18:30:14.992+0000] {cursor.py:1028} INFO - query: [COMMIT]
[2025-04-23T18:30:15.184+0000] {cursor.py:1041} INFO - query execution done
[2025-04-23T18:30:15.198+0000] {cursor.py:1205} INFO - Number of results in first chunk: 1
[2025-04-23T18:30:15.199+0000] {mbta_kafka_consumer.py:139} INFO - ✅ Merged 10 new/changed records into Snowflake table: MBTA_PREDICTIONS in 21.36 seconds
[2025-04-23T18:30:15.208+0000] {mbta_kafka_consumer.py:234} INFO - 📥 Received 10 records from topic: mbta_predictions
[2025-04-23T18:30:17.289+0000] {local_task_job_runner.py:234} INFO - Task exited with return code -9
[2025-04-23T18:30:18.322+0000] {taskinstance.py:3280} INFO - 0 downstream tasks scheduled from follow-on schedule check
