[2025-04-23T18:45:06.686+0000] {taskinstance.py:1956} INFO - Dependencies all met for dep_context=non-requeueable deps ti=<TaskInstance: mbta_kafka_consumer_dag.run_kafka_consumer scheduled__2025-04-23T04:35:00+00:00 [queued]>
[2025-04-23T18:45:06.899+0000] {taskinstance.py:1956} INFO - Dependencies all met for dep_context=requeueable deps ti=<TaskInstance: mbta_kafka_consumer_dag.run_kafka_consumer scheduled__2025-04-23T04:35:00+00:00 [queued]>
[2025-04-23T18:45:06.952+0000] {taskinstance.py:2170} INFO - Starting attempt 4 of 2
[2025-04-23T18:45:07.859+0000] {taskinstance.py:2191} INFO - Executing <Task(PythonOperator): run_kafka_consumer> on 2025-04-23 04:35:00+00:00
[2025-04-23T18:45:08.159+0000] {standard_task_runner.py:60} INFO - Started process 224 to run task
[2025-04-23T18:45:08.286+0000] {standard_task_runner.py:87} INFO - Running: ['***', 'tasks', 'run', 'mbta_kafka_consumer_dag', 'run_kafka_consumer', 'scheduled__2025-04-23T04:35:00+00:00', '--job-id', '511', '--raw', '--subdir', 'DAGS_FOLDER/mbta_kafka_consumer_dag.py', '--cfg-path', '/tmp/tmppl1a8ng1']
[2025-04-23T18:45:08.405+0000] {standard_task_runner.py:88} INFO - Job 511: Subtask run_kafka_consumer
[2025-04-23T18:45:09.723+0000] {task_command.py:423} INFO - Running <TaskInstance: mbta_kafka_consumer_dag.run_kafka_consumer scheduled__2025-04-23T04:35:00+00:00 [running]> on host f5dfe1f680f3
[2025-04-23T18:45:12.430+0000] {taskinstance.py:2480} INFO - Exporting env vars: AIRFLOW_CTX_DAG_OWNER='***' AIRFLOW_CTX_DAG_ID='mbta_kafka_consumer_dag' AIRFLOW_CTX_TASK_ID='run_kafka_consumer' AIRFLOW_CTX_EXECUTION_DATE='2025-04-23T04:35:00+00:00' AIRFLOW_CTX_TRY_NUMBER='4' AIRFLOW_CTX_DAG_RUN_ID='scheduled__2025-04-23T04:35:00+00:00'
[2025-04-23T18:45:12.521+0000] {connection.py:370} INFO - Snowflake Connector for Python Version: 3.6.0, Python Version: 3.9.18, Platform: Linux-6.10.14-linuxkit-aarch64-with-glibc2.36
[2025-04-23T18:45:12.560+0000] {connection.py:1171} INFO - This connection is in OCSP Fail Open Mode. TLS Certificates would be checked for validity and revocation status. Any other Certificate Revocation related exceptions or OCSP Responder failures would be disregarded in favor of connectivity.
[2025-04-23T18:45:14.270+0000] {mbta_kafka_consumer.py:45} INFO - ✅ Connected to Snowflake successfully.
[2025-04-23T18:45:14.287+0000] {mbta_kafka_consumer.py:220} INFO - 🚀 Starting MBTA Kafka Consumer...
[2025-04-23T18:45:14.418+0000] {conn.py:395} INFO - <BrokerConnection client_id=kafka-python-2.1.5, node_id=bootstrap-0 host=kafka:9092 <connecting> [IPv4 ('172.19.0.4', 9092)]>: connecting to kafka:9092 [('172.19.0.4', 9092) IPv4]
[2025-04-23T18:45:14.604+0000] {conn.py:615} INFO - <BrokerConnection client_id=kafka-python-2.1.5, node_id=bootstrap-0 host=kafka:9092 <checking_api_versions_recv> [IPv4 ('172.19.0.4', 9092)]>: Broker version identified as 2.6
[2025-04-23T18:45:14.608+0000] {conn.py:456} INFO - <BrokerConnection client_id=kafka-python-2.1.5, node_id=bootstrap-0 host=kafka:9092 <connected> [IPv4 ('172.19.0.4', 9092)]>: Connection complete.
[2025-04-23T18:45:14.616+0000] {consumer.py:119} WARNING - group_id is None: disabling auto-commit.
[2025-04-23T18:45:14.617+0000] {subscription_state.py:182} INFO - Updating subscribed topics to: ('mbta_alerts', 'mbta_routes', 'mbta_stops', 'mbta_vehicles', 'mbta_predictions')
[2025-04-23T18:45:14.831+0000] {subscription_state.py:254} INFO - Updated partition assignment: [('mbta_stops', 0), ('mbta_predictions', 0), ('mbta_routes', 0), ('mbta_vehicles', 0), ('mbta_alerts', 0)]
[2025-04-23T18:45:14.887+0000] {conn.py:395} INFO - <BrokerConnection client_id=kafka-python-2.1.5, node_id=1 host=kafka:9092 <connecting> [IPv4 ('172.19.0.4', 9092)]>: connecting to kafka:9092 [('172.19.0.4', 9092) IPv4]
[2025-04-23T18:45:14.914+0000] {conn.py:456} INFO - <BrokerConnection client_id=kafka-python-2.1.5, node_id=1 host=kafka:9092 <connected> [IPv4 ('172.19.0.4', 9092)]>: Connection complete.
[2025-04-23T18:45:14.915+0000] {conn.py:936} INFO - <BrokerConnection client_id=kafka-python-2.1.5, node_id=bootstrap-0 host=kafka:9092 <connected> [IPv4 ('172.19.0.4', 9092)]>: Closing connection. 
[2025-04-23T18:45:45.593+0000] {mbta_kafka_consumer.py:234} INFO - 📥 Received 10 records from topic: mbta_predictions
[2025-04-23T18:45:45.784+0000] {mbta_kafka_consumer.py:56} INFO - 🔍 Sample data for MBTA_PREDICTIONS:
[2025-04-23T18:45:45.795+0000] {mbta_kafka_consumer.py:57} INFO - 
                               PREDICTION_ID  ...                 CREATED_AT
0           prediction-67995089-70079-90-Red  ... 2025-04-23 18:45:45.604882
1  prediction-ADDED-1582321358-70080-130-Red  ... 2025-04-23 18:45:45.605030
2  prediction-ADDED-1582321378-70080-130-Red  ... 2025-04-23 18:45:45.605069
3           prediction-67995093-70079-90-Red  ... 2025-04-23 18:45:45.605364
4          prediction-67995120-70080-130-Red  ... 2025-04-23 18:45:45.605861

[5 rows x 9 columns]
[2025-04-23T18:45:46.631+0000] {cursor.py:1028} INFO - query: [SELECT * FROM MBTA_PREDICTIONS WHERE PREDICTION_ID IN ('prediction-67995089-7007...]
[2025-04-23T18:45:47.236+0000] {cursor.py:1041} INFO - query execution done
[2025-04-23T18:45:47.266+0000] {cursor.py:1205} INFO - Number of results in first chunk: 10
[2025-04-23T18:45:48.305+0000] {mbta_kafka_consumer.py:104} INFO - 🔁 10 new/updated records out of 10 incoming records (some may be duplicate VEHICLE_IDs) for MBTA_PREDICTIONS
[2025-04-23T18:45:48.432+0000] {cursor.py:1028} INFO - query: [MERGE INTO MBTA_PREDICTIONS AS target USING (SELECT 'prediction-67995089-70079-9...]
[2025-04-23T18:45:49.925+0000] {cursor.py:1041} INFO - query execution done
[2025-04-23T18:45:50.040+0000] {cursor.py:1028} INFO - query: [MERGE INTO MBTA_PREDICTIONS AS target USING (SELECT 'prediction-ADDED-1582321358...]
[2025-04-23T18:45:51.134+0000] {cursor.py:1041} INFO - query execution done
[2025-04-23T18:45:51.184+0000] {cursor.py:1028} INFO - query: [MERGE INTO MBTA_PREDICTIONS AS target USING (SELECT 'prediction-ADDED-1582321378...]
[2025-04-23T18:45:52.217+0000] {cursor.py:1041} INFO - query execution done
[2025-04-23T18:45:52.264+0000] {cursor.py:1028} INFO - query: [MERGE INTO MBTA_PREDICTIONS AS target USING (SELECT 'prediction-67995093-70079-9...]
[2025-04-23T18:45:53.259+0000] {cursor.py:1041} INFO - query execution done
[2025-04-23T18:45:53.278+0000] {cursor.py:1028} INFO - query: [MERGE INTO MBTA_PREDICTIONS AS target USING (SELECT 'prediction-67995120-70080-1...]
[2025-04-23T18:45:56.161+0000] {cursor.py:1041} INFO - query execution done
[2025-04-23T18:45:56.170+0000] {cursor.py:1028} INFO - query: [MERGE INTO MBTA_PREDICTIONS AS target USING (SELECT 'prediction-67995097-70079-9...]
[2025-04-23T18:45:59.150+0000] {cursor.py:1041} INFO - query execution done
[2025-04-23T18:45:59.167+0000] {cursor.py:1028} INFO - query: [MERGE INTO MBTA_PREDICTIONS AS target USING (SELECT 'prediction-67995105-70080-1...]
[2025-04-23T18:46:02.003+0000] {cursor.py:1041} INFO - query execution done
[2025-04-23T18:46:02.036+0000] {cursor.py:1028} INFO - query: [MERGE INTO MBTA_PREDICTIONS AS target USING (SELECT 'prediction-67995101-70079-9...]
[2025-04-23T18:46:04.854+0000] {cursor.py:1041} INFO - query execution done
[2025-04-23T18:46:04.865+0000] {cursor.py:1028} INFO - query: [MERGE INTO MBTA_PREDICTIONS AS target USING (SELECT 'prediction-67995130-70080-1...]
[2025-04-23T18:46:07.476+0000] {cursor.py:1041} INFO - query execution done
[2025-04-23T18:46:07.480+0000] {cursor.py:1028} INFO - query: [MERGE INTO MBTA_PREDICTIONS AS target USING (SELECT 'prediction-67995131-70079-9...]
[2025-04-23T18:46:10.776+0000] {cursor.py:1041} INFO - query execution done
[2025-04-23T18:46:10.818+0000] {cursor.py:1028} INFO - query: [COMMIT]
[2025-04-23T18:46:10.982+0000] {cursor.py:1041} INFO - query execution done
[2025-04-23T18:46:10.994+0000] {cursor.py:1205} INFO - Number of results in first chunk: 1
[2025-04-23T18:46:10.995+0000] {mbta_kafka_consumer.py:139} INFO - ✅ Merged 10 new/changed records into Snowflake table: MBTA_PREDICTIONS in 24.51 seconds
[2025-04-23T18:46:11.011+0000] {mbta_kafka_consumer.py:234} INFO - 📥 Received 10 records from topic: mbta_predictions
[2025-04-23T18:46:11.077+0000] {mbta_kafka_consumer.py:56} INFO - 🔍 Sample data for MBTA_PREDICTIONS:
[2025-04-23T18:46:11.079+0000] {mbta_kafka_consumer.py:57} INFO - 
                               PREDICTION_ID  ...                 CREATED_AT
0           prediction-67995089-70079-90-Red  ... 2025-04-23 18:46:11.016509
1  prediction-ADDED-1582321358-70080-130-Red  ... 2025-04-23 18:46:11.016582
2  prediction-ADDED-1582321378-70080-130-Red  ... 2025-04-23 18:46:11.016601
3           prediction-67995093-70079-90-Red  ... 2025-04-23 18:46:11.016608
4          prediction-67995120-70080-130-Red  ... 2025-04-23 18:46:11.016634

[5 rows x 9 columns]
[2025-04-23T18:46:11.135+0000] {cursor.py:1028} INFO - query: [SELECT * FROM MBTA_PREDICTIONS WHERE PREDICTION_ID IN ('prediction-67995089-7007...]
[2025-04-23T18:46:11.338+0000] {cursor.py:1041} INFO - query execution done
[2025-04-23T18:46:11.348+0000] {cursor.py:1205} INFO - Number of results in first chunk: 10
[2025-04-23T18:46:11.418+0000] {mbta_kafka_consumer.py:104} INFO - 🔁 10 new/updated records out of 10 incoming records (some may be duplicate VEHICLE_IDs) for MBTA_PREDICTIONS
[2025-04-23T18:46:11.431+0000] {cursor.py:1028} INFO - query: [MERGE INTO MBTA_PREDICTIONS AS target USING (SELECT 'prediction-67995089-70079-9...]
[2025-04-23T18:46:14.664+0000] {cursor.py:1041} INFO - query execution done
[2025-04-23T18:46:14.668+0000] {cursor.py:1028} INFO - query: [MERGE INTO MBTA_PREDICTIONS AS target USING (SELECT 'prediction-ADDED-1582321358...]
[2025-04-23T18:46:19.262+0000] {cursor.py:1041} INFO - query execution done
[2025-04-23T18:46:19.268+0000] {cursor.py:1028} INFO - query: [MERGE INTO MBTA_PREDICTIONS AS target USING (SELECT 'prediction-ADDED-1582321378...]
[2025-04-23T18:46:23.009+0000] {cursor.py:1041} INFO - query execution done
[2025-04-23T18:46:23.013+0000] {cursor.py:1028} INFO - query: [MERGE INTO MBTA_PREDICTIONS AS target USING (SELECT 'prediction-67995093-70079-9...]
[2025-04-23T18:46:26.677+0000] {cursor.py:1041} INFO - query execution done
[2025-04-23T18:46:26.681+0000] {cursor.py:1028} INFO - query: [MERGE INTO MBTA_PREDICTIONS AS target USING (SELECT 'prediction-67995120-70080-1...]
[2025-04-23T18:46:30.757+0000] {cursor.py:1041} INFO - query execution done
[2025-04-23T18:46:30.761+0000] {cursor.py:1028} INFO - query: [MERGE INTO MBTA_PREDICTIONS AS target USING (SELECT 'prediction-67995097-70079-9...]
[2025-04-23T18:46:34.588+0000] {cursor.py:1041} INFO - query execution done
[2025-04-23T18:46:34.594+0000] {cursor.py:1028} INFO - query: [MERGE INTO MBTA_PREDICTIONS AS target USING (SELECT 'prediction-67995105-70080-1...]
[2025-04-23T18:46:38.666+0000] {cursor.py:1041} INFO - query execution done
[2025-04-23T18:46:38.678+0000] {cursor.py:1028} INFO - query: [MERGE INTO MBTA_PREDICTIONS AS target USING (SELECT 'prediction-67995101-70079-9...]
[2025-04-23T18:46:41.750+0000] {cursor.py:1041} INFO - query execution done
[2025-04-23T18:46:41.761+0000] {cursor.py:1028} INFO - query: [MERGE INTO MBTA_PREDICTIONS AS target USING (SELECT 'prediction-67995130-70080-1...]
[2025-04-23T18:46:45.519+0000] {cursor.py:1041} INFO - query execution done
[2025-04-23T18:46:45.524+0000] {cursor.py:1028} INFO - query: [MERGE INTO MBTA_PREDICTIONS AS target USING (SELECT 'prediction-67995131-70079-9...]
[2025-04-23T18:46:48.741+0000] {cursor.py:1041} INFO - query execution done
[2025-04-23T18:46:48.742+0000] {cursor.py:1028} INFO - query: [COMMIT]
[2025-04-23T18:46:49.066+0000] {cursor.py:1041} INFO - query execution done
[2025-04-23T18:46:49.067+0000] {cursor.py:1205} INFO - Number of results in first chunk: 1
[2025-04-23T18:46:49.068+0000] {mbta_kafka_consumer.py:139} INFO - ✅ Merged 10 new/changed records into Snowflake table: MBTA_PREDICTIONS in 37.93 seconds
[2025-04-23T18:46:49.070+0000] {mbta_kafka_consumer.py:234} INFO - 📥 Received 10 records from topic: mbta_predictions
[2025-04-23T18:46:49.085+0000] {mbta_kafka_consumer.py:56} INFO - 🔍 Sample data for MBTA_PREDICTIONS:
[2025-04-23T18:46:49.085+0000] {mbta_kafka_consumer.py:57} INFO - 
                               PREDICTION_ID  ...                 CREATED_AT
0           prediction-67995089-70079-90-Red  ... 2025-04-23 18:46:49.072663
1  prediction-ADDED-1582321358-70080-130-Red  ... 2025-04-23 18:46:49.072681
2  prediction-ADDED-1582321378-70080-130-Red  ... 2025-04-23 18:46:49.072686
3           prediction-67995093-70079-90-Red  ... 2025-04-23 18:46:49.072688
4          prediction-67995120-70080-130-Red  ... 2025-04-23 18:46:49.072689

[5 rows x 9 columns]
[2025-04-23T18:46:49.099+0000] {cursor.py:1028} INFO - query: [SELECT * FROM MBTA_PREDICTIONS WHERE PREDICTION_ID IN ('prediction-67995089-7007...]
[2025-04-23T18:46:49.315+0000] {cursor.py:1041} INFO - query execution done
[2025-04-23T18:46:49.316+0000] {cursor.py:1205} INFO - Number of results in first chunk: 10
[2025-04-23T18:46:49.325+0000] {mbta_kafka_consumer.py:104} INFO - 🔁 10 new/updated records out of 10 incoming records (some may be duplicate VEHICLE_IDs) for MBTA_PREDICTIONS
[2025-04-23T18:46:49.326+0000] {cursor.py:1028} INFO - query: [MERGE INTO MBTA_PREDICTIONS AS target USING (SELECT 'prediction-67995089-70079-9...]
[2025-04-23T18:46:52.975+0000] {cursor.py:1041} INFO - query execution done
[2025-04-23T18:46:52.977+0000] {cursor.py:1028} INFO - query: [MERGE INTO MBTA_PREDICTIONS AS target USING (SELECT 'prediction-ADDED-1582321358...]
[2025-04-23T18:46:56.953+0000] {cursor.py:1041} INFO - query execution done
[2025-04-23T18:46:56.956+0000] {cursor.py:1028} INFO - query: [MERGE INTO MBTA_PREDICTIONS AS target USING (SELECT 'prediction-ADDED-1582321378...]
[2025-04-23T18:47:00.441+0000] {cursor.py:1041} INFO - query execution done
[2025-04-23T18:47:00.446+0000] {cursor.py:1028} INFO - query: [MERGE INTO MBTA_PREDICTIONS AS target USING (SELECT 'prediction-67995093-70079-9...]
[2025-04-23T18:47:03.833+0000] {cursor.py:1041} INFO - query execution done
[2025-04-23T18:47:03.842+0000] {cursor.py:1028} INFO - query: [MERGE INTO MBTA_PREDICTIONS AS target USING (SELECT 'prediction-67995120-70080-1...]
[2025-04-23T18:47:08.211+0000] {cursor.py:1041} INFO - query execution done
[2025-04-23T18:47:08.214+0000] {cursor.py:1028} INFO - query: [MERGE INTO MBTA_PREDICTIONS AS target USING (SELECT 'prediction-67995097-70079-9...]
[2025-04-23T18:47:12.066+0000] {cursor.py:1041} INFO - query execution done
[2025-04-23T18:47:12.072+0000] {cursor.py:1028} INFO - query: [MERGE INTO MBTA_PREDICTIONS AS target USING (SELECT 'prediction-67995105-70080-1...]
[2025-04-23T18:47:15.653+0000] {cursor.py:1041} INFO - query execution done
[2025-04-23T18:47:15.657+0000] {cursor.py:1028} INFO - query: [MERGE INTO MBTA_PREDICTIONS AS target USING (SELECT 'prediction-67995101-70079-9...]
[2025-04-23T18:47:19.401+0000] {cursor.py:1041} INFO - query execution done
[2025-04-23T18:47:19.406+0000] {cursor.py:1028} INFO - query: [MERGE INTO MBTA_PREDICTIONS AS target USING (SELECT 'prediction-67995130-70080-1...]
[2025-04-23T18:47:23.217+0000] {cursor.py:1041} INFO - query execution done
[2025-04-23T18:47:23.249+0000] {cursor.py:1028} INFO - query: [MERGE INTO MBTA_PREDICTIONS AS target USING (SELECT 'prediction-67995131-70079-9...]
[2025-04-23T18:47:26.610+0000] {cursor.py:1041} INFO - query execution done
[2025-04-23T18:47:26.620+0000] {cursor.py:1028} INFO - query: [COMMIT]
[2025-04-23T18:47:26.769+0000] {cursor.py:1041} INFO - query execution done
[2025-04-23T18:47:26.770+0000] {cursor.py:1205} INFO - Number of results in first chunk: 1
[2025-04-23T18:47:26.771+0000] {mbta_kafka_consumer.py:139} INFO - ✅ Merged 10 new/changed records into Snowflake table: MBTA_PREDICTIONS in 37.67 seconds
[2025-04-23T18:47:26.782+0000] {mbta_kafka_consumer.py:234} INFO - 📥 Received 10 records from topic: mbta_predictions
[2025-04-23T18:47:26.880+0000] {mbta_kafka_consumer.py:56} INFO - 🔍 Sample data for MBTA_PREDICTIONS:
[2025-04-23T18:47:26.883+0000] {mbta_kafka_consumer.py:57} INFO - 
                               PREDICTION_ID  ...                 CREATED_AT
0           prediction-67995089-70079-90-Red  ... 2025-04-23 18:47:26.783565
1  prediction-ADDED-1582321358-70080-130-Red  ... 2025-04-23 18:47:26.783589
2  prediction-ADDED-1582321378-70080-130-Red  ... 2025-04-23 18:47:26.783606
3           prediction-67995093-70079-90-Red  ... 2025-04-23 18:47:26.786978
4          prediction-67995120-70080-130-Red  ... 2025-04-23 18:47:26.786989

[5 rows x 9 columns]
[2025-04-23T18:47:26.937+0000] {cursor.py:1028} INFO - query: [SELECT * FROM MBTA_PREDICTIONS WHERE PREDICTION_ID IN ('prediction-67995089-7007...]
[2025-04-23T18:47:27.223+0000] {cursor.py:1041} INFO - query execution done
[2025-04-23T18:47:27.224+0000] {cursor.py:1205} INFO - Number of results in first chunk: 10
[2025-04-23T18:47:27.247+0000] {mbta_kafka_consumer.py:104} INFO - 🔁 10 new/updated records out of 10 incoming records (some may be duplicate VEHICLE_IDs) for MBTA_PREDICTIONS
[2025-04-23T18:47:27.248+0000] {cursor.py:1028} INFO - query: [MERGE INTO MBTA_PREDICTIONS AS target USING (SELECT 'prediction-67995089-70079-9...]
[2025-04-23T18:47:29.938+0000] {cursor.py:1041} INFO - query execution done
[2025-04-23T18:47:29.943+0000] {cursor.py:1028} INFO - query: [MERGE INTO MBTA_PREDICTIONS AS target USING (SELECT 'prediction-ADDED-1582321358...]
[2025-04-23T18:47:33.291+0000] {cursor.py:1041} INFO - query execution done
[2025-04-23T18:47:33.295+0000] {cursor.py:1028} INFO - query: [MERGE INTO MBTA_PREDICTIONS AS target USING (SELECT 'prediction-ADDED-1582321378...]
[2025-04-23T18:47:36.726+0000] {cursor.py:1041} INFO - query execution done
[2025-04-23T18:47:36.729+0000] {cursor.py:1028} INFO - query: [MERGE INTO MBTA_PREDICTIONS AS target USING (SELECT 'prediction-67995093-70079-9...]
[2025-04-23T18:47:40.143+0000] {cursor.py:1041} INFO - query execution done
[2025-04-23T18:47:40.177+0000] {cursor.py:1028} INFO - query: [MERGE INTO MBTA_PREDICTIONS AS target USING (SELECT 'prediction-67995120-70080-1...]
[2025-04-23T18:47:42.947+0000] {cursor.py:1041} INFO - query execution done
[2025-04-23T18:47:42.956+0000] {cursor.py:1028} INFO - query: [MERGE INTO MBTA_PREDICTIONS AS target USING (SELECT 'prediction-67995097-70079-9...]
[2025-04-23T18:47:46.250+0000] {cursor.py:1041} INFO - query execution done
[2025-04-23T18:47:46.301+0000] {cursor.py:1028} INFO - query: [MERGE INTO MBTA_PREDICTIONS AS target USING (SELECT 'prediction-67995105-70080-1...]
[2025-04-23T18:47:53.492+0000] {cursor.py:1041} INFO - query execution done
[2025-04-23T18:47:54.381+0000] {cursor.py:1028} INFO - query: [MERGE INTO MBTA_PREDICTIONS AS target USING (SELECT 'prediction-67995101-70079-9...]
[2025-04-23T18:47:58.942+0000] {cursor.py:1041} INFO - query execution done
[2025-04-23T18:47:58.956+0000] {cursor.py:1028} INFO - query: [MERGE INTO MBTA_PREDICTIONS AS target USING (SELECT 'prediction-67995130-70080-1...]
[2025-04-23T18:48:03.156+0000] {cursor.py:1041} INFO - query execution done
[2025-04-23T18:48:03.160+0000] {cursor.py:1028} INFO - query: [MERGE INTO MBTA_PREDICTIONS AS target USING (SELECT 'prediction-67995131-70079-9...]
[2025-04-23T18:48:06.945+0000] {cursor.py:1041} INFO - query execution done
[2025-04-23T18:48:06.949+0000] {cursor.py:1028} INFO - query: [COMMIT]
[2025-04-23T18:48:07.090+0000] {cursor.py:1041} INFO - query execution done
[2025-04-23T18:48:07.091+0000] {cursor.py:1205} INFO - Number of results in first chunk: 1
[2025-04-23T18:48:07.092+0000] {mbta_kafka_consumer.py:139} INFO - ✅ Merged 10 new/changed records into Snowflake table: MBTA_PREDICTIONS in 40.16 seconds
[2025-04-23T18:48:07.101+0000] {mbta_kafka_consumer.py:234} INFO - 📥 Received 10 records from topic: mbta_predictions
[2025-04-23T18:48:07.156+0000] {mbta_kafka_consumer.py:56} INFO - 🔍 Sample data for MBTA_PREDICTIONS:
[2025-04-23T18:48:07.157+0000] {mbta_kafka_consumer.py:57} INFO - 
                               PREDICTION_ID  ...                 CREATED_AT
0           prediction-67995089-70079-90-Red  ... 2025-04-23 18:48:07.111491
1  prediction-ADDED-1582321358-70080-130-Red  ... 2025-04-23 18:48:07.112168
2  prediction-ADDED-1582321378-70080-130-Red  ... 2025-04-23 18:48:07.112177
3           prediction-67995093-70079-90-Red  ... 2025-04-23 18:48:07.112809
4          prediction-67995120-70080-130-Red  ... 2025-04-23 18:48:07.112992

[5 rows x 9 columns]
[2025-04-23T18:48:07.181+0000] {cursor.py:1028} INFO - query: [SELECT * FROM MBTA_PREDICTIONS WHERE PREDICTION_ID IN ('prediction-67995089-7007...]
[2025-04-23T18:48:07.402+0000] {cursor.py:1041} INFO - query execution done
[2025-04-23T18:48:07.404+0000] {cursor.py:1205} INFO - Number of results in first chunk: 10
[2025-04-23T18:48:07.429+0000] {mbta_kafka_consumer.py:104} INFO - 🔁 10 new/updated records out of 10 incoming records (some may be duplicate VEHICLE_IDs) for MBTA_PREDICTIONS
[2025-04-23T18:48:07.430+0000] {cursor.py:1028} INFO - query: [MERGE INTO MBTA_PREDICTIONS AS target USING (SELECT 'prediction-67995089-70079-9...]
[2025-04-23T18:48:10.740+0000] {cursor.py:1041} INFO - query execution done
[2025-04-23T18:48:10.743+0000] {cursor.py:1028} INFO - query: [MERGE INTO MBTA_PREDICTIONS AS target USING (SELECT 'prediction-ADDED-1582321358...]
[2025-04-23T18:48:14.290+0000] {cursor.py:1041} INFO - query execution done
[2025-04-23T18:48:14.301+0000] {cursor.py:1028} INFO - query: [MERGE INTO MBTA_PREDICTIONS AS target USING (SELECT 'prediction-ADDED-1582321378...]
[2025-04-23T18:48:18.619+0000] {cursor.py:1041} INFO - query execution done
[2025-04-23T18:48:18.624+0000] {cursor.py:1028} INFO - query: [MERGE INTO MBTA_PREDICTIONS AS target USING (SELECT 'prediction-67995093-70079-9...]
[2025-04-23T18:48:22.265+0000] {cursor.py:1041} INFO - query execution done
[2025-04-23T18:48:22.269+0000] {cursor.py:1028} INFO - query: [MERGE INTO MBTA_PREDICTIONS AS target USING (SELECT 'prediction-67995120-70080-1...]
[2025-04-23T18:48:26.334+0000] {cursor.py:1041} INFO - query execution done
[2025-04-23T18:48:26.346+0000] {cursor.py:1028} INFO - query: [MERGE INTO MBTA_PREDICTIONS AS target USING (SELECT 'prediction-67995097-70079-9...]
[2025-04-23T18:48:30.333+0000] {cursor.py:1041} INFO - query execution done
[2025-04-23T18:48:30.353+0000] {cursor.py:1028} INFO - query: [MERGE INTO MBTA_PREDICTIONS AS target USING (SELECT 'prediction-67995105-70080-1...]
[2025-04-23T18:48:32.620+0000] {cursor.py:1041} INFO - query execution done
[2025-04-23T18:48:32.624+0000] {cursor.py:1028} INFO - query: [MERGE INTO MBTA_PREDICTIONS AS target USING (SELECT 'prediction-67995101-70079-9...]
[2025-04-23T18:48:36.518+0000] {cursor.py:1041} INFO - query execution done
[2025-04-23T18:48:36.526+0000] {cursor.py:1028} INFO - query: [MERGE INTO MBTA_PREDICTIONS AS target USING (SELECT 'prediction-67995130-70080-1...]
[2025-04-23T18:48:39.893+0000] {cursor.py:1041} INFO - query execution done
[2025-04-23T18:48:39.896+0000] {cursor.py:1028} INFO - query: [MERGE INTO MBTA_PREDICTIONS AS target USING (SELECT 'prediction-67995131-70079-9...]
[2025-04-23T18:48:43.940+0000] {cursor.py:1041} INFO - query execution done
[2025-04-23T18:48:43.944+0000] {cursor.py:1028} INFO - query: [COMMIT]
[2025-04-23T18:48:44.118+0000] {cursor.py:1041} INFO - query execution done
[2025-04-23T18:48:44.119+0000] {cursor.py:1205} INFO - Number of results in first chunk: 1
[2025-04-23T18:48:44.119+0000] {mbta_kafka_consumer.py:139} INFO - ✅ Merged 10 new/changed records into Snowflake table: MBTA_PREDICTIONS in 36.94 seconds
[2025-04-23T18:48:44.122+0000] {mbta_kafka_consumer.py:234} INFO - 📥 Received 10 records from topic: mbta_predictions
[2025-04-23T18:48:44.156+0000] {mbta_kafka_consumer.py:56} INFO - 🔍 Sample data for MBTA_PREDICTIONS:
[2025-04-23T18:48:44.157+0000] {mbta_kafka_consumer.py:57} INFO - 
                               PREDICTION_ID  ...                 CREATED_AT
0           prediction-67995089-70079-90-Red  ... 2025-04-23 18:48:44.123347
1  prediction-ADDED-1582321358-70080-130-Red  ... 2025-04-23 18:48:44.123379
2  prediction-ADDED-1582321378-70080-130-Red  ... 2025-04-23 18:48:44.123550
3           prediction-67995093-70079-90-Red  ... 2025-04-23 18:48:44.123554
4          prediction-67995120-70080-130-Red  ... 2025-04-23 18:48:44.123555

[5 rows x 9 columns]
[2025-04-23T18:48:44.183+0000] {cursor.py:1028} INFO - query: [SELECT * FROM MBTA_PREDICTIONS WHERE PREDICTION_ID IN ('prediction-67995089-7007...]
[2025-04-23T18:48:44.416+0000] {cursor.py:1041} INFO - query execution done
[2025-04-23T18:48:44.416+0000] {cursor.py:1205} INFO - Number of results in first chunk: 10
[2025-04-23T18:48:44.454+0000] {mbta_kafka_consumer.py:104} INFO - 🔁 10 new/updated records out of 10 incoming records (some may be duplicate VEHICLE_IDs) for MBTA_PREDICTIONS
[2025-04-23T18:48:44.455+0000] {cursor.py:1028} INFO - query: [MERGE INTO MBTA_PREDICTIONS AS target USING (SELECT 'prediction-67995089-70079-9...]
[2025-04-23T18:48:47.132+0000] {cursor.py:1041} INFO - query execution done
[2025-04-23T18:48:47.135+0000] {cursor.py:1028} INFO - query: [MERGE INTO MBTA_PREDICTIONS AS target USING (SELECT 'prediction-ADDED-1582321358...]
[2025-04-23T18:48:49.979+0000] {cursor.py:1041} INFO - query execution done
[2025-04-23T18:48:49.982+0000] {cursor.py:1028} INFO - query: [MERGE INTO MBTA_PREDICTIONS AS target USING (SELECT 'prediction-ADDED-1582321378...]
[2025-04-23T18:48:53.101+0000] {cursor.py:1041} INFO - query execution done
[2025-04-23T18:48:53.106+0000] {cursor.py:1028} INFO - query: [MERGE INTO MBTA_PREDICTIONS AS target USING (SELECT 'prediction-67995093-70079-9...]
[2025-04-23T18:48:56.143+0000] {cursor.py:1041} INFO - query execution done
[2025-04-23T18:48:56.152+0000] {cursor.py:1028} INFO - query: [MERGE INTO MBTA_PREDICTIONS AS target USING (SELECT 'prediction-67995120-70080-1...]
[2025-04-23T18:48:59.095+0000] {cursor.py:1041} INFO - query execution done
[2025-04-23T18:48:59.099+0000] {cursor.py:1028} INFO - query: [MERGE INTO MBTA_PREDICTIONS AS target USING (SELECT 'prediction-67995097-70079-9...]
[2025-04-23T18:49:02.154+0000] {cursor.py:1041} INFO - query execution done
[2025-04-23T18:49:02.187+0000] {cursor.py:1028} INFO - query: [MERGE INTO MBTA_PREDICTIONS AS target USING (SELECT 'prediction-67995105-70080-1...]
[2025-04-23T18:49:05.480+0000] {cursor.py:1041} INFO - query execution done
[2025-04-23T18:49:05.483+0000] {cursor.py:1028} INFO - query: [MERGE INTO MBTA_PREDICTIONS AS target USING (SELECT 'prediction-67995101-70079-9...]
[2025-04-23T18:49:08.631+0000] {cursor.py:1041} INFO - query execution done
[2025-04-23T18:49:08.638+0000] {cursor.py:1028} INFO - query: [MERGE INTO MBTA_PREDICTIONS AS target USING (SELECT 'prediction-67995130-70080-1...]
[2025-04-23T18:49:12.510+0000] {cursor.py:1041} INFO - query execution done
[2025-04-23T18:49:12.518+0000] {cursor.py:1028} INFO - query: [MERGE INTO MBTA_PREDICTIONS AS target USING (SELECT 'prediction-67995131-70079-9...]
[2025-04-23T18:49:14.953+0000] {cursor.py:1041} INFO - query execution done
[2025-04-23T18:49:14.955+0000] {cursor.py:1028} INFO - query: [COMMIT]
[2025-04-23T18:49:15.100+0000] {cursor.py:1041} INFO - query execution done
[2025-04-23T18:49:15.101+0000] {cursor.py:1205} INFO - Number of results in first chunk: 1
[2025-04-23T18:49:15.105+0000] {mbta_kafka_consumer.py:139} INFO - ✅ Merged 10 new/changed records into Snowflake table: MBTA_PREDICTIONS in 30.92 seconds
[2025-04-23T18:49:15.109+0000] {mbta_kafka_consumer.py:234} INFO - 📥 Received 10 records from topic: mbta_predictions
[2025-04-23T18:49:15.138+0000] {mbta_kafka_consumer.py:56} INFO - 🔍 Sample data for MBTA_PREDICTIONS:
[2025-04-23T18:49:15.140+0000] {mbta_kafka_consumer.py:57} INFO - 
                               PREDICTION_ID  ...                 CREATED_AT
0           prediction-67995089-70079-90-Red  ... 2025-04-23 18:49:15.111416
1  prediction-ADDED-1582321358-70080-130-Red  ... 2025-04-23 18:49:15.111430
2  prediction-ADDED-1582321378-70080-130-Red  ... 2025-04-23 18:49:15.111697
3           prediction-67995093-70079-90-Red  ... 2025-04-23 18:49:15.111700
4          prediction-67995120-70080-130-Red  ... 2025-04-23 18:49:15.111701

[5 rows x 9 columns]
[2025-04-23T18:49:15.184+0000] {cursor.py:1028} INFO - query: [SELECT * FROM MBTA_PREDICTIONS WHERE PREDICTION_ID IN ('prediction-67995089-7007...]
[2025-04-23T18:49:15.421+0000] {cursor.py:1041} INFO - query execution done
[2025-04-23T18:49:15.425+0000] {cursor.py:1205} INFO - Number of results in first chunk: 10
[2025-04-23T18:49:15.457+0000] {mbta_kafka_consumer.py:104} INFO - 🔁 10 new/updated records out of 10 incoming records (some may be duplicate VEHICLE_IDs) for MBTA_PREDICTIONS
[2025-04-23T18:49:15.459+0000] {cursor.py:1028} INFO - query: [MERGE INTO MBTA_PREDICTIONS AS target USING (SELECT 'prediction-67995089-70079-9...]
[2025-04-23T18:49:18.568+0000] {cursor.py:1041} INFO - query execution done
[2025-04-23T18:49:18.575+0000] {cursor.py:1028} INFO - query: [MERGE INTO MBTA_PREDICTIONS AS target USING (SELECT 'prediction-ADDED-1582321358...]
[2025-04-23T18:49:22.614+0000] {cursor.py:1041} INFO - query execution done
[2025-04-23T18:49:22.620+0000] {cursor.py:1028} INFO - query: [MERGE INTO MBTA_PREDICTIONS AS target USING (SELECT 'prediction-ADDED-1582321378...]
[2025-04-23T18:49:26.077+0000] {cursor.py:1041} INFO - query execution done
[2025-04-23T18:49:26.082+0000] {cursor.py:1028} INFO - query: [MERGE INTO MBTA_PREDICTIONS AS target USING (SELECT 'prediction-67995093-70079-9...]
[2025-04-23T18:49:29.760+0000] {cursor.py:1041} INFO - query execution done
[2025-04-23T18:49:29.766+0000] {cursor.py:1028} INFO - query: [MERGE INTO MBTA_PREDICTIONS AS target USING (SELECT 'prediction-67995120-70080-1...]
[2025-04-23T18:49:34.970+0000] {cursor.py:1041} INFO - query execution done
[2025-04-23T18:49:34.978+0000] {cursor.py:1028} INFO - query: [MERGE INTO MBTA_PREDICTIONS AS target USING (SELECT 'prediction-67995097-70079-9...]
[2025-04-23T18:49:36.382+0000] {cursor.py:1041} INFO - query execution done
[2025-04-23T18:49:36.385+0000] {cursor.py:1028} INFO - query: [MERGE INTO MBTA_PREDICTIONS AS target USING (SELECT 'prediction-67995105-70080-1...]
[2025-04-23T18:49:39.621+0000] {cursor.py:1041} INFO - query execution done
[2025-04-23T18:49:39.625+0000] {cursor.py:1028} INFO - query: [MERGE INTO MBTA_PREDICTIONS AS target USING (SELECT 'prediction-67995101-70079-9...]
[2025-04-23T18:49:42.604+0000] {cursor.py:1041} INFO - query execution done
[2025-04-23T18:49:42.607+0000] {cursor.py:1028} INFO - query: [MERGE INTO MBTA_PREDICTIONS AS target USING (SELECT 'prediction-67995130-70080-1...]
[2025-04-23T18:49:46.145+0000] {cursor.py:1041} INFO - query execution done
[2025-04-23T18:49:46.160+0000] {cursor.py:1028} INFO - query: [MERGE INTO MBTA_PREDICTIONS AS target USING (SELECT 'prediction-67995131-70079-9...]
[2025-04-23T18:49:49.674+0000] {cursor.py:1041} INFO - query execution done
[2025-04-23T18:49:49.683+0000] {cursor.py:1028} INFO - query: [COMMIT]
[2025-04-23T18:49:49.825+0000] {cursor.py:1041} INFO - query execution done
[2025-04-23T18:49:49.828+0000] {cursor.py:1205} INFO - Number of results in first chunk: 1
[2025-04-23T18:49:49.829+0000] {mbta_kafka_consumer.py:139} INFO - ✅ Merged 10 new/changed records into Snowflake table: MBTA_PREDICTIONS in 34.65 seconds
[2025-04-23T18:49:49.834+0000] {mbta_kafka_consumer.py:234} INFO - 📥 Received 10 records from topic: mbta_predictions
[2025-04-23T18:49:49.893+0000] {mbta_kafka_consumer.py:56} INFO - 🔍 Sample data for MBTA_PREDICTIONS:
[2025-04-23T18:49:49.896+0000] {mbta_kafka_consumer.py:57} INFO - 
                               PREDICTION_ID  ...                 CREATED_AT
0           prediction-67995089-70079-90-Red  ... 2025-04-23 18:49:49.835083
1  prediction-ADDED-1582321358-70080-130-Red  ... 2025-04-23 18:49:49.835112
2  prediction-ADDED-1582321378-70080-130-Red  ... 2025-04-23 18:49:49.835116
3           prediction-67995093-70079-90-Red  ... 2025-04-23 18:49:49.835120
4          prediction-67995120-70080-130-Red  ... 2025-04-23 18:49:49.835368

[5 rows x 9 columns]
[2025-04-23T18:49:49.935+0000] {cursor.py:1028} INFO - query: [SELECT * FROM MBTA_PREDICTIONS WHERE PREDICTION_ID IN ('prediction-67995089-7007...]
[2025-04-23T18:49:50.208+0000] {cursor.py:1041} INFO - query execution done
[2025-04-23T18:49:50.211+0000] {cursor.py:1205} INFO - Number of results in first chunk: 10
[2025-04-23T18:49:50.316+0000] {mbta_kafka_consumer.py:104} INFO - 🔁 10 new/updated records out of 10 incoming records (some may be duplicate VEHICLE_IDs) for MBTA_PREDICTIONS
[2025-04-23T18:49:50.318+0000] {cursor.py:1028} INFO - query: [MERGE INTO MBTA_PREDICTIONS AS target USING (SELECT 'prediction-67995089-70079-9...]
[2025-04-23T18:49:52.778+0000] {cursor.py:1041} INFO - query execution done
[2025-04-23T18:49:52.783+0000] {cursor.py:1028} INFO - query: [MERGE INTO MBTA_PREDICTIONS AS target USING (SELECT 'prediction-ADDED-1582321358...]
[2025-04-23T18:49:55.942+0000] {cursor.py:1041} INFO - query execution done
[2025-04-23T18:49:55.950+0000] {cursor.py:1028} INFO - query: [MERGE INTO MBTA_PREDICTIONS AS target USING (SELECT 'prediction-ADDED-1582321378...]
[2025-04-23T18:49:58.829+0000] {cursor.py:1041} INFO - query execution done
[2025-04-23T18:49:58.833+0000] {cursor.py:1028} INFO - query: [MERGE INTO MBTA_PREDICTIONS AS target USING (SELECT 'prediction-67995093-70079-9...]
[2025-04-23T18:50:01.923+0000] {cursor.py:1041} INFO - query execution done
[2025-04-23T18:50:01.946+0000] {cursor.py:1028} INFO - query: [MERGE INTO MBTA_PREDICTIONS AS target USING (SELECT 'prediction-67995120-70080-1...]
[2025-04-23T18:50:04.471+0000] {cursor.py:1041} INFO - query execution done
[2025-04-23T18:50:04.485+0000] {cursor.py:1028} INFO - query: [MERGE INTO MBTA_PREDICTIONS AS target USING (SELECT 'prediction-67995097-70079-9...]
[2025-04-23T18:50:10.007+0000] {cursor.py:1041} INFO - query execution done
[2025-04-23T18:50:13.402+0000] {cursor.py:1028} INFO - query: [MERGE INTO MBTA_PREDICTIONS AS target USING (SELECT 'prediction-67995105-70080-1...]
[2025-04-23T18:50:21.449+0000] {cursor.py:1041} INFO - query execution done
[2025-04-23T18:50:21.933+0000] {cursor.py:1028} INFO - query: [MERGE INTO MBTA_PREDICTIONS AS target USING (SELECT 'prediction-67995101-70079-9...]
[2025-04-23T18:50:27.997+0000] {cursor.py:1041} INFO - query execution done
[2025-04-23T18:50:28.118+0000] {cursor.py:1028} INFO - query: [MERGE INTO MBTA_PREDICTIONS AS target USING (SELECT 'prediction-67995130-70080-1...]
[2025-04-23T18:50:31.243+0000] {cursor.py:1041} INFO - query execution done
[2025-04-23T18:50:31.615+0000] {cursor.py:1028} INFO - query: [MERGE INTO MBTA_PREDICTIONS AS target USING (SELECT 'prediction-67995131-70079-9...]
[2025-04-23T18:50:37.127+0000] {cursor.py:1041} INFO - query execution done
[2025-04-23T18:50:37.950+0000] {cursor.py:1028} INFO - query: [COMMIT]
[2025-04-23T18:50:46.624+0000] {cursor.py:1041} INFO - query execution done
[2025-04-23T18:50:46.706+0000] {cursor.py:1205} INFO - Number of results in first chunk: 1
[2025-04-23T18:50:46.708+0000] {mbta_kafka_consumer.py:139} INFO - ✅ Merged 10 new/changed records into Snowflake table: MBTA_PREDICTIONS in 56.78 seconds
[2025-04-23T18:50:46.719+0000] {mbta_kafka_consumer.py:234} INFO - 📥 Received 10 records from topic: mbta_predictions
[2025-04-23T18:50:46.814+0000] {mbta_kafka_consumer.py:56} INFO - 🔍 Sample data for MBTA_PREDICTIONS:
[2025-04-23T18:50:46.820+0000] {mbta_kafka_consumer.py:57} INFO - 
                               PREDICTION_ID  ...                 CREATED_AT
0           prediction-67995089-70079-90-Red  ... 2025-04-23 18:50:46.729466
1  prediction-ADDED-1582321358-70080-130-Red  ... 2025-04-23 18:50:46.729508
2  prediction-ADDED-1582321378-70080-130-Red  ... 2025-04-23 18:50:46.729509
3           prediction-67995093-70079-90-Red  ... 2025-04-23 18:50:46.729564
4          prediction-67995120-70080-130-Red  ... 2025-04-23 18:50:46.729588

[5 rows x 9 columns]
[2025-04-23T18:50:46.971+0000] {cursor.py:1028} INFO - query: [SELECT * FROM MBTA_PREDICTIONS WHERE PREDICTION_ID IN ('prediction-67995089-7007...]
[2025-04-23T18:50:47.189+0000] {cursor.py:1041} INFO - query execution done
[2025-04-23T18:50:47.200+0000] {cursor.py:1205} INFO - Number of results in first chunk: 10
[2025-04-23T18:50:47.235+0000] {mbta_kafka_consumer.py:104} INFO - 🔁 10 new/updated records out of 10 incoming records (some may be duplicate VEHICLE_IDs) for MBTA_PREDICTIONS
[2025-04-23T18:50:47.236+0000] {cursor.py:1028} INFO - query: [MERGE INTO MBTA_PREDICTIONS AS target USING (SELECT 'prediction-67995089-70079-9...]
[2025-04-23T18:50:49.391+0000] {cursor.py:1041} INFO - query execution done
[2025-04-23T18:50:49.399+0000] {cursor.py:1028} INFO - query: [MERGE INTO MBTA_PREDICTIONS AS target USING (SELECT 'prediction-ADDED-1582321358...]
[2025-04-23T18:50:53.892+0000] {cursor.py:1041} INFO - query execution done
[2025-04-23T18:50:53.907+0000] {cursor.py:1028} INFO - query: [MERGE INTO MBTA_PREDICTIONS AS target USING (SELECT 'prediction-ADDED-1582321378...]
[2025-04-23T18:50:57.040+0000] {cursor.py:1041} INFO - query execution done
[2025-04-23T18:50:57.046+0000] {cursor.py:1028} INFO - query: [MERGE INTO MBTA_PREDICTIONS AS target USING (SELECT 'prediction-67995093-70079-9...]
[2025-04-23T18:51:00.758+0000] {cursor.py:1041} INFO - query execution done
[2025-04-23T18:51:00.764+0000] {cursor.py:1028} INFO - query: [MERGE INTO MBTA_PREDICTIONS AS target USING (SELECT 'prediction-67995120-70080-1...]
[2025-04-23T18:51:03.927+0000] {cursor.py:1041} INFO - query execution done
[2025-04-23T18:51:03.934+0000] {cursor.py:1028} INFO - query: [MERGE INTO MBTA_PREDICTIONS AS target USING (SELECT 'prediction-67995097-70079-9...]
[2025-04-23T18:51:07.453+0000] {cursor.py:1041} INFO - query execution done
[2025-04-23T18:51:07.462+0000] {cursor.py:1028} INFO - query: [MERGE INTO MBTA_PREDICTIONS AS target USING (SELECT 'prediction-67995105-70080-1...]
[2025-04-23T18:51:11.872+0000] {cursor.py:1041} INFO - query execution done
[2025-04-23T18:51:11.876+0000] {cursor.py:1028} INFO - query: [MERGE INTO MBTA_PREDICTIONS AS target USING (SELECT 'prediction-67995101-70079-9...]
[2025-04-23T18:51:30.610+0000] {cursor.py:1041} INFO - query execution done
[2025-04-23T18:51:30.619+0000] {cursor.py:1028} INFO - query: [MERGE INTO MBTA_PREDICTIONS AS target USING (SELECT 'prediction-67995130-70080-1...]
[2025-04-23T18:51:32.325+0000] {cursor.py:1041} INFO - query execution done
[2025-04-23T18:51:32.328+0000] {cursor.py:1028} INFO - query: [MERGE INTO MBTA_PREDICTIONS AS target USING (SELECT 'prediction-67995131-70079-9...]
[2025-04-23T18:51:35.302+0000] {cursor.py:1041} INFO - query execution done
[2025-04-23T18:51:35.305+0000] {cursor.py:1028} INFO - query: [COMMIT]
[2025-04-23T18:51:35.460+0000] {cursor.py:1041} INFO - query execution done
[2025-04-23T18:51:35.461+0000] {cursor.py:1205} INFO - Number of results in first chunk: 1
[2025-04-23T18:51:35.461+0000] {mbta_kafka_consumer.py:139} INFO - ✅ Merged 10 new/changed records into Snowflake table: MBTA_PREDICTIONS in 48.49 seconds
[2025-04-23T18:51:35.466+0000] {mbta_kafka_consumer.py:234} INFO - 📥 Received 10 records from topic: mbta_predictions
[2025-04-23T18:51:35.521+0000] {mbta_kafka_consumer.py:56} INFO - 🔍 Sample data for MBTA_PREDICTIONS:
[2025-04-23T18:51:35.522+0000] {mbta_kafka_consumer.py:57} INFO - 
                               PREDICTION_ID  ...                 CREATED_AT
0           prediction-67995089-70079-90-Red  ... 2025-04-23 18:51:35.471807
1  prediction-ADDED-1582321358-70080-130-Red  ... 2025-04-23 18:51:35.473912
2  prediction-ADDED-1582321378-70080-130-Red  ... 2025-04-23 18:51:35.473935
3           prediction-67995093-70079-90-Red  ... 2025-04-23 18:51:35.473937
4          prediction-67995120-70080-130-Red  ... 2025-04-23 18:51:35.473939

[5 rows x 9 columns]
[2025-04-23T18:51:35.539+0000] {cursor.py:1028} INFO - query: [SELECT * FROM MBTA_PREDICTIONS WHERE PREDICTION_ID IN ('prediction-67995089-7007...]
[2025-04-23T18:51:35.713+0000] {cursor.py:1041} INFO - query execution done
[2025-04-23T18:51:35.714+0000] {cursor.py:1205} INFO - Number of results in first chunk: 10
[2025-04-23T18:51:35.727+0000] {mbta_kafka_consumer.py:104} INFO - 🔁 10 new/updated records out of 10 incoming records (some may be duplicate VEHICLE_IDs) for MBTA_PREDICTIONS
[2025-04-23T18:51:35.728+0000] {cursor.py:1028} INFO - query: [MERGE INTO MBTA_PREDICTIONS AS target USING (SELECT 'prediction-67995089-70079-9...]
[2025-04-23T18:51:39.263+0000] {cursor.py:1041} INFO - query execution done
[2025-04-23T18:51:39.272+0000] {cursor.py:1028} INFO - query: [MERGE INTO MBTA_PREDICTIONS AS target USING (SELECT 'prediction-ADDED-1582321358...]
[2025-04-23T19:09:19.471+0000] {cursor.py:1041} INFO - query execution done
[2025-04-23T19:09:19.482+0000] {cursor.py:1028} INFO - query: [MERGE INTO MBTA_PREDICTIONS AS target USING (SELECT 'prediction-ADDED-1582321378...]
[2025-04-23T19:09:23.271+0000] {cursor.py:1041} INFO - query execution done
[2025-04-23T19:09:23.389+0000] {cursor.py:1028} INFO - query: [MERGE INTO MBTA_PREDICTIONS AS target USING (SELECT 'prediction-67995093-70079-9...]
[2025-04-23T19:09:25.433+0000] {cursor.py:1041} INFO - query execution done
[2025-04-23T19:09:25.454+0000] {cursor.py:1028} INFO - query: [MERGE INTO MBTA_PREDICTIONS AS target USING (SELECT 'prediction-67995120-70080-1...]
[2025-04-23T19:09:27.309+0000] {cursor.py:1041} INFO - query execution done
[2025-04-23T19:09:27.329+0000] {cursor.py:1028} INFO - query: [MERGE INTO MBTA_PREDICTIONS AS target USING (SELECT 'prediction-67995097-70079-9...]
[2025-04-23T19:09:30.766+0000] {cursor.py:1041} INFO - query execution done
[2025-04-23T19:09:30.810+0000] {cursor.py:1028} INFO - query: [MERGE INTO MBTA_PREDICTIONS AS target USING (SELECT 'prediction-67995105-70080-1...]
[2025-04-23T19:09:33.015+0000] {cursor.py:1041} INFO - query execution done
[2025-04-23T19:09:33.026+0000] {cursor.py:1028} INFO - query: [MERGE INTO MBTA_PREDICTIONS AS target USING (SELECT 'prediction-67995101-70079-9...]
[2025-04-23T19:27:37.268+0000] {local_task_job_runner.py:302} WARNING - State of this instance has been externally set to failed. Terminating instance.
[2025-04-23T19:27:38.387+0000] {process_utils.py:131} INFO - Sending 15 to group 224. PIDs of all processes in the group: [224]
[2025-04-23T19:27:38.411+0000] {process_utils.py:86} INFO - Sending the signal 15 to group 224
[2025-04-23T19:27:38.497+0000] {taskinstance.py:2450} ERROR - Received SIGTERM. Terminating subprocesses.
[2025-04-23T19:27:38.654+0000] {mbta_kafka_consumer.py:213} ERROR - ❌ Error processing topic mbta_predictions: Task received SIGTERM signal
[2025-04-23T19:27:38.718+0000] {mbta_kafka_consumer.py:234} INFO - 📥 Received 10 records from topic: mbta_predictions
[2025-04-23T19:27:40.005+0000] {mbta_kafka_consumer.py:56} INFO - 🔍 Sample data for MBTA_PREDICTIONS:
[2025-04-23T19:27:40.133+0000] {mbta_kafka_consumer.py:57} INFO - 
                               PREDICTION_ID  ...                 CREATED_AT
0           prediction-67995089-70079-90-Red  ... 2025-04-23 19:27:38.754760
1  prediction-ADDED-1582321358-70080-130-Red  ... 2025-04-23 19:27:38.755064
2  prediction-ADDED-1582321378-70080-130-Red  ... 2025-04-23 19:27:38.755075
3           prediction-67995093-70079-90-Red  ... 2025-04-23 19:27:38.755081
4          prediction-67995120-70080-130-Red  ... 2025-04-23 19:27:38.755089

[5 rows x 9 columns]
[2025-04-23T19:27:41.617+0000] {cursor.py:1028} INFO - query: [SELECT * FROM MBTA_PREDICTIONS WHERE PREDICTION_ID IN ('prediction-67995089-7007...]
[2025-04-23T19:27:43.564+0000] {cursor.py:1041} INFO - query execution done
[2025-04-23T19:27:43.578+0000] {cursor.py:1205} INFO - Number of results in first chunk: 10
[2025-04-23T19:27:44.130+0000] {mbta_kafka_consumer.py:104} INFO - 🔁 10 new/updated records out of 10 incoming records (some may be duplicate VEHICLE_IDs) for MBTA_PREDICTIONS
[2025-04-23T19:27:44.147+0000] {cursor.py:1028} INFO - query: [MERGE INTO MBTA_PREDICTIONS AS target USING (SELECT 'prediction-67995089-70079-9...]
[2025-04-23T19:27:48.652+0000] {cursor.py:1041} INFO - query execution done
[2025-04-23T19:27:48.705+0000] {cursor.py:1028} INFO - query: [MERGE INTO MBTA_PREDICTIONS AS target USING (SELECT 'prediction-ADDED-1582321358...]
[2025-04-23T19:27:50.728+0000] {cursor.py:1041} INFO - query execution done
[2025-04-23T19:27:50.755+0000] {cursor.py:1028} INFO - query: [MERGE INTO MBTA_PREDICTIONS AS target USING (SELECT 'prediction-ADDED-1582321378...]
[2025-04-23T19:27:53.218+0000] {cursor.py:1041} INFO - query execution done
[2025-04-23T19:27:53.268+0000] {cursor.py:1028} INFO - query: [MERGE INTO MBTA_PREDICTIONS AS target USING (SELECT 'prediction-67995093-70079-9...]
[2025-04-23T19:27:55.236+0000] {cursor.py:1041} INFO - query execution done
[2025-04-23T19:27:55.297+0000] {cursor.py:1028} INFO - query: [MERGE INTO MBTA_PREDICTIONS AS target USING (SELECT 'prediction-67995120-70080-1...]
[2025-04-23T20:31:33.659+0000] {cursor.py:1041} INFO - query execution done
[2025-04-23T20:31:33.936+0000] {cursor.py:1028} INFO - query: [MERGE INTO MBTA_PREDICTIONS AS target USING (SELECT 'prediction-67995097-70079-9...]
[2025-04-23T20:31:33.947+0000] {process_utils.py:149} WARNING - process psutil.Process(pid=224, name='airflow task ru', status='running', started='18:45:07') did not respond to SIGTERM. Trying SIGKILL
[2025-04-23T20:31:34.488+0000] {process_utils.py:86} INFO - Sending the signal 9 to group 224
[2025-04-23T20:31:34.941+0000] {process_utils.py:79} INFO - Process psutil.Process(pid=224, name='airflow task ru', status='terminated', exitcode=<Negsignal.SIGKILL: -9>, started='18:45:07') (224) terminated with exit code -9
[2025-04-23T20:31:35.008+0000] {standard_task_runner.py:175} ERROR - Job 511 was killed before it finished (likely due to running out of memory)
