[2025-04-23T18:21:32.444+0000] {taskinstance.py:1956} INFO - Dependencies all met for dep_context=non-requeueable deps ti=<TaskInstance: mbta_ingestion_dag.load_to_snowflake scheduled__2025-04-23T04:05:00+00:00 [queued]>
[2025-04-23T18:21:32.591+0000] {taskinstance.py:1956} INFO - Dependencies all met for dep_context=requeueable deps ti=<TaskInstance: mbta_ingestion_dag.load_to_snowflake scheduled__2025-04-23T04:05:00+00:00 [queued]>
[2025-04-23T18:21:32.595+0000] {taskinstance.py:2170} INFO - Starting attempt 2 of 2
[2025-04-23T18:21:32.640+0000] {taskinstance.py:2191} INFO - Executing <Task(PythonOperator): load_to_snowflake> on 2025-04-23 04:05:00+00:00
[2025-04-23T18:21:32.755+0000] {standard_task_runner.py:60} INFO - Started process 234 to run task
[2025-04-23T18:21:32.784+0000] {standard_task_runner.py:87} INFO - Running: ['***', 'tasks', 'run', 'mbta_ingestion_dag', 'load_to_snowflake', 'scheduled__2025-04-23T04:05:00+00:00', '--job-id', '485', '--raw', '--subdir', 'DAGS_FOLDER/mbta_ingestion_dag.py', '--cfg-path', '/tmp/tmpyof6uz0b']
[2025-04-23T18:21:32.797+0000] {standard_task_runner.py:88} INFO - Job 485: Subtask load_to_snowflake
[2025-04-23T18:21:33.353+0000] {task_command.py:423} INFO - Running <TaskInstance: mbta_ingestion_dag.load_to_snowflake scheduled__2025-04-23T04:05:00+00:00 [running]> on host 867e51213d1f
[2025-04-23T18:21:33.846+0000] {taskinstance.py:2480} INFO - Exporting env vars: AIRFLOW_CTX_DAG_OWNER='***' AIRFLOW_CTX_DAG_ID='mbta_ingestion_dag' AIRFLOW_CTX_TASK_ID='load_to_snowflake' AIRFLOW_CTX_EXECUTION_DATE='2025-04-23T04:05:00+00:00' AIRFLOW_CTX_TRY_NUMBER='2' AIRFLOW_CTX_DAG_RUN_ID='scheduled__2025-04-23T04:05:00+00:00'
[2025-04-23T18:21:33.851+0000] {mbta_ingestion_dag.py:35} INFO - 🚀 Launching Kafka consumer to process and load data into Snowflake...
[2025-04-23T18:21:33.852+0000] {connection.py:370} INFO - Snowflake Connector for Python Version: 3.6.0, Python Version: 3.9.18, Platform: Linux-6.10.14-linuxkit-aarch64-with-glibc2.36
[2025-04-23T18:21:33.854+0000] {connection.py:1171} INFO - This connection is in OCSP Fail Open Mode. TLS Certificates would be checked for validity and revocation status. Any other Certificate Revocation related exceptions or OCSP Responder failures would be disregarded in favor of connectivity.
[2025-04-23T18:21:34.611+0000] {mbta_kafka_consumer.py:45} INFO - ✅ Connected to Snowflake successfully.
[2025-04-23T18:21:34.612+0000] {mbta_kafka_consumer.py:220} INFO - 🚀 Starting MBTA Kafka Consumer...
[2025-04-23T18:21:34.622+0000] {conn.py:395} INFO - <BrokerConnection client_id=kafka-python-2.1.5, node_id=bootstrap-0 host=kafka:9092 <connecting> [IPv4 ('172.18.0.3', 9092)]>: connecting to kafka:9092 [('172.18.0.3', 9092) IPv4]
[2025-04-23T18:21:34.640+0000] {conn.py:615} INFO - <BrokerConnection client_id=kafka-python-2.1.5, node_id=bootstrap-0 host=kafka:9092 <checking_api_versions_recv> [IPv4 ('172.18.0.3', 9092)]>: Broker version identified as 2.6
[2025-04-23T18:21:34.641+0000] {conn.py:456} INFO - <BrokerConnection client_id=kafka-python-2.1.5, node_id=bootstrap-0 host=kafka:9092 <connected> [IPv4 ('172.18.0.3', 9092)]>: Connection complete.
[2025-04-23T18:21:34.647+0000] {consumer.py:119} WARNING - group_id is None: disabling auto-commit.
[2025-04-23T18:21:34.650+0000] {subscription_state.py:182} INFO - Updating subscribed topics to: ('mbta_alerts', 'mbta_routes', 'mbta_stops', 'mbta_vehicles', 'mbta_predictions')
[2025-04-23T18:21:34.655+0000] {subscription_state.py:254} INFO - Updated partition assignment: [('mbta_predictions', 0), ('mbta_vehicles', 0), ('mbta_routes', 0), ('mbta_alerts', 0), ('mbta_stops', 0)]
[2025-04-23T18:21:34.656+0000] {conn.py:395} INFO - <BrokerConnection client_id=kafka-python-2.1.5, node_id=1 host=kafka:9092 <connecting> [IPv4 ('172.18.0.3', 9092)]>: connecting to kafka:9092 [('172.18.0.3', 9092) IPv4]
[2025-04-23T18:21:34.657+0000] {conn.py:456} INFO - <BrokerConnection client_id=kafka-python-2.1.5, node_id=1 host=kafka:9092 <connected> [IPv4 ('172.18.0.3', 9092)]>: Connection complete.
[2025-04-23T18:21:34.657+0000] {conn.py:936} INFO - <BrokerConnection client_id=kafka-python-2.1.5, node_id=bootstrap-0 host=kafka:9092 <connected> [IPv4 ('172.18.0.3', 9092)]>: Closing connection. 
[2025-04-23T18:21:46.433+0000] {mbta_kafka_consumer.py:234} INFO - 📥 Received 1000 records from topic: mbta_stops
[2025-04-23T18:21:46.523+0000] {mbta_kafka_consumer.py:56} INFO - 🔍 Sample data for MBTA_STOPS:
[2025-04-23T18:21:46.524+0000] {mbta_kafka_consumer.py:57} INFO - 
          STOP_ID  ...                 CREATED_AT
0            5682  ... 2025-04-23 18:21:46.439366
1           50620  ... 2025-04-23 18:21:46.439502
2  node-417-lobby  ... 2025-04-23 18:21:46.439674
3            4042  ... 2025-04-23 18:21:46.439691
4          109822  ... 2025-04-23 18:21:46.439701

[5 rows x 5 columns]
[2025-04-23T18:21:46.637+0000] {cursor.py:1028} INFO - query: [SELECT * FROM MBTA_STOPS WHERE STOP_ID IN ('5682','50620','node-417-lobby','4042...]
[2025-04-23T18:21:46.901+0000] {cursor.py:1041} INFO - query execution done
[2025-04-23T18:21:46.904+0000] {cursor.py:1205} INFO - Number of results in first chunk: 0
[2025-04-23T18:21:48.442+0000] {mbta_kafka_consumer.py:104} INFO - 🔁 0 new/updated records out of 1000 incoming records (some may be duplicate VEHICLE_IDs) for MBTA_STOPS
[2025-04-23T18:21:48.443+0000] {mbta_kafka_consumer.py:107} INFO - ✅ All 1000 records already up-to-date in MBTA_STOPS, no merge needed.
[2025-04-23T18:21:48.445+0000] {mbta_kafka_consumer.py:234} INFO - 📥 Received 178 records from topic: mbta_routes
[2025-04-23T18:21:48.454+0000] {mbta_kafka_consumer.py:56} INFO - 🔍 Sample data for MBTA_ROUTES:
[2025-04-23T18:21:48.455+0000] {mbta_kafka_consumer.py:57} INFO - 
   ROUTE_ID        ROUTE_NAME  ...  ROUTE_COLOR                 CREATED_AT
0       Red          Red Line  ...       DA291C 2025-04-23 18:21:48.445400
1  Mattapan  Mattapan Trolley  ...       DA291C 2025-04-23 18:21:48.445414
2    Orange       Orange Line  ...       ED8B00 2025-04-23 18:21:48.445415
3   Green-B      Green Line B  ...       00843D 2025-04-23 18:21:48.445420
4   Green-C      Green Line C  ...       00843D 2025-04-23 18:21:48.445426

[5 rows x 5 columns]
[2025-04-23T18:21:48.463+0000] {cursor.py:1028} INFO - query: [SELECT * FROM MBTA_ROUTES WHERE ROUTE_ID IN ('Red','Mattapan','Orange','Green-B'...]
[2025-04-23T18:21:48.656+0000] {cursor.py:1041} INFO - query execution done
[2025-04-23T18:21:48.658+0000] {cursor.py:1205} INFO - Number of results in first chunk: 0
[2025-04-23T18:21:49.042+0000] {mbta_kafka_consumer.py:104} INFO - 🔁 0 new/updated records out of 178 incoming records (some may be duplicate VEHICLE_IDs) for MBTA_ROUTES
[2025-04-23T18:21:49.043+0000] {mbta_kafka_consumer.py:107} INFO - ✅ All 178 records already up-to-date in MBTA_ROUTES, no merge needed.
[2025-04-23T18:21:49.044+0000] {mbta_kafka_consumer.py:234} INFO - 📥 Received 178 records from topic: mbta_routes
[2025-04-23T18:21:49.051+0000] {mbta_kafka_consumer.py:56} INFO - 🔍 Sample data for MBTA_ROUTES:
[2025-04-23T18:21:49.052+0000] {mbta_kafka_consumer.py:57} INFO - 
   ROUTE_ID        ROUTE_NAME  ...  ROUTE_COLOR                 CREATED_AT
0       Red          Red Line  ...       DA291C 2025-04-23 18:21:49.044753
1  Mattapan  Mattapan Trolley  ...       DA291C 2025-04-23 18:21:49.044756
2    Orange       Orange Line  ...       ED8B00 2025-04-23 18:21:49.044761
3   Green-B      Green Line B  ...       00843D 2025-04-23 18:21:49.044762
4   Green-C      Green Line C  ...       00843D 2025-04-23 18:21:49.044770

[5 rows x 5 columns]
[2025-04-23T18:21:49.061+0000] {cursor.py:1028} INFO - query: [SELECT * FROM MBTA_ROUTES WHERE ROUTE_ID IN ('Red','Mattapan','Orange','Green-B'...]
[2025-04-23T18:21:49.260+0000] {cursor.py:1041} INFO - query execution done
[2025-04-23T18:21:49.261+0000] {cursor.py:1205} INFO - Number of results in first chunk: 0
[2025-04-23T18:21:49.496+0000] {mbta_kafka_consumer.py:104} INFO - 🔁 0 new/updated records out of 178 incoming records (some may be duplicate VEHICLE_IDs) for MBTA_ROUTES
[2025-04-23T18:21:49.497+0000] {mbta_kafka_consumer.py:107} INFO - ✅ All 178 records already up-to-date in MBTA_ROUTES, no merge needed.
[2025-04-23T18:21:49.500+0000] {mbta_kafka_consumer.py:234} INFO - 📥 Received 178 records from topic: mbta_routes
[2025-04-23T18:21:49.507+0000] {mbta_kafka_consumer.py:56} INFO - 🔍 Sample data for MBTA_ROUTES:
[2025-04-23T18:21:49.508+0000] {mbta_kafka_consumer.py:57} INFO - 
   ROUTE_ID        ROUTE_NAME  ...  ROUTE_COLOR                 CREATED_AT
0       Red          Red Line  ...       DA291C 2025-04-23 18:21:49.501585
1  Mattapan  Mattapan Trolley  ...       DA291C 2025-04-23 18:21:49.501594
2    Orange       Orange Line  ...       ED8B00 2025-04-23 18:21:49.501596
3   Green-B      Green Line B  ...       00843D 2025-04-23 18:21:49.501657
4   Green-C      Green Line C  ...       00843D 2025-04-23 18:21:49.501660

[5 rows x 5 columns]
[2025-04-23T18:21:49.515+0000] {cursor.py:1028} INFO - query: [SELECT * FROM MBTA_ROUTES WHERE ROUTE_ID IN ('Red','Mattapan','Orange','Green-B'...]
[2025-04-23T18:21:49.684+0000] {cursor.py:1041} INFO - query execution done
[2025-04-23T18:21:49.702+0000] {cursor.py:1205} INFO - Number of results in first chunk: 0
[2025-04-23T18:21:50.016+0000] {mbta_kafka_consumer.py:104} INFO - 🔁 0 new/updated records out of 178 incoming records (some may be duplicate VEHICLE_IDs) for MBTA_ROUTES
[2025-04-23T18:21:50.017+0000] {mbta_kafka_consumer.py:107} INFO - ✅ All 178 records already up-to-date in MBTA_ROUTES, no merge needed.
[2025-04-23T18:21:50.018+0000] {mbta_kafka_consumer.py:234} INFO - 📥 Received 178 records from topic: mbta_routes
[2025-04-23T18:21:50.029+0000] {mbta_kafka_consumer.py:56} INFO - 🔍 Sample data for MBTA_ROUTES:
[2025-04-23T18:21:50.029+0000] {mbta_kafka_consumer.py:57} INFO - 
   ROUTE_ID        ROUTE_NAME  ...  ROUTE_COLOR                 CREATED_AT
0       Red          Red Line  ...       DA291C 2025-04-23 18:21:50.019862
1  Mattapan  Mattapan Trolley  ...       DA291C 2025-04-23 18:21:50.019866
2    Orange       Orange Line  ...       ED8B00 2025-04-23 18:21:50.019869
3   Green-B      Green Line B  ...       00843D 2025-04-23 18:21:50.019870
4   Green-C      Green Line C  ...       00843D 2025-04-23 18:21:50.019871

[5 rows x 5 columns]
[2025-04-23T18:21:50.037+0000] {cursor.py:1028} INFO - query: [SELECT * FROM MBTA_ROUTES WHERE ROUTE_ID IN ('Red','Mattapan','Orange','Green-B'...]
[2025-04-23T18:21:50.201+0000] {cursor.py:1041} INFO - query execution done
[2025-04-23T18:21:50.203+0000] {cursor.py:1205} INFO - Number of results in first chunk: 0
[2025-04-23T18:21:50.733+0000] {mbta_kafka_consumer.py:104} INFO - 🔁 0 new/updated records out of 178 incoming records (some may be duplicate VEHICLE_IDs) for MBTA_ROUTES
[2025-04-23T18:21:50.735+0000] {mbta_kafka_consumer.py:107} INFO - ✅ All 178 records already up-to-date in MBTA_ROUTES, no merge needed.
[2025-04-23T18:21:50.743+0000] {mbta_kafka_consumer.py:234} INFO - 📥 Received 178 records from topic: mbta_routes
[2025-04-23T18:21:50.750+0000] {mbta_kafka_consumer.py:56} INFO - 🔍 Sample data for MBTA_ROUTES:
[2025-04-23T18:21:50.751+0000] {mbta_kafka_consumer.py:57} INFO - 
   ROUTE_ID        ROUTE_NAME  ...  ROUTE_COLOR                 CREATED_AT
0       Red          Red Line  ...       DA291C 2025-04-23 18:21:50.744648
1  Mattapan  Mattapan Trolley  ...       DA291C 2025-04-23 18:21:50.744661
2    Orange       Orange Line  ...       ED8B00 2025-04-23 18:21:50.744663
3   Green-B      Green Line B  ...       00843D 2025-04-23 18:21:50.744663
4   Green-C      Green Line C  ...       00843D 2025-04-23 18:21:50.744673

[5 rows x 5 columns]
[2025-04-23T18:21:50.763+0000] {cursor.py:1028} INFO - query: [SELECT * FROM MBTA_ROUTES WHERE ROUTE_ID IN ('Red','Mattapan','Orange','Green-B'...]
[2025-04-23T18:21:50.929+0000] {cursor.py:1041} INFO - query execution done
[2025-04-23T18:21:50.936+0000] {cursor.py:1205} INFO - Number of results in first chunk: 0
[2025-04-23T18:21:51.362+0000] {mbta_kafka_consumer.py:104} INFO - 🔁 0 new/updated records out of 178 incoming records (some may be duplicate VEHICLE_IDs) for MBTA_ROUTES
[2025-04-23T18:21:51.364+0000] {mbta_kafka_consumer.py:107} INFO - ✅ All 178 records already up-to-date in MBTA_ROUTES, no merge needed.
[2025-04-23T18:21:51.370+0000] {mbta_kafka_consumer.py:234} INFO - 📥 Received 178 records from topic: mbta_routes
[2025-04-23T18:21:51.400+0000] {mbta_kafka_consumer.py:56} INFO - 🔍 Sample data for MBTA_ROUTES:
[2025-04-23T18:21:51.401+0000] {mbta_kafka_consumer.py:57} INFO - 
   ROUTE_ID        ROUTE_NAME  ...  ROUTE_COLOR                 CREATED_AT
0       Red          Red Line  ...       DA291C 2025-04-23 18:21:51.371814
1  Mattapan  Mattapan Trolley  ...       DA291C 2025-04-23 18:21:51.371922
2    Orange       Orange Line  ...       ED8B00 2025-04-23 18:21:51.371925
3   Green-B      Green Line B  ...       00843D 2025-04-23 18:21:51.371936
4   Green-C      Green Line C  ...       00843D 2025-04-23 18:21:51.371938

[5 rows x 5 columns]
[2025-04-23T18:21:51.431+0000] {cursor.py:1028} INFO - query: [SELECT * FROM MBTA_ROUTES WHERE ROUTE_ID IN ('Red','Mattapan','Orange','Green-B'...]
[2025-04-23T18:21:51.609+0000] {cursor.py:1041} INFO - query execution done
[2025-04-23T18:21:51.612+0000] {cursor.py:1205} INFO - Number of results in first chunk: 0
[2025-04-23T18:21:52.381+0000] {mbta_kafka_consumer.py:104} INFO - 🔁 0 new/updated records out of 178 incoming records (some may be duplicate VEHICLE_IDs) for MBTA_ROUTES
[2025-04-23T18:21:52.387+0000] {mbta_kafka_consumer.py:107} INFO - ✅ All 178 records already up-to-date in MBTA_ROUTES, no merge needed.
[2025-04-23T18:21:52.397+0000] {mbta_kafka_consumer.py:234} INFO - 📥 Received 178 records from topic: mbta_routes
[2025-04-23T18:21:52.437+0000] {mbta_kafka_consumer.py:56} INFO - 🔍 Sample data for MBTA_ROUTES:
[2025-04-23T18:21:52.446+0000] {mbta_kafka_consumer.py:57} INFO - 
   ROUTE_ID        ROUTE_NAME  ...  ROUTE_COLOR                 CREATED_AT
0       Red          Red Line  ...       DA291C 2025-04-23 18:21:52.398621
1  Mattapan  Mattapan Trolley  ...       DA291C 2025-04-23 18:21:52.399057
2    Orange       Orange Line  ...       ED8B00 2025-04-23 18:21:52.399064
3   Green-B      Green Line B  ...       00843D 2025-04-23 18:21:52.399065
4   Green-C      Green Line C  ...       00843D 2025-04-23 18:21:52.399066

[5 rows x 5 columns]
[2025-04-23T18:21:52.478+0000] {cursor.py:1028} INFO - query: [SELECT * FROM MBTA_ROUTES WHERE ROUTE_ID IN ('Red','Mattapan','Orange','Green-B'...]
[2025-04-23T18:21:52.661+0000] {cursor.py:1041} INFO - query execution done
[2025-04-23T18:21:52.667+0000] {cursor.py:1205} INFO - Number of results in first chunk: 0
[2025-04-23T18:21:53.207+0000] {mbta_kafka_consumer.py:104} INFO - 🔁 0 new/updated records out of 178 incoming records (some may be duplicate VEHICLE_IDs) for MBTA_ROUTES
[2025-04-23T18:21:53.209+0000] {mbta_kafka_consumer.py:107} INFO - ✅ All 178 records already up-to-date in MBTA_ROUTES, no merge needed.
[2025-04-23T18:21:53.211+0000] {mbta_kafka_consumer.py:234} INFO - 📥 Received 178 records from topic: mbta_routes
[2025-04-23T18:21:53.227+0000] {mbta_kafka_consumer.py:56} INFO - 🔍 Sample data for MBTA_ROUTES:
[2025-04-23T18:21:53.229+0000] {mbta_kafka_consumer.py:57} INFO - 
   ROUTE_ID        ROUTE_NAME  ...  ROUTE_COLOR                 CREATED_AT
0       Red          Red Line  ...       DA291C 2025-04-23 18:21:53.212339
1  Mattapan  Mattapan Trolley  ...       DA291C 2025-04-23 18:21:53.212355
2    Orange       Orange Line  ...       ED8B00 2025-04-23 18:21:53.212357
3   Green-B      Green Line B  ...       00843D 2025-04-23 18:21:53.212373
4   Green-C      Green Line C  ...       00843D 2025-04-23 18:21:53.212375

[5 rows x 5 columns]
[2025-04-23T18:21:53.246+0000] {cursor.py:1028} INFO - query: [SELECT * FROM MBTA_ROUTES WHERE ROUTE_ID IN ('Red','Mattapan','Orange','Green-B'...]
[2025-04-23T18:21:53.407+0000] {cursor.py:1041} INFO - query execution done
[2025-04-23T18:21:53.409+0000] {cursor.py:1205} INFO - Number of results in first chunk: 0
[2025-04-23T18:21:53.901+0000] {mbta_kafka_consumer.py:104} INFO - 🔁 0 new/updated records out of 178 incoming records (some may be duplicate VEHICLE_IDs) for MBTA_ROUTES
[2025-04-23T18:21:53.903+0000] {mbta_kafka_consumer.py:107} INFO - ✅ All 178 records already up-to-date in MBTA_ROUTES, no merge needed.
[2025-04-23T18:21:53.907+0000] {mbta_kafka_consumer.py:234} INFO - 📥 Received 178 records from topic: mbta_routes
[2025-04-23T18:21:53.936+0000] {mbta_kafka_consumer.py:56} INFO - 🔍 Sample data for MBTA_ROUTES:
[2025-04-23T18:21:53.937+0000] {mbta_kafka_consumer.py:57} INFO - 
   ROUTE_ID        ROUTE_NAME  ...  ROUTE_COLOR                 CREATED_AT
0       Red          Red Line  ...       DA291C 2025-04-23 18:21:53.910412
1  Mattapan  Mattapan Trolley  ...       DA291C 2025-04-23 18:21:53.910415
2    Orange       Orange Line  ...       ED8B00 2025-04-23 18:21:53.910465
3   Green-B      Green Line B  ...       00843D 2025-04-23 18:21:53.910467
4   Green-C      Green Line C  ...       00843D 2025-04-23 18:21:53.910468

[5 rows x 5 columns]
[2025-04-23T18:21:53.968+0000] {cursor.py:1028} INFO - query: [SELECT * FROM MBTA_ROUTES WHERE ROUTE_ID IN ('Red','Mattapan','Orange','Green-B'...]
[2025-04-23T18:21:54.147+0000] {cursor.py:1041} INFO - query execution done
[2025-04-23T18:21:54.151+0000] {cursor.py:1205} INFO - Number of results in first chunk: 0
[2025-04-23T18:21:54.547+0000] {mbta_kafka_consumer.py:104} INFO - 🔁 0 new/updated records out of 178 incoming records (some may be duplicate VEHICLE_IDs) for MBTA_ROUTES
[2025-04-23T18:21:54.552+0000] {mbta_kafka_consumer.py:107} INFO - ✅ All 178 records already up-to-date in MBTA_ROUTES, no merge needed.
[2025-04-23T18:21:54.558+0000] {mbta_kafka_consumer.py:234} INFO - 📥 Received 178 records from topic: mbta_routes
[2025-04-23T18:21:54.565+0000] {mbta_kafka_consumer.py:56} INFO - 🔍 Sample data for MBTA_ROUTES:
[2025-04-23T18:21:54.573+0000] {mbta_kafka_consumer.py:57} INFO - 
   ROUTE_ID        ROUTE_NAME  ...  ROUTE_COLOR                 CREATED_AT
0       Red          Red Line  ...       DA291C 2025-04-23 18:21:54.560785
1  Mattapan  Mattapan Trolley  ...       DA291C 2025-04-23 18:21:54.560811
2    Orange       Orange Line  ...       ED8B00 2025-04-23 18:21:54.560813
3   Green-B      Green Line B  ...       00843D 2025-04-23 18:21:54.560817
4   Green-C      Green Line C  ...       00843D 2025-04-23 18:21:54.560837

[5 rows x 5 columns]
[2025-04-23T18:21:54.590+0000] {cursor.py:1028} INFO - query: [SELECT * FROM MBTA_ROUTES WHERE ROUTE_ID IN ('Red','Mattapan','Orange','Green-B'...]
[2025-04-23T18:21:54.777+0000] {cursor.py:1041} INFO - query execution done
[2025-04-23T18:21:54.785+0000] {cursor.py:1205} INFO - Number of results in first chunk: 0
[2025-04-23T18:21:55.095+0000] {mbta_kafka_consumer.py:104} INFO - 🔁 0 new/updated records out of 178 incoming records (some may be duplicate VEHICLE_IDs) for MBTA_ROUTES
[2025-04-23T18:21:55.100+0000] {mbta_kafka_consumer.py:107} INFO - ✅ All 178 records already up-to-date in MBTA_ROUTES, no merge needed.
[2025-04-23T18:21:55.102+0000] {mbta_kafka_consumer.py:234} INFO - 📥 Received 178 records from topic: mbta_routes
[2025-04-23T18:21:55.136+0000] {mbta_kafka_consumer.py:56} INFO - 🔍 Sample data for MBTA_ROUTES:
[2025-04-23T18:21:55.139+0000] {mbta_kafka_consumer.py:57} INFO - 
   ROUTE_ID        ROUTE_NAME  ...  ROUTE_COLOR                 CREATED_AT
0       Red          Red Line  ...       DA291C 2025-04-23 18:21:55.108279
1  Mattapan  Mattapan Trolley  ...       DA291C 2025-04-23 18:21:55.108287
2    Orange       Orange Line  ...       ED8B00 2025-04-23 18:21:55.108288
3   Green-B      Green Line B  ...       00843D 2025-04-23 18:21:55.108289
4   Green-C      Green Line C  ...       00843D 2025-04-23 18:21:55.108290

[5 rows x 5 columns]
[2025-04-23T18:21:55.224+0000] {cursor.py:1028} INFO - query: [SELECT * FROM MBTA_ROUTES WHERE ROUTE_ID IN ('Red','Mattapan','Orange','Green-B'...]
[2025-04-23T18:21:55.411+0000] {cursor.py:1041} INFO - query execution done
[2025-04-23T18:21:55.431+0000] {cursor.py:1205} INFO - Number of results in first chunk: 0
[2025-04-23T18:21:56.019+0000] {mbta_kafka_consumer.py:104} INFO - 🔁 0 new/updated records out of 178 incoming records (some may be duplicate VEHICLE_IDs) for MBTA_ROUTES
[2025-04-23T18:21:56.022+0000] {mbta_kafka_consumer.py:107} INFO - ✅ All 178 records already up-to-date in MBTA_ROUTES, no merge needed.
[2025-04-23T18:21:56.024+0000] {mbta_kafka_consumer.py:234} INFO - 📥 Received 80 records from topic: mbta_alerts
[2025-04-23T18:21:56.041+0000] {mbta_kafka_consumer.py:56} INFO - 🔍 Sample data for MBTA_ALERTS:
[2025-04-23T18:21:56.041+0000] {mbta_kafka_consumer.py:57} INFO - 
  ALERT_ID  ...                 CREATED_AT
0   639358  ...  2025-04-22T09:01:01-04:00
1   638240  ...  2025-04-16T10:52:04-04:00
2   435698  ...  2022-03-15T10:13:31-04:00
3   634497  ...  2025-03-27T14:21:07-04:00
4   634495  ...  2025-03-27T14:18:44-04:00

[5 rows x 6 columns]
[2025-04-23T18:21:56.049+0000] {cursor.py:1028} INFO - query: [SELECT * FROM MBTA_ALERTS WHERE ALERT_ID IN ('639358','638240','435698','634497'...]
[2025-04-23T18:21:56.204+0000] {cursor.py:1041} INFO - query execution done
[2025-04-23T18:21:56.207+0000] {cursor.py:1205} INFO - Number of results in first chunk: 0
[2025-04-23T18:21:56.787+0000] {mbta_kafka_consumer.py:104} INFO - 🔁 0 new/updated records out of 80 incoming records (some may be duplicate VEHICLE_IDs) for MBTA_ALERTS
[2025-04-23T18:21:56.795+0000] {mbta_kafka_consumer.py:107} INFO - ✅ All 80 records already up-to-date in MBTA_ALERTS, no merge needed.
[2025-04-23T18:21:56.796+0000] {mbta_kafka_consumer.py:234} INFO - 📥 Received 80 records from topic: mbta_alerts
[2025-04-23T18:21:56.823+0000] {mbta_kafka_consumer.py:56} INFO - 🔍 Sample data for MBTA_ALERTS:
[2025-04-23T18:21:56.831+0000] {mbta_kafka_consumer.py:57} INFO - 
  ALERT_ID  ...                 CREATED_AT
0   639358  ...  2025-04-22T09:01:01-04:00
1   638240  ...  2025-04-16T10:52:04-04:00
2   435698  ...  2022-03-15T10:13:31-04:00
3   634497  ...  2025-03-27T14:21:07-04:00
4   634495  ...  2025-03-27T14:18:44-04:00

[5 rows x 6 columns]
[2025-04-23T18:21:56.908+0000] {cursor.py:1028} INFO - query: [SELECT * FROM MBTA_ALERTS WHERE ALERT_ID IN ('639358','638240','435698','634497'...]
[2025-04-23T18:21:57.103+0000] {cursor.py:1041} INFO - query execution done
[2025-04-23T18:21:57.105+0000] {cursor.py:1205} INFO - Number of results in first chunk: 0
[2025-04-23T18:21:57.466+0000] {mbta_kafka_consumer.py:104} INFO - 🔁 0 new/updated records out of 80 incoming records (some may be duplicate VEHICLE_IDs) for MBTA_ALERTS
[2025-04-23T18:21:57.467+0000] {mbta_kafka_consumer.py:107} INFO - ✅ All 80 records already up-to-date in MBTA_ALERTS, no merge needed.
[2025-04-23T18:21:57.468+0000] {mbta_kafka_consumer.py:234} INFO - 📥 Received 80 records from topic: mbta_alerts
[2025-04-23T18:21:57.478+0000] {mbta_kafka_consumer.py:56} INFO - 🔍 Sample data for MBTA_ALERTS:
[2025-04-23T18:21:57.479+0000] {mbta_kafka_consumer.py:57} INFO - 
  ALERT_ID  ...                 CREATED_AT
0   639358  ...  2025-04-22T09:01:01-04:00
1   638240  ...  2025-04-16T10:52:04-04:00
2   435698  ...  2022-03-15T10:13:31-04:00
3   634497  ...  2025-03-27T14:21:07-04:00
4   634495  ...  2025-03-27T14:18:44-04:00

[5 rows x 6 columns]
[2025-04-23T18:21:57.553+0000] {cursor.py:1028} INFO - query: [SELECT * FROM MBTA_ALERTS WHERE ALERT_ID IN ('639358','638240','435698','634497'...]
[2025-04-23T18:21:57.745+0000] {cursor.py:1041} INFO - query execution done
[2025-04-23T18:21:57.747+0000] {cursor.py:1205} INFO - Number of results in first chunk: 0
[2025-04-23T18:21:58.034+0000] {mbta_kafka_consumer.py:104} INFO - 🔁 0 new/updated records out of 80 incoming records (some may be duplicate VEHICLE_IDs) for MBTA_ALERTS
[2025-04-23T18:21:58.035+0000] {mbta_kafka_consumer.py:107} INFO - ✅ All 80 records already up-to-date in MBTA_ALERTS, no merge needed.
[2025-04-23T18:21:58.036+0000] {mbta_kafka_consumer.py:234} INFO - 📥 Received 10 records from topic: mbta_predictions
[2025-04-23T18:21:58.054+0000] {mbta_kafka_consumer.py:56} INFO - 🔍 Sample data for MBTA_PREDICTIONS:
[2025-04-23T18:21:58.061+0000] {mbta_kafka_consumer.py:57} INFO - 
                               PREDICTION_ID  ...                 CREATED_AT
0           prediction-67995089-70079-90-Red  ... 2025-04-23 18:21:58.037105
1  prediction-ADDED-1582321358-70080-130-Red  ... 2025-04-23 18:21:58.037158
2  prediction-ADDED-1582321378-70080-130-Red  ... 2025-04-23 18:21:58.037169
3           prediction-67995093-70079-90-Red  ... 2025-04-23 18:21:58.037179
4          prediction-67995120-70080-130-Red  ... 2025-04-23 18:21:58.037203

[5 rows x 9 columns]
[2025-04-23T18:21:58.080+0000] {cursor.py:1028} INFO - query: [SELECT * FROM MBTA_PREDICTIONS WHERE PREDICTION_ID IN ('prediction-67995089-7007...]
[2025-04-23T18:21:58.291+0000] {cursor.py:1041} INFO - query execution done
[2025-04-23T18:21:58.304+0000] {cursor.py:1205} INFO - Number of results in first chunk: 10
[2025-04-23T18:21:58.407+0000] {mbta_kafka_consumer.py:104} INFO - 🔁 10 new/updated records out of 10 incoming records (some may be duplicate VEHICLE_IDs) for MBTA_PREDICTIONS
[2025-04-23T18:21:58.409+0000] {cursor.py:1028} INFO - query: [MERGE INTO MBTA_PREDICTIONS AS target USING (SELECT 'prediction-67995089-70079-9...]
[2025-04-23T18:21:59.622+0000] {cursor.py:1041} INFO - query execution done
[2025-04-23T18:21:59.626+0000] {cursor.py:1028} INFO - query: [MERGE INTO MBTA_PREDICTIONS AS target USING (SELECT 'prediction-ADDED-1582321358...]
[2025-04-23T18:22:01.795+0000] {cursor.py:1041} INFO - query execution done
[2025-04-23T18:22:01.810+0000] {cursor.py:1028} INFO - query: [MERGE INTO MBTA_PREDICTIONS AS target USING (SELECT 'prediction-ADDED-1582321378...]
[2025-04-23T18:22:03.912+0000] {cursor.py:1041} INFO - query execution done
[2025-04-23T18:22:03.923+0000] {cursor.py:1028} INFO - query: [MERGE INTO MBTA_PREDICTIONS AS target USING (SELECT 'prediction-67995093-70079-9...]
[2025-04-23T18:22:06.038+0000] {local_task_job_runner.py:234} INFO - Task exited with return code -9
[2025-04-23T18:22:06.691+0000] {taskinstance.py:3280} INFO - 0 downstream tasks scheduled from follow-on schedule check
