[2025-04-23T03:02:53.816+0000] {taskinstance.py:1956} INFO - Dependencies all met for dep_context=non-requeueable deps ti=<TaskInstance: mbta_kafka_consumer_dag.run_kafka_consumer scheduled__2025-04-23T02:45:00+00:00 [queued]>
[2025-04-23T03:02:53.838+0000] {taskinstance.py:1956} INFO - Dependencies all met for dep_context=requeueable deps ti=<TaskInstance: mbta_kafka_consumer_dag.run_kafka_consumer scheduled__2025-04-23T02:45:00+00:00 [queued]>
[2025-04-23T03:02:53.839+0000] {taskinstance.py:2170} INFO - Starting attempt 1 of 2
[2025-04-23T03:02:53.870+0000] {taskinstance.py:2191} INFO - Executing <Task(PythonOperator): run_kafka_consumer> on 2025-04-23 02:45:00+00:00
[2025-04-23T03:02:53.880+0000] {standard_task_runner.py:60} INFO - Started process 503 to run task
[2025-04-23T03:02:53.889+0000] {standard_task_runner.py:87} INFO - Running: ['***', 'tasks', 'run', 'mbta_kafka_consumer_dag', 'run_kafka_consumer', 'scheduled__2025-04-23T02:45:00+00:00', '--job-id', '376', '--raw', '--subdir', 'DAGS_FOLDER/mbta_kafka_consumer_dag.py', '--cfg-path', '/tmp/tmpapy9fv4l']
[2025-04-23T03:02:53.892+0000] {standard_task_runner.py:88} INFO - Job 376: Subtask run_kafka_consumer
[2025-04-23T03:02:54.005+0000] {task_command.py:423} INFO - Running <TaskInstance: mbta_kafka_consumer_dag.run_kafka_consumer scheduled__2025-04-23T02:45:00+00:00 [running]> on host 34e11901efc2
[2025-04-23T03:02:54.194+0000] {taskinstance.py:2480} INFO - Exporting env vars: AIRFLOW_CTX_DAG_OWNER='***' AIRFLOW_CTX_DAG_ID='mbta_kafka_consumer_dag' AIRFLOW_CTX_TASK_ID='run_kafka_consumer' AIRFLOW_CTX_EXECUTION_DATE='2025-04-23T02:45:00+00:00' AIRFLOW_CTX_TRY_NUMBER='1' AIRFLOW_CTX_DAG_RUN_ID='scheduled__2025-04-23T02:45:00+00:00'
[2025-04-23T03:02:54.196+0000] {connection.py:370} INFO - Snowflake Connector for Python Version: 3.6.0, Python Version: 3.9.18, Platform: Linux-6.10.14-linuxkit-aarch64-with-glibc2.36
[2025-04-23T03:02:54.199+0000] {connection.py:1171} INFO - This connection is in OCSP Fail Open Mode. TLS Certificates would be checked for validity and revocation status. Any other Certificate Revocation related exceptions or OCSP Responder failures would be disregarded in favor of connectivity.
[2025-04-23T03:02:54.883+0000] {mbta_kafka_consumer.py:45} INFO - ✅ Connected to Snowflake successfully.
[2025-04-23T03:02:54.887+0000] {mbta_kafka_consumer.py:220} INFO - 🚀 Starting MBTA Kafka Consumer...
[2025-04-23T03:02:54.902+0000] {conn.py:395} INFO - <BrokerConnection client_id=kafka-python-2.1.5, node_id=bootstrap-0 host=kafka:9092 <connecting> [IPv4 ('172.18.0.4', 9092)]>: connecting to kafka:9092 [('172.18.0.4', 9092) IPv4]
[2025-04-23T03:02:55.181+0000] {conn.py:615} INFO - <BrokerConnection client_id=kafka-python-2.1.5, node_id=bootstrap-0 host=kafka:9092 <checking_api_versions_recv> [IPv4 ('172.18.0.4', 9092)]>: Broker version identified as 2.6
[2025-04-23T03:02:55.183+0000] {conn.py:456} INFO - <BrokerConnection client_id=kafka-python-2.1.5, node_id=bootstrap-0 host=kafka:9092 <connected> [IPv4 ('172.18.0.4', 9092)]>: Connection complete.
[2025-04-23T03:02:55.208+0000] {consumer.py:119} WARNING - group_id is None: disabling auto-commit.
[2025-04-23T03:02:55.209+0000] {subscription_state.py:182} INFO - Updating subscribed topics to: ('mbta_alerts', 'mbta_routes', 'mbta_stops', 'mbta_vehicles', 'mbta_predictions')
[2025-04-23T03:02:55.273+0000] {subscription_state.py:254} INFO - Updated partition assignment: [('mbta_alerts', 0), ('mbta_predictions', 0), ('mbta_routes', 0), ('mbta_vehicles', 0), ('mbta_stops', 0)]
[2025-04-23T03:02:55.278+0000] {conn.py:395} INFO - <BrokerConnection client_id=kafka-python-2.1.5, node_id=1 host=kafka:9092 <connecting> [IPv4 ('172.18.0.4', 9092)]>: connecting to kafka:9092 [('172.18.0.4', 9092) IPv4]
[2025-04-23T03:02:55.281+0000] {conn.py:456} INFO - <BrokerConnection client_id=kafka-python-2.1.5, node_id=1 host=kafka:9092 <connected> [IPv4 ('172.18.0.4', 9092)]>: Connection complete.
[2025-04-23T03:02:55.283+0000] {conn.py:936} INFO - <BrokerConnection client_id=kafka-python-2.1.5, node_id=bootstrap-0 host=kafka:9092 <connected> [IPv4 ('172.18.0.4', 9092)]>: Closing connection. 
[2025-04-23T03:02:56.907+0000] {mbta_kafka_consumer.py:234} INFO - 📥 Received 178 records from topic: mbta_routes
[2025-04-23T03:02:57.157+0000] {mbta_kafka_consumer.py:56} INFO - 🔍 Sample data for MBTA_ROUTES:
[2025-04-23T03:02:57.167+0000] {mbta_kafka_consumer.py:57} INFO - 
   ROUTE_ID        ROUTE_NAME  ...  ROUTE_COLOR                 CREATED_AT
0       Red          Red Line  ...       DA291C 2025-04-23 03:02:56.941140
1  Mattapan  Mattapan Trolley  ...       DA291C 2025-04-23 03:02:56.941156
2    Orange       Orange Line  ...       ED8B00 2025-04-23 03:02:56.941168
3   Green-B      Green Line B  ...       00843D 2025-04-23 03:02:56.941200
4   Green-C      Green Line C  ...       00843D 2025-04-23 03:02:56.941210

[5 rows x 5 columns]
[2025-04-23T03:02:57.293+0000] {cursor.py:1028} INFO - query: [SELECT * FROM MBTA_ROUTES WHERE ROUTE_ID IN ('Red','Mattapan','Orange','Green-B'...]
[2025-04-23T03:02:57.578+0000] {cursor.py:1041} INFO - query execution done
[2025-04-23T03:02:57.580+0000] {cursor.py:1205} INFO - Number of results in first chunk: 0
[2025-04-23T03:02:59.242+0000] {mbta_kafka_consumer.py:104} INFO - 🔁 0 new/updated records out of 178 incoming records (some may be duplicate VEHICLE_IDs) for MBTA_ROUTES
[2025-04-23T03:02:59.254+0000] {mbta_kafka_consumer.py:107} INFO - ✅ All 178 records already up-to-date in MBTA_ROUTES, no merge needed.
[2025-04-23T03:02:59.257+0000] {mbta_kafka_consumer.py:234} INFO - 📥 Received 178 records from topic: mbta_routes
[2025-04-23T03:02:59.270+0000] {mbta_kafka_consumer.py:56} INFO - 🔍 Sample data for MBTA_ROUTES:
[2025-04-23T03:02:59.270+0000] {mbta_kafka_consumer.py:57} INFO - 
   ROUTE_ID        ROUTE_NAME  ...  ROUTE_COLOR                 CREATED_AT
0       Red          Red Line  ...       DA291C 2025-04-23 03:02:59.258278
1  Mattapan  Mattapan Trolley  ...       DA291C 2025-04-23 03:02:59.258290
2    Orange       Orange Line  ...       ED8B00 2025-04-23 03:02:59.258291
3   Green-B      Green Line B  ...       00843D 2025-04-23 03:02:59.258311
4   Green-C      Green Line C  ...       00843D 2025-04-23 03:02:59.258312

[5 rows x 5 columns]
[2025-04-23T03:02:59.287+0000] {cursor.py:1028} INFO - query: [SELECT * FROM MBTA_ROUTES WHERE ROUTE_ID IN ('Red','Mattapan','Orange','Green-B'...]
[2025-04-23T03:02:59.709+0000] {cursor.py:1041} INFO - query execution done
[2025-04-23T03:02:59.717+0000] {cursor.py:1205} INFO - Number of results in first chunk: 0
[2025-04-23T03:03:00.193+0000] {mbta_kafka_consumer.py:104} INFO - 🔁 0 new/updated records out of 178 incoming records (some may be duplicate VEHICLE_IDs) for MBTA_ROUTES
[2025-04-23T03:03:00.203+0000] {mbta_kafka_consumer.py:107} INFO - ✅ All 178 records already up-to-date in MBTA_ROUTES, no merge needed.
[2025-04-23T03:03:00.209+0000] {mbta_kafka_consumer.py:234} INFO - 📥 Received 178 records from topic: mbta_routes
[2025-04-23T03:03:00.234+0000] {mbta_kafka_consumer.py:56} INFO - 🔍 Sample data for MBTA_ROUTES:
[2025-04-23T03:03:00.241+0000] {mbta_kafka_consumer.py:57} INFO - 
   ROUTE_ID        ROUTE_NAME  ...  ROUTE_COLOR                 CREATED_AT
0       Red          Red Line  ...       DA291C 2025-04-23 03:03:00.212125
1  Mattapan  Mattapan Trolley  ...       DA291C 2025-04-23 03:03:00.212173
2    Orange       Orange Line  ...       ED8B00 2025-04-23 03:03:00.212179
3   Green-B      Green Line B  ...       00843D 2025-04-23 03:03:00.212181
4   Green-C      Green Line C  ...       00843D 2025-04-23 03:03:00.212181

[5 rows x 5 columns]
[2025-04-23T03:03:00.271+0000] {cursor.py:1028} INFO - query: [SELECT * FROM MBTA_ROUTES WHERE ROUTE_ID IN ('Red','Mattapan','Orange','Green-B'...]
[2025-04-23T03:03:00.474+0000] {cursor.py:1041} INFO - query execution done
[2025-04-23T03:03:00.478+0000] {cursor.py:1205} INFO - Number of results in first chunk: 0
[2025-04-23T03:03:00.750+0000] {mbta_kafka_consumer.py:104} INFO - 🔁 0 new/updated records out of 178 incoming records (some may be duplicate VEHICLE_IDs) for MBTA_ROUTES
[2025-04-23T03:03:00.750+0000] {mbta_kafka_consumer.py:107} INFO - ✅ All 178 records already up-to-date in MBTA_ROUTES, no merge needed.
[2025-04-23T03:03:00.751+0000] {mbta_kafka_consumer.py:234} INFO - 📥 Received 178 records from topic: mbta_routes
[2025-04-23T03:03:00.757+0000] {mbta_kafka_consumer.py:56} INFO - 🔍 Sample data for MBTA_ROUTES:
[2025-04-23T03:03:00.758+0000] {mbta_kafka_consumer.py:57} INFO - 
   ROUTE_ID        ROUTE_NAME  ...  ROUTE_COLOR                 CREATED_AT
0       Red          Red Line  ...       DA291C 2025-04-23 03:03:00.751130
1  Mattapan  Mattapan Trolley  ...       DA291C 2025-04-23 03:03:00.751142
2    Orange       Orange Line  ...       ED8B00 2025-04-23 03:03:00.751143
3   Green-B      Green Line B  ...       00843D 2025-04-23 03:03:00.751143
4   Green-C      Green Line C  ...       00843D 2025-04-23 03:03:00.751144

[5 rows x 5 columns]
[2025-04-23T03:03:00.770+0000] {cursor.py:1028} INFO - query: [SELECT * FROM MBTA_ROUTES WHERE ROUTE_ID IN ('Red','Mattapan','Orange','Green-B'...]
[2025-04-23T03:03:01.046+0000] {cursor.py:1041} INFO - query execution done
[2025-04-23T03:03:01.049+0000] {cursor.py:1205} INFO - Number of results in first chunk: 0
[2025-04-23T03:03:01.359+0000] {mbta_kafka_consumer.py:104} INFO - 🔁 0 new/updated records out of 178 incoming records (some may be duplicate VEHICLE_IDs) for MBTA_ROUTES
[2025-04-23T03:03:01.359+0000] {mbta_kafka_consumer.py:107} INFO - ✅ All 178 records already up-to-date in MBTA_ROUTES, no merge needed.
[2025-04-23T03:03:01.362+0000] {mbta_kafka_consumer.py:234} INFO - 📥 Received 178 records from topic: mbta_routes
[2025-04-23T03:03:01.372+0000] {mbta_kafka_consumer.py:56} INFO - 🔍 Sample data for MBTA_ROUTES:
[2025-04-23T03:03:01.373+0000] {mbta_kafka_consumer.py:57} INFO - 
   ROUTE_ID        ROUTE_NAME  ...  ROUTE_COLOR                 CREATED_AT
0       Red          Red Line  ...       DA291C 2025-04-23 03:03:01.362916
1  Mattapan  Mattapan Trolley  ...       DA291C 2025-04-23 03:03:01.362919
2    Orange       Orange Line  ...       ED8B00 2025-04-23 03:03:01.362921
3   Green-B      Green Line B  ...       00843D 2025-04-23 03:03:01.362983
4   Green-C      Green Line C  ...       00843D 2025-04-23 03:03:01.362985

[5 rows x 5 columns]
[2025-04-23T03:03:01.391+0000] {cursor.py:1028} INFO - query: [SELECT * FROM MBTA_ROUTES WHERE ROUTE_ID IN ('Red','Mattapan','Orange','Green-B'...]
[2025-04-23T03:03:01.561+0000] {cursor.py:1041} INFO - query execution done
[2025-04-23T03:03:01.562+0000] {cursor.py:1205} INFO - Number of results in first chunk: 0
[2025-04-23T03:03:01.772+0000] {mbta_kafka_consumer.py:104} INFO - 🔁 0 new/updated records out of 178 incoming records (some may be duplicate VEHICLE_IDs) for MBTA_ROUTES
[2025-04-23T03:03:01.775+0000] {mbta_kafka_consumer.py:107} INFO - ✅ All 178 records already up-to-date in MBTA_ROUTES, no merge needed.
[2025-04-23T03:03:01.775+0000] {mbta_kafka_consumer.py:234} INFO - 📥 Received 178 records from topic: mbta_routes
[2025-04-23T03:03:01.786+0000] {mbta_kafka_consumer.py:56} INFO - 🔍 Sample data for MBTA_ROUTES:
[2025-04-23T03:03:01.787+0000] {mbta_kafka_consumer.py:57} INFO - 
   ROUTE_ID        ROUTE_NAME  ...  ROUTE_COLOR                 CREATED_AT
0       Red          Red Line  ...       DA291C 2025-04-23 03:03:01.775704
1  Mattapan  Mattapan Trolley  ...       DA291C 2025-04-23 03:03:01.775705
2    Orange       Orange Line  ...       ED8B00 2025-04-23 03:03:01.775707
3   Green-B      Green Line B  ...       00843D 2025-04-23 03:03:01.775707
4   Green-C      Green Line C  ...       00843D 2025-04-23 03:03:01.775716

[5 rows x 5 columns]
[2025-04-23T03:03:01.794+0000] {cursor.py:1028} INFO - query: [SELECT * FROM MBTA_ROUTES WHERE ROUTE_ID IN ('Red','Mattapan','Orange','Green-B'...]
[2025-04-23T03:03:01.979+0000] {cursor.py:1041} INFO - query execution done
[2025-04-23T03:03:01.981+0000] {cursor.py:1205} INFO - Number of results in first chunk: 0
[2025-04-23T03:03:06.138+0000] {mbta_kafka_consumer.py:104} INFO - 🔁 0 new/updated records out of 178 incoming records (some may be duplicate VEHICLE_IDs) for MBTA_ROUTES
[2025-04-23T03:03:06.140+0000] {mbta_kafka_consumer.py:107} INFO - ✅ All 178 records already up-to-date in MBTA_ROUTES, no merge needed.
[2025-04-23T03:03:06.147+0000] {mbta_kafka_consumer.py:234} INFO - 📥 Received 178 records from topic: mbta_routes
[2025-04-23T03:03:06.155+0000] {mbta_kafka_consumer.py:56} INFO - 🔍 Sample data for MBTA_ROUTES:
[2025-04-23T03:03:06.155+0000] {mbta_kafka_consumer.py:57} INFO - 
   ROUTE_ID        ROUTE_NAME  ...  ROUTE_COLOR                 CREATED_AT
0       Red          Red Line  ...       DA291C 2025-04-23 03:03:06.147747
1  Mattapan  Mattapan Trolley  ...       DA291C 2025-04-23 03:03:06.147765
2    Orange       Orange Line  ...       ED8B00 2025-04-23 03:03:06.147773
3   Green-B      Green Line B  ...       00843D 2025-04-23 03:03:06.147778
4   Green-C      Green Line C  ...       00843D 2025-04-23 03:03:06.147780

[5 rows x 5 columns]
[2025-04-23T03:03:06.173+0000] {cursor.py:1028} INFO - query: [SELECT * FROM MBTA_ROUTES WHERE ROUTE_ID IN ('Red','Mattapan','Orange','Green-B'...]
[2025-04-23T03:03:06.372+0000] {cursor.py:1041} INFO - query execution done
[2025-04-23T03:03:06.373+0000] {cursor.py:1205} INFO - Number of results in first chunk: 0
[2025-04-23T03:03:06.705+0000] {mbta_kafka_consumer.py:104} INFO - 🔁 0 new/updated records out of 178 incoming records (some may be duplicate VEHICLE_IDs) for MBTA_ROUTES
[2025-04-23T03:03:06.706+0000] {mbta_kafka_consumer.py:107} INFO - ✅ All 178 records already up-to-date in MBTA_ROUTES, no merge needed.
[2025-04-23T03:03:06.706+0000] {mbta_kafka_consumer.py:234} INFO - 📥 Received 335 records from topic: mbta_vehicles
[2025-04-23T03:03:06.744+0000] {mbta_kafka_consumer.py:56} INFO - 🔍 Sample data for MBTA_VEHICLES:
[2025-04-23T03:03:06.746+0000] {mbta_kafka_consumer.py:57} INFO - 
   VEHICLE_ID ROUTE_ID  ...         STATUS                 CREATED_AT
0     G-10268  Green-C  ...     STOPPED_AT 2025-04-23 03:03:06.706870
1       y1830       10  ...  IN_TRANSIT_TO 2025-04-23 03:03:06.706892
2  O-5482A351   Orange  ...    INCOMING_AT 2025-04-23 03:03:06.706897
3     G-10015  Green-E  ...    INCOMING_AT 2025-04-23 03:03:06.706899
4       y3309      426  ...  IN_TRANSIT_TO 2025-04-23 03:03:06.706900

[5 rows x 8 columns]
[2025-04-23T03:03:06.766+0000] {cursor.py:1028} INFO - query: [SELECT * FROM MBTA_VEHICLES WHERE VEHICLE_ID IN ('G-10268','y1830','O-5482A351',...]
[2025-04-23T03:03:07.113+0000] {cursor.py:1041} INFO - query execution done
[2025-04-23T03:03:07.115+0000] {cursor.py:1205} INFO - Number of results in first chunk: 380
[2025-04-23T03:03:07.170+0000] {mbta_kafka_consumer.py:104} INFO - 🔁 200 new/updated records out of 335 incoming records (some may be duplicate VEHICLE_IDs) for MBTA_VEHICLES
[2025-04-23T03:03:07.171+0000] {cursor.py:1028} INFO - query: [MERGE INTO MBTA_VEHICLES AS target USING (SELECT 'y1773', '23', 42.29738348, -71...]
[2025-04-23T03:03:08.883+0000] {cursor.py:1041} INFO - query execution done
[2025-04-23T03:03:08.887+0000] {cursor.py:1028} INFO - query: [MERGE INTO MBTA_VEHICLES AS target USING (SELECT 'G-10376', 'Green-E', 42.36238,...]
[2025-04-23T03:03:12.571+0000] {cursor.py:1041} INFO - query execution done
[2025-04-23T03:03:12.575+0000] {cursor.py:1028} INFO - query: [MERGE INTO MBTA_VEHICLES AS target USING (SELECT 'G-10345', 'Green-D', 42.37517,...]
[2025-04-23T03:03:15.317+0000] {cursor.py:1041} INFO - query execution done
[2025-04-23T03:03:15.322+0000] {cursor.py:1028} INFO - query: [MERGE INTO MBTA_VEHICLES AS target USING (SELECT 'y2054', '110', 42.39278379, -7...]
[2025-04-23T03:03:17.840+0000] {cursor.py:1041} INFO - query execution done
[2025-04-23T03:03:17.844+0000] {cursor.py:1028} INFO - query: [MERGE INTO MBTA_VEHICLES AS target USING (SELECT 'G-10068', 'Green-D', 42.33149,...]
[2025-04-23T03:03:20.409+0000] {cursor.py:1041} INFO - query execution done
[2025-04-23T03:03:20.414+0000] {cursor.py:1028} INFO - query: [MERGE INTO MBTA_VEHICLES AS target USING (SELECT 'y1293', '749', 42.34725779, -7...]
[2025-04-23T03:03:23.033+0000] {cursor.py:1041} INFO - query execution done
[2025-04-23T03:03:23.037+0000] {cursor.py:1028} INFO - query: [MERGE INTO MBTA_VEHICLES AS target USING (SELECT 'y1959', '87', 42.37995464, -71...]
[2025-04-23T03:03:25.391+0000] {cursor.py:1041} INFO - query execution done
[2025-04-23T03:03:25.418+0000] {cursor.py:1028} INFO - query: [MERGE INTO MBTA_VEHICLES AS target USING (SELECT 'y3359', '435', 42.52925, -70.9...]
[2025-04-23T03:03:27.833+0000] {cursor.py:1041} INFO - query execution done
[2025-04-23T03:03:27.838+0000] {cursor.py:1028} INFO - query: [MERGE INTO MBTA_VEHICLES AS target USING (SELECT 'G-10037', 'Green-B', 42.35614,...]
[2025-04-23T03:03:30.579+0000] {cursor.py:1041} INFO - query execution done
[2025-04-23T03:03:30.585+0000] {cursor.py:1028} INFO - query: [MERGE INTO MBTA_VEHICLES AS target USING (SELECT 'y2019', '71', 42.3749, -71.148...]
[2025-04-23T03:03:33.609+0000] {cursor.py:1041} INFO - query execution done
[2025-04-23T03:03:33.613+0000] {cursor.py:1028} INFO - query: [MERGE INTO MBTA_VEHICLES AS target USING (SELECT 'B-5482A830', 'Blue', 42.359, -...]
[2025-04-23T03:03:37.732+0000] {cursor.py:1041} INFO - query execution done
[2025-04-23T03:03:37.735+0000] {cursor.py:1028} INFO - query: [MERGE INTO MBTA_VEHICLES AS target USING (SELECT 'y0779', '238', 42.23406355, -7...]
[2025-04-23T03:37:20.642+0000] {cursor.py:1041} INFO - query execution done
[2025-04-23T03:37:20.653+0000] {cursor.py:1028} INFO - query: [MERGE INTO MBTA_VEHICLES AS target USING (SELECT '1817', 'CR-Worcester', 42.3572...]
[2025-04-23T03:37:22.398+0000] {cursor.py:1041} INFO - query execution done
[2025-04-23T03:37:22.462+0000] {cursor.py:1028} INFO - query: [MERGE INTO MBTA_VEHICLES AS target USING (SELECT 'G-10377', 'Green-C', 42.35301,...]
[2025-04-23T03:37:25.871+0000] {cursor.py:1041} INFO - query execution done
[2025-04-23T03:37:26.060+0000] {cursor.py:1028} INFO - query: [MERGE INTO MBTA_VEHICLES AS target USING (SELECT '1713', 'CR-Fitchburg', 42.3834...]
[2025-04-23T03:37:26.752+0000] {cursor.py:1041} INFO - query execution done
[2025-04-23T03:37:26.776+0000] {cursor.py:1028} INFO - query: [MERGE INTO MBTA_VEHICLES AS target USING (SELECT 'y2093', '109', 42.373465405, -...]
[2025-04-23T03:37:29.689+0000] {cursor.py:1041} INFO - query execution done
[2025-04-23T03:37:29.720+0000] {cursor.py:1028} INFO - query: [MERGE INTO MBTA_VEHICLES AS target USING (SELECT 'y1944', '104', 42.420049529, -...]
[2025-04-23T03:37:33.888+0000] {cursor.py:1041} INFO - query execution done
[2025-04-23T03:37:33.970+0000] {cursor.py:1028} INFO - query: [MERGE INTO MBTA_VEHICLES AS target USING (SELECT 'y1341', '741', 42.34717302, -7...]
[2025-04-23T03:50:29.259+0000] {cursor.py:1041} INFO - query execution done
[2025-04-23T03:50:29.386+0000] {cursor.py:1028} INFO - query: [MERGE INTO MBTA_VEHICLES AS target USING (SELECT 'B-5482A836', 'Blue', 42.35948,...]
[2025-04-23T03:50:31.484+0000] {cursor.py:1041} INFO - query execution done
[2025-04-23T03:50:31.517+0000] {cursor.py:1028} INFO - query: [MERGE INTO MBTA_VEHICLES AS target USING (SELECT 'G-10132', 'Green-D', 42.34408,...]
[2025-04-23T03:50:34.122+0000] {cursor.py:1041} INFO - query execution done
[2025-04-23T03:50:34.141+0000] {cursor.py:1028} INFO - query: [MERGE INTO MBTA_VEHICLES AS target USING (SELECT 'y1854', '66', 42.36355017, -71...]
[2025-04-23T03:50:37.399+0000] {cursor.py:1041} INFO - query execution done
[2025-04-23T03:50:37.411+0000] {cursor.py:1028} INFO - query: [MERGE INTO MBTA_VEHICLES AS target USING (SELECT 'y1833', '44', 42.32077505, -71...]
[2025-04-23T03:50:40.179+0000] {cursor.py:1041} INFO - query execution done
[2025-04-23T03:50:40.192+0000] {cursor.py:1028} INFO - query: [MERGE INTO MBTA_VEHICLES AS target USING (SELECT 'y2069', '77', 42.42425037, -71...]
[2025-04-23T03:50:42.762+0000] {cursor.py:1041} INFO - query execution done
[2025-04-23T03:50:42.773+0000] {cursor.py:1028} INFO - query: [MERGE INTO MBTA_VEHICLES AS target USING (SELECT 'y1255', '28', 42.270125739, -7...]
[2025-04-23T03:50:46.286+0000] {cursor.py:1041} INFO - query execution done
[2025-04-23T03:50:46.307+0000] {cursor.py:1028} INFO - query: [MERGE INTO MBTA_VEHICLES AS target USING (SELECT 'y1809', '16', 42.34112, -71.05...]
[2025-04-23T03:50:49.172+0000] {cursor.py:1041} INFO - query execution done
[2025-04-23T03:50:49.194+0000] {cursor.py:1028} INFO - query: [MERGE INTO MBTA_VEHICLES AS target USING (SELECT 'y2043', '90', 42.39655, -71.12...]
[2025-04-23T03:50:51.933+0000] {cursor.py:1041} INFO - query execution done
[2025-04-23T03:50:51.959+0000] {cursor.py:1028} INFO - query: [MERGE INTO MBTA_VEHICLES AS target USING (SELECT 'y1803', '45', 42.31165849, -71...]
[2025-04-23T03:50:54.727+0000] {cursor.py:1041} INFO - query execution done
[2025-04-23T03:50:54.736+0000] {cursor.py:1028} INFO - query: [MERGE INTO MBTA_VEHICLES AS target USING (SELECT 'y1218', '39', 42.338731459, -7...]
[2025-04-23T03:50:57.576+0000] {cursor.py:1041} INFO - query execution done
[2025-04-23T03:50:57.581+0000] {cursor.py:1028} INFO - query: [MERGE INTO MBTA_VEHICLES AS target USING (SELECT 'y2073', '94', 42.41774226, -71...]
[2025-04-23T03:51:01.188+0000] {cursor.py:1041} INFO - query execution done
[2025-04-23T03:51:01.200+0000] {cursor.py:1028} INFO - query: [MERGE INTO MBTA_VEHICLES AS target USING (SELECT 'y1726', '57', 42.353154279, -7...]
[2025-04-23T03:51:04.013+0000] {cursor.py:1041} INFO - query execution done
[2025-04-23T03:51:04.025+0000] {cursor.py:1028} INFO - query: [MERGE INTO MBTA_VEHICLES AS target USING (SELECT 'y1333', '742', 42.34474, -71.0...]
[2025-04-23T03:51:07.162+0000] {cursor.py:1041} INFO - query execution done
[2025-04-23T03:51:07.176+0000] {cursor.py:1028} INFO - query: [MERGE INTO MBTA_VEHICLES AS target USING (SELECT 'G-10069', 'Mattapan', 42.26756...]
[2025-04-23T03:51:10.004+0000] {cursor.py:1041} INFO - query execution done
[2025-04-23T03:51:10.010+0000] {cursor.py:1028} INFO - query: [MERGE INTO MBTA_VEHICLES AS target USING (SELECT 'y1684', '36', 42.27602443, -71...]
[2025-04-23T03:51:12.826+0000] {cursor.py:1041} INFO - query execution done
[2025-04-23T03:51:12.873+0000] {cursor.py:1028} INFO - query: [MERGE INTO MBTA_VEHICLES AS target USING (SELECT 'y2045', '350', 42.51862842, -7...]
[2025-04-23T03:51:16.353+0000] {cursor.py:1041} INFO - query execution done
[2025-04-23T03:51:16.389+0000] {cursor.py:1028} INFO - query: [MERGE INTO MBTA_VEHICLES AS target USING (SELECT 'y1844', '57', 42.35091192, -71...]
[2025-04-23T03:51:19.441+0000] {cursor.py:1041} INFO - query execution done
[2025-04-23T03:51:19.465+0000] {cursor.py:1028} INFO - query: [MERGE INTO MBTA_VEHICLES AS target USING (SELECT 'O-5482A34D', 'Orange', 42.4041...]
[2025-04-23T03:51:22.626+0000] {cursor.py:1041} INFO - query execution done
[2025-04-23T03:51:22.650+0000] {cursor.py:1028} INFO - query: [MERGE INTO MBTA_VEHICLES AS target USING (SELECT 'G-10023', 'Green-B', 42.35018,...]
[2025-04-23T03:51:26.225+0000] {cursor.py:1041} INFO - query execution done
[2025-04-23T03:51:26.232+0000] {cursor.py:1028} INFO - query: [MERGE INTO MBTA_VEHICLES AS target USING (SELECT 'y1600', '31', 42.29607616, -71...]
[2025-04-23T03:51:29.034+0000] {cursor.py:1041} INFO - query execution done
[2025-04-23T03:51:29.037+0000] {cursor.py:1028} INFO - query: [MERGE INTO MBTA_VEHICLES AS target USING (SELECT 'y2053', '96', 42.37249687, -71...]
[2025-04-23T03:51:31.735+0000] {cursor.py:1041} INFO - query execution done
[2025-04-23T03:51:31.739+0000] {cursor.py:1028} INFO - query: [MERGE INTO MBTA_VEHICLES AS target USING (SELECT 'y1820', '22', 42.31982329, -71...]
[2025-04-23T03:51:34.404+0000] {cursor.py:1041} INFO - query execution done
[2025-04-23T03:51:34.407+0000] {cursor.py:1028} INFO - query: [MERGE INTO MBTA_VEHICLES AS target USING (SELECT 'G-10424', 'Green-D', 42.36607,...]
[2025-04-23T03:51:37.496+0000] {cursor.py:1041} INFO - query execution done
[2025-04-23T03:51:37.507+0000] {cursor.py:1028} INFO - query: [MERGE INTO MBTA_VEHICLES AS target USING (SELECT 'y1318', '742', 42.3523126, -71...]
[2025-04-23T03:51:40.432+0000] {cursor.py:1041} INFO - query execution done
[2025-04-23T03:51:40.439+0000] {cursor.py:1028} INFO - query: [MERGE INTO MBTA_VEHICLES AS target USING (SELECT 'O-5482A350', 'Orange', 42.3475...]
[2025-04-23T03:51:43.305+0000] {cursor.py:1041} INFO - query execution done
[2025-04-23T03:51:43.314+0000] {cursor.py:1028} INFO - query: [MERGE INTO MBTA_VEHICLES AS target USING (SELECT 'y0904', '240', 42.2618834, -71...]
[2025-04-23T03:51:45.911+0000] {cursor.py:1041} INFO - query execution done
[2025-04-23T03:51:45.918+0000] {cursor.py:1028} INFO - query: [MERGE INTO MBTA_VEHICLES AS target USING (SELECT 'G-10156', 'Green-E', 42.34004,...]
[2025-04-23T03:51:48.733+0000] {cursor.py:1041} INFO - query execution done
[2025-04-23T03:51:48.740+0000] {cursor.py:1028} INFO - query: [MERGE INTO MBTA_VEHICLES AS target USING (SELECT 'y1873', '11', 42.35298193, -71...]
[2025-04-23T03:51:51.486+0000] {cursor.py:1041} INFO - query execution done
[2025-04-23T03:51:51.498+0000] {cursor.py:1028} INFO - query: [MERGE INTO MBTA_VEHICLES AS target USING (SELECT 'R-54829C1E', 'Red', 42.27994, ...]
[2025-04-23T03:51:54.305+0000] {cursor.py:1041} INFO - query execution done
[2025-04-23T03:51:54.306+0000] {cursor.py:1028} INFO - query: [MERGE INTO MBTA_VEHICLES AS target USING (SELECT 'y1267', '28', 42.33573108, -71...]
[2025-04-23T03:51:58.084+0000] {cursor.py:1041} INFO - query execution done
[2025-04-23T03:51:58.094+0000] {cursor.py:1028} INFO - query: [MERGE INTO MBTA_VEHICLES AS target USING (SELECT 'y1702', '32', 42.27964161, -71...]
[2025-04-23T03:52:00.785+0000] {cursor.py:1041} INFO - query execution done
[2025-04-23T03:52:00.809+0000] {cursor.py:1028} INFO - query: [MERGE INTO MBTA_VEHICLES AS target USING (SELECT 'y2022', '104', 42.3924435, -71...]
[2025-04-23T03:52:04.265+0000] {cursor.py:1041} INFO - query execution done
[2025-04-23T03:52:04.268+0000] {cursor.py:1028} INFO - query: [MERGE INTO MBTA_VEHICLES AS target USING (SELECT 'G-10183', 'Green-C', 42.35929,...]
[2025-04-23T03:52:07.222+0000] {cursor.py:1041} INFO - query execution done
[2025-04-23T03:52:07.240+0000] {cursor.py:1028} INFO - query: [MERGE INTO MBTA_VEHICLES AS target USING (SELECT 'y1940', '111', 42.36683565, -7...]
[2025-04-23T03:52:10.135+0000] {cursor.py:1041} INFO - query execution done
[2025-04-23T03:52:10.148+0000] {cursor.py:1028} INFO - query: [MERGE INTO MBTA_VEHICLES AS target USING (SELECT 'R-54829A22', 'Red', 42.20458, ...]
[2025-04-23T03:52:13.316+0000] {cursor.py:1041} INFO - query execution done
[2025-04-23T03:52:13.324+0000] {cursor.py:1028} INFO - query: [MERGE INTO MBTA_VEHICLES AS target USING (SELECT 'y0800', '230', 42.15835789, -7...]
[2025-04-23T03:52:16.213+0000] {cursor.py:1041} INFO - query execution done
[2025-04-23T03:52:16.218+0000] {cursor.py:1028} INFO - query: [MERGE INTO MBTA_VEHICLES AS target USING (SELECT 'G-10089', 'Green-C', 42.34308,...]
[2025-04-23T03:52:19.407+0000] {cursor.py:1041} INFO - query execution done
[2025-04-23T03:52:19.412+0000] {cursor.py:1028} INFO - query: [MERGE INTO MBTA_VEHICLES AS target USING (SELECT 'G-10391', 'Green-D', 42.33723,...]
[2025-04-23T03:52:22.329+0000] {cursor.py:1041} INFO - query execution done
[2025-04-23T03:52:22.335+0000] {cursor.py:1028} INFO - query: [MERGE INTO MBTA_VEHICLES AS target USING (SELECT 'y1935', '99', 42.4318787, -71....]
[2025-04-23T03:52:25.259+0000] {cursor.py:1041} INFO - query execution done
[2025-04-23T03:52:25.266+0000] {cursor.py:1028} INFO - query: [MERGE INTO MBTA_VEHICLES AS target USING (SELECT 'O-5482A338', 'Orange', 42.3253...]
[2025-04-23T03:52:28.177+0000] {cursor.py:1041} INFO - query execution done
[2025-04-23T03:52:28.186+0000] {cursor.py:1028} INFO - query: [MERGE INTO MBTA_VEHICLES AS target USING (SELECT 'y1280', '749', 42.32979, -71.0...]
[2025-04-23T03:52:31.313+0000] {cursor.py:1041} INFO - query execution done
[2025-04-23T03:52:31.351+0000] {cursor.py:1028} INFO - query: [MERGE INTO MBTA_VEHICLES AS target USING (SELECT '1840', 'CR-Franklin', 42.14916...]
[2025-04-23T03:52:38.841+0000] {cursor.py:1041} INFO - query execution done
[2025-04-23T03:52:39.002+0000] {cursor.py:1028} INFO - query: [MERGE INTO MBTA_VEHICLES AS target USING (SELECT 'G-10035', 'Green-E', 42.3964, ...]
[2025-04-23T03:52:40.644+0000] {cursor.py:1041} INFO - query execution done
[2025-04-23T03:52:40.654+0000] {cursor.py:1028} INFO - query: [MERGE INTO MBTA_VEHICLES AS target USING (SELECT 'y1924', '15', 42.32396, -71.07...]
[2025-04-23T03:52:43.779+0000] {cursor.py:1041} INFO - query execution done
[2025-04-23T03:52:43.785+0000] {cursor.py:1028} INFO - query: [MERGE INTO MBTA_VEHICLES AS target USING (SELECT 'y1258', '28', 42.276895279, -7...]
[2025-04-23T03:52:46.547+0000] {cursor.py:1041} INFO - query execution done
[2025-04-23T03:52:46.551+0000] {cursor.py:1028} INFO - query: [MERGE INTO MBTA_VEHICLES AS target USING (SELECT 'y1856', '44', 42.32847, -71.08...]
[2025-04-23T03:52:49.581+0000] {cursor.py:1041} INFO - query execution done
[2025-04-23T03:52:49.592+0000] {cursor.py:1028} INFO - query: [MERGE INTO MBTA_VEHICLES AS target USING (SELECT 'y1909', '66', 42.3335487, -71....]
[2025-04-23T03:52:52.487+0000] {cursor.py:1041} INFO - query execution done
[2025-04-23T03:52:52.491+0000] {cursor.py:1028} INFO - query: [MERGE INTO MBTA_VEHICLES AS target USING (SELECT 'y1827', '7', 42.3460424, -71.0...]
[2025-04-23T03:52:55.585+0000] {cursor.py:1041} INFO - query execution done
[2025-04-23T03:52:55.595+0000] {cursor.py:1028} INFO - query: [MERGE INTO MBTA_VEHICLES AS target USING (SELECT 'y1981', '73', 42.37850746, -71...]
[2025-04-23T03:52:58.352+0000] {cursor.py:1041} INFO - query execution done
[2025-04-23T03:52:58.356+0000] {cursor.py:1028} INFO - query: [MERGE INTO MBTA_VEHICLES AS target USING (SELECT 'G-10350', 'Green-E', 42.33218,...]
[2025-04-23T03:53:01.449+0000] {cursor.py:1041} INFO - query execution done
[2025-04-23T03:53:01.458+0000] {cursor.py:1028} INFO - query: [MERGE INTO MBTA_VEHICLES AS target USING (SELECT 'y1618', '31', 42.30217826, -71...]
[2025-04-23T03:53:04.196+0000] {cursor.py:1041} INFO - query execution done
[2025-04-23T03:53:04.202+0000] {cursor.py:1028} INFO - query: [MERGE INTO MBTA_VEHICLES AS target USING (SELECT 'y1273', '749', 42.342607, -71....]
[2025-04-23T03:53:07.038+0000] {cursor.py:1041} INFO - query execution done
[2025-04-23T03:53:07.043+0000] {cursor.py:1028} INFO - query: [MERGE INTO MBTA_VEHICLES AS target USING (SELECT '1718', 'CR-Lowell', 42.3794555...]
[2025-04-23T03:53:09.932+0000] {cursor.py:1041} INFO - query execution done
[2025-04-23T03:53:09.936+0000] {cursor.py:1028} INFO - query: [MERGE INTO MBTA_VEHICLES AS target USING (SELECT 'G-10101', 'Green-C', 42.35164,...]
[2025-04-23T03:53:13.057+0000] {cursor.py:1041} INFO - query execution done
[2025-04-23T03:53:13.070+0000] {cursor.py:1028} INFO - query: [MERGE INTO MBTA_VEHICLES AS target USING (SELECT 'G-10235', 'Green-C', 42.35305,...]
[2025-04-23T03:53:16.026+0000] {cursor.py:1041} INFO - query execution done
[2025-04-23T03:53:16.033+0000] {cursor.py:1028} INFO - query: [MERGE INTO MBTA_VEHICLES AS target USING (SELECT '1851', 'CR-Worcester', 42.3463...]
[2025-04-23T03:53:19.071+0000] {cursor.py:1041} INFO - query execution done
[2025-04-23T03:53:19.094+0000] {cursor.py:1028} INFO - query: [MERGE INTO MBTA_VEHICLES AS target USING (SELECT '1830', 'CR-Providence', 41.979...]
[2025-04-23T03:53:22.561+0000] {cursor.py:1041} INFO - query execution done
[2025-04-23T03:53:22.567+0000] {cursor.py:1028} INFO - query: [MERGE INTO MBTA_VEHICLES AS target USING (SELECT 'B-5482AAC6', 'Blue', 42.39066,...]
[2025-04-23T03:53:25.429+0000] {cursor.py:1041} INFO - query execution done
[2025-04-23T03:53:25.584+0000] {cursor.py:1028} INFO - query: [MERGE INTO MBTA_VEHICLES AS target USING (SELECT 'y2061', '109', 42.4300971, -71...]
[2025-04-23T03:53:29.351+0000] {cursor.py:1041} INFO - query execution done
[2025-04-23T03:53:29.360+0000] {cursor.py:1028} INFO - query: [MERGE INTO MBTA_VEHICLES AS target USING (SELECT 'y1850', '23', 42.30558207, -71...]
[2025-04-23T03:53:32.364+0000] {cursor.py:1041} INFO - query execution done
[2025-04-23T03:53:32.378+0000] {cursor.py:1028} INFO - query: [MERGE INTO MBTA_VEHICLES AS target USING (SELECT 'y1718', '31', 42.30041, -71.11...]
[2025-04-23T03:53:35.153+0000] {cursor.py:1041} INFO - query execution done
[2025-04-23T03:53:35.155+0000] {cursor.py:1028} INFO - query: [MERGE INTO MBTA_VEHICLES AS target USING (SELECT 'y2005', '77', 42.37265, -71.12...]
[2025-04-23T03:53:38.021+0000] {cursor.py:1041} INFO - query execution done
[2025-04-23T03:53:38.025+0000] {cursor.py:1028} INFO - query: [MERGE INTO MBTA_VEHICLES AS target USING (SELECT 'y2099', '69', 42.372179529, -7...]
[2025-04-23T03:53:41.301+0000] {cursor.py:1041} INFO - query execution done
[2025-04-23T03:53:41.304+0000] {cursor.py:1028} INFO - query: [MERGE INTO MBTA_VEHICLES AS target USING (SELECT 'R-54829547', 'Red', 42.37396, ...]
[2025-04-23T03:53:44.115+0000] {cursor.py:1041} INFO - query execution done
[2025-04-23T03:53:44.116+0000] {cursor.py:1028} INFO - query: [MERGE INTO MBTA_VEHICLES AS target USING (SELECT 'y1271', '39', 42.3343197, -71....]
[2025-04-23T03:53:47.425+0000] {cursor.py:1041} INFO - query execution done
[2025-04-23T03:53:47.436+0000] {cursor.py:1028} INFO - query: [MERGE INTO MBTA_VEHICLES AS target USING (SELECT 'R-5482A9A4', 'Red', 42.21029, ...]
[2025-04-23T03:53:50.660+0000] {cursor.py:1041} INFO - query execution done
[2025-04-23T03:53:50.674+0000] {cursor.py:1028} INFO - query: [MERGE INTO MBTA_VEHICLES AS target USING (SELECT 'R-548296B8', 'Red', 42.32052, ...]
[2025-04-23T03:53:53.613+0000] {cursor.py:1041} INFO - query execution done
[2025-04-23T03:53:53.617+0000] {cursor.py:1028} INFO - query: [MERGE INTO MBTA_VEHICLES AS target USING (SELECT 'G-10348', 'Green-D', 42.35018,...]
[2025-04-23T03:53:57.054+0000] {cursor.py:1041} INFO - query execution done
[2025-04-23T03:53:57.104+0000] {cursor.py:1028} INFO - query: [MERGE INTO MBTA_VEHICLES AS target USING (SELECT 'G-10061', 'Mattapan', 42.27, -...]
[2025-04-23T03:54:00.394+0000] {cursor.py:1041} INFO - query execution done
[2025-04-23T03:54:00.399+0000] {cursor.py:1028} INFO - query: [MERGE INTO MBTA_VEHICLES AS target USING (SELECT 'y2010', '110', 42.40933068, -7...]
[2025-04-23T03:54:03.158+0000] {cursor.py:1041} INFO - query execution done
[2025-04-23T03:54:03.161+0000] {cursor.py:1028} INFO - query: [MERGE INTO MBTA_VEHICLES AS target USING (SELECT 'y3350', '455', 42.5175943, -70...]
[2025-04-23T03:54:06.132+0000] {cursor.py:1041} INFO - query execution done
[2025-04-23T03:54:06.135+0000] {cursor.py:1028} INFO - query: [MERGE INTO MBTA_VEHICLES AS target USING (SELECT 'y1914', '23', 42.31817112, -71...]
[2025-04-23T03:54:09.211+0000] {cursor.py:1041} INFO - query execution done
[2025-04-23T03:54:09.218+0000] {cursor.py:1028} INFO - query: [MERGE INTO MBTA_VEHICLES AS target USING (SELECT 'y1821', '57', 42.35083107, -71...]
[2025-04-23T03:54:12.447+0000] {cursor.py:1041} INFO - query execution done
[2025-04-23T03:54:12.450+0000] {cursor.py:1028} INFO - query: [MERGE INTO MBTA_VEHICLES AS target USING (SELECT '1800', 'CR-Lowell', 42.4216575...]
[2025-04-23T03:54:15.911+0000] {cursor.py:1041} INFO - query execution done
[2025-04-23T03:54:15.921+0000] {cursor.py:1028} INFO - query: [MERGE INTO MBTA_VEHICLES AS target USING (SELECT '1812', 'CR-Fitchburg', 42.3662...]
[2025-04-23T03:54:19.013+0000] {cursor.py:1041} INFO - query execution done
[2025-04-23T03:54:19.017+0000] {cursor.py:1028} INFO - query: [MERGE INTO MBTA_VEHICLES AS target USING (SELECT 'y1995', '111', 42.39109665, -7...]
[2025-04-23T03:54:22.640+0000] {cursor.py:1041} INFO - query execution done
[2025-04-23T03:54:22.641+0000] {cursor.py:1028} INFO - query: [MERGE INTO MBTA_VEHICLES AS target USING (SELECT 'y1798', '9', 42.33558793, -71....]
[2025-04-23T03:54:25.559+0000] {cursor.py:1041} INFO - query execution done
[2025-04-23T03:54:25.568+0000] {cursor.py:1028} INFO - query: [MERGE INTO MBTA_VEHICLES AS target USING (SELECT 'y1948', '100', 42.43289279, -7...]
[2025-04-23T03:54:28.476+0000] {cursor.py:1041} INFO - query execution done
[2025-04-23T03:54:28.480+0000] {cursor.py:1028} INFO - query: [MERGE INTO MBTA_VEHICLES AS target USING (SELECT 'y0784', '225', 42.2527348, -71...]
[2025-04-23T03:54:32.613+0000] {cursor.py:1041} INFO - query execution done
[2025-04-23T03:54:32.620+0000] {cursor.py:1028} INFO - query: [MERGE INTO MBTA_VEHICLES AS target USING (SELECT 'O-5482A848', 'Orange', 42.3651...]
[2025-04-23T03:54:36.434+0000] {cursor.py:1041} INFO - query execution done
[2025-04-23T03:54:36.437+0000] {cursor.py:1028} INFO - query: [MERGE INTO MBTA_VEHICLES AS target USING (SELECT 'y1919', '8', 42.33655629, -71....]
[2025-04-23T03:54:39.430+0000] {cursor.py:1041} INFO - query execution done
[2025-04-23T03:54:39.439+0000] {cursor.py:1028} INFO - query: [MERGE INTO MBTA_VEHICLES AS target USING (SELECT 'y3155', '77', 42.389476449, -7...]
[2025-04-23T03:54:42.880+0000] {cursor.py:1041} INFO - query execution done
[2025-04-23T03:54:42.907+0000] {cursor.py:1028} INFO - query: [MERGE INTO MBTA_VEHICLES AS target USING (SELECT 'y1632', '24', 42.25277255, -71...]
[2025-04-23T03:54:45.968+0000] {cursor.py:1041} INFO - query execution done
[2025-04-23T03:54:45.989+0000] {cursor.py:1028} INFO - query: [MERGE INTO MBTA_VEHICLES AS target USING (SELECT 'dLF 958', '714', 42.25007411, ...]
[2025-04-23T03:54:51.573+0000] {cursor.py:1041} INFO - query execution done
[2025-04-23T03:54:54.681+0000] {cursor.py:1028} INFO - query: [MERGE INTO MBTA_VEHICLES AS target USING (SELECT '1864', 'CR-Providence', 42.282...]
[2025-04-23T03:54:59.120+0000] {cursor.py:1041} INFO - query execution done
[2025-04-23T03:54:59.148+0000] {cursor.py:1028} INFO - query: [MERGE INTO MBTA_VEHICLES AS target USING (SELECT 'y1918', '45', 42.333881349, -7...]
[2025-04-23T03:55:02.044+0000] {cursor.py:1041} INFO - query execution done
[2025-04-23T03:55:02.064+0000] {cursor.py:1028} INFO - query: [MERGE INTO MBTA_VEHICLES AS target USING (SELECT 'y1771', '1', 42.33317309, -71....]
[2025-04-23T03:55:06.118+0000] {cursor.py:1041} INFO - query execution done
[2025-04-23T03:55:06.166+0000] {cursor.py:1028} INFO - query: [MERGE INTO MBTA_VEHICLES AS target USING (SELECT 'y2038', '104', 42.41204632, -7...]
[2025-04-23T03:55:08.990+0000] {cursor.py:1041} INFO - query execution done
[2025-04-23T03:55:08.994+0000] {cursor.py:1028} INFO - query: [MERGE INTO MBTA_VEHICLES AS target USING (SELECT 'y1265', '28', 42.32896413, -71...]
[2025-04-23T03:55:12.409+0000] {cursor.py:1041} INFO - query execution done
[2025-04-23T03:55:12.413+0000] {cursor.py:1028} INFO - query: [MERGE INTO MBTA_VEHICLES AS target USING (SELECT 'R-54828407', 'Red', 42.26685, ...]
[2025-04-23T03:55:15.389+0000] {cursor.py:1041} INFO - query execution done
[2025-04-23T03:55:15.402+0000] {cursor.py:1028} INFO - query: [MERGE INTO MBTA_VEHICLES AS target USING (SELECT 'y1904', '16', 42.31883742, -71...]
[2025-04-23T03:55:18.621+0000] {cursor.py:1041} INFO - query execution done
[2025-04-23T03:55:18.653+0000] {cursor.py:1028} INFO - query: [MERGE INTO MBTA_VEHICLES AS target USING (SELECT 'B-5482A828', 'Blue', 42.4135, ...]
[2025-04-23T03:55:22.928+0000] {cursor.py:1041} INFO - query execution done
[2025-04-23T03:55:22.968+0000] {cursor.py:1028} INFO - query: [MERGE INTO MBTA_VEHICLES AS target USING (SELECT 'y2080', '91', 42.37668227, -71...]
[2025-04-23T03:55:26.871+0000] {cursor.py:1041} INFO - query execution done
[2025-04-23T03:55:26.881+0000] {cursor.py:1028} INFO - query: [MERGE INTO MBTA_VEHICLES AS target USING (SELECT 'y1949', '71', 42.37260321, -71...]
[2025-04-23T03:55:29.822+0000] {cursor.py:1041} INFO - query execution done
[2025-04-23T03:55:29.827+0000] {cursor.py:1028} INFO - query: [MERGE INTO MBTA_VEHICLES AS target USING (SELECT 'y1786', '57', 42.357884169, -7...]
[2025-04-23T03:55:33.085+0000] {cursor.py:1041} INFO - query execution done
[2025-04-23T03:55:33.089+0000] {cursor.py:1028} INFO - query: [MERGE INTO MBTA_VEHICLES AS target USING (SELECT 'y1810', '47', 42.34542165, -71...]
[2025-04-23T03:55:36.350+0000] {cursor.py:1041} INFO - query execution done
[2025-04-23T03:55:36.363+0000] {cursor.py:1028} INFO - query: [MERGE INTO MBTA_VEHICLES AS target USING (SELECT 'y2103', '86', 42.37578492, -71...]
[2025-04-23T03:55:39.514+0000] {cursor.py:1041} INFO - query execution done
[2025-04-23T03:55:39.518+0000] {cursor.py:1028} INFO - query: [MERGE INTO MBTA_VEHICLES AS target USING (SELECT 'y1993', '80', 42.40705741, -71...]
[2025-04-23T03:55:42.251+0000] {cursor.py:1041} INFO - query execution done
[2025-04-23T03:55:42.266+0000] {cursor.py:1028} INFO - query: [MERGE INTO MBTA_VEHICLES AS target USING (SELECT '1804', 'CR-Newburyport', 42.39...]
[2025-04-23T03:55:44.804+0000] {cursor.py:1041} INFO - query execution done
[2025-04-23T03:55:44.808+0000] {cursor.py:1028} INFO - query: [MERGE INTO MBTA_VEHICLES AS target USING (SELECT 'R-54826ECF', 'Red', 42.34509, ...]
