[2025-04-21T04:55:05.319+0000] {taskinstance.py:1956} INFO - Dependencies all met for dep_context=non-requeueable deps ti=<TaskInstance: mbta_ingestion_dag.load_to_snowflake scheduled__2025-04-21T04:50:00+00:00 [queued]>
[2025-04-21T04:55:05.323+0000] {taskinstance.py:1956} INFO - Dependencies all met for dep_context=requeueable deps ti=<TaskInstance: mbta_ingestion_dag.load_to_snowflake scheduled__2025-04-21T04:50:00+00:00 [queued]>
[2025-04-21T04:55:05.323+0000] {taskinstance.py:2170} INFO - Starting attempt 1 of 2
[2025-04-21T04:55:05.328+0000] {taskinstance.py:2191} INFO - Executing <Task(PythonOperator): load_to_snowflake> on 2025-04-21 04:50:00+00:00
[2025-04-21T04:55:05.332+0000] {standard_task_runner.py:60} INFO - Started process 376 to run task
[2025-04-21T04:55:05.335+0000] {standard_task_runner.py:87} INFO - Running: ['***', 'tasks', 'run', 'mbta_ingestion_dag', 'load_to_snowflake', 'scheduled__2025-04-21T04:50:00+00:00', '--job-id', '9', '--raw', '--subdir', 'DAGS_FOLDER/mbta_ingestion_dag.py', '--cfg-path', '/tmp/tmpjp89g30x']
[2025-04-21T04:55:05.337+0000] {standard_task_runner.py:88} INFO - Job 9: Subtask load_to_snowflake
[2025-04-21T04:55:05.349+0000] {logging_mixin.py:188} WARNING - /home/***/.local/lib/python3.9/site-packages/***/settings.py:194 DeprecationWarning: The sql_alchemy_conn option in [core] has been moved to the sql_alchemy_conn option in [database] - the old setting has been used, but please update your config.
[2025-04-21T04:55:05.374+0000] {task_command.py:423} INFO - Running <TaskInstance: mbta_ingestion_dag.load_to_snowflake scheduled__2025-04-21T04:50:00+00:00 [running]> on host ccfa778671f7
[2025-04-21T04:55:05.413+0000] {taskinstance.py:2480} INFO - Exporting env vars: AIRFLOW_CTX_DAG_OWNER='***' AIRFLOW_CTX_DAG_ID='mbta_ingestion_dag' AIRFLOW_CTX_TASK_ID='load_to_snowflake' AIRFLOW_CTX_EXECUTION_DATE='2025-04-21T04:50:00+00:00' AIRFLOW_CTX_TRY_NUMBER='1' AIRFLOW_CTX_DAG_RUN_ID='scheduled__2025-04-21T04:50:00+00:00'
[2025-04-21T04:55:05.414+0000] {mbta_ingestion_dag.py:35} INFO - 🚀 Launching Kafka consumer to process and load data into Snowflake...
[2025-04-21T04:55:05.414+0000] {connection.py:370} INFO - Snowflake Connector for Python Version: 3.6.0, Python Version: 3.9.18, Platform: Linux-6.10.14-linuxkit-aarch64-with-glibc2.36
[2025-04-21T04:55:05.415+0000] {connection.py:1171} INFO - This connection is in OCSP Fail Open Mode. TLS Certificates would be checked for validity and revocation status. Any other Certificate Revocation related exceptions or OCSP Responder failures would be disregarded in favor of connectivity.
[2025-04-21T04:55:06.022+0000] {mbta_kafka_consumer.py:45} INFO - ✅ Connected to Snowflake successfully.
[2025-04-21T04:55:06.023+0000] {mbta_kafka_consumer.py:219} INFO - 🚀 Starting MBTA Kafka Consumer...
[2025-04-21T04:55:06.025+0000] {conn.py:395} INFO - <BrokerConnection client_id=kafka-python-2.1.5, node_id=bootstrap-0 host=kafka:9092 <connecting> [IPv4 ('172.18.0.4', 9092)]>: connecting to kafka:9092 [('172.18.0.4', 9092) IPv4]
[2025-04-21T04:55:06.032+0000] {conn.py:615} INFO - <BrokerConnection client_id=kafka-python-2.1.5, node_id=bootstrap-0 host=kafka:9092 <checking_api_versions_recv> [IPv4 ('172.18.0.4', 9092)]>: Broker version identified as 2.6
[2025-04-21T04:55:06.032+0000] {conn.py:456} INFO - <BrokerConnection client_id=kafka-python-2.1.5, node_id=bootstrap-0 host=kafka:9092 <connected> [IPv4 ('172.18.0.4', 9092)]>: Connection complete.
[2025-04-21T04:55:06.033+0000] {consumer.py:119} WARNING - group_id is None: disabling auto-commit.
[2025-04-21T04:55:06.034+0000] {subscription_state.py:182} INFO - Updating subscribed topics to: ('mbta_alerts', 'mbta_routes', 'mbta_stops', 'mbta_vehicles', 'mbta_predictions')
[2025-04-21T04:55:06.037+0000] {subscription_state.py:254} INFO - Updated partition assignment: [('mbta_routes', 0), ('mbta_vehicles', 0), ('mbta_stops', 0), ('mbta_alerts', 0), ('mbta_predictions', 0)]
[2025-04-21T04:55:06.039+0000] {conn.py:395} INFO - <BrokerConnection client_id=kafka-python-2.1.5, node_id=1 host=kafka:9092 <connecting> [IPv4 ('172.18.0.4', 9092)]>: connecting to kafka:9092 [('172.18.0.4', 9092) IPv4]
[2025-04-21T04:55:06.039+0000] {conn.py:456} INFO - <BrokerConnection client_id=kafka-python-2.1.5, node_id=1 host=kafka:9092 <connected> [IPv4 ('172.18.0.4', 9092)]>: Connection complete.
[2025-04-21T04:55:06.040+0000] {conn.py:936} INFO - <BrokerConnection client_id=kafka-python-2.1.5, node_id=bootstrap-0 host=kafka:9092 <connected> [IPv4 ('172.18.0.4', 9092)]>: Closing connection. 
[2025-04-21T04:55:06.377+0000] {mbta_kafka_consumer.py:233} INFO - 📥 Received 178 records from topic: mbta_routes
[2025-04-21T04:55:06.402+0000] {mbta_kafka_consumer.py:56} INFO - 🔍 Sample data for MBTA_ROUTES:
[2025-04-21T04:55:06.402+0000] {mbta_kafka_consumer.py:57} INFO - 
   ROUTE_ID        ROUTE_NAME  ...  ROUTE_COLOR                 CREATED_AT
0       Red          Red Line  ...       DA291C 2025-04-21 04:55:06.377829
1  Mattapan  Mattapan Trolley  ...       DA291C 2025-04-21 04:55:06.377831
2    Orange       Orange Line  ...       ED8B00 2025-04-21 04:55:06.377833
3   Green-B      Green Line B  ...       00843D 2025-04-21 04:55:06.377834
4   Green-C      Green Line C  ...       00843D 2025-04-21 04:55:06.377835

[5 rows x 5 columns]
[2025-04-21T04:55:06.412+0000] {cursor.py:1028} INFO - query: [SELECT * FROM MBTA_ROUTES WHERE ROUTE_ID IN ('Red','Mattapan','Orange','Green-B'...]
[2025-04-21T04:55:06.605+0000] {cursor.py:1041} INFO - query execution done
[2025-04-21T04:55:06.606+0000] {cursor.py:1205} INFO - Number of results in first chunk: 0
[2025-04-21T04:55:07.104+0000] {mbta_kafka_consumer.py:104} INFO - 🔁 0 new/updated records out of 178 incoming records (some may be duplicate VEHICLE_IDs) for MBTA_ROUTES
[2025-04-21T04:55:07.105+0000] {mbta_kafka_consumer.py:107} INFO - ✅ All 178 records already up-to-date in MBTA_ROUTES, no merge needed.
[2025-04-21T04:55:07.106+0000] {mbta_kafka_consumer.py:233} INFO - 📥 Received 104 records from topic: mbta_alerts
[2025-04-21T04:55:07.109+0000] {mbta_kafka_consumer.py:56} INFO - 🔍 Sample data for MBTA_ALERTS:
[2025-04-21T04:55:07.109+0000] {mbta_kafka_consumer.py:57} INFO - 
  ALERT_ID  ...                 CREATED_AT
0   638240  ...  2025-04-16T10:52:04-04:00
1   638657  ...  2025-04-18T10:54:16-04:00
2   435698  ...  2022-03-15T10:13:31-04:00
3   634497  ...  2025-03-27T14:21:07-04:00
4   634495  ...  2025-03-27T14:18:44-04:00

[5 rows x 6 columns]
[2025-04-21T04:55:07.118+0000] {cursor.py:1028} INFO - query: [SELECT * FROM MBTA_ALERTS WHERE ALERT_ID IN ('638240','638657','435698','634497'...]
[2025-04-21T04:55:07.285+0000] {cursor.py:1041} INFO - query execution done
[2025-04-21T04:55:07.286+0000] {cursor.py:1205} INFO - Number of results in first chunk: 0
[2025-04-21T04:55:07.445+0000] {mbta_kafka_consumer.py:104} INFO - 🔁 0 new/updated records out of 104 incoming records (some may be duplicate VEHICLE_IDs) for MBTA_ALERTS
[2025-04-21T04:55:07.446+0000] {mbta_kafka_consumer.py:107} INFO - ✅ All 104 records already up-to-date in MBTA_ALERTS, no merge needed.
[2025-04-21T04:55:07.446+0000] {mbta_kafka_consumer.py:233} INFO - 📥 Received 1000 records from topic: mbta_stops
[2025-04-21T04:55:07.456+0000] {mbta_kafka_consumer.py:56} INFO - 🔍 Sample data for MBTA_STOPS:
[2025-04-21T04:55:07.457+0000] {mbta_kafka_consumer.py:57} INFO - 
          STOP_ID  ...                 CREATED_AT
0            5682  ... 2025-04-21 04:55:07.447092
1           50620  ... 2025-04-21 04:55:07.447095
2  node-417-lobby  ... 2025-04-21 04:55:07.447096
3            4042  ... 2025-04-21 04:55:07.447097
4          109822  ... 2025-04-21 04:55:07.447098

[5 rows x 5 columns]
[2025-04-21T04:55:07.466+0000] {cursor.py:1028} INFO - query: [SELECT * FROM MBTA_STOPS WHERE STOP_ID IN ('5682','50620','node-417-lobby','4042...]
[2025-04-21T04:55:08.068+0000] {cursor.py:1041} INFO - query execution done
[2025-04-21T04:55:08.073+0000] {cursor.py:1205} INFO - Number of results in first chunk: 1766
[2025-04-21T04:55:08.923+0000] {mbta_kafka_consumer.py:104} INFO - 🔁 0 new/updated records out of 1000 incoming records (some may be duplicate VEHICLE_IDs) for MBTA_STOPS
[2025-04-21T04:55:08.928+0000] {mbta_kafka_consumer.py:107} INFO - ✅ All 1000 records already up-to-date in MBTA_STOPS, no merge needed.
[2025-04-21T04:55:08.930+0000] {mbta_kafka_consumer.py:233} INFO - 📥 Received 218 records from topic: mbta_vehicles
[2025-04-21T04:55:08.939+0000] {mbta_kafka_consumer.py:56} INFO - 🔍 Sample data for MBTA_VEHICLES:
[2025-04-21T04:55:08.940+0000] {mbta_kafka_consumer.py:57} INFO - 
  VEHICLE_ID         ROUTE_ID  ...         STATUS                 CREATED_AT
0    G-10062          Green-B  ...    INCOMING_AT 2025-04-21 04:55:08.930630
1       1832    CR-Providence  ...  IN_TRANSIT_TO 2025-04-21 04:55:08.930659
2      y3136               93  ...  IN_TRANSIT_TO 2025-04-21 04:55:08.930666
3      y1619              34E  ...  IN_TRANSIT_TO 2025-04-21 04:55:08.930667
4      y1709  Shuttle-Generic  ...  IN_TRANSIT_TO 2025-04-21 04:55:08.930670

[5 rows x 8 columns]
[2025-04-21T04:55:08.952+0000] {cursor.py:1028} INFO - query: [SELECT * FROM MBTA_VEHICLES WHERE VEHICLE_ID IN ('G-10062','1832','y3136','y1619...]
[2025-04-21T04:55:09.192+0000] {cursor.py:1041} INFO - query execution done
[2025-04-21T04:55:09.193+0000] {cursor.py:1205} INFO - Number of results in first chunk: 234
[2025-04-21T04:55:09.216+0000] {mbta_kafka_consumer.py:104} INFO - 🔁 0 new/updated records out of 218 incoming records (some may be duplicate VEHICLE_IDs) for MBTA_VEHICLES
[2025-04-21T04:55:09.216+0000] {mbta_kafka_consumer.py:107} INFO - ✅ All 218 records already up-to-date in MBTA_VEHICLES, no merge needed.
[2025-04-21T04:55:09.216+0000] {mbta_kafka_consumer.py:233} INFO - 📥 Received 10 records from topic: mbta_predictions
[2025-04-21T04:55:09.219+0000] {mbta_kafka_consumer.py:56} INFO - 🔍 Sample data for MBTA_PREDICTIONS:
[2025-04-21T04:55:09.219+0000] {mbta_kafka_consumer.py:57} INFO - 
                               PREDICTION_ID  ...                 CREATED_AT
0           prediction-68172531-70079-90-Red  ... 2025-04-21 04:55:09.217141
1          prediction-68172382-70080-130-Red  ... 2025-04-21 04:55:09.217171
2          prediction-68172383-70080-130-Red  ... 2025-04-21 04:55:09.217183
3          prediction-68172384-70080-130-Red  ... 2025-04-21 04:55:09.217187
4  prediction-ADDED-1582318077-70080-130-Red  ... 2025-04-21 04:55:09.217189

[5 rows x 9 columns]
[2025-04-21T04:55:09.228+0000] {cursor.py:1028} INFO - query: [SELECT * FROM MBTA_PREDICTIONS WHERE PREDICTION_ID IN ('prediction-68172531-7007...]
[2025-04-21T04:55:09.459+0000] {cursor.py:1041} INFO - query execution done
[2025-04-21T04:55:09.461+0000] {cursor.py:1205} INFO - Number of results in first chunk: 10
[2025-04-21T04:55:09.469+0000] {mbta_kafka_consumer.py:104} INFO - 🔁 10 new/updated records out of 10 incoming records (some may be duplicate VEHICLE_IDs) for MBTA_PREDICTIONS
[2025-04-21T04:55:09.470+0000] {cursor.py:1028} INFO - query: [MERGE INTO MBTA_PREDICTIONS AS target USING (SELECT 'prediction-68172531-70079-9...]
[2025-04-21T04:55:09.945+0000] {cursor.py:1041} INFO - query execution done
[2025-04-21T04:55:09.948+0000] {cursor.py:1028} INFO - query: [MERGE INTO MBTA_PREDICTIONS AS target USING (SELECT 'prediction-68172382-70080-1...]
[2025-04-21T04:55:10.473+0000] {cursor.py:1041} INFO - query execution done
[2025-04-21T04:55:10.474+0000] {cursor.py:1028} INFO - query: [MERGE INTO MBTA_PREDICTIONS AS target USING (SELECT 'prediction-68172383-70080-1...]
[2025-04-21T04:55:10.991+0000] {cursor.py:1041} INFO - query execution done
[2025-04-21T04:55:10.995+0000] {cursor.py:1028} INFO - query: [MERGE INTO MBTA_PREDICTIONS AS target USING (SELECT 'prediction-68172384-70080-1...]
[2025-04-21T04:55:11.566+0000] {cursor.py:1041} INFO - query execution done
[2025-04-21T04:55:11.567+0000] {cursor.py:1028} INFO - query: [MERGE INTO MBTA_PREDICTIONS AS target USING (SELECT 'prediction-ADDED-1582318077...]
[2025-04-21T04:55:12.123+0000] {cursor.py:1041} INFO - query execution done
[2025-04-21T04:55:12.129+0000] {cursor.py:1028} INFO - query: [MERGE INTO MBTA_PREDICTIONS AS target USING (SELECT 'prediction-68172388-70079-9...]
[2025-04-21T04:55:12.752+0000] {cursor.py:1041} INFO - query execution done
[2025-04-21T04:55:12.761+0000] {cursor.py:1028} INFO - query: [MERGE INTO MBTA_PREDICTIONS AS target USING (SELECT 'prediction-ADDED-1582318041...]
[2025-04-21T04:55:13.363+0000] {cursor.py:1041} INFO - query execution done
[2025-04-21T04:55:13.382+0000] {cursor.py:1028} INFO - query: [MERGE INTO MBTA_PREDICTIONS AS target USING (SELECT 'prediction-ADDED-1582318079...]
[2025-04-21T04:55:13.964+0000] {cursor.py:1041} INFO - query execution done
[2025-04-21T04:55:13.975+0000] {cursor.py:1028} INFO - query: [MERGE INTO MBTA_PREDICTIONS AS target USING (SELECT 'prediction-68172387-70080-1...]
[2025-04-21T04:55:14.650+0000] {cursor.py:1041} INFO - query execution done
[2025-04-21T04:55:14.670+0000] {cursor.py:1028} INFO - query: [MERGE INTO MBTA_PREDICTIONS AS target USING (SELECT 'prediction-ADDED-1582318044...]
[2025-04-21T04:55:15.176+0000] {cursor.py:1041} INFO - query execution done
[2025-04-21T04:55:15.179+0000] {cursor.py:1028} INFO - query: [COMMIT]
[2025-04-21T04:55:15.322+0000] {cursor.py:1041} INFO - query execution done
[2025-04-21T04:55:15.323+0000] {cursor.py:1205} INFO - Number of results in first chunk: 1
[2025-04-21T04:55:15.324+0000] {mbta_kafka_consumer.py:139} INFO - ✅ Merged 10 new/changed records into Snowflake table: MBTA_PREDICTIONS in 6.10 seconds
[2025-04-21T04:55:15.509+0000] {mbta_kafka_consumer.py:233} INFO - 📥 Received 1000 records from topic: mbta_stops
[2025-04-21T04:55:15.534+0000] {mbta_kafka_consumer.py:56} INFO - 🔍 Sample data for MBTA_STOPS:
[2025-04-21T04:55:15.535+0000] {mbta_kafka_consumer.py:57} INFO - 
  STOP_ID                 STOP_NAME  ...  LONGITUDE                 CREATED_AT
0    6835     Olive St @ Fayette St  ... -70.935201 2025-04-21 04:55:15.510088
1    1340   Walnut Ave @ Circuit St  ... -71.083985 2025-04-21 04:55:15.510090
2   45406     Main St @ Winthrop St  ... -71.062034 2025-04-21 04:55:15.510091
3    4297    N Main St @ Charles St  ... -71.059709 2025-04-21 04:55:15.510092
4    8332  Readville St opp Como Rd  ... -71.135558 2025-04-21 04:55:15.510093

[5 rows x 5 columns]
[2025-04-21T04:55:15.543+0000] {cursor.py:1028} INFO - query: [SELECT * FROM MBTA_STOPS WHERE STOP_ID IN ('6835','1340','45406','4297','8332','...]
[2025-04-21T04:55:15.705+0000] {cursor.py:1041} INFO - query execution done
[2025-04-21T04:55:15.707+0000] {cursor.py:1205} INFO - Number of results in first chunk: 0
[2025-04-21T04:55:17.009+0000] {mbta_kafka_consumer.py:104} INFO - 🔁 0 new/updated records out of 1000 incoming records (some may be duplicate VEHICLE_IDs) for MBTA_STOPS
[2025-04-21T04:55:17.012+0000] {mbta_kafka_consumer.py:107} INFO - ✅ All 1000 records already up-to-date in MBTA_STOPS, no merge needed.
[2025-04-21T04:55:17.147+0000] {mbta_kafka_consumer.py:233} INFO - 📥 Received 1000 records from topic: mbta_stops
[2025-04-21T04:55:17.170+0000] {mbta_kafka_consumer.py:56} INFO - 🔍 Sample data for MBTA_STOPS:
[2025-04-21T04:55:17.173+0000] {mbta_kafka_consumer.py:57} INFO - 
      STOP_ID  ...                 CREATED_AT
0        1682  ... 2025-04-21 04:55:17.147698
1       70258  ... 2025-04-21 04:55:17.147700
2        3225  ... 2025-04-21 04:55:17.147701
3  WR-0085-B1  ... 2025-04-21 04:55:17.147704
4        6161  ... 2025-04-21 04:55:17.147706

[5 rows x 5 columns]
[2025-04-21T04:55:17.197+0000] {cursor.py:1028} INFO - query: [SELECT * FROM MBTA_STOPS WHERE STOP_ID IN ('1682','70258','3225','WR-0085-B1','6...]
[2025-04-21T04:55:17.374+0000] {cursor.py:1041} INFO - query execution done
[2025-04-21T04:55:17.381+0000] {cursor.py:1205} INFO - Number of results in first chunk: 0
[2025-04-21T04:55:17.794+0000] {mbta_kafka_consumer.py:104} INFO - 🔁 0 new/updated records out of 1000 incoming records (some may be duplicate VEHICLE_IDs) for MBTA_STOPS
[2025-04-21T04:55:17.795+0000] {mbta_kafka_consumer.py:107} INFO - ✅ All 1000 records already up-to-date in MBTA_STOPS, no merge needed.
[2025-04-21T04:55:17.900+0000] {mbta_kafka_consumer.py:233} INFO - 📥 Received 1000 records from topic: mbta_stops
[2025-04-21T04:55:17.908+0000] {mbta_kafka_consumer.py:56} INFO - 🔍 Sample data for MBTA_STOPS:
[2025-04-21T04:55:17.909+0000] {mbta_kafka_consumer.py:57} INFO - 
  STOP_ID                  STOP_NAME  ...  LONGITUDE                 CREATED_AT
0     393    Warren St @ Woodbine St  ... -71.081380 2025-04-21 04:55:17.903585
1    4755  Ocean St opp Michigan Ave  ... -70.924489 2025-04-21 04:55:17.903587
2   45830   Cooledge St @ Raymond Rd  ... -71.015192 2025-04-21 04:55:17.903587
3  111146            Pemberton Point  ... -70.919766 2025-04-21 04:55:17.903588
4    1372     Harvard St @ Beacon St  ... -71.121143 2025-04-21 04:55:17.903589

[5 rows x 5 columns]
[2025-04-21T04:55:17.913+0000] {cursor.py:1028} INFO - query: [SELECT * FROM MBTA_STOPS WHERE STOP_ID IN ('393','4755','45830','111146','1372',...]
[2025-04-21T04:55:18.077+0000] {cursor.py:1041} INFO - query execution done
[2025-04-21T04:55:18.077+0000] {cursor.py:1205} INFO - Number of results in first chunk: 0
[2025-04-21T04:55:19.183+0000] {mbta_kafka_consumer.py:104} INFO - 🔁 0 new/updated records out of 1000 incoming records (some may be duplicate VEHICLE_IDs) for MBTA_STOPS
[2025-04-21T04:55:19.183+0000] {mbta_kafka_consumer.py:107} INFO - ✅ All 1000 records already up-to-date in MBTA_STOPS, no merge needed.
[2025-04-21T04:55:19.280+0000] {mbta_kafka_consumer.py:233} INFO - 📥 Received 1000 records from topic: mbta_stops
[2025-04-21T04:55:19.566+0000] {mbta_kafka_consumer.py:56} INFO - 🔍 Sample data for MBTA_STOPS:
[2025-04-21T04:55:19.568+0000] {mbta_kafka_consumer.py:57} INFO - 
                        STOP_ID  ...                 CREATED_AT
0  node-alfcl-eaststairs-bottom  ... 2025-04-21 04:55:19.281412
1          node-spmnl-mfarepaid  ... 2025-04-21 04:55:19.281414
2      node-jfk-oldstaire-lobby  ... 2025-04-21 04:55:19.281415
3                          2374  ... 2025-04-21 04:55:19.281416
4                          3373  ... 2025-04-21 04:55:19.281417

[5 rows x 5 columns]
[2025-04-21T04:55:19.575+0000] {cursor.py:1028} INFO - query: [SELECT * FROM MBTA_STOPS WHERE STOP_ID IN ('node-alfcl-eaststairs-bottom','node-...]
[2025-04-21T04:55:19.729+0000] {cursor.py:1041} INFO - query execution done
[2025-04-21T04:55:19.729+0000] {cursor.py:1205} INFO - Number of results in first chunk: 0
[2025-04-21T04:55:20.012+0000] {mbta_kafka_consumer.py:104} INFO - 🔁 0 new/updated records out of 1000 incoming records (some may be duplicate VEHICLE_IDs) for MBTA_STOPS
[2025-04-21T04:55:20.012+0000] {mbta_kafka_consumer.py:107} INFO - ✅ All 1000 records already up-to-date in MBTA_STOPS, no merge needed.
[2025-04-21T04:55:20.115+0000] {mbta_kafka_consumer.py:233} INFO - 📥 Received 1000 records from topic: mbta_stops
[2025-04-21T04:55:20.121+0000] {mbta_kafka_consumer.py:56} INFO - 🔍 Sample data for MBTA_STOPS:
[2025-04-21T04:55:20.121+0000] {mbta_kafka_consumer.py:57} INFO - 
     STOP_ID                   STOP_NAME  ...  LONGITUDE                 CREATED_AT
0  FB-0177-S               Plimptonville  ... -71.236125 2025-04-21 04:55:20.116573
1       9183      Main St opp Charles St  ... -71.068964 2025-04-21 04:55:20.116575
2      64002  Dudley St @ Nubian Station  ... -71.084633 2025-04-21 04:55:20.116575
3      70033                  Wellington  ... -71.077150 2025-04-21 04:55:20.116576
4      81916        Lee St @ Boylston St  ... -71.140511 2025-04-21 04:55:20.116576

[5 rows x 5 columns]
[2025-04-21T04:55:20.125+0000] {cursor.py:1028} INFO - query: [SELECT * FROM MBTA_STOPS WHERE STOP_ID IN ('FB-0177-S','9183','64002','70033','8...]
[2025-04-21T04:55:20.354+0000] {cursor.py:1041} INFO - query execution done
[2025-04-21T04:55:20.354+0000] {cursor.py:1205} INFO - Number of results in first chunk: 0
[2025-04-21T04:55:20.638+0000] {mbta_kafka_consumer.py:104} INFO - 🔁 0 new/updated records out of 1000 incoming records (some may be duplicate VEHICLE_IDs) for MBTA_STOPS
[2025-04-21T04:55:20.638+0000] {mbta_kafka_consumer.py:107} INFO - ✅ All 1000 records already up-to-date in MBTA_STOPS, no merge needed.
[2025-04-21T04:55:20.736+0000] {mbta_kafka_consumer.py:233} INFO - 📥 Received 1000 records from topic: mbta_stops
[2025-04-21T04:55:20.747+0000] {mbta_kafka_consumer.py:56} INFO - 🔍 Sample data for MBTA_STOPS:
[2025-04-21T04:55:20.747+0000] {mbta_kafka_consumer.py:57} INFO - 
             STOP_ID  ...                 CREATED_AT
0  node-301-platform  ... 2025-04-21 04:55:20.737610
1               8535  ... 2025-04-21 04:55:20.737612
2              86122  ... 2025-04-21 04:55:20.737613
3               2742  ... 2025-04-21 04:55:20.737615
4     node-800-lobby  ... 2025-04-21 04:55:20.737616

[5 rows x 5 columns]
[2025-04-21T04:55:20.751+0000] {cursor.py:1028} INFO - query: [SELECT * FROM MBTA_STOPS WHERE STOP_ID IN ('node-301-platform','8535','86122','2...]
[2025-04-21T04:55:20.920+0000] {cursor.py:1041} INFO - query execution done
[2025-04-21T04:55:20.921+0000] {cursor.py:1205} INFO - Number of results in first chunk: 0
[2025-04-21T04:55:21.279+0000] {mbta_kafka_consumer.py:104} INFO - 🔁 0 new/updated records out of 1000 incoming records (some may be duplicate VEHICLE_IDs) for MBTA_STOPS
[2025-04-21T04:55:21.279+0000] {mbta_kafka_consumer.py:107} INFO - ✅ All 1000 records already up-to-date in MBTA_STOPS, no merge needed.
[2025-04-21T04:55:21.379+0000] {mbta_kafka_consumer.py:233} INFO - 📥 Received 1000 records from topic: mbta_stops
[2025-04-21T04:55:21.386+0000] {mbta_kafka_consumer.py:56} INFO - 🔍 Sample data for MBTA_STOPS:
[2025-04-21T04:55:21.387+0000] {mbta_kafka_consumer.py:57} INFO - 
  STOP_ID  ...                 CREATED_AT
0    8259  ... 2025-04-21 04:55:21.380091
1    8261  ... 2025-04-21 04:55:21.380093
2    7696  ... 2025-04-21 04:55:21.380094
3    8803  ... 2025-04-21 04:55:21.380095
4   70121  ... 2025-04-21 04:55:21.380095

[5 rows x 5 columns]
[2025-04-21T04:55:21.391+0000] {cursor.py:1028} INFO - query: [SELECT * FROM MBTA_STOPS WHERE STOP_ID IN ('8259','8261','7696','8803','70121','...]
[2025-04-21T04:55:21.574+0000] {cursor.py:1041} INFO - query execution done
[2025-04-21T04:55:21.576+0000] {cursor.py:1205} INFO - Number of results in first chunk: 0
[2025-04-21T04:55:22.045+0000] {mbta_kafka_consumer.py:104} INFO - 🔁 0 new/updated records out of 1000 incoming records (some may be duplicate VEHICLE_IDs) for MBTA_STOPS
[2025-04-21T04:55:22.049+0000] {mbta_kafka_consumer.py:107} INFO - ✅ All 1000 records already up-to-date in MBTA_STOPS, no merge needed.
[2025-04-21T04:55:22.180+0000] {mbta_kafka_consumer.py:233} INFO - 📥 Received 1000 records from topic: mbta_stops
[2025-04-21T04:55:22.190+0000] {mbta_kafka_consumer.py:56} INFO - 🔍 Sample data for MBTA_STOPS:
[2025-04-21T04:55:22.192+0000] {mbta_kafka_consumer.py:57} INFO - 
                               STOP_ID  ...                 CREATED_AT
0                                30088  ... 2025-04-21 04:55:22.184176
1                                24488  ... 2025-04-21 04:55:22.184178
2  node-cntsq-prospectstair-fareunpaid  ... 2025-04-21 04:55:22.184180
3                                   15  ... 2025-04-21 04:55:22.184180
4                                 9143  ... 2025-04-21 04:55:22.184181

[5 rows x 5 columns]
[2025-04-21T04:55:22.199+0000] {cursor.py:1028} INFO - query: [SELECT * FROM MBTA_STOPS WHERE STOP_ID IN ('30088','24488','node-cntsq-prospects...]
[2025-04-21T04:55:22.378+0000] {cursor.py:1041} INFO - query execution done
[2025-04-21T04:55:22.379+0000] {cursor.py:1205} INFO - Number of results in first chunk: 0
[2025-04-21T04:55:22.826+0000] {mbta_kafka_consumer.py:104} INFO - 🔁 0 new/updated records out of 1000 incoming records (some may be duplicate VEHICLE_IDs) for MBTA_STOPS
[2025-04-21T04:55:22.827+0000] {mbta_kafka_consumer.py:107} INFO - ✅ All 1000 records already up-to-date in MBTA_STOPS, no merge needed.
[2025-04-21T04:55:22.958+0000] {mbta_kafka_consumer.py:233} INFO - 📥 Received 1000 records from topic: mbta_stops
[2025-04-21T04:55:22.969+0000] {mbta_kafka_consumer.py:56} INFO - 🔍 Sample data for MBTA_STOPS:
[2025-04-21T04:55:22.969+0000] {mbta_kafka_consumer.py:57} INFO - 
  STOP_ID                  STOP_NAME  ...  LONGITUDE                 CREATED_AT
0   13403          Opp 254 Quarry St  ... -71.020566 2025-04-21 04:55:22.959643
1    8464     South Rd @ Hartford St  ... -71.278624 2025-04-21 04:55:22.959647
2    7315     Chestnut St @ Adams St  ... -70.941609 2025-04-21 04:55:22.959649
3   12530  Prospect St @ Webster Ave  ... -71.095686 2025-04-21 04:55:22.959652
4    5831        Adams St @ Adams Ct  ... -71.016503 2025-04-21 04:55:22.959654

[5 rows x 5 columns]
[2025-04-21T04:55:22.978+0000] {cursor.py:1028} INFO - query: [SELECT * FROM MBTA_STOPS WHERE STOP_ID IN ('13403','8464','7315','12530','5831',...]
[2025-04-21T04:55:23.159+0000] {cursor.py:1041} INFO - query execution done
[2025-04-21T04:55:23.159+0000] {cursor.py:1205} INFO - Number of results in first chunk: 0
[2025-04-21T04:55:23.454+0000] {mbta_kafka_consumer.py:104} INFO - 🔁 0 new/updated records out of 1000 incoming records (some may be duplicate VEHICLE_IDs) for MBTA_STOPS
[2025-04-21T04:55:23.455+0000] {mbta_kafka_consumer.py:107} INFO - ✅ All 1000 records already up-to-date in MBTA_STOPS, no merge needed.
[2025-04-21T04:55:23.456+0000] {mbta_kafka_consumer.py:233} INFO - 📥 Received 266 records from topic: mbta_stops
[2025-04-21T04:55:23.458+0000] {mbta_kafka_consumer.py:56} INFO - 🔍 Sample data for MBTA_STOPS:
[2025-04-21T04:55:23.459+0000] {mbta_kafka_consumer.py:57} INFO - 
                        STOP_ID  ...                 CREATED_AT
0                          1255  ... 2025-04-21 04:55:23.456211
1                       WR-0099  ... 2025-04-21 04:55:23.456212
2                          2203  ... 2025-04-21 04:55:23.456216
3  node-armnl-ebstairs-platform  ... 2025-04-21 04:55:23.456217
4                    NB-0064-B2  ... 2025-04-21 04:55:23.456217

[5 rows x 5 columns]
[2025-04-21T04:55:23.462+0000] {cursor.py:1028} INFO - query: [SELECT * FROM MBTA_STOPS WHERE STOP_ID IN ('1255','WR-0099','2203','node-armnl-e...]
[2025-04-21T04:55:23.639+0000] {cursor.py:1041} INFO - query execution done
[2025-04-21T04:55:23.639+0000] {cursor.py:1205} INFO - Number of results in first chunk: 0
[2025-04-21T04:55:23.820+0000] {mbta_kafka_consumer.py:104} INFO - 🔁 0 new/updated records out of 266 incoming records (some may be duplicate VEHICLE_IDs) for MBTA_STOPS
[2025-04-21T04:55:23.821+0000] {mbta_kafka_consumer.py:107} INFO - ✅ All 266 records already up-to-date in MBTA_STOPS, no merge needed.
[2025-04-21T04:55:27.908+0000] {conn.py:1153} ERROR - <BrokerConnection client_id=kafka-python-2.1.5, node_id=1 host=kafka:9092 <connected> [IPv4 ('172.18.0.4', 9092)]>: socket disconnected
[2025-04-21T04:55:27.928+0000] {conn.py:936} ERROR - <BrokerConnection client_id=kafka-python-2.1.5, node_id=1 host=kafka:9092 <connected> [IPv4 ('172.18.0.4', 9092)]>: Closing connection. KafkaConnectionError: socket disconnected
[2025-04-21T04:55:27.930+0000] {client_async.py:388} WARNING - Node 1 connection failed -- refreshing metadata
[2025-04-21T04:55:27.935+0000] {fetcher.py:735} ERROR - Fetch to node 1 failed: KafkaConnectionError: socket disconnected
[2025-04-21T04:55:27.939+0000] {fetcher.py:735} ERROR - Fetch to node 1 failed: NodeNotReadyError: 1
[2025-04-21T04:55:27.948+0000] {conn.py:395} INFO - <BrokerConnection client_id=kafka-python-2.1.5, node_id=1 host=kafka:9092 <connecting> [IPv4 ('172.18.0.4', 9092)]>: connecting to kafka:9092 [('172.18.0.4', 9092) IPv4]
[2025-04-21T04:55:27.952+0000] {conn.py:428} ERROR - <BrokerConnection client_id=kafka-python-2.1.5, node_id=1 host=kafka:9092 <connecting> [IPv4 ('172.18.0.4', 9092)]>: Connect attempt returned error 111. Disconnecting.
[2025-04-21T04:55:27.955+0000] {conn.py:936} ERROR - <BrokerConnection client_id=kafka-python-2.1.5, node_id=1 host=kafka:9092 <connecting> [IPv4 ('172.18.0.4', 9092)]>: Closing connection. KafkaConnectionError: 111 ECONNREFUSED
[2025-04-21T04:55:27.957+0000] {client_async.py:388} WARNING - Node 1 connection failed -- refreshing metadata
[2025-04-21T04:55:28.050+0000] {fetcher.py:735} ERROR - Fetch to node 1 failed: NodeNotReadyError: 1
[2025-04-21T04:55:28.053+0000] {conn.py:395} INFO - <BrokerConnection client_id=kafka-python-2.1.5, node_id=1 host=kafka:9092 <connecting> [IPv4 ('172.18.0.4', 9092)]>: connecting to kafka:9092 [('172.18.0.4', 9092) IPv4]
[2025-04-21T04:55:28.055+0000] {conn.py:428} ERROR - <BrokerConnection client_id=kafka-python-2.1.5, node_id=1 host=kafka:9092 <connecting> [IPv4 ('172.18.0.4', 9092)]>: Connect attempt returned error 111. Disconnecting.
[2025-04-21T04:55:28.056+0000] {conn.py:936} ERROR - <BrokerConnection client_id=kafka-python-2.1.5, node_id=1 host=kafka:9092 <connecting> [IPv4 ('172.18.0.4', 9092)]>: Closing connection. KafkaConnectionError: 111 ECONNREFUSED
[2025-04-21T04:55:28.057+0000] {client_async.py:388} WARNING - Node 1 connection failed -- refreshing metadata
[2025-04-21T04:55:28.226+0000] {fetcher.py:735} ERROR - Fetch to node 1 failed: NodeNotReadyError: 1
[2025-04-21T04:55:28.237+0000] {conn.py:395} INFO - <BrokerConnection client_id=kafka-python-2.1.5, node_id=1 host=kafka:9092 <connecting> [IPv4 ('172.18.0.4', 9092)]>: connecting to kafka:9092 [('172.18.0.4', 9092) IPv4]
[2025-04-21T04:55:28.239+0000] {conn.py:428} ERROR - <BrokerConnection client_id=kafka-python-2.1.5, node_id=1 host=kafka:9092 <connecting> [IPv4 ('172.18.0.4', 9092)]>: Connect attempt returned error 111. Disconnecting.
[2025-04-21T04:55:28.241+0000] {conn.py:936} ERROR - <BrokerConnection client_id=kafka-python-2.1.5, node_id=1 host=kafka:9092 <connecting> [IPv4 ('172.18.0.4', 9092)]>: Closing connection. KafkaConnectionError: 111 ECONNREFUSED
[2025-04-21T04:55:28.243+0000] {client_async.py:388} WARNING - Node 1 connection failed -- refreshing metadata
[2025-04-21T04:55:28.664+0000] {fetcher.py:735} ERROR - Fetch to node 1 failed: NodeNotReadyError: 1
[2025-04-21T04:55:28.689+0000] {conn.py:395} INFO - <BrokerConnection client_id=kafka-python-2.1.5, node_id=1 host=kafka:9092 <connecting> [IPv4 ('172.18.0.4', 9092)]>: connecting to kafka:9092 [('172.18.0.4', 9092) IPv4]
[2025-04-21T04:55:28.693+0000] {conn.py:428} ERROR - <BrokerConnection client_id=kafka-python-2.1.5, node_id=1 host=kafka:9092 <connecting> [IPv4 ('172.18.0.4', 9092)]>: Connect attempt returned error 111. Disconnecting.
[2025-04-21T04:55:28.694+0000] {conn.py:936} ERROR - <BrokerConnection client_id=kafka-python-2.1.5, node_id=1 host=kafka:9092 <connecting> [IPv4 ('172.18.0.4', 9092)]>: Closing connection. KafkaConnectionError: 111 ECONNREFUSED
[2025-04-21T04:55:28.696+0000] {client_async.py:388} WARNING - Node 1 connection failed -- refreshing metadata
[2025-04-21T04:55:28.838+0000] {connection.py:718} INFO - closed
[2025-04-21T04:55:29.011+0000] {connection.py:724} INFO - No async queries seem to be running, deleting session
[2025-04-21T04:55:29.202+0000] {mbta_kafka_consumer.py:240} INFO - ✅ Snowflake Connection Closed.
[2025-04-21T04:55:29.218+0000] {python.py:201} INFO - Done. Returned value was: None
[2025-04-21T04:55:29.356+0000] {taskinstance.py:1138} INFO - Marking task as SUCCESS. dag_id=mbta_ingestion_dag, task_id=load_to_snowflake, execution_date=20250421T045000, start_date=20250421T045505, end_date=20250421T045529
[2025-04-21T04:55:29.626+0000] {local_task_job_runner.py:234} INFO - Task exited with return code 0
[2025-04-21T04:55:29.819+0000] {taskinstance.py:3280} INFO - 0 downstream tasks scheduled from follow-on schedule check
