[2025-04-23T01:35:34.057+0000] {taskinstance.py:1956} INFO - Dependencies all met for dep_context=non-requeueable deps ti=<TaskInstance: mbta_kafka_consumer_dag.run_kafka_consumer scheduled__2025-04-23T00:50:00+00:00 [queued]>
[2025-04-23T01:35:34.086+0000] {taskinstance.py:1956} INFO - Dependencies all met for dep_context=requeueable deps ti=<TaskInstance: mbta_kafka_consumer_dag.run_kafka_consumer scheduled__2025-04-23T00:50:00+00:00 [queued]>
[2025-04-23T01:35:34.088+0000] {taskinstance.py:2170} INFO - Starting attempt 2 of 2
[2025-04-23T01:35:34.132+0000] {taskinstance.py:2191} INFO - Executing <Task(PythonOperator): run_kafka_consumer> on 2025-04-23 00:50:00+00:00
[2025-04-23T01:35:34.154+0000] {standard_task_runner.py:60} INFO - Started process 226 to run task
[2025-04-23T01:35:34.163+0000] {standard_task_runner.py:87} INFO - Running: ['***', 'tasks', 'run', 'mbta_kafka_consumer_dag', 'run_kafka_consumer', 'scheduled__2025-04-23T00:50:00+00:00', '--job-id', '302', '--raw', '--subdir', 'DAGS_FOLDER/mbta_kafka_consumer_dag.py', '--cfg-path', '/tmp/tmpr1feal5g']
[2025-04-23T01:35:34.172+0000] {standard_task_runner.py:88} INFO - Job 302: Subtask run_kafka_consumer
[2025-04-23T01:35:34.523+0000] {task_command.py:423} INFO - Running <TaskInstance: mbta_kafka_consumer_dag.run_kafka_consumer scheduled__2025-04-23T00:50:00+00:00 [running]> on host 577d99ce7fac
[2025-04-23T01:35:35.073+0000] {taskinstance.py:2480} INFO - Exporting env vars: AIRFLOW_CTX_DAG_OWNER='***' AIRFLOW_CTX_DAG_ID='mbta_kafka_consumer_dag' AIRFLOW_CTX_TASK_ID='run_kafka_consumer' AIRFLOW_CTX_EXECUTION_DATE='2025-04-23T00:50:00+00:00' AIRFLOW_CTX_TRY_NUMBER='2' AIRFLOW_CTX_DAG_RUN_ID='scheduled__2025-04-23T00:50:00+00:00'
[2025-04-23T01:35:35.090+0000] {connection.py:370} INFO - Snowflake Connector for Python Version: 3.6.0, Python Version: 3.9.18, Platform: Linux-6.10.14-linuxkit-aarch64-with-glibc2.36
[2025-04-23T01:35:35.100+0000] {connection.py:1171} INFO - This connection is in OCSP Fail Open Mode. TLS Certificates would be checked for validity and revocation status. Any other Certificate Revocation related exceptions or OCSP Responder failures would be disregarded in favor of connectivity.
[2025-04-23T01:35:35.987+0000] {mbta_kafka_consumer.py:45} INFO - ✅ Connected to Snowflake successfully.
[2025-04-23T01:35:35.990+0000] {mbta_kafka_consumer.py:219} INFO - 🚀 Starting MBTA Kafka Consumer...
[2025-04-23T01:35:36.057+0000] {conn.py:395} INFO - <BrokerConnection client_id=kafka-python-2.1.5, node_id=bootstrap-0 host=kafka:9092 <connecting> [IPv4 ('172.18.0.6', 9092)]>: connecting to kafka:9092 [('172.18.0.6', 9092) IPv4]
[2025-04-23T01:35:36.091+0000] {conn.py:615} INFO - <BrokerConnection client_id=kafka-python-2.1.5, node_id=bootstrap-0 host=kafka:9092 <checking_api_versions_recv> [IPv4 ('172.18.0.6', 9092)]>: Broker version identified as 2.6
[2025-04-23T01:35:36.092+0000] {conn.py:456} INFO - <BrokerConnection client_id=kafka-python-2.1.5, node_id=bootstrap-0 host=kafka:9092 <connected> [IPv4 ('172.18.0.6', 9092)]>: Connection complete.
[2025-04-23T01:35:36.106+0000] {consumer.py:119} WARNING - group_id is None: disabling auto-commit.
[2025-04-23T01:35:36.109+0000] {subscription_state.py:182} INFO - Updating subscribed topics to: ('mbta_alerts', 'mbta_routes', 'mbta_stops', 'mbta_vehicles', 'mbta_predictions')
[2025-04-23T01:35:36.121+0000] {subscription_state.py:254} INFO - Updated partition assignment: [('mbta_stops', 0), ('mbta_predictions', 0), ('mbta_alerts', 0), ('mbta_vehicles', 0), ('mbta_routes', 0)]
[2025-04-23T01:35:36.127+0000] {conn.py:395} INFO - <BrokerConnection client_id=kafka-python-2.1.5, node_id=1 host=kafka:9092 <connecting> [IPv4 ('172.18.0.6', 9092)]>: connecting to kafka:9092 [('172.18.0.6', 9092) IPv4]
[2025-04-23T01:35:36.134+0000] {conn.py:456} INFO - <BrokerConnection client_id=kafka-python-2.1.5, node_id=1 host=kafka:9092 <connected> [IPv4 ('172.18.0.6', 9092)]>: Connection complete.
[2025-04-23T01:35:36.138+0000] {conn.py:936} INFO - <BrokerConnection client_id=kafka-python-2.1.5, node_id=bootstrap-0 host=kafka:9092 <connected> [IPv4 ('172.18.0.6', 9092)]>: Closing connection. 
[2025-04-23T01:35:53.479+0000] {mbta_kafka_consumer.py:233} INFO - 📥 Received 1000 records from topic: mbta_stops
[2025-04-23T01:35:53.606+0000] {mbta_kafka_consumer.py:56} INFO - 🔍 Sample data for MBTA_STOPS:
[2025-04-23T01:35:53.607+0000] {mbta_kafka_consumer.py:57} INFO - 
          STOP_ID  ...                 CREATED_AT
0            5682  ... 2025-04-23 01:35:53.486377
1           50620  ... 2025-04-23 01:35:53.486396
2  node-417-lobby  ... 2025-04-23 01:35:53.486399
3            4042  ... 2025-04-23 01:35:53.486418
4          109822  ... 2025-04-23 01:35:53.486438

[5 rows x 5 columns]
[2025-04-23T01:35:53.842+0000] {cursor.py:1028} INFO - query: [SELECT * FROM MBTA_STOPS WHERE STOP_ID IN ('5682','50620','node-417-lobby','4042...]
[2025-04-23T01:35:54.028+0000] {cursor.py:1041} INFO - query execution done
[2025-04-23T01:35:54.032+0000] {cursor.py:1205} INFO - Number of results in first chunk: 0
[2025-04-23T01:35:56.299+0000] {mbta_kafka_consumer.py:104} INFO - 🔁 0 new/updated records out of 1000 incoming records (some may be duplicate VEHICLE_IDs) for MBTA_STOPS
[2025-04-23T01:35:56.352+0000] {mbta_kafka_consumer.py:107} INFO - ✅ All 1000 records already up-to-date in MBTA_STOPS, no merge needed.
[2025-04-23T01:35:56.360+0000] {mbta_kafka_consumer.py:233} INFO - 📥 Received 21 records from topic: mbta_predictions
[2025-04-23T01:35:56.415+0000] {mbta_kafka_consumer.py:56} INFO - 🔍 Sample data for MBTA_PREDICTIONS:
[2025-04-23T01:35:56.421+0000] {mbta_kafka_consumer.py:57} INFO - 
                               PREDICTION_ID  ...                 CREATED_AT
0  prediction-ADDED-1582321107-70080-130-Red  ... 2025-04-23 01:35:56.362015
1           prediction-67995063-70079-90-Red  ... 2025-04-23 01:35:56.362075
2  prediction-ADDED-1582321105-70080-130-Red  ... 2025-04-23 01:35:56.362079
3           prediction-67995065-70079-90-Red  ... 2025-04-23 01:35:56.362080
4   prediction-ADDED-1582321089-70079-90-Red  ... 2025-04-23 01:35:56.362091

[5 rows x 9 columns]
[2025-04-23T01:35:56.450+0000] {cursor.py:1028} INFO - query: [SELECT * FROM MBTA_PREDICTIONS WHERE PREDICTION_ID IN ('prediction-ADDED-1582321...]
[2025-04-23T01:35:56.769+0000] {cursor.py:1041} INFO - query execution done
[2025-04-23T01:35:56.771+0000] {cursor.py:1205} INFO - Number of results in first chunk: 21
[2025-04-23T01:35:56.863+0000] {mbta_kafka_consumer.py:104} INFO - 🔁 21 new/updated records out of 21 incoming records (some may be duplicate VEHICLE_IDs) for MBTA_PREDICTIONS
[2025-04-23T01:35:56.877+0000] {cursor.py:1028} INFO - query: [MERGE INTO MBTA_PREDICTIONS AS target USING (SELECT 'prediction-ADDED-1582321107...]
[2025-04-23T01:35:57.645+0000] {cursor.py:1041} INFO - query execution done
[2025-04-23T01:35:57.660+0000] {cursor.py:1028} INFO - query: [MERGE INTO MBTA_PREDICTIONS AS target USING (SELECT 'prediction-67995063-70079-9...]
[2025-04-23T01:35:59.086+0000] {cursor.py:1041} INFO - query execution done
[2025-04-23T01:35:59.126+0000] {cursor.py:1028} INFO - query: [MERGE INTO MBTA_PREDICTIONS AS target USING (SELECT 'prediction-ADDED-1582321105...]
[2025-04-23T01:36:00.572+0000] {cursor.py:1041} INFO - query execution done
[2025-04-23T01:36:00.663+0000] {cursor.py:1028} INFO - query: [MERGE INTO MBTA_PREDICTIONS AS target USING (SELECT 'prediction-67995065-70079-9...]
[2025-04-23T01:36:02.084+0000] {cursor.py:1041} INFO - query execution done
[2025-04-23T01:36:02.182+0000] {cursor.py:1028} INFO - query: [MERGE INTO MBTA_PREDICTIONS AS target USING (SELECT 'prediction-ADDED-1582321089...]
[2025-04-23T01:36:04.022+0000] {cursor.py:1041} INFO - query execution done
[2025-04-23T01:36:04.062+0000] {cursor.py:1028} INFO - query: [MERGE INTO MBTA_PREDICTIONS AS target USING (SELECT 'prediction-67995080-70080-1...]
[2025-04-23T01:36:07.417+0000] {cursor.py:1041} INFO - query execution done
[2025-04-23T01:36:07.459+0000] {cursor.py:1028} INFO - query: [MERGE INTO MBTA_PREDICTIONS AS target USING (SELECT 'prediction-67995069-70079-9...]
[2025-04-23T01:36:09.290+0000] {cursor.py:1041} INFO - query execution done
[2025-04-23T01:36:09.302+0000] {cursor.py:1028} INFO - query: [MERGE INTO MBTA_PREDICTIONS AS target USING (SELECT 'prediction-67995082-70080-1...]
[2025-04-23T01:36:10.759+0000] {cursor.py:1041} INFO - query execution done
[2025-04-23T01:36:10.779+0000] {cursor.py:1028} INFO - query: [MERGE INTO MBTA_PREDICTIONS AS target USING (SELECT 'prediction-67995071-70079-9...]
[2025-04-23T01:36:12.323+0000] {cursor.py:1041} INFO - query execution done
[2025-04-23T01:36:12.352+0000] {cursor.py:1028} INFO - query: [MERGE INTO MBTA_PREDICTIONS AS target USING (SELECT 'prediction-67995086-70080-1...]
[2025-04-23T01:36:14.894+0000] {cursor.py:1041} INFO - query execution done
[2025-04-23T01:36:15.012+0000] {cursor.py:1028} INFO - query: [MERGE INTO MBTA_PREDICTIONS AS target USING (SELECT 'prediction-67995073-70079-9...]
[2025-04-23T01:36:17.713+0000] {cursor.py:1041} INFO - query execution done
[2025-04-23T01:36:17.763+0000] {cursor.py:1028} INFO - query: [MERGE INTO MBTA_PREDICTIONS AS target USING (SELECT 'prediction-67995090-70080-1...]
[2025-04-23T01:36:20.120+0000] {cursor.py:1041} INFO - query execution done
[2025-04-23T01:36:20.133+0000] {cursor.py:1028} INFO - query: [MERGE INTO MBTA_PREDICTIONS AS target USING (SELECT 'prediction-67995075-70079-9...]
[2025-04-23T01:36:22.832+0000] {cursor.py:1041} INFO - query execution done
[2025-04-23T01:36:22.839+0000] {cursor.py:1028} INFO - query: [MERGE INTO MBTA_PREDICTIONS AS target USING (SELECT 'prediction-67995094-70080-1...]
[2025-04-23T01:36:25.300+0000] {cursor.py:1041} INFO - query execution done
[2025-04-23T01:36:25.313+0000] {cursor.py:1028} INFO - query: [MERGE INTO MBTA_PREDICTIONS AS target USING (SELECT 'prediction-ADDED-1582321108...]
[2025-04-23T01:36:27.712+0000] {cursor.py:1041} INFO - query execution done
[2025-04-23T01:36:27.716+0000] {cursor.py:1028} INFO - query: [MERGE INTO MBTA_PREDICTIONS AS target USING (SELECT 'prediction-67995079-70079-9...]
[2025-04-23T01:36:30.431+0000] {cursor.py:1041} INFO - query execution done
[2025-04-23T01:36:30.439+0000] {cursor.py:1028} INFO - query: [MERGE INTO MBTA_PREDICTIONS AS target USING (SELECT 'prediction-67995098-70080-1...]
[2025-04-23T01:36:34.219+0000] {cursor.py:1041} INFO - query execution done
[2025-04-23T01:36:34.457+0000] {cursor.py:1028} INFO - query: [MERGE INTO MBTA_PREDICTIONS AS target USING (SELECT 'prediction-67995081-70079-9...]
[2025-04-23T01:36:38.029+0000] {cursor.py:1041} INFO - query execution done
[2025-04-23T01:36:38.034+0000] {cursor.py:1028} INFO - query: [MERGE INTO MBTA_PREDICTIONS AS target USING (SELECT 'prediction-67995102-70080-1...]
[2025-04-23T01:36:41.564+0000] {cursor.py:1041} INFO - query execution done
[2025-04-23T01:36:41.575+0000] {cursor.py:1028} INFO - query: [MERGE INTO MBTA_PREDICTIONS AS target USING (SELECT 'prediction-67995083-70079-9...]
[2025-04-23T01:36:43.895+0000] {cursor.py:1041} INFO - query execution done
[2025-04-23T01:36:43.907+0000] {cursor.py:1028} INFO - query: [MERGE INTO MBTA_PREDICTIONS AS target USING (SELECT 'prediction-67995106-70080-1...]
[2025-04-23T01:36:46.727+0000] {cursor.py:1041} INFO - query execution done
[2025-04-23T01:36:46.967+0000] {cursor.py:1028} INFO - query: [COMMIT]
[2025-04-23T01:36:47.512+0000] {cursor.py:1041} INFO - query execution done
[2025-04-23T01:36:47.514+0000] {cursor.py:1205} INFO - Number of results in first chunk: 1
[2025-04-23T01:36:47.520+0000] {mbta_kafka_consumer.py:139} INFO - ✅ Merged 21 new/changed records into Snowflake table: MBTA_PREDICTIONS in 51.07 seconds
[2025-04-23T01:36:47.578+0000] {mbta_kafka_consumer.py:233} INFO - 📥 Received 21 records from topic: mbta_predictions
[2025-04-23T01:36:47.705+0000] {mbta_kafka_consumer.py:56} INFO - 🔍 Sample data for MBTA_PREDICTIONS:
[2025-04-23T01:36:47.706+0000] {mbta_kafka_consumer.py:57} INFO - 
                               PREDICTION_ID  ...                 CREATED_AT
0  prediction-ADDED-1582321107-70080-130-Red  ... 2025-04-23 01:36:47.587927
1           prediction-67995063-70079-90-Red  ... 2025-04-23 01:36:47.587950
2  prediction-ADDED-1582321105-70080-130-Red  ... 2025-04-23 01:36:47.588429
3           prediction-67995065-70079-90-Red  ... 2025-04-23 01:36:47.588435
4   prediction-ADDED-1582321089-70079-90-Red  ... 2025-04-23 01:36:47.588442

[5 rows x 9 columns]
[2025-04-23T01:36:47.734+0000] {cursor.py:1028} INFO - query: [SELECT * FROM MBTA_PREDICTIONS WHERE PREDICTION_ID IN ('prediction-ADDED-1582321...]
[2025-04-23T01:36:47.909+0000] {cursor.py:1041} INFO - query execution done
[2025-04-23T01:36:47.910+0000] {cursor.py:1205} INFO - Number of results in first chunk: 21
[2025-04-23T01:36:47.937+0000] {mbta_kafka_consumer.py:104} INFO - 🔁 21 new/updated records out of 21 incoming records (some may be duplicate VEHICLE_IDs) for MBTA_PREDICTIONS
[2025-04-23T01:36:47.937+0000] {cursor.py:1028} INFO - query: [MERGE INTO MBTA_PREDICTIONS AS target USING (SELECT 'prediction-ADDED-1582321107...]
[2025-04-23T01:36:50.628+0000] {cursor.py:1041} INFO - query execution done
[2025-04-23T01:36:50.636+0000] {cursor.py:1028} INFO - query: [MERGE INTO MBTA_PREDICTIONS AS target USING (SELECT 'prediction-67995063-70079-9...]
[2025-04-23T01:36:53.618+0000] {cursor.py:1041} INFO - query execution done
[2025-04-23T01:36:53.662+0000] {cursor.py:1028} INFO - query: [MERGE INTO MBTA_PREDICTIONS AS target USING (SELECT 'prediction-ADDED-1582321105...]
[2025-04-23T01:36:57.341+0000] {cursor.py:1041} INFO - query execution done
[2025-04-23T01:36:57.453+0000] {cursor.py:1028} INFO - query: [MERGE INTO MBTA_PREDICTIONS AS target USING (SELECT 'prediction-67995065-70079-9...]
[2025-04-23T01:36:59.596+0000] {cursor.py:1041} INFO - query execution done
[2025-04-23T01:36:59.616+0000] {cursor.py:1028} INFO - query: [MERGE INTO MBTA_PREDICTIONS AS target USING (SELECT 'prediction-ADDED-1582321089...]
[2025-04-23T01:37:01.820+0000] {cursor.py:1041} INFO - query execution done
[2025-04-23T01:37:01.827+0000] {cursor.py:1028} INFO - query: [MERGE INTO MBTA_PREDICTIONS AS target USING (SELECT 'prediction-67995080-70080-1...]
[2025-04-23T01:37:04.342+0000] {cursor.py:1041} INFO - query execution done
[2025-04-23T01:37:04.345+0000] {cursor.py:1028} INFO - query: [MERGE INTO MBTA_PREDICTIONS AS target USING (SELECT 'prediction-67995069-70079-9...]
[2025-04-23T01:37:07.129+0000] {cursor.py:1041} INFO - query execution done
[2025-04-23T01:37:07.157+0000] {cursor.py:1028} INFO - query: [MERGE INTO MBTA_PREDICTIONS AS target USING (SELECT 'prediction-67995082-70080-1...]
[2025-04-23T01:37:09.341+0000] {cursor.py:1041} INFO - query execution done
[2025-04-23T01:37:09.351+0000] {cursor.py:1028} INFO - query: [MERGE INTO MBTA_PREDICTIONS AS target USING (SELECT 'prediction-67995071-70079-9...]
[2025-04-23T01:37:11.816+0000] {cursor.py:1041} INFO - query execution done
[2025-04-23T01:37:11.833+0000] {cursor.py:1028} INFO - query: [MERGE INTO MBTA_PREDICTIONS AS target USING (SELECT 'prediction-67995086-70080-1...]
[2025-04-23T01:37:13.950+0000] {cursor.py:1041} INFO - query execution done
[2025-04-23T01:37:13.958+0000] {cursor.py:1028} INFO - query: [MERGE INTO MBTA_PREDICTIONS AS target USING (SELECT 'prediction-67995073-70079-9...]
[2025-04-23T01:37:16.399+0000] {cursor.py:1041} INFO - query execution done
[2025-04-23T01:37:16.403+0000] {cursor.py:1028} INFO - query: [MERGE INTO MBTA_PREDICTIONS AS target USING (SELECT 'prediction-67995090-70080-1...]
[2025-04-23T01:37:18.928+0000] {cursor.py:1041} INFO - query execution done
[2025-04-23T01:37:18.973+0000] {cursor.py:1028} INFO - query: [MERGE INTO MBTA_PREDICTIONS AS target USING (SELECT 'prediction-67995075-70079-9...]
[2025-04-23T01:37:22.918+0000] {cursor.py:1041} INFO - query execution done
[2025-04-23T01:37:24.122+0000] {cursor.py:1028} INFO - query: [MERGE INTO MBTA_PREDICTIONS AS target USING (SELECT 'prediction-67995094-70080-1...]
[2025-04-23T01:37:28.865+0000] {cursor.py:1041} INFO - query execution done
[2025-04-23T01:37:28.869+0000] {cursor.py:1028} INFO - query: [MERGE INTO MBTA_PREDICTIONS AS target USING (SELECT 'prediction-ADDED-1582321108...]
[2025-04-23T01:37:31.453+0000] {cursor.py:1041} INFO - query execution done
[2025-04-23T01:37:31.466+0000] {cursor.py:1028} INFO - query: [MERGE INTO MBTA_PREDICTIONS AS target USING (SELECT 'prediction-67995079-70079-9...]
[2025-04-23T01:37:33.791+0000] {cursor.py:1041} INFO - query execution done
[2025-04-23T01:37:33.801+0000] {cursor.py:1028} INFO - query: [MERGE INTO MBTA_PREDICTIONS AS target USING (SELECT 'prediction-67995098-70080-1...]
[2025-04-23T01:37:36.387+0000] {cursor.py:1041} INFO - query execution done
[2025-04-23T01:37:36.395+0000] {cursor.py:1028} INFO - query: [MERGE INTO MBTA_PREDICTIONS AS target USING (SELECT 'prediction-67995081-70079-9...]
[2025-04-23T01:37:38.488+0000] {cursor.py:1041} INFO - query execution done
[2025-04-23T01:37:38.500+0000] {cursor.py:1028} INFO - query: [MERGE INTO MBTA_PREDICTIONS AS target USING (SELECT 'prediction-67995102-70080-1...]
[2025-04-23T01:37:41.705+0000] {cursor.py:1041} INFO - query execution done
[2025-04-23T01:37:41.729+0000] {cursor.py:1028} INFO - query: [MERGE INTO MBTA_PREDICTIONS AS target USING (SELECT 'prediction-67995083-70079-9...]
[2025-04-23T01:37:44.603+0000] {cursor.py:1041} INFO - query execution done
[2025-04-23T01:37:44.613+0000] {cursor.py:1028} INFO - query: [MERGE INTO MBTA_PREDICTIONS AS target USING (SELECT 'prediction-67995106-70080-1...]
[2025-04-23T01:37:47.879+0000] {cursor.py:1041} INFO - query execution done
[2025-04-23T01:37:47.883+0000] {cursor.py:1028} INFO - query: [COMMIT]
[2025-04-23T01:37:48.011+0000] {cursor.py:1041} INFO - query execution done
[2025-04-23T01:37:48.012+0000] {cursor.py:1205} INFO - Number of results in first chunk: 1
[2025-04-23T01:37:48.012+0000] {mbta_kafka_consumer.py:139} INFO - ✅ Merged 21 new/changed records into Snowflake table: MBTA_PREDICTIONS in 60.28 seconds
[2025-04-23T01:37:48.014+0000] {mbta_kafka_consumer.py:233} INFO - 📥 Received 21 records from topic: mbta_predictions
[2025-04-23T01:37:48.050+0000] {mbta_kafka_consumer.py:56} INFO - 🔍 Sample data for MBTA_PREDICTIONS:
[2025-04-23T01:37:48.051+0000] {mbta_kafka_consumer.py:57} INFO - 
                               PREDICTION_ID  ...                 CREATED_AT
0  prediction-ADDED-1582321107-70080-130-Red  ... 2025-04-23 01:37:48.015058
1           prediction-67995063-70079-90-Red  ... 2025-04-23 01:37:48.015317
2  prediction-ADDED-1582321105-70080-130-Red  ... 2025-04-23 01:37:48.015360
3           prediction-67995065-70079-90-Red  ... 2025-04-23 01:37:48.015361
4   prediction-ADDED-1582321089-70079-90-Red  ... 2025-04-23 01:37:48.015515

[5 rows x 9 columns]
[2025-04-23T01:37:48.066+0000] {cursor.py:1028} INFO - query: [SELECT * FROM MBTA_PREDICTIONS WHERE PREDICTION_ID IN ('prediction-ADDED-1582321...]
[2025-04-23T01:37:48.289+0000] {cursor.py:1041} INFO - query execution done
[2025-04-23T01:37:48.292+0000] {cursor.py:1205} INFO - Number of results in first chunk: 21
[2025-04-23T01:37:48.367+0000] {mbta_kafka_consumer.py:104} INFO - 🔁 21 new/updated records out of 21 incoming records (some may be duplicate VEHICLE_IDs) for MBTA_PREDICTIONS
[2025-04-23T01:37:48.369+0000] {cursor.py:1028} INFO - query: [MERGE INTO MBTA_PREDICTIONS AS target USING (SELECT 'prediction-ADDED-1582321107...]
[2025-04-23T01:37:50.896+0000] {cursor.py:1041} INFO - query execution done
[2025-04-23T01:37:50.911+0000] {cursor.py:1028} INFO - query: [MERGE INTO MBTA_PREDICTIONS AS target USING (SELECT 'prediction-67995063-70079-9...]
[2025-04-23T01:37:54.510+0000] {cursor.py:1041} INFO - query execution done
[2025-04-23T01:37:54.516+0000] {cursor.py:1028} INFO - query: [MERGE INTO MBTA_PREDICTIONS AS target USING (SELECT 'prediction-ADDED-1582321105...]
[2025-04-23T01:37:57.264+0000] {cursor.py:1041} INFO - query execution done
[2025-04-23T01:37:57.269+0000] {cursor.py:1028} INFO - query: [MERGE INTO MBTA_PREDICTIONS AS target USING (SELECT 'prediction-67995065-70079-9...]
[2025-04-23T01:38:00.033+0000] {cursor.py:1041} INFO - query execution done
[2025-04-23T01:38:00.063+0000] {cursor.py:1028} INFO - query: [MERGE INTO MBTA_PREDICTIONS AS target USING (SELECT 'prediction-ADDED-1582321089...]
[2025-04-23T01:38:02.648+0000] {cursor.py:1041} INFO - query execution done
[2025-04-23T01:38:02.659+0000] {cursor.py:1028} INFO - query: [MERGE INTO MBTA_PREDICTIONS AS target USING (SELECT 'prediction-67995080-70080-1...]
[2025-04-23T01:38:05.640+0000] {cursor.py:1041} INFO - query execution done
[2025-04-23T01:38:05.643+0000] {cursor.py:1028} INFO - query: [MERGE INTO MBTA_PREDICTIONS AS target USING (SELECT 'prediction-67995069-70079-9...]
[2025-04-23T01:38:08.532+0000] {cursor.py:1041} INFO - query execution done
[2025-04-23T01:38:08.539+0000] {cursor.py:1028} INFO - query: [MERGE INTO MBTA_PREDICTIONS AS target USING (SELECT 'prediction-67995082-70080-1...]
[2025-04-23T01:38:11.041+0000] {cursor.py:1041} INFO - query execution done
[2025-04-23T01:38:11.047+0000] {cursor.py:1028} INFO - query: [MERGE INTO MBTA_PREDICTIONS AS target USING (SELECT 'prediction-67995071-70079-9...]
[2025-04-23T01:38:13.839+0000] {cursor.py:1041} INFO - query execution done
[2025-04-23T01:38:13.857+0000] {cursor.py:1028} INFO - query: [MERGE INTO MBTA_PREDICTIONS AS target USING (SELECT 'prediction-67995086-70080-1...]
[2025-04-23T01:38:16.060+0000] {cursor.py:1041} INFO - query execution done
[2025-04-23T01:38:16.067+0000] {cursor.py:1028} INFO - query: [MERGE INTO MBTA_PREDICTIONS AS target USING (SELECT 'prediction-67995073-70079-9...]
[2025-04-23T01:38:18.691+0000] {cursor.py:1041} INFO - query execution done
[2025-04-23T01:38:18.694+0000] {cursor.py:1028} INFO - query: [MERGE INTO MBTA_PREDICTIONS AS target USING (SELECT 'prediction-67995090-70080-1...]
[2025-04-23T01:38:21.332+0000] {cursor.py:1041} INFO - query execution done
[2025-04-23T01:38:21.363+0000] {cursor.py:1028} INFO - query: [MERGE INTO MBTA_PREDICTIONS AS target USING (SELECT 'prediction-67995075-70079-9...]
[2025-04-23T01:38:23.856+0000] {cursor.py:1041} INFO - query execution done
[2025-04-23T01:38:23.860+0000] {cursor.py:1028} INFO - query: [MERGE INTO MBTA_PREDICTIONS AS target USING (SELECT 'prediction-67995094-70080-1...]
[2025-04-23T01:38:27.212+0000] {cursor.py:1041} INFO - query execution done
[2025-04-23T01:38:27.216+0000] {cursor.py:1028} INFO - query: [MERGE INTO MBTA_PREDICTIONS AS target USING (SELECT 'prediction-ADDED-1582321108...]
[2025-04-23T01:38:30.482+0000] {cursor.py:1041} INFO - query execution done
[2025-04-23T01:38:30.649+0000] {cursor.py:1028} INFO - query: [MERGE INTO MBTA_PREDICTIONS AS target USING (SELECT 'prediction-67995079-70079-9...]
[2025-04-23T01:38:40.674+0000] {cursor.py:1041} INFO - query execution done
[2025-04-23T01:38:41.013+0000] {cursor.py:1028} INFO - query: [MERGE INTO MBTA_PREDICTIONS AS target USING (SELECT 'prediction-67995098-70080-1...]
[2025-04-23T01:38:43.097+0000] {cursor.py:1041} INFO - query execution done
[2025-04-23T01:38:43.106+0000] {cursor.py:1028} INFO - query: [MERGE INTO MBTA_PREDICTIONS AS target USING (SELECT 'prediction-67995081-70079-9...]
[2025-04-23T01:38:45.757+0000] {cursor.py:1041} INFO - query execution done
[2025-04-23T01:38:45.930+0000] {cursor.py:1028} INFO - query: [MERGE INTO MBTA_PREDICTIONS AS target USING (SELECT 'prediction-67995102-70080-1...]
[2025-04-23T01:38:47.795+0000] {cursor.py:1041} INFO - query execution done
[2025-04-23T01:38:47.798+0000] {cursor.py:1028} INFO - query: [MERGE INTO MBTA_PREDICTIONS AS target USING (SELECT 'prediction-67995083-70079-9...]
[2025-04-23T01:38:50.142+0000] {cursor.py:1041} INFO - query execution done
[2025-04-23T01:38:50.151+0000] {cursor.py:1028} INFO - query: [MERGE INTO MBTA_PREDICTIONS AS target USING (SELECT 'prediction-67995106-70080-1...]
[2025-04-23T01:38:52.912+0000] {cursor.py:1041} INFO - query execution done
[2025-04-23T01:38:52.918+0000] {cursor.py:1028} INFO - query: [COMMIT]
[2025-04-23T01:38:53.069+0000] {cursor.py:1041} INFO - query execution done
[2025-04-23T01:38:53.070+0000] {cursor.py:1205} INFO - Number of results in first chunk: 1
[2025-04-23T01:38:53.074+0000] {mbta_kafka_consumer.py:139} INFO - ✅ Merged 21 new/changed records into Snowflake table: MBTA_PREDICTIONS in 65.01 seconds
[2025-04-23T01:38:53.086+0000] {mbta_kafka_consumer.py:233} INFO - 📥 Received 21 records from topic: mbta_predictions
[2025-04-23T01:38:53.137+0000] {mbta_kafka_consumer.py:56} INFO - 🔍 Sample data for MBTA_PREDICTIONS:
[2025-04-23T01:38:53.137+0000] {mbta_kafka_consumer.py:57} INFO - 
                               PREDICTION_ID  ...                 CREATED_AT
0  prediction-ADDED-1582321107-70080-130-Red  ... 2025-04-23 01:38:53.089063
1           prediction-67995063-70079-90-Red  ... 2025-04-23 01:38:53.089502
2  prediction-ADDED-1582321105-70080-130-Red  ... 2025-04-23 01:38:53.089848
3           prediction-67995065-70079-90-Red  ... 2025-04-23 01:38:53.089926
4   prediction-ADDED-1582321089-70079-90-Red  ... 2025-04-23 01:38:53.090466

[5 rows x 9 columns]
[2025-04-23T01:38:53.172+0000] {cursor.py:1028} INFO - query: [SELECT * FROM MBTA_PREDICTIONS WHERE PREDICTION_ID IN ('prediction-ADDED-1582321...]
[2025-04-23T01:38:53.441+0000] {cursor.py:1041} INFO - query execution done
[2025-04-23T01:38:53.441+0000] {cursor.py:1205} INFO - Number of results in first chunk: 21
[2025-04-23T01:38:53.453+0000] {mbta_kafka_consumer.py:104} INFO - 🔁 21 new/updated records out of 21 incoming records (some may be duplicate VEHICLE_IDs) for MBTA_PREDICTIONS
[2025-04-23T01:38:53.454+0000] {cursor.py:1028} INFO - query: [MERGE INTO MBTA_PREDICTIONS AS target USING (SELECT 'prediction-ADDED-1582321107...]
[2025-04-23T01:38:55.843+0000] {cursor.py:1041} INFO - query execution done
[2025-04-23T01:38:55.855+0000] {cursor.py:1028} INFO - query: [MERGE INTO MBTA_PREDICTIONS AS target USING (SELECT 'prediction-67995063-70079-9...]
[2025-04-23T01:38:58.068+0000] {cursor.py:1041} INFO - query execution done
[2025-04-23T01:38:58.073+0000] {cursor.py:1028} INFO - query: [MERGE INTO MBTA_PREDICTIONS AS target USING (SELECT 'prediction-ADDED-1582321105...]
[2025-04-23T01:39:00.412+0000] {cursor.py:1041} INFO - query execution done
[2025-04-23T01:39:00.416+0000] {cursor.py:1028} INFO - query: [MERGE INTO MBTA_PREDICTIONS AS target USING (SELECT 'prediction-67995065-70079-9...]
[2025-04-23T01:39:02.854+0000] {cursor.py:1041} INFO - query execution done
[2025-04-23T01:39:02.876+0000] {cursor.py:1028} INFO - query: [MERGE INTO MBTA_PREDICTIONS AS target USING (SELECT 'prediction-ADDED-1582321089...]
[2025-04-23T01:39:05.484+0000] {cursor.py:1041} INFO - query execution done
[2025-04-23T01:39:05.490+0000] {cursor.py:1028} INFO - query: [MERGE INTO MBTA_PREDICTIONS AS target USING (SELECT 'prediction-67995080-70080-1...]
[2025-04-23T01:39:08.064+0000] {cursor.py:1041} INFO - query execution done
[2025-04-23T01:39:08.104+0000] {cursor.py:1028} INFO - query: [MERGE INTO MBTA_PREDICTIONS AS target USING (SELECT 'prediction-67995069-70079-9...]
[2025-04-23T01:39:10.588+0000] {cursor.py:1041} INFO - query execution done
[2025-04-23T01:39:10.595+0000] {cursor.py:1028} INFO - query: [MERGE INTO MBTA_PREDICTIONS AS target USING (SELECT 'prediction-67995082-70080-1...]
[2025-04-23T01:39:12.991+0000] {cursor.py:1041} INFO - query execution done
[2025-04-23T01:39:13.002+0000] {cursor.py:1028} INFO - query: [MERGE INTO MBTA_PREDICTIONS AS target USING (SELECT 'prediction-67995071-70079-9...]
[2025-04-23T01:39:15.217+0000] {cursor.py:1041} INFO - query execution done
[2025-04-23T01:39:15.222+0000] {cursor.py:1028} INFO - query: [MERGE INTO MBTA_PREDICTIONS AS target USING (SELECT 'prediction-67995086-70080-1...]
[2025-04-23T01:39:17.639+0000] {cursor.py:1041} INFO - query execution done
[2025-04-23T01:39:17.640+0000] {cursor.py:1028} INFO - query: [MERGE INTO MBTA_PREDICTIONS AS target USING (SELECT 'prediction-67995073-70079-9...]
[2025-04-23T01:39:20.077+0000] {cursor.py:1041} INFO - query execution done
[2025-04-23T01:39:20.094+0000] {cursor.py:1028} INFO - query: [MERGE INTO MBTA_PREDICTIONS AS target USING (SELECT 'prediction-67995090-70080-1...]
[2025-04-23T01:39:22.574+0000] {cursor.py:1041} INFO - query execution done
[2025-04-23T01:39:22.578+0000] {cursor.py:1028} INFO - query: [MERGE INTO MBTA_PREDICTIONS AS target USING (SELECT 'prediction-67995075-70079-9...]
[2025-04-23T01:39:25.147+0000] {cursor.py:1041} INFO - query execution done
[2025-04-23T01:39:25.148+0000] {cursor.py:1028} INFO - query: [MERGE INTO MBTA_PREDICTIONS AS target USING (SELECT 'prediction-67995094-70080-1...]
[2025-04-23T01:39:28.224+0000] {cursor.py:1041} INFO - query execution done
[2025-04-23T01:39:28.225+0000] {cursor.py:1028} INFO - query: [MERGE INTO MBTA_PREDICTIONS AS target USING (SELECT 'prediction-ADDED-1582321108...]
[2025-04-23T01:39:30.871+0000] {cursor.py:1041} INFO - query execution done
[2025-04-23T01:39:30.879+0000] {cursor.py:1028} INFO - query: [MERGE INTO MBTA_PREDICTIONS AS target USING (SELECT 'prediction-67995079-70079-9...]
[2025-04-23T01:39:33.356+0000] {cursor.py:1041} INFO - query execution done
[2025-04-23T01:39:33.357+0000] {cursor.py:1028} INFO - query: [MERGE INTO MBTA_PREDICTIONS AS target USING (SELECT 'prediction-67995098-70080-1...]
[2025-04-23T01:39:36.086+0000] {cursor.py:1041} INFO - query execution done
[2025-04-23T01:39:36.088+0000] {cursor.py:1028} INFO - query: [MERGE INTO MBTA_PREDICTIONS AS target USING (SELECT 'prediction-67995081-70079-9...]
[2025-04-23T01:39:38.516+0000] {cursor.py:1041} INFO - query execution done
[2025-04-23T01:39:38.526+0000] {cursor.py:1028} INFO - query: [MERGE INTO MBTA_PREDICTIONS AS target USING (SELECT 'prediction-67995102-70080-1...]
[2025-04-23T01:39:41.046+0000] {cursor.py:1041} INFO - query execution done
[2025-04-23T01:39:41.050+0000] {cursor.py:1028} INFO - query: [MERGE INTO MBTA_PREDICTIONS AS target USING (SELECT 'prediction-67995083-70079-9...]
[2025-04-23T01:39:44.177+0000] {cursor.py:1041} INFO - query execution done
[2025-04-23T01:39:44.182+0000] {cursor.py:1028} INFO - query: [MERGE INTO MBTA_PREDICTIONS AS target USING (SELECT 'prediction-67995106-70080-1...]
[2025-04-23T01:39:47.579+0000] {cursor.py:1041} INFO - query execution done
[2025-04-23T01:39:47.580+0000] {cursor.py:1028} INFO - query: [COMMIT]
[2025-04-23T01:39:47.718+0000] {cursor.py:1041} INFO - query execution done
[2025-04-23T01:39:47.839+0000] {cursor.py:1205} INFO - Number of results in first chunk: 1
[2025-04-23T01:39:47.840+0000] {mbta_kafka_consumer.py:139} INFO - ✅ Merged 21 new/changed records into Snowflake table: MBTA_PREDICTIONS in 54.67 seconds
[2025-04-23T01:39:47.843+0000] {mbta_kafka_consumer.py:233} INFO - 📥 Received 21 records from topic: mbta_predictions
[2025-04-23T01:39:47.867+0000] {mbta_kafka_consumer.py:56} INFO - 🔍 Sample data for MBTA_PREDICTIONS:
[2025-04-23T01:39:47.867+0000] {mbta_kafka_consumer.py:57} INFO - 
                               PREDICTION_ID  ...                 CREATED_AT
0  prediction-ADDED-1582321107-70080-130-Red  ... 2025-04-23 01:39:47.844440
1           prediction-67995063-70079-90-Red  ... 2025-04-23 01:39:47.844701
2  prediction-ADDED-1582321105-70080-130-Red  ... 2025-04-23 01:39:47.844703
3           prediction-67995065-70079-90-Red  ... 2025-04-23 01:39:47.844767
4   prediction-ADDED-1582321089-70079-90-Red  ... 2025-04-23 01:39:47.844770

[5 rows x 9 columns]
[2025-04-23T01:39:47.880+0000] {cursor.py:1028} INFO - query: [SELECT * FROM MBTA_PREDICTIONS WHERE PREDICTION_ID IN ('prediction-ADDED-1582321...]
[2025-04-23T01:39:48.106+0000] {cursor.py:1041} INFO - query execution done
[2025-04-23T01:39:48.108+0000] {cursor.py:1205} INFO - Number of results in first chunk: 21
[2025-04-23T01:39:48.125+0000] {mbta_kafka_consumer.py:104} INFO - 🔁 21 new/updated records out of 21 incoming records (some may be duplicate VEHICLE_IDs) for MBTA_PREDICTIONS
[2025-04-23T01:39:48.125+0000] {cursor.py:1028} INFO - query: [MERGE INTO MBTA_PREDICTIONS AS target USING (SELECT 'prediction-ADDED-1582321107...]
[2025-04-23T01:39:51.076+0000] {cursor.py:1041} INFO - query execution done
[2025-04-23T01:39:51.088+0000] {cursor.py:1028} INFO - query: [MERGE INTO MBTA_PREDICTIONS AS target USING (SELECT 'prediction-67995063-70079-9...]
[2025-04-23T01:39:54.580+0000] {cursor.py:1041} INFO - query execution done
[2025-04-23T01:39:54.978+0000] {cursor.py:1028} INFO - query: [MERGE INTO MBTA_PREDICTIONS AS target USING (SELECT 'prediction-ADDED-1582321105...]
[2025-04-23T01:39:58.218+0000] {cursor.py:1041} INFO - query execution done
[2025-04-23T01:39:58.232+0000] {cursor.py:1028} INFO - query: [MERGE INTO MBTA_PREDICTIONS AS target USING (SELECT 'prediction-67995065-70079-9...]
[2025-04-23T01:40:01.193+0000] {cursor.py:1041} INFO - query execution done
[2025-04-23T01:40:01.197+0000] {cursor.py:1028} INFO - query: [MERGE INTO MBTA_PREDICTIONS AS target USING (SELECT 'prediction-ADDED-1582321089...]
[2025-04-23T01:40:04.350+0000] {cursor.py:1041} INFO - query execution done
[2025-04-23T01:40:04.357+0000] {cursor.py:1028} INFO - query: [MERGE INTO MBTA_PREDICTIONS AS target USING (SELECT 'prediction-67995080-70080-1...]
[2025-04-23T01:40:07.788+0000] {cursor.py:1041} INFO - query execution done
[2025-04-23T01:40:07.807+0000] {cursor.py:1028} INFO - query: [MERGE INTO MBTA_PREDICTIONS AS target USING (SELECT 'prediction-67995069-70079-9...]
[2025-04-23T01:40:10.901+0000] {cursor.py:1041} INFO - query execution done
[2025-04-23T01:40:10.906+0000] {cursor.py:1028} INFO - query: [MERGE INTO MBTA_PREDICTIONS AS target USING (SELECT 'prediction-67995082-70080-1...]
[2025-04-23T01:40:13.789+0000] {cursor.py:1041} INFO - query execution done
[2025-04-23T01:40:13.797+0000] {cursor.py:1028} INFO - query: [MERGE INTO MBTA_PREDICTIONS AS target USING (SELECT 'prediction-67995071-70079-9...]
[2025-04-23T01:40:16.390+0000] {cursor.py:1041} INFO - query execution done
[2025-04-23T01:40:16.400+0000] {cursor.py:1028} INFO - query: [MERGE INTO MBTA_PREDICTIONS AS target USING (SELECT 'prediction-67995086-70080-1...]
[2025-04-23T01:40:19.322+0000] {cursor.py:1041} INFO - query execution done
[2025-04-23T01:40:19.332+0000] {cursor.py:1028} INFO - query: [MERGE INTO MBTA_PREDICTIONS AS target USING (SELECT 'prediction-67995073-70079-9...]
[2025-04-23T01:40:22.308+0000] {cursor.py:1041} INFO - query execution done
[2025-04-23T01:40:22.313+0000] {cursor.py:1028} INFO - query: [MERGE INTO MBTA_PREDICTIONS AS target USING (SELECT 'prediction-67995090-70080-1...]
[2025-04-23T01:40:25.544+0000] {cursor.py:1041} INFO - query execution done
[2025-04-23T01:40:25.551+0000] {cursor.py:1028} INFO - query: [MERGE INTO MBTA_PREDICTIONS AS target USING (SELECT 'prediction-67995075-70079-9...]
[2025-04-23T01:40:28.485+0000] {cursor.py:1041} INFO - query execution done
[2025-04-23T01:40:28.493+0000] {cursor.py:1028} INFO - query: [MERGE INTO MBTA_PREDICTIONS AS target USING (SELECT 'prediction-67995094-70080-1...]
[2025-04-23T01:40:31.815+0000] {cursor.py:1041} INFO - query execution done
[2025-04-23T01:40:31.872+0000] {cursor.py:1028} INFO - query: [MERGE INTO MBTA_PREDICTIONS AS target USING (SELECT 'prediction-ADDED-1582321108...]
[2025-04-23T01:40:34.376+0000] {cursor.py:1041} INFO - query execution done
[2025-04-23T01:40:34.414+0000] {cursor.py:1028} INFO - query: [MERGE INTO MBTA_PREDICTIONS AS target USING (SELECT 'prediction-67995079-70079-9...]
[2025-04-23T01:40:37.192+0000] {cursor.py:1041} INFO - query execution done
[2025-04-23T01:40:37.195+0000] {cursor.py:1028} INFO - query: [MERGE INTO MBTA_PREDICTIONS AS target USING (SELECT 'prediction-67995098-70080-1...]
[2025-04-23T01:40:40.640+0000] {cursor.py:1041} INFO - query execution done
[2025-04-23T01:40:40.668+0000] {cursor.py:1028} INFO - query: [MERGE INTO MBTA_PREDICTIONS AS target USING (SELECT 'prediction-67995081-70079-9...]
[2025-04-23T01:40:43.740+0000] {cursor.py:1041} INFO - query execution done
[2025-04-23T01:40:43.744+0000] {cursor.py:1028} INFO - query: [MERGE INTO MBTA_PREDICTIONS AS target USING (SELECT 'prediction-67995102-70080-1...]
[2025-04-23T01:40:46.735+0000] {cursor.py:1041} INFO - query execution done
[2025-04-23T01:40:46.744+0000] {cursor.py:1028} INFO - query: [MERGE INTO MBTA_PREDICTIONS AS target USING (SELECT 'prediction-67995083-70079-9...]
[2025-04-23T01:40:49.800+0000] {cursor.py:1041} INFO - query execution done
[2025-04-23T01:40:49.812+0000] {cursor.py:1028} INFO - query: [MERGE INTO MBTA_PREDICTIONS AS target USING (SELECT 'prediction-67995106-70080-1...]
[2025-04-23T01:40:52.797+0000] {cursor.py:1041} INFO - query execution done
[2025-04-23T01:40:52.812+0000] {cursor.py:1028} INFO - query: [COMMIT]
[2025-04-23T01:40:52.961+0000] {cursor.py:1041} INFO - query execution done
[2025-04-23T01:40:52.962+0000] {cursor.py:1205} INFO - Number of results in first chunk: 1
[2025-04-23T01:40:52.963+0000] {mbta_kafka_consumer.py:139} INFO - ✅ Merged 21 new/changed records into Snowflake table: MBTA_PREDICTIONS in 65.08 seconds
[2025-04-23T01:40:52.970+0000] {mbta_kafka_consumer.py:233} INFO - 📥 Received 21 records from topic: mbta_predictions
[2025-04-23T01:40:53.022+0000] {mbta_kafka_consumer.py:56} INFO - 🔍 Sample data for MBTA_PREDICTIONS:
[2025-04-23T01:40:53.023+0000] {mbta_kafka_consumer.py:57} INFO - 
                               PREDICTION_ID  ...                 CREATED_AT
0  prediction-ADDED-1582321107-70080-130-Red  ... 2025-04-23 01:40:52.972445
1           prediction-67995063-70079-90-Red  ... 2025-04-23 01:40:52.972962
2  prediction-ADDED-1582321105-70080-130-Red  ... 2025-04-23 01:40:52.972965
3           prediction-67995065-70079-90-Red  ... 2025-04-23 01:40:52.973422
4   prediction-ADDED-1582321089-70079-90-Red  ... 2025-04-23 01:40:52.973430

[5 rows x 9 columns]
[2025-04-23T01:40:53.057+0000] {cursor.py:1028} INFO - query: [SELECT * FROM MBTA_PREDICTIONS WHERE PREDICTION_ID IN ('prediction-ADDED-1582321...]
[2025-04-23T01:40:53.291+0000] {cursor.py:1041} INFO - query execution done
[2025-04-23T01:40:53.292+0000] {cursor.py:1205} INFO - Number of results in first chunk: 21
[2025-04-23T01:40:53.329+0000] {mbta_kafka_consumer.py:104} INFO - 🔁 21 new/updated records out of 21 incoming records (some may be duplicate VEHICLE_IDs) for MBTA_PREDICTIONS
[2025-04-23T01:40:53.332+0000] {cursor.py:1028} INFO - query: [MERGE INTO MBTA_PREDICTIONS AS target USING (SELECT 'prediction-ADDED-1582321107...]
[2025-04-23T01:40:56.542+0000] {cursor.py:1041} INFO - query execution done
[2025-04-23T01:40:56.612+0000] {cursor.py:1028} INFO - query: [MERGE INTO MBTA_PREDICTIONS AS target USING (SELECT 'prediction-67995063-70079-9...]
[2025-04-23T01:40:59.445+0000] {cursor.py:1041} INFO - query execution done
[2025-04-23T01:40:59.455+0000] {cursor.py:1028} INFO - query: [MERGE INTO MBTA_PREDICTIONS AS target USING (SELECT 'prediction-ADDED-1582321105...]
[2025-04-23T01:41:02.456+0000] {cursor.py:1041} INFO - query execution done
[2025-04-23T01:41:02.467+0000] {cursor.py:1028} INFO - query: [MERGE INTO MBTA_PREDICTIONS AS target USING (SELECT 'prediction-67995065-70079-9...]
[2025-04-23T01:41:06.044+0000] {cursor.py:1041} INFO - query execution done
[2025-04-23T01:41:06.058+0000] {cursor.py:1028} INFO - query: [MERGE INTO MBTA_PREDICTIONS AS target USING (SELECT 'prediction-ADDED-1582321089...]
[2025-04-23T01:41:09.385+0000] {cursor.py:1041} INFO - query execution done
[2025-04-23T01:41:09.408+0000] {cursor.py:1028} INFO - query: [MERGE INTO MBTA_PREDICTIONS AS target USING (SELECT 'prediction-67995080-70080-1...]
[2025-04-23T01:41:12.492+0000] {cursor.py:1041} INFO - query execution done
[2025-04-23T01:41:12.505+0000] {cursor.py:1028} INFO - query: [MERGE INTO MBTA_PREDICTIONS AS target USING (SELECT 'prediction-67995069-70079-9...]
[2025-04-23T01:41:15.775+0000] {cursor.py:1041} INFO - query execution done
[2025-04-23T01:41:15.783+0000] {cursor.py:1028} INFO - query: [MERGE INTO MBTA_PREDICTIONS AS target USING (SELECT 'prediction-67995082-70080-1...]
[2025-04-23T01:41:20.079+0000] {cursor.py:1041} INFO - query execution done
[2025-04-23T01:41:20.104+0000] {cursor.py:1028} INFO - query: [MERGE INTO MBTA_PREDICTIONS AS target USING (SELECT 'prediction-67995071-70079-9...]
[2025-04-23T01:41:23.341+0000] {cursor.py:1041} INFO - query execution done
[2025-04-23T01:41:23.353+0000] {cursor.py:1028} INFO - query: [MERGE INTO MBTA_PREDICTIONS AS target USING (SELECT 'prediction-67995086-70080-1...]
[2025-04-23T01:41:26.915+0000] {cursor.py:1041} INFO - query execution done
[2025-04-23T01:41:26.919+0000] {cursor.py:1028} INFO - query: [MERGE INTO MBTA_PREDICTIONS AS target USING (SELECT 'prediction-67995073-70079-9...]
[2025-04-23T01:41:29.872+0000] {cursor.py:1041} INFO - query execution done
[2025-04-23T01:41:29.891+0000] {cursor.py:1028} INFO - query: [MERGE INTO MBTA_PREDICTIONS AS target USING (SELECT 'prediction-67995090-70080-1...]
[2025-04-23T01:41:32.825+0000] {cursor.py:1041} INFO - query execution done
[2025-04-23T01:41:32.850+0000] {cursor.py:1028} INFO - query: [MERGE INTO MBTA_PREDICTIONS AS target USING (SELECT 'prediction-67995075-70079-9...]
[2025-04-23T01:41:35.424+0000] {cursor.py:1041} INFO - query execution done
[2025-04-23T01:41:35.429+0000] {cursor.py:1028} INFO - query: [MERGE INTO MBTA_PREDICTIONS AS target USING (SELECT 'prediction-67995094-70080-1...]
[2025-04-23T01:41:38.702+0000] {cursor.py:1041} INFO - query execution done
[2025-04-23T01:41:38.734+0000] {cursor.py:1028} INFO - query: [MERGE INTO MBTA_PREDICTIONS AS target USING (SELECT 'prediction-ADDED-1582321108...]
[2025-04-23T01:41:41.155+0000] {cursor.py:1041} INFO - query execution done
[2025-04-23T01:41:41.161+0000] {cursor.py:1028} INFO - query: [MERGE INTO MBTA_PREDICTIONS AS target USING (SELECT 'prediction-67995079-70079-9...]
[2025-04-23T01:41:46.431+0000] {cursor.py:1041} INFO - query execution done
[2025-04-23T01:41:48.572+0000] {cursor.py:1028} INFO - query: [MERGE INTO MBTA_PREDICTIONS AS target USING (SELECT 'prediction-67995098-70080-1...]
[2025-04-23T01:42:00.669+0000] {cursor.py:1041} INFO - query execution done
[2025-04-23T01:42:02.448+0000] {cursor.py:1028} INFO - query: [MERGE INTO MBTA_PREDICTIONS AS target USING (SELECT 'prediction-67995081-70079-9...]
[2025-04-23T01:42:26.280+0000] {cursor.py:1041} INFO - query execution done
[2025-04-23T01:42:28.993+0000] {cursor.py:1028} INFO - query: [MERGE INTO MBTA_PREDICTIONS AS target USING (SELECT 'prediction-67995102-70080-1...]
[2025-04-23T01:42:26.767+0000] {cursor.py:1041} INFO - query execution done
[2025-04-23T01:42:27.045+0000] {cursor.py:1028} INFO - query: [MERGE INTO MBTA_PREDICTIONS AS target USING (SELECT 'prediction-67995083-70079-9...]
[2025-04-23T01:42:29.027+0000] {cursor.py:1041} INFO - query execution done
[2025-04-23T01:42:29.046+0000] {cursor.py:1028} INFO - query: [MERGE INTO MBTA_PREDICTIONS AS target USING (SELECT 'prediction-67995106-70080-1...]
[2025-04-23T01:42:32.329+0000] {cursor.py:1041} INFO - query execution done
[2025-04-23T01:42:32.348+0000] {cursor.py:1028} INFO - query: [COMMIT]
[2025-04-23T01:42:32.571+0000] {cursor.py:1041} INFO - query execution done
[2025-04-23T01:42:32.589+0000] {cursor.py:1205} INFO - Number of results in first chunk: 1
[2025-04-23T01:42:32.594+0000] {mbta_kafka_consumer.py:139} INFO - ✅ Merged 21 new/changed records into Snowflake table: MBTA_PREDICTIONS in 99.54 seconds
[2025-04-23T01:42:32.601+0000] {mbta_kafka_consumer.py:233} INFO - 📥 Received 23 records from topic: mbta_predictions
[2025-04-23T01:42:32.766+0000] {mbta_kafka_consumer.py:56} INFO - 🔍 Sample data for MBTA_PREDICTIONS:
[2025-04-23T01:42:32.776+0000] {mbta_kafka_consumer.py:57} INFO - 
                               PREDICTION_ID  ...                 CREATED_AT
0  prediction-ADDED-1582321107-70080-130-Red  ... 2025-04-23 01:42:32.605411
1           prediction-67995063-70079-90-Red  ... 2025-04-23 01:42:32.605565
2  prediction-ADDED-1582321105-70080-130-Red  ... 2025-04-23 01:42:32.606048
3           prediction-67995065-70079-90-Red  ... 2025-04-23 01:42:32.606058
4   prediction-ADDED-1582321089-70079-90-Red  ... 2025-04-23 01:42:32.606062

[5 rows x 9 columns]
[2025-04-23T01:42:33.144+0000] {cursor.py:1028} INFO - query: [SELECT * FROM MBTA_PREDICTIONS WHERE PREDICTION_ID IN ('prediction-ADDED-1582321...]
[2025-04-23T01:42:33.515+0000] {cursor.py:1041} INFO - query execution done
[2025-04-23T01:42:33.528+0000] {cursor.py:1205} INFO - Number of results in first chunk: 23
[2025-04-23T01:42:34.749+0000] {mbta_kafka_consumer.py:104} INFO - 🔁 23 new/updated records out of 23 incoming records (some may be duplicate VEHICLE_IDs) for MBTA_PREDICTIONS
[2025-04-23T01:42:34.784+0000] {cursor.py:1028} INFO - query: [MERGE INTO MBTA_PREDICTIONS AS target USING (SELECT 'prediction-ADDED-1582321107...]
[2025-04-23T01:42:37.172+0000] {cursor.py:1041} INFO - query execution done
[2025-04-23T01:42:37.178+0000] {cursor.py:1028} INFO - query: [MERGE INTO MBTA_PREDICTIONS AS target USING (SELECT 'prediction-67995063-70079-9...]
[2025-04-23T01:42:40.406+0000] {cursor.py:1041} INFO - query execution done
[2025-04-23T01:42:40.410+0000] {cursor.py:1028} INFO - query: [MERGE INTO MBTA_PREDICTIONS AS target USING (SELECT 'prediction-ADDED-1582321105...]
[2025-04-23T01:42:43.221+0000] {cursor.py:1041} INFO - query execution done
[2025-04-23T01:42:43.224+0000] {cursor.py:1028} INFO - query: [MERGE INTO MBTA_PREDICTIONS AS target USING (SELECT 'prediction-67995065-70079-9...]
[2025-04-23T01:42:47.031+0000] {cursor.py:1041} INFO - query execution done
[2025-04-23T01:42:47.040+0000] {cursor.py:1028} INFO - query: [MERGE INTO MBTA_PREDICTIONS AS target USING (SELECT 'prediction-ADDED-1582321089...]
[2025-04-23T01:42:49.830+0000] {cursor.py:1041} INFO - query execution done
[2025-04-23T01:42:49.839+0000] {cursor.py:1028} INFO - query: [MERGE INTO MBTA_PREDICTIONS AS target USING (SELECT 'prediction-67995080-70080-1...]
[2025-04-23T01:42:52.721+0000] {cursor.py:1041} INFO - query execution done
[2025-04-23T01:42:52.726+0000] {cursor.py:1028} INFO - query: [MERGE INTO MBTA_PREDICTIONS AS target USING (SELECT 'prediction-67995069-70079-9...]
[2025-04-23T01:43:03.900+0000] {cursor.py:1041} INFO - query execution done
[2025-04-23T01:43:03.902+0000] {cursor.py:1028} INFO - query: [MERGE INTO MBTA_PREDICTIONS AS target USING (SELECT 'prediction-67995082-70080-1...]
[2025-04-23T01:43:06.232+0000] {cursor.py:1041} INFO - query execution done
[2025-04-23T01:43:06.234+0000] {cursor.py:1028} INFO - query: [MERGE INTO MBTA_PREDICTIONS AS target USING (SELECT 'prediction-67995071-70079-9...]
[2025-04-23T01:43:08.725+0000] {cursor.py:1041} INFO - query execution done
[2025-04-23T01:43:08.727+0000] {cursor.py:1028} INFO - query: [MERGE INTO MBTA_PREDICTIONS AS target USING (SELECT 'prediction-67995086-70080-1...]
