[2025-04-22T21:17:50.495+0000] {taskinstance.py:1956} INFO - Dependencies all met for dep_context=non-requeueable deps ti=<TaskInstance: mbta_kafka_consumer_dag.run_kafka_consumer scheduled__2025-04-22T20:05:00+00:00 [queued]>
[2025-04-22T21:17:50.532+0000] {taskinstance.py:1956} INFO - Dependencies all met for dep_context=requeueable deps ti=<TaskInstance: mbta_kafka_consumer_dag.run_kafka_consumer scheduled__2025-04-22T20:05:00+00:00 [queued]>
[2025-04-22T21:17:50.535+0000] {taskinstance.py:2170} INFO - Starting attempt 2 of 2
[2025-04-22T21:17:50.597+0000] {taskinstance.py:2191} INFO - Executing <Task(PythonOperator): run_kafka_consumer> on 2025-04-22 20:05:00+00:00
[2025-04-22T21:17:50.620+0000] {standard_task_runner.py:60} INFO - Started process 234 to run task
[2025-04-22T21:17:50.641+0000] {standard_task_runner.py:87} INFO - Running: ['***', 'tasks', 'run', 'mbta_kafka_consumer_dag', 'run_kafka_consumer', 'scheduled__2025-04-22T20:05:00+00:00', '--job-id', '51', '--raw', '--subdir', 'DAGS_FOLDER/mbta_kafka_consumer_dag.py', '--cfg-path', '/tmp/tmp6xzo0jq5']
[2025-04-22T21:17:50.658+0000] {standard_task_runner.py:88} INFO - Job 51: Subtask run_kafka_consumer
[2025-04-22T21:17:50.739+0000] {logging_mixin.py:188} WARNING - /home/***/.local/lib/python3.9/site-packages/***/settings.py:194 DeprecationWarning: The sql_alchemy_conn option in [core] has been moved to the sql_alchemy_conn option in [database] - the old setting has been used, but please update your config.
[2025-04-22T21:17:50.837+0000] {task_command.py:423} INFO - Running <TaskInstance: mbta_kafka_consumer_dag.run_kafka_consumer scheduled__2025-04-22T20:05:00+00:00 [running]> on host 4c3d4191e7bb
[2025-04-22T21:17:50.993+0000] {taskinstance.py:2480} INFO - Exporting env vars: AIRFLOW_CTX_DAG_OWNER='***' AIRFLOW_CTX_DAG_ID='mbta_kafka_consumer_dag' AIRFLOW_CTX_TASK_ID='run_kafka_consumer' AIRFLOW_CTX_EXECUTION_DATE='2025-04-22T20:05:00+00:00' AIRFLOW_CTX_TRY_NUMBER='2' AIRFLOW_CTX_DAG_RUN_ID='scheduled__2025-04-22T20:05:00+00:00'
[2025-04-22T21:17:50.995+0000] {connection.py:370} INFO - Snowflake Connector for Python Version: 3.6.0, Python Version: 3.9.18, Platform: Linux-6.10.14-linuxkit-aarch64-with-glibc2.36
[2025-04-22T21:17:50.999+0000] {connection.py:1171} INFO - This connection is in OCSP Fail Open Mode. TLS Certificates would be checked for validity and revocation status. Any other Certificate Revocation related exceptions or OCSP Responder failures would be disregarded in favor of connectivity.
[2025-04-22T21:17:51.802+0000] {mbta_kafka_consumer.py:45} INFO - ✅ Connected to Snowflake successfully.
[2025-04-22T21:17:51.808+0000] {mbta_kafka_consumer.py:219} INFO - 🚀 Starting MBTA Kafka Consumer...
[2025-04-22T21:17:51.827+0000] {conn.py:395} INFO - <BrokerConnection client_id=kafka-python-2.1.5, node_id=bootstrap-0 host=kafka:9092 <connecting> [IPv4 ('172.19.0.4', 9092)]>: connecting to kafka:9092 [('172.19.0.4', 9092) IPv4]
[2025-04-22T21:17:51.986+0000] {conn.py:615} INFO - <BrokerConnection client_id=kafka-python-2.1.5, node_id=bootstrap-0 host=kafka:9092 <checking_api_versions_recv> [IPv4 ('172.19.0.4', 9092)]>: Broker version identified as 2.6
[2025-04-22T21:17:51.987+0000] {conn.py:456} INFO - <BrokerConnection client_id=kafka-python-2.1.5, node_id=bootstrap-0 host=kafka:9092 <connected> [IPv4 ('172.19.0.4', 9092)]>: Connection complete.
[2025-04-22T21:17:51.991+0000] {consumer.py:119} WARNING - group_id is None: disabling auto-commit.
[2025-04-22T21:17:51.992+0000] {subscription_state.py:182} INFO - Updating subscribed topics to: ('mbta_alerts', 'mbta_routes', 'mbta_stops', 'mbta_vehicles', 'mbta_predictions')
[2025-04-22T21:17:52.177+0000] {subscription_state.py:254} INFO - Updated partition assignment: [('mbta_routes', 0), ('mbta_alerts', 0), ('mbta_vehicles', 0), ('mbta_predictions', 0), ('mbta_stops', 0)]
[2025-04-22T21:17:52.185+0000] {conn.py:395} INFO - <BrokerConnection client_id=kafka-python-2.1.5, node_id=1 host=kafka:9092 <connecting> [IPv4 ('172.19.0.4', 9092)]>: connecting to kafka:9092 [('172.19.0.4', 9092) IPv4]
[2025-04-22T21:17:52.187+0000] {conn.py:456} INFO - <BrokerConnection client_id=kafka-python-2.1.5, node_id=1 host=kafka:9092 <connected> [IPv4 ('172.19.0.4', 9092)]>: Connection complete.
[2025-04-22T21:17:52.191+0000] {conn.py:936} INFO - <BrokerConnection client_id=kafka-python-2.1.5, node_id=bootstrap-0 host=kafka:9092 <connected> [IPv4 ('172.19.0.4', 9092)]>: Closing connection. 
[2025-04-22T21:18:07.118+0000] {mbta_kafka_consumer.py:233} INFO - 📥 Received 97 records from topic: mbta_alerts
[2025-04-22T21:18:07.187+0000] {mbta_kafka_consumer.py:56} INFO - 🔍 Sample data for MBTA_ALERTS:
[2025-04-22T21:18:07.188+0000] {mbta_kafka_consumer.py:57} INFO - 
  ALERT_ID  ...                 CREATED_AT
0   639358  ...  2025-04-22T09:01:01-04:00
1   638240  ...  2025-04-16T10:52:04-04:00
2   639365  ...  2025-04-22T09:56:18-04:00
3   435698  ...  2022-03-15T10:13:31-04:00
4   634497  ...  2025-03-27T14:21:07-04:00

[5 rows x 6 columns]
[2025-04-22T21:18:07.246+0000] {cursor.py:1028} INFO - query: [SELECT * FROM MBTA_ALERTS WHERE ALERT_ID IN ('639358','638240','639365','435698'...]
[2025-04-22T21:18:07.512+0000] {cursor.py:1041} INFO - query execution done
[2025-04-22T21:18:07.519+0000] {cursor.py:1205} INFO - Number of results in first chunk: 0
[2025-04-22T21:18:09.635+0000] {mbta_kafka_consumer.py:104} INFO - 🔁 0 new/updated records out of 97 incoming records (some may be duplicate VEHICLE_IDs) for MBTA_ALERTS
[2025-04-22T21:18:09.662+0000] {mbta_kafka_consumer.py:107} INFO - ✅ All 97 records already up-to-date in MBTA_ALERTS, no merge needed.
[2025-04-22T21:18:09.673+0000] {mbta_kafka_consumer.py:233} INFO - 📥 Received 97 records from topic: mbta_alerts
[2025-04-22T21:18:09.756+0000] {mbta_kafka_consumer.py:56} INFO - 🔍 Sample data for MBTA_ALERTS:
[2025-04-22T21:18:09.758+0000] {mbta_kafka_consumer.py:57} INFO - 
  ALERT_ID  ...                 CREATED_AT
0   639358  ...  2025-04-22T09:01:01-04:00
1   638240  ...  2025-04-16T10:52:04-04:00
2   639365  ...  2025-04-22T09:56:18-04:00
3   435698  ...  2022-03-15T10:13:31-04:00
4   634497  ...  2025-03-27T14:21:07-04:00

[5 rows x 6 columns]
[2025-04-22T21:18:09.969+0000] {cursor.py:1028} INFO - query: [SELECT * FROM MBTA_ALERTS WHERE ALERT_ID IN ('639358','638240','639365','435698'...]
[2025-04-22T21:18:10.303+0000] {cursor.py:1041} INFO - query execution done
[2025-04-22T21:18:10.323+0000] {cursor.py:1205} INFO - Number of results in first chunk: 0
[2025-04-22T21:18:10.804+0000] {mbta_kafka_consumer.py:104} INFO - 🔁 0 new/updated records out of 97 incoming records (some may be duplicate VEHICLE_IDs) for MBTA_ALERTS
[2025-04-22T21:18:10.812+0000] {mbta_kafka_consumer.py:107} INFO - ✅ All 97 records already up-to-date in MBTA_ALERTS, no merge needed.
[2025-04-22T21:18:10.818+0000] {mbta_kafka_consumer.py:233} INFO - 📥 Received 97 records from topic: mbta_alerts
[2025-04-22T21:18:10.842+0000] {mbta_kafka_consumer.py:56} INFO - 🔍 Sample data for MBTA_ALERTS:
[2025-04-22T21:18:10.844+0000] {mbta_kafka_consumer.py:57} INFO - 
  ALERT_ID  ...                 CREATED_AT
0   639358  ...  2025-04-22T09:01:01-04:00
1   638240  ...  2025-04-16T10:52:04-04:00
2   639365  ...  2025-04-22T09:56:18-04:00
3   435698  ...  2022-03-15T10:13:31-04:00
4   634497  ...  2025-03-27T14:21:07-04:00

[5 rows x 6 columns]
[2025-04-22T21:18:10.911+0000] {cursor.py:1028} INFO - query: [SELECT * FROM MBTA_ALERTS WHERE ALERT_ID IN ('639358','638240','639365','435698'...]
[2025-04-22T21:18:11.109+0000] {cursor.py:1041} INFO - query execution done
[2025-04-22T21:18:11.112+0000] {cursor.py:1205} INFO - Number of results in first chunk: 0
[2025-04-22T21:18:11.518+0000] {mbta_kafka_consumer.py:104} INFO - 🔁 0 new/updated records out of 97 incoming records (some may be duplicate VEHICLE_IDs) for MBTA_ALERTS
[2025-04-22T21:18:11.522+0000] {mbta_kafka_consumer.py:107} INFO - ✅ All 97 records already up-to-date in MBTA_ALERTS, no merge needed.
[2025-04-22T21:18:11.527+0000] {mbta_kafka_consumer.py:233} INFO - 📥 Received 1000 records from topic: mbta_stops
[2025-04-22T21:18:11.582+0000] {mbta_kafka_consumer.py:56} INFO - 🔍 Sample data for MBTA_STOPS:
[2025-04-22T21:18:11.589+0000] {mbta_kafka_consumer.py:57} INFO - 
          STOP_ID  ...                 CREATED_AT
0            5682  ... 2025-04-22 21:18:11.535839
1           50620  ... 2025-04-22 21:18:11.535860
2  node-417-lobby  ... 2025-04-22 21:18:11.535867
3            4042  ... 2025-04-22 21:18:11.535868
4          109822  ... 2025-04-22 21:18:11.535876

[5 rows x 5 columns]
[2025-04-22T21:18:11.634+0000] {cursor.py:1028} INFO - query: [SELECT * FROM MBTA_STOPS WHERE STOP_ID IN ('5682','50620','node-417-lobby','4042...]
[2025-04-22T21:18:11.913+0000] {cursor.py:1041} INFO - query execution done
[2025-04-22T21:18:11.928+0000] {cursor.py:1205} INFO - Number of results in first chunk: 0
[2025-04-22T21:18:13.127+0000] {mbta_kafka_consumer.py:104} INFO - 🔁 0 new/updated records out of 1000 incoming records (some may be duplicate VEHICLE_IDs) for MBTA_STOPS
[2025-04-22T21:18:13.130+0000] {mbta_kafka_consumer.py:107} INFO - ✅ All 1000 records already up-to-date in MBTA_STOPS, no merge needed.
[2025-04-22T21:18:13.131+0000] {mbta_kafka_consumer.py:233} INFO - 📥 Received 23 records from topic: mbta_predictions
[2025-04-22T21:18:13.141+0000] {mbta_kafka_consumer.py:56} INFO - 🔍 Sample data for MBTA_PREDICTIONS:
[2025-04-22T21:18:13.142+0000] {mbta_kafka_consumer.py:57} INFO - 
                       PREDICTION_ID ROUTE_ID  ... STATUS                 CREATED_AT
0   prediction-67994997-70079-90-Red      Red  ...   None 2025-04-22 21:18:13.132296
1  prediction-67995044-70080-130-Red      Red  ...   None 2025-04-22 21:18:13.132319
2   prediction-67995003-70079-90-Red      Red  ...   None 2025-04-22 21:18:13.132323
3  prediction-67995050-70080-130-Red      Red  ...   None 2025-04-22 21:18:13.132342
4   prediction-67995009-70079-90-Red      Red  ...   None 2025-04-22 21:18:13.132358

[5 rows x 9 columns]
[2025-04-22T21:18:13.152+0000] {cursor.py:1028} INFO - query: [SELECT * FROM MBTA_PREDICTIONS WHERE PREDICTION_ID IN ('prediction-67994997-7007...]
[2025-04-22T21:18:13.357+0000] {cursor.py:1041} INFO - query execution done
[2025-04-22T21:18:13.358+0000] {cursor.py:1205} INFO - Number of results in first chunk: 23
[2025-04-22T21:18:13.368+0000] {mbta_kafka_consumer.py:104} INFO - 🔁 23 new/updated records out of 23 incoming records (some may be duplicate VEHICLE_IDs) for MBTA_PREDICTIONS
[2025-04-22T21:18:13.369+0000] {cursor.py:1028} INFO - query: [MERGE INTO MBTA_PREDICTIONS AS target USING (SELECT 'prediction-67994997-70079-9...]
[2025-04-22T21:18:14.787+0000] {cursor.py:1041} INFO - query execution done
[2025-04-22T21:18:14.793+0000] {cursor.py:1028} INFO - query: [MERGE INTO MBTA_PREDICTIONS AS target USING (SELECT 'prediction-67995044-70080-1...]
