[2025-04-21T03:51:18.076+0000] {taskinstance.py:1956} INFO - Dependencies all met for dep_context=non-requeueable deps ti=<TaskInstance: mbta_kafka_consumer_dag.run_kafka_consumer scheduled__2025-04-21T03:30:00+00:00 [queued]>
[2025-04-21T03:51:18.099+0000] {taskinstance.py:1956} INFO - Dependencies all met for dep_context=requeueable deps ti=<TaskInstance: mbta_kafka_consumer_dag.run_kafka_consumer scheduled__2025-04-21T03:30:00+00:00 [queued]>
[2025-04-21T03:51:18.101+0000] {taskinstance.py:2170} INFO - Starting attempt 1 of 2
[2025-04-21T03:51:18.151+0000] {taskinstance.py:2191} INFO - Executing <Task(PythonOperator): run_kafka_consumer> on 2025-04-21 03:30:00+00:00
[2025-04-21T03:51:18.167+0000] {standard_task_runner.py:60} INFO - Started process 207 to run task
[2025-04-21T03:51:18.184+0000] {standard_task_runner.py:87} INFO - Running: ['***', 'tasks', 'run', 'mbta_kafka_consumer_dag', 'run_kafka_consumer', 'scheduled__2025-04-21T03:30:00+00:00', '--job-id', '98', '--raw', '--subdir', 'DAGS_FOLDER/mbta_kafka_consumer_dag.py', '--cfg-path', '/tmp/tmpbq83gikt']
[2025-04-21T03:51:18.192+0000] {standard_task_runner.py:88} INFO - Job 98: Subtask run_kafka_consumer
[2025-04-21T03:51:18.242+0000] {logging_mixin.py:188} WARNING - /home/***/.local/lib/python3.9/site-packages/***/settings.py:194 DeprecationWarning: The sql_alchemy_conn option in [core] has been moved to the sql_alchemy_conn option in [database] - the old setting has been used, but please update your config.
[2025-04-21T03:51:18.348+0000] {task_command.py:423} INFO - Running <TaskInstance: mbta_kafka_consumer_dag.run_kafka_consumer scheduled__2025-04-21T03:30:00+00:00 [running]> on host bf0ac457d6ab
[2025-04-21T03:51:18.542+0000] {taskinstance.py:2480} INFO - Exporting env vars: AIRFLOW_CTX_DAG_OWNER='***' AIRFLOW_CTX_DAG_ID='mbta_kafka_consumer_dag' AIRFLOW_CTX_TASK_ID='run_kafka_consumer' AIRFLOW_CTX_EXECUTION_DATE='2025-04-21T03:30:00+00:00' AIRFLOW_CTX_TRY_NUMBER='1' AIRFLOW_CTX_DAG_RUN_ID='scheduled__2025-04-21T03:30:00+00:00'
[2025-04-21T03:51:18.551+0000] {connection.py:370} INFO - Snowflake Connector for Python Version: 3.6.0, Python Version: 3.9.18, Platform: Linux-6.10.14-linuxkit-aarch64-with-glibc2.36
[2025-04-21T03:51:18.557+0000] {connection.py:1171} INFO - This connection is in OCSP Fail Open Mode. TLS Certificates would be checked for validity and revocation status. Any other Certificate Revocation related exceptions or OCSP Responder failures would be disregarded in favor of connectivity.
[2025-04-21T03:51:20.765+0000] {mbta_kafka_consumer.py:45} INFO - ✅ Connected to Snowflake successfully.
[2025-04-21T03:51:20.785+0000] {mbta_kafka_consumer.py:219} INFO - 🚀 Starting MBTA Kafka Consumer...
[2025-04-21T03:51:20.961+0000] {conn.py:395} INFO - <BrokerConnection client_id=kafka-python-2.1.5, node_id=bootstrap-0 host=kafka:9092 <connecting> [IPv4 ('172.18.0.5', 9092)]>: connecting to kafka:9092 [('172.18.0.5', 9092) IPv4]
[2025-04-21T03:51:21.040+0000] {conn.py:615} INFO - <BrokerConnection client_id=kafka-python-2.1.5, node_id=bootstrap-0 host=kafka:9092 <checking_api_versions_recv> [IPv4 ('172.18.0.5', 9092)]>: Broker version identified as 2.6
[2025-04-21T03:51:21.041+0000] {conn.py:456} INFO - <BrokerConnection client_id=kafka-python-2.1.5, node_id=bootstrap-0 host=kafka:9092 <connected> [IPv4 ('172.18.0.5', 9092)]>: Connection complete.
[2025-04-21T03:51:21.053+0000] {consumer.py:119} WARNING - group_id is None: disabling auto-commit.
[2025-04-21T03:51:21.054+0000] {subscription_state.py:182} INFO - Updating subscribed topics to: ('mbta_alerts', 'mbta_routes', 'mbta_stops', 'mbta_vehicles', 'mbta_predictions')
[2025-04-21T03:51:21.077+0000] {subscription_state.py:254} INFO - Updated partition assignment: [('mbta_vehicles', 0), ('mbta_predictions', 0), ('mbta_alerts', 0), ('mbta_stops', 0), ('mbta_routes', 0)]
[2025-04-21T03:51:21.083+0000] {conn.py:395} INFO - <BrokerConnection client_id=kafka-python-2.1.5, node_id=1 host=kafka:9092 <connecting> [IPv4 ('172.18.0.5', 9092)]>: connecting to kafka:9092 [('172.18.0.5', 9092) IPv4]
[2025-04-21T03:51:21.085+0000] {conn.py:456} INFO - <BrokerConnection client_id=kafka-python-2.1.5, node_id=1 host=kafka:9092 <connected> [IPv4 ('172.18.0.5', 9092)]>: Connection complete.
[2025-04-21T03:51:21.090+0000] {conn.py:936} INFO - <BrokerConnection client_id=kafka-python-2.1.5, node_id=bootstrap-0 host=kafka:9092 <connected> [IPv4 ('172.18.0.5', 9092)]>: Closing connection. 
[2025-04-21T03:51:26.771+0000] {mbta_kafka_consumer.py:233} INFO - 📥 Received 236 records from topic: mbta_vehicles
[2025-04-21T03:51:27.101+0000] {mbta_kafka_consumer.py:56} INFO - 🔍 Sample data for MBTA_VEHICLES:
[2025-04-21T03:51:27.104+0000] {mbta_kafka_consumer.py:57} INFO - 
  VEHICLE_ID ROUTE_ID   LATITUDE  ...  SPEED       STATUS                 CREATED_AT
0    G-10062  Green-B  42.350560  ...    4.2  INCOMING_AT 2025-04-21 03:51:26.782277
1      y3136       93  42.383680  ...    NaN   STOPPED_AT 2025-04-21 03:51:26.782704
2      y1619      34E  42.180633  ...    NaN   STOPPED_AT 2025-04-21 03:51:26.782708
3    G-10223  Green-B  42.339660  ...    8.1  INCOMING_AT 2025-04-21 03:51:26.782711
4      y1815       11  42.335975  ...    NaN   STOPPED_AT 2025-04-21 03:51:26.783063

[5 rows x 8 columns]
[2025-04-21T03:51:27.184+0000] {cursor.py:1028} INFO - query: [SELECT * FROM MBTA_VEHICLES WHERE VEHICLE_ID IN ('G-10062','y3136','y1619','G-10...]
[2025-04-21T03:51:28.088+0000] {cursor.py:1041} INFO - query execution done
[2025-04-21T03:51:28.096+0000] {cursor.py:1205} INFO - Number of results in first chunk: 252
[2025-04-21T03:51:28.229+0000] {mbta_kafka_consumer.py:104} INFO - 🔁 252 new/updated records out of 236 incoming records (some may be duplicate VEHICLE_IDs) for MBTA_VEHICLES
[2025-04-21T03:51:28.238+0000] {cursor.py:1028} INFO - query: [MERGE INTO MBTA_VEHICLES AS target USING (SELECT 'G-10062', 'Green-B', 42.35056,...]
[2025-04-21T03:51:29.520+0000] {cursor.py:1041} INFO - query execution done
[2025-04-21T03:51:29.531+0000] {cursor.py:1028} INFO - query: [MERGE INTO MBTA_VEHICLES AS target USING (SELECT 'y3136', '93', 42.38368, -71.07...]
[2025-04-21T03:51:31.123+0000] {cursor.py:1041} INFO - query execution done
[2025-04-21T03:51:31.128+0000] {cursor.py:1028} INFO - query: [MERGE INTO MBTA_VEHICLES AS target USING (SELECT 'y1619', '34E', 42.18063268, -7...]
[2025-04-21T03:51:32.543+0000] {cursor.py:1041} INFO - query execution done
[2025-04-21T03:51:32.554+0000] {cursor.py:1028} INFO - query: [MERGE INTO MBTA_VEHICLES AS target USING (SELECT 'G-10223', 'Green-B', 42.33966,...]
[2025-04-21T03:51:34.026+0000] {cursor.py:1041} INFO - query execution done
[2025-04-21T03:51:34.032+0000] {cursor.py:1028} INFO - query: [MERGE INTO MBTA_VEHICLES AS target USING (SELECT 'y1815', '11', 42.33597466, -71...]
[2025-04-21T03:51:35.549+0000] {cursor.py:1041} INFO - query execution done
[2025-04-21T03:51:35.553+0000] {cursor.py:1028} INFO - query: [MERGE INTO MBTA_VEHICLES AS target USING (SELECT 'y1815', '11', 42.33597466, -71...]
[2025-04-21T03:51:36.942+0000] {cursor.py:1041} INFO - query execution done
[2025-04-21T03:51:36.943+0000] {cursor.py:1028} INFO - query: [MERGE INTO MBTA_VEHICLES AS target USING (SELECT 'y1815', '11', 42.33597466, -71...]
[2025-04-21T03:51:38.369+0000] {cursor.py:1041} INFO - query execution done
[2025-04-21T03:51:38.370+0000] {cursor.py:1028} INFO - query: [MERGE INTO MBTA_VEHICLES AS target USING (SELECT 'y1815', '11', 42.33597466, -71...]
[2025-04-21T03:51:39.837+0000] {cursor.py:1041} INFO - query execution done
[2025-04-21T03:51:39.839+0000] {cursor.py:1028} INFO - query: [MERGE INTO MBTA_VEHICLES AS target USING (SELECT 'y1815', '11', 42.33597466, -71...]
[2025-04-21T03:51:41.367+0000] {cursor.py:1041} INFO - query execution done
[2025-04-21T03:51:41.369+0000] {cursor.py:1028} INFO - query: [MERGE INTO MBTA_VEHICLES AS target USING (SELECT 'y1815', '11', 42.33597466, -71...]
[2025-04-21T03:51:42.825+0000] {cursor.py:1041} INFO - query execution done
[2025-04-21T03:51:42.826+0000] {cursor.py:1028} INFO - query: [MERGE INTO MBTA_VEHICLES AS target USING (SELECT 'y1815', '11', 42.33597466, -71...]
[2025-04-21T03:51:44.381+0000] {cursor.py:1041} INFO - query execution done
[2025-04-21T03:51:44.384+0000] {cursor.py:1028} INFO - query: [MERGE INTO MBTA_VEHICLES AS target USING (SELECT 'y1815', '11', 42.33597466, -71...]
[2025-04-21T03:51:45.803+0000] {cursor.py:1041} INFO - query execution done
[2025-04-21T03:51:45.804+0000] {cursor.py:1028} INFO - query: [MERGE INTO MBTA_VEHICLES AS target USING (SELECT 'y1815', '11', 42.33597466, -71...]
[2025-04-21T03:51:47.249+0000] {cursor.py:1041} INFO - query execution done
[2025-04-21T03:51:47.250+0000] {cursor.py:1028} INFO - query: [MERGE INTO MBTA_VEHICLES AS target USING (SELECT 'y1815', '11', 42.33597466, -71...]
[2025-04-21T03:51:48.812+0000] {cursor.py:1041} INFO - query execution done
[2025-04-21T03:51:48.813+0000] {cursor.py:1028} INFO - query: [MERGE INTO MBTA_VEHICLES AS target USING (SELECT 'y1815', '11', 42.33597466, -71...]
[2025-04-21T03:51:50.203+0000] {cursor.py:1041} INFO - query execution done
[2025-04-21T03:51:50.240+0000] {cursor.py:1028} INFO - query: [MERGE INTO MBTA_VEHICLES AS target USING (SELECT 'y1815', '11', 42.33597466, -71...]
[2025-04-21T03:51:52.025+0000] {cursor.py:1041} INFO - query execution done
[2025-04-21T03:51:52.095+0000] {cursor.py:1028} INFO - query: [MERGE INTO MBTA_VEHICLES AS target USING (SELECT 'y1815', '11', 42.33597466, -71...]
[2025-04-21T03:51:53.408+0000] {cursor.py:1041} INFO - query execution done
[2025-04-21T03:51:53.415+0000] {cursor.py:1028} INFO - query: [MERGE INTO MBTA_VEHICLES AS target USING (SELECT 'y1815', '11', 42.33597466, -71...]
[2025-04-21T03:51:54.878+0000] {cursor.py:1041} INFO - query execution done
[2025-04-21T03:51:54.883+0000] {cursor.py:1028} INFO - query: [MERGE INTO MBTA_VEHICLES AS target USING (SELECT 'y1815', '11', 42.33597466, -71...]
[2025-04-21T03:51:56.376+0000] {cursor.py:1041} INFO - query execution done
[2025-04-21T03:51:56.377+0000] {cursor.py:1028} INFO - query: [MERGE INTO MBTA_VEHICLES AS target USING (SELECT 'y1815', '11', 42.33597466, -71...]
[2025-04-21T03:51:57.824+0000] {cursor.py:1041} INFO - query execution done
[2025-04-21T03:51:57.832+0000] {cursor.py:1028} INFO - query: [MERGE INTO MBTA_VEHICLES AS target USING (SELECT 'y1815', '11', 42.33597466, -71...]
[2025-04-21T03:51:59.368+0000] {cursor.py:1041} INFO - query execution done
[2025-04-21T03:51:59.386+0000] {cursor.py:1028} INFO - query: [MERGE INTO MBTA_VEHICLES AS target USING (SELECT 'R-54829A82', 'Red', 42.36554, ...]
[2025-04-21T03:52:00.902+0000] {cursor.py:1041} INFO - query execution done
[2025-04-21T03:52:00.912+0000] {cursor.py:1028} INFO - query: [MERGE INTO MBTA_VEHICLES AS target USING (SELECT 'y2108', '104', 42.392446239, -...]
[2025-04-21T03:52:02.346+0000] {cursor.py:1041} INFO - query execution done
[2025-04-21T03:52:02.353+0000] {cursor.py:1028} INFO - query: [MERGE INTO MBTA_VEHICLES AS target USING (SELECT 'G-10192', 'Green-C', 42.35551,...]
[2025-04-21T03:52:04.056+0000] {cursor.py:1041} INFO - query execution done
[2025-04-21T03:52:04.060+0000] {cursor.py:1028} INFO - query: [MERGE INTO MBTA_VEHICLES AS target USING (SELECT 'y1874', '1', 42.33490356, -71....]
[2025-04-21T03:52:05.444+0000] {cursor.py:1041} INFO - query execution done
[2025-04-21T03:52:05.445+0000] {cursor.py:1028} INFO - query: [MERGE INTO MBTA_VEHICLES AS target USING (SELECT 'y1202', '39', 42.35032235, -71...]
[2025-04-21T03:52:06.983+0000] {cursor.py:1041} INFO - query execution done
[2025-04-21T03:52:06.984+0000] {cursor.py:1028} INFO - query: [MERGE INTO MBTA_VEHICLES AS target USING (SELECT 'G-10221', 'Green-D', 42.37705,...]
[2025-04-21T03:52:08.377+0000] {cursor.py:1041} INFO - query execution done
[2025-04-21T03:52:08.378+0000] {cursor.py:1028} INFO - query: [MERGE INTO MBTA_VEHICLES AS target USING (SELECT 'y1680', '34E', 42.29914, -71.1...]
[2025-04-21T03:52:09.790+0000] {cursor.py:1041} INFO - query execution done
[2025-04-21T03:52:09.790+0000] {cursor.py:1028} INFO - query: [MERGE INTO MBTA_VEHICLES AS target USING (SELECT '1843', 'CR-Fairmount', 42.3185...]
[2025-04-21T03:52:11.190+0000] {cursor.py:1041} INFO - query execution done
[2025-04-21T03:52:11.190+0000] {cursor.py:1028} INFO - query: [MERGE INTO MBTA_VEHICLES AS target USING (SELECT 'B-54829F7A', 'Blue', 42.38019,...]
[2025-04-21T03:52:12.778+0000] {cursor.py:1041} INFO - query execution done
[2025-04-21T03:52:12.785+0000] {cursor.py:1028} INFO - query: [MERGE INTO MBTA_VEHICLES AS target USING (SELECT 'y1312', '743', 42.35092573, -7...]
[2025-04-21T03:52:14.062+0000] {cursor.py:1041} INFO - query execution done
[2025-04-21T03:52:14.063+0000] {cursor.py:1028} INFO - query: [MERGE INTO MBTA_VEHICLES AS target USING (SELECT 'G-10162', 'Green-D', 42.33142,...]
[2025-04-21T03:52:15.755+0000] {cursor.py:1041} INFO - query execution done
[2025-04-21T03:52:15.763+0000] {cursor.py:1028} INFO - query: [MERGE INTO MBTA_VEHICLES AS target USING (SELECT 'y2090', '78', 42.373465405, -7...]
[2025-04-21T03:52:17.169+0000] {cursor.py:1041} INFO - query execution done
[2025-04-21T03:52:17.171+0000] {cursor.py:1028} INFO - query: [MERGE INTO MBTA_VEHICLES AS target USING (SELECT 'y1721', '15', 42.329565129, -7...]
[2025-04-21T03:52:18.607+0000] {cursor.py:1041} INFO - query execution done
[2025-04-21T03:52:18.614+0000] {cursor.py:1028} INFO - query: [MERGE INTO MBTA_VEHICLES AS target USING (SELECT 'y2116', '109', 42.37271178, -7...]
[2025-04-21T03:52:20.076+0000] {cursor.py:1041} INFO - query execution done
[2025-04-21T03:52:20.083+0000] {cursor.py:1028} INFO - query: [MERGE INTO MBTA_VEHICLES AS target USING (SELECT 'y1987', '77', 42.37293, -71.12...]
[2025-04-21T03:52:21.568+0000] {cursor.py:1041} INFO - query execution done
[2025-04-21T03:52:21.569+0000] {cursor.py:1028} INFO - query: [MERGE INTO MBTA_VEHICLES AS target USING (SELECT 'y1625', '30', 42.29948, -71.11...]
[2025-04-21T03:52:22.981+0000] {cursor.py:1041} INFO - query execution done
[2025-04-21T03:52:22.983+0000] {cursor.py:1028} INFO - query: [MERGE INTO MBTA_VEHICLES AS target USING (SELECT 'G-10046', 'Green-E', 42.33614,...]
[2025-04-21T03:52:24.494+0000] {cursor.py:1041} INFO - query execution done
[2025-04-21T03:52:24.502+0000] {cursor.py:1028} INFO - query: [MERGE INTO MBTA_VEHICLES AS target USING (SELECT 'G-10052', 'Green-B', 42.33805,...]
[2025-04-21T03:52:25.963+0000] {cursor.py:1041} INFO - query execution done
[2025-04-21T03:52:25.989+0000] {cursor.py:1028} INFO - query: [MERGE INTO MBTA_VEHICLES AS target USING (SELECT 'G-10237', 'Green-D', 42.32607,...]
[2025-04-21T03:52:27.408+0000] {cursor.py:1041} INFO - query execution done
[2025-04-21T03:52:27.412+0000] {cursor.py:1028} INFO - query: [MERGE INTO MBTA_VEHICLES AS target USING (SELECT 'y1268', '28', 42.28598846, -71...]
[2025-04-21T03:52:29.045+0000] {cursor.py:1041} INFO - query execution done
[2025-04-21T03:52:29.049+0000] {cursor.py:1028} INFO - query: [MERGE INTO MBTA_VEHICLES AS target USING (SELECT 'y1331', '741', 42.3536358, -71...]
[2025-04-21T03:52:30.622+0000] {cursor.py:1041} INFO - query execution done
[2025-04-21T03:52:30.625+0000] {cursor.py:1028} INFO - query: [MERGE INTO MBTA_VEHICLES AS target USING (SELECT 'G-10135', 'Green-D', 42.35356,...]
[2025-04-21T03:52:32.094+0000] {cursor.py:1041} INFO - query execution done
[2025-04-21T03:52:32.096+0000] {cursor.py:1028} INFO - query: [MERGE INTO MBTA_VEHICLES AS target USING (SELECT 'y1943', '73', 42.373458, -71.1...]
[2025-04-21T03:52:34.363+0000] {cursor.py:1041} INFO - query execution done
[2025-04-21T03:52:34.364+0000] {cursor.py:1028} INFO - query: [MERGE INTO MBTA_VEHICLES AS target USING (SELECT 'G-10196', 'Green-D', 42.32888,...]
[2025-04-21T03:52:35.858+0000] {cursor.py:1041} INFO - query execution done
[2025-04-21T03:52:35.860+0000] {cursor.py:1028} INFO - query: [MERGE INTO MBTA_VEHICLES AS target USING (SELECT 'y1329', '742', 42.34591245, -7...]
[2025-04-21T03:52:37.387+0000] {cursor.py:1041} INFO - query execution done
[2025-04-21T03:52:37.389+0000] {cursor.py:1028} INFO - query: [MERGE INTO MBTA_VEHICLES AS target USING (SELECT 'y1814', '23', 42.3369, -71.088...]
[2025-04-21T03:52:38.878+0000] {cursor.py:1041} INFO - query execution done
[2025-04-21T03:52:38.879+0000] {cursor.py:1028} INFO - query: [MERGE INTO MBTA_VEHICLES AS target USING (SELECT 'O-5482961B', 'Orange', 42.3182...]
[2025-04-21T03:52:40.333+0000] {cursor.py:1041} INFO - query execution done
[2025-04-21T03:52:40.334+0000] {cursor.py:1028} INFO - query: [MERGE INTO MBTA_VEHICLES AS target USING (SELECT 'y0818', '238', 42.212358969, -...]
[2025-04-21T03:52:41.850+0000] {cursor.py:1041} INFO - query execution done
[2025-04-21T03:52:41.852+0000] {cursor.py:1028} INFO - query: [MERGE INTO MBTA_VEHICLES AS target USING (SELECT 'O-54829630', 'Orange', 42.3487...]
[2025-04-21T03:52:43.259+0000] {cursor.py:1041} INFO - query execution done
[2025-04-21T03:52:43.259+0000] {cursor.py:1028} INFO - query: [MERGE INTO MBTA_VEHICLES AS target USING (SELECT 'y1277', '749', 42.32980729, -7...]
[2025-04-21T03:52:45.351+0000] {cursor.py:1041} INFO - query execution done
[2025-04-21T03:52:45.352+0000] {cursor.py:1028} INFO - query: [MERGE INTO MBTA_VEHICLES AS target USING (SELECT 'G-10163', 'Green-C', 42.34147,...]
[2025-04-21T03:52:46.962+0000] {cursor.py:1041} INFO - query execution done
[2025-04-21T03:52:46.965+0000] {cursor.py:1028} INFO - query: [MERGE INTO MBTA_VEHICLES AS target USING (SELECT 'y1861', '66', 42.33185926, -71...]
[2025-04-21T03:52:48.493+0000] {cursor.py:1041} INFO - query execution done
[2025-04-21T03:52:48.495+0000] {cursor.py:1028} INFO - query: [MERGE INTO MBTA_VEHICLES AS target USING (SELECT 'G-10014', 'Mattapan', 42.27943...]
[2025-04-21T03:52:49.842+0000] {cursor.py:1041} INFO - query execution done
[2025-04-21T03:52:49.842+0000] {cursor.py:1028} INFO - query: [MERGE INTO MBTA_VEHICLES AS target USING (SELECT 'y3305', '116', 42.415630989, -...]
[2025-04-21T03:52:51.462+0000] {cursor.py:1041} INFO - query execution done
[2025-04-21T03:52:51.464+0000] {cursor.py:1028} INFO - query: [MERGE INTO MBTA_VEHICLES AS target USING (SELECT 'y3122', '69', 42.37335728, -71...]
[2025-04-21T03:52:53.003+0000] {cursor.py:1041} INFO - query execution done
[2025-04-21T03:52:53.006+0000] {cursor.py:1028} INFO - query: [MERGE INTO MBTA_VEHICLES AS target USING (SELECT 'y1613', '32', 42.26580298, -71...]
[2025-04-21T03:52:54.453+0000] {cursor.py:1041} INFO - query execution done
[2025-04-21T03:52:54.453+0000] {cursor.py:1028} INFO - query: [MERGE INTO MBTA_VEHICLES AS target USING (SELECT 'G-10003', 'Green-E', 42.37467,...]
[2025-04-21T03:52:55.947+0000] {cursor.py:1041} INFO - query execution done
[2025-04-21T03:52:55.948+0000] {cursor.py:1028} INFO - query: [MERGE INTO MBTA_VEHICLES AS target USING (SELECT 'y1291', '749', 42.33671364, -7...]
[2025-04-21T03:52:57.629+0000] {cursor.py:1041} INFO - query execution done
[2025-04-21T03:52:57.641+0000] {cursor.py:1028} INFO - query: [MERGE INTO MBTA_VEHICLES AS target USING (SELECT 'y3115', '71', 42.36730092, -71...]
[2025-04-21T03:52:59.133+0000] {cursor.py:1041} INFO - query execution done
[2025-04-21T03:52:59.185+0000] {cursor.py:1028} INFO - query: [MERGE INTO MBTA_VEHICLES AS target USING (SELECT 'G-10065', 'Green-B', 42.35245,...]
[2025-04-21T03:53:00.528+0000] {cursor.py:1041} INFO - query execution done
[2025-04-21T03:53:00.532+0000] {cursor.py:1028} INFO - query: [MERGE INTO MBTA_VEHICLES AS target USING (SELECT 'y3004', '713', 42.37328418, -7...]
[2025-04-21T03:53:02.135+0000] {cursor.py:1041} INFO - query execution done
[2025-04-21T03:53:02.141+0000] {cursor.py:1028} INFO - query: [MERGE INTO MBTA_VEHICLES AS target USING (SELECT 'y1222', '39', 42.29980689, -71...]
[2025-04-21T03:53:03.551+0000] {cursor.py:1041} INFO - query execution done
[2025-04-21T03:53:03.552+0000] {cursor.py:1028} INFO - query: [MERGE INTO MBTA_VEHICLES AS target USING (SELECT 'y1885', '23', 42.286083499, -7...]
[2025-04-21T03:53:05.001+0000] {cursor.py:1041} INFO - query execution done
[2025-04-21T03:53:05.007+0000] {cursor.py:1028} INFO - query: [MERGE INTO MBTA_VEHICLES AS target USING (SELECT 'y1858', '22', 42.28379, -71.06...]
[2025-04-21T03:53:06.419+0000] {cursor.py:1041} INFO - query execution done
[2025-04-21T03:53:06.421+0000] {cursor.py:1028} INFO - query: [MERGE INTO MBTA_VEHICLES AS target USING (SELECT 'R-54828E9A', 'Red', 42.27576, ...]
[2025-04-21T03:53:07.956+0000] {cursor.py:1041} INFO - query execution done
[2025-04-21T03:53:07.957+0000] {cursor.py:1028} INFO - query: [MERGE INTO MBTA_VEHICLES AS target USING (SELECT 'y1319', '742', 42.34396602, -7...]
[2025-04-21T03:53:09.507+0000] {cursor.py:1041} INFO - query execution done
[2025-04-21T03:53:09.511+0000] {cursor.py:1028} INFO - query: [MERGE INTO MBTA_VEHICLES AS target USING (SELECT 'G-10218', 'Green-D', 42.37695,...]
[2025-04-21T03:53:11.029+0000] {cursor.py:1041} INFO - query execution done
[2025-04-21T03:53:11.030+0000] {cursor.py:1028} INFO - query: [MERGE INTO MBTA_VEHICLES AS target USING (SELECT 'y1790', '9', 42.34525543, -71....]
[2025-04-21T03:53:12.375+0000] {cursor.py:1041} INFO - query execution done
[2025-04-21T03:53:12.378+0000] {cursor.py:1028} INFO - query: [MERGE INTO MBTA_VEHICLES AS target USING (SELECT 'R-54829F52', 'Red', 42.31434, ...]
[2025-04-21T03:53:13.895+0000] {cursor.py:1041} INFO - query execution done
[2025-04-21T03:53:13.896+0000] {cursor.py:1028} INFO - query: [MERGE INTO MBTA_VEHICLES AS target USING (SELECT 'O-54829626', 'Orange', 42.3480...]
[2025-04-21T03:53:15.535+0000] {cursor.py:1041} INFO - query execution done
[2025-04-21T03:53:15.536+0000] {cursor.py:1028} INFO - query: [MERGE INTO MBTA_VEHICLES AS target USING (SELECT 'y3157', '70', 42.36376616, -71...]
[2025-04-21T03:53:17.176+0000] {cursor.py:1041} INFO - query execution done
[2025-04-21T03:53:17.178+0000] {cursor.py:1028} INFO - query: [MERGE INTO MBTA_VEHICLES AS target USING (SELECT 'y1927', '86', 42.37310755, -71...]
[2025-04-21T03:53:18.811+0000] {cursor.py:1041} INFO - query execution done
[2025-04-21T03:53:18.816+0000] {cursor.py:1028} INFO - query: [MERGE INTO MBTA_VEHICLES AS target USING (SELECT 'G-10084', 'Green-B', 42.34068,...]
[2025-04-21T03:53:20.429+0000] {cursor.py:1041} INFO - query execution done
[2025-04-21T03:53:20.430+0000] {cursor.py:1028} INFO - query: [MERGE INTO MBTA_VEHICLES AS target USING (SELECT 'y1855', '1', 42.33530056, -71....]
[2025-04-21T03:53:21.970+0000] {cursor.py:1041} INFO - query execution done
[2025-04-21T03:53:21.974+0000] {cursor.py:1028} INFO - query: [MERGE INTO MBTA_VEHICLES AS target USING (SELECT 'G-10150', 'Green-E', 42.40839,...]
[2025-04-21T03:53:23.519+0000] {cursor.py:1041} INFO - query execution done
[2025-04-21T03:53:23.520+0000] {cursor.py:1028} INFO - query: [MERGE INTO MBTA_VEHICLES AS target USING (SELECT 'R-54829E0D', 'Red', 42.3565, -...]
[2025-04-21T03:53:25.066+0000] {cursor.py:1041} INFO - query execution done
[2025-04-21T03:53:25.073+0000] {cursor.py:1028} INFO - query: [MERGE INTO MBTA_VEHICLES AS target USING (SELECT 'y1324', '742', 42.34777712, -7...]
[2025-04-21T03:53:26.798+0000] {cursor.py:1041} INFO - query execution done
[2025-04-21T03:53:26.800+0000] {cursor.py:1028} INFO - query: [MERGE INTO MBTA_VEHICLES AS target USING (SELECT 'y0817', '220', 42.24394437, -7...]
[2025-04-21T03:53:28.354+0000] {cursor.py:1041} INFO - query execution done
[2025-04-21T03:53:28.356+0000] {cursor.py:1028} INFO - query: [MERGE INTO MBTA_VEHICLES AS target USING (SELECT 'ynk302', 'Shuttle-Generic', 41...]
[2025-04-21T03:53:29.971+0000] {cursor.py:1041} INFO - query execution done
[2025-04-21T03:53:29.972+0000] {cursor.py:1028} INFO - query: [MERGE INTO MBTA_VEHICLES AS target USING (SELECT 'y1650', '36', 42.286508069, -7...]
[2025-04-21T03:53:31.666+0000] {cursor.py:1041} INFO - query execution done
[2025-04-21T03:53:31.870+0000] {cursor.py:1028} INFO - query: [MERGE INTO MBTA_VEHICLES AS target USING (SELECT 'y1903', '22', 42.30674197, -71...]
[2025-04-21T03:53:36.208+0000] {cursor.py:1041} INFO - query execution done
[2025-04-21T03:53:38.331+0000] {cursor.py:1028} INFO - query: [MERGE INTO MBTA_VEHICLES AS target USING (SELECT 'y1917', '57', 42.353580269, -7...]
[2025-04-21T03:53:40.105+0000] {cursor.py:1041} INFO - query execution done
[2025-04-21T03:53:40.142+0000] {cursor.py:1028} INFO - query: [MERGE INTO MBTA_VEHICLES AS target USING (SELECT 'ynk333', 'Shuttle-Generic', 41...]
[2025-04-21T03:53:41.482+0000] {cursor.py:1041} INFO - query execution done
[2025-04-21T03:53:41.484+0000] {cursor.py:1028} INFO - query: [MERGE INTO MBTA_VEHICLES AS target USING (SELECT 'O-54829380', 'Orange', 42.3167...]
[2025-04-21T03:53:43.056+0000] {cursor.py:1041} INFO - query execution done
[2025-04-21T03:53:43.058+0000] {cursor.py:1028} INFO - query: [MERGE INTO MBTA_VEHICLES AS target USING (SELECT 'y3130', '110', 42.40249, -71.0...]
[2025-04-21T03:53:44.548+0000] {cursor.py:1041} INFO - query execution done
[2025-04-21T03:53:44.552+0000] {cursor.py:1028} INFO - query: [MERGE INTO MBTA_VEHICLES AS target USING (SELECT 'y1906', '43', 42.35533163, -71...]
[2025-04-21T03:53:46.252+0000] {cursor.py:1041} INFO - query execution done
[2025-04-21T03:53:46.252+0000] {cursor.py:1028} INFO - query: [MERGE INTO MBTA_VEHICLES AS target USING (SELECT 'B-54829F4E', 'Blue', 42.37233,...]
[2025-04-21T03:53:47.700+0000] {cursor.py:1041} INFO - query execution done
[2025-04-21T03:53:47.708+0000] {cursor.py:1028} INFO - query: [MERGE INTO MBTA_VEHICLES AS target USING (SELECT 'y1956', '77', 42.41651573, -71...]
[2025-04-21T03:53:49.122+0000] {cursor.py:1041} INFO - query execution done
[2025-04-21T03:53:49.123+0000] {cursor.py:1028} INFO - query: [MERGE INTO MBTA_VEHICLES AS target USING (SELECT 'y1860', '44', 42.318358859, -7...]
[2025-04-21T03:53:50.653+0000] {cursor.py:1041} INFO - query execution done
[2025-04-21T03:53:50.657+0000] {cursor.py:1028} INFO - query: [MERGE INTO MBTA_VEHICLES AS target USING (SELECT 'B-54829F6D', 'Blue', 42.36115,...]
[2025-04-21T03:53:52.248+0000] {cursor.py:1041} INFO - query execution done
[2025-04-21T03:53:52.250+0000] {cursor.py:1028} INFO - query: [MERGE INTO MBTA_VEHICLES AS target USING (SELECT 'y1694', '21', 42.29003008, -71...]
[2025-04-21T03:53:53.705+0000] {cursor.py:1041} INFO - query execution done
[2025-04-21T03:53:53.706+0000] {cursor.py:1028} INFO - query: [MERGE INTO MBTA_VEHICLES AS target USING (SELECT 'y2002', '111', 42.3623637, -71...]
[2025-04-21T03:53:55.284+0000] {cursor.py:1041} INFO - query execution done
[2025-04-21T03:53:55.287+0000] {cursor.py:1028} INFO - query: [MERGE INTO MBTA_VEHICLES AS target USING (SELECT 'y1705', '36', 42.29964, -71.11...]
[2025-04-21T03:53:56.807+0000] {cursor.py:1041} INFO - query execution done
[2025-04-21T03:53:56.809+0000] {cursor.py:1028} INFO - query: [MERGE INTO MBTA_VEHICLES AS target USING (SELECT 'R-548289EE', 'Red', 42.39621, ...]
[2025-04-21T03:53:58.339+0000] {cursor.py:1041} INFO - query execution done
[2025-04-21T03:53:58.340+0000] {cursor.py:1028} INFO - query: [MERGE INTO MBTA_VEHICLES AS target USING (SELECT 'G-10226', 'Green-B', 42.35013,...]
[2025-04-21T03:53:59.800+0000] {cursor.py:1041} INFO - query execution done
[2025-04-21T03:53:59.808+0000] {cursor.py:1028} INFO - query: [MERGE INTO MBTA_VEHICLES AS target USING (SELECT 'y1799', '45', 42.30362897, -71...]
[2025-04-21T03:54:01.352+0000] {cursor.py:1041} INFO - query execution done
[2025-04-21T03:54:01.477+0000] {cursor.py:1028} INFO - query: [MERGE INTO MBTA_VEHICLES AS target USING (SELECT 'G-10172', 'Green-C', 42.34213,...]
[2025-04-21T03:54:02.848+0000] {cursor.py:1041} INFO - query execution done
[2025-04-21T03:54:02.851+0000] {cursor.py:1028} INFO - query: [MERGE INTO MBTA_VEHICLES AS target USING (SELECT 'R-548294BF', 'Red', 42.39673, ...]
[2025-04-21T03:54:04.597+0000] {cursor.py:1041} INFO - query execution done
[2025-04-21T03:54:04.605+0000] {cursor.py:1028} INFO - query: [MERGE INTO MBTA_VEHICLES AS target USING (SELECT 'B-54829F63', 'Blue', 42.41021,...]
[2025-04-21T03:54:06.137+0000] {cursor.py:1041} INFO - query execution done
[2025-04-21T03:54:06.144+0000] {cursor.py:1028} INFO - query: [MERGE INTO MBTA_VEHICLES AS target USING (SELECT 'y1910', '47', 42.34239, -71.05...]
[2025-04-21T03:54:08.265+0000] {cursor.py:1041} INFO - query execution done
[2025-04-21T03:54:08.265+0000] {cursor.py:1028} INFO - query: [MERGE INTO MBTA_VEHICLES AS target USING (SELECT 'y3338', '442', 42.46756456, -7...]
[2025-04-21T03:54:09.925+0000] {cursor.py:1041} INFO - query execution done
[2025-04-21T03:54:09.935+0000] {cursor.py:1028} INFO - query: [MERGE INTO MBTA_VEHICLES AS target USING (SELECT 'y1921', '8', 42.31541933, -71....]
[2025-04-21T03:54:11.338+0000] {cursor.py:1041} INFO - query execution done
[2025-04-21T03:54:11.338+0000] {cursor.py:1028} INFO - query: [MERGE INTO MBTA_VEHICLES AS target USING (SELECT 'y1610', '34', 42.25057, -71.17...]
[2025-04-21T03:54:13.234+0000] {cursor.py:1041} INFO - query execution done
[2025-04-21T03:54:13.260+0000] {cursor.py:1028} INFO - query: [MERGE INTO MBTA_VEHICLES AS target USING (SELECT 'y1792', '23', 42.32893386, -71...]
[2025-04-21T03:54:14.760+0000] {cursor.py:1041} INFO - query execution done
[2025-04-21T03:54:14.773+0000] {cursor.py:1028} INFO - query: [MERGE INTO MBTA_VEHICLES AS target USING (SELECT 'y1293', '751', 42.34657991, -7...]
[2025-04-21T03:54:17.654+0000] {cursor.py:1041} INFO - query execution done
[2025-04-21T03:54:17.936+0000] {cursor.py:1028} INFO - query: [MERGE INTO MBTA_VEHICLES AS target USING (SELECT 'y1936', '106', 42.40266934, -7...]
[2025-04-21T03:54:21.898+0000] {cursor.py:1041} INFO - query execution done
[2025-04-21T03:54:23.649+0000] {cursor.py:1028} INFO - query: [MERGE INTO MBTA_VEHICLES AS target USING (SELECT 'y3318', '450', 42.45132731, -7...]
[2025-04-21T03:54:26.836+0000] {cursor.py:1041} INFO - query execution done
[2025-04-21T03:54:28.080+0000] {cursor.py:1028} INFO - query: [MERGE INTO MBTA_VEHICLES AS target USING (SELECT 'y0779', '222', 42.24309329, -7...]
[2025-04-21T03:54:30.554+0000] {cursor.py:1041} INFO - query execution done
[2025-04-21T03:54:31.159+0000] {cursor.py:1028} INFO - query: [MERGE INTO MBTA_VEHICLES AS target USING (SELECT 'y1266', '28', 42.33115647, -71...]
[2025-04-21T03:54:32.544+0000] {cursor.py:1041} INFO - query execution done
[2025-04-21T03:54:32.605+0000] {cursor.py:1028} INFO - query: [MERGE INTO MBTA_VEHICLES AS target USING (SELECT 'B-54829F74', 'Blue', 42.36013,...]
[2025-04-21T03:54:33.625+0000] {cursor.py:1041} INFO - query execution done
[2025-04-21T03:54:33.697+0000] {cursor.py:1028} INFO - query: [MERGE INTO MBTA_VEHICLES AS target USING (SELECT 'y3116', '109', 42.4122287, -71...]
[2025-04-21T03:54:35.177+0000] {cursor.py:1041} INFO - query execution done
[2025-04-21T03:54:35.211+0000] {cursor.py:1028} INFO - query: [MERGE INTO MBTA_VEHICLES AS target USING (SELECT 'y1341', '741', 42.3484149, -71...]
[2025-04-21T03:54:37.070+0000] {cursor.py:1041} INFO - query execution done
[2025-04-21T03:54:37.452+0000] {cursor.py:1028} INFO - query: [MERGE INTO MBTA_VEHICLES AS target USING (SELECT 'y1635', '31', 42.26739, -71.09...]
[2025-04-21T03:54:38.541+0000] {cursor.py:1041} INFO - query execution done
[2025-04-21T03:54:38.552+0000] {cursor.py:1028} INFO - query: [MERGE INTO MBTA_VEHICLES AS target USING (SELECT 'G-10229', 'Green-E', 42.33754,...]
[2025-04-21T03:54:40.190+0000] {cursor.py:1041} INFO - query execution done
[2025-04-21T03:54:40.194+0000] {cursor.py:1028} INFO - query: [MERGE INTO MBTA_VEHICLES AS target USING (SELECT 'y1895', '1', 42.362665339, -71...]
[2025-04-21T03:54:41.770+0000] {cursor.py:1041} INFO - query execution done
[2025-04-21T03:54:41.773+0000] {cursor.py:1028} INFO - query: [MERGE INTO MBTA_VEHICLES AS target USING (SELECT 'G-10167', 'Green-D', 42.35614,...]
[2025-04-21T03:54:43.870+0000] {cursor.py:1041} INFO - query execution done
[2025-04-21T03:54:43.880+0000] {cursor.py:1028} INFO - query: [MERGE INTO MBTA_VEHICLES AS target USING (SELECT '1861', 'CR-Kingston', 42.02307...]
[2025-04-21T03:54:45.362+0000] {cursor.py:1041} INFO - query execution done
[2025-04-21T03:54:45.363+0000] {cursor.py:1028} INFO - query: [MERGE INTO MBTA_VEHICLES AS target USING (SELECT 'y1313', '743', 42.38995729, -7...]
[2025-04-21T03:54:47.190+0000] {cursor.py:1041} INFO - query execution done
[2025-04-21T03:54:47.192+0000] {cursor.py:1028} INFO - query: [MERGE INTO MBTA_VEHICLES AS target USING (SELECT 'G-10034', 'Green-E', 42.35559,...]
[2025-04-21T03:54:48.706+0000] {cursor.py:1041} INFO - query execution done
[2025-04-21T03:54:48.714+0000] {cursor.py:1028} INFO - query: [MERGE INTO MBTA_VEHICLES AS target USING (SELECT 'y2048', '111', 42.41565921, -7...]
[2025-04-21T03:54:50.369+0000] {cursor.py:1041} INFO - query execution done
[2025-04-21T03:54:50.372+0000] {cursor.py:1028} INFO - query: [MERGE INTO MBTA_VEHICLES AS target USING (SELECT 'y1832', '10', 42.329779199, -7...]
[2025-04-21T03:54:52.084+0000] {cursor.py:1041} INFO - query execution done
[2025-04-21T03:54:52.088+0000] {cursor.py:1028} INFO - query: [MERGE INTO MBTA_VEHICLES AS target USING (SELECT 'y1338', '741', 42.3515842, -71...]
[2025-04-21T03:54:53.614+0000] {cursor.py:1041} INFO - query execution done
[2025-04-21T03:54:53.622+0000] {cursor.py:1028} INFO - query: [MERGE INTO MBTA_VEHICLES AS target USING (SELECT 'y1803', '57', 42.34903, -71.09...]
[2025-04-21T03:54:55.179+0000] {cursor.py:1041} INFO - query execution done
[2025-04-21T03:54:55.181+0000] {cursor.py:1028} INFO - query: [MERGE INTO MBTA_VEHICLES AS target USING (SELECT 'y2043', '88', 42.386862309, -7...]
[2025-04-21T03:54:56.677+0000] {cursor.py:1041} INFO - query execution done
[2025-04-21T03:54:56.686+0000] {cursor.py:1028} INFO - query: [MERGE INTO MBTA_VEHICLES AS target USING (SELECT 'y2073', '110', 42.41190508, -7...]
[2025-04-21T03:54:58.259+0000] {cursor.py:1041} INFO - query execution done
[2025-04-21T03:54:58.263+0000] {cursor.py:1028} INFO - query: [MERGE INTO MBTA_VEHICLES AS target USING (SELECT 'G-10231', 'Green-D', 42.37116,...]
[2025-04-21T03:55:01.046+0000] {cursor.py:1041} INFO - query execution done
[2025-04-21T03:55:01.055+0000] {cursor.py:1028} INFO - query: [MERGE INTO MBTA_VEHICLES AS target USING (SELECT 'y0816', '215', 42.28362358, -7...]
[2025-04-21T03:55:02.872+0000] {cursor.py:1041} INFO - query execution done
[2025-04-21T03:55:02.886+0000] {cursor.py:1028} INFO - query: [MERGE INTO MBTA_VEHICLES AS target USING (SELECT 'G-10069', 'Green-C', 42.33625,...]
[2025-04-21T03:55:04.397+0000] {cursor.py:1041} INFO - query execution done
[2025-04-21T03:55:04.409+0000] {cursor.py:1028} INFO - query: [MERGE INTO MBTA_VEHICLES AS target USING (SELECT 'y1969', '77', 42.4061214, -71....]
[2025-04-21T03:55:05.943+0000] {cursor.py:1041} INFO - query execution done
[2025-04-21T03:55:05.947+0000] {cursor.py:1028} INFO - query: [MERGE INTO MBTA_VEHICLES AS target USING (SELECT 'y1813', '8', 42.33274148, -71....]
[2025-04-21T03:55:07.516+0000] {cursor.py:1041} INFO - query execution done
[2025-04-21T03:55:07.528+0000] {cursor.py:1028} INFO - query: [MERGE INTO MBTA_VEHICLES AS target USING (SELECT 'G-10040', 'Mattapan', 42.26756...]
[2025-04-21T03:55:09.246+0000] {cursor.py:1041} INFO - query execution done
[2025-04-21T03:55:09.279+0000] {cursor.py:1028} INFO - query: [MERGE INTO MBTA_VEHICLES AS target USING (SELECT 'y1684', '32', 42.28946696, -71...]
[2025-04-21T03:55:10.992+0000] {cursor.py:1041} INFO - query execution done
[2025-04-21T03:55:11.008+0000] {cursor.py:1028} INFO - query: [MERGE INTO MBTA_VEHICLES AS target USING (SELECT 'y1304', '741', 42.351964, -71....]
[2025-04-21T03:55:12.587+0000] {cursor.py:1041} INFO - query execution done
[2025-04-21T03:55:12.594+0000] {cursor.py:1028} INFO - query: [MERGE INTO MBTA_VEHICLES AS target USING (SELECT 'y2045', '89', 42.38657399, -71...]
[2025-04-21T03:55:14.192+0000] {cursor.py:1041} INFO - query execution done
[2025-04-21T03:55:14.202+0000] {cursor.py:1028} INFO - query: [MERGE INTO MBTA_VEHICLES AS target USING (SELECT 'O-54829F6E', 'Orange', 42.3738...]
[2025-04-21T03:55:15.698+0000] {cursor.py:1041} INFO - query execution done
[2025-04-21T03:55:15.706+0000] {cursor.py:1028} INFO - query: [MERGE INTO MBTA_VEHICLES AS target USING (SELECT 'y3146', '86', 42.33795586, -71...]
[2025-04-21T03:55:17.265+0000] {cursor.py:1041} INFO - query execution done
[2025-04-21T03:55:17.275+0000] {cursor.py:1028} INFO - query: [MERGE INTO MBTA_VEHICLES AS target USING (SELECT 'y2008', '110', 42.41253, -70.9...]
[2025-04-21T03:55:18.723+0000] {cursor.py:1041} INFO - query execution done
[2025-04-21T03:55:18.727+0000] {cursor.py:1028} INFO - query: [MERGE INTO MBTA_VEHICLES AS target USING (SELECT 'y2053', '83', 42.3926654, -71....]
[2025-04-21T03:55:20.377+0000] {cursor.py:1041} INFO - query execution done
[2025-04-21T03:55:20.391+0000] {cursor.py:1028} INFO - query: [MERGE INTO MBTA_VEHICLES AS target USING (SELECT 'G-10189', 'Green-D', 42.32637,...]
[2025-04-21T03:55:22.260+0000] {cursor.py:1041} INFO - query execution done
[2025-04-21T03:55:22.267+0000] {cursor.py:1028} INFO - query: [MERGE INTO MBTA_VEHICLES AS target USING (SELECT 'y2034', '70', 42.36462, -71.11...]
[2025-04-21T03:55:23.857+0000] {cursor.py:1041} INFO - query execution done
[2025-04-21T03:55:23.865+0000] {cursor.py:1028} INFO - query: [MERGE INTO MBTA_VEHICLES AS target USING (SELECT 'R-54828CF0', 'Red', 42.33022, ...]
[2025-04-21T03:55:26.415+0000] {cursor.py:1041} INFO - query execution done
[2025-04-21T03:55:26.429+0000] {cursor.py:1028} INFO - query: [MERGE INTO MBTA_VEHICLES AS target USING (SELECT 'y1820', '9', 42.33830807, -71....]
[2025-04-21T03:55:27.894+0000] {cursor.py:1041} INFO - query execution done
[2025-04-21T03:55:27.902+0000] {cursor.py:1028} INFO - query: [MERGE INTO MBTA_VEHICLES AS target USING (SELECT 'y3341', '442', 42.440215449, -...]
[2025-04-21T03:55:29.979+0000] {cursor.py:1041} INFO - query execution done
[2025-04-21T03:55:29.987+0000] {cursor.py:1028} INFO - query: [MERGE INTO MBTA_VEHICLES AS target USING (SELECT 'y1318', '743', 42.39671551, -7...]
[2025-04-21T03:55:31.679+0000] {cursor.py:1041} INFO - query execution done
[2025-04-21T03:55:31.687+0000] {cursor.py:1028} INFO - query: [MERGE INTO MBTA_VEHICLES AS target USING (SELECT 'G-10036', 'Green-E', 42.38265,...]
[2025-04-21T03:55:33.610+0000] {cursor.py:1041} INFO - query execution done
[2025-04-21T03:55:33.621+0000] {cursor.py:1028} INFO - query: [MERGE INTO MBTA_VEHICLES AS target USING (SELECT 'y1873', '1', 42.36532183, -71....]
[2025-04-21T03:55:35.084+0000] {cursor.py:1041} INFO - query execution done
[2025-04-21T03:55:35.097+0000] {cursor.py:1028} INFO - query: [MERGE INTO MBTA_VEHICLES AS target USING (SELECT 'y2039', '71', 42.37485902, -71...]
[2025-04-21T03:55:36.872+0000] {cursor.py:1041} INFO - query execution done
[2025-04-21T03:55:36.877+0000] {cursor.py:1028} INFO - query: [MERGE INTO MBTA_VEHICLES AS target USING (SELECT 'y1263', '28', 42.321925129, -7...]
[2025-04-21T03:55:38.306+0000] {cursor.py:1041} INFO - query execution done
[2025-04-21T03:55:38.309+0000] {cursor.py:1028} INFO - query: [MERGE INTO MBTA_VEHICLES AS target USING (SELECT 'R-54829C1E', 'Red', 42.3723, -...]
[2025-04-21T03:55:40.499+0000] {cursor.py:1041} INFO - query execution done
[2025-04-21T03:55:40.523+0000] {cursor.py:1028} INFO - query: [MERGE INTO MBTA_VEHICLES AS target USING (SELECT 'y3336', '116', 42.40701297, -7...]
[2025-04-21T03:55:41.990+0000] {cursor.py:1041} INFO - query execution done
[2025-04-21T03:55:41.996+0000] {cursor.py:1028} INFO - query: [MERGE INTO MBTA_VEHICLES AS target USING (SELECT 'R-54829A22', 'Red', 42.2097, -...]
[2025-04-21T03:55:43.566+0000] {cursor.py:1041} INFO - query execution done
[2025-04-21T03:55:43.578+0000] {cursor.py:1028} INFO - query: [MERGE INTO MBTA_VEHICLES AS target USING (SELECT 'y1940', '134', 42.41564879, -7...]
[2025-04-21T03:55:45.630+0000] {cursor.py:1041} INFO - query execution done
[2025-04-21T03:55:45.719+0000] {cursor.py:1028} INFO - query: [MERGE INTO MBTA_VEHICLES AS target USING (SELECT 'y1685', '30', 42.28854822, -71...]
[2025-04-21T03:55:46.367+0000] {cursor.py:1041} INFO - query execution done
[2025-04-21T03:55:46.379+0000] {cursor.py:1028} INFO - query: [MERGE INTO MBTA_VEHICLES AS target USING (SELECT 'y1924', '66', 42.33168832, -71...]
[2025-04-21T03:55:48.145+0000] {cursor.py:1041} INFO - query execution done
[2025-04-21T03:55:48.159+0000] {cursor.py:1028} INFO - query: [MERGE INTO MBTA_VEHICLES AS target USING (SELECT 'y1258', '39', 42.30161484, -71...]
[2025-04-21T03:55:49.730+0000] {cursor.py:1041} INFO - query execution done
[2025-04-21T03:55:49.745+0000] {cursor.py:1028} INFO - query: [MERGE INTO MBTA_VEHICLES AS target USING (SELECT 'y1678', '31', 42.27685494, -71...]
[2025-04-21T03:55:51.482+0000] {cursor.py:1041} INFO - query execution done
[2025-04-21T03:55:51.542+0000] {cursor.py:1028} INFO - query: [MERGE INTO MBTA_VEHICLES AS target USING (SELECT 'y1303', '743', 42.371102139, -...]
[2025-04-21T03:55:53.358+0000] {cursor.py:1041} INFO - query execution done
[2025-04-21T03:55:53.369+0000] {cursor.py:1028} INFO - query: [MERGE INTO MBTA_VEHICLES AS target USING (SELECT 'G-10101', 'Green-B', 42.34788,...]
[2025-04-21T03:55:55.138+0000] {cursor.py:1041} INFO - query execution done
[2025-04-21T03:55:55.146+0000] {cursor.py:1028} INFO - query: [MERGE INTO MBTA_VEHICLES AS target USING (SELECT 'G-10059', 'Green-C', 42.33625,...]
[2025-04-21T03:55:56.938+0000] {cursor.py:1041} INFO - query execution done
[2025-04-21T03:55:56.946+0000] {cursor.py:1028} INFO - query: [MERGE INTO MBTA_VEHICLES AS target USING (SELECT 'R-54829F53', 'Red', 42.28869, ...]
[2025-04-21T03:55:58.583+0000] {cursor.py:1041} INFO - query execution done
[2025-04-21T03:55:58.600+0000] {cursor.py:1028} INFO - query: [MERGE INTO MBTA_VEHICLES AS target USING (SELECT 'G-10235', 'Green-B', 42.34925,...]
[2025-04-21T03:56:00.239+0000] {cursor.py:1041} INFO - query execution done
[2025-04-21T03:56:00.249+0000] {cursor.py:1028} INFO - query: [MERGE INTO MBTA_VEHICLES AS target USING (SELECT 'y1850', '1', 42.332321089, -71...]
[2025-04-21T03:56:02.005+0000] {cursor.py:1041} INFO - query execution done
[2025-04-21T03:56:02.014+0000] {cursor.py:1028} INFO - query: [MERGE INTO MBTA_VEHICLES AS target USING (SELECT 'y0783', '216', 42.2518868, -71...]
[2025-04-21T03:56:03.544+0000] {cursor.py:1041} INFO - query execution done
[2025-04-21T03:56:03.558+0000] {cursor.py:1028} INFO - query: [MERGE INTO MBTA_VEHICLES AS target USING (SELECT 'y1954', '73', 42.37273, -71.12...]
[2025-04-21T03:56:05.166+0000] {cursor.py:1041} INFO - query execution done
[2025-04-21T03:56:05.171+0000] {cursor.py:1028} INFO - query: [MERGE INTO MBTA_VEHICLES AS target USING (SELECT 'R-54828894', 'Red', 42.38014, ...]
[2025-04-21T03:56:06.656+0000] {cursor.py:1041} INFO - query execution done
[2025-04-21T03:56:06.661+0000] {cursor.py:1028} INFO - query: [MERGE INTO MBTA_VEHICLES AS target USING (SELECT 'O-54829B13', 'Orange', 42.3011...]
[2025-04-21T03:56:08.185+0000] {cursor.py:1041} INFO - query execution done
[2025-04-21T03:56:08.187+0000] {cursor.py:1028} INFO - query: [MERGE INTO MBTA_VEHICLES AS target USING (SELECT 'R-54829547', 'Red', 42.262, -7...]
[2025-04-21T03:56:09.617+0000] {cursor.py:1041} INFO - query execution done
[2025-04-21T03:56:09.619+0000] {cursor.py:1028} INFO - query: [MERGE INTO MBTA_VEHICLES AS target USING (SELECT 'y1801', '66', 42.33091128, -71...]
[2025-04-21T03:56:11.163+0000] {cursor.py:1041} INFO - query execution done
[2025-04-21T03:56:11.164+0000] {cursor.py:1028} INFO - query: [MERGE INTO MBTA_VEHICLES AS target USING (SELECT 'R-548296B8', 'Red', 42.35378, ...]
[2025-04-21T03:56:12.710+0000] {cursor.py:1041} INFO - query execution done
[2025-04-21T03:56:12.710+0000] {cursor.py:1028} INFO - query: [MERGE INTO MBTA_VEHICLES AS target USING (SELECT 'y2010', '101', 42.38807561, -7...]
[2025-04-21T03:56:14.332+0000] {cursor.py:1041} INFO - query execution done
[2025-04-21T03:56:14.333+0000] {cursor.py:1028} INFO - query: [MERGE INTO MBTA_VEHICLES AS target USING (SELECT 'y1821', '15', 42.30962865, -71...]
[2025-04-21T03:56:15.956+0000] {cursor.py:1041} INFO - query execution done
[2025-04-21T03:56:15.957+0000] {cursor.py:1028} INFO - query: [MERGE INTO MBTA_VEHICLES AS target USING (SELECT 'y2102', '109', 42.385555099, -...]
[2025-04-21T03:56:17.470+0000] {cursor.py:1041} INFO - query execution done
[2025-04-21T03:56:17.471+0000] {cursor.py:1028} INFO - query: [MERGE INTO MBTA_VEHICLES AS target USING (SELECT 'G-10017', 'Green-B', 42.35625,...]
[2025-04-21T03:56:19.045+0000] {cursor.py:1041} INFO - query execution done
[2025-04-21T03:56:19.048+0000] {cursor.py:1028} INFO - query: [MERGE INTO MBTA_VEHICLES AS target USING (SELECT 'y3342', '116', 42.370227219, -...]
[2025-04-21T03:56:20.720+0000] {cursor.py:1041} INFO - query execution done
[2025-04-21T03:56:20.720+0000] {cursor.py:1028} INFO - query: [MERGE INTO MBTA_VEHICLES AS target USING (SELECT 'y1994', '110', 42.41089958, -7...]
[2025-04-21T03:56:22.266+0000] {cursor.py:1041} INFO - query execution done
[2025-04-21T03:56:22.269+0000] {cursor.py:1028} INFO - query: [MERGE INTO MBTA_VEHICLES AS target USING (SELECT 'y1260', '39', 42.34928895, -71...]
[2025-04-21T03:56:24.059+0000] {cursor.py:1041} INFO - query execution done
[2025-04-21T03:56:24.060+0000] {cursor.py:1028} INFO - query: [MERGE INTO MBTA_VEHICLES AS target USING (SELECT 'y2078', '109', 42.43039432, -7...]
[2025-04-21T03:56:25.601+0000] {cursor.py:1041} INFO - query execution done
[2025-04-21T03:56:25.605+0000] {cursor.py:1028} INFO - query: [MERGE INTO MBTA_VEHICLES AS target USING (SELECT 'O-5482A203', 'Orange', 42.4301...]
[2025-04-21T03:56:27.147+0000] {cursor.py:1041} INFO - query execution done
[2025-04-21T03:56:27.149+0000] {cursor.py:1028} INFO - query: [MERGE INTO MBTA_VEHICLES AS target USING (SELECT 'ynk218', 'Shuttle-Generic', 42...]
[2025-04-21T03:56:28.757+0000] {cursor.py:1041} INFO - query execution done
[2025-04-21T03:56:28.761+0000] {cursor.py:1028} INFO - query: [MERGE INTO MBTA_VEHICLES AS target USING (SELECT 'y3156', '96', 42.376670129, -7...]
[2025-04-21T03:56:30.243+0000] {cursor.py:1041} INFO - query execution done
[2025-04-21T03:56:30.258+0000] {cursor.py:1028} INFO - query: [MERGE INTO MBTA_VEHICLES AS target USING (SELECT 'y1216', '28', 42.33284787, -71...]
[2025-04-21T03:56:31.926+0000] {cursor.py:1041} INFO - query execution done
[2025-04-21T03:56:31.950+0000] {cursor.py:1028} INFO - query: [MERGE INTO MBTA_VEHICLES AS target USING (SELECT 'R-54828407', 'Red', 42.39618, ...]
[2025-04-21T03:56:33.376+0000] {cursor.py:1041} INFO - query execution done
[2025-04-21T03:56:33.382+0000] {cursor.py:1028} INFO - query: [MERGE INTO MBTA_VEHICLES AS target USING (SELECT 'y3141', '110', 42.40269511, -7...]
[2025-04-21T03:56:34.924+0000] {cursor.py:1041} INFO - query execution done
[2025-04-21T03:56:34.928+0000] {cursor.py:1028} INFO - query: [MERGE INTO MBTA_VEHICLES AS target USING (SELECT 'y2080', '94', 42.42150016, -71...]
[2025-04-21T03:56:36.785+0000] {cursor.py:1041} INFO - query execution done
[2025-04-21T03:56:36.789+0000] {cursor.py:1028} INFO - query: [MERGE INTO MBTA_VEHICLES AS target USING (SELECT 'y1949', '70', 42.37650204, -71...]
[2025-04-21T03:56:38.221+0000] {cursor.py:1041} INFO - query execution done
[2025-04-21T03:56:38.233+0000] {cursor.py:1028} INFO - query: [MERGE INTO MBTA_VEHICLES AS target USING (SELECT 'y1926', '73', 42.38025771, -71...]
[2025-04-21T03:56:40.228+0000] {cursor.py:1041} INFO - query execution done
[2025-04-21T03:56:40.232+0000] {cursor.py:1028} INFO - query: [MERGE INTO MBTA_VEHICLES AS target USING (SELECT 'y1631', '32', 42.23761358, -71...]
[2025-04-21T03:56:41.793+0000] {cursor.py:1041} INFO - query execution done
[2025-04-21T03:56:41.795+0000] {cursor.py:1028} INFO - query: [MERGE INTO MBTA_VEHICLES AS target USING (SELECT 'R-54829CB5', 'Red', 42.32269, ...]
[2025-04-21T03:56:42.875+0000] {cursor.py:1041} INFO - query execution done
[2025-04-21T03:56:42.878+0000] {cursor.py:1028} INFO - query: [MERGE INTO MBTA_VEHICLES AS target USING (SELECT 'B-54829F4F', 'Blue', 42.39043,...]
[2025-04-21T03:56:44.551+0000] {cursor.py:1041} INFO - query execution done
[2025-04-21T03:56:44.555+0000] {cursor.py:1028} INFO - query: [MERGE INTO MBTA_VEHICLES AS target USING (SELECT 'y0781', '230', 42.2527474, -71...]
[2025-04-21T03:56:46.184+0000] {cursor.py:1041} INFO - query execution done
[2025-04-21T03:56:46.189+0000] {cursor.py:1028} INFO - query: [MERGE INTO MBTA_VEHICLES AS target USING (SELECT 'y1841', '23', 42.331170599, -7...]
[2025-04-21T03:56:47.652+0000] {cursor.py:1041} INFO - query execution done
[2025-04-21T03:56:47.671+0000] {cursor.py:1028} INFO - query: [MERGE INTO MBTA_VEHICLES AS target USING (SELECT 'y1342', '741', 42.3634454, -71...]
[2025-04-21T03:56:49.165+0000] {cursor.py:1041} INFO - query execution done
[2025-04-21T03:56:49.177+0000] {cursor.py:1028} INFO - query: [MERGE INTO MBTA_VEHICLES AS target USING (SELECT 'G-10212', 'Green-E', 42.35927,...]
[2025-04-21T03:56:50.701+0000] {cursor.py:1041} INFO - query execution done
[2025-04-21T03:56:50.706+0000] {cursor.py:1028} INFO - query: [MERGE INTO MBTA_VEHICLES AS target USING (SELECT 'y1287', '751', 42.34837472, -7...]
[2025-04-21T03:56:52.598+0000] {cursor.py:1041} INFO - query execution done
[2025-04-21T03:56:52.639+0000] {cursor.py:1028} INFO - query: [MERGE INTO MBTA_VEHICLES AS target USING (SELECT 'y1998', '111', 42.37874192, -7...]
[2025-04-21T03:56:51.955+0000] {local_task_job_runner.py:121} ERROR - Received SIGTERM. Terminating subprocesses
[2025-04-21T03:56:53.831+0000] {process_utils.py:131} INFO - Sending 15 to group 207. PIDs of all processes in the group: [207]
[2025-04-21T03:56:53.891+0000] {process_utils.py:86} INFO - Sending the signal 15 to group 207
[2025-04-21T03:56:53.941+0000] {taskinstance.py:2450} ERROR - Received SIGTERM. Terminating subprocesses.
[2025-04-21T03:56:54.555+0000] {mbta_kafka_consumer.py:212} ERROR - ❌ Error processing topic mbta_vehicles: Task received SIGTERM signal
[2025-04-21T03:56:55.321+0000] {mbta_kafka_consumer.py:233} INFO - 📥 Received 237 records from topic: mbta_vehicles
[2025-04-21T03:56:55.957+0000] {mbta_kafka_consumer.py:56} INFO - 🔍 Sample data for MBTA_VEHICLES:
[2025-04-21T03:56:55.963+0000] {mbta_kafka_consumer.py:57} INFO - 
  VEHICLE_ID ROUTE_ID   LATITUDE  ...  SPEED       STATUS                 CREATED_AT
0    G-10062  Green-B  42.350410  ...    6.8  INCOMING_AT 2025-04-21 03:56:55.392250
1      y3136       93  42.383680  ...    NaN   STOPPED_AT 2025-04-21 03:56:55.393341
2      y1619      34E  42.182786  ...    NaN   STOPPED_AT 2025-04-21 03:56:55.393349
3    G-10223  Green-B  42.338470  ...    5.0   STOPPED_AT 2025-04-21 03:56:55.393362
4      y1815       11  42.336322  ...    NaN   STOPPED_AT 2025-04-21 03:56:55.393482

[5 rows x 8 columns]
[2025-04-21T03:56:56.136+0000] {cursor.py:1028} INFO - query: [SELECT * FROM MBTA_VEHICLES WHERE VEHICLE_ID IN ('G-10062','y3136','y1619','G-10...]
[2025-04-21T03:56:57.274+0000] {cursor.py:1041} INFO - query execution done
[2025-04-21T03:56:57.280+0000] {cursor.py:1205} INFO - Number of results in first chunk: 253
[2025-04-21T03:56:57.535+0000] {mbta_kafka_consumer.py:104} INFO - 🔁 253 new/updated records out of 237 incoming records (some may be duplicate VEHICLE_IDs) for MBTA_VEHICLES
[2025-04-21T03:56:57.541+0000] {cursor.py:1028} INFO - query: [MERGE INTO MBTA_VEHICLES AS target USING (SELECT 'G-10062', 'Green-B', 42.35041,...]
[2025-04-21T03:56:58.688+0000] {cursor.py:1041} INFO - query execution done
[2025-04-21T03:56:58.693+0000] {cursor.py:1028} INFO - query: [MERGE INTO MBTA_VEHICLES AS target USING (SELECT 'y3136', '93', 42.38368, -71.07...]
[2025-04-21T03:56:58.840+0000] {local_task_job_runner.py:121} ERROR - Received SIGTERM. Terminating subprocesses
