[2025-04-22T23:03:19.165+0000] {taskinstance.py:1956} INFO - Dependencies all met for dep_context=non-requeueable deps ti=<TaskInstance: mbta_ingestion_dag.load_to_snowflake scheduled__2025-04-22T22:15:00+00:00 [queued]>
[2025-04-22T23:03:19.200+0000] {taskinstance.py:1956} INFO - Dependencies all met for dep_context=requeueable deps ti=<TaskInstance: mbta_ingestion_dag.load_to_snowflake scheduled__2025-04-22T22:15:00+00:00 [queued]>
[2025-04-22T23:03:19.201+0000] {taskinstance.py:2170} INFO - Starting attempt 4 of 2
[2025-04-22T23:03:19.239+0000] {taskinstance.py:2191} INFO - Executing <Task(PythonOperator): load_to_snowflake> on 2025-04-22 22:15:00+00:00
[2025-04-22T23:03:19.253+0000] {standard_task_runner.py:60} INFO - Started process 226 to run task
[2025-04-22T23:03:19.273+0000] {standard_task_runner.py:87} INFO - Running: ['***', 'tasks', 'run', 'mbta_ingestion_dag', 'load_to_snowflake', 'scheduled__2025-04-22T22:15:00+00:00', '--job-id', '85', '--raw', '--subdir', 'DAGS_FOLDER/mbta_ingestion_dag.py', '--cfg-path', '/tmp/tmpm2mbifms']
[2025-04-22T23:03:19.279+0000] {standard_task_runner.py:88} INFO - Job 85: Subtask load_to_snowflake
[2025-04-22T23:03:19.586+0000] {task_command.py:423} INFO - Running <TaskInstance: mbta_ingestion_dag.load_to_snowflake scheduled__2025-04-22T22:15:00+00:00 [running]> on host dd1af89263b0
[2025-04-22T23:03:20.573+0000] {taskinstance.py:2480} INFO - Exporting env vars: AIRFLOW_CTX_DAG_OWNER='***' AIRFLOW_CTX_DAG_ID='mbta_ingestion_dag' AIRFLOW_CTX_TASK_ID='load_to_snowflake' AIRFLOW_CTX_EXECUTION_DATE='2025-04-22T22:15:00+00:00' AIRFLOW_CTX_TRY_NUMBER='4' AIRFLOW_CTX_DAG_RUN_ID='scheduled__2025-04-22T22:15:00+00:00'
[2025-04-22T23:03:20.592+0000] {mbta_ingestion_dag.py:35} INFO - 🚀 Launching Kafka consumer to process and load data into Snowflake...
[2025-04-22T23:03:20.594+0000] {connection.py:370} INFO - Snowflake Connector for Python Version: 3.6.0, Python Version: 3.9.18, Platform: Linux-6.10.14-linuxkit-aarch64-with-glibc2.36
[2025-04-22T23:03:20.607+0000] {connection.py:1171} INFO - This connection is in OCSP Fail Open Mode. TLS Certificates would be checked for validity and revocation status. Any other Certificate Revocation related exceptions or OCSP Responder failures would be disregarded in favor of connectivity.
[2025-04-22T23:03:21.639+0000] {mbta_kafka_consumer.py:45} INFO - ✅ Connected to Snowflake successfully.
[2025-04-22T23:03:21.645+0000] {mbta_kafka_consumer.py:219} INFO - 🚀 Starting MBTA Kafka Consumer...
[2025-04-22T23:03:21.665+0000] {conn.py:395} INFO - <BrokerConnection client_id=kafka-python-2.1.5, node_id=bootstrap-0 host=kafka:9092 <connecting> [IPv4 ('172.18.0.4', 9092)]>: connecting to kafka:9092 [('172.18.0.4', 9092) IPv4]
[2025-04-22T23:03:21.713+0000] {conn.py:615} INFO - <BrokerConnection client_id=kafka-python-2.1.5, node_id=bootstrap-0 host=kafka:9092 <checking_api_versions_recv> [IPv4 ('172.18.0.4', 9092)]>: Broker version identified as 2.6
[2025-04-22T23:03:21.725+0000] {conn.py:456} INFO - <BrokerConnection client_id=kafka-python-2.1.5, node_id=bootstrap-0 host=kafka:9092 <connected> [IPv4 ('172.18.0.4', 9092)]>: Connection complete.
[2025-04-22T23:03:21.762+0000] {consumer.py:119} WARNING - group_id is None: disabling auto-commit.
[2025-04-22T23:03:21.767+0000] {subscription_state.py:182} INFO - Updating subscribed topics to: ('mbta_alerts', 'mbta_routes', 'mbta_stops', 'mbta_vehicles', 'mbta_predictions')
[2025-04-22T23:03:21.805+0000] {subscription_state.py:254} INFO - Updated partition assignment: [('mbta_stops', 0), ('mbta_routes', 0), ('mbta_predictions', 0), ('mbta_vehicles', 0), ('mbta_alerts', 0)]
[2025-04-22T23:03:21.811+0000] {conn.py:395} INFO - <BrokerConnection client_id=kafka-python-2.1.5, node_id=1 host=kafka:9092 <connecting> [IPv4 ('172.18.0.4', 9092)]>: connecting to kafka:9092 [('172.18.0.4', 9092) IPv4]
[2025-04-22T23:03:21.820+0000] {conn.py:456} INFO - <BrokerConnection client_id=kafka-python-2.1.5, node_id=1 host=kafka:9092 <connected> [IPv4 ('172.18.0.4', 9092)]>: Connection complete.
[2025-04-22T23:03:21.823+0000] {conn.py:936} INFO - <BrokerConnection client_id=kafka-python-2.1.5, node_id=bootstrap-0 host=kafka:9092 <connected> [IPv4 ('172.18.0.4', 9092)]>: Closing connection. 
[2025-04-22T23:03:36.615+0000] {mbta_kafka_consumer.py:233} INFO - 📥 Received 25 records from topic: mbta_predictions
[2025-04-22T23:03:36.729+0000] {mbta_kafka_consumer.py:56} INFO - 🔍 Sample data for MBTA_PREDICTIONS:
[2025-04-22T23:03:36.749+0000] {mbta_kafka_consumer.py:57} INFO - 
                       PREDICTION_ID ROUTE_ID  ... STATUS                 CREATED_AT
0  prediction-67995058-70080-130-Red      Red  ...   None 2025-04-22 23:03:36.636878
1   prediction-67995017-70079-90-Red      Red  ...   None 2025-04-22 23:03:36.636930
2  prediction-67994964-70080-130-Red      Red  ...   None 2025-04-22 23:03:36.636995
3   prediction-67995023-70079-90-Red      Red  ...   None 2025-04-22 23:03:36.637009
4  prediction-67994970-70080-130-Red      Red  ...   None 2025-04-22 23:03:36.637022

[5 rows x 9 columns]
[2025-04-22T23:03:36.851+0000] {cursor.py:1028} INFO - query: [SELECT * FROM MBTA_PREDICTIONS WHERE PREDICTION_ID IN ('prediction-67995058-7008...]
[2025-04-22T23:03:37.147+0000] {cursor.py:1041} INFO - query execution done
[2025-04-22T23:03:37.171+0000] {cursor.py:1205} INFO - Number of results in first chunk: 25
[2025-04-22T23:03:37.275+0000] {mbta_kafka_consumer.py:104} INFO - 🔁 25 new/updated records out of 25 incoming records (some may be duplicate VEHICLE_IDs) for MBTA_PREDICTIONS
[2025-04-22T23:03:37.276+0000] {cursor.py:1028} INFO - query: [MERGE INTO MBTA_PREDICTIONS AS target USING (SELECT 'prediction-67995058-70080-1...]
[2025-04-22T23:03:38.842+0000] {cursor.py:1041} INFO - query execution done
[2025-04-22T23:03:38.847+0000] {cursor.py:1028} INFO - query: [MERGE INTO MBTA_PREDICTIONS AS target USING (SELECT 'prediction-67995017-70079-9...]
[2025-04-22T23:03:40.735+0000] {cursor.py:1041} INFO - query execution done
[2025-04-22T23:03:40.748+0000] {cursor.py:1028} INFO - query: [MERGE INTO MBTA_PREDICTIONS AS target USING (SELECT 'prediction-67994964-70080-1...]
[2025-04-22T23:03:42.434+0000] {cursor.py:1041} INFO - query execution done
[2025-04-22T23:03:42.447+0000] {cursor.py:1028} INFO - query: [MERGE INTO MBTA_PREDICTIONS AS target USING (SELECT 'prediction-67995023-70079-9...]
[2025-04-22T23:03:44.746+0000] {cursor.py:1041} INFO - query execution done
[2025-04-22T23:03:44.757+0000] {cursor.py:1028} INFO - query: [MERGE INTO MBTA_PREDICTIONS AS target USING (SELECT 'prediction-67994970-70080-1...]
[2025-04-22T23:03:48.842+0000] {cursor.py:1041} INFO - query execution done
[2025-04-22T23:03:48.860+0000] {cursor.py:1028} INFO - query: [MERGE INTO MBTA_PREDICTIONS AS target USING (SELECT 'prediction-67995035-70079-9...]
[2025-04-22T23:03:51.960+0000] {cursor.py:1041} INFO - query execution done
[2025-04-22T23:03:51.977+0000] {cursor.py:1028} INFO - query: [MERGE INTO MBTA_PREDICTIONS AS target USING (SELECT 'prediction-ADDED-1582320905...]
[2025-04-22T23:03:54.744+0000] {cursor.py:1041} INFO - query execution done
[2025-04-22T23:03:54.750+0000] {cursor.py:1028} INFO - query: [MERGE INTO MBTA_PREDICTIONS AS target USING (SELECT 'prediction-67995041-70079-9...]
[2025-04-22T23:03:57.979+0000] {cursor.py:1041} INFO - query execution done
[2025-04-22T23:03:57.982+0000] {cursor.py:1028} INFO - query: [MERGE INTO MBTA_PREDICTIONS AS target USING (SELECT 'prediction-67994982-70080-1...]
[2025-04-22T23:04:00.872+0000] {cursor.py:1041} INFO - query execution done
[2025-04-22T23:04:00.876+0000] {cursor.py:1028} INFO - query: [MERGE INTO MBTA_PREDICTIONS AS target USING (SELECT 'prediction-67995047-70079-9...]
[2025-04-22T23:04:03.987+0000] {cursor.py:1041} INFO - query execution done
[2025-04-22T23:04:03.992+0000] {cursor.py:1028} INFO - query: [MERGE INTO MBTA_PREDICTIONS AS target USING (SELECT 'prediction-67995053-70079-9...]
[2025-04-22T23:04:06.843+0000] {cursor.py:1041} INFO - query execution done
[2025-04-22T23:04:06.846+0000] {cursor.py:1028} INFO - query: [MERGE INTO MBTA_PREDICTIONS AS target USING (SELECT 'prediction-67994994-70080-1...]
[2025-04-22T23:04:10.282+0000] {cursor.py:1041} INFO - query execution done
[2025-04-22T23:04:10.300+0000] {cursor.py:1028} INFO - query: [MERGE INTO MBTA_PREDICTIONS AS target USING (SELECT 'prediction-67995059-70079-9...]
[2025-04-22T23:04:13.361+0000] {cursor.py:1041} INFO - query execution done
[2025-04-22T23:04:13.364+0000] {cursor.py:1028} INFO - query: [MERGE INTO MBTA_PREDICTIONS AS target USING (SELECT 'prediction-67995000-70080-1...]
[2025-04-22T23:04:15.842+0000] {cursor.py:1041} INFO - query execution done
[2025-04-22T23:04:15.849+0000] {cursor.py:1028} INFO - query: [MERGE INTO MBTA_PREDICTIONS AS target USING (SELECT 'prediction-67994965-70079-9...]
[2025-04-22T23:04:18.463+0000] {cursor.py:1041} INFO - query execution done
[2025-04-22T23:04:18.464+0000] {cursor.py:1028} INFO - query: [MERGE INTO MBTA_PREDICTIONS AS target USING (SELECT 'prediction-67995006-70080-1...]
