[2025-04-22T21:17:48.834+0000] {taskinstance.py:1956} INFO - Dependencies all met for dep_context=non-requeueable deps ti=<TaskInstance: mbta_kafka_consumer_dag.run_kafka_consumer scheduled__2025-04-22T21:10:00+00:00 [queued]>
[2025-04-22T21:17:48.876+0000] {taskinstance.py:1956} INFO - Dependencies all met for dep_context=requeueable deps ti=<TaskInstance: mbta_kafka_consumer_dag.run_kafka_consumer scheduled__2025-04-22T21:10:00+00:00 [queued]>
[2025-04-22T21:17:48.878+0000] {taskinstance.py:2170} INFO - Starting attempt 1 of 2
[2025-04-22T21:17:48.927+0000] {taskinstance.py:2191} INFO - Executing <Task(PythonOperator): run_kafka_consumer> on 2025-04-22 21:10:00+00:00
[2025-04-22T21:17:48.961+0000] {standard_task_runner.py:60} INFO - Started process 222 to run task
[2025-04-22T21:17:48.973+0000] {standard_task_runner.py:87} INFO - Running: ['***', 'tasks', 'run', 'mbta_kafka_consumer_dag', 'run_kafka_consumer', 'scheduled__2025-04-22T21:10:00+00:00', '--job-id', '42', '--raw', '--subdir', 'DAGS_FOLDER/mbta_kafka_consumer_dag.py', '--cfg-path', '/tmp/tmpu_5fbfah']
[2025-04-22T21:17:48.997+0000] {standard_task_runner.py:88} INFO - Job 42: Subtask run_kafka_consumer
[2025-04-22T21:17:49.198+0000] {logging_mixin.py:188} WARNING - /home/***/.local/lib/python3.9/site-packages/***/settings.py:194 DeprecationWarning: The sql_alchemy_conn option in [core] has been moved to the sql_alchemy_conn option in [database] - the old setting has been used, but please update your config.
[2025-04-22T21:17:49.463+0000] {task_command.py:423} INFO - Running <TaskInstance: mbta_kafka_consumer_dag.run_kafka_consumer scheduled__2025-04-22T21:10:00+00:00 [running]> on host 4c3d4191e7bb
[2025-04-22T21:17:50.045+0000] {taskinstance.py:2480} INFO - Exporting env vars: AIRFLOW_CTX_DAG_OWNER='***' AIRFLOW_CTX_DAG_ID='mbta_kafka_consumer_dag' AIRFLOW_CTX_TASK_ID='run_kafka_consumer' AIRFLOW_CTX_EXECUTION_DATE='2025-04-22T21:10:00+00:00' AIRFLOW_CTX_TRY_NUMBER='1' AIRFLOW_CTX_DAG_RUN_ID='scheduled__2025-04-22T21:10:00+00:00'
[2025-04-22T21:17:50.064+0000] {connection.py:370} INFO - Snowflake Connector for Python Version: 3.6.0, Python Version: 3.9.18, Platform: Linux-6.10.14-linuxkit-aarch64-with-glibc2.36
[2025-04-22T21:17:50.074+0000] {connection.py:1171} INFO - This connection is in OCSP Fail Open Mode. TLS Certificates would be checked for validity and revocation status. Any other Certificate Revocation related exceptions or OCSP Responder failures would be disregarded in favor of connectivity.
[2025-04-22T21:17:52.149+0000] {mbta_kafka_consumer.py:45} INFO - ✅ Connected to Snowflake successfully.
[2025-04-22T21:17:52.151+0000] {mbta_kafka_consumer.py:219} INFO - 🚀 Starting MBTA Kafka Consumer...
[2025-04-22T21:17:52.162+0000] {conn.py:395} INFO - <BrokerConnection client_id=kafka-python-2.1.5, node_id=bootstrap-0 host=kafka:9092 <connecting> [IPv4 ('172.19.0.4', 9092)]>: connecting to kafka:9092 [('172.19.0.4', 9092) IPv4]
[2025-04-22T21:17:52.167+0000] {conn.py:615} INFO - <BrokerConnection client_id=kafka-python-2.1.5, node_id=bootstrap-0 host=kafka:9092 <checking_api_versions_recv> [IPv4 ('172.19.0.4', 9092)]>: Broker version identified as 2.6
[2025-04-22T21:17:52.167+0000] {conn.py:456} INFO - <BrokerConnection client_id=kafka-python-2.1.5, node_id=bootstrap-0 host=kafka:9092 <connected> [IPv4 ('172.19.0.4', 9092)]>: Connection complete.
[2025-04-22T21:17:52.170+0000] {consumer.py:119} WARNING - group_id is None: disabling auto-commit.
[2025-04-22T21:17:52.171+0000] {subscription_state.py:182} INFO - Updating subscribed topics to: ('mbta_alerts', 'mbta_routes', 'mbta_stops', 'mbta_vehicles', 'mbta_predictions')
[2025-04-22T21:17:52.177+0000] {subscription_state.py:254} INFO - Updated partition assignment: [('mbta_routes', 0), ('mbta_alerts', 0), ('mbta_vehicles', 0), ('mbta_predictions', 0), ('mbta_stops', 0)]
[2025-04-22T21:17:52.185+0000] {conn.py:395} INFO - <BrokerConnection client_id=kafka-python-2.1.5, node_id=1 host=kafka:9092 <connecting> [IPv4 ('172.19.0.4', 9092)]>: connecting to kafka:9092 [('172.19.0.4', 9092) IPv4]
[2025-04-22T21:17:52.189+0000] {conn.py:456} INFO - <BrokerConnection client_id=kafka-python-2.1.5, node_id=1 host=kafka:9092 <connected> [IPv4 ('172.19.0.4', 9092)]>: Connection complete.
[2025-04-22T21:17:52.191+0000] {conn.py:936} INFO - <BrokerConnection client_id=kafka-python-2.1.5, node_id=bootstrap-0 host=kafka:9092 <connected> [IPv4 ('172.19.0.4', 9092)]>: Closing connection. 
[2025-04-22T21:18:04.152+0000] {mbta_kafka_consumer.py:233} INFO - 📥 Received 720 records from topic: mbta_vehicles
[2025-04-22T21:18:04.305+0000] {mbta_kafka_consumer.py:56} INFO - 🔍 Sample data for MBTA_VEHICLES:
[2025-04-22T21:18:04.306+0000] {mbta_kafka_consumer.py:57} INFO - 
  VEHICLE_ID ROUTE_ID   LATITUDE  ...  SPEED       STATUS                 CREATED_AT
0      y3236       66  42.375300  ...    NaN   STOPPED_AT 2025-04-22 21:18:04.164058
1      y1830       11  42.331290  ...    NaN   STOPPED_AT 2025-04-22 21:18:04.164089
2    G-10268  Green-C  42.345350  ...    7.6  INCOMING_AT 2025-04-22 21:18:04.164098
3      y3110      455  42.449590  ...    NaN   STOPPED_AT 2025-04-22 21:18:04.164111
4      y2056       95  42.403759  ...    NaN   STOPPED_AT 2025-04-22 21:18:04.164166

[5 rows x 8 columns]
[2025-04-22T21:18:04.582+0000] {cursor.py:1028} INFO - query: [SELECT * FROM MBTA_VEHICLES WHERE VEHICLE_ID IN ('y3236','y1830','G-10268','y311...]
[2025-04-22T21:18:05.471+0000] {cursor.py:1041} INFO - query execution done
[2025-04-22T21:18:05.488+0000] {cursor.py:1205} INFO - Number of results in first chunk: 752
[2025-04-22T21:18:06.132+0000] {mbta_kafka_consumer.py:104} INFO - 🔁 218 new/updated records out of 720 incoming records (some may be duplicate VEHICLE_IDs) for MBTA_VEHICLES
[2025-04-22T21:18:06.144+0000] {cursor.py:1028} INFO - query: [MERGE INTO MBTA_VEHICLES AS target USING (SELECT 'G-10268', 'Green-C', 42.34535,...]
[2025-04-22T21:18:06.856+0000] {cursor.py:1041} INFO - query execution done
[2025-04-22T21:18:06.881+0000] {cursor.py:1028} INFO - query: [MERGE INTO MBTA_VEHICLES AS target USING (SELECT 'y3110', '455', 42.44959, -70.9...]
[2025-04-22T21:18:07.996+0000] {cursor.py:1041} INFO - query execution done
[2025-04-22T21:18:08.014+0000] {cursor.py:1028} INFO - query: [MERGE INTO MBTA_VEHICLES AS target USING (SELECT 'y2056', '95', 42.40375851, -71...]
[2025-04-22T21:18:08.969+0000] {cursor.py:1041} INFO - query execution done
[2025-04-22T21:18:08.993+0000] {cursor.py:1028} INFO - query: [MERGE INTO MBTA_VEHICLES AS target USING (SELECT 'y2101', '73', 42.38722, -71.19...]
[2025-04-22T21:18:09.779+0000] {cursor.py:1041} INFO - query execution done
[2025-04-22T21:18:09.850+0000] {cursor.py:1028} INFO - query: [MERGE INTO MBTA_VEHICLES AS target USING (SELECT 'y3204', '10', 42.33503718, -71...]
[2025-04-22T21:18:10.575+0000] {cursor.py:1041} INFO - query execution done
[2025-04-22T21:18:10.606+0000] {cursor.py:1028} INFO - query: [MERGE INTO MBTA_VEHICLES AS target USING (SELECT 'y3225', '57', 42.35149651, -71...]
[2025-04-22T21:18:12.103+0000] {cursor.py:1041} INFO - query execution done
[2025-04-22T21:18:12.131+0000] {cursor.py:1028} INFO - query: [MERGE INTO MBTA_VEHICLES AS target USING (SELECT 'y1978', '93', 42.35738, -71.05...]
[2025-04-22T21:18:13.995+0000] {cursor.py:1041} INFO - query execution done
[2025-04-22T21:18:14.001+0000] {cursor.py:1028} INFO - query: [MERGE INTO MBTA_VEHICLES AS target USING (SELECT 'y3255', '553', 42.3522744, -71...]
