[2025-04-18T02:06:10.314+0000] {taskinstance.py:1956} INFO - Dependencies all met for dep_context=non-requeueable deps ti=<TaskInstance: mbta_kafka_consumer_dag.run_kafka_consumer manual__2025-04-18T02:06:07.194163+00:00 [queued]>
[2025-04-18T02:06:10.328+0000] {taskinstance.py:1956} INFO - Dependencies all met for dep_context=requeueable deps ti=<TaskInstance: mbta_kafka_consumer_dag.run_kafka_consumer manual__2025-04-18T02:06:07.194163+00:00 [queued]>
[2025-04-18T02:06:10.329+0000] {taskinstance.py:2170} INFO - Starting attempt 1 of 2
[2025-04-18T02:06:10.357+0000] {taskinstance.py:2191} INFO - Executing <Task(PythonOperator): run_kafka_consumer> on 2025-04-18 02:06:07.194163+00:00
[2025-04-18T02:06:10.374+0000] {standard_task_runner.py:60} INFO - Started process 278 to run task
[2025-04-18T02:06:10.385+0000] {standard_task_runner.py:87} INFO - Running: ['***', 'tasks', 'run', 'mbta_kafka_consumer_dag', 'run_kafka_consumer', 'manual__2025-04-18T02:06:07.194163+00:00', '--job-id', '8', '--raw', '--subdir', 'DAGS_FOLDER/mbta_kafka_consumer_dag.py', '--cfg-path', '/tmp/tmpwegqmc4q']
[2025-04-18T02:06:10.393+0000] {standard_task_runner.py:88} INFO - Job 8: Subtask run_kafka_consumer
[2025-04-18T02:06:10.536+0000] {task_command.py:423} INFO - Running <TaskInstance: mbta_kafka_consumer_dag.run_kafka_consumer manual__2025-04-18T02:06:07.194163+00:00 [running]> on host 1ab300f7064e
[2025-04-18T02:06:10.647+0000] {taskinstance.py:2480} INFO - Exporting env vars: AIRFLOW_CTX_DAG_OWNER='***' AIRFLOW_CTX_DAG_ID='mbta_kafka_consumer_dag' AIRFLOW_CTX_TASK_ID='run_kafka_consumer' AIRFLOW_CTX_EXECUTION_DATE='2025-04-18T02:06:07.194163+00:00' AIRFLOW_CTX_TRY_NUMBER='1' AIRFLOW_CTX_DAG_RUN_ID='manual__2025-04-18T02:06:07.194163+00:00'
[2025-04-18T02:06:10.650+0000] {connection.py:370} INFO - Snowflake Connector for Python Version: 3.6.0, Python Version: 3.9.18, Platform: Linux-6.10.14-linuxkit-aarch64-with-glibc2.36
[2025-04-18T02:06:10.652+0000] {connection.py:1171} INFO - This connection is in OCSP Fail Open Mode. TLS Certificates would be checked for validity and revocation status. Any other Certificate Revocation related exceptions or OCSP Responder failures would be disregarded in favor of connectivity.
[2025-04-18T02:06:11.424+0000] {mbta_kafka_consumer.py:45} INFO - ✅ Connected to Snowflake successfully.
[2025-04-18T02:06:11.425+0000] {mbta_kafka_consumer.py:219} INFO - 🚀 Starting MBTA Kafka Consumer...
[2025-04-18T02:06:11.430+0000] {conn.py:395} INFO - <BrokerConnection client_id=kafka-python-2.1.5, node_id=bootstrap-0 host=kafka:9092 <connecting> [IPv4 ('172.18.0.4', 9092)]>: connecting to kafka:9092 [('172.18.0.4', 9092) IPv4]
[2025-04-18T02:06:11.458+0000] {conn.py:615} INFO - <BrokerConnection client_id=kafka-python-2.1.5, node_id=bootstrap-0 host=kafka:9092 <checking_api_versions_recv> [IPv4 ('172.18.0.4', 9092)]>: Broker version identified as 2.6
[2025-04-18T02:06:11.458+0000] {conn.py:456} INFO - <BrokerConnection client_id=kafka-python-2.1.5, node_id=bootstrap-0 host=kafka:9092 <connected> [IPv4 ('172.18.0.4', 9092)]>: Connection complete.
[2025-04-18T02:06:11.461+0000] {consumer.py:119} WARNING - group_id is None: disabling auto-commit.
[2025-04-18T02:06:11.462+0000] {subscription_state.py:182} INFO - Updating subscribed topics to: ('mbta_alerts', 'mbta_routes', 'mbta_stops', 'mbta_vehicles', 'mbta_predictions')
[2025-04-18T02:06:11.470+0000] {subscription_state.py:254} INFO - Updated partition assignment: [('mbta_vehicles', 0), ('mbta_routes', 0), ('mbta_stops', 0), ('mbta_alerts', 0), ('mbta_predictions', 0)]
[2025-04-18T02:06:11.472+0000] {conn.py:395} INFO - <BrokerConnection client_id=kafka-python-2.1.5, node_id=1 host=kafka:9092 <connecting> [IPv4 ('172.18.0.4', 9092)]>: connecting to kafka:9092 [('172.18.0.4', 9092) IPv4]
[2025-04-18T02:06:11.473+0000] {conn.py:456} INFO - <BrokerConnection client_id=kafka-python-2.1.5, node_id=1 host=kafka:9092 <connected> [IPv4 ('172.18.0.4', 9092)]>: Connection complete.
[2025-04-18T02:06:11.474+0000] {conn.py:936} INFO - <BrokerConnection client_id=kafka-python-2.1.5, node_id=bootstrap-0 host=kafka:9092 <connected> [IPv4 ('172.18.0.4', 9092)]>: Closing connection. 
[2025-04-18T02:06:13.750+0000] {mbta_kafka_consumer.py:232} INFO - 📥 Received 120 records from topic: mbta_alerts
[2025-04-18T02:06:13.770+0000] {mbta_kafka_consumer.py:56} INFO - 🔍 Sample data for MBTA_ALERTS:
[2025-04-18T02:06:13.771+0000] {mbta_kafka_consumer.py:57} INFO - 
  ALERT_ID  ...                 CREATED_AT
0   638240  ...  2025-04-16T10:52:04-04:00
1   435698  ...  2022-03-15T10:13:31-04:00
2   634497  ...  2025-03-27T14:21:07-04:00
3   634495  ...  2025-03-27T14:18:44-04:00
4   416078  ...  2021-11-04T15:14:54-04:00

[5 rows x 6 columns]
[2025-04-18T02:06:13.792+0000] {cursor.py:1028} INFO - query: [SELECT * FROM MBTA_ALERTS WHERE ALERT_ID IN ('638240','435698','634497','634495'...]
[2025-04-18T02:06:14.322+0000] {cursor.py:1041} INFO - query execution done
[2025-04-18T02:06:14.329+0000] {cursor.py:1205} INFO - Number of results in first chunk: 269
[2025-04-18T02:06:14.843+0000] {mbta_kafka_consumer.py:104} INFO - 🔁 562 new/updated records out of 120 incoming records (some may be duplicate VEHICLE_IDs) for MBTA_ALERTS
[2025-04-18T02:06:14.844+0000] {cursor.py:1028} INFO - query: [MERGE INTO MBTA_ALERTS AS target USING (SELECT '638240', 'Orange Line: Shuttle b...]
[2025-04-18T02:06:16.038+0000] {cursor.py:1041} INFO - query execution done
[2025-04-18T02:06:16.042+0000] {cursor.py:1028} INFO - query: [MERGE INTO MBTA_ALERTS AS target USING (SELECT '435698', 'Bowdoin Escalator 125 ...]
[2025-04-18T02:06:17.453+0000] {cursor.py:1041} INFO - query execution done
[2025-04-18T02:06:17.453+0000] {cursor.py:1028} INFO - query: [MERGE INTO MBTA_ALERTS AS target USING (SELECT '435698', 'Bowdoin Escalator 125 ...]
[2025-04-18T02:06:18.624+0000] {cursor.py:1041} INFO - query execution done
[2025-04-18T02:06:18.626+0000] {cursor.py:1028} INFO - query: [MERGE INTO MBTA_ALERTS AS target USING (SELECT '435698', 'Bowdoin Escalator 125 ...]
[2025-04-18T02:06:20.079+0000] {cursor.py:1041} INFO - query execution done
[2025-04-18T02:06:20.081+0000] {cursor.py:1028} INFO - query: [MERGE INTO MBTA_ALERTS AS target USING (SELECT '435698', 'Bowdoin Escalator 125 ...]
[2025-04-18T02:06:21.414+0000] {cursor.py:1041} INFO - query execution done
[2025-04-18T02:06:21.415+0000] {cursor.py:1028} INFO - query: [MERGE INTO MBTA_ALERTS AS target USING (SELECT '435698', 'Bowdoin Escalator 125 ...]
[2025-04-18T02:06:22.599+0000] {cursor.py:1041} INFO - query execution done
[2025-04-18T02:06:22.610+0000] {cursor.py:1028} INFO - query: [MERGE INTO MBTA_ALERTS AS target USING (SELECT '435698', 'Bowdoin Escalator 125 ...]
[2025-04-18T02:06:23.942+0000] {cursor.py:1041} INFO - query execution done
[2025-04-18T02:06:23.951+0000] {cursor.py:1028} INFO - query: [MERGE INTO MBTA_ALERTS AS target USING (SELECT '435698', 'Bowdoin Escalator 125 ...]
[2025-04-18T02:06:25.229+0000] {cursor.py:1041} INFO - query execution done
[2025-04-18T02:06:25.240+0000] {cursor.py:1028} INFO - query: [MERGE INTO MBTA_ALERTS AS target USING (SELECT '435698', 'Bowdoin Escalator 125 ...]
[2025-04-18T02:06:26.962+0000] {cursor.py:1041} INFO - query execution done
[2025-04-18T02:06:26.966+0000] {cursor.py:1028} INFO - query: [MERGE INTO MBTA_ALERTS AS target USING (SELECT '435698', 'Bowdoin Escalator 125 ...]
[2025-04-18T02:06:28.323+0000] {cursor.py:1041} INFO - query execution done
[2025-04-18T02:06:28.331+0000] {cursor.py:1028} INFO - query: [MERGE INTO MBTA_ALERTS AS target USING (SELECT '435698', 'Bowdoin Escalator 125 ...]
[2025-04-18T02:06:29.643+0000] {cursor.py:1041} INFO - query execution done
[2025-04-18T02:06:29.647+0000] {cursor.py:1028} INFO - query: [MERGE INTO MBTA_ALERTS AS target USING (SELECT '435698', 'Bowdoin Escalator 125 ...]
[2025-04-18T02:06:30.943+0000] {cursor.py:1041} INFO - query execution done
[2025-04-18T02:06:30.949+0000] {cursor.py:1028} INFO - query: [MERGE INTO MBTA_ALERTS AS target USING (SELECT '435698', 'Bowdoin Escalator 125 ...]
[2025-04-18T02:06:32.303+0000] {cursor.py:1041} INFO - query execution done
[2025-04-18T02:06:32.315+0000] {cursor.py:1028} INFO - query: [MERGE INTO MBTA_ALERTS AS target USING (SELECT '435698', 'Bowdoin Escalator 125 ...]
[2025-04-18T02:06:33.553+0000] {cursor.py:1041} INFO - query execution done
[2025-04-18T02:06:33.561+0000] {cursor.py:1028} INFO - query: [MERGE INTO MBTA_ALERTS AS target USING (SELECT '435698', 'Bowdoin Escalator 125 ...]
[2025-04-18T02:06:34.921+0000] {cursor.py:1041} INFO - query execution done
[2025-04-18T02:06:34.923+0000] {cursor.py:1028} INFO - query: [MERGE INTO MBTA_ALERTS AS target USING (SELECT '435698', 'Bowdoin Escalator 125 ...]
[2025-04-18T02:06:36.473+0000] {cursor.py:1041} INFO - query execution done
[2025-04-18T02:06:36.476+0000] {cursor.py:1028} INFO - query: [MERGE INTO MBTA_ALERTS AS target USING (SELECT '435698', 'Bowdoin Escalator 125 ...]
[2025-04-18T02:06:37.748+0000] {cursor.py:1041} INFO - query execution done
[2025-04-18T02:06:37.749+0000] {cursor.py:1028} INFO - query: [MERGE INTO MBTA_ALERTS AS target USING (SELECT '435698', 'Bowdoin Escalator 125 ...]
[2025-04-18T02:06:38.966+0000] {cursor.py:1041} INFO - query execution done
[2025-04-18T02:06:38.971+0000] {cursor.py:1028} INFO - query: [MERGE INTO MBTA_ALERTS AS target USING (SELECT '435698', 'Bowdoin Escalator 125 ...]
[2025-04-18T02:06:40.226+0000] {cursor.py:1041} INFO - query execution done
[2025-04-18T02:06:40.229+0000] {cursor.py:1028} INFO - query: [MERGE INTO MBTA_ALERTS AS target USING (SELECT '634497', 'On Saturday, April 5th...]
[2025-04-18T02:06:41.663+0000] {cursor.py:1041} INFO - query execution done
[2025-04-18T02:06:41.667+0000] {cursor.py:1028} INFO - query: [MERGE INTO MBTA_ALERTS AS target USING (SELECT '634495', 'On Saturday, April 5th...]
[2025-04-18T02:06:42.942+0000] {cursor.py:1041} INFO - query execution done
[2025-04-18T02:06:42.943+0000] {cursor.py:1028} INFO - query: [MERGE INTO MBTA_ALERTS AS target USING (SELECT '416078', 'Lynn Parking Garage ar...]
[2025-04-18T02:06:44.321+0000] {cursor.py:1041} INFO - query execution done
[2025-04-18T02:06:44.322+0000] {cursor.py:1028} INFO - query: [MERGE INTO MBTA_ALERTS AS target USING (SELECT '416078', 'Lynn Parking Garage ar...]
[2025-04-18T02:06:45.656+0000] {cursor.py:1041} INFO - query execution done
[2025-04-18T02:06:45.660+0000] {cursor.py:1028} INFO - query: [MERGE INTO MBTA_ALERTS AS target USING (SELECT '416078', 'Lynn Parking Garage ar...]
[2025-04-18T02:06:47.145+0000] {cursor.py:1041} INFO - query execution done
[2025-04-18T02:06:47.149+0000] {cursor.py:1028} INFO - query: [MERGE INTO MBTA_ALERTS AS target USING (SELECT '416078', 'Lynn Parking Garage ar...]
[2025-04-18T02:06:48.394+0000] {cursor.py:1041} INFO - query execution done
[2025-04-18T02:06:48.397+0000] {cursor.py:1028} INFO - query: [MERGE INTO MBTA_ALERTS AS target USING (SELECT '416078', 'Lynn Parking Garage ar...]
[2025-04-18T02:06:49.782+0000] {cursor.py:1041} INFO - query execution done
[2025-04-18T02:06:49.784+0000] {cursor.py:1028} INFO - query: [MERGE INTO MBTA_ALERTS AS target USING (SELECT '416078', 'Lynn Parking Garage ar...]
[2025-04-18T02:06:51.314+0000] {cursor.py:1041} INFO - query execution done
[2025-04-18T02:06:51.315+0000] {cursor.py:1028} INFO - query: [MERGE INTO MBTA_ALERTS AS target USING (SELECT '416078', 'Lynn Parking Garage ar...]
[2025-04-18T02:06:52.431+0000] {cursor.py:1041} INFO - query execution done
[2025-04-18T02:06:52.435+0000] {cursor.py:1028} INFO - query: [MERGE INTO MBTA_ALERTS AS target USING (SELECT '416078', 'Lynn Parking Garage ar...]
[2025-04-18T02:06:53.895+0000] {cursor.py:1041} INFO - query execution done
[2025-04-18T02:06:53.898+0000] {cursor.py:1028} INFO - query: [MERGE INTO MBTA_ALERTS AS target USING (SELECT '416078', 'Lynn Parking Garage ar...]
[2025-04-18T02:06:55.065+0000] {cursor.py:1041} INFO - query execution done
[2025-04-18T02:06:55.066+0000] {cursor.py:1028} INFO - query: [MERGE INTO MBTA_ALERTS AS target USING (SELECT '416078', 'Lynn Parking Garage ar...]
[2025-04-18T02:06:56.934+0000] {cursor.py:1041} INFO - query execution done
[2025-04-18T02:06:56.937+0000] {cursor.py:1028} INFO - query: [MERGE INTO MBTA_ALERTS AS target USING (SELECT '416078', 'Lynn Parking Garage ar...]
[2025-04-18T02:06:58.444+0000] {cursor.py:1041} INFO - query execution done
[2025-04-18T02:06:58.454+0000] {cursor.py:1028} INFO - query: [MERGE INTO MBTA_ALERTS AS target USING (SELECT '416078', 'Lynn Parking Garage ar...]
[2025-04-18T02:07:00.174+0000] {cursor.py:1041} INFO - query execution done
[2025-04-18T02:07:00.183+0000] {cursor.py:1028} INFO - query: [MERGE INTO MBTA_ALERTS AS target USING (SELECT '416078', 'Lynn Parking Garage ar...]
[2025-04-18T02:07:01.615+0000] {cursor.py:1041} INFO - query execution done
[2025-04-18T02:07:01.615+0000] {cursor.py:1028} INFO - query: [MERGE INTO MBTA_ALERTS AS target USING (SELECT '416078', 'Lynn Parking Garage ar...]
[2025-04-18T02:07:02.987+0000] {cursor.py:1041} INFO - query execution done
[2025-04-18T02:07:02.990+0000] {cursor.py:1028} INFO - query: [MERGE INTO MBTA_ALERTS AS target USING (SELECT '416078', 'Lynn Parking Garage ar...]
[2025-04-18T02:07:04.636+0000] {cursor.py:1041} INFO - query execution done
[2025-04-18T02:07:04.638+0000] {cursor.py:1028} INFO - query: [MERGE INTO MBTA_ALERTS AS target USING (SELECT '416078', 'Lynn Parking Garage ar...]
[2025-04-18T02:07:06.145+0000] {cursor.py:1041} INFO - query execution done
[2025-04-18T02:07:06.147+0000] {cursor.py:1028} INFO - query: [MERGE INTO MBTA_ALERTS AS target USING (SELECT '416078', 'Lynn Parking Garage ar...]
[2025-04-18T02:07:07.463+0000] {cursor.py:1041} INFO - query execution done
[2025-04-18T02:07:07.464+0000] {cursor.py:1028} INFO - query: [MERGE INTO MBTA_ALERTS AS target USING (SELECT '416078', 'Lynn Parking Garage ar...]
[2025-04-18T02:07:08.718+0000] {cursor.py:1041} INFO - query execution done
[2025-04-18T02:07:08.721+0000] {cursor.py:1028} INFO - query: [MERGE INTO MBTA_ALERTS AS target USING (SELECT '637996', 'Route 52 service will ...]
[2025-04-18T02:07:10.441+0000] {cursor.py:1041} INFO - query execution done
[2025-04-18T02:07:10.446+0000] {cursor.py:1028} INFO - query: [MERGE INTO MBTA_ALERTS AS target USING (SELECT '637987', 'Route 66 will be rerou...]
[2025-04-18T02:07:11.903+0000] {cursor.py:1041} INFO - query execution done
[2025-04-18T02:07:11.908+0000] {cursor.py:1028} INFO - query: [MERGE INTO MBTA_ALERTS AS target USING (SELECT '638452', 'Route 44 is experienci...]
[2025-04-18T02:07:13.279+0000] {cursor.py:1041} INFO - query execution done
[2025-04-18T02:07:13.280+0000] {cursor.py:1028} INFO - query: [MERGE INTO MBTA_ALERTS AS target USING (SELECT '636938', 'Due to Boston Marathon...]
[2025-04-18T02:07:14.580+0000] {cursor.py:1041} INFO - query execution done
[2025-04-18T02:07:14.581+0000] {cursor.py:1028} INFO - query: [MERGE INTO MBTA_ALERTS AS target USING (SELECT '633908', 'From March 24 to June ...]
[2025-04-18T02:07:16.188+0000] {cursor.py:1041} INFO - query execution done
[2025-04-18T02:07:16.194+0000] {cursor.py:1028} INFO - query: [MERGE INTO MBTA_ALERTS AS target USING (SELECT '637986', 'Route 504 will be rero...]
[2025-04-18T02:07:17.422+0000] {cursor.py:1041} INFO - query execution done
[2025-04-18T02:07:17.427+0000] {cursor.py:1028} INFO - query: [MERGE INTO MBTA_ALERTS AS target USING (SELECT '630009', 'There is no accessible...]
[2025-04-18T02:07:18.596+0000] {cursor.py:1041} INFO - query execution done
[2025-04-18T02:07:18.599+0000] {cursor.py:1028} INFO - query: [MERGE INTO MBTA_ALERTS AS target USING (SELECT '630009', 'There is no accessible...]
[2025-04-18T02:07:19.939+0000] {cursor.py:1041} INFO - query execution done
[2025-04-18T02:07:19.945+0000] {cursor.py:1028} INFO - query: [MERGE INTO MBTA_ALERTS AS target USING (SELECT '630009', 'There is no accessible...]
[2025-04-18T02:07:21.180+0000] {cursor.py:1041} INFO - query execution done
[2025-04-18T02:07:21.183+0000] {cursor.py:1028} INFO - query: [MERGE INTO MBTA_ALERTS AS target USING (SELECT '630009', 'There is no accessible...]
[2025-04-18T02:07:22.364+0000] {cursor.py:1041} INFO - query execution done
[2025-04-18T02:07:22.371+0000] {cursor.py:1028} INFO - query: [MERGE INTO MBTA_ALERTS AS target USING (SELECT '630009', 'There is no accessible...]
[2025-04-18T02:07:23.795+0000] {cursor.py:1041} INFO - query execution done
[2025-04-18T02:07:23.797+0000] {cursor.py:1028} INFO - query: [MERGE INTO MBTA_ALERTS AS target USING (SELECT '630009', 'There is no accessible...]
[2025-04-18T02:07:25.085+0000] {cursor.py:1041} INFO - query execution done
[2025-04-18T02:07:25.090+0000] {cursor.py:1028} INFO - query: [MERGE INTO MBTA_ALERTS AS target USING (SELECT '630009', 'There is no accessible...]
[2025-04-18T02:07:26.466+0000] {cursor.py:1041} INFO - query execution done
[2025-04-18T02:07:26.468+0000] {cursor.py:1028} INFO - query: [MERGE INTO MBTA_ALERTS AS target USING (SELECT '630009', 'There is no accessible...]
[2025-04-18T02:07:27.981+0000] {cursor.py:1041} INFO - query execution done
[2025-04-18T02:07:27.990+0000] {cursor.py:1028} INFO - query: [MERGE INTO MBTA_ALERTS AS target USING (SELECT '630009', 'There is no accessible...]
[2025-04-18T02:07:29.350+0000] {cursor.py:1041} INFO - query execution done
[2025-04-18T02:07:29.362+0000] {cursor.py:1028} INFO - query: [MERGE INTO MBTA_ALERTS AS target USING (SELECT '630009', 'There is no accessible...]
[2025-04-18T02:07:30.762+0000] {cursor.py:1041} INFO - query execution done
[2025-04-18T02:07:30.766+0000] {cursor.py:1028} INFO - query: [MERGE INTO MBTA_ALERTS AS target USING (SELECT '630009', 'There is no accessible...]
[2025-04-18T02:07:32.122+0000] {cursor.py:1041} INFO - query execution done
[2025-04-18T02:07:32.125+0000] {cursor.py:1028} INFO - query: [MERGE INTO MBTA_ALERTS AS target USING (SELECT '630009', 'There is no accessible...]
[2025-04-18T02:07:33.494+0000] {cursor.py:1041} INFO - query execution done
[2025-04-18T02:07:33.496+0000] {cursor.py:1028} INFO - query: [MERGE INTO MBTA_ALERTS AS target USING (SELECT '630009', 'There is no accessible...]
[2025-04-18T02:07:34.791+0000] {cursor.py:1041} INFO - query execution done
[2025-04-18T02:07:34.795+0000] {cursor.py:1028} INFO - query: [MERGE INTO MBTA_ALERTS AS target USING (SELECT '630009', 'There is no accessible...]
[2025-04-18T02:07:36.132+0000] {cursor.py:1041} INFO - query execution done
[2025-04-18T02:07:36.135+0000] {cursor.py:1028} INFO - query: [MERGE INTO MBTA_ALERTS AS target USING (SELECT '630009', 'There is no accessible...]
[2025-04-18T02:07:37.465+0000] {cursor.py:1041} INFO - query execution done
[2025-04-18T02:07:37.470+0000] {cursor.py:1028} INFO - query: [MERGE INTO MBTA_ALERTS AS target USING (SELECT '630009', 'There is no accessible...]
[2025-04-18T02:07:38.826+0000] {cursor.py:1041} INFO - query execution done
[2025-04-18T02:07:38.830+0000] {cursor.py:1028} INFO - query: [MERGE INTO MBTA_ALERTS AS target USING (SELECT '630009', 'There is no accessible...]
[2025-04-18T02:07:40.158+0000] {cursor.py:1041} INFO - query execution done
[2025-04-18T02:07:40.163+0000] {cursor.py:1028} INFO - query: [MERGE INTO MBTA_ALERTS AS target USING (SELECT '630009', 'There is no accessible...]
[2025-04-18T02:07:41.654+0000] {cursor.py:1041} INFO - query execution done
[2025-04-18T02:07:41.660+0000] {cursor.py:1028} INFO - query: [MERGE INTO MBTA_ALERTS AS target USING (SELECT '637983', 'Route 62 and 76 detour...]
[2025-04-18T02:07:43.482+0000] {cursor.py:1041} INFO - query execution done
[2025-04-18T02:07:43.494+0000] {cursor.py:1028} INFO - query: [MERGE INTO MBTA_ALERTS AS target USING (SELECT '637989', 'Route 59 will be rerou...]
[2025-04-18T02:07:45.126+0000] {cursor.py:1041} INFO - query execution done
[2025-04-18T02:07:45.133+0000] {cursor.py:1028} INFO - query: [MERGE INTO MBTA_ALERTS AS target USING (SELECT '626250', 'Aquarium Escalator 405...]
[2025-04-18T02:07:46.698+0000] {cursor.py:1041} INFO - query execution done
[2025-04-18T02:07:46.699+0000] {cursor.py:1028} INFO - query: [MERGE INTO MBTA_ALERTS AS target USING (SELECT '626250', 'Aquarium Escalator 405...]
[2025-04-18T02:07:48.439+0000] {cursor.py:1041} INFO - query execution done
[2025-04-18T02:07:48.452+0000] {cursor.py:1028} INFO - query: [MERGE INTO MBTA_ALERTS AS target USING (SELECT '626250', 'Aquarium Escalator 405...]
[2025-04-18T02:07:49.720+0000] {cursor.py:1041} INFO - query execution done
[2025-04-18T02:07:49.725+0000] {cursor.py:1028} INFO - query: [MERGE INTO MBTA_ALERTS AS target USING (SELECT '626250', 'Aquarium Escalator 405...]
[2025-04-18T02:07:51.280+0000] {cursor.py:1041} INFO - query execution done
[2025-04-18T02:07:51.285+0000] {cursor.py:1028} INFO - query: [MERGE INTO MBTA_ALERTS AS target USING (SELECT '626250', 'Aquarium Escalator 405...]
[2025-04-18T02:07:52.876+0000] {cursor.py:1041} INFO - query execution done
[2025-04-18T02:07:52.877+0000] {cursor.py:1028} INFO - query: [MERGE INTO MBTA_ALERTS AS target USING (SELECT '626250', 'Aquarium Escalator 405...]
[2025-04-18T02:07:54.199+0000] {cursor.py:1041} INFO - query execution done
[2025-04-18T02:07:54.200+0000] {cursor.py:1028} INFO - query: [MERGE INTO MBTA_ALERTS AS target USING (SELECT '626250', 'Aquarium Escalator 405...]
[2025-04-18T02:07:55.852+0000] {cursor.py:1041} INFO - query execution done
[2025-04-18T02:07:55.860+0000] {cursor.py:1028} INFO - query: [MERGE INTO MBTA_ALERTS AS target USING (SELECT '626250', 'Aquarium Escalator 405...]
[2025-04-18T02:07:57.255+0000] {cursor.py:1041} INFO - query execution done
[2025-04-18T02:07:57.266+0000] {cursor.py:1028} INFO - query: [MERGE INTO MBTA_ALERTS AS target USING (SELECT '626250', 'Aquarium Escalator 405...]
[2025-04-18T02:07:58.577+0000] {cursor.py:1041} INFO - query execution done
[2025-04-18T02:07:58.578+0000] {cursor.py:1028} INFO - query: [MERGE INTO MBTA_ALERTS AS target USING (SELECT '626250', 'Aquarium Escalator 405...]
[2025-04-18T02:08:00.263+0000] {cursor.py:1041} INFO - query execution done
[2025-04-18T02:08:00.264+0000] {cursor.py:1028} INFO - query: [MERGE INTO MBTA_ALERTS AS target USING (SELECT '626250', 'Aquarium Escalator 405...]
[2025-04-18T02:08:01.770+0000] {cursor.py:1041} INFO - query execution done
[2025-04-18T02:08:01.772+0000] {cursor.py:1028} INFO - query: [MERGE INTO MBTA_ALERTS AS target USING (SELECT '626250', 'Aquarium Escalator 405...]
[2025-04-18T02:08:03.084+0000] {cursor.py:1041} INFO - query execution done
[2025-04-18T02:08:03.084+0000] {cursor.py:1028} INFO - query: [MERGE INTO MBTA_ALERTS AS target USING (SELECT '626250', 'Aquarium Escalator 405...]
[2025-04-18T02:08:04.680+0000] {cursor.py:1041} INFO - query execution done
[2025-04-18T02:08:04.683+0000] {cursor.py:1028} INFO - query: [MERGE INTO MBTA_ALERTS AS target USING (SELECT '626250', 'Aquarium Escalator 405...]
[2025-04-18T02:08:06.122+0000] {cursor.py:1041} INFO - query execution done
[2025-04-18T02:08:06.124+0000] {cursor.py:1028} INFO - query: [MERGE INTO MBTA_ALERTS AS target USING (SELECT '626250', 'Aquarium Escalator 405...]
[2025-04-18T02:08:07.509+0000] {cursor.py:1041} INFO - query execution done
[2025-04-18T02:08:07.511+0000] {cursor.py:1028} INFO - query: [MERGE INTO MBTA_ALERTS AS target USING (SELECT '626250', 'Aquarium Escalator 405...]
[2025-04-18T02:08:08.848+0000] {cursor.py:1041} INFO - query execution done
[2025-04-18T02:08:08.850+0000] {cursor.py:1028} INFO - query: [MERGE INTO MBTA_ALERTS AS target USING (SELECT '626250', 'Aquarium Escalator 405...]
[2025-04-18T02:08:10.109+0000] {cursor.py:1041} INFO - query execution done
[2025-04-18T02:08:10.110+0000] {cursor.py:1028} INFO - query: [MERGE INTO MBTA_ALERTS AS target USING (SELECT '626250', 'Aquarium Escalator 405...]
[2025-04-18T02:08:11.823+0000] {cursor.py:1041} INFO - query execution done
[2025-04-18T02:08:11.824+0000] {cursor.py:1028} INFO - query: [MERGE INTO MBTA_ALERTS AS target USING (SELECT '638576', 'Route 77 is experienci...]
[2025-04-18T02:08:13.252+0000] {cursor.py:1041} INFO - query execution done
[2025-04-18T02:08:13.257+0000] {cursor.py:1028} INFO - query: [MERGE INTO MBTA_ALERTS AS target USING (SELECT '637998', 'Route 47 will be rerou...]
[2025-04-18T02:08:14.407+0000] {cursor.py:1041} INFO - query execution done
[2025-04-18T02:08:14.409+0000] {cursor.py:1028} INFO - query: [MERGE INTO MBTA_ALERTS AS target USING (SELECT '638540', 'Route 23 is experienci...]
[2025-04-18T02:08:15.678+0000] {cursor.py:1041} INFO - query execution done
[2025-04-18T02:08:15.679+0000] {cursor.py:1028} INFO - query: [MERGE INTO MBTA_ALERTS AS target USING (SELECT '633776', 'Long Wharf South is cl...]
[2025-04-18T02:08:17.173+0000] {cursor.py:1041} INFO - query execution done
[2025-04-18T02:08:17.175+0000] {cursor.py:1028} INFO - query: [MERGE INTO MBTA_ALERTS AS target USING (SELECT '625935', 'Littleton/Route 495 pa...]
[2025-04-18T02:08:18.684+0000] {cursor.py:1041} INFO - query execution done
[2025-04-18T02:08:18.686+0000] {cursor.py:1028} INFO - query: [MERGE INTO MBTA_ALERTS AS target USING (SELECT '625935', 'Littleton/Route 495 pa...]
[2025-04-18T02:08:20.119+0000] {cursor.py:1041} INFO - query execution done
[2025-04-18T02:08:20.120+0000] {cursor.py:1028} INFO - query: [MERGE INTO MBTA_ALERTS AS target USING (SELECT '625935', 'Littleton/Route 495 pa...]
[2025-04-18T02:08:21.526+0000] {cursor.py:1041} INFO - query execution done
[2025-04-18T02:08:21.531+0000] {cursor.py:1028} INFO - query: [MERGE INTO MBTA_ALERTS AS target USING (SELECT '625935', 'Littleton/Route 495 pa...]
[2025-04-18T02:08:23.275+0000] {cursor.py:1041} INFO - query execution done
[2025-04-18T02:08:23.277+0000] {cursor.py:1028} INFO - query: [MERGE INTO MBTA_ALERTS AS target USING (SELECT '625935', 'Littleton/Route 495 pa...]
[2025-04-18T02:08:24.229+0000] {cursor.py:1041} INFO - query execution done
[2025-04-18T02:08:24.230+0000] {cursor.py:1028} INFO - query: [MERGE INTO MBTA_ALERTS AS target USING (SELECT '625935', 'Littleton/Route 495 pa...]
[2025-04-18T02:08:25.766+0000] {cursor.py:1041} INFO - query execution done
[2025-04-18T02:08:25.768+0000] {cursor.py:1028} INFO - query: [MERGE INTO MBTA_ALERTS AS target USING (SELECT '625935', 'Littleton/Route 495 pa...]
[2025-04-18T02:08:27.059+0000] {cursor.py:1041} INFO - query execution done
[2025-04-18T02:08:27.060+0000] {cursor.py:1028} INFO - query: [MERGE INTO MBTA_ALERTS AS target USING (SELECT '625935', 'Littleton/Route 495 pa...]
[2025-04-18T02:08:28.439+0000] {cursor.py:1041} INFO - query execution done
[2025-04-18T02:08:28.443+0000] {cursor.py:1028} INFO - query: [MERGE INTO MBTA_ALERTS AS target USING (SELECT '625935', 'Littleton/Route 495 pa...]
[2025-04-18T02:08:30.043+0000] {cursor.py:1041} INFO - query execution done
[2025-04-18T02:08:30.169+0000] {cursor.py:1028} INFO - query: [MERGE INTO MBTA_ALERTS AS target USING (SELECT '625935', 'Littleton/Route 495 pa...]
[2025-04-18T02:08:31.404+0000] {cursor.py:1041} INFO - query execution done
[2025-04-18T02:08:31.407+0000] {cursor.py:1028} INFO - query: [MERGE INTO MBTA_ALERTS AS target USING (SELECT '625935', 'Littleton/Route 495 pa...]
[2025-04-18T02:08:32.775+0000] {cursor.py:1041} INFO - query execution done
[2025-04-18T02:08:32.776+0000] {cursor.py:1028} INFO - query: [MERGE INTO MBTA_ALERTS AS target USING (SELECT '625935', 'Littleton/Route 495 pa...]
[2025-04-18T02:08:34.120+0000] {cursor.py:1041} INFO - query execution done
[2025-04-18T02:08:34.121+0000] {cursor.py:1028} INFO - query: [MERGE INTO MBTA_ALERTS AS target USING (SELECT '625935', 'Littleton/Route 495 pa...]
[2025-04-18T02:08:35.842+0000] {cursor.py:1041} INFO - query execution done
[2025-04-18T02:08:35.843+0000] {cursor.py:1028} INFO - query: [MERGE INTO MBTA_ALERTS AS target USING (SELECT '625935', 'Littleton/Route 495 pa...]
[2025-04-18T02:08:37.042+0000] {cursor.py:1041} INFO - query execution done
[2025-04-18T02:08:37.044+0000] {cursor.py:1028} INFO - query: [MERGE INTO MBTA_ALERTS AS target USING (SELECT '625935', 'Littleton/Route 495 pa...]
[2025-04-18T02:08:38.462+0000] {cursor.py:1041} INFO - query execution done
[2025-04-18T02:08:38.476+0000] {cursor.py:1028} INFO - query: [MERGE INTO MBTA_ALERTS AS target USING (SELECT '625935', 'Littleton/Route 495 pa...]
[2025-04-18T02:08:39.697+0000] {cursor.py:1041} INFO - query execution done
[2025-04-18T02:08:39.699+0000] {cursor.py:1028} INFO - query: [MERGE INTO MBTA_ALERTS AS target USING (SELECT '625935', 'Littleton/Route 495 pa...]
[2025-04-18T02:08:41.732+0000] {cursor.py:1041} INFO - query execution done
[2025-04-18T02:08:41.740+0000] {cursor.py:1028} INFO - query: [MERGE INTO MBTA_ALERTS AS target USING (SELECT '625935', 'Littleton/Route 495 pa...]
[2025-04-18T02:08:43.090+0000] {cursor.py:1041} INFO - query execution done
[2025-04-18T02:08:43.099+0000] {cursor.py:1028} INFO - query: [MERGE INTO MBTA_ALERTS AS target USING (SELECT '637949', 'Park Street Escalator ...]
[2025-04-18T02:08:44.351+0000] {cursor.py:1041} INFO - query execution done
[2025-04-18T02:08:44.353+0000] {cursor.py:1028} INFO - query: [MERGE INTO MBTA_ALERTS AS target USING (SELECT '638604', 'Route 62 is experienci...]
[2025-04-18T02:08:45.705+0000] {cursor.py:1041} INFO - query execution done
[2025-04-18T02:08:45.707+0000] {cursor.py:1028} INFO - query: [MERGE INTO MBTA_ALERTS AS target USING (SELECT '637835', 'Due to the 250th anniv...]
[2025-04-18T02:08:46.994+0000] {cursor.py:1041} INFO - query execution done
[2025-04-18T02:08:46.998+0000] {cursor.py:1028} INFO - query: [MERGE INTO MBTA_ALERTS AS target USING (SELECT '584862', 'Commuter Rail train se...]
[2025-04-18T02:08:48.461+0000] {cursor.py:1041} INFO - query execution done
[2025-04-18T02:08:48.463+0000] {cursor.py:1028} INFO - query: [MERGE INTO MBTA_ALERTS AS target USING (SELECT '584862', 'Commuter Rail train se...]
[2025-04-18T02:08:49.802+0000] {cursor.py:1041} INFO - query execution done
[2025-04-18T02:08:49.804+0000] {cursor.py:1028} INFO - query: [MERGE INTO MBTA_ALERTS AS target USING (SELECT '584862', 'Commuter Rail train se...]
[2025-04-18T02:08:51.169+0000] {cursor.py:1041} INFO - query execution done
[2025-04-18T02:08:51.174+0000] {cursor.py:1028} INFO - query: [MERGE INTO MBTA_ALERTS AS target USING (SELECT '584862', 'Commuter Rail train se...]
[2025-04-18T02:08:52.578+0000] {cursor.py:1041} INFO - query execution done
[2025-04-18T02:08:52.585+0000] {cursor.py:1028} INFO - query: [MERGE INTO MBTA_ALERTS AS target USING (SELECT '584862', 'Commuter Rail train se...]
[2025-04-18T02:08:53.852+0000] {cursor.py:1041} INFO - query execution done
[2025-04-18T02:08:53.859+0000] {cursor.py:1028} INFO - query: [MERGE INTO MBTA_ALERTS AS target USING (SELECT '584862', 'Commuter Rail train se...]
[2025-04-18T02:08:55.266+0000] {cursor.py:1041} INFO - query execution done
[2025-04-18T02:08:55.270+0000] {cursor.py:1028} INFO - query: [MERGE INTO MBTA_ALERTS AS target USING (SELECT '584862', 'Commuter Rail train se...]
[2025-04-18T02:08:58.930+0000] {cursor.py:1041} INFO - query execution done
[2025-04-18T02:08:58.931+0000] {cursor.py:1028} INFO - query: [MERGE INTO MBTA_ALERTS AS target USING (SELECT '584862', 'Commuter Rail train se...]
[2025-04-18T02:09:00.320+0000] {cursor.py:1041} INFO - query execution done
[2025-04-18T02:09:00.322+0000] {cursor.py:1028} INFO - query: [MERGE INTO MBTA_ALERTS AS target USING (SELECT '584862', 'Commuter Rail train se...]
[2025-04-18T02:09:01.571+0000] {cursor.py:1041} INFO - query execution done
[2025-04-18T02:09:01.574+0000] {cursor.py:1028} INFO - query: [MERGE INTO MBTA_ALERTS AS target USING (SELECT '584862', 'Commuter Rail train se...]
[2025-04-18T02:09:03.037+0000] {cursor.py:1041} INFO - query execution done
[2025-04-18T02:09:03.038+0000] {cursor.py:1028} INFO - query: [MERGE INTO MBTA_ALERTS AS target USING (SELECT '584862', 'Commuter Rail train se...]
[2025-04-18T02:09:04.402+0000] {cursor.py:1041} INFO - query execution done
[2025-04-18T02:09:04.408+0000] {cursor.py:1028} INFO - query: [MERGE INTO MBTA_ALERTS AS target USING (SELECT '584862', 'Commuter Rail train se...]
[2025-04-18T02:09:05.937+0000] {cursor.py:1041} INFO - query execution done
[2025-04-18T02:09:05.939+0000] {cursor.py:1028} INFO - query: [MERGE INTO MBTA_ALERTS AS target USING (SELECT '584862', 'Commuter Rail train se...]
[2025-04-18T02:09:07.516+0000] {cursor.py:1041} INFO - query execution done
[2025-04-18T02:09:07.517+0000] {cursor.py:1028} INFO - query: [MERGE INTO MBTA_ALERTS AS target USING (SELECT '584862', 'Commuter Rail train se...]
[2025-04-18T02:09:08.891+0000] {cursor.py:1041} INFO - query execution done
[2025-04-18T02:09:08.893+0000] {cursor.py:1028} INFO - query: [MERGE INTO MBTA_ALERTS AS target USING (SELECT '584862', 'Commuter Rail train se...]
[2025-04-18T02:09:10.394+0000] {cursor.py:1041} INFO - query execution done
[2025-04-18T02:09:10.395+0000] {cursor.py:1028} INFO - query: [MERGE INTO MBTA_ALERTS AS target USING (SELECT '584862', 'Commuter Rail train se...]
[2025-04-18T02:09:11.999+0000] {cursor.py:1041} INFO - query execution done
[2025-04-18T02:09:12.000+0000] {cursor.py:1028} INFO - query: [MERGE INTO MBTA_ALERTS AS target USING (SELECT '584862', 'Commuter Rail train se...]
[2025-04-18T02:09:13.357+0000] {cursor.py:1041} INFO - query execution done
[2025-04-18T02:09:13.361+0000] {cursor.py:1028} INFO - query: [MERGE INTO MBTA_ALERTS AS target USING (SELECT '584862', 'Commuter Rail train se...]
[2025-04-18T02:09:14.626+0000] {cursor.py:1041} INFO - query execution done
[2025-04-18T02:09:14.627+0000] {cursor.py:1028} INFO - query: [MERGE INTO MBTA_ALERTS AS target USING (SELECT '601366', 'North Quincy Newport A...]
[2025-04-18T02:09:15.946+0000] {cursor.py:1041} INFO - query execution done
[2025-04-18T02:09:15.949+0000] {cursor.py:1028} INFO - query: [MERGE INTO MBTA_ALERTS AS target USING (SELECT '601366', 'North Quincy Newport A...]
[2025-04-18T02:09:17.232+0000] {cursor.py:1041} INFO - query execution done
[2025-04-18T02:09:17.233+0000] {cursor.py:1028} INFO - query: [MERGE INTO MBTA_ALERTS AS target USING (SELECT '601366', 'North Quincy Newport A...]
[2025-04-18T02:09:18.618+0000] {cursor.py:1041} INFO - query execution done
[2025-04-18T02:09:18.621+0000] {cursor.py:1028} INFO - query: [MERGE INTO MBTA_ALERTS AS target USING (SELECT '601366', 'North Quincy Newport A...]
[2025-04-18T02:09:19.847+0000] {cursor.py:1041} INFO - query execution done
[2025-04-18T02:09:19.848+0000] {cursor.py:1028} INFO - query: [MERGE INTO MBTA_ALERTS AS target USING (SELECT '601366', 'North Quincy Newport A...]
[2025-04-18T02:09:21.436+0000] {cursor.py:1041} INFO - query execution done
[2025-04-18T02:09:21.440+0000] {cursor.py:1028} INFO - query: [MERGE INTO MBTA_ALERTS AS target USING (SELECT '601366', 'North Quincy Newport A...]
[2025-04-18T02:09:22.709+0000] {cursor.py:1041} INFO - query execution done
[2025-04-18T02:09:22.712+0000] {cursor.py:1028} INFO - query: [MERGE INTO MBTA_ALERTS AS target USING (SELECT '601366', 'North Quincy Newport A...]
[2025-04-18T02:09:24.096+0000] {cursor.py:1041} INFO - query execution done
[2025-04-18T02:09:24.100+0000] {cursor.py:1028} INFO - query: [MERGE INTO MBTA_ALERTS AS target USING (SELECT '601366', 'North Quincy Newport A...]
[2025-04-18T02:09:25.512+0000] {cursor.py:1041} INFO - query execution done
[2025-04-18T02:09:25.517+0000] {cursor.py:1028} INFO - query: [MERGE INTO MBTA_ALERTS AS target USING (SELECT '601366', 'North Quincy Newport A...]
[2025-04-18T02:09:26.714+0000] {cursor.py:1041} INFO - query execution done
[2025-04-18T02:09:26.719+0000] {cursor.py:1028} INFO - query: [MERGE INTO MBTA_ALERTS AS target USING (SELECT '601366', 'North Quincy Newport A...]
[2025-04-18T02:09:28.007+0000] {cursor.py:1041} INFO - query execution done
[2025-04-18T02:09:28.011+0000] {cursor.py:1028} INFO - query: [MERGE INTO MBTA_ALERTS AS target USING (SELECT '601366', 'North Quincy Newport A...]
[2025-04-18T02:09:29.312+0000] {cursor.py:1041} INFO - query execution done
[2025-04-18T02:09:29.315+0000] {cursor.py:1028} INFO - query: [MERGE INTO MBTA_ALERTS AS target USING (SELECT '601366', 'North Quincy Newport A...]
[2025-04-18T02:09:30.802+0000] {cursor.py:1041} INFO - query execution done
[2025-04-18T02:09:30.811+0000] {cursor.py:1028} INFO - query: [MERGE INTO MBTA_ALERTS AS target USING (SELECT '601366', 'North Quincy Newport A...]
[2025-04-18T02:09:31.995+0000] {cursor.py:1041} INFO - query execution done
[2025-04-18T02:09:32.001+0000] {cursor.py:1028} INFO - query: [MERGE INTO MBTA_ALERTS AS target USING (SELECT '601366', 'North Quincy Newport A...]
[2025-04-18T02:09:33.519+0000] {cursor.py:1041} INFO - query execution done
[2025-04-18T02:09:33.524+0000] {cursor.py:1028} INFO - query: [MERGE INTO MBTA_ALERTS AS target USING (SELECT '601366', 'North Quincy Newport A...]
[2025-04-18T02:09:35.160+0000] {cursor.py:1041} INFO - query execution done
[2025-04-18T02:09:35.161+0000] {cursor.py:1028} INFO - query: [MERGE INTO MBTA_ALERTS AS target USING (SELECT '601366', 'North Quincy Newport A...]
[2025-04-18T02:09:36.419+0000] {cursor.py:1041} INFO - query execution done
[2025-04-18T02:09:36.421+0000] {cursor.py:1028} INFO - query: [MERGE INTO MBTA_ALERTS AS target USING (SELECT '601366', 'North Quincy Newport A...]
[2025-04-18T02:09:38.139+0000] {cursor.py:1041} INFO - query execution done
[2025-04-18T02:09:38.144+0000] {cursor.py:1028} INFO - query: [MERGE INTO MBTA_ALERTS AS target USING (SELECT '601366', 'North Quincy Newport A...]
[2025-04-18T02:09:39.525+0000] {cursor.py:1041} INFO - query execution done
[2025-04-18T02:09:39.529+0000] {cursor.py:1028} INFO - query: [MERGE INTO MBTA_ALERTS AS target USING (SELECT '507767', 'The Riverside Ave entr...]
[2025-04-18T02:09:40.810+0000] {cursor.py:1041} INFO - query execution done
[2025-04-18T02:09:40.811+0000] {cursor.py:1028} INFO - query: [MERGE INTO MBTA_ALERTS AS target USING (SELECT '507767', 'The Riverside Ave entr...]
[2025-04-18T02:09:42.026+0000] {cursor.py:1041} INFO - query execution done
[2025-04-18T02:09:42.027+0000] {cursor.py:1028} INFO - query: [MERGE INTO MBTA_ALERTS AS target USING (SELECT '507767', 'The Riverside Ave entr...]
[2025-04-18T02:09:43.965+0000] {cursor.py:1041} INFO - query execution done
[2025-04-18T02:09:43.965+0000] {cursor.py:1028} INFO - query: [MERGE INTO MBTA_ALERTS AS target USING (SELECT '507767', 'The Riverside Ave entr...]
[2025-04-18T02:09:45.926+0000] {cursor.py:1041} INFO - query execution done
[2025-04-18T02:09:45.928+0000] {cursor.py:1028} INFO - query: [MERGE INTO MBTA_ALERTS AS target USING (SELECT '507767', 'The Riverside Ave entr...]
[2025-04-18T02:09:47.687+0000] {cursor.py:1041} INFO - query execution done
[2025-04-18T02:09:47.689+0000] {cursor.py:1028} INFO - query: [MERGE INTO MBTA_ALERTS AS target USING (SELECT '507767', 'The Riverside Ave entr...]
[2025-04-18T02:09:49.327+0000] {cursor.py:1041} INFO - query execution done
[2025-04-18T02:09:49.328+0000] {cursor.py:1028} INFO - query: [MERGE INTO MBTA_ALERTS AS target USING (SELECT '507767', 'The Riverside Ave entr...]
[2025-04-18T02:09:50.971+0000] {cursor.py:1041} INFO - query execution done
[2025-04-18T02:09:50.973+0000] {cursor.py:1028} INFO - query: [MERGE INTO MBTA_ALERTS AS target USING (SELECT '507767', 'The Riverside Ave entr...]
[2025-04-18T02:09:52.586+0000] {cursor.py:1041} INFO - query execution done
[2025-04-18T02:09:52.589+0000] {cursor.py:1028} INFO - query: [MERGE INTO MBTA_ALERTS AS target USING (SELECT '507767', 'The Riverside Ave entr...]
[2025-04-18T02:09:54.330+0000] {cursor.py:1041} INFO - query execution done
[2025-04-18T02:09:54.334+0000] {cursor.py:1028} INFO - query: [MERGE INTO MBTA_ALERTS AS target USING (SELECT '507767', 'The Riverside Ave entr...]
[2025-04-18T02:09:56.062+0000] {cursor.py:1041} INFO - query execution done
[2025-04-18T02:09:56.063+0000] {cursor.py:1028} INFO - query: [MERGE INTO MBTA_ALERTS AS target USING (SELECT '507767', 'The Riverside Ave entr...]
[2025-04-18T02:09:57.779+0000] {cursor.py:1041} INFO - query execution done
[2025-04-18T02:09:57.781+0000] {cursor.py:1028} INFO - query: [MERGE INTO MBTA_ALERTS AS target USING (SELECT '507767', 'The Riverside Ave entr...]
[2025-04-18T02:09:59.674+0000] {cursor.py:1041} INFO - query execution done
[2025-04-18T02:09:59.675+0000] {cursor.py:1028} INFO - query: [MERGE INTO MBTA_ALERTS AS target USING (SELECT '507767', 'The Riverside Ave entr...]
[2025-04-18T02:10:01.337+0000] {cursor.py:1041} INFO - query execution done
[2025-04-18T02:10:01.338+0000] {cursor.py:1028} INFO - query: [MERGE INTO MBTA_ALERTS AS target USING (SELECT '507767', 'The Riverside Ave entr...]
[2025-04-18T02:10:03.119+0000] {cursor.py:1041} INFO - query execution done
[2025-04-18T02:10:03.120+0000] {cursor.py:1028} INFO - query: [MERGE INTO MBTA_ALERTS AS target USING (SELECT '507767', 'The Riverside Ave entr...]
[2025-04-18T02:10:04.889+0000] {cursor.py:1041} INFO - query execution done
[2025-04-18T02:10:04.891+0000] {cursor.py:1028} INFO - query: [MERGE INTO MBTA_ALERTS AS target USING (SELECT '507767', 'The Riverside Ave entr...]
[2025-04-18T02:10:06.558+0000] {cursor.py:1041} INFO - query execution done
[2025-04-18T02:10:06.560+0000] {cursor.py:1028} INFO - query: [MERGE INTO MBTA_ALERTS AS target USING (SELECT '507767', 'The Riverside Ave entr...]
[2025-04-18T02:10:08.716+0000] {cursor.py:1041} INFO - query execution done
[2025-04-18T02:10:08.718+0000] {cursor.py:1028} INFO - query: [MERGE INTO MBTA_ALERTS AS target USING (SELECT '507767', 'The Riverside Ave entr...]
[2025-04-18T02:10:11.267+0000] {cursor.py:1041} INFO - query execution done
[2025-04-18T02:10:11.273+0000] {cursor.py:1028} INFO - query: [MERGE INTO MBTA_ALERTS AS target USING (SELECT '638598', 'Route 354 is experienc...]
[2025-04-18T02:10:13.291+0000] {cursor.py:1041} INFO - query execution done
[2025-04-18T02:10:13.296+0000] {cursor.py:1028} INFO - query: [MERGE INTO MBTA_ALERTS AS target USING (SELECT '638007', 'Routes 9 and 10 will b...]
[2025-04-18T02:10:15.347+0000] {cursor.py:1041} INFO - query execution done
[2025-04-18T02:10:15.355+0000] {cursor.py:1028} INFO - query: [MERGE INTO MBTA_ALERTS AS target USING (SELECT '634508', 'On Saturday, April 5th...]
[2025-04-18T02:10:17.366+0000] {cursor.py:1041} INFO - query execution done
[2025-04-18T02:10:17.370+0000] {cursor.py:1028} INFO - query: [MERGE INTO MBTA_ALERTS AS target USING (SELECT '638414', 'Route 442 detoured out...]
[2025-04-18T02:10:19.257+0000] {cursor.py:1041} INFO - query execution done
[2025-04-18T02:10:19.263+0000] {cursor.py:1028} INFO - query: [MERGE INTO MBTA_ALERTS AS target USING (SELECT '638542', 'Silver Line - SL3 is e...]
[2025-04-18T02:10:21.031+0000] {cursor.py:1041} INFO - query execution done
[2025-04-18T02:10:21.038+0000] {cursor.py:1028} INFO - query: [MERGE INTO MBTA_ALERTS AS target USING (SELECT '638004', 'Route 8 service will t...]
[2025-04-18T02:10:22.723+0000] {cursor.py:1041} INFO - query execution done
[2025-04-18T02:10:22.727+0000] {cursor.py:1028} INFO - query: [MERGE INTO MBTA_ALERTS AS target USING (SELECT '638584', 'Ashmont Elevator 969 (...]
[2025-04-18T02:10:24.315+0000] {cursor.py:1041} INFO - query execution done
[2025-04-18T02:10:24.321+0000] {cursor.py:1028} INFO - query: [MERGE INTO MBTA_ALERTS AS target USING (SELECT '490115', 'Andrew Escalator 123 (...]
[2025-04-18T02:10:26.460+0000] {cursor.py:1041} INFO - query execution done
[2025-04-18T02:10:26.465+0000] {cursor.py:1028} INFO - query: [MERGE INTO MBTA_ALERTS AS target USING (SELECT '490115', 'Andrew Escalator 123 (...]
[2025-04-18T02:10:28.379+0000] {cursor.py:1041} INFO - query execution done
[2025-04-18T02:10:28.385+0000] {cursor.py:1028} INFO - query: [MERGE INTO MBTA_ALERTS AS target USING (SELECT '490115', 'Andrew Escalator 123 (...]
[2025-04-18T02:10:29.991+0000] {cursor.py:1041} INFO - query execution done
[2025-04-18T02:10:29.993+0000] {cursor.py:1028} INFO - query: [MERGE INTO MBTA_ALERTS AS target USING (SELECT '490115', 'Andrew Escalator 123 (...]
[2025-04-18T02:10:31.834+0000] {cursor.py:1041} INFO - query execution done
[2025-04-18T02:10:31.841+0000] {cursor.py:1028} INFO - query: [MERGE INTO MBTA_ALERTS AS target USING (SELECT '490115', 'Andrew Escalator 123 (...]
[2025-04-18T02:10:33.528+0000] {cursor.py:1041} INFO - query execution done
[2025-04-18T02:10:33.532+0000] {cursor.py:1028} INFO - query: [MERGE INTO MBTA_ALERTS AS target USING (SELECT '490115', 'Andrew Escalator 123 (...]
[2025-04-18T02:10:35.316+0000] {cursor.py:1041} INFO - query execution done
[2025-04-18T02:10:35.317+0000] {cursor.py:1028} INFO - query: [MERGE INTO MBTA_ALERTS AS target USING (SELECT '490115', 'Andrew Escalator 123 (...]
[2025-04-18T02:10:37.069+0000] {cursor.py:1041} INFO - query execution done
[2025-04-18T02:10:37.071+0000] {cursor.py:1028} INFO - query: [MERGE INTO MBTA_ALERTS AS target USING (SELECT '490115', 'Andrew Escalator 123 (...]
[2025-04-18T02:10:38.650+0000] {cursor.py:1041} INFO - query execution done
[2025-04-18T02:10:38.651+0000] {cursor.py:1028} INFO - query: [MERGE INTO MBTA_ALERTS AS target USING (SELECT '490115', 'Andrew Escalator 123 (...]
[2025-04-18T02:10:40.529+0000] {cursor.py:1041} INFO - query execution done
[2025-04-18T02:10:40.535+0000] {cursor.py:1028} INFO - query: [MERGE INTO MBTA_ALERTS AS target USING (SELECT '490115', 'Andrew Escalator 123 (...]
[2025-04-18T02:10:42.190+0000] {cursor.py:1041} INFO - query execution done
[2025-04-18T02:10:42.196+0000] {cursor.py:1028} INFO - query: [MERGE INTO MBTA_ALERTS AS target USING (SELECT '490115', 'Andrew Escalator 123 (...]
[2025-04-18T02:10:44.159+0000] {cursor.py:1041} INFO - query execution done
[2025-04-18T02:10:44.162+0000] {cursor.py:1028} INFO - query: [MERGE INTO MBTA_ALERTS AS target USING (SELECT '490115', 'Andrew Escalator 123 (...]
[2025-04-18T02:10:46.119+0000] {cursor.py:1041} INFO - query execution done
[2025-04-18T02:10:46.121+0000] {cursor.py:1028} INFO - query: [MERGE INTO MBTA_ALERTS AS target USING (SELECT '490115', 'Andrew Escalator 123 (...]
[2025-04-18T02:10:47.730+0000] {cursor.py:1041} INFO - query execution done
[2025-04-18T02:10:47.731+0000] {cursor.py:1028} INFO - query: [MERGE INTO MBTA_ALERTS AS target USING (SELECT '490115', 'Andrew Escalator 123 (...]
[2025-04-18T02:10:49.099+0000] {cursor.py:1041} INFO - query execution done
[2025-04-18T02:10:49.100+0000] {cursor.py:1028} INFO - query: [MERGE INTO MBTA_ALERTS AS target USING (SELECT '490115', 'Andrew Escalator 123 (...]
[2025-04-18T02:10:50.813+0000] {cursor.py:1041} INFO - query execution done
[2025-04-18T02:10:50.814+0000] {cursor.py:1028} INFO - query: [MERGE INTO MBTA_ALERTS AS target USING (SELECT '490115', 'Andrew Escalator 123 (...]
[2025-04-18T02:10:52.564+0000] {cursor.py:1041} INFO - query execution done
[2025-04-18T02:10:52.568+0000] {cursor.py:1028} INFO - query: [MERGE INTO MBTA_ALERTS AS target USING (SELECT '490115', 'Andrew Escalator 123 (...]
[2025-04-18T02:10:54.373+0000] {cursor.py:1041} INFO - query execution done
[2025-04-18T02:10:54.374+0000] {cursor.py:1028} INFO - query: [MERGE INTO MBTA_ALERTS AS target USING (SELECT '490115', 'Andrew Escalator 123 (...]
[2025-04-18T02:10:56.097+0000] {cursor.py:1041} INFO - query execution done
[2025-04-18T02:10:56.099+0000] {cursor.py:1028} INFO - query: [MERGE INTO MBTA_ALERTS AS target USING (SELECT '636891', 'Beginning Tuesday, 4/1...]
[2025-04-18T02:10:57.868+0000] {cursor.py:1041} INFO - query execution done
[2025-04-18T02:10:57.870+0000] {cursor.py:1028} INFO - query: [MERGE INTO MBTA_ALERTS AS target USING (SELECT '638605', 'Route 32 is experienci...]
[2025-04-18T02:10:59.428+0000] {cursor.py:1041} INFO - query execution done
[2025-04-18T02:10:59.430+0000] {cursor.py:1028} INFO - query: [MERGE INTO MBTA_ALERTS AS target USING (SELECT '633654', 'Starting at 5:00 pm on...]
[2025-04-18T02:11:01.190+0000] {cursor.py:1041} INFO - query execution done
[2025-04-18T02:11:01.192+0000] {cursor.py:1028} INFO - query: [MERGE INTO MBTA_ALERTS AS target USING (SELECT '638364', 'The following stop is ...]
[2025-04-18T02:11:03.509+0000] {cursor.py:1041} INFO - query execution done
[2025-04-18T02:11:03.515+0000] {cursor.py:1028} INFO - query: [MERGE INTO MBTA_ALERTS AS target USING (SELECT '638447', 'Route 9 is experiencin...]
[2025-04-18T02:11:05.454+0000] {cursor.py:1041} INFO - query execution done
[2025-04-18T02:11:05.460+0000] {cursor.py:1028} INFO - query: [MERGE INTO MBTA_ALERTS AS target USING (SELECT '638502', 'Route 11 is experienci...]
[2025-04-18T02:11:07.433+0000] {cursor.py:1041} INFO - query execution done
[2025-04-18T02:11:07.435+0000] {cursor.py:1028} INFO - query: [MERGE INTO MBTA_ALERTS AS target USING (SELECT '638607', 'Red Line: Delays of ab...]
[2025-04-18T02:11:09.479+0000] {cursor.py:1041} INFO - query execution done
[2025-04-18T02:11:09.483+0000] {cursor.py:1028} INFO - query: [MERGE INTO MBTA_ALERTS AS target USING (SELECT '638592', 'CT2 is experiencing de...]
[2025-04-18T02:11:11.569+0000] {cursor.py:1041} INFO - query execution done
[2025-04-18T02:11:11.576+0000] {cursor.py:1028} INFO - query: [MERGE INTO MBTA_ALERTS AS target USING (SELECT '625657', 'Route 426 outbound is ...]
[2025-04-18T02:11:13.369+0000] {cursor.py:1041} INFO - query execution done
[2025-04-18T02:11:13.494+0000] {cursor.py:1028} INFO - query: [MERGE INTO MBTA_ALERTS AS target USING (SELECT '625657', 'Route 426 outbound is ...]
[2025-04-18T02:11:15.230+0000] {cursor.py:1041} INFO - query execution done
[2025-04-18T02:11:15.231+0000] {cursor.py:1028} INFO - query: [MERGE INTO MBTA_ALERTS AS target USING (SELECT '625657', 'Route 426 outbound is ...]
[2025-04-18T02:11:17.306+0000] {cursor.py:1041} INFO - query execution done
[2025-04-18T02:11:17.309+0000] {cursor.py:1028} INFO - query: [MERGE INTO MBTA_ALERTS AS target USING (SELECT '625657', 'Route 426 outbound is ...]
[2025-04-18T02:11:18.974+0000] {cursor.py:1041} INFO - query execution done
[2025-04-18T02:11:18.979+0000] {cursor.py:1028} INFO - query: [MERGE INTO MBTA_ALERTS AS target USING (SELECT '625657', 'Route 426 outbound is ...]
[2025-04-18T02:11:20.887+0000] {cursor.py:1041} INFO - query execution done
[2025-04-18T02:11:20.895+0000] {cursor.py:1028} INFO - query: [MERGE INTO MBTA_ALERTS AS target USING (SELECT '625657', 'Route 426 outbound is ...]
[2025-04-18T02:11:22.732+0000] {cursor.py:1041} INFO - query execution done
[2025-04-18T02:11:22.733+0000] {cursor.py:1028} INFO - query: [MERGE INTO MBTA_ALERTS AS target USING (SELECT '625657', 'Route 426 outbound is ...]
[2025-04-18T02:11:24.748+0000] {cursor.py:1041} INFO - query execution done
[2025-04-18T02:11:24.752+0000] {cursor.py:1028} INFO - query: [MERGE INTO MBTA_ALERTS AS target USING (SELECT '625657', 'Route 426 outbound is ...]
[2025-04-18T02:11:26.493+0000] {cursor.py:1041} INFO - query execution done
[2025-04-18T02:11:26.502+0000] {cursor.py:1028} INFO - query: [MERGE INTO MBTA_ALERTS AS target USING (SELECT '625657', 'Route 426 outbound is ...]
[2025-04-18T02:11:28.377+0000] {cursor.py:1041} INFO - query execution done
[2025-04-18T02:11:28.383+0000] {cursor.py:1028} INFO - query: [MERGE INTO MBTA_ALERTS AS target USING (SELECT '625657', 'Route 426 outbound is ...]
[2025-04-18T02:11:30.261+0000] {cursor.py:1041} INFO - query execution done
[2025-04-18T02:11:30.270+0000] {cursor.py:1028} INFO - query: [MERGE INTO MBTA_ALERTS AS target USING (SELECT '625657', 'Route 426 outbound is ...]
[2025-04-18T02:11:32.096+0000] {cursor.py:1041} INFO - query execution done
[2025-04-18T02:11:32.099+0000] {cursor.py:1028} INFO - query: [MERGE INTO MBTA_ALERTS AS target USING (SELECT '625657', 'Route 426 outbound is ...]
[2025-04-18T02:11:33.706+0000] {cursor.py:1041} INFO - query execution done
[2025-04-18T02:11:33.707+0000] {cursor.py:1028} INFO - query: [MERGE INTO MBTA_ALERTS AS target USING (SELECT '625657', 'Route 426 outbound is ...]
[2025-04-18T02:11:35.494+0000] {cursor.py:1041} INFO - query execution done
[2025-04-18T02:11:35.494+0000] {cursor.py:1028} INFO - query: [MERGE INTO MBTA_ALERTS AS target USING (SELECT '625657', 'Route 426 outbound is ...]
[2025-04-18T02:11:37.233+0000] {cursor.py:1041} INFO - query execution done
[2025-04-18T02:11:37.236+0000] {cursor.py:1028} INFO - query: [MERGE INTO MBTA_ALERTS AS target USING (SELECT '625657', 'Route 426 outbound is ...]
[2025-04-18T02:11:38.988+0000] {cursor.py:1041} INFO - query execution done
[2025-04-18T02:11:38.991+0000] {cursor.py:1028} INFO - query: [MERGE INTO MBTA_ALERTS AS target USING (SELECT '625657', 'Route 426 outbound is ...]
[2025-04-18T02:11:41.546+0000] {cursor.py:1041} INFO - query execution done
[2025-04-18T02:11:41.547+0000] {cursor.py:1028} INFO - query: [MERGE INTO MBTA_ALERTS AS target USING (SELECT '625657', 'Route 426 outbound is ...]
[2025-04-18T02:11:43.626+0000] {cursor.py:1041} INFO - query execution done
[2025-04-18T02:11:43.628+0000] {cursor.py:1028} INFO - query: [MERGE INTO MBTA_ALERTS AS target USING (SELECT '625657', 'Route 426 outbound is ...]
[2025-04-18T02:11:45.339+0000] {cursor.py:1041} INFO - query execution done
[2025-04-18T02:11:45.343+0000] {cursor.py:1028} INFO - query: [MERGE INTO MBTA_ALERTS AS target USING (SELECT '636892', 'Effective Tuesday, Apr...]
[2025-04-18T02:11:47.522+0000] {cursor.py:1041} INFO - query execution done
[2025-04-18T02:11:47.526+0000] {cursor.py:1028} INFO - query: [MERGE INTO MBTA_ALERTS AS target USING (SELECT '638499', 'Route 15 is experienci...]
[2025-04-18T02:11:49.321+0000] {cursor.py:1041} INFO - query execution done
[2025-04-18T02:11:49.323+0000] {cursor.py:1028} INFO - query: [MERGE INTO MBTA_ALERTS AS target USING (SELECT '633650', 'On Saturday, April 19t...]
[2025-04-18T02:11:51.241+0000] {cursor.py:1041} INFO - query execution done
[2025-04-18T02:11:51.243+0000] {cursor.py:1028} INFO - query: [MERGE INTO MBTA_ALERTS AS target USING (SELECT '631806', 'Red Line Ashmont Branc...]
[2025-04-18T02:11:53.186+0000] {cursor.py:1041} INFO - query execution done
[2025-04-18T02:11:53.190+0000] {cursor.py:1028} INFO - query: [MERGE INTO MBTA_ALERTS AS target USING (SELECT '631806', 'Red Line Ashmont Branc...]
[2025-04-18T02:11:55.043+0000] {cursor.py:1041} INFO - query execution done
[2025-04-18T02:11:55.044+0000] {cursor.py:1028} INFO - query: [MERGE INTO MBTA_ALERTS AS target USING (SELECT '631806', 'Red Line Ashmont Branc...]
[2025-04-18T02:11:56.766+0000] {cursor.py:1041} INFO - query execution done
[2025-04-18T02:11:56.770+0000] {cursor.py:1028} INFO - query: [MERGE INTO MBTA_ALERTS AS target USING (SELECT '631806', 'Red Line Ashmont Branc...]
[2025-04-18T02:11:58.564+0000] {cursor.py:1041} INFO - query execution done
[2025-04-18T02:11:58.564+0000] {cursor.py:1028} INFO - query: [MERGE INTO MBTA_ALERTS AS target USING (SELECT '631806', 'Red Line Ashmont Branc...]
[2025-04-18T02:12:00.351+0000] {cursor.py:1041} INFO - query execution done
[2025-04-18T02:12:00.354+0000] {cursor.py:1028} INFO - query: [MERGE INTO MBTA_ALERTS AS target USING (SELECT '631806', 'Red Line Ashmont Branc...]
[2025-04-18T02:12:01.991+0000] {cursor.py:1041} INFO - query execution done
[2025-04-18T02:12:01.993+0000] {cursor.py:1028} INFO - query: [MERGE INTO MBTA_ALERTS AS target USING (SELECT '631806', 'Red Line Ashmont Branc...]
[2025-04-18T02:12:03.888+0000] {cursor.py:1041} INFO - query execution done
[2025-04-18T02:12:03.893+0000] {cursor.py:1028} INFO - query: [MERGE INTO MBTA_ALERTS AS target USING (SELECT '631806', 'Red Line Ashmont Branc...]
[2025-04-18T02:12:05.690+0000] {cursor.py:1041} INFO - query execution done
[2025-04-18T02:12:05.692+0000] {cursor.py:1028} INFO - query: [MERGE INTO MBTA_ALERTS AS target USING (SELECT '631806', 'Red Line Ashmont Branc...]
[2025-04-18T02:12:08.035+0000] {cursor.py:1041} INFO - query execution done
[2025-04-18T02:12:08.037+0000] {cursor.py:1028} INFO - query: [MERGE INTO MBTA_ALERTS AS target USING (SELECT '631806', 'Red Line Ashmont Branc...]
[2025-04-18T02:12:09.794+0000] {cursor.py:1041} INFO - query execution done
[2025-04-18T02:12:09.795+0000] {cursor.py:1028} INFO - query: [MERGE INTO MBTA_ALERTS AS target USING (SELECT '631806', 'Red Line Ashmont Branc...]
[2025-04-18T02:12:11.847+0000] {cursor.py:1041} INFO - query execution done
[2025-04-18T02:12:11.849+0000] {cursor.py:1028} INFO - query: [MERGE INTO MBTA_ALERTS AS target USING (SELECT '631806', 'Red Line Ashmont Branc...]
[2025-04-18T02:12:13.742+0000] {cursor.py:1041} INFO - query execution done
[2025-04-18T02:12:13.744+0000] {cursor.py:1028} INFO - query: [MERGE INTO MBTA_ALERTS AS target USING (SELECT '631806', 'Red Line Ashmont Branc...]
[2025-04-18T02:12:15.392+0000] {cursor.py:1041} INFO - query execution done
[2025-04-18T02:12:15.393+0000] {cursor.py:1028} INFO - query: [MERGE INTO MBTA_ALERTS AS target USING (SELECT '631806', 'Red Line Ashmont Branc...]
[2025-04-18T02:12:17.242+0000] {cursor.py:1041} INFO - query execution done
[2025-04-18T02:12:17.244+0000] {cursor.py:1028} INFO - query: [MERGE INTO MBTA_ALERTS AS target USING (SELECT '631806', 'Red Line Ashmont Branc...]
[2025-04-18T02:12:19.152+0000] {cursor.py:1041} INFO - query execution done
[2025-04-18T02:12:19.154+0000] {cursor.py:1028} INFO - query: [MERGE INTO MBTA_ALERTS AS target USING (SELECT '631806', 'Red Line Ashmont Branc...]
[2025-04-18T02:12:21.142+0000] {cursor.py:1041} INFO - query execution done
[2025-04-18T02:12:21.144+0000] {cursor.py:1028} INFO - query: [MERGE INTO MBTA_ALERTS AS target USING (SELECT '631806', 'Red Line Ashmont Branc...]
[2025-04-18T02:12:22.913+0000] {cursor.py:1041} INFO - query execution done
[2025-04-18T02:12:22.915+0000] {cursor.py:1028} INFO - query: [MERGE INTO MBTA_ALERTS AS target USING (SELECT '631806', 'Red Line Ashmont Branc...]
[2025-04-18T02:12:24.743+0000] {cursor.py:1041} INFO - query execution done
[2025-04-18T02:12:24.744+0000] {cursor.py:1028} INFO - query: [MERGE INTO MBTA_ALERTS AS target USING (SELECT '629423', 'Winthrop/Quincy Ferry ...]
[2025-04-18T02:12:26.377+0000] {cursor.py:1041} INFO - query execution done
[2025-04-18T02:12:26.378+0000] {cursor.py:1028} INFO - query: [MERGE INTO MBTA_ALERTS AS target USING (SELECT '629423', 'Winthrop/Quincy Ferry ...]
[2025-04-18T02:12:28.252+0000] {cursor.py:1041} INFO - query execution done
[2025-04-18T02:12:28.258+0000] {cursor.py:1028} INFO - query: [MERGE INTO MBTA_ALERTS AS target USING (SELECT '629423', 'Winthrop/Quincy Ferry ...]
[2025-04-18T02:12:29.953+0000] {cursor.py:1041} INFO - query execution done
[2025-04-18T02:12:29.955+0000] {cursor.py:1028} INFO - query: [MERGE INTO MBTA_ALERTS AS target USING (SELECT '629423', 'Winthrop/Quincy Ferry ...]
[2025-04-18T02:12:31.917+0000] {cursor.py:1041} INFO - query execution done
[2025-04-18T02:12:31.917+0000] {cursor.py:1028} INFO - query: [MERGE INTO MBTA_ALERTS AS target USING (SELECT '629423', 'Winthrop/Quincy Ferry ...]
[2025-04-18T02:12:33.786+0000] {cursor.py:1041} INFO - query execution done
[2025-04-18T02:12:33.796+0000] {cursor.py:1028} INFO - query: [MERGE INTO MBTA_ALERTS AS target USING (SELECT '629423', 'Winthrop/Quincy Ferry ...]
[2025-04-18T02:12:35.521+0000] {cursor.py:1041} INFO - query execution done
[2025-04-18T02:12:35.523+0000] {cursor.py:1028} INFO - query: [MERGE INTO MBTA_ALERTS AS target USING (SELECT '629423', 'Winthrop/Quincy Ferry ...]
[2025-04-18T02:12:37.846+0000] {cursor.py:1041} INFO - query execution done
[2025-04-18T02:12:37.848+0000] {cursor.py:1028} INFO - query: [MERGE INTO MBTA_ALERTS AS target USING (SELECT '629423', 'Winthrop/Quincy Ferry ...]
[2025-04-18T02:12:39.604+0000] {cursor.py:1041} INFO - query execution done
[2025-04-18T02:12:39.606+0000] {cursor.py:1028} INFO - query: [MERGE INTO MBTA_ALERTS AS target USING (SELECT '629423', 'Winthrop/Quincy Ferry ...]
[2025-04-18T02:12:41.945+0000] {cursor.py:1041} INFO - query execution done
[2025-04-18T02:12:41.947+0000] {cursor.py:1028} INFO - query: [MERGE INTO MBTA_ALERTS AS target USING (SELECT '629423', 'Winthrop/Quincy Ferry ...]
[2025-04-18T02:12:43.817+0000] {cursor.py:1041} INFO - query execution done
[2025-04-18T02:12:43.819+0000] {cursor.py:1028} INFO - query: [MERGE INTO MBTA_ALERTS AS target USING (SELECT '629423', 'Winthrop/Quincy Ferry ...]
[2025-04-18T02:12:45.467+0000] {cursor.py:1041} INFO - query execution done
[2025-04-18T02:12:45.468+0000] {cursor.py:1028} INFO - query: [MERGE INTO MBTA_ALERTS AS target USING (SELECT '629423', 'Winthrop/Quincy Ferry ...]
[2025-04-18T02:12:47.264+0000] {cursor.py:1041} INFO - query execution done
[2025-04-18T02:12:47.266+0000] {cursor.py:1028} INFO - query: [MERGE INTO MBTA_ALERTS AS target USING (SELECT '629423', 'Winthrop/Quincy Ferry ...]
[2025-04-18T02:12:48.886+0000] {cursor.py:1041} INFO - query execution done
[2025-04-18T02:12:48.887+0000] {cursor.py:1028} INFO - query: [MERGE INTO MBTA_ALERTS AS target USING (SELECT '629423', 'Winthrop/Quincy Ferry ...]
[2025-04-18T02:12:50.563+0000] {cursor.py:1041} INFO - query execution done
[2025-04-18T02:12:50.565+0000] {cursor.py:1028} INFO - query: [MERGE INTO MBTA_ALERTS AS target USING (SELECT '629423', 'Winthrop/Quincy Ferry ...]
[2025-04-18T02:12:52.286+0000] {cursor.py:1041} INFO - query execution done
[2025-04-18T02:12:52.288+0000] {cursor.py:1028} INFO - query: [MERGE INTO MBTA_ALERTS AS target USING (SELECT '629423', 'Winthrop/Quincy Ferry ...]
[2025-04-18T02:12:53.928+0000] {cursor.py:1041} INFO - query execution done
[2025-04-18T02:12:53.929+0000] {cursor.py:1028} INFO - query: [MERGE INTO MBTA_ALERTS AS target USING (SELECT '629423', 'Winthrop/Quincy Ferry ...]
[2025-04-18T02:12:55.827+0000] {cursor.py:1041} INFO - query execution done
[2025-04-18T02:12:55.829+0000] {cursor.py:1028} INFO - query: [MERGE INTO MBTA_ALERTS AS target USING (SELECT '629423', 'Winthrop/Quincy Ferry ...]
[2025-04-18T02:12:57.581+0000] {cursor.py:1041} INFO - query execution done
[2025-04-18T02:12:57.582+0000] {cursor.py:1028} INFO - query: [MERGE INTO MBTA_ALERTS AS target USING (SELECT '638490', 'Route 41 is experienci...]
[2025-04-18T02:12:59.257+0000] {cursor.py:1041} INFO - query execution done
[2025-04-18T02:12:59.267+0000] {cursor.py:1028} INFO - query: [MERGE INTO MBTA_ALERTS AS target USING (SELECT '638538', 'Route 22 is experienci...]
[2025-04-18T02:13:00.994+0000] {cursor.py:1041} INFO - query execution done
[2025-04-18T02:13:00.997+0000] {cursor.py:1028} INFO - query: [MERGE INTO MBTA_ALERTS AS target USING (SELECT '635744', 'Shuttle Buses replace ...]
[2025-04-18T02:13:02.569+0000] {cursor.py:1041} INFO - query execution done
[2025-04-18T02:13:02.571+0000] {cursor.py:1028} INFO - query: [MERGE INTO MBTA_ALERTS AS target USING (SELECT '637990', 'Route 57 will be rerou...]
[2025-04-18T02:13:04.420+0000] {cursor.py:1041} INFO - query execution done
[2025-04-18T02:13:04.429+0000] {cursor.py:1028} INFO - query: [MERGE INTO MBTA_ALERTS AS target USING (SELECT '638531', 'Route 65 is experienci...]
[2025-04-18T02:13:05.753+0000] {cursor.py:1041} INFO - query execution done
[2025-04-18T02:13:05.758+0000] {cursor.py:1028} INFO - query: [MERGE INTO MBTA_ALERTS AS target USING (SELECT '638590', 'Please board Worcester...]
[2025-04-18T02:13:06.941+0000] {cursor.py:1041} INFO - query execution done
[2025-04-18T02:13:06.945+0000] {cursor.py:1028} INFO - query: [MERGE INTO MBTA_ALERTS AS target USING (SELECT '638516', 'Red Line Ashmont Branc...]
[2025-04-18T02:13:08.470+0000] {cursor.py:1041} INFO - query execution done
[2025-04-18T02:13:08.472+0000] {cursor.py:1028} INFO - query: [MERGE INTO MBTA_ALERTS AS target USING (SELECT '638518', 'Silver Line - SL1 is e...]
[2025-04-18T02:13:10.312+0000] {cursor.py:1041} INFO - query execution done
[2025-04-18T02:13:10.314+0000] {cursor.py:1028} INFO - query: [MERGE INTO MBTA_ALERTS AS target USING (SELECT '637994', 'Route 55 service will ...]
[2025-04-18T02:13:11.902+0000] {cursor.py:1041} INFO - query execution done
[2025-04-18T02:13:11.927+0000] {cursor.py:1028} INFO - query: [MERGE INTO MBTA_ALERTS AS target USING (SELECT '638001', 'Route 19 service will ...]
[2025-04-18T02:13:13.091+0000] {cursor.py:1041} INFO - query execution done
[2025-04-18T02:13:13.092+0000] {cursor.py:1028} INFO - query: [MERGE INTO MBTA_ALERTS AS target USING (SELECT '638552', 'Route 109 is experienc...]
[2025-04-18T02:13:14.451+0000] {cursor.py:1041} INFO - query execution done
[2025-04-18T02:13:14.459+0000] {cursor.py:1028} INFO - query: [MERGE INTO MBTA_ALERTS AS target USING (SELECT '635231', 'South Station Pedal & ...]
[2025-04-18T02:13:15.406+0000] {cursor.py:1041} INFO - query execution done
[2025-04-18T02:13:15.408+0000] {cursor.py:1028} INFO - query: [MERGE INTO MBTA_ALERTS AS target USING (SELECT '638608', 'Lowell Line Train 381 ...]
[2025-04-18T02:13:16.624+0000] {cursor.py:1041} INFO - query execution done
[2025-04-18T02:13:16.625+0000] {cursor.py:1028} INFO - query: [MERGE INTO MBTA_ALERTS AS target USING (SELECT '638570', 'Route 62 is experienci...]
[2025-04-18T02:13:18.112+0000] {cursor.py:1041} INFO - query execution done
[2025-04-18T02:13:18.118+0000] {cursor.py:1028} INFO - query: [MERGE INTO MBTA_ALERTS AS target USING (SELECT '390224', 'Courthouse Escalator 4...]
[2025-04-18T02:13:19.554+0000] {cursor.py:1041} INFO - query execution done
[2025-04-18T02:13:19.555+0000] {cursor.py:1028} INFO - query: [MERGE INTO MBTA_ALERTS AS target USING (SELECT '390224', 'Courthouse Escalator 4...]
[2025-04-18T02:13:21.252+0000] {cursor.py:1041} INFO - query execution done
[2025-04-18T02:13:21.262+0000] {cursor.py:1028} INFO - query: [MERGE INTO MBTA_ALERTS AS target USING (SELECT '390224', 'Courthouse Escalator 4...]
[2025-04-18T02:13:22.526+0000] {cursor.py:1041} INFO - query execution done
[2025-04-18T02:13:22.529+0000] {cursor.py:1028} INFO - query: [MERGE INTO MBTA_ALERTS AS target USING (SELECT '390224', 'Courthouse Escalator 4...]
[2025-04-18T02:13:24.080+0000] {cursor.py:1041} INFO - query execution done
[2025-04-18T02:13:24.085+0000] {cursor.py:1028} INFO - query: [MERGE INTO MBTA_ALERTS AS target USING (SELECT '390224', 'Courthouse Escalator 4...]
[2025-04-18T02:13:25.450+0000] {cursor.py:1041} INFO - query execution done
[2025-04-18T02:13:25.451+0000] {cursor.py:1028} INFO - query: [MERGE INTO MBTA_ALERTS AS target USING (SELECT '390224', 'Courthouse Escalator 4...]
[2025-04-18T02:13:26.637+0000] {cursor.py:1041} INFO - query execution done
[2025-04-18T02:13:26.641+0000] {cursor.py:1028} INFO - query: [MERGE INTO MBTA_ALERTS AS target USING (SELECT '390224', 'Courthouse Escalator 4...]
[2025-04-18T02:13:28.144+0000] {cursor.py:1041} INFO - query execution done
[2025-04-18T02:13:28.153+0000] {cursor.py:1028} INFO - query: [MERGE INTO MBTA_ALERTS AS target USING (SELECT '390224', 'Courthouse Escalator 4...]
[2025-04-18T02:13:29.645+0000] {cursor.py:1041} INFO - query execution done
[2025-04-18T02:13:29.647+0000] {cursor.py:1028} INFO - query: [MERGE INTO MBTA_ALERTS AS target USING (SELECT '390224', 'Courthouse Escalator 4...]
[2025-04-18T02:13:31.007+0000] {cursor.py:1041} INFO - query execution done
[2025-04-18T02:13:31.012+0000] {cursor.py:1028} INFO - query: [MERGE INTO MBTA_ALERTS AS target USING (SELECT '390224', 'Courthouse Escalator 4...]
[2025-04-18T02:13:32.485+0000] {cursor.py:1041} INFO - query execution done
[2025-04-18T02:13:32.488+0000] {cursor.py:1028} INFO - query: [MERGE INTO MBTA_ALERTS AS target USING (SELECT '390224', 'Courthouse Escalator 4...]
[2025-04-18T02:13:33.842+0000] {cursor.py:1041} INFO - query execution done
[2025-04-18T02:13:33.846+0000] {cursor.py:1028} INFO - query: [MERGE INTO MBTA_ALERTS AS target USING (SELECT '390224', 'Courthouse Escalator 4...]
[2025-04-18T02:13:35.116+0000] {cursor.py:1041} INFO - query execution done
[2025-04-18T02:13:35.117+0000] {cursor.py:1028} INFO - query: [MERGE INTO MBTA_ALERTS AS target USING (SELECT '390224', 'Courthouse Escalator 4...]
[2025-04-18T02:13:36.369+0000] {cursor.py:1041} INFO - query execution done
[2025-04-18T02:13:36.380+0000] {cursor.py:1028} INFO - query: [MERGE INTO MBTA_ALERTS AS target USING (SELECT '390224', 'Courthouse Escalator 4...]
[2025-04-18T02:13:37.845+0000] {cursor.py:1041} INFO - query execution done
[2025-04-18T02:13:37.847+0000] {cursor.py:1028} INFO - query: [MERGE INTO MBTA_ALERTS AS target USING (SELECT '390224', 'Courthouse Escalator 4...]
[2025-04-18T02:13:39.196+0000] {cursor.py:1041} INFO - query execution done
[2025-04-18T02:13:39.202+0000] {cursor.py:1028} INFO - query: [MERGE INTO MBTA_ALERTS AS target USING (SELECT '390224', 'Courthouse Escalator 4...]
[2025-04-18T02:13:40.762+0000] {cursor.py:1041} INFO - query execution done
[2025-04-18T02:13:40.764+0000] {cursor.py:1028} INFO - query: [MERGE INTO MBTA_ALERTS AS target USING (SELECT '390224', 'Courthouse Escalator 4...]
[2025-04-18T02:13:42.167+0000] {cursor.py:1041} INFO - query execution done
[2025-04-18T02:13:42.171+0000] {cursor.py:1028} INFO - query: [MERGE INTO MBTA_ALERTS AS target USING (SELECT '390224', 'Courthouse Escalator 4...]
[2025-04-18T02:13:43.576+0000] {cursor.py:1041} INFO - query execution done
[2025-04-18T02:13:43.580+0000] {cursor.py:1028} INFO - query: [MERGE INTO MBTA_ALERTS AS target USING (SELECT '638520', 'Route 501 is experienc...]
[2025-04-18T02:13:45.039+0000] {cursor.py:1041} INFO - query execution done
[2025-04-18T02:13:45.043+0000] {cursor.py:1028} INFO - query: [MERGE INTO MBTA_ALERTS AS target USING (SELECT '629958', 'The outbound bus stop ...]
[2025-04-18T02:13:46.218+0000] {cursor.py:1041} INFO - query execution done
[2025-04-18T02:13:46.219+0000] {cursor.py:1028} INFO - query: [MERGE INTO MBTA_ALERTS AS target USING (SELECT '629958', 'The outbound bus stop ...]
[2025-04-18T02:13:47.737+0000] {cursor.py:1041} INFO - query execution done
[2025-04-18T02:13:47.738+0000] {cursor.py:1028} INFO - query: [MERGE INTO MBTA_ALERTS AS target USING (SELECT '629958', 'The outbound bus stop ...]
[2025-04-18T02:13:49.312+0000] {cursor.py:1041} INFO - query execution done
[2025-04-18T02:13:49.318+0000] {cursor.py:1028} INFO - query: [MERGE INTO MBTA_ALERTS AS target USING (SELECT '629958', 'The outbound bus stop ...]
[2025-04-18T02:13:50.749+0000] {cursor.py:1041} INFO - query execution done
[2025-04-18T02:13:50.751+0000] {cursor.py:1028} INFO - query: [MERGE INTO MBTA_ALERTS AS target USING (SELECT '629958', 'The outbound bus stop ...]
[2025-04-18T02:13:52.192+0000] {cursor.py:1041} INFO - query execution done
[2025-04-18T02:13:52.195+0000] {cursor.py:1028} INFO - query: [MERGE INTO MBTA_ALERTS AS target USING (SELECT '629958', 'The outbound bus stop ...]
[2025-04-18T02:13:53.568+0000] {cursor.py:1041} INFO - query execution done
[2025-04-18T02:13:53.583+0000] {cursor.py:1028} INFO - query: [MERGE INTO MBTA_ALERTS AS target USING (SELECT '629958', 'The outbound bus stop ...]
[2025-04-18T02:13:54.858+0000] {cursor.py:1041} INFO - query execution done
[2025-04-18T02:13:54.860+0000] {cursor.py:1028} INFO - query: [MERGE INTO MBTA_ALERTS AS target USING (SELECT '629958', 'The outbound bus stop ...]
[2025-04-18T02:13:56.432+0000] {cursor.py:1041} INFO - query execution done
[2025-04-18T02:13:56.440+0000] {cursor.py:1028} INFO - query: [MERGE INTO MBTA_ALERTS AS target USING (SELECT '629958', 'The outbound bus stop ...]
[2025-04-18T02:13:57.655+0000] {cursor.py:1041} INFO - query execution done
[2025-04-18T02:13:57.656+0000] {cursor.py:1028} INFO - query: [MERGE INTO MBTA_ALERTS AS target USING (SELECT '629958', 'The outbound bus stop ...]
[2025-04-18T02:13:59.102+0000] {cursor.py:1041} INFO - query execution done
[2025-04-18T02:13:59.104+0000] {cursor.py:1028} INFO - query: [MERGE INTO MBTA_ALERTS AS target USING (SELECT '629958', 'The outbound bus stop ...]
[2025-04-18T02:14:00.959+0000] {cursor.py:1041} INFO - query execution done
[2025-04-18T02:14:01.083+0000] {cursor.py:1028} INFO - query: [MERGE INTO MBTA_ALERTS AS target USING (SELECT '629958', 'The outbound bus stop ...]
[2025-04-18T02:14:02.252+0000] {cursor.py:1041} INFO - query execution done
[2025-04-18T02:14:02.255+0000] {cursor.py:1028} INFO - query: [MERGE INTO MBTA_ALERTS AS target USING (SELECT '629958', 'The outbound bus stop ...]
[2025-04-18T02:14:03.691+0000] {cursor.py:1041} INFO - query execution done
[2025-04-18T02:14:03.694+0000] {cursor.py:1028} INFO - query: [MERGE INTO MBTA_ALERTS AS target USING (SELECT '629958', 'The outbound bus stop ...]
[2025-04-18T02:14:05.146+0000] {cursor.py:1041} INFO - query execution done
[2025-04-18T02:14:05.156+0000] {cursor.py:1028} INFO - query: [MERGE INTO MBTA_ALERTS AS target USING (SELECT '629958', 'The outbound bus stop ...]
[2025-04-18T02:14:06.390+0000] {cursor.py:1041} INFO - query execution done
[2025-04-18T02:14:06.394+0000] {cursor.py:1028} INFO - query: [MERGE INTO MBTA_ALERTS AS target USING (SELECT '629958', 'The outbound bus stop ...]
[2025-04-18T02:14:07.705+0000] {cursor.py:1041} INFO - query execution done
[2025-04-18T02:14:07.713+0000] {cursor.py:1028} INFO - query: [MERGE INTO MBTA_ALERTS AS target USING (SELECT '629958', 'The outbound bus stop ...]
[2025-04-18T02:14:08.916+0000] {cursor.py:1041} INFO - query execution done
[2025-04-18T02:14:08.923+0000] {cursor.py:1028} INFO - query: [MERGE INTO MBTA_ALERTS AS target USING (SELECT '629958', 'The outbound bus stop ...]
[2025-04-18T02:14:10.653+0000] {cursor.py:1041} INFO - query execution done
[2025-04-18T02:14:10.664+0000] {cursor.py:1028} INFO - query: [MERGE INTO MBTA_ALERTS AS target USING (SELECT '634212', 'North Station Escalato...]
[2025-04-18T02:14:12.340+0000] {cursor.py:1041} INFO - query execution done
[2025-04-18T02:14:12.350+0000] {cursor.py:1028} INFO - query: [MERGE INTO MBTA_ALERTS AS target USING (SELECT '638610', 'Needham Line Train 683...]
[2025-04-18T02:14:13.853+0000] {cursor.py:1041} INFO - query execution done
[2025-04-18T02:14:13.854+0000] {cursor.py:1028} INFO - query: [MERGE INTO MBTA_ALERTS AS target USING (SELECT '636893', 'Beginning Sunday, 4/20...]
[2025-04-18T02:14:15.080+0000] {cursor.py:1041} INFO - query execution done
[2025-04-18T02:14:15.084+0000] {cursor.py:1028} INFO - query: [MERGE INTO MBTA_ALERTS AS target USING (SELECT '637732', 'Green Line B and C Bra...]
[2025-04-18T02:14:16.584+0000] {cursor.py:1041} INFO - query execution done
[2025-04-18T02:14:16.586+0000] {cursor.py:1028} INFO - query: [MERGE INTO MBTA_ALERTS AS target USING (SELECT '629427', 'Hingham/Hull Ferry not...]
[2025-04-18T02:14:17.939+0000] {cursor.py:1041} INFO - query execution done
[2025-04-18T02:14:17.940+0000] {cursor.py:1028} INFO - query: [MERGE INTO MBTA_ALERTS AS target USING (SELECT '629427', 'Hingham/Hull Ferry not...]
[2025-04-18T02:14:19.381+0000] {cursor.py:1041} INFO - query execution done
[2025-04-18T02:14:19.383+0000] {cursor.py:1028} INFO - query: [MERGE INTO MBTA_ALERTS AS target USING (SELECT '629427', 'Hingham/Hull Ferry not...]
[2025-04-18T02:14:20.676+0000] {cursor.py:1041} INFO - query execution done
[2025-04-18T02:14:20.677+0000] {cursor.py:1028} INFO - query: [MERGE INTO MBTA_ALERTS AS target USING (SELECT '629427', 'Hingham/Hull Ferry not...]
[2025-04-18T02:14:22.190+0000] {cursor.py:1041} INFO - query execution done
[2025-04-18T02:14:22.190+0000] {cursor.py:1028} INFO - query: [MERGE INTO MBTA_ALERTS AS target USING (SELECT '629427', 'Hingham/Hull Ferry not...]
[2025-04-18T02:14:23.511+0000] {cursor.py:1041} INFO - query execution done
[2025-04-18T02:14:23.514+0000] {cursor.py:1028} INFO - query: [MERGE INTO MBTA_ALERTS AS target USING (SELECT '629427', 'Hingham/Hull Ferry not...]
[2025-04-18T02:14:24.805+0000] {cursor.py:1041} INFO - query execution done
[2025-04-18T02:14:24.806+0000] {cursor.py:1028} INFO - query: [MERGE INTO MBTA_ALERTS AS target USING (SELECT '629427', 'Hingham/Hull Ferry not...]
[2025-04-18T02:14:26.349+0000] {cursor.py:1041} INFO - query execution done
[2025-04-18T02:14:26.356+0000] {cursor.py:1028} INFO - query: [MERGE INTO MBTA_ALERTS AS target USING (SELECT '629427', 'Hingham/Hull Ferry not...]
[2025-04-18T02:14:27.733+0000] {cursor.py:1041} INFO - query execution done
[2025-04-18T02:14:27.736+0000] {cursor.py:1028} INFO - query: [MERGE INTO MBTA_ALERTS AS target USING (SELECT '629427', 'Hingham/Hull Ferry not...]
[2025-04-18T02:14:29.108+0000] {cursor.py:1041} INFO - query execution done
[2025-04-18T02:14:29.116+0000] {cursor.py:1028} INFO - query: [MERGE INTO MBTA_ALERTS AS target USING (SELECT '629427', 'Hingham/Hull Ferry not...]
[2025-04-18T02:14:30.315+0000] {cursor.py:1041} INFO - query execution done
[2025-04-18T02:14:30.317+0000] {cursor.py:1028} INFO - query: [MERGE INTO MBTA_ALERTS AS target USING (SELECT '629427', 'Hingham/Hull Ferry not...]
[2025-04-18T02:14:31.719+0000] {cursor.py:1041} INFO - query execution done
[2025-04-18T02:14:31.721+0000] {cursor.py:1028} INFO - query: [MERGE INTO MBTA_ALERTS AS target USING (SELECT '629427', 'Hingham/Hull Ferry not...]
[2025-04-18T02:14:33.049+0000] {cursor.py:1041} INFO - query execution done
[2025-04-18T02:14:33.051+0000] {cursor.py:1028} INFO - query: [MERGE INTO MBTA_ALERTS AS target USING (SELECT '629427', 'Hingham/Hull Ferry not...]
[2025-04-18T02:14:34.448+0000] {cursor.py:1041} INFO - query execution done
[2025-04-18T02:14:34.451+0000] {cursor.py:1028} INFO - query: [MERGE INTO MBTA_ALERTS AS target USING (SELECT '629427', 'Hingham/Hull Ferry not...]
[2025-04-18T02:14:35.730+0000] {cursor.py:1041} INFO - query execution done
[2025-04-18T02:14:35.734+0000] {cursor.py:1028} INFO - query: [MERGE INTO MBTA_ALERTS AS target USING (SELECT '629427', 'Hingham/Hull Ferry not...]
[2025-04-18T02:14:37.143+0000] {cursor.py:1041} INFO - query execution done
[2025-04-18T02:14:37.143+0000] {cursor.py:1028} INFO - query: [MERGE INTO MBTA_ALERTS AS target USING (SELECT '629427', 'Hingham/Hull Ferry not...]
[2025-04-18T02:14:38.566+0000] {cursor.py:1041} INFO - query execution done
[2025-04-18T02:14:38.567+0000] {cursor.py:1028} INFO - query: [MERGE INTO MBTA_ALERTS AS target USING (SELECT '629427', 'Hingham/Hull Ferry not...]
[2025-04-18T02:14:39.869+0000] {cursor.py:1041} INFO - query execution done
[2025-04-18T02:14:39.879+0000] {cursor.py:1028} INFO - query: [MERGE INTO MBTA_ALERTS AS target USING (SELECT '629427', 'Hingham/Hull Ferry not...]
[2025-04-18T02:14:41.258+0000] {cursor.py:1041} INFO - query execution done
[2025-04-18T02:14:41.260+0000] {cursor.py:1028} INFO - query: [MERGE INTO MBTA_ALERTS AS target USING (SELECT '630435', 'Assembly Escalator 442...]
[2025-04-18T02:14:42.769+0000] {cursor.py:1041} INFO - query execution done
[2025-04-18T02:14:42.771+0000] {cursor.py:1028} INFO - query: [MERGE INTO MBTA_ALERTS AS target USING (SELECT '630435', 'Assembly Escalator 442...]
[2025-04-18T02:14:44.186+0000] {cursor.py:1041} INFO - query execution done
[2025-04-18T02:14:44.194+0000] {cursor.py:1028} INFO - query: [MERGE INTO MBTA_ALERTS AS target USING (SELECT '630435', 'Assembly Escalator 442...]
[2025-04-18T02:14:45.526+0000] {cursor.py:1041} INFO - query execution done
[2025-04-18T02:14:45.528+0000] {cursor.py:1028} INFO - query: [MERGE INTO MBTA_ALERTS AS target USING (SELECT '630435', 'Assembly Escalator 442...]
[2025-04-18T02:14:46.979+0000] {cursor.py:1041} INFO - query execution done
[2025-04-18T02:14:46.983+0000] {cursor.py:1028} INFO - query: [MERGE INTO MBTA_ALERTS AS target USING (SELECT '630435', 'Assembly Escalator 442...]
[2025-04-18T02:14:48.255+0000] {cursor.py:1041} INFO - query execution done
[2025-04-18T02:14:48.255+0000] {cursor.py:1028} INFO - query: [MERGE INTO MBTA_ALERTS AS target USING (SELECT '630435', 'Assembly Escalator 442...]
[2025-04-18T02:14:49.602+0000] {cursor.py:1041} INFO - query execution done
[2025-04-18T02:14:49.604+0000] {cursor.py:1028} INFO - query: [MERGE INTO MBTA_ALERTS AS target USING (SELECT '630435', 'Assembly Escalator 442...]
[2025-04-18T02:14:50.510+0000] {local_task_job_runner.py:121} ERROR - Received SIGTERM. Terminating subprocesses
[2025-04-18T02:14:50.714+0000] {process_utils.py:131} INFO - Sending 15 to group 278. PIDs of all processes in the group: [278]
[2025-04-18T02:14:50.733+0000] {process_utils.py:86} INFO - Sending the signal 15 to group 278
[2025-04-18T02:14:50.746+0000] {taskinstance.py:2450} ERROR - Received SIGTERM. Terminating subprocesses.
[2025-04-18T02:14:50.858+0000] {mbta_kafka_consumer.py:212} ERROR - ❌ Error processing topic mbta_alerts: Task received SIGTERM signal
[2025-04-18T02:14:51.037+0000] {mbta_kafka_consumer.py:232} INFO - 📥 Received 120 records from topic: mbta_alerts
[2025-04-18T02:14:51.234+0000] {mbta_kafka_consumer.py:56} INFO - 🔍 Sample data for MBTA_ALERTS:
[2025-04-18T02:14:51.236+0000] {mbta_kafka_consumer.py:57} INFO - 
  ALERT_ID  ...                 CREATED_AT
0   638240  ...  2025-04-16T10:52:04-04:00
1   435698  ...  2022-03-15T10:13:31-04:00
2   634497  ...  2025-03-27T14:21:07-04:00
3   634495  ...  2025-03-27T14:18:44-04:00
4   416078  ...  2021-11-04T15:14:54-04:00

[5 rows x 6 columns]
[2025-04-18T02:14:51.295+0000] {cursor.py:1028} INFO - query: [SELECT * FROM MBTA_ALERTS WHERE ALERT_ID IN ('638240','435698','634497','634495'...]
[2025-04-18T02:14:52.264+0000] {cursor.py:1041} INFO - query execution done
[2025-04-18T02:14:52.275+0000] {cursor.py:1205} INFO - Number of results in first chunk: 274
[2025-04-18T02:14:52.961+0000] {mbta_kafka_consumer.py:104} INFO - 🔁 0 new/updated records out of 120 incoming records (some may be duplicate VEHICLE_IDs) for MBTA_ALERTS
[2025-04-18T02:14:52.964+0000] {mbta_kafka_consumer.py:107} INFO - ✅ All 120 records already up-to-date in MBTA_ALERTS, no merge needed.
[2025-04-18T02:14:52.967+0000] {mbta_kafka_consumer.py:232} INFO - 📥 Received 120 records from topic: mbta_alerts
[2025-04-18T02:14:52.982+0000] {mbta_kafka_consumer.py:56} INFO - 🔍 Sample data for MBTA_ALERTS:
[2025-04-18T02:14:52.984+0000] {mbta_kafka_consumer.py:57} INFO - 
  ALERT_ID  ...                 CREATED_AT
0   638240  ...  2025-04-16T10:52:04-04:00
1   435698  ...  2022-03-15T10:13:31-04:00
2   634497  ...  2025-03-27T14:21:07-04:00
3   634495  ...  2025-03-27T14:18:44-04:00
4   416078  ...  2021-11-04T15:14:54-04:00

[5 rows x 6 columns]
[2025-04-18T02:14:53.000+0000] {cursor.py:1028} INFO - query: [SELECT * FROM MBTA_ALERTS WHERE ALERT_ID IN ('638240','435698','634497','634495'...]
[2025-04-18T02:14:53.230+0000] {cursor.py:1041} INFO - query execution done
[2025-04-18T02:14:53.237+0000] {cursor.py:1205} INFO - Number of results in first chunk: 0
