[2025-04-25T03:17:58.213+0000] {taskinstance.py:1956} INFO - Dependencies all met for dep_context=non-requeueable deps ti=<TaskInstance: mbta_kafka_consumer_dag.run_kafka_consumer scheduled__2025-04-24T19:35:00+00:00 [queued]>
[2025-04-25T03:17:58.242+0000] {taskinstance.py:1956} INFO - Dependencies all met for dep_context=requeueable deps ti=<TaskInstance: mbta_kafka_consumer_dag.run_kafka_consumer scheduled__2025-04-24T19:35:00+00:00 [queued]>
[2025-04-25T03:17:58.247+0000] {taskinstance.py:2170} INFO - Starting attempt 2 of 2
[2025-04-25T03:17:58.360+0000] {taskinstance.py:2191} INFO - Executing <Task(PythonOperator): run_kafka_consumer> on 2025-04-24 19:35:00+00:00
[2025-04-25T03:17:58.392+0000] {standard_task_runner.py:60} INFO - Started process 234 to run task
[2025-04-25T03:17:58.405+0000] {standard_task_runner.py:87} INFO - Running: ['***', 'tasks', 'run', 'mbta_kafka_consumer_dag', 'run_kafka_consumer', 'scheduled__2025-04-24T19:35:00+00:00', '--job-id', '1206', '--raw', '--subdir', 'DAGS_FOLDER/mbta_kafka_consumer_dag.py', '--cfg-path', '/tmp/tmpl9q8co_y']
[2025-04-25T03:17:58.423+0000] {standard_task_runner.py:88} INFO - Job 1206: Subtask run_kafka_consumer
[2025-04-25T03:17:59.237+0000] {task_command.py:423} INFO - Running <TaskInstance: mbta_kafka_consumer_dag.run_kafka_consumer scheduled__2025-04-24T19:35:00+00:00 [running]> on host c31b9f80ebef
[2025-04-25T03:18:00.134+0000] {taskinstance.py:2480} INFO - Exporting env vars: AIRFLOW_CTX_DAG_OWNER='***' AIRFLOW_CTX_DAG_ID='mbta_kafka_consumer_dag' AIRFLOW_CTX_TASK_ID='run_kafka_consumer' AIRFLOW_CTX_EXECUTION_DATE='2025-04-24T19:35:00+00:00' AIRFLOW_CTX_TRY_NUMBER='2' AIRFLOW_CTX_DAG_RUN_ID='scheduled__2025-04-24T19:35:00+00:00'
[2025-04-25T03:18:00.168+0000] {connection.py:370} INFO - Snowflake Connector for Python Version: 3.6.0, Python Version: 3.9.18, Platform: Linux-6.10.14-linuxkit-aarch64-with-glibc2.36
[2025-04-25T03:18:00.172+0000] {connection.py:1171} INFO - This connection is in OCSP Fail Open Mode. TLS Certificates would be checked for validity and revocation status. Any other Certificate Revocation related exceptions or OCSP Responder failures would be disregarded in favor of connectivity.
[2025-04-25T03:18:01.975+0000] {mbta_kafka_consumer.py:52} INFO - ✅ Connected to Snowflake successfully.
[2025-04-25T03:18:01.978+0000] {mbta_kafka_consumer.py:266} INFO - 🚀 Starting MBTA Kafka Consumer...
[2025-04-25T03:18:02.015+0000] {conn.py:395} INFO - <BrokerConnection client_id=kafka-python-2.1.5, node_id=bootstrap-0 host=kafka:9092 <connecting> [IPv4 ('172.18.0.4', 9092)]>: connecting to kafka:9092 [('172.18.0.4', 9092) IPv4]
[2025-04-25T03:18:02.671+0000] {conn.py:615} INFO - <BrokerConnection client_id=kafka-python-2.1.5, node_id=bootstrap-0 host=kafka:9092 <checking_api_versions_recv> [IPv4 ('172.18.0.4', 9092)]>: Broker version identified as 2.6
[2025-04-25T03:18:02.687+0000] {conn.py:456} INFO - <BrokerConnection client_id=kafka-python-2.1.5, node_id=bootstrap-0 host=kafka:9092 <connected> [IPv4 ('172.18.0.4', 9092)]>: Connection complete.
[2025-04-25T03:18:02.721+0000] {consumer.py:119} WARNING - group_id is None: disabling auto-commit.
[2025-04-25T03:18:02.726+0000] {subscription_state.py:182} INFO - Updating subscribed topics to: ('mbta_alerts', 'mbta_routes', 'mbta_stops', 'mbta_vehicles', 'mbta_predictions', 'mbta_schedules', 'mbta_lines', 'mbta_facilities')
[2025-04-25T03:18:03.267+0000] {cluster.py:317} ERROR - Topic mbta_alerts not found in cluster metadata
[2025-04-25T03:18:03.270+0000] {cluster.py:317} ERROR - Topic mbta_facilities not found in cluster metadata
[2025-04-25T03:18:03.272+0000] {cluster.py:317} ERROR - Topic mbta_predictions not found in cluster metadata
[2025-04-25T03:18:03.274+0000] {cluster.py:317} ERROR - Topic mbta_schedules not found in cluster metadata
[2025-04-25T03:18:03.276+0000] {cluster.py:317} ERROR - Topic mbta_routes not found in cluster metadata
[2025-04-25T03:18:03.278+0000] {cluster.py:317} ERROR - Topic mbta_vehicles not found in cluster metadata
[2025-04-25T03:18:03.279+0000] {cluster.py:317} ERROR - Topic mbta_stops not found in cluster metadata
[2025-04-25T03:18:03.285+0000] {cluster.py:314} WARNING - Topic mbta_lines is not available during auto-create initialization
[2025-04-25T03:18:03.287+0000] {subscription_state.py:254} INFO - Updated partition assignment: []
[2025-04-25T03:18:32.745+0000] {conn.py:936} INFO - <BrokerConnection client_id=kafka-python-2.1.5, node_id=bootstrap-0 host=kafka:9092 <connected> [IPv4 ('172.18.0.4', 9092)]>: Closing connection. 
[2025-04-25T03:18:32.826+0000] {connection.py:718} INFO - closed
[2025-04-25T03:18:33.107+0000] {connection.py:724} INFO - No async queries seem to be running, deleting session
[2025-04-25T03:18:33.463+0000] {mbta_kafka_consumer.py:287} INFO - ✅ Snowflake Connection Closed.
[2025-04-25T03:18:33.507+0000] {python.py:201} INFO - Done. Returned value was: None
[2025-04-25T03:18:38.717+0000] {taskinstance.py:1138} INFO - Marking task as SUCCESS. dag_id=mbta_kafka_consumer_dag, task_id=run_kafka_consumer, execution_date=20250424T193500, start_date=20250425T031758, end_date=20250425T031838
