[2025-04-24T15:45:12.491+0000] {taskinstance.py:1956} INFO - Dependencies all met for dep_context=non-requeueable deps ti=<TaskInstance: mbta_ingestion_dag.load_to_snowflake scheduled__2025-04-24T03:20:00+00:00 [queued]>
[2025-04-24T15:45:12.500+0000] {taskinstance.py:1956} INFO - Dependencies all met for dep_context=requeueable deps ti=<TaskInstance: mbta_ingestion_dag.load_to_snowflake scheduled__2025-04-24T03:20:00+00:00 [queued]>
[2025-04-24T15:45:12.500+0000] {taskinstance.py:2170} INFO - Starting attempt 2 of 2
[2025-04-24T15:45:12.528+0000] {taskinstance.py:2191} INFO - Executing <Task(PythonOperator): load_to_snowflake> on 2025-04-24 03:20:00+00:00
[2025-04-24T15:45:12.544+0000] {standard_task_runner.py:60} INFO - Started process 198 to run task
[2025-04-24T15:45:12.551+0000] {standard_task_runner.py:87} INFO - Running: ['***', 'tasks', 'run', 'mbta_ingestion_dag', 'load_to_snowflake', 'scheduled__2025-04-24T03:20:00+00:00', '--job-id', '897', '--raw', '--subdir', 'DAGS_FOLDER/mbta_ingestion_dag.py', '--cfg-path', '/tmp/tmpfnpgswy8']
[2025-04-24T15:45:12.554+0000] {standard_task_runner.py:88} INFO - Job 897: Subtask load_to_snowflake
[2025-04-24T15:45:12.639+0000] {task_command.py:423} INFO - Running <TaskInstance: mbta_ingestion_dag.load_to_snowflake scheduled__2025-04-24T03:20:00+00:00 [running]> on host a93f71bb5a5f
[2025-04-24T15:45:12.806+0000] {taskinstance.py:2480} INFO - Exporting env vars: AIRFLOW_CTX_DAG_OWNER='***' AIRFLOW_CTX_DAG_ID='mbta_ingestion_dag' AIRFLOW_CTX_TASK_ID='load_to_snowflake' AIRFLOW_CTX_EXECUTION_DATE='2025-04-24T03:20:00+00:00' AIRFLOW_CTX_TRY_NUMBER='2' AIRFLOW_CTX_DAG_RUN_ID='scheduled__2025-04-24T03:20:00+00:00'
[2025-04-24T15:45:12.808+0000] {mbta_ingestion_dag.py:35} INFO - 🚀 Launching Kafka consumer to process and load data into Snowflake...
[2025-04-24T15:45:12.809+0000] {connection.py:370} INFO - Snowflake Connector for Python Version: 3.6.0, Python Version: 3.9.18, Platform: Linux-6.10.14-linuxkit-aarch64-with-glibc2.36
[2025-04-24T15:45:12.811+0000] {connection.py:1171} INFO - This connection is in OCSP Fail Open Mode. TLS Certificates would be checked for validity and revocation status. Any other Certificate Revocation related exceptions or OCSP Responder failures would be disregarded in favor of connectivity.
[2025-04-24T15:45:14.455+0000] {mbta_kafka_consumer.py:52} INFO - ✅ Connected to Snowflake successfully.
[2025-04-24T15:45:14.457+0000] {mbta_kafka_consumer.py:266} INFO - 🚀 Starting MBTA Kafka Consumer...
[2025-04-24T15:45:14.460+0000] {conn.py:395} INFO - <BrokerConnection client_id=kafka-python-2.1.5, node_id=bootstrap-0 host=kafka:9092 <connecting> [IPv4 ('172.19.0.4', 9092)]>: connecting to kafka:9092 [('172.19.0.4', 9092) IPv4]
[2025-04-24T15:45:14.473+0000] {conn.py:615} INFO - <BrokerConnection client_id=kafka-python-2.1.5, node_id=bootstrap-0 host=kafka:9092 <checking_api_versions_recv> [IPv4 ('172.19.0.4', 9092)]>: Broker version identified as 2.6
[2025-04-24T15:45:14.474+0000] {conn.py:456} INFO - <BrokerConnection client_id=kafka-python-2.1.5, node_id=bootstrap-0 host=kafka:9092 <connected> [IPv4 ('172.19.0.4', 9092)]>: Connection complete.
[2025-04-24T15:45:14.478+0000] {consumer.py:119} WARNING - group_id is None: disabling auto-commit.
[2025-04-24T15:45:14.480+0000] {subscription_state.py:182} INFO - Updating subscribed topics to: ('mbta_alerts', 'mbta_routes', 'mbta_stops', 'mbta_vehicles', 'mbta_predictions', 'mbta_schedules', 'mbta_lines', 'mbta_facilities')
[2025-04-24T15:45:14.489+0000] {cluster.py:317} ERROR - Topic mbta_alerts not found in cluster metadata
[2025-04-24T15:45:14.491+0000] {cluster.py:317} ERROR - Topic mbta_facilities not found in cluster metadata
[2025-04-24T15:45:14.492+0000] {cluster.py:317} ERROR - Topic mbta_predictions not found in cluster metadata
[2025-04-24T15:45:14.492+0000] {cluster.py:317} ERROR - Topic mbta_lines not found in cluster metadata
[2025-04-24T15:45:14.493+0000] {cluster.py:317} ERROR - Topic mbta_schedules not found in cluster metadata
[2025-04-24T15:45:14.493+0000] {cluster.py:317} ERROR - Topic mbta_routes not found in cluster metadata
[2025-04-24T15:45:14.494+0000] {cluster.py:317} ERROR - Topic mbta_vehicles not found in cluster metadata
[2025-04-24T15:45:14.495+0000] {cluster.py:317} ERROR - Topic mbta_stops not found in cluster metadata
[2025-04-24T15:45:14.495+0000] {subscription_state.py:254} INFO - Updated partition assignment: []
[2025-04-24T15:45:44.492+0000] {conn.py:936} INFO - <BrokerConnection client_id=kafka-python-2.1.5, node_id=bootstrap-0 host=kafka:9092 <connected> [IPv4 ('172.19.0.4', 9092)]>: Closing connection. 
[2025-04-24T15:45:44.498+0000] {connection.py:718} INFO - closed
[2025-04-24T15:45:44.621+0000] {connection.py:724} INFO - No async queries seem to be running, deleting session
[2025-04-24T15:45:44.746+0000] {mbta_kafka_consumer.py:287} INFO - ✅ Snowflake Connection Closed.
[2025-04-24T15:45:44.747+0000] {python.py:201} INFO - Done. Returned value was: None
[2025-04-24T15:45:44.769+0000] {taskinstance.py:1138} INFO - Marking task as SUCCESS. dag_id=mbta_ingestion_dag, task_id=load_to_snowflake, execution_date=20250424T032000, start_date=20250424T154512, end_date=20250424T154544
[2025-04-24T15:45:44.839+0000] {local_task_job_runner.py:234} INFO - Task exited with return code 0
[2025-04-24T15:45:44.858+0000] {taskinstance.py:3280} INFO - 0 downstream tasks scheduled from follow-on schedule check
