[2025-04-23T00:33:12.451+0000] {taskinstance.py:1956} INFO - Dependencies all met for dep_context=non-requeueable deps ti=<TaskInstance: mbta_ingestion_dag.load_to_snowflake scheduled__2025-04-22T23:55:00+00:00 [queued]>
[2025-04-23T00:33:12.533+0000] {taskinstance.py:1956} INFO - Dependencies all met for dep_context=requeueable deps ti=<TaskInstance: mbta_ingestion_dag.load_to_snowflake scheduled__2025-04-22T23:55:00+00:00 [queued]>
[2025-04-23T00:33:12.544+0000] {taskinstance.py:2170} INFO - Starting attempt 2 of 2
[2025-04-23T00:33:12.832+0000] {taskinstance.py:2191} INFO - Executing <Task(PythonOperator): load_to_snowflake> on 2025-04-22 23:55:00+00:00
[2025-04-23T00:33:12.889+0000] {standard_task_runner.py:60} INFO - Started process 227 to run task
[2025-04-23T00:33:12.920+0000] {standard_task_runner.py:87} INFO - Running: ['***', 'tasks', 'run', 'mbta_ingestion_dag', 'load_to_snowflake', 'scheduled__2025-04-22T23:55:00+00:00', '--job-id', '209', '--raw', '--subdir', 'DAGS_FOLDER/mbta_ingestion_dag.py', '--cfg-path', '/tmp/tmpbae3m737']
[2025-04-23T00:33:12.938+0000] {standard_task_runner.py:88} INFO - Job 209: Subtask load_to_snowflake
[2025-04-23T00:33:14.049+0000] {task_command.py:423} INFO - Running <TaskInstance: mbta_ingestion_dag.load_to_snowflake scheduled__2025-04-22T23:55:00+00:00 [running]> on host c76075383b29
[2025-04-23T00:33:15.661+0000] {taskinstance.py:2480} INFO - Exporting env vars: AIRFLOW_CTX_DAG_OWNER='***' AIRFLOW_CTX_DAG_ID='mbta_ingestion_dag' AIRFLOW_CTX_TASK_ID='load_to_snowflake' AIRFLOW_CTX_EXECUTION_DATE='2025-04-22T23:55:00+00:00' AIRFLOW_CTX_TRY_NUMBER='2' AIRFLOW_CTX_DAG_RUN_ID='scheduled__2025-04-22T23:55:00+00:00'
[2025-04-23T00:33:15.701+0000] {mbta_ingestion_dag.py:35} INFO - 🚀 Launching Kafka consumer to process and load data into Snowflake...
[2025-04-23T00:33:15.737+0000] {connection.py:370} INFO - Snowflake Connector for Python Version: 3.6.0, Python Version: 3.9.18, Platform: Linux-6.10.14-linuxkit-aarch64-with-glibc2.36
[2025-04-23T00:33:15.995+0000] {connection.py:1171} INFO - This connection is in OCSP Fail Open Mode. TLS Certificates would be checked for validity and revocation status. Any other Certificate Revocation related exceptions or OCSP Responder failures would be disregarded in favor of connectivity.
[2025-04-23T00:33:19.059+0000] {mbta_kafka_consumer.py:45} INFO - ✅ Connected to Snowflake successfully.
[2025-04-23T00:33:19.075+0000] {mbta_kafka_consumer.py:219} INFO - 🚀 Starting MBTA Kafka Consumer...
[2025-04-23T00:33:19.153+0000] {conn.py:395} INFO - <BrokerConnection client_id=kafka-python-2.1.5, node_id=bootstrap-0 host=kafka:9092 <connecting> [IPv4 ('172.18.0.4', 9092)]>: connecting to kafka:9092 [('172.18.0.4', 9092) IPv4]
[2025-04-23T00:33:19.287+0000] {conn.py:615} INFO - <BrokerConnection client_id=kafka-python-2.1.5, node_id=bootstrap-0 host=kafka:9092 <checking_api_versions_recv> [IPv4 ('172.18.0.4', 9092)]>: Broker version identified as 2.6
[2025-04-23T00:33:19.297+0000] {conn.py:456} INFO - <BrokerConnection client_id=kafka-python-2.1.5, node_id=bootstrap-0 host=kafka:9092 <connected> [IPv4 ('172.18.0.4', 9092)]>: Connection complete.
[2025-04-23T00:33:19.367+0000] {consumer.py:119} WARNING - group_id is None: disabling auto-commit.
[2025-04-23T00:33:19.376+0000] {subscription_state.py:182} INFO - Updating subscribed topics to: ('mbta_alerts', 'mbta_routes', 'mbta_stops', 'mbta_vehicles', 'mbta_predictions')
[2025-04-23T00:33:19.486+0000] {subscription_state.py:254} INFO - Updated partition assignment: [('mbta_routes', 0), ('mbta_stops', 0), ('mbta_vehicles', 0), ('mbta_predictions', 0), ('mbta_alerts', 0)]
[2025-04-23T00:33:19.497+0000] {conn.py:395} INFO - <BrokerConnection client_id=kafka-python-2.1.5, node_id=1 host=kafka:9092 <connecting> [IPv4 ('172.18.0.4', 9092)]>: connecting to kafka:9092 [('172.18.0.4', 9092) IPv4]
[2025-04-23T00:33:19.508+0000] {conn.py:456} INFO - <BrokerConnection client_id=kafka-python-2.1.5, node_id=1 host=kafka:9092 <connected> [IPv4 ('172.18.0.4', 9092)]>: Connection complete.
[2025-04-23T00:33:19.518+0000] {conn.py:936} INFO - <BrokerConnection client_id=kafka-python-2.1.5, node_id=bootstrap-0 host=kafka:9092 <connected> [IPv4 ('172.18.0.4', 9092)]>: Closing connection. 
[2025-04-23T00:33:54.771+0000] {mbta_kafka_consumer.py:233} INFO - 📥 Received 1000 records from topic: mbta_stops
[2025-04-23T00:33:55.125+0000] {mbta_kafka_consumer.py:56} INFO - 🔍 Sample data for MBTA_STOPS:
[2025-04-23T00:33:55.134+0000] {mbta_kafka_consumer.py:57} INFO - 
          STOP_ID  ...                 CREATED_AT
0            5682  ... 2025-04-23 00:33:54.785698
1           50620  ... 2025-04-23 00:33:54.786128
2  node-417-lobby  ... 2025-04-23 00:33:54.786151
3            4042  ... 2025-04-23 00:33:54.786660
4          109822  ... 2025-04-23 00:33:54.786677

[5 rows x 5 columns]
[2025-04-23T00:33:55.430+0000] {cursor.py:1028} INFO - query: [SELECT * FROM MBTA_STOPS WHERE STOP_ID IN ('5682','50620','node-417-lobby','4042...]
[2025-04-23T00:33:55.778+0000] {cursor.py:1041} INFO - query execution done
[2025-04-23T00:33:55.865+0000] {cursor.py:1205} INFO - Number of results in first chunk: 0
[2025-04-23T00:34:02.732+0000] {mbta_kafka_consumer.py:104} INFO - 🔁 0 new/updated records out of 1000 incoming records (some may be duplicate VEHICLE_IDs) for MBTA_STOPS
[2025-04-23T00:34:02.847+0000] {mbta_kafka_consumer.py:107} INFO - ✅ All 1000 records already up-to-date in MBTA_STOPS, no merge needed.
[2025-04-23T00:34:02.997+0000] {mbta_kafka_consumer.py:233} INFO - 📥 Received 94 records from topic: mbta_alerts
[2025-04-23T00:34:03.967+0000] {mbta_kafka_consumer.py:56} INFO - 🔍 Sample data for MBTA_ALERTS:
[2025-04-23T00:34:04.227+0000] {mbta_kafka_consumer.py:57} INFO - 
  ALERT_ID  ...                 CREATED_AT
0   639358  ...  2025-04-22T09:01:01-04:00
1   638240  ...  2025-04-16T10:52:04-04:00
2   639365  ...  2025-04-22T09:56:18-04:00
3   435698  ...  2022-03-15T10:13:31-04:00
4   634497  ...  2025-03-27T14:21:07-04:00

[5 rows x 6 columns]
[2025-04-23T00:34:04.751+0000] {cursor.py:1028} INFO - query: [SELECT * FROM MBTA_ALERTS WHERE ALERT_ID IN ('639358','638240','639365','435698'...]
[2025-04-23T00:34:05.248+0000] {cursor.py:1041} INFO - query execution done
[2025-04-23T00:34:05.445+0000] {cursor.py:1205} INFO - Number of results in first chunk: 0
[2025-04-23T00:34:14.401+0000] {mbta_kafka_consumer.py:104} INFO - 🔁 0 new/updated records out of 94 incoming records (some may be duplicate VEHICLE_IDs) for MBTA_ALERTS
[2025-04-23T00:34:14.453+0000] {mbta_kafka_consumer.py:107} INFO - ✅ All 94 records already up-to-date in MBTA_ALERTS, no merge needed.
[2025-04-23T00:34:14.480+0000] {mbta_kafka_consumer.py:233} INFO - 📥 Received 94 records from topic: mbta_alerts
[2025-04-23T00:34:14.540+0000] {mbta_kafka_consumer.py:56} INFO - 🔍 Sample data for MBTA_ALERTS:
[2025-04-23T00:34:14.546+0000] {mbta_kafka_consumer.py:57} INFO - 
  ALERT_ID  ...                 CREATED_AT
0   639358  ...  2025-04-22T09:01:01-04:00
1   638240  ...  2025-04-16T10:52:04-04:00
2   639365  ...  2025-04-22T09:56:18-04:00
3   435698  ...  2022-03-15T10:13:31-04:00
4   634497  ...  2025-03-27T14:21:07-04:00

[5 rows x 6 columns]
[2025-04-23T00:34:14.687+0000] {cursor.py:1028} INFO - query: [SELECT * FROM MBTA_ALERTS WHERE ALERT_ID IN ('639358','638240','639365','435698'...]
[2025-04-23T00:34:15.025+0000] {cursor.py:1041} INFO - query execution done
[2025-04-23T00:34:15.041+0000] {cursor.py:1205} INFO - Number of results in first chunk: 0
[2025-04-23T00:34:15.472+0000] {mbta_kafka_consumer.py:104} INFO - 🔁 0 new/updated records out of 94 incoming records (some may be duplicate VEHICLE_IDs) for MBTA_ALERTS
[2025-04-23T00:34:15.480+0000] {mbta_kafka_consumer.py:107} INFO - ✅ All 94 records already up-to-date in MBTA_ALERTS, no merge needed.
[2025-04-23T00:34:15.490+0000] {mbta_kafka_consumer.py:233} INFO - 📥 Received 94 records from topic: mbta_alerts
[2025-04-23T00:34:15.537+0000] {mbta_kafka_consumer.py:56} INFO - 🔍 Sample data for MBTA_ALERTS:
[2025-04-23T00:34:15.549+0000] {mbta_kafka_consumer.py:57} INFO - 
  ALERT_ID  ...                 CREATED_AT
0   639358  ...  2025-04-22T09:01:01-04:00
1   638240  ...  2025-04-16T10:52:04-04:00
2   639365  ...  2025-04-22T09:56:18-04:00
3   435698  ...  2022-03-15T10:13:31-04:00
4   634497  ...  2025-03-27T14:21:07-04:00

[5 rows x 6 columns]
[2025-04-23T00:34:15.620+0000] {cursor.py:1028} INFO - query: [SELECT * FROM MBTA_ALERTS WHERE ALERT_ID IN ('639358','638240','639365','435698'...]
[2025-04-23T00:34:15.823+0000] {cursor.py:1041} INFO - query execution done
[2025-04-23T00:34:15.827+0000] {cursor.py:1205} INFO - Number of results in first chunk: 0
[2025-04-23T00:34:16.366+0000] {mbta_kafka_consumer.py:104} INFO - 🔁 0 new/updated records out of 94 incoming records (some may be duplicate VEHICLE_IDs) for MBTA_ALERTS
[2025-04-23T00:34:16.370+0000] {mbta_kafka_consumer.py:107} INFO - ✅ All 94 records already up-to-date in MBTA_ALERTS, no merge needed.
[2025-04-23T00:34:16.380+0000] {mbta_kafka_consumer.py:233} INFO - 📥 Received 178 records from topic: mbta_routes
[2025-04-23T00:34:16.459+0000] {mbta_kafka_consumer.py:56} INFO - 🔍 Sample data for MBTA_ROUTES:
[2025-04-23T00:34:16.460+0000] {mbta_kafka_consumer.py:57} INFO - 
   ROUTE_ID        ROUTE_NAME  ...  ROUTE_COLOR                 CREATED_AT
0       Red          Red Line  ...       DA291C 2025-04-23 00:34:16.383231
1  Mattapan  Mattapan Trolley  ...       DA291C 2025-04-23 00:34:16.383251
2    Orange       Orange Line  ...       ED8B00 2025-04-23 00:34:16.383253
3   Green-B      Green Line B  ...       00843D 2025-04-23 00:34:16.383285
4   Green-C      Green Line C  ...       00843D 2025-04-23 00:34:16.383288

[5 rows x 5 columns]
[2025-04-23T00:34:16.526+0000] {cursor.py:1028} INFO - query: [SELECT * FROM MBTA_ROUTES WHERE ROUTE_ID IN ('Red','Mattapan','Orange','Green-B'...]
[2025-04-23T00:34:16.770+0000] {cursor.py:1041} INFO - query execution done
[2025-04-23T00:34:16.779+0000] {cursor.py:1205} INFO - Number of results in first chunk: 0
[2025-04-23T00:34:17.611+0000] {mbta_kafka_consumer.py:104} INFO - 🔁 0 new/updated records out of 178 incoming records (some may be duplicate VEHICLE_IDs) for MBTA_ROUTES
[2025-04-23T00:34:17.625+0000] {mbta_kafka_consumer.py:107} INFO - ✅ All 178 records already up-to-date in MBTA_ROUTES, no merge needed.
[2025-04-23T00:34:17.631+0000] {mbta_kafka_consumer.py:233} INFO - 📥 Received 178 records from topic: mbta_routes
[2025-04-23T00:34:17.651+0000] {mbta_kafka_consumer.py:56} INFO - 🔍 Sample data for MBTA_ROUTES:
[2025-04-23T00:34:17.651+0000] {mbta_kafka_consumer.py:57} INFO - 
   ROUTE_ID        ROUTE_NAME  ...  ROUTE_COLOR                 CREATED_AT
0       Red          Red Line  ...       DA291C 2025-04-23 00:34:17.634850
1  Mattapan  Mattapan Trolley  ...       DA291C 2025-04-23 00:34:17.634863
2    Orange       Orange Line  ...       ED8B00 2025-04-23 00:34:17.634882
3   Green-B      Green Line B  ...       00843D 2025-04-23 00:34:17.634894
4   Green-C      Green Line C  ...       00843D 2025-04-23 00:34:17.634896

[5 rows x 5 columns]
[2025-04-23T00:34:17.681+0000] {cursor.py:1028} INFO - query: [SELECT * FROM MBTA_ROUTES WHERE ROUTE_ID IN ('Red','Mattapan','Orange','Green-B'...]
[2025-04-23T00:34:17.864+0000] {cursor.py:1041} INFO - query execution done
[2025-04-23T00:34:17.872+0000] {cursor.py:1205} INFO - Number of results in first chunk: 0
[2025-04-23T00:34:19.019+0000] {mbta_kafka_consumer.py:104} INFO - 🔁 0 new/updated records out of 178 incoming records (some may be duplicate VEHICLE_IDs) for MBTA_ROUTES
[2025-04-23T00:34:19.027+0000] {mbta_kafka_consumer.py:107} INFO - ✅ All 178 records already up-to-date in MBTA_ROUTES, no merge needed.
[2025-04-23T00:34:19.035+0000] {mbta_kafka_consumer.py:233} INFO - 📥 Received 178 records from topic: mbta_routes
[2025-04-23T00:34:19.262+0000] {mbta_kafka_consumer.py:56} INFO - 🔍 Sample data for MBTA_ROUTES:
[2025-04-23T00:34:19.263+0000] {mbta_kafka_consumer.py:57} INFO - 
   ROUTE_ID        ROUTE_NAME  ...  ROUTE_COLOR                 CREATED_AT
0       Red          Red Line  ...       DA291C 2025-04-23 00:34:19.040175
1  Mattapan  Mattapan Trolley  ...       DA291C 2025-04-23 00:34:19.041401
2    Orange       Orange Line  ...       ED8B00 2025-04-23 00:34:19.041436
3   Green-B      Green Line B  ...       00843D 2025-04-23 00:34:19.041552
4   Green-C      Green Line C  ...       00843D 2025-04-23 00:34:19.041626

[5 rows x 5 columns]
[2025-04-23T00:34:19.350+0000] {cursor.py:1028} INFO - query: [SELECT * FROM MBTA_ROUTES WHERE ROUTE_ID IN ('Red','Mattapan','Orange','Green-B'...]
[2025-04-23T00:34:19.570+0000] {cursor.py:1041} INFO - query execution done
[2025-04-23T00:34:19.573+0000] {cursor.py:1205} INFO - Number of results in first chunk: 0
[2025-04-23T00:34:20.129+0000] {mbta_kafka_consumer.py:104} INFO - 🔁 0 new/updated records out of 178 incoming records (some may be duplicate VEHICLE_IDs) for MBTA_ROUTES
[2025-04-23T00:34:20.143+0000] {mbta_kafka_consumer.py:107} INFO - ✅ All 178 records already up-to-date in MBTA_ROUTES, no merge needed.
[2025-04-23T00:34:20.215+0000] {mbta_kafka_consumer.py:233} INFO - 📥 Received 178 records from topic: mbta_routes
[2025-04-23T00:34:20.363+0000] {mbta_kafka_consumer.py:56} INFO - 🔍 Sample data for MBTA_ROUTES:
[2025-04-23T00:34:20.364+0000] {mbta_kafka_consumer.py:57} INFO - 
   ROUTE_ID        ROUTE_NAME  ...  ROUTE_COLOR                 CREATED_AT
0       Red          Red Line  ...       DA291C 2025-04-23 00:34:20.222808
1  Mattapan  Mattapan Trolley  ...       DA291C 2025-04-23 00:34:20.222831
2    Orange       Orange Line  ...       ED8B00 2025-04-23 00:34:20.222840
3   Green-B      Green Line B  ...       00843D 2025-04-23 00:34:20.222861
4   Green-C      Green Line C  ...       00843D 2025-04-23 00:34:20.222867

[5 rows x 5 columns]
[2025-04-23T00:34:20.395+0000] {cursor.py:1028} INFO - query: [SELECT * FROM MBTA_ROUTES WHERE ROUTE_ID IN ('Red','Mattapan','Orange','Green-B'...]
[2025-04-23T00:34:20.620+0000] {cursor.py:1041} INFO - query execution done
[2025-04-23T00:34:20.631+0000] {cursor.py:1205} INFO - Number of results in first chunk: 0
[2025-04-23T00:34:21.670+0000] {mbta_kafka_consumer.py:104} INFO - 🔁 0 new/updated records out of 178 incoming records (some may be duplicate VEHICLE_IDs) for MBTA_ROUTES
[2025-04-23T00:34:21.679+0000] {mbta_kafka_consumer.py:107} INFO - ✅ All 178 records already up-to-date in MBTA_ROUTES, no merge needed.
[2025-04-23T00:34:21.689+0000] {mbta_kafka_consumer.py:233} INFO - 📥 Received 178 records from topic: mbta_routes
[2025-04-23T00:34:21.718+0000] {mbta_kafka_consumer.py:56} INFO - 🔍 Sample data for MBTA_ROUTES:
[2025-04-23T00:34:21.720+0000] {mbta_kafka_consumer.py:57} INFO - 
   ROUTE_ID        ROUTE_NAME  ...  ROUTE_COLOR                 CREATED_AT
0       Red          Red Line  ...       DA291C 2025-04-23 00:34:21.695147
1  Mattapan  Mattapan Trolley  ...       DA291C 2025-04-23 00:34:21.695189
2    Orange       Orange Line  ...       ED8B00 2025-04-23 00:34:21.695195
3   Green-B      Green Line B  ...       00843D 2025-04-23 00:34:21.695197
4   Green-C      Green Line C  ...       00843D 2025-04-23 00:34:21.695443

[5 rows x 5 columns]
[2025-04-23T00:34:21.781+0000] {cursor.py:1028} INFO - query: [SELECT * FROM MBTA_ROUTES WHERE ROUTE_ID IN ('Red','Mattapan','Orange','Green-B'...]
[2025-04-23T00:34:22.144+0000] {cursor.py:1041} INFO - query execution done
[2025-04-23T00:34:22.151+0000] {cursor.py:1205} INFO - Number of results in first chunk: 0
[2025-04-23T00:34:22.938+0000] {mbta_kafka_consumer.py:104} INFO - 🔁 0 new/updated records out of 178 incoming records (some may be duplicate VEHICLE_IDs) for MBTA_ROUTES
[2025-04-23T00:34:22.946+0000] {mbta_kafka_consumer.py:107} INFO - ✅ All 178 records already up-to-date in MBTA_ROUTES, no merge needed.
[2025-04-23T00:34:22.959+0000] {mbta_kafka_consumer.py:233} INFO - 📥 Received 178 records from topic: mbta_routes
[2025-04-23T00:34:23.095+0000] {mbta_kafka_consumer.py:56} INFO - 🔍 Sample data for MBTA_ROUTES:
[2025-04-23T00:34:23.098+0000] {mbta_kafka_consumer.py:57} INFO - 
   ROUTE_ID        ROUTE_NAME  ...  ROUTE_COLOR                 CREATED_AT
0       Red          Red Line  ...       DA291C 2025-04-23 00:34:22.966729
1  Mattapan  Mattapan Trolley  ...       DA291C 2025-04-23 00:34:22.966827
2    Orange       Orange Line  ...       ED8B00 2025-04-23 00:34:22.966834
3   Green-B      Green Line B  ...       00843D 2025-04-23 00:34:22.966868
4   Green-C      Green Line C  ...       00843D 2025-04-23 00:34:22.966874

[5 rows x 5 columns]
[2025-04-23T00:34:23.151+0000] {cursor.py:1028} INFO - query: [SELECT * FROM MBTA_ROUTES WHERE ROUTE_ID IN ('Red','Mattapan','Orange','Green-B'...]
[2025-04-23T00:34:23.712+0000] {cursor.py:1041} INFO - query execution done
[2025-04-23T00:34:23.755+0000] {cursor.py:1205} INFO - Number of results in first chunk: 0
[2025-04-23T00:34:25.092+0000] {mbta_kafka_consumer.py:104} INFO - 🔁 0 new/updated records out of 178 incoming records (some may be duplicate VEHICLE_IDs) for MBTA_ROUTES
[2025-04-23T00:34:25.128+0000] {mbta_kafka_consumer.py:107} INFO - ✅ All 178 records already up-to-date in MBTA_ROUTES, no merge needed.
[2025-04-23T00:34:25.189+0000] {mbta_kafka_consumer.py:233} INFO - 📥 Received 178 records from topic: mbta_routes
[2025-04-23T00:34:25.240+0000] {mbta_kafka_consumer.py:56} INFO - 🔍 Sample data for MBTA_ROUTES:
[2025-04-23T00:34:25.244+0000] {mbta_kafka_consumer.py:57} INFO - 
   ROUTE_ID        ROUTE_NAME  ...  ROUTE_COLOR                 CREATED_AT
0       Red          Red Line  ...       DA291C 2025-04-23 00:34:25.194091
1  Mattapan  Mattapan Trolley  ...       DA291C 2025-04-23 00:34:25.194106
2    Orange       Orange Line  ...       ED8B00 2025-04-23 00:34:25.194124
3   Green-B      Green Line B  ...       00843D 2025-04-23 00:34:25.194132
4   Green-C      Green Line C  ...       00843D 2025-04-23 00:34:25.194133

[5 rows x 5 columns]
[2025-04-23T00:34:25.360+0000] {cursor.py:1028} INFO - query: [SELECT * FROM MBTA_ROUTES WHERE ROUTE_ID IN ('Red','Mattapan','Orange','Green-B'...]
[2025-04-23T00:34:25.646+0000] {cursor.py:1041} INFO - query execution done
[2025-04-23T00:34:25.653+0000] {cursor.py:1205} INFO - Number of results in first chunk: 0
[2025-04-23T00:34:26.300+0000] {mbta_kafka_consumer.py:104} INFO - 🔁 0 new/updated records out of 178 incoming records (some may be duplicate VEHICLE_IDs) for MBTA_ROUTES
[2025-04-23T00:34:26.311+0000] {mbta_kafka_consumer.py:107} INFO - ✅ All 178 records already up-to-date in MBTA_ROUTES, no merge needed.
[2025-04-23T00:34:26.315+0000] {mbta_kafka_consumer.py:233} INFO - 📥 Received 178 records from topic: mbta_routes
[2025-04-23T00:34:26.350+0000] {mbta_kafka_consumer.py:56} INFO - 🔍 Sample data for MBTA_ROUTES:
[2025-04-23T00:34:26.354+0000] {mbta_kafka_consumer.py:57} INFO - 
   ROUTE_ID        ROUTE_NAME  ...  ROUTE_COLOR                 CREATED_AT
0       Red          Red Line  ...       DA291C 2025-04-23 00:34:26.323800
1  Mattapan  Mattapan Trolley  ...       DA291C 2025-04-23 00:34:26.323830
2    Orange       Orange Line  ...       ED8B00 2025-04-23 00:34:26.323831
3   Green-B      Green Line B  ...       00843D 2025-04-23 00:34:26.323834
4   Green-C      Green Line C  ...       00843D 2025-04-23 00:34:26.323846

[5 rows x 5 columns]
[2025-04-23T00:34:26.401+0000] {cursor.py:1028} INFO - query: [SELECT * FROM MBTA_ROUTES WHERE ROUTE_ID IN ('Red','Mattapan','Orange','Green-B'...]
[2025-04-23T00:34:26.598+0000] {cursor.py:1041} INFO - query execution done
[2025-04-23T00:34:26.607+0000] {cursor.py:1205} INFO - Number of results in first chunk: 0
[2025-04-23T00:34:27.208+0000] {mbta_kafka_consumer.py:104} INFO - 🔁 0 new/updated records out of 178 incoming records (some may be duplicate VEHICLE_IDs) for MBTA_ROUTES
[2025-04-23T00:34:27.210+0000] {mbta_kafka_consumer.py:107} INFO - ✅ All 178 records already up-to-date in MBTA_ROUTES, no merge needed.
[2025-04-23T00:34:27.211+0000] {mbta_kafka_consumer.py:233} INFO - 📥 Received 178 records from topic: mbta_routes
[2025-04-23T00:34:27.220+0000] {mbta_kafka_consumer.py:56} INFO - 🔍 Sample data for MBTA_ROUTES:
[2025-04-23T00:34:27.222+0000] {mbta_kafka_consumer.py:57} INFO - 
   ROUTE_ID        ROUTE_NAME  ...  ROUTE_COLOR                 CREATED_AT
0       Red          Red Line  ...       DA291C 2025-04-23 00:34:27.211590
1  Mattapan  Mattapan Trolley  ...       DA291C 2025-04-23 00:34:27.211592
2    Orange       Orange Line  ...       ED8B00 2025-04-23 00:34:27.211599
3   Green-B      Green Line B  ...       00843D 2025-04-23 00:34:27.211608
4   Green-C      Green Line C  ...       00843D 2025-04-23 00:34:27.211609

[5 rows x 5 columns]
[2025-04-23T00:34:27.245+0000] {cursor.py:1028} INFO - query: [SELECT * FROM MBTA_ROUTES WHERE ROUTE_ID IN ('Red','Mattapan','Orange','Green-B'...]
[2025-04-23T00:34:27.457+0000] {cursor.py:1041} INFO - query execution done
[2025-04-23T00:34:27.480+0000] {cursor.py:1205} INFO - Number of results in first chunk: 0
[2025-04-23T00:34:28.058+0000] {mbta_kafka_consumer.py:104} INFO - 🔁 0 new/updated records out of 178 incoming records (some may be duplicate VEHICLE_IDs) for MBTA_ROUTES
[2025-04-23T00:34:28.059+0000] {mbta_kafka_consumer.py:107} INFO - ✅ All 178 records already up-to-date in MBTA_ROUTES, no merge needed.
[2025-04-23T00:34:28.063+0000] {mbta_kafka_consumer.py:233} INFO - 📥 Received 178 records from topic: mbta_routes
[2025-04-23T00:34:28.092+0000] {mbta_kafka_consumer.py:56} INFO - 🔍 Sample data for MBTA_ROUTES:
[2025-04-23T00:34:28.102+0000] {mbta_kafka_consumer.py:57} INFO - 
   ROUTE_ID        ROUTE_NAME  ...  ROUTE_COLOR                 CREATED_AT
0       Red          Red Line  ...       DA291C 2025-04-23 00:34:28.074072
1  Mattapan  Mattapan Trolley  ...       DA291C 2025-04-23 00:34:28.074076
2    Orange       Orange Line  ...       ED8B00 2025-04-23 00:34:28.074105
3   Green-B      Green Line B  ...       00843D 2025-04-23 00:34:28.074106
4   Green-C      Green Line C  ...       00843D 2025-04-23 00:34:28.074120

[5 rows x 5 columns]
[2025-04-23T00:34:28.176+0000] {cursor.py:1028} INFO - query: [SELECT * FROM MBTA_ROUTES WHERE ROUTE_ID IN ('Red','Mattapan','Orange','Green-B'...]
[2025-04-23T00:34:28.526+0000] {cursor.py:1041} INFO - query execution done
[2025-04-23T00:34:28.532+0000] {cursor.py:1205} INFO - Number of results in first chunk: 0
[2025-04-23T00:34:29.321+0000] {mbta_kafka_consumer.py:104} INFO - 🔁 0 new/updated records out of 178 incoming records (some may be duplicate VEHICLE_IDs) for MBTA_ROUTES
[2025-04-23T00:34:29.327+0000] {mbta_kafka_consumer.py:107} INFO - ✅ All 178 records already up-to-date in MBTA_ROUTES, no merge needed.
[2025-04-23T00:34:29.341+0000] {mbta_kafka_consumer.py:233} INFO - 📥 Received 178 records from topic: mbta_routes
[2025-04-23T00:34:29.392+0000] {mbta_kafka_consumer.py:56} INFO - 🔍 Sample data for MBTA_ROUTES:
[2025-04-23T00:34:29.393+0000] {mbta_kafka_consumer.py:57} INFO - 
   ROUTE_ID        ROUTE_NAME  ...  ROUTE_COLOR                 CREATED_AT
0       Red          Red Line  ...       DA291C 2025-04-23 00:34:29.342387
1  Mattapan  Mattapan Trolley  ...       DA291C 2025-04-23 00:34:29.342420
2    Orange       Orange Line  ...       ED8B00 2025-04-23 00:34:29.342436
3   Green-B      Green Line B  ...       00843D 2025-04-23 00:34:29.342449
4   Green-C      Green Line C  ...       00843D 2025-04-23 00:34:29.342467

[5 rows x 5 columns]
[2025-04-23T00:34:29.432+0000] {cursor.py:1028} INFO - query: [SELECT * FROM MBTA_ROUTES WHERE ROUTE_ID IN ('Red','Mattapan','Orange','Green-B'...]
[2025-04-23T00:34:29.623+0000] {cursor.py:1041} INFO - query execution done
[2025-04-23T00:34:29.623+0000] {cursor.py:1205} INFO - Number of results in first chunk: 0
[2025-04-23T00:34:30.419+0000] {mbta_kafka_consumer.py:104} INFO - 🔁 0 new/updated records out of 178 incoming records (some may be duplicate VEHICLE_IDs) for MBTA_ROUTES
[2025-04-23T00:34:30.421+0000] {mbta_kafka_consumer.py:107} INFO - ✅ All 178 records already up-to-date in MBTA_ROUTES, no merge needed.
[2025-04-23T00:34:30.427+0000] {mbta_kafka_consumer.py:233} INFO - 📥 Received 488 records from topic: mbta_vehicles
[2025-04-23T00:34:30.478+0000] {mbta_kafka_consumer.py:56} INFO - 🔍 Sample data for MBTA_VEHICLES:
[2025-04-23T00:34:30.486+0000] {mbta_kafka_consumer.py:57} INFO - 
  VEHICLE_ID ROUTE_ID  ...         STATUS                 CREATED_AT
0      y3270       23  ...     STOPPED_AT 2025-04-23 00:34:30.430004
1      y3236       66  ...  IN_TRANSIT_TO 2025-04-23 00:34:30.430107
2      y1830       11  ...     STOPPED_AT 2025-04-23 00:34:30.430126
3    G-10268  Green-C  ...     STOPPED_AT 2025-04-23 00:34:30.430494
4      y3225       57  ...  IN_TRANSIT_TO 2025-04-23 00:34:30.430498

[5 rows x 8 columns]
[2025-04-23T00:34:30.526+0000] {cursor.py:1028} INFO - query: [SELECT * FROM MBTA_VEHICLES WHERE VEHICLE_ID IN ('y3270','y3236','y1830','G-1026...]
[2025-04-23T00:34:30.895+0000] {cursor.py:1041} INFO - query execution done
[2025-04-23T00:34:30.898+0000] {cursor.py:1205} INFO - Number of results in first chunk: 520
[2025-04-23T00:34:30.948+0000] {mbta_kafka_consumer.py:104} INFO - 🔁 352 new/updated records out of 488 incoming records (some may be duplicate VEHICLE_IDs) for MBTA_VEHICLES
[2025-04-23T00:34:30.952+0000] {cursor.py:1028} INFO - query: [MERGE INTO MBTA_VEHICLES AS target USING (SELECT 'y1659', '34', 42.30264796, -71...]
[2025-04-23T00:34:33.576+0000] {cursor.py:1041} INFO - query execution done
[2025-04-23T00:34:33.597+0000] {cursor.py:1028} INFO - query: [MERGE INTO MBTA_VEHICLES AS target USING (SELECT 'y1709', '34', 42.25349361, -71...]
[2025-04-23T00:34:36.665+0000] {cursor.py:1041} INFO - query execution done
[2025-04-23T00:34:36.686+0000] {cursor.py:1028} INFO - query: [MERGE INTO MBTA_VEHICLES AS target USING (SELECT '1813', 'CR-Greenbush', 42.2305...]
[2025-04-23T00:34:40.152+0000] {cursor.py:1041} INFO - query execution done
[2025-04-23T00:34:40.178+0000] {cursor.py:1028} INFO - query: [MERGE INTO MBTA_VEHICLES AS target USING (SELECT 'G-10333', 'Green-D', 42.31769,...]
[2025-04-23T00:34:43.166+0000] {cursor.py:1041} INFO - query execution done
[2025-04-23T00:34:43.188+0000] {cursor.py:1028} INFO - query: [MERGE INTO MBTA_VEHICLES AS target USING (SELECT 'G-10256', 'Green-E', 42.33324,...]
[2025-04-23T00:34:46.450+0000] {cursor.py:1041} INFO - query execution done
[2025-04-23T00:34:46.477+0000] {cursor.py:1028} INFO - query: [MERGE INTO MBTA_VEHICLES AS target USING (SELECT 'y1945', '73', 42.37469226, -71...]
[2025-04-23T00:34:49.573+0000] {cursor.py:1041} INFO - query execution done
[2025-04-23T00:34:49.643+0000] {cursor.py:1028} INFO - query: [MERGE INTO MBTA_VEHICLES AS target USING (SELECT 'y1284', '751', 42.336928849, -...]
[2025-04-23T00:34:52.671+0000] {cursor.py:1041} INFO - query execution done
[2025-04-23T00:34:52.698+0000] {cursor.py:1028} INFO - query: [MERGE INTO MBTA_VEHICLES AS target USING (SELECT 'y1867', '22', 42.32337, -71.09...]
[2025-04-23T00:34:56.218+0000] {cursor.py:1041} INFO - query execution done
[2025-04-23T00:34:56.277+0000] {cursor.py:1028} INFO - query: [MERGE INTO MBTA_VEHICLES AS target USING (SELECT 'y1608', '42', 42.31211134, -71...]
[2025-04-23T00:34:59.436+0000] {cursor.py:1041} INFO - query execution done
[2025-04-23T00:34:59.470+0000] {cursor.py:1028} INFO - query: [MERGE INTO MBTA_VEHICLES AS target USING (SELECT 'G-10238', 'Green-D', 42.34524,...]
[2025-04-23T00:35:03.245+0000] {cursor.py:1041} INFO - query execution done
[2025-04-23T00:35:03.294+0000] {cursor.py:1028} INFO - query: [MERGE INTO MBTA_VEHICLES AS target USING (SELECT 'G-10120', 'Green-B', 42.34977,...]
[2025-04-23T00:35:07.281+0000] {cursor.py:1041} INFO - query execution done
[2025-04-23T00:35:09.632+0000] {cursor.py:1028} INFO - query: [MERGE INTO MBTA_VEHICLES AS target USING (SELECT 'R-5482AB81', 'Red', 42.36243, ...]
[2025-04-23T00:35:15.044+0000] {cursor.py:1041} INFO - query execution done
[2025-04-23T00:35:15.083+0000] {cursor.py:1028} INFO - query: [MERGE INTO MBTA_VEHICLES AS target USING (SELECT 'y1815', '10', 42.330235889, -7...]
[2025-04-23T00:35:16.481+0000] {cursor.py:1041} INFO - query execution done
[2025-04-23T00:35:16.561+0000] {cursor.py:1028} INFO - query: [MERGE INTO MBTA_VEHICLES AS target USING (SELECT 'y1815', '10', 42.330235889, -7...]
[2025-04-23T00:35:20.042+0000] {cursor.py:1041} INFO - query execution done
[2025-04-23T00:35:20.099+0000] {cursor.py:1028} INFO - query: [MERGE INTO MBTA_VEHICLES AS target USING (SELECT 'y1815', '10', 42.330235889, -7...]
[2025-04-23T00:35:23.374+0000] {cursor.py:1041} INFO - query execution done
[2025-04-23T00:35:23.416+0000] {cursor.py:1028} INFO - query: [MERGE INTO MBTA_VEHICLES AS target USING (SELECT 'y1815', '10', 42.330235889, -7...]
[2025-04-23T00:35:26.507+0000] {cursor.py:1041} INFO - query execution done
[2025-04-23T00:35:26.536+0000] {cursor.py:1028} INFO - query: [MERGE INTO MBTA_VEHICLES AS target USING (SELECT 'y1815', '10', 42.330235889, -7...]
[2025-04-23T00:35:29.626+0000] {cursor.py:1041} INFO - query execution done
[2025-04-23T00:35:29.665+0000] {cursor.py:1028} INFO - query: [MERGE INTO MBTA_VEHICLES AS target USING (SELECT 'y1815', '10', 42.330235889, -7...]
[2025-04-23T00:35:32.813+0000] {cursor.py:1041} INFO - query execution done
[2025-04-23T00:35:32.851+0000] {cursor.py:1028} INFO - query: [MERGE INTO MBTA_VEHICLES AS target USING (SELECT 'y1815', '10', 42.330235889, -7...]
[2025-04-23T00:35:36.161+0000] {cursor.py:1041} INFO - query execution done
[2025-04-23T00:35:36.185+0000] {cursor.py:1028} INFO - query: [MERGE INTO MBTA_VEHICLES AS target USING (SELECT 'y1815', '10', 42.330235889, -7...]
[2025-04-23T00:35:39.125+0000] {cursor.py:1041} INFO - query execution done
[2025-04-23T00:35:39.161+0000] {cursor.py:1028} INFO - query: [MERGE INTO MBTA_VEHICLES AS target USING (SELECT 'y1815', '10', 42.330235889, -7...]
[2025-04-23T00:35:43.174+0000] {cursor.py:1041} INFO - query execution done
[2025-04-23T00:35:43.188+0000] {cursor.py:1028} INFO - query: [MERGE INTO MBTA_VEHICLES AS target USING (SELECT 'y1815', '10', 42.330235889, -7...]
[2025-04-23T00:35:46.486+0000] {cursor.py:1041} INFO - query execution done
[2025-04-23T00:35:46.503+0000] {cursor.py:1028} INFO - query: [MERGE INTO MBTA_VEHICLES AS target USING (SELECT 'y1815', '10', 42.330235889, -7...]
[2025-04-23T00:35:49.720+0000] {cursor.py:1041} INFO - query execution done
[2025-04-23T00:35:49.727+0000] {cursor.py:1028} INFO - query: [MERGE INTO MBTA_VEHICLES AS target USING (SELECT 'y1815', '10', 42.330235889, -7...]
[2025-04-23T00:35:53.238+0000] {cursor.py:1041} INFO - query execution done
[2025-04-23T00:35:53.280+0000] {cursor.py:1028} INFO - query: [MERGE INTO MBTA_VEHICLES AS target USING (SELECT 'y1815', '10', 42.330235889, -7...]
[2025-04-23T00:35:57.255+0000] {cursor.py:1041} INFO - query execution done
[2025-04-23T00:35:57.311+0000] {cursor.py:1028} INFO - query: [MERGE INTO MBTA_VEHICLES AS target USING (SELECT 'y1815', '10', 42.330235889, -7...]
[2025-04-23T00:36:00.507+0000] {cursor.py:1041} INFO - query execution done
[2025-04-23T00:36:00.599+0000] {cursor.py:1028} INFO - query: [MERGE INTO MBTA_VEHICLES AS target USING (SELECT 'y1815', '10', 42.330235889, -7...]
[2025-04-23T00:36:03.841+0000] {cursor.py:1041} INFO - query execution done
[2025-04-23T00:36:03.955+0000] {cursor.py:1028} INFO - query: [MERGE INTO MBTA_VEHICLES AS target USING (SELECT 'y1815', '10', 42.330235889, -7...]
[2025-04-23T00:36:09.788+0000] {cursor.py:1041} INFO - query execution done
[2025-04-23T00:36:10.219+0000] {cursor.py:1028} INFO - query: [MERGE INTO MBTA_VEHICLES AS target USING (SELECT 'y1815', '10', 42.330235889, -7...]
[2025-04-23T00:36:11.702+0000] {cursor.py:1041} INFO - query execution done
[2025-04-23T00:36:11.818+0000] {cursor.py:1028} INFO - query: [MERGE INTO MBTA_VEHICLES AS target USING (SELECT 'R-54829A82', 'Red', 42.21029, ...]
[2025-04-23T00:36:14.585+0000] {cursor.py:1041} INFO - query execution done
[2025-04-23T00:36:14.602+0000] {cursor.py:1028} INFO - query: [MERGE INTO MBTA_VEHICLES AS target USING (SELECT 'y2041', '76', 42.45855497, -71...]
[2025-04-23T00:36:17.949+0000] {cursor.py:1041} INFO - query execution done
[2025-04-23T00:36:17.986+0000] {cursor.py:1028} INFO - query: [MERGE INTO MBTA_VEHICLES AS target USING (SELECT 'y1715', '32', 42.2857074, -71....]
[2025-04-23T00:36:21.731+0000] {cursor.py:1041} INFO - query execution done
[2025-04-23T00:36:21.742+0000] {cursor.py:1028} INFO - query: [MERGE INTO MBTA_VEHICLES AS target USING (SELECT 'y1606', '51', 42.31115689, -71...]
[2025-04-23T00:36:25.037+0000] {cursor.py:1041} INFO - query execution done
[2025-04-23T00:36:25.058+0000] {cursor.py:1028} INFO - query: [MERGE INTO MBTA_VEHICLES AS target USING (SELECT 'y3259', '66', 42.32889566, -71...]
[2025-04-23T00:36:28.584+0000] {cursor.py:1041} INFO - query execution done
[2025-04-23T00:36:28.599+0000] {cursor.py:1028} INFO - query: [MERGE INTO MBTA_VEHICLES AS target USING (SELECT 'R-5482AA90', 'Red', 42.21516, ...]
[2025-04-23T00:36:31.937+0000] {cursor.py:1041} INFO - query execution done
[2025-04-23T00:36:31.960+0000] {cursor.py:1028} INFO - query: [MERGE INTO MBTA_VEHICLES AS target USING (SELECT 'y1312', '743', 42.383541519, -...]
[2025-04-23T00:36:35.424+0000] {cursor.py:1041} INFO - query execution done
[2025-04-23T00:36:35.451+0000] {cursor.py:1028} INFO - query: [MERGE INTO MBTA_VEHICLES AS target USING (SELECT 'y2116', '111', 42.40500793, -7...]
[2025-04-23T00:36:39.128+0000] {cursor.py:1041} INFO - query execution done
[2025-04-23T00:36:39.219+0000] {cursor.py:1028} INFO - query: [MERGE INTO MBTA_VEHICLES AS target USING (SELECT 'y1987', '112', 42.38943983, -7...]
[2025-04-23T00:36:42.300+0000] {cursor.py:1041} INFO - query execution done
[2025-04-23T00:36:42.330+0000] {cursor.py:1028} INFO - query: [MERGE INTO MBTA_VEHICLES AS target USING (SELECT 'G-10169', 'Green-D', 42.35305,...]
[2025-04-23T00:36:45.502+0000] {cursor.py:1041} INFO - query execution done
[2025-04-23T00:36:45.521+0000] {cursor.py:1028} INFO - query: [MERGE INTO MBTA_VEHICLES AS target USING (SELECT 'y1308', '743', 42.39668, -71.0...]
[2025-04-23T00:36:49.335+0000] {cursor.py:1041} INFO - query execution done
[2025-04-23T00:36:49.351+0000] {cursor.py:1028} INFO - query: [MERGE INTO MBTA_VEHICLES AS target USING (SELECT 'y2109', '350', 42.4855749, -71...]
[2025-04-23T00:36:52.952+0000] {cursor.py:1041} INFO - query execution done
[2025-04-23T00:36:53.010+0000] {cursor.py:1028} INFO - query: [MERGE INTO MBTA_VEHICLES AS target USING (SELECT 'y0883', '134', 42.41111189, -7...]
[2025-04-23T00:36:56.719+0000] {cursor.py:1041} INFO - query execution done
[2025-04-23T00:36:56.737+0000] {cursor.py:1028} INFO - query: [MERGE INTO MBTA_VEHICLES AS target USING (SELECT 'G-10060', 'Green-C', 42.34788,...]
[2025-04-23T00:37:00.386+0000] {cursor.py:1041} INFO - query execution done
[2025-04-23T00:37:00.450+0000] {cursor.py:1028} INFO - query: [MERGE INTO MBTA_VEHICLES AS target USING (SELECT 'y1725', '11', 42.332652709, -7...]
[2025-04-23T00:37:03.997+0000] {cursor.py:1041} INFO - query execution done
[2025-04-23T00:37:04.090+0000] {cursor.py:1028} INFO - query: [MERGE INTO MBTA_VEHICLES AS target USING (SELECT 'y0777', '225', 42.23797084, -7...]
[2025-04-23T00:37:07.172+0000] {cursor.py:1041} INFO - query execution done
[2025-04-23T00:37:07.194+0000] {cursor.py:1028} INFO - query: [MERGE INTO MBTA_VEHICLES AS target USING (SELECT 'y0763', '216', 42.26051575, -7...]
[2025-04-23T00:37:10.558+0000] {cursor.py:1041} INFO - query execution done
[2025-04-23T00:37:10.592+0000] {cursor.py:1028} INFO - query: [MERGE INTO MBTA_VEHICLES AS target USING (SELECT 'y1224', '39', 42.32685512, -71...]
[2025-04-23T00:37:14.253+0000] {cursor.py:1041} INFO - query execution done
[2025-04-23T00:37:14.289+0000] {cursor.py:1028} INFO - query: [MERGE INTO MBTA_VEHICLES AS target USING (SELECT 'y2021', '80', 42.40724005, -71...]
[2025-04-23T00:37:17.611+0000] {cursor.py:1041} INFO - query execution done
[2025-04-23T00:37:17.686+0000] {cursor.py:1028} INFO - query: [MERGE INTO MBTA_VEHICLES AS target USING (SELECT 'y1275', '749', 42.34228162, -7...]
[2025-04-23T00:37:21.052+0000] {cursor.py:1041} INFO - query execution done
[2025-04-23T00:37:21.110+0000] {cursor.py:1028} INFO - query: [MERGE INTO MBTA_VEHICLES AS target USING (SELECT 'y1662', '35', 42.27761819, -71...]
[2025-04-23T00:37:24.642+0000] {cursor.py:1041} INFO - query execution done
[2025-04-23T00:37:24.676+0000] {cursor.py:1028} INFO - query: [MERGE INTO MBTA_VEHICLES AS target USING (SELECT 'y3324', '426', 42.45771871, -7...]
[2025-04-23T00:37:29.060+0000] {cursor.py:1041} INFO - query execution done
[2025-04-23T00:37:29.713+0000] {cursor.py:1028} INFO - query: [MERGE INTO MBTA_VEHICLES AS target USING (SELECT 'y0827', '230', 42.25276035, -7...]
[2025-04-23T00:37:31.650+0000] {cursor.py:1041} INFO - query execution done
[2025-04-23T00:37:32.262+0000] {cursor.py:1028} INFO - query: [MERGE INTO MBTA_VEHICLES AS target USING (SELECT 'dLF 951', '716', 42.139028449,...]
[2025-04-23T00:37:35.579+0000] {cursor.py:1041} INFO - query execution done
[2025-04-23T00:37:35.594+0000] {cursor.py:1028} INFO - query: [MERGE INTO MBTA_VEHICLES AS target USING (SELECT '1860', 'CR-Kingston', 42.01492...]
[2025-04-23T00:37:38.925+0000] {cursor.py:1041} INFO - query execution done
[2025-04-23T00:37:38.948+0000] {cursor.py:1028} INFO - query: [MERGE INTO MBTA_VEHICLES AS target USING (SELECT 'y1717', '29', 42.29527072, -71...]
[2025-04-23T00:37:42.482+0000] {cursor.py:1041} INFO - query execution done
[2025-04-23T00:37:42.516+0000] {cursor.py:1028} INFO - query: [MERGE INTO MBTA_VEHICLES AS target USING (SELECT 'y1727', '16', 42.30186911, -71...]
[2025-04-23T00:37:47.267+0000] {cursor.py:1041} INFO - query execution done
[2025-04-23T00:37:47.284+0000] {cursor.py:1028} INFO - query: [MERGE INTO MBTA_VEHICLES AS target USING (SELECT 'y0863', '354', 42.50997078, -7...]
[2025-04-23T00:37:50.696+0000] {cursor.py:1041} INFO - query execution done
[2025-04-23T00:37:50.711+0000] {cursor.py:1028} INFO - query: [MERGE INTO MBTA_VEHICLES AS target USING (SELECT 'y1205', '28', 42.2734466, -71....]
[2025-04-23T00:37:53.810+0000] {cursor.py:1041} INFO - query execution done
[2025-04-23T00:37:53.827+0000] {cursor.py:1028} INFO - query: [MERGE INTO MBTA_VEHICLES AS target USING (SELECT 'B-5482A82F', 'Blue', 42.41021,...]
[2025-04-23T00:37:57.304+0000] {cursor.py:1041} INFO - query execution done
[2025-04-23T00:37:57.741+0000] {cursor.py:1028} INFO - query: [MERGE INTO MBTA_VEHICLES AS target USING (SELECT 'y1689', '14', 42.27626628, -71...]
[2025-04-23T00:38:03.646+0000] {cursor.py:1041} INFO - query execution done
[2025-04-23T00:38:04.848+0000] {cursor.py:1028} INFO - query: [MERGE INTO MBTA_VEHICLES AS target USING (SELECT 'y1668', '36', 42.28173563, -71...]
[2025-04-23T00:38:10.748+0000] {cursor.py:1041} INFO - query execution done
[2025-04-23T00:38:10.823+0000] {cursor.py:1028} INFO - query: [MERGE INTO MBTA_VEHICLES AS target USING (SELECT 'y3280', '66', 42.37741, -71.12...]
[2025-04-23T00:38:13.486+0000] {cursor.py:1041} INFO - query execution done
[2025-04-23T00:38:13.512+0000] {cursor.py:1028} INFO - query: [MERGE INTO MBTA_VEHICLES AS target USING (SELECT 'y1958', '104', 42.4264183, -71...]
[2025-04-23T00:38:17.365+0000] {cursor.py:1041} INFO - query execution done
[2025-04-23T00:38:17.542+0000] {cursor.py:1028} INFO - query: [MERGE INTO MBTA_VEHICLES AS target USING (SELECT 'y1814', '9', 42.33555543, -71....]
[2025-04-23T00:38:21.048+0000] {cursor.py:1041} INFO - query execution done
[2025-04-23T00:38:21.319+0000] {cursor.py:1028} INFO - query: [MERGE INTO MBTA_VEHICLES AS target USING (SELECT 'B-5482AB0A', 'Blue', 42.36409,...]
[2025-04-23T00:38:25.457+0000] {cursor.py:1041} INFO - query execution done
[2025-04-23T00:38:25.484+0000] {cursor.py:1028} INFO - query: [MERGE INTO MBTA_VEHICLES AS target USING (SELECT 'y0818', '240', 42.272146739, -...]
[2025-04-23T00:38:28.753+0000] {cursor.py:1041} INFO - query execution done
[2025-04-23T00:38:28.776+0000] {cursor.py:1028} INFO - query: [MERGE INTO MBTA_VEHICLES AS target USING (SELECT 'y1823', '1', 42.33893071, -71....]
[2025-04-23T00:38:32.042+0000] {cursor.py:1041} INFO - query execution done
[2025-04-23T00:38:32.056+0000] {cursor.py:1028} INFO - query: [MERGE INTO MBTA_VEHICLES AS target USING (SELECT 'y1277', '751', 42.35103648, -7...]
[2025-04-23T00:38:36.991+0000] {cursor.py:1041} INFO - query execution done
[2025-04-23T00:38:37.002+0000] {cursor.py:1028} INFO - query: [MERGE INTO MBTA_VEHICLES AS target USING (SELECT '1814', 'CR-Newburyport', 42.52...]
[2025-04-23T00:38:40.264+0000] {cursor.py:1041} INFO - query execution done
[2025-04-23T00:38:40.291+0000] {cursor.py:1028} INFO - query: [MERGE INTO MBTA_VEHICLES AS target USING (SELECT 'G-10163', 'Green-D', 42.37131,...]
[2025-04-23T00:38:43.607+0000] {cursor.py:1041} INFO - query execution done
[2025-04-23T00:38:43.660+0000] {cursor.py:1028} INFO - query: [MERGE INTO MBTA_VEHICLES AS target USING (SELECT 'y1989', '111', 42.394587769, -...]
[2025-04-23T00:38:47.053+0000] {cursor.py:1041} INFO - query execution done
[2025-04-23T00:38:47.068+0000] {cursor.py:1028} INFO - query: [MERGE INTO MBTA_VEHICLES AS target USING (SELECT 'y3122', '109', 42.432361839, -...]
[2025-04-23T00:38:50.221+0000] {cursor.py:1041} INFO - query execution done
[2025-04-23T00:38:50.264+0000] {cursor.py:1028} INFO - query: [MERGE INTO MBTA_VEHICLES AS target USING (SELECT 'y3346', '116', 42.392946669, -...]
[2025-04-23T00:38:53.817+0000] {cursor.py:1041} INFO - query execution done
[2025-04-23T00:38:53.841+0000] {cursor.py:1028} INFO - query: [MERGE INTO MBTA_VEHICLES AS target USING (SELECT 'G-10024', 'Green-C', 42.35164,...]
[2025-04-23T00:38:57.136+0000] {cursor.py:1041} INFO - query execution done
[2025-04-23T00:38:57.149+0000] {cursor.py:1028} INFO - query: [MERGE INTO MBTA_VEHICLES AS target USING (SELECT 'y1419', '116', 42.41315, -70.9...]
[2025-04-23T00:39:00.664+0000] {cursor.py:1041} INFO - query execution done
[2025-04-23T00:39:00.840+0000] {cursor.py:1028} INFO - query: [MERGE INTO MBTA_VEHICLES AS target USING (SELECT 'G-10161', 'Green-D', 42.33682,...]
[2025-04-23T00:39:04.155+0000] {cursor.py:1041} INFO - query execution done
[2025-04-23T00:39:04.216+0000] {cursor.py:1028} INFO - query: [MERGE INTO MBTA_VEHICLES AS target USING (SELECT 'y1443', '100', 42.41779144, -7...]
[2025-04-23T00:39:08.248+0000] {cursor.py:1041} INFO - query execution done
[2025-04-23T00:39:08.417+0000] {cursor.py:1028} INFO - query: [MERGE INTO MBTA_VEHICLES AS target USING (SELECT 'G-10065', 'Green-E', 42.35188,...]
[2025-04-23T00:39:11.575+0000] {cursor.py:1041} INFO - query execution done
[2025-04-23T00:39:11.670+0000] {cursor.py:1028} INFO - query: [MERGE INTO MBTA_VEHICLES AS target USING (SELECT 'y1925', '110', 42.40464387, -7...]
[2025-04-23T00:39:17.032+0000] {cursor.py:1041} INFO - query execution done
[2025-04-23T00:39:17.255+0000] {cursor.py:1028} INFO - query: [MERGE INTO MBTA_VEHICLES AS target USING (SELECT 'G-10042', 'Green-E', 42.35301,...]
[2025-04-23T00:39:20.599+0000] {cursor.py:1041} INFO - query execution done
[2025-04-23T00:39:20.614+0000] {cursor.py:1028} INFO - query: [MERGE INTO MBTA_VEHICLES AS target USING (SELECT '1839', 'CR-Worcester', 42.3573...]
[2025-04-23T00:39:24.792+0000] {cursor.py:1041} INFO - query execution done
[2025-04-23T00:39:24.803+0000] {cursor.py:1028} INFO - query: [MERGE INTO MBTA_VEHICLES AS target USING (SELECT 'G-10148', 'Green-D', 42.34523,...]
[2025-04-23T00:39:28.761+0000] {cursor.py:1041} INFO - query execution done
[2025-04-23T00:39:28.809+0000] {cursor.py:1028} INFO - query: [MERGE INTO MBTA_VEHICLES AS target USING (SELECT 'y3004', '713', 42.37226397, -7...]
[2025-04-23T00:39:32.389+0000] {cursor.py:1041} INFO - query execution done
[2025-04-23T00:39:32.401+0000] {cursor.py:1028} INFO - query: [MERGE INTO MBTA_VEHICLES AS target USING (SELECT 'y1858', '60', 42.348537669, -7...]
[2025-04-23T00:39:36.221+0000] {cursor.py:1041} INFO - query execution done
[2025-04-23T00:39:36.240+0000] {cursor.py:1028} INFO - query: [MERGE INTO MBTA_VEHICLES AS target USING (SELECT 'y3267', '554', 42.37516815, -7...]
[2025-04-23T00:39:39.728+0000] {cursor.py:1041} INFO - query execution done
[2025-04-23T00:39:39.748+0000] {cursor.py:1028} INFO - query: [MERGE INTO MBTA_VEHICLES AS target USING (SELECT 'G-10310', 'Green-E', 42.36691,...]
[2025-04-23T00:39:43.389+0000] {cursor.py:1041} INFO - query execution done
[2025-04-23T00:39:43.406+0000] {cursor.py:1028} INFO - query: [MERGE INTO MBTA_VEHICLES AS target USING (SELECT 'O-5482AAB0', 'Orange', 42.3867...]
[2025-04-23T00:39:47.103+0000] {cursor.py:1041} INFO - query execution done
[2025-04-23T00:39:47.122+0000] {cursor.py:1028} INFO - query: [MERGE INTO MBTA_VEHICLES AS target USING (SELECT 'y1323', '743', 42.34657496, -7...]
[2025-04-23T00:39:50.508+0000] {cursor.py:1041} INFO - query execution done
[2025-04-23T00:39:50.528+0000] {cursor.py:1028} INFO - query: [MERGE INTO MBTA_VEHICLES AS target USING (SELECT 'G-10095', 'Green-D', 42.35018,...]
[2025-04-23T00:39:54.484+0000] {cursor.py:1041} INFO - query execution done
[2025-04-23T00:39:54.557+0000] {cursor.py:1028} INFO - query: [MERGE INTO MBTA_VEHICLES AS target USING (SELECT 'y0860', '104', 42.4061076, -71...]
[2025-04-23T00:39:57.932+0000] {cursor.py:1041} INFO - query execution done
[2025-04-23T00:39:58.213+0000] {cursor.py:1028} INFO - query: [MERGE INTO MBTA_VEHICLES AS target USING (SELECT 'y3323', '116', 42.39377579, -7...]
[2025-04-23T00:40:02.537+0000] {cursor.py:1041} INFO - query execution done
[2025-04-23T00:40:02.637+0000] {cursor.py:1028} INFO - query: [MERGE INTO MBTA_VEHICLES AS target USING (SELECT 'y0785', '230', 42.14522422, -7...]
[2025-04-23T00:40:04.763+0000] {cursor.py:1041} INFO - query execution done
[2025-04-23T00:40:04.780+0000] {cursor.py:1028} INFO - query: [MERGE INTO MBTA_VEHICLES AS target USING (SELECT 'y1790', '45', 42.328676889, -7...]
[2025-04-23T00:40:08.093+0000] {cursor.py:1041} INFO - query execution done
[2025-04-23T00:40:08.128+0000] {cursor.py:1028} INFO - query: [MERGE INTO MBTA_VEHICLES AS target USING (SELECT 'R-5482A905', 'Red', 42.37396, ...]
[2025-04-23T00:40:11.415+0000] {cursor.py:1041} INFO - query execution done
[2025-04-23T00:40:11.444+0000] {cursor.py:1028} INFO - query: [MERGE INTO MBTA_VEHICLES AS target USING (SELECT 'y1915', '15', 42.31946035, -71...]
[2025-04-23T00:40:14.806+0000] {cursor.py:1041} INFO - query execution done
[2025-04-23T00:40:14.842+0000] {cursor.py:1028} INFO - query: [MERGE INTO MBTA_VEHICLES AS target USING (SELECT 'y0806', '226', 42.1755958, -70...]
[2025-04-23T00:40:18.273+0000] {cursor.py:1041} INFO - query execution done
[2025-04-23T00:40:18.280+0000] {cursor.py:1028} INFO - query: [MERGE INTO MBTA_VEHICLES AS target USING (SELECT 'y2083', '70', 42.36385809, -71...]
[2025-04-23T00:40:21.941+0000] {cursor.py:1041} INFO - query execution done
[2025-04-23T00:40:21.953+0000] {cursor.py:1028} INFO - query: [MERGE INTO MBTA_VEHICLES AS target USING (SELECT 'y3325', '435', 42.541869959, -...]
[2025-04-23T00:40:25.313+0000] {cursor.py:1041} INFO - query execution done
[2025-04-23T00:40:25.327+0000] {cursor.py:1028} INFO - query: [MERGE INTO MBTA_VEHICLES AS target USING (SELECT 'y3351', '116', 42.41672919, -7...]
[2025-04-23T00:40:29.024+0000] {cursor.py:1041} INFO - query execution done
[2025-04-23T00:40:29.049+0000] {cursor.py:1028} INFO - query: [MERGE INTO MBTA_VEHICLES AS target USING (SELECT 'y1881', '43', 42.3548491, -71....]
[2025-04-23T00:40:32.726+0000] {cursor.py:1041} INFO - query execution done
[2025-04-23T00:40:32.740+0000] {cursor.py:1028} INFO - query: [MERGE INTO MBTA_VEHICLES AS target USING (SELECT 'y1932', '104', 42.39022869, -7...]
[2025-04-23T00:40:35.881+0000] {cursor.py:1041} INFO - query execution done
[2025-04-23T00:40:35.921+0000] {cursor.py:1028} INFO - query: [MERGE INTO MBTA_VEHICLES AS target USING (SELECT 'y2067', '67', 42.4078289, -71....]
[2025-04-23T00:40:39.156+0000] {cursor.py:1041} INFO - query execution done
[2025-04-23T00:40:39.177+0000] {cursor.py:1028} INFO - query: [MERGE INTO MBTA_VEHICLES AS target USING (SELECT 'y3255', '57', 42.34986173, -71...]
[2025-04-23T00:40:42.898+0000] {cursor.py:1041} INFO - query execution done
[2025-04-23T00:40:42.908+0000] {cursor.py:1028} INFO - query: [MERGE INTO MBTA_VEHICLES AS target USING (SELECT 'y1971', '70', 42.36581, -71.18...]
[2025-04-23T00:40:46.279+0000] {cursor.py:1041} INFO - query execution done
[2025-04-23T00:40:46.680+0000] {cursor.py:1028} INFO - query: [MERGE INTO MBTA_VEHICLES AS target USING (SELECT 'y2095', '88', 42.37825, -71.08...]
[2025-04-23T00:40:49.772+0000] {cursor.py:1041} INFO - query execution done
[2025-04-23T00:40:49.822+0000] {cursor.py:1028} INFO - query: [MERGE INTO MBTA_VEHICLES AS target USING (SELECT 'G-10309', 'Green-B', 42.34901,...]
[2025-04-23T00:40:52.980+0000] {cursor.py:1041} INFO - query execution done
[2025-04-23T00:40:53.029+0000] {cursor.py:1028} INFO - query: [MERGE INTO MBTA_VEHICLES AS target USING (SELECT 'y2014', '110', 42.41549276, -7...]
[2025-04-23T00:40:56.552+0000] {cursor.py:1041} INFO - query execution done
[2025-04-23T00:40:56.597+0000] {cursor.py:1028} INFO - query: [MERGE INTO MBTA_VEHICLES AS target USING (SELECT '1836', 'CR-NewBedford', 41.892...]
[2025-04-23T00:41:00.589+0000] {cursor.py:1041} INFO - query execution done
[2025-04-23T00:41:00.610+0000] {cursor.py:1028} INFO - query: [MERGE INTO MBTA_VEHICLES AS target USING (SELECT 'G-10164', 'Green-C', 42.34763,...]
[2025-04-23T00:41:04.048+0000] {cursor.py:1041} INFO - query execution done
[2025-04-23T00:41:04.069+0000] {cursor.py:1028} INFO - query: [MERGE INTO MBTA_VEHICLES AS target USING (SELECT 'y0852', '106', 42.40461969, -7...]
[2025-04-23T00:41:07.218+0000] {cursor.py:1041} INFO - query execution done
[2025-04-23T00:41:07.236+0000] {cursor.py:1028} INFO - query: [MERGE INTO MBTA_VEHICLES AS target USING (SELECT 'y1865', '60', 42.34253177, -71...]
[2025-04-23T00:41:10.248+0000] {cursor.py:1041} INFO - query execution done
[2025-04-23T00:41:10.256+0000] {cursor.py:1028} INFO - query: [MERGE INTO MBTA_VEHICLES AS target USING (SELECT 'y1219', '16', 42.32489507, -71...]
[2025-04-23T00:41:13.689+0000] {cursor.py:1041} INFO - query execution done
[2025-04-23T00:41:13.700+0000] {cursor.py:1028} INFO - query: [MERGE INTO MBTA_VEHICLES AS target USING (SELECT 'y1946', '89', 42.39058572, -71...]
[2025-04-23T00:41:17.008+0000] {cursor.py:1041} INFO - query execution done
[2025-04-23T00:41:17.024+0000] {cursor.py:1028} INFO - query: [MERGE INTO MBTA_VEHICLES AS target USING (SELECT 'y1650', '29', 42.30257014, -71...]
[2025-04-23T00:41:20.372+0000] {cursor.py:1041} INFO - query execution done
[2025-04-23T00:41:20.386+0000] {cursor.py:1028} INFO - query: [MERGE INTO MBTA_VEHICLES AS target USING (SELECT 'y1670', '24', 42.2459628, -71....]
[2025-04-23T00:41:23.801+0000] {cursor.py:1041} INFO - query execution done
[2025-04-23T00:41:23.820+0000] {cursor.py:1028} INFO - query: [MERGE INTO MBTA_VEHICLES AS target USING (SELECT '1703', 'CR-Haverhill', 42.6727...]
[2025-04-23T00:41:27.293+0000] {cursor.py:1041} INFO - query execution done
[2025-04-23T00:41:27.491+0000] {cursor.py:1028} INFO - query: [MERGE INTO MBTA_VEHICLES AS target USING (SELECT 'O-5482A813', 'Orange', 42.3059...]
[2025-04-23T00:41:31.065+0000] {cursor.py:1041} INFO - query execution done
[2025-04-23T00:41:31.092+0000] {cursor.py:1028} INFO - query: [MERGE INTO MBTA_VEHICLES AS target USING (SELECT 'y1845', '16', 42.33026, -71.05...]
[2025-04-23T00:41:34.760+0000] {cursor.py:1041} INFO - query execution done
[2025-04-23T00:41:34.804+0000] {cursor.py:1028} INFO - query: [MERGE INTO MBTA_VEHICLES AS target USING (SELECT '1822', 'CR-Greenbush', 42.2449...]
[2025-04-23T00:41:37.448+0000] {cursor.py:1041} INFO - query execution done
[2025-04-23T00:41:37.467+0000] {cursor.py:1028} INFO - query: [MERGE INTO MBTA_VEHICLES AS target USING (SELECT 'y3005', '713', 42.36041475, -7...]
[2025-04-23T00:41:40.427+0000] {cursor.py:1041} INFO - query execution done
[2025-04-23T00:41:40.487+0000] {cursor.py:1028} INFO - query: [MERGE INTO MBTA_VEHICLES AS target USING (SELECT 'y3248', '66', 42.35052224, -71...]
[2025-04-23T00:41:43.777+0000] {cursor.py:1041} INFO - query execution done
[2025-04-23T00:41:43.807+0000] {cursor.py:1028} INFO - query: [MERGE INTO MBTA_VEHICLES AS target USING (SELECT 'G-10254', 'Green-E', 42.38651,...]
[2025-04-23T00:41:46.999+0000] {cursor.py:1041} INFO - query execution done
[2025-04-23T00:41:47.021+0000] {cursor.py:1028} INFO - query: [MERGE INTO MBTA_VEHICLES AS target USING (SELECT '1807', 'CR-Lowell', 42.4920730...]
[2025-04-23T00:41:50.358+0000] {cursor.py:1041} INFO - query execution done
[2025-04-23T00:41:50.379+0000] {cursor.py:1028} INFO - query: [MERGE INTO MBTA_VEHICLES AS target USING (SELECT 'y1254', '28', 42.26779886, -71...]
[2025-04-23T00:41:53.933+0000] {cursor.py:1041} INFO - query execution done
[2025-04-23T00:41:53.942+0000] {cursor.py:1028} INFO - query: [MERGE INTO MBTA_VEHICLES AS target USING (SELECT 'y3240', '44', 42.31606102, -71...]
[2025-04-23T00:41:57.063+0000] {cursor.py:1041} INFO - query execution done
[2025-04-23T00:41:57.106+0000] {cursor.py:1028} INFO - query: [MERGE INTO MBTA_VEHICLES AS target USING (SELECT 'y3130', '109', 42.4104091, -71...]
[2025-04-23T00:42:01.004+0000] {cursor.py:1041} INFO - query execution done
[2025-04-23T00:42:01.347+0000] {cursor.py:1028} INFO - query: [MERGE INTO MBTA_VEHICLES AS target USING (SELECT 'y3118', '96', 42.38638645, -71...]
[2025-04-23T00:42:04.075+0000] {cursor.py:1041} INFO - query execution done
[2025-04-23T00:42:04.082+0000] {cursor.py:1028} INFO - query: [MERGE INTO MBTA_VEHICLES AS target USING (SELECT 'G-10115', 'Green-B', 42.35113,...]
