[2025-04-18T02:00:02.259+0000] {taskinstance.py:1956} INFO - Dependencies all met for dep_context=non-requeueable deps ti=<TaskInstance: mbta_ingestion_dag.extract_from_kafka scheduled__2025-04-18T01:00:00+00:00 [queued]>
[2025-04-18T02:00:02.270+0000] {taskinstance.py:1956} INFO - Dependencies all met for dep_context=requeueable deps ti=<TaskInstance: mbta_ingestion_dag.extract_from_kafka scheduled__2025-04-18T01:00:00+00:00 [queued]>
[2025-04-18T02:00:02.270+0000] {taskinstance.py:2170} INFO - Starting attempt 1 of 2
[2025-04-18T02:00:02.287+0000] {taskinstance.py:2191} INFO - Executing <Task(PythonOperator): extract_from_kafka> on 2025-04-18 01:00:00+00:00
[2025-04-18T02:00:02.296+0000] {standard_task_runner.py:60} INFO - Started process 658 to run task
[2025-04-18T02:00:02.301+0000] {standard_task_runner.py:87} INFO - Running: ['***', 'tasks', 'run', 'mbta_ingestion_dag', 'extract_from_kafka', 'scheduled__2025-04-18T01:00:00+00:00', '--job-id', '14', '--raw', '--subdir', 'DAGS_FOLDER/mbta_ingestion_dag.py', '--cfg-path', '/tmp/tmpd8dsra7u']
[2025-04-18T02:00:02.306+0000] {standard_task_runner.py:88} INFO - Job 14: Subtask extract_from_kafka
[2025-04-18T02:00:02.388+0000] {task_command.py:423} INFO - Running <TaskInstance: mbta_ingestion_dag.extract_from_kafka scheduled__2025-04-18T01:00:00+00:00 [running]> on host 62d421885c4a
[2025-04-18T02:00:02.512+0000] {taskinstance.py:2480} INFO - Exporting env vars: AIRFLOW_CTX_DAG_OWNER='***' AIRFLOW_CTX_DAG_ID='mbta_ingestion_dag' AIRFLOW_CTX_TASK_ID='extract_from_kafka' AIRFLOW_CTX_EXECUTION_DATE='2025-04-18T01:00:00+00:00' AIRFLOW_CTX_TRY_NUMBER='1' AIRFLOW_CTX_DAG_RUN_ID='scheduled__2025-04-18T01:00:00+00:00'
[2025-04-18T02:00:02.515+0000] {mbta_ingestion_dag.py:27} INFO - ✅ Extracting data from Kafka... (dummy placeholder)
[2025-04-18T02:00:02.515+0000] {python.py:201} INFO - Done. Returned value was: None
[2025-04-18T02:00:02.524+0000] {taskinstance.py:1138} INFO - Marking task as SUCCESS. dag_id=mbta_ingestion_dag, task_id=extract_from_kafka, execution_date=20250418T010000, start_date=20250418T020002, end_date=20250418T020002
[2025-04-18T02:00:02.569+0000] {local_task_job_runner.py:234} INFO - Task exited with return code 0
[2025-04-18T02:00:02.600+0000] {taskinstance.py:3280} INFO - 1 downstream tasks scheduled from follow-on schedule check
[2025-04-18T02:06:04.197+0000] {taskinstance.py:1956} INFO - Dependencies all met for dep_context=non-requeueable deps ti=<TaskInstance: mbta_ingestion_dag.extract_from_kafka scheduled__2025-04-18T01:00:00+00:00 [queued]>
[2025-04-18T02:06:04.203+0000] {taskinstance.py:1956} INFO - Dependencies all met for dep_context=requeueable deps ti=<TaskInstance: mbta_ingestion_dag.extract_from_kafka scheduled__2025-04-18T01:00:00+00:00 [queued]>
[2025-04-18T02:06:04.203+0000] {taskinstance.py:2170} INFO - Starting attempt 1 of 2
[2025-04-18T02:06:04.212+0000] {taskinstance.py:2191} INFO - Executing <Task(PythonOperator): extract_from_kafka> on 2025-04-18 01:00:00+00:00
[2025-04-18T02:06:04.220+0000] {standard_task_runner.py:60} INFO - Started process 255 to run task
[2025-04-18T02:06:04.227+0000] {standard_task_runner.py:87} INFO - Running: ['***', 'tasks', 'run', 'mbta_ingestion_dag', 'extract_from_kafka', 'scheduled__2025-04-18T01:00:00+00:00', '--job-id', '3', '--raw', '--subdir', 'DAGS_FOLDER/mbta_ingestion_dag.py', '--cfg-path', '/tmp/tmp1we24wnu']
[2025-04-18T02:06:04.232+0000] {standard_task_runner.py:88} INFO - Job 3: Subtask extract_from_kafka
[2025-04-18T02:06:04.329+0000] {task_command.py:423} INFO - Running <TaskInstance: mbta_ingestion_dag.extract_from_kafka scheduled__2025-04-18T01:00:00+00:00 [running]> on host 1ab300f7064e
[2025-04-18T02:06:04.408+0000] {taskinstance.py:2480} INFO - Exporting env vars: AIRFLOW_CTX_DAG_OWNER='***' AIRFLOW_CTX_DAG_ID='mbta_ingestion_dag' AIRFLOW_CTX_TASK_ID='extract_from_kafka' AIRFLOW_CTX_EXECUTION_DATE='2025-04-18T01:00:00+00:00' AIRFLOW_CTX_TRY_NUMBER='1' AIRFLOW_CTX_DAG_RUN_ID='scheduled__2025-04-18T01:00:00+00:00'
[2025-04-18T02:06:04.411+0000] {mbta_ingestion_dag.py:27} INFO - ✅ Extracting data from Kafka... (dummy placeholder)
[2025-04-18T02:06:04.411+0000] {python.py:201} INFO - Done. Returned value was: None
[2025-04-18T02:06:04.417+0000] {taskinstance.py:1138} INFO - Marking task as SUCCESS. dag_id=mbta_ingestion_dag, task_id=extract_from_kafka, execution_date=20250418T010000, start_date=20250418T020604, end_date=20250418T020604
[2025-04-18T02:06:04.449+0000] {local_task_job_runner.py:234} INFO - Task exited with return code 0
[2025-04-18T02:06:04.470+0000] {taskinstance.py:3280} INFO - 1 downstream tasks scheduled from follow-on schedule check
