[2025-04-24T20:07:11.175+0000] {taskinstance.py:1956} INFO - Dependencies all met for dep_context=non-requeueable deps ti=<TaskInstance: mbta_kafka_consumer_dag.run_kafka_consumer scheduled__2025-04-24T20:00:00+00:00 [queued]>
[2025-04-24T20:07:11.188+0000] {taskinstance.py:1956} INFO - Dependencies all met for dep_context=requeueable deps ti=<TaskInstance: mbta_kafka_consumer_dag.run_kafka_consumer scheduled__2025-04-24T20:00:00+00:00 [queued]>
[2025-04-24T20:07:11.189+0000] {taskinstance.py:2170} INFO - Starting attempt 2 of 2
[2025-04-24T20:07:11.204+0000] {taskinstance.py:2191} INFO - Executing <Task(PythonOperator): run_kafka_consumer> on 2025-04-24 20:00:00+00:00
[2025-04-24T20:07:11.220+0000] {standard_task_runner.py:60} INFO - Started process 1108 to run task
[2025-04-24T20:07:11.229+0000] {standard_task_runner.py:87} INFO - Running: ['***', 'tasks', 'run', 'mbta_kafka_consumer_dag', 'run_kafka_consumer', 'scheduled__2025-04-24T20:00:00+00:00', '--job-id', '1193', '--raw', '--subdir', 'DAGS_FOLDER/mbta_kafka_consumer_dag.py', '--cfg-path', '/tmp/tmprss1ywte']
[2025-04-24T20:07:11.233+0000] {standard_task_runner.py:88} INFO - Job 1193: Subtask run_kafka_consumer
[2025-04-24T20:07:11.308+0000] {task_command.py:423} INFO - Running <TaskInstance: mbta_kafka_consumer_dag.run_kafka_consumer scheduled__2025-04-24T20:00:00+00:00 [running]> on host 7d28d756df2b
[2025-04-24T20:07:11.549+0000] {taskinstance.py:2480} INFO - Exporting env vars: AIRFLOW_CTX_DAG_OWNER='***' AIRFLOW_CTX_DAG_ID='mbta_kafka_consumer_dag' AIRFLOW_CTX_TASK_ID='run_kafka_consumer' AIRFLOW_CTX_EXECUTION_DATE='2025-04-24T20:00:00+00:00' AIRFLOW_CTX_TRY_NUMBER='2' AIRFLOW_CTX_DAG_RUN_ID='scheduled__2025-04-24T20:00:00+00:00'
[2025-04-24T20:07:11.554+0000] {connection.py:370} INFO - Snowflake Connector for Python Version: 3.6.0, Python Version: 3.9.18, Platform: Linux-6.10.14-linuxkit-aarch64-with-glibc2.36
[2025-04-24T20:07:11.556+0000] {connection.py:1171} INFO - This connection is in OCSP Fail Open Mode. TLS Certificates would be checked for validity and revocation status. Any other Certificate Revocation related exceptions or OCSP Responder failures would be disregarded in favor of connectivity.
[2025-04-24T20:07:12.412+0000] {mbta_kafka_consumer.py:52} INFO - ✅ Connected to Snowflake successfully.
[2025-04-24T20:07:12.414+0000] {mbta_kafka_consumer.py:266} INFO - 🚀 Starting MBTA Kafka Consumer...
[2025-04-24T20:07:12.418+0000] {conn.py:395} INFO - <BrokerConnection client_id=kafka-python-2.1.5, node_id=bootstrap-0 host=kafka:9092 <connecting> [IPv4 ('172.18.0.4', 9092)]>: connecting to kafka:9092 [('172.18.0.4', 9092) IPv4]
[2025-04-24T20:07:12.528+0000] {conn.py:615} INFO - <BrokerConnection client_id=kafka-python-2.1.5, node_id=bootstrap-0 host=kafka:9092 <checking_api_versions_recv> [IPv4 ('172.18.0.4', 9092)]>: Broker version identified as 2.6
[2025-04-24T20:07:12.529+0000] {conn.py:456} INFO - <BrokerConnection client_id=kafka-python-2.1.5, node_id=bootstrap-0 host=kafka:9092 <connected> [IPv4 ('172.18.0.4', 9092)]>: Connection complete.
[2025-04-24T20:07:12.539+0000] {consumer.py:119} WARNING - group_id is None: disabling auto-commit.
[2025-04-24T20:07:12.540+0000] {subscription_state.py:182} INFO - Updating subscribed topics to: ('mbta_alerts', 'mbta_routes', 'mbta_stops', 'mbta_vehicles', 'mbta_predictions', 'mbta_schedules', 'mbta_lines', 'mbta_facilities')
[2025-04-24T20:07:12.551+0000] {subscription_state.py:254} INFO - Updated partition assignment: [('mbta_vehicles', 0), ('mbta_predictions', 0), ('mbta_lines', 0), ('mbta_stops', 0), ('mbta_facilities', 0), ('mbta_schedules', 0), ('mbta_routes', 0), ('mbta_alerts', 0)]
[2025-04-24T20:07:12.553+0000] {conn.py:395} INFO - <BrokerConnection client_id=kafka-python-2.1.5, node_id=1 host=kafka:9092 <connecting> [IPv4 ('172.18.0.4', 9092)]>: connecting to kafka:9092 [('172.18.0.4', 9092) IPv4]
[2025-04-24T20:07:12.553+0000] {conn.py:456} INFO - <BrokerConnection client_id=kafka-python-2.1.5, node_id=1 host=kafka:9092 <connected> [IPv4 ('172.18.0.4', 9092)]>: Connection complete.
[2025-04-24T20:07:12.553+0000] {conn.py:936} INFO - <BrokerConnection client_id=kafka-python-2.1.5, node_id=bootstrap-0 host=kafka:9092 <connected> [IPv4 ('172.18.0.4', 9092)]>: Closing connection. 
[2025-04-24T20:07:16.148+0000] {mbta_kafka_consumer.py:280} INFO - 📥 Received 500 records from topic: mbta_facilities
[2025-04-24T20:07:16.280+0000] {mbta_kafka_consumer.py:258} ERROR - ❌ Error processing topic mbta_facilities: 'NoneType' object has no attribute 'get'
[2025-04-24T20:07:16.649+0000] {mbta_kafka_consumer.py:280} INFO - 📥 Received 701 records from topic: mbta_vehicles
[2025-04-24T20:07:18.640+0000] {mbta_kafka_consumer.py:62} INFO - 🔍 Sample data for MBTA_VEHICLES:
[2025-04-24T20:07:18.685+0000] {mbta_kafka_consumer.py:63} INFO - 
   VEHICLE_ID ROUTE_ID  ...         STATUS                 CREATED_AT
0       y3259       66  ...     STOPPED_AT 2025-04-24 20:07:17.355988
1     G-10315  Green-C  ...     STOPPED_AT 2025-04-24 20:07:17.360668
2  R-5482A2DC      Red  ...    INCOMING_AT 2025-04-24 20:07:17.361438
3       y1642      34E  ...  IN_TRANSIT_TO 2025-04-24 20:07:17.361444
4       y1972      111  ...     STOPPED_AT 2025-04-24 20:07:17.361455

[5 rows x 8 columns]
[2025-04-24T20:07:18.990+0000] {cursor.py:1028} INFO - query: [SELECT * FROM MBTA_VEHICLES WHERE VEHICLE_ID IN ('y3259','G-10315','R-5482A2DC',...]
[2025-04-24T20:07:19.424+0000] {cursor.py:1041} INFO - query execution done
[2025-04-24T20:07:19.438+0000] {cursor.py:1205} INFO - Number of results in first chunk: 730
[2025-04-24T20:07:19.612+0000] {mbta_kafka_consumer.py:112} INFO - 🔁 88 new/updated records out of 701 incoming records (some may be duplicates) for MBTA_VEHICLES
[2025-04-24T20:07:19.615+0000] {cursor.py:1028} INFO - query: [MERGE INTO MBTA_VEHICLES AS target USING (SELECT 'ynk307', 'Shuttle-Generic', 42...]
[2025-04-24T20:07:21.898+0000] {cursor.py:1041} INFO - query execution done
[2025-04-24T20:07:21.907+0000] {cursor.py:1028} INFO - query: [MERGE INTO MBTA_VEHICLES AS target USING (SELECT 'y1305', '743', 42.3966981, -71...]
[2025-04-24T20:07:24.716+0000] {cursor.py:1041} INFO - query execution done
[2025-04-24T20:07:24.722+0000] {cursor.py:1028} INFO - query: [MERGE INTO MBTA_VEHICLES AS target USING (SELECT 'y3221', '57', 42.35619, -71.18...]
[2025-04-24T20:07:27.382+0000] {cursor.py:1041} INFO - query execution done
[2025-04-24T20:07:27.406+0000] {cursor.py:1028} INFO - query: [MERGE INTO MBTA_VEHICLES AS target USING (SELECT 'y1749', '22', 42.336678589, -7...]
[2025-04-24T20:07:30.461+0000] {cursor.py:1041} INFO - query execution done
[2025-04-24T20:07:30.934+0000] {cursor.py:1028} INFO - query: [MERGE INTO MBTA_VEHICLES AS target USING (SELECT 'y1264', '28', 42.33556713, -71...]
[2025-04-24T20:07:33.960+0000] {cursor.py:1041} INFO - query execution done
[2025-04-24T20:07:33.988+0000] {cursor.py:1028} INFO - query: [MERGE INTO MBTA_VEHICLES AS target USING (SELECT 'y2098', '78', 42.40854662, -71...]
[2025-04-24T20:07:36.412+0000] {cursor.py:1041} INFO - query execution done
[2025-04-24T20:07:36.421+0000] {cursor.py:1028} INFO - query: [MERGE INTO MBTA_VEHICLES AS target USING (SELECT 'y1797', 'Shuttle-Generic', 42....]
[2025-04-24T20:07:39.075+0000] {cursor.py:1041} INFO - query execution done
[2025-04-24T20:07:39.083+0000] {cursor.py:1028} INFO - query: [MERGE INTO MBTA_VEHICLES AS target USING (SELECT 'y1930', '111', 42.39330272, -7...]
[2025-04-24T20:07:41.633+0000] {cursor.py:1041} INFO - query execution done
[2025-04-24T20:07:41.674+0000] {cursor.py:1028} INFO - query: [MERGE INTO MBTA_VEHICLES AS target USING (SELECT 'y1649', '31', 42.26605482, -71...]
[2025-04-24T20:07:44.480+0000] {cursor.py:1041} INFO - query execution done
[2025-04-24T20:07:44.489+0000] {cursor.py:1028} INFO - query: [MERGE INTO MBTA_VEHICLES AS target USING (SELECT 'y1880', '8', 42.3447445, -71.1...]
[2025-04-24T20:07:47.185+0000] {cursor.py:1041} INFO - query execution done
[2025-04-24T20:07:47.194+0000] {cursor.py:1028} INFO - query: [MERGE INTO MBTA_VEHICLES AS target USING (SELECT 'y1687', '30', 42.28595552, -71...]
[2025-04-24T20:07:49.806+0000] {cursor.py:1041} INFO - query execution done
[2025-04-24T20:07:49.813+0000] {cursor.py:1028} INFO - query: [MERGE INTO MBTA_VEHICLES AS target USING (SELECT 'y0811', '238', 42.25528271, -7...]
[2025-04-24T20:07:52.403+0000] {cursor.py:1041} INFO - query execution done
[2025-04-24T20:07:52.410+0000] {cursor.py:1028} INFO - query: [MERGE INTO MBTA_VEHICLES AS target USING (SELECT 'y1811', '501', 42.35777008, -7...]
[2025-04-24T20:07:54.947+0000] {cursor.py:1041} INFO - query execution done
[2025-04-24T20:07:54.958+0000] {cursor.py:1028} INFO - query: [MERGE INTO MBTA_VEHICLES AS target USING (SELECT 'y3355', '116', 42.36985, -71.0...]
[2025-04-24T20:07:58.476+0000] {cursor.py:1041} INFO - query execution done
[2025-04-24T20:07:58.489+0000] {cursor.py:1028} INFO - query: [MERGE INTO MBTA_VEHICLES AS target USING (SELECT 'y2042', '101', 42.42699, -71.0...]
[2025-04-24T20:08:01.406+0000] {cursor.py:1041} INFO - query execution done
[2025-04-24T20:08:01.426+0000] {cursor.py:1028} INFO - query: [MERGE INTO MBTA_VEHICLES AS target USING (SELECT 'y2035', '88', 42.37240504, -71...]
[2025-04-24T20:08:04.110+0000] {cursor.py:1041} INFO - query execution done
[2025-04-24T20:08:04.131+0000] {cursor.py:1028} INFO - query: [MERGE INTO MBTA_VEHICLES AS target USING (SELECT 'y1405', '97', 42.40267799, -71...]
[2025-04-24T20:08:06.741+0000] {cursor.py:1041} INFO - query execution done
[2025-04-24T20:08:06.749+0000] {cursor.py:1028} INFO - query: [MERGE INTO MBTA_VEHICLES AS target USING (SELECT 'y1640', '31', 42.272560519, -7...]
[2025-04-24T20:08:09.231+0000] {cursor.py:1041} INFO - query execution done
[2025-04-24T20:08:09.255+0000] {cursor.py:1028} INFO - query: [MERGE INTO MBTA_VEHICLES AS target USING (SELECT 'y2075', '80', 42.4152663, -71....]
[2025-04-24T20:08:11.892+0000] {cursor.py:1041} INFO - query execution done
[2025-04-24T20:08:11.900+0000] {cursor.py:1028} INFO - query: [MERGE INTO MBTA_VEHICLES AS target USING (SELECT 'y1868', '45', 42.32957103, -71...]
[2025-04-24T20:08:14.783+0000] {cursor.py:1041} INFO - query execution done
[2025-04-24T20:08:14.811+0000] {cursor.py:1028} INFO - query: [MERGE INTO MBTA_VEHICLES AS target USING (SELECT 'y1838', '65', 42.34889, -71.09...]
[2025-04-24T20:08:17.264+0000] {cursor.py:1041} INFO - query execution done
[2025-04-24T20:08:17.269+0000] {cursor.py:1028} INFO - query: [MERGE INTO MBTA_VEHICLES AS target USING (SELECT 'G-10294', 'Green-E', 42.34587,...]
[2025-04-24T20:08:20.864+0000] {cursor.py:1041} INFO - query execution done
[2025-04-24T20:08:20.868+0000] {cursor.py:1028} INFO - query: [MERGE INTO MBTA_VEHICLES AS target USING (SELECT 'R-5482AB14', 'Red', 42.27582, ...]
[2025-04-24T20:08:23.514+0000] {cursor.py:1041} INFO - query execution done
[2025-04-24T20:08:23.526+0000] {cursor.py:1028} INFO - query: [MERGE INTO MBTA_VEHICLES AS target USING (SELECT 'ynk304', 'Shuttle-Generic', 42...]
[2025-04-24T20:08:26.081+0000] {cursor.py:1041} INFO - query execution done
[2025-04-24T20:08:26.111+0000] {cursor.py:1028} INFO - query: [MERGE INTO MBTA_VEHICLES AS target USING (SELECT 'y0907', '211', 42.2971023, -71...]
[2025-04-24T20:08:28.661+0000] {cursor.py:1041} INFO - query execution done
[2025-04-24T20:08:28.680+0000] {cursor.py:1028} INFO - query: [MERGE INTO MBTA_VEHICLES AS target USING (SELECT 'y1439', '106', 42.42304595, -7...]
[2025-04-24T20:08:31.320+0000] {cursor.py:1041} INFO - query execution done
[2025-04-24T20:08:31.330+0000] {cursor.py:1028} INFO - query: [MERGE INTO MBTA_VEHICLES AS target USING (SELECT 'y1626', '40', 42.26330017, -71...]
[2025-04-24T20:08:33.961+0000] {cursor.py:1041} INFO - query execution done
[2025-04-24T20:08:34.123+0000] {cursor.py:1028} INFO - query: [MERGE INTO MBTA_VEHICLES AS target USING (SELECT 'y0875', '134', 42.46137668, -7...]
[2025-04-24T20:08:36.582+0000] {cursor.py:1041} INFO - query execution done
[2025-04-24T20:08:36.594+0000] {cursor.py:1028} INFO - query: [MERGE INTO MBTA_VEHICLES AS target USING (SELECT 'R-548298C1', 'Red', 42.35648, ...]
[2025-04-24T20:08:39.062+0000] {cursor.py:1041} INFO - query execution done
[2025-04-24T20:08:39.077+0000] {cursor.py:1028} INFO - query: [MERGE INTO MBTA_VEHICLES AS target USING (SELECT 'y2068', '71', 42.375231183, -7...]
[2025-04-24T20:08:41.794+0000] {cursor.py:1041} INFO - query execution done
[2025-04-24T20:08:41.806+0000] {cursor.py:1028} INFO - query: [MERGE INTO MBTA_VEHICLES AS target USING (SELECT 'y2036', '71', 42.3755363, -71....]
[2025-04-24T20:08:44.327+0000] {cursor.py:1041} INFO - query execution done
[2025-04-24T20:08:44.355+0000] {cursor.py:1028} INFO - query: [MERGE INTO MBTA_VEHICLES AS target USING (SELECT 'y3332', '116', 42.40822, -71.0...]
[2025-04-24T20:08:46.966+0000] {cursor.py:1041} INFO - query execution done
[2025-04-24T20:08:46.987+0000] {cursor.py:1028} INFO - query: [MERGE INTO MBTA_VEHICLES AS target USING (SELECT 'y1839', '15', 42.32947139, -71...]
[2025-04-24T20:08:49.426+0000] {cursor.py:1041} INFO - query execution done
[2025-04-24T20:08:49.476+0000] {cursor.py:1028} INFO - query: [MERGE INTO MBTA_VEHICLES AS target USING (SELECT 'y3354', '116', 42.41404834, -7...]
[2025-04-24T20:08:52.055+0000] {cursor.py:1041} INFO - query execution done
[2025-04-24T20:08:52.089+0000] {cursor.py:1028} INFO - query: [MERGE INTO MBTA_VEHICLES AS target USING (SELECT 'y0841', '104', 42.420976199, -...]
[2025-04-24T20:08:54.806+0000] {cursor.py:1041} INFO - query execution done
[2025-04-24T20:08:54.817+0000] {cursor.py:1028} INFO - query: [MERGE INTO MBTA_VEHICLES AS target USING (SELECT 'G-10018', 'Green-C', 42.35929,...]
[2025-04-24T20:08:57.435+0000] {cursor.py:1041} INFO - query execution done
[2025-04-24T20:08:57.441+0000] {cursor.py:1028} INFO - query: [MERGE INTO MBTA_VEHICLES AS target USING (SELECT 'y0803', '201', 42.29168638, -7...]
[2025-04-24T20:09:00.979+0000] {cursor.py:1041} INFO - query execution done
[2025-04-24T20:09:00.986+0000] {cursor.py:1028} INFO - query: [MERGE INTO MBTA_VEHICLES AS target USING (SELECT 'y1780', '45', 42.30225, -71.08...]
[2025-04-24T20:09:03.784+0000] {cursor.py:1041} INFO - query execution done
[2025-04-24T20:09:03.785+0000] {cursor.py:1028} INFO - query: [MERGE INTO MBTA_VEHICLES AS target USING (SELECT 'y1952', '104', 42.42655, -71.0...]
[2025-04-24T20:09:06.698+0000] {cursor.py:1041} INFO - query execution done
[2025-04-24T20:09:06.714+0000] {cursor.py:1028} INFO - query: [MERGE INTO MBTA_VEHICLES AS target USING (SELECT 'y2020', '89', 42.39785739, -71...]
[2025-04-24T20:09:09.657+0000] {cursor.py:1041} INFO - query execution done
[2025-04-24T20:09:09.678+0000] {cursor.py:1028} INFO - query: [MERGE INTO MBTA_VEHICLES AS target USING (SELECT 'y3229', '23', 42.28528, -71.06...]
[2025-04-24T20:09:12.096+0000] {cursor.py:1041} INFO - query execution done
[2025-04-24T20:09:12.114+0000] {cursor.py:1028} INFO - query: [MERGE INTO MBTA_VEHICLES AS target USING (SELECT 'G-10026', 'Green-D', 42.34977,...]
[2025-04-24T20:09:14.906+0000] {cursor.py:1041} INFO - query execution done
[2025-04-24T20:09:14.911+0000] {cursor.py:1028} INFO - query: [MERGE INTO MBTA_VEHICLES AS target USING (SELECT 'y1615', '50', 42.28730511, -71...]
[2025-04-24T20:09:18.041+0000] {cursor.py:1041} INFO - query execution done
[2025-04-24T20:09:18.048+0000] {cursor.py:1028} INFO - query: [MERGE INTO MBTA_VEHICLES AS target USING (SELECT 'y2030', '70', 42.37628412, -71...]
[2025-04-24T20:09:20.680+0000] {cursor.py:1041} INFO - query execution done
[2025-04-24T20:09:20.696+0000] {cursor.py:1028} INFO - query: [MERGE INTO MBTA_VEHICLES AS target USING (SELECT 'y3356', '442', 42.42012435, -7...]
[2025-04-24T20:09:23.700+0000] {cursor.py:1041} INFO - query execution done
[2025-04-24T20:09:23.714+0000] {cursor.py:1028} INFO - query: [MERGE INTO MBTA_VEHICLES AS target USING (SELECT 'y0896', '106', 42.43121777, -7...]
[2025-04-24T20:09:26.328+0000] {cursor.py:1041} INFO - query execution done
[2025-04-24T20:09:26.333+0000] {cursor.py:1028} INFO - query: [MERGE INTO MBTA_VEHICLES AS target USING (SELECT 'y2055', '83', 42.37361876, -71...]
[2025-04-24T20:09:29.028+0000] {cursor.py:1041} INFO - query execution done
[2025-04-24T20:09:29.032+0000] {cursor.py:1028} INFO - query: [MERGE INTO MBTA_VEHICLES AS target USING (SELECT 'y3311', '436', 42.47794789, -7...]
[2025-04-24T20:09:32.074+0000] {cursor.py:1041} INFO - query execution done
[2025-04-24T20:09:32.084+0000] {cursor.py:1028} INFO - query: [MERGE INTO MBTA_VEHICLES AS target USING (SELECT 'y0772', '230', 42.1495979, -71...]
[2025-04-24T20:09:34.395+0000] {cursor.py:1041} INFO - query execution done
[2025-04-24T20:09:34.412+0000] {cursor.py:1028} INFO - query: [MERGE INTO MBTA_VEHICLES AS target USING (SELECT 'y1788', '504', 42.36385, -71.1...]
[2025-04-24T20:09:36.990+0000] {cursor.py:1041} INFO - query execution done
[2025-04-24T20:09:36.993+0000] {cursor.py:1028} INFO - query: [MERGE INTO MBTA_VEHICLES AS target USING (SELECT 'y1330', '741', 42.361639, -71....]
[2025-04-24T20:09:39.773+0000] {cursor.py:1041} INFO - query execution done
[2025-04-24T20:09:39.780+0000] {cursor.py:1028} INFO - query: [MERGE INTO MBTA_VEHICLES AS target USING (SELECT 'y1292', '749', 42.33891072, -7...]
[2025-04-24T20:09:42.389+0000] {cursor.py:1041} INFO - query execution done
[2025-04-24T20:09:42.398+0000] {cursor.py:1028} INFO - query: [MERGE INTO MBTA_VEHICLES AS target USING (SELECT 'y0813', '238', 42.15562427, -7...]
[2025-04-24T20:09:45.112+0000] {cursor.py:1041} INFO - query execution done
[2025-04-24T20:09:45.160+0000] {cursor.py:1028} INFO - query: [MERGE INTO MBTA_VEHICLES AS target USING (SELECT 'y1962', '87', 42.3971202, -71....]
[2025-04-24T20:09:47.562+0000] {cursor.py:1041} INFO - query execution done
[2025-04-24T20:09:47.566+0000] {cursor.py:1028} INFO - query: [MERGE INTO MBTA_VEHICLES AS target USING (SELECT 'y1888', '8', 42.32994519, -71....]
[2025-04-24T20:09:50.158+0000] {cursor.py:1041} INFO - query execution done
[2025-04-24T20:09:50.163+0000] {cursor.py:1028} INFO - query: [MERGE INTO MBTA_VEHICLES AS target USING (SELECT 'y2063', '77', 42.37283, -71.12...]
[2025-04-24T20:09:52.662+0000] {cursor.py:1041} INFO - query execution done
[2025-04-24T20:09:52.674+0000] {cursor.py:1028} INFO - query: [MERGE INTO MBTA_VEHICLES AS target USING (SELECT 'y2033', '69', 42.3742853, -71....]
[2025-04-24T20:09:55.377+0000] {cursor.py:1041} INFO - query execution done
[2025-04-24T20:09:55.382+0000] {cursor.py:1028} INFO - query: [MERGE INTO MBTA_VEHICLES AS target USING (SELECT 'G-10021', 'Green-C', 42.34804,...]
[2025-04-24T20:09:57.990+0000] {cursor.py:1041} INFO - query execution done
[2025-04-24T20:09:57.994+0000] {cursor.py:1028} INFO - query: [MERGE INTO MBTA_VEHICLES AS target USING (SELECT 'ynk335', 'Shuttle-Generic', 42...]
[2025-04-24T20:10:01.313+0000] {cursor.py:1041} INFO - query execution done
[2025-04-24T20:10:01.334+0000] {cursor.py:1028} INFO - query: [MERGE INTO MBTA_VEHICLES AS target USING (SELECT 'y1451', '411', 42.42378, -70.9...]
[2025-04-24T20:10:03.947+0000] {cursor.py:1041} INFO - query execution done
[2025-04-24T20:10:03.953+0000] {cursor.py:1028} INFO - query: [MERGE INTO MBTA_VEHICLES AS target USING (SELECT 'y1647', '30', 42.29890198, -71...]
[2025-04-24T20:10:06.880+0000] {cursor.py:1041} INFO - query execution done
[2025-04-24T20:10:06.885+0000] {cursor.py:1028} INFO - query: [MERGE INTO MBTA_VEHICLES AS target USING (SELECT 'y1279', '749', 42.33189084, -7...]
[2025-04-24T20:10:09.652+0000] {cursor.py:1041} INFO - query execution done
[2025-04-24T20:10:09.709+0000] {cursor.py:1028} INFO - query: [MERGE INTO MBTA_VEHICLES AS target USING (SELECT 'y3215', '4', 42.34752075, -71....]
[2025-04-24T20:10:12.328+0000] {cursor.py:1041} INFO - query execution done
[2025-04-24T20:10:12.395+0000] {cursor.py:1028} INFO - query: [MERGE INTO MBTA_VEHICLES AS target USING (SELECT 'y1762', '65', 42.34350816, -71...]
[2025-04-24T20:10:14.903+0000] {cursor.py:1041} INFO - query execution done
[2025-04-24T20:10:14.915+0000] {cursor.py:1028} INFO - query: [MERGE INTO MBTA_VEHICLES AS target USING (SELECT 'y1853', '43', 42.34836166, -71...]
[2025-04-24T20:10:16.618+0000] {cursor.py:1041} INFO - query execution done
[2025-04-24T20:10:16.622+0000] {cursor.py:1028} INFO - query: [MERGE INTO MBTA_VEHICLES AS target USING (SELECT 'y3298', '66', 42.35986693, -71...]
[2025-04-24T20:10:19.242+0000] {cursor.py:1041} INFO - query execution done
[2025-04-24T20:10:19.255+0000] {cursor.py:1028} INFO - query: [MERGE INTO MBTA_VEHICLES AS target USING (SELECT 'y1824', '22', 42.33753255, -71...]
[2025-04-24T20:10:21.966+0000] {cursor.py:1041} INFO - query execution done
[2025-04-24T20:10:21.980+0000] {cursor.py:1028} INFO - query: [MERGE INTO MBTA_VEHICLES AS target USING (SELECT 'y1209', '28', 42.28603633, -71...]
[2025-04-24T20:10:24.547+0000] {cursor.py:1041} INFO - query execution done
[2025-04-24T20:10:24.557+0000] {cursor.py:1028} INFO - query: [MERGE INTO MBTA_VEHICLES AS target USING (SELECT 'O-5482B507', 'Orange', 42.3647...]
[2025-04-24T20:10:27.286+0000] {cursor.py:1041} INFO - query execution done
[2025-04-24T20:10:27.310+0000] {cursor.py:1028} INFO - query: [MERGE INTO MBTA_VEHICLES AS target USING (SELECT 'y0899', '132', 42.4264842, -71...]
[2025-04-24T20:10:29.971+0000] {cursor.py:1041} INFO - query execution done
[2025-04-24T20:10:29.979+0000] {cursor.py:1028} INFO - query: [MERGE INTO MBTA_VEHICLES AS target USING (SELECT 'y1794', '10', 42.33808376, -71...]
[2025-04-24T20:10:32.437+0000] {cursor.py:1041} INFO - query execution done
[2025-04-24T20:10:32.448+0000] {cursor.py:1028} INFO - query: [MERGE INTO MBTA_VEHICLES AS target USING (SELECT 'y2052', '111', 42.37234293, -7...]
[2025-04-24T20:10:35.678+0000] {cursor.py:1041} INFO - query execution done
[2025-04-24T20:10:35.738+0000] {cursor.py:1028} INFO - query: [MERGE INTO MBTA_VEHICLES AS target USING (SELECT 'y3112', '116', 42.41269234, -7...]
[2025-04-24T20:10:38.691+0000] {cursor.py:1041} INFO - query execution done
[2025-04-24T20:10:38.699+0000] {cursor.py:1028} INFO - query: [MERGE INTO MBTA_VEHICLES AS target USING (SELECT 'y1449', '90', 42.38629825, -71...]
[2025-04-24T20:10:42.602+0000] {cursor.py:1041} INFO - query execution done
[2025-04-24T20:10:42.617+0000] {cursor.py:1028} INFO - query: [MERGE INTO MBTA_VEHICLES AS target USING (SELECT 'R-5482944A', 'Red', 42.25203, ...]
[2025-04-24T20:10:46.099+0000] {cursor.py:1041} INFO - query execution done
[2025-04-24T20:10:46.160+0000] {cursor.py:1028} INFO - query: [MERGE INTO MBTA_VEHICLES AS target USING (SELECT 'y3314', '455', 42.47697815, -7...]
[2025-04-24T20:10:48.553+0000] {cursor.py:1041} INFO - query execution done
[2025-04-24T20:10:48.578+0000] {cursor.py:1028} INFO - query: [MERGE INTO MBTA_VEHICLES AS target USING (SELECT 'y1201', '39', 42.34544747, -71...]
[2025-04-24T20:10:51.562+0000] {cursor.py:1041} INFO - query execution done
[2025-04-24T20:10:51.575+0000] {cursor.py:1028} INFO - query: [MERGE INTO MBTA_VEHICLES AS target USING (SELECT 'y3343', '116', 42.37454681, -7...]
[2025-04-24T20:10:54.224+0000] {cursor.py:1041} INFO - query execution done
[2025-04-24T20:10:54.282+0000] {cursor.py:1028} INFO - query: [MERGE INTO MBTA_VEHICLES AS target USING (SELECT 'y1733', '60', 42.33679, -71.10...]
[2025-04-24T20:10:57.000+0000] {cursor.py:1041} INFO - query execution done
[2025-04-24T20:10:57.231+0000] {cursor.py:1028} INFO - query: [MERGE INTO MBTA_VEHICLES AS target USING (SELECT 'y2040', '109', 42.4120746, -71...]
[2025-04-24T20:10:59.785+0000] {cursor.py:1041} INFO - query execution done
[2025-04-24T20:10:59.853+0000] {cursor.py:1028} INFO - query: [MERGE INTO MBTA_VEHICLES AS target USING (SELECT 'y3253', '66', 42.36981, -71.12...]
[2025-04-24T20:11:02.874+0000] {cursor.py:1041} INFO - query execution done
[2025-04-24T20:11:03.583+0000] {cursor.py:1028} INFO - query: [MERGE INTO MBTA_VEHICLES AS target USING (SELECT 'ynk338', 'Shuttle-Generic', 42...]
[2025-04-24T20:11:05.507+0000] {cursor.py:1041} INFO - query execution done
[2025-04-24T20:11:05.525+0000] {cursor.py:1028} INFO - query: [MERGE INTO MBTA_VEHICLES AS target USING (SELECT 'y1974', '111', 42.38787951, -7...]
[2025-04-24T20:11:08.361+0000] {cursor.py:1041} INFO - query execution done
[2025-04-24T20:11:08.370+0000] {cursor.py:1028} INFO - query: [MERGE INTO MBTA_VEHICLES AS target USING (SELECT 'y3300', '450', 42.49877297, -7...]
[2025-04-24T20:11:11.154+0000] {cursor.py:1041} INFO - query execution done
[2025-04-24T20:11:11.172+0000] {cursor.py:1028} INFO - query: [MERGE INTO MBTA_VEHICLES AS target USING (SELECT 'y1795', '10', 42.33047719, -71...]
[2025-04-24T20:11:13.852+0000] {cursor.py:1041} INFO - query execution done
[2025-04-24T20:11:13.864+0000] {cursor.py:1028} INFO - query: [MERGE INTO MBTA_VEHICLES AS target USING (SELECT 'y1931', '70', 42.37648964, -71...]
[2025-04-24T20:11:17.086+0000] {cursor.py:1041} INFO - query execution done
[2025-04-24T20:11:17.102+0000] {cursor.py:1028} INFO - query: [MERGE INTO MBTA_VEHICLES AS target USING (SELECT 'y2113', '71', 42.37493536, -71...]
[2025-04-24T20:11:19.597+0000] {cursor.py:1041} INFO - query execution done
[2025-04-24T20:11:19.614+0000] {cursor.py:1028} INFO - query: [MERGE INTO MBTA_VEHICLES AS target USING (SELECT 'y1674', '52', 42.257931059, -7...]
[2025-04-24T20:11:21.964+0000] {cursor.py:1041} INFO - query execution done
[2025-04-24T20:11:21.989+0000] {cursor.py:1028} INFO - query: [COMMIT]
[2025-04-24T20:11:22.845+0000] {cursor.py:1041} INFO - query execution done
[2025-04-24T20:11:22.856+0000] {cursor.py:1205} INFO - Number of results in first chunk: 1
[2025-04-24T20:11:22.866+0000] {mbta_kafka_consumer.py:147} INFO - ✅ Merged 88 new/changed records into Snowflake table: MBTA_VEHICLES in 243.88 seconds
[2025-04-24T20:11:22.920+0000] {mbta_kafka_consumer.py:280} INFO - 📥 Received 704 records from topic: mbta_vehicles
[2025-04-24T20:11:23.237+0000] {mbta_kafka_consumer.py:62} INFO - 🔍 Sample data for MBTA_VEHICLES:
[2025-04-24T20:11:23.244+0000] {mbta_kafka_consumer.py:63} INFO - 
   VEHICLE_ID ROUTE_ID  ...         STATUS                 CREATED_AT
0       y1606       35  ...     STOPPED_AT 2025-04-24 20:11:22.923130
1       y3259       66  ...     STOPPED_AT 2025-04-24 20:11:22.923596
2     G-10315  Green-C  ...     STOPPED_AT 2025-04-24 20:11:22.923600
3  R-5482AA90      Red  ...  IN_TRANSIT_TO 2025-04-24 20:11:22.923611
4  R-5482A2DC      Red  ...    INCOMING_AT 2025-04-24 20:11:22.923614

[5 rows x 8 columns]
[2025-04-24T20:11:23.521+0000] {cursor.py:1028} INFO - query: [SELECT * FROM MBTA_VEHICLES WHERE VEHICLE_ID IN ('y1606','y3259','G-10315','R-54...]
[2025-04-24T20:11:24.054+0000] {cursor.py:1041} INFO - query execution done
[2025-04-24T20:11:24.059+0000] {cursor.py:1205} INFO - Number of results in first chunk: 732
[2025-04-24T20:11:24.184+0000] {mbta_kafka_consumer.py:112} INFO - 🔁 681 new/updated records out of 704 incoming records (some may be duplicates) for MBTA_VEHICLES
[2025-04-24T20:11:24.185+0000] {cursor.py:1028} INFO - query: [MERGE INTO MBTA_VEHICLES AS target USING (SELECT 'y1606', '35', 42.28889656, -71...]
[2025-04-24T20:11:26.368+0000] {cursor.py:1041} INFO - query execution done
[2025-04-24T20:11:26.379+0000] {cursor.py:1028} INFO - query: [MERGE INTO MBTA_VEHICLES AS target USING (SELECT 'y3259', '66', 42.33627669, -71...]
[2025-04-24T20:11:28.624+0000] {cursor.py:1041} INFO - query execution done
[2025-04-24T20:11:28.636+0000] {cursor.py:1028} INFO - query: [MERGE INTO MBTA_VEHICLES AS target USING (SELECT 'G-10315', 'Green-C', 42.33695,...]
[2025-04-24T20:11:29.595+0000] {cursor.py:1041} INFO - query execution done
[2025-04-24T20:11:29.608+0000] {cursor.py:1028} INFO - query: [MERGE INTO MBTA_VEHICLES AS target USING (SELECT 'R-5482AA90', 'Red', 42.21516, ...]
