[2025-04-22T23:47:11.647+0000] {taskinstance.py:1956} INFO - Dependencies all met for dep_context=non-requeueable deps ti=<TaskInstance: mbta_ingestion_dag.load_to_snowflake scheduled__2025-04-22T23:05:00+00:00 [queued]>
[2025-04-22T23:47:11.664+0000] {taskinstance.py:1956} INFO - Dependencies all met for dep_context=requeueable deps ti=<TaskInstance: mbta_ingestion_dag.load_to_snowflake scheduled__2025-04-22T23:05:00+00:00 [queued]>
[2025-04-22T23:47:11.666+0000] {taskinstance.py:2170} INFO - Starting attempt 2 of 2
[2025-04-22T23:47:11.706+0000] {taskinstance.py:2191} INFO - Executing <Task(PythonOperator): load_to_snowflake> on 2025-04-22 23:05:00+00:00
[2025-04-22T23:47:11.711+0000] {standard_task_runner.py:60} INFO - Started process 225 to run task
[2025-04-22T23:47:11.716+0000] {standard_task_runner.py:87} INFO - Running: ['***', 'tasks', 'run', 'mbta_ingestion_dag', 'load_to_snowflake', 'scheduled__2025-04-22T23:05:00+00:00', '--job-id', '142', '--raw', '--subdir', 'DAGS_FOLDER/mbta_ingestion_dag.py', '--cfg-path', '/tmp/tmpv2v0iu_7']
[2025-04-22T23:47:11.721+0000] {standard_task_runner.py:88} INFO - Job 142: Subtask load_to_snowflake
[2025-04-22T23:47:12.100+0000] {task_command.py:423} INFO - Running <TaskInstance: mbta_ingestion_dag.load_to_snowflake scheduled__2025-04-22T23:05:00+00:00 [running]> on host c76075383b29
[2025-04-22T23:47:12.440+0000] {taskinstance.py:2480} INFO - Exporting env vars: AIRFLOW_CTX_DAG_OWNER='***' AIRFLOW_CTX_DAG_ID='mbta_ingestion_dag' AIRFLOW_CTX_TASK_ID='load_to_snowflake' AIRFLOW_CTX_EXECUTION_DATE='2025-04-22T23:05:00+00:00' AIRFLOW_CTX_TRY_NUMBER='2' AIRFLOW_CTX_DAG_RUN_ID='scheduled__2025-04-22T23:05:00+00:00'
[2025-04-22T23:47:12.443+0000] {mbta_ingestion_dag.py:35} INFO - 🚀 Launching Kafka consumer to process and load data into Snowflake...
[2025-04-22T23:47:12.444+0000] {connection.py:370} INFO - Snowflake Connector for Python Version: 3.6.0, Python Version: 3.9.18, Platform: Linux-6.10.14-linuxkit-aarch64-with-glibc2.36
[2025-04-22T23:47:12.446+0000] {connection.py:1171} INFO - This connection is in OCSP Fail Open Mode. TLS Certificates would be checked for validity and revocation status. Any other Certificate Revocation related exceptions or OCSP Responder failures would be disregarded in favor of connectivity.
[2025-04-22T23:47:14.012+0000] {mbta_kafka_consumer.py:45} INFO - ✅ Connected to Snowflake successfully.
[2025-04-22T23:47:14.015+0000] {mbta_kafka_consumer.py:219} INFO - 🚀 Starting MBTA Kafka Consumer...
[2025-04-22T23:47:14.037+0000] {conn.py:395} INFO - <BrokerConnection client_id=kafka-python-2.1.5, node_id=bootstrap-0 host=kafka:9092 <connecting> [IPv4 ('172.18.0.4', 9092)]>: connecting to kafka:9092 [('172.18.0.4', 9092) IPv4]
[2025-04-22T23:47:14.080+0000] {conn.py:615} INFO - <BrokerConnection client_id=kafka-python-2.1.5, node_id=bootstrap-0 host=kafka:9092 <checking_api_versions_recv> [IPv4 ('172.18.0.4', 9092)]>: Broker version identified as 2.6
[2025-04-22T23:47:14.097+0000] {conn.py:456} INFO - <BrokerConnection client_id=kafka-python-2.1.5, node_id=bootstrap-0 host=kafka:9092 <connected> [IPv4 ('172.18.0.4', 9092)]>: Connection complete.
[2025-04-22T23:47:14.160+0000] {consumer.py:119} WARNING - group_id is None: disabling auto-commit.
[2025-04-22T23:47:14.164+0000] {subscription_state.py:182} INFO - Updating subscribed topics to: ('mbta_alerts', 'mbta_routes', 'mbta_stops', 'mbta_vehicles', 'mbta_predictions')
[2025-04-22T23:47:14.322+0000] {cluster.py:314} WARNING - Topic mbta_alerts is not available during auto-create initialization
[2025-04-22T23:47:14.322+0000] {cluster.py:314} WARNING - Topic mbta_predictions is not available during auto-create initialization
[2025-04-22T23:47:14.323+0000] {cluster.py:314} WARNING - Topic mbta_routes is not available during auto-create initialization
[2025-04-22T23:47:14.323+0000] {cluster.py:314} WARNING - Topic mbta_vehicles is not available during auto-create initialization
[2025-04-22T23:47:14.324+0000] {cluster.py:314} WARNING - Topic mbta_stops is not available during auto-create initialization
[2025-04-22T23:47:14.325+0000] {subscription_state.py:254} INFO - Updated partition assignment: []
[2025-04-22T23:47:19.177+0000] {conn.py:936} INFO - <BrokerConnection client_id=kafka-python-2.1.5, node_id=bootstrap-0 host=kafka:9092 <connected> [IPv4 ('172.18.0.4', 9092)]>: Closing connection. 
[2025-04-22T23:47:19.182+0000] {connection.py:718} INFO - closed
[2025-04-22T23:47:19.314+0000] {connection.py:724} INFO - No async queries seem to be running, deleting session
[2025-04-22T23:47:19.990+0000] {mbta_kafka_consumer.py:240} INFO - ✅ Snowflake Connection Closed.
[2025-04-22T23:47:19.992+0000] {python.py:201} INFO - Done. Returned value was: None
[2025-04-22T23:47:20.017+0000] {taskinstance.py:1138} INFO - Marking task as SUCCESS. dag_id=mbta_ingestion_dag, task_id=load_to_snowflake, execution_date=20250422T230500, start_date=20250422T234711, end_date=20250422T234720
[2025-04-22T23:47:20.062+0000] {local_task_job_runner.py:234} INFO - Task exited with return code 0
[2025-04-22T23:47:20.134+0000] {taskinstance.py:3280} INFO - 0 downstream tasks scheduled from follow-on schedule check
