[2025-04-22T23:06:54.463+0000] {taskinstance.py:1956} INFO - Dependencies all met for dep_context=non-requeueable deps ti=<TaskInstance: mbta_kafka_consumer_dag.run_kafka_consumer scheduled__2025-04-22T22:55:00+00:00 [queued]>
[2025-04-22T23:06:54.518+0000] {taskinstance.py:1956} INFO - Dependencies all met for dep_context=requeueable deps ti=<TaskInstance: mbta_kafka_consumer_dag.run_kafka_consumer scheduled__2025-04-22T22:55:00+00:00 [queued]>
[2025-04-22T23:06:54.522+0000] {taskinstance.py:2170} INFO - Starting attempt 2 of 2
[2025-04-22T23:06:54.569+0000] {taskinstance.py:2191} INFO - Executing <Task(PythonOperator): run_kafka_consumer> on 2025-04-22 22:55:00+00:00
[2025-04-22T23:06:54.582+0000] {standard_task_runner.py:60} INFO - Started process 226 to run task
[2025-04-22T23:06:54.599+0000] {standard_task_runner.py:87} INFO - Running: ['***', 'tasks', 'run', 'mbta_kafka_consumer_dag', 'run_kafka_consumer', 'scheduled__2025-04-22T22:55:00+00:00', '--job-id', '93', '--raw', '--subdir', 'DAGS_FOLDER/mbta_kafka_consumer_dag.py', '--cfg-path', '/tmp/tmpgc4a97xw']
[2025-04-22T23:06:54.607+0000] {standard_task_runner.py:88} INFO - Job 93: Subtask run_kafka_consumer
[2025-04-22T23:06:54.939+0000] {task_command.py:423} INFO - Running <TaskInstance: mbta_kafka_consumer_dag.run_kafka_consumer scheduled__2025-04-22T22:55:00+00:00 [running]> on host 7d5e569180a7
[2025-04-22T23:06:55.441+0000] {taskinstance.py:2480} INFO - Exporting env vars: AIRFLOW_CTX_DAG_OWNER='***' AIRFLOW_CTX_DAG_ID='mbta_kafka_consumer_dag' AIRFLOW_CTX_TASK_ID='run_kafka_consumer' AIRFLOW_CTX_EXECUTION_DATE='2025-04-22T22:55:00+00:00' AIRFLOW_CTX_TRY_NUMBER='2' AIRFLOW_CTX_DAG_RUN_ID='scheduled__2025-04-22T22:55:00+00:00'
[2025-04-22T23:06:55.464+0000] {connection.py:370} INFO - Snowflake Connector for Python Version: 3.6.0, Python Version: 3.9.18, Platform: Linux-6.10.14-linuxkit-aarch64-with-glibc2.36
[2025-04-22T23:06:55.469+0000] {connection.py:1171} INFO - This connection is in OCSP Fail Open Mode. TLS Certificates would be checked for validity and revocation status. Any other Certificate Revocation related exceptions or OCSP Responder failures would be disregarded in favor of connectivity.
[2025-04-22T23:06:57.186+0000] {mbta_kafka_consumer.py:45} INFO - ✅ Connected to Snowflake successfully.
[2025-04-22T23:06:57.196+0000] {mbta_kafka_consumer.py:219} INFO - 🚀 Starting MBTA Kafka Consumer...
[2025-04-22T23:06:57.214+0000] {conn.py:395} INFO - <BrokerConnection client_id=kafka-python-2.1.5, node_id=bootstrap-0 host=kafka:9092 <connecting> [IPv4 ('172.18.0.4', 9092)]>: connecting to kafka:9092 [('172.18.0.4', 9092) IPv4]
[2025-04-22T23:06:57.403+0000] {conn.py:615} INFO - <BrokerConnection client_id=kafka-python-2.1.5, node_id=bootstrap-0 host=kafka:9092 <checking_api_versions_recv> [IPv4 ('172.18.0.4', 9092)]>: Broker version identified as 2.6
[2025-04-22T23:06:57.421+0000] {conn.py:456} INFO - <BrokerConnection client_id=kafka-python-2.1.5, node_id=bootstrap-0 host=kafka:9092 <connected> [IPv4 ('172.18.0.4', 9092)]>: Connection complete.
[2025-04-22T23:06:57.426+0000] {consumer.py:119} WARNING - group_id is None: disabling auto-commit.
[2025-04-22T23:06:57.441+0000] {subscription_state.py:182} INFO - Updating subscribed topics to: ('mbta_alerts', 'mbta_routes', 'mbta_stops', 'mbta_vehicles', 'mbta_predictions')
[2025-04-22T23:06:57.758+0000] {cluster.py:317} ERROR - Topic mbta_alerts not found in cluster metadata
[2025-04-22T23:06:57.774+0000] {cluster.py:317} ERROR - Topic mbta_routes not found in cluster metadata
[2025-04-22T23:06:57.779+0000] {cluster.py:317} ERROR - Topic mbta_vehicles not found in cluster metadata
[2025-04-22T23:06:57.781+0000] {cluster.py:317} ERROR - Topic mbta_stops not found in cluster metadata
[2025-04-22T23:06:57.782+0000] {cluster.py:314} WARNING - Topic mbta_predictions is not available during auto-create initialization
[2025-04-22T23:06:57.787+0000] {subscription_state.py:254} INFO - Updated partition assignment: []
[2025-04-22T23:07:02.471+0000] {conn.py:936} INFO - <BrokerConnection client_id=kafka-python-2.1.5, node_id=bootstrap-0 host=kafka:9092 <connected> [IPv4 ('172.18.0.4', 9092)]>: Closing connection. 
[2025-04-22T23:07:02.698+0000] {connection.py:718} INFO - closed
[2025-04-22T23:07:02.852+0000] {connection.py:724} INFO - No async queries seem to be running, deleting session
[2025-04-22T23:07:02.991+0000] {mbta_kafka_consumer.py:240} INFO - ✅ Snowflake Connection Closed.
[2025-04-22T23:07:02.997+0000] {python.py:201} INFO - Done. Returned value was: None
[2025-04-22T23:07:03.252+0000] {taskinstance.py:1138} INFO - Marking task as SUCCESS. dag_id=mbta_kafka_consumer_dag, task_id=run_kafka_consumer, execution_date=20250422T225500, start_date=20250422T230654, end_date=20250422T230703
[2025-04-22T23:07:03.492+0000] {local_task_job_runner.py:234} INFO - Task exited with return code 0
[2025-04-22T23:07:04.023+0000] {taskinstance.py:3280} INFO - 0 downstream tasks scheduled from follow-on schedule check
