[2025-04-08T03:37:49.815+0000] {taskinstance.py:1956} INFO - Dependencies all met for dep_context=non-requeueable deps ti=<TaskInstance: mbta_ingestion_dag.extract_from_kafka scheduled__2025-04-08T02:00:00+00:00 [queued]>
[2025-04-08T03:37:49.819+0000] {taskinstance.py:1956} INFO - Dependencies all met for dep_context=requeueable deps ti=<TaskInstance: mbta_ingestion_dag.extract_from_kafka scheduled__2025-04-08T02:00:00+00:00 [queued]>
[2025-04-08T03:37:49.820+0000] {taskinstance.py:2170} INFO - Starting attempt 1 of 2
[2025-04-08T03:37:49.826+0000] {taskinstance.py:2191} INFO - Executing <Task(PythonOperator): extract_from_kafka> on 2025-04-08 02:00:00+00:00
[2025-04-08T03:37:49.829+0000] {standard_task_runner.py:60} INFO - Started process 313 to run task
[2025-04-08T03:37:49.831+0000] {standard_task_runner.py:87} INFO - Running: ['***', 'tasks', 'run', 'mbta_ingestion_dag', 'extract_from_kafka', 'scheduled__2025-04-08T02:00:00+00:00', '--job-id', '2', '--raw', '--subdir', 'DAGS_FOLDER/mbta_ingestion_dag.py', '--cfg-path', '/tmp/tmpa7wfdedd']
[2025-04-08T03:37:49.833+0000] {standard_task_runner.py:88} INFO - Job 2: Subtask extract_from_kafka
[2025-04-08T03:37:49.841+0000] {logging_mixin.py:188} WARNING - /home/***/.local/lib/python3.8/site-packages/***/settings.py:194 DeprecationWarning: The sql_alchemy_conn option in [core] has been moved to the sql_alchemy_conn option in [database] - the old setting has been used, but please update your config.
[2025-04-08T03:37:49.858+0000] {task_command.py:423} INFO - Running <TaskInstance: mbta_ingestion_dag.extract_from_kafka scheduled__2025-04-08T02:00:00+00:00 [running]> on host cc0a30027ea9
[2025-04-08T03:37:49.897+0000] {taskinstance.py:2480} INFO - Exporting env vars: AIRFLOW_CTX_DAG_OWNER='***' AIRFLOW_CTX_DAG_ID='mbta_ingestion_dag' AIRFLOW_CTX_TASK_ID='extract_from_kafka' AIRFLOW_CTX_EXECUTION_DATE='2025-04-08T02:00:00+00:00' AIRFLOW_CTX_TRY_NUMBER='1' AIRFLOW_CTX_DAG_RUN_ID='scheduled__2025-04-08T02:00:00+00:00'
[2025-04-08T03:37:49.898+0000] {mbta_ingestion_dag.py:27} INFO - ✅ Extracting data from Kafka... (dummy placeholder)
[2025-04-08T03:37:49.898+0000] {python.py:201} INFO - Done. Returned value was: None
[2025-04-08T03:37:49.902+0000] {taskinstance.py:1138} INFO - Marking task as SUCCESS. dag_id=mbta_ingestion_dag, task_id=extract_from_kafka, execution_date=20250408T020000, start_date=20250408T033749, end_date=20250408T033749
[2025-04-08T03:37:49.929+0000] {local_task_job_runner.py:234} INFO - Task exited with return code 0
[2025-04-08T03:37:49.942+0000] {taskinstance.py:3280} INFO - 1 downstream tasks scheduled from follow-on schedule check
[2025-04-08T03:57:52.100+0000] {taskinstance.py:1956} INFO - Dependencies all met for dep_context=non-requeueable deps ti=<TaskInstance: mbta_ingestion_dag.extract_from_kafka scheduled__2025-04-08T02:00:00+00:00 [queued]>
[2025-04-08T03:57:52.104+0000] {taskinstance.py:1956} INFO - Dependencies all met for dep_context=requeueable deps ti=<TaskInstance: mbta_ingestion_dag.extract_from_kafka scheduled__2025-04-08T02:00:00+00:00 [queued]>
[2025-04-08T03:57:52.104+0000] {taskinstance.py:2170} INFO - Starting attempt 1 of 2
[2025-04-08T03:57:52.110+0000] {taskinstance.py:2191} INFO - Executing <Task(PythonOperator): extract_from_kafka> on 2025-04-08 02:00:00+00:00
[2025-04-08T03:57:52.115+0000] {standard_task_runner.py:60} INFO - Started process 607 to run task
[2025-04-08T03:57:52.117+0000] {standard_task_runner.py:87} INFO - Running: ['***', 'tasks', 'run', 'mbta_ingestion_dag', 'extract_from_kafka', 'scheduled__2025-04-08T02:00:00+00:00', '--job-id', '2', '--raw', '--subdir', 'DAGS_FOLDER/mbta_ingestion_dag.py', '--cfg-path', '/tmp/tmp0dyjn_g2']
[2025-04-08T03:57:52.119+0000] {standard_task_runner.py:88} INFO - Job 2: Subtask extract_from_kafka
[2025-04-08T03:57:52.128+0000] {logging_mixin.py:188} WARNING - /home/***/.local/lib/python3.8/site-packages/***/settings.py:194 DeprecationWarning: The sql_alchemy_conn option in [core] has been moved to the sql_alchemy_conn option in [database] - the old setting has been used, but please update your config.
[2025-04-08T03:57:52.154+0000] {task_command.py:423} INFO - Running <TaskInstance: mbta_ingestion_dag.extract_from_kafka scheduled__2025-04-08T02:00:00+00:00 [running]> on host 48565eeef670
[2025-04-08T03:57:52.205+0000] {taskinstance.py:2480} INFO - Exporting env vars: AIRFLOW_CTX_DAG_OWNER='***' AIRFLOW_CTX_DAG_ID='mbta_ingestion_dag' AIRFLOW_CTX_TASK_ID='extract_from_kafka' AIRFLOW_CTX_EXECUTION_DATE='2025-04-08T02:00:00+00:00' AIRFLOW_CTX_TRY_NUMBER='1' AIRFLOW_CTX_DAG_RUN_ID='scheduled__2025-04-08T02:00:00+00:00'
[2025-04-08T03:57:52.206+0000] {mbta_ingestion_dag.py:27} INFO - ✅ Extracting data from Kafka... (dummy placeholder)
[2025-04-08T03:57:52.206+0000] {python.py:201} INFO - Done. Returned value was: None
[2025-04-08T03:57:52.211+0000] {taskinstance.py:1138} INFO - Marking task as SUCCESS. dag_id=mbta_ingestion_dag, task_id=extract_from_kafka, execution_date=20250408T020000, start_date=20250408T035752, end_date=20250408T035752
[2025-04-08T03:57:52.257+0000] {local_task_job_runner.py:234} INFO - Task exited with return code 0
[2025-04-08T03:57:52.273+0000] {taskinstance.py:3280} INFO - 1 downstream tasks scheduled from follow-on schedule check
