[2025-04-24T16:40:03.077+0000] {taskinstance.py:1956} INFO - Dependencies all met for dep_context=non-requeueable deps ti=<TaskInstance: mbta_kafka_consumer_dag.run_kafka_consumer scheduled__2025-04-24T16:35:00+00:00 [queued]>
[2025-04-24T16:40:03.094+0000] {taskinstance.py:1956} INFO - Dependencies all met for dep_context=requeueable deps ti=<TaskInstance: mbta_kafka_consumer_dag.run_kafka_consumer scheduled__2025-04-24T16:35:00+00:00 [queued]>
[2025-04-24T16:40:03.097+0000] {taskinstance.py:2170} INFO - Starting attempt 1 of 2
[2025-04-24T16:40:03.123+0000] {taskinstance.py:2191} INFO - Executing <Task(PythonOperator): run_kafka_consumer> on 2025-04-24 16:35:00+00:00
[2025-04-24T16:40:03.131+0000] {standard_task_runner.py:60} INFO - Started process 426 to run task
[2025-04-24T16:40:03.158+0000] {standard_task_runner.py:87} INFO - Running: ['***', 'tasks', 'run', 'mbta_kafka_consumer_dag', 'run_kafka_consumer', 'scheduled__2025-04-24T16:35:00+00:00', '--job-id', '964', '--raw', '--subdir', 'DAGS_FOLDER/mbta_kafka_consumer_dag.py', '--cfg-path', '/tmp/tmpufyfv021']
[2025-04-24T16:40:03.160+0000] {standard_task_runner.py:88} INFO - Job 964: Subtask run_kafka_consumer
[2025-04-24T16:40:03.250+0000] {task_command.py:423} INFO - Running <TaskInstance: mbta_kafka_consumer_dag.run_kafka_consumer scheduled__2025-04-24T16:35:00+00:00 [running]> on host 972e1c209a84
[2025-04-24T16:40:03.458+0000] {taskinstance.py:2480} INFO - Exporting env vars: AIRFLOW_CTX_DAG_OWNER='***' AIRFLOW_CTX_DAG_ID='mbta_kafka_consumer_dag' AIRFLOW_CTX_TASK_ID='run_kafka_consumer' AIRFLOW_CTX_EXECUTION_DATE='2025-04-24T16:35:00+00:00' AIRFLOW_CTX_TRY_NUMBER='1' AIRFLOW_CTX_DAG_RUN_ID='scheduled__2025-04-24T16:35:00+00:00'
[2025-04-24T16:40:03.461+0000] {connection.py:370} INFO - Snowflake Connector for Python Version: 3.6.0, Python Version: 3.9.18, Platform: Linux-6.10.14-linuxkit-aarch64-with-glibc2.36
[2025-04-24T16:40:03.463+0000] {connection.py:1171} INFO - This connection is in OCSP Fail Open Mode. TLS Certificates would be checked for validity and revocation status. Any other Certificate Revocation related exceptions or OCSP Responder failures would be disregarded in favor of connectivity.
[2025-04-24T16:40:04.257+0000] {mbta_kafka_consumer.py:52} INFO - ✅ Connected to Snowflake successfully.
[2025-04-24T16:40:04.257+0000] {mbta_kafka_consumer.py:266} INFO - 🚀 Starting MBTA Kafka Consumer...
[2025-04-24T16:40:04.263+0000] {conn.py:395} INFO - <BrokerConnection client_id=kafka-python-2.1.5, node_id=bootstrap-0 host=kafka:9092 <connecting> [IPv4 ('172.19.0.4', 9092)]>: connecting to kafka:9092 [('172.19.0.4', 9092) IPv4]
[2025-04-24T16:40:04.276+0000] {conn.py:615} INFO - <BrokerConnection client_id=kafka-python-2.1.5, node_id=bootstrap-0 host=kafka:9092 <checking_api_versions_recv> [IPv4 ('172.19.0.4', 9092)]>: Broker version identified as 2.6
[2025-04-24T16:40:04.277+0000] {conn.py:456} INFO - <BrokerConnection client_id=kafka-python-2.1.5, node_id=bootstrap-0 host=kafka:9092 <connected> [IPv4 ('172.19.0.4', 9092)]>: Connection complete.
[2025-04-24T16:40:04.280+0000] {consumer.py:119} WARNING - group_id is None: disabling auto-commit.
[2025-04-24T16:40:04.280+0000] {subscription_state.py:182} INFO - Updating subscribed topics to: ('mbta_alerts', 'mbta_routes', 'mbta_stops', 'mbta_vehicles', 'mbta_predictions', 'mbta_schedules', 'mbta_lines', 'mbta_facilities')
[2025-04-24T16:40:04.293+0000] {subscription_state.py:254} INFO - Updated partition assignment: [('mbta_alerts', 0), ('mbta_facilities', 0), ('mbta_lines', 0), ('mbta_stops', 0), ('mbta_routes', 0), ('mbta_schedules', 0), ('mbta_predictions', 0), ('mbta_vehicles', 0)]
[2025-04-24T16:40:04.296+0000] {conn.py:395} INFO - <BrokerConnection client_id=kafka-python-2.1.5, node_id=1 host=kafka:9092 <connecting> [IPv4 ('172.19.0.4', 9092)]>: connecting to kafka:9092 [('172.19.0.4', 9092) IPv4]
[2025-04-24T16:40:04.296+0000] {conn.py:456} INFO - <BrokerConnection client_id=kafka-python-2.1.5, node_id=1 host=kafka:9092 <connected> [IPv4 ('172.19.0.4', 9092)]>: Connection complete.
[2025-04-24T16:40:04.297+0000] {conn.py:936} INFO - <BrokerConnection client_id=kafka-python-2.1.5, node_id=bootstrap-0 host=kafka:9092 <connected> [IPv4 ('172.19.0.4', 9092)]>: Closing connection. 
[2025-04-24T16:40:07.261+0000] {mbta_kafka_consumer.py:280} INFO - 📥 Received 178 records from topic: mbta_routes
[2025-04-24T16:40:07.302+0000] {mbta_kafka_consumer.py:62} INFO - 🔍 Sample data for MBTA_ROUTES:
[2025-04-24T16:40:07.303+0000] {mbta_kafka_consumer.py:63} INFO - 
   ROUTE_ID        ROUTE_NAME  ...  ROUTE_COLOR                 CREATED_AT
0       Red          Red Line  ...       DA291C 2025-04-24 16:40:07.264931
1  Mattapan  Mattapan Trolley  ...       DA291C 2025-04-24 16:40:07.264967
2    Orange       Orange Line  ...       ED8B00 2025-04-24 16:40:07.264971
3   Green-B      Green Line B  ...       00843D 2025-04-24 16:40:07.264997
4   Green-C      Green Line C  ...       00843D 2025-04-24 16:40:07.265016

[5 rows x 5 columns]
[2025-04-24T16:40:07.331+0000] {cursor.py:1028} INFO - query: [SELECT * FROM MBTA_ROUTES WHERE ROUTE_ID IN ('Red','Mattapan','Orange','Green-B'...]
[2025-04-24T16:40:07.539+0000] {cursor.py:1041} INFO - query execution done
[2025-04-24T16:40:07.542+0000] {cursor.py:1205} INFO - Number of results in first chunk: 0
[2025-04-24T16:40:08.574+0000] {mbta_kafka_consumer.py:112} INFO - 🔁 0 new/updated records out of 178 incoming records (some may be duplicates) for MBTA_ROUTES
[2025-04-24T16:40:08.576+0000] {mbta_kafka_consumer.py:115} INFO - ✅ All 178 records already up-to-date in MBTA_ROUTES, no merge needed.
[2025-04-24T16:40:08.579+0000] {mbta_kafka_consumer.py:280} INFO - 📥 Received 178 records from topic: mbta_routes
[2025-04-24T16:40:08.600+0000] {mbta_kafka_consumer.py:62} INFO - 🔍 Sample data for MBTA_ROUTES:
[2025-04-24T16:40:08.601+0000] {mbta_kafka_consumer.py:63} INFO - 
   ROUTE_ID        ROUTE_NAME  ...  ROUTE_COLOR                 CREATED_AT
0       Red          Red Line  ...       DA291C 2025-04-24 16:40:08.580848
1  Mattapan  Mattapan Trolley  ...       DA291C 2025-04-24 16:40:08.580965
2    Orange       Orange Line  ...       ED8B00 2025-04-24 16:40:08.580969
3   Green-B      Green Line B  ...       00843D 2025-04-24 16:40:08.581022
4   Green-C      Green Line C  ...       00843D 2025-04-24 16:40:08.581026

[5 rows x 5 columns]
[2025-04-24T16:40:08.621+0000] {cursor.py:1028} INFO - query: [SELECT * FROM MBTA_ROUTES WHERE ROUTE_ID IN ('Red','Mattapan','Orange','Green-B'...]
[2025-04-24T16:40:08.809+0000] {cursor.py:1041} INFO - query execution done
[2025-04-24T16:40:08.813+0000] {cursor.py:1205} INFO - Number of results in first chunk: 0
[2025-04-24T16:40:09.150+0000] {mbta_kafka_consumer.py:112} INFO - 🔁 0 new/updated records out of 178 incoming records (some may be duplicates) for MBTA_ROUTES
[2025-04-24T16:40:09.151+0000] {mbta_kafka_consumer.py:115} INFO - ✅ All 178 records already up-to-date in MBTA_ROUTES, no merge needed.
[2025-04-24T16:40:09.151+0000] {mbta_kafka_consumer.py:280} INFO - 📥 Received 500 records from topic: mbta_stops
[2025-04-24T16:40:09.157+0000] {mbta_kafka_consumer.py:62} INFO - 🔍 Sample data for MBTA_STOPS:
[2025-04-24T16:40:09.157+0000] {mbta_kafka_consumer.py:63} INFO - 
          STOP_ID  ...                 CREATED_AT
0            5682  ... 2025-04-24 16:40:09.152265
1           50620  ... 2025-04-24 16:40:09.152267
2  node-417-lobby  ... 2025-04-24 16:40:09.152268
3            4042  ... 2025-04-24 16:40:09.152269
4          109822  ... 2025-04-24 16:40:09.152270

[5 rows x 5 columns]
[2025-04-24T16:40:09.164+0000] {cursor.py:1028} INFO - query: [SELECT * FROM MBTA_STOPS WHERE STOP_ID IN ('5682','50620','node-417-lobby','4042...]
[2025-04-24T16:40:09.522+0000] {cursor.py:1041} INFO - query execution done
[2025-04-24T16:40:09.528+0000] {cursor.py:1205} INFO - Number of results in first chunk: 0
[2025-04-24T16:40:10.371+0000] {mbta_kafka_consumer.py:112} INFO - 🔁 0 new/updated records out of 500 incoming records (some may be duplicates) for MBTA_STOPS
[2025-04-24T16:40:10.376+0000] {mbta_kafka_consumer.py:115} INFO - ✅ All 500 records already up-to-date in MBTA_STOPS, no merge needed.
[2025-04-24T16:40:10.382+0000] {mbta_kafka_consumer.py:280} INFO - 📥 Received 500 records from topic: mbta_stops
[2025-04-24T16:40:10.391+0000] {mbta_kafka_consumer.py:62} INFO - 🔍 Sample data for MBTA_STOPS:
[2025-04-24T16:40:10.392+0000] {mbta_kafka_consumer.py:63} INFO - 
  STOP_ID                STOP_NAME  ...  LONGITUDE                 CREATED_AT
0    6631    Willow Rd @ Summer St  ... -70.917785 2025-04-24 16:40:10.384674
1   57121  Broadway @ Fernwood Ave  ... -71.011956 2025-04-24 16:40:10.384682
2    5299      Main St @ Albion St  ... -71.104027 2025-04-24 16:40:10.384697
3    8164     Walnut St @ Clyde St  ... -71.206015 2025-04-24 16:40:10.384700
4    4094      West St @ Trask Ave  ... -71.025834 2025-04-24 16:40:10.384702

[5 rows x 5 columns]
[2025-04-24T16:40:10.407+0000] {cursor.py:1028} INFO - query: [SELECT * FROM MBTA_STOPS WHERE STOP_ID IN ('6631','57121','5299','8164','4094','...]
[2025-04-24T16:40:10.829+0000] {cursor.py:1041} INFO - query execution done
[2025-04-24T16:40:10.831+0000] {cursor.py:1205} INFO - Number of results in first chunk: 0
[2025-04-24T16:40:11.223+0000] {mbta_kafka_consumer.py:112} INFO - 🔁 0 new/updated records out of 500 incoming records (some may be duplicates) for MBTA_STOPS
[2025-04-24T16:40:11.223+0000] {mbta_kafka_consumer.py:115} INFO - ✅ All 500 records already up-to-date in MBTA_STOPS, no merge needed.
[2025-04-24T16:40:11.225+0000] {mbta_kafka_consumer.py:280} INFO - 📥 Received 500 records from topic: mbta_stops
[2025-04-24T16:40:11.233+0000] {mbta_kafka_consumer.py:62} INFO - 🔍 Sample data for MBTA_STOPS:
[2025-04-24T16:40:11.234+0000] {mbta_kafka_consumer.py:63} INFO - 
  STOP_ID                 STOP_NAME  ...  LONGITUDE                 CREATED_AT
0    6835     Olive St @ Fayette St  ... -70.935201 2025-04-24 16:40:11.226120
1    1340   Walnut Ave @ Circuit St  ... -71.083985 2025-04-24 16:40:11.226132
2   45406     Main St @ Winthrop St  ... -71.062034 2025-04-24 16:40:11.226143
3    4297    N Main St @ Charles St  ... -71.059709 2025-04-24 16:40:11.226152
4    8332  Readville St opp Como Rd  ... -71.135558 2025-04-24 16:40:11.226154

[5 rows x 5 columns]
[2025-04-24T16:40:11.244+0000] {cursor.py:1028} INFO - query: [SELECT * FROM MBTA_STOPS WHERE STOP_ID IN ('6835','1340','45406','4297','8332','...]
[2025-04-24T16:40:11.406+0000] {cursor.py:1041} INFO - query execution done
[2025-04-24T16:40:11.407+0000] {cursor.py:1205} INFO - Number of results in first chunk: 0
[2025-04-24T16:40:11.823+0000] {mbta_kafka_consumer.py:112} INFO - 🔁 0 new/updated records out of 500 incoming records (some may be duplicates) for MBTA_STOPS
[2025-04-24T16:40:11.823+0000] {mbta_kafka_consumer.py:115} INFO - ✅ All 500 records already up-to-date in MBTA_STOPS, no merge needed.
[2025-04-24T16:40:11.824+0000] {mbta_kafka_consumer.py:280} INFO - 📥 Received 142 records from topic: mbta_lines
[2025-04-24T16:40:11.829+0000] {mbta_kafka_consumer.py:62} INFO - 🔍 Sample data for MBTA_LINES:
[2025-04-24T16:40:11.829+0000] {mbta_kafka_consumer.py:63} INFO - 
         LINE_ID         LINE_NAME  ...  DIRECTION_1                 CREATED_AT
0       line-Red          Red Line  ...         None 2025-04-24 16:40:11.825383
1  line-Mattapan  Mattapan Trolley  ...         None 2025-04-24 16:40:11.825392
2    line-Orange       Orange Line  ...         None 2025-04-24 16:40:11.825393
3     line-Green        Green Line  ...         None 2025-04-24 16:40:11.825393
4      line-Blue         Blue Line  ...         None 2025-04-24 16:40:11.825394

[5 rows x 6 columns]
[2025-04-24T16:40:11.839+0000] {cursor.py:1028} INFO - query: [SELECT * FROM MBTA_LINES WHERE LINE_ID IN ('line-Red','line-Mattapan','line-Oran...]
[2025-04-24T16:40:11.999+0000] {cursor.py:1041} INFO - query execution done
[2025-04-24T16:40:12.000+0000] {cursor.py:1205} INFO - Number of results in first chunk: 142
[2025-04-24T16:40:12.041+0000] {mbta_kafka_consumer.py:112} INFO - 🔁 0 new/updated records out of 142 incoming records (some may be duplicates) for MBTA_LINES
[2025-04-24T16:40:12.044+0000] {mbta_kafka_consumer.py:115} INFO - ✅ All 142 records already up-to-date in MBTA_LINES, no merge needed.
[2025-04-24T16:40:12.046+0000] {mbta_kafka_consumer.py:280} INFO - 📥 Received 142 records from topic: mbta_lines
[2025-04-24T16:40:12.089+0000] {mbta_kafka_consumer.py:62} INFO - 🔍 Sample data for MBTA_LINES:
[2025-04-24T16:40:12.093+0000] {mbta_kafka_consumer.py:63} INFO - 
         LINE_ID         LINE_NAME  ...  DIRECTION_1                 CREATED_AT
0       line-Red          Red Line  ...         None 2025-04-24 16:40:12.047821
1  line-Mattapan  Mattapan Trolley  ...         None 2025-04-24 16:40:12.047830
2    line-Orange       Orange Line  ...         None 2025-04-24 16:40:12.047831
3     line-Green        Green Line  ...         None 2025-04-24 16:40:12.047832
4      line-Blue         Blue Line  ...         None 2025-04-24 16:40:12.047833

[5 rows x 6 columns]
[2025-04-24T16:40:12.174+0000] {cursor.py:1028} INFO - query: [SELECT * FROM MBTA_LINES WHERE LINE_ID IN ('line-Red','line-Mattapan','line-Oran...]
[2025-04-24T16:40:12.317+0000] {cursor.py:1041} INFO - query execution done
[2025-04-24T16:40:12.319+0000] {cursor.py:1205} INFO - Number of results in first chunk: 142
[2025-04-24T16:40:12.344+0000] {mbta_kafka_consumer.py:112} INFO - 🔁 0 new/updated records out of 142 incoming records (some may be duplicates) for MBTA_LINES
[2025-04-24T16:40:12.346+0000] {mbta_kafka_consumer.py:115} INFO - ✅ All 142 records already up-to-date in MBTA_LINES, no merge needed.
[2025-04-24T16:40:12.350+0000] {mbta_kafka_consumer.py:280} INFO - 📥 Received 500 records from topic: mbta_schedules
[2025-04-24T16:40:12.360+0000] {mbta_kafka_consumer.py:62} INFO - 🔍 Sample data for MBTA_SCHEDULES:
[2025-04-24T16:40:12.362+0000] {mbta_kafka_consumer.py:63} INFO - 
                  SCHEDULE_ID  ...                 CREATED_AT
0   schedule-67959825-70105-1  ... 2025-04-24 16:40:12.353954
1  schedule-67959825-70104-10  ... 2025-04-24 16:40:12.353973
2  schedule-67959825-70102-20  ... 2025-04-24 16:40:12.353974
3  schedule-67959825-70100-30  ... 2025-04-24 16:40:12.353982
4  schedule-67959825-70098-40  ... 2025-04-24 16:40:12.353983

[5 rows x 9 columns]
[2025-04-24T16:40:12.369+0000] {cursor.py:1028} INFO - query: [SELECT * FROM MBTA_SCHEDULES WHERE SCHEDULE_ID IN ('schedule-67959825-70105-1','...]
[2025-04-24T16:40:12.741+0000] {cursor.py:1041} INFO - query execution done
[2025-04-24T16:40:12.743+0000] {cursor.py:1205} INFO - Number of results in first chunk: 500
[2025-04-24T16:40:12.834+0000] {mbta_kafka_consumer.py:112} INFO - 🔁 500 new/updated records out of 500 incoming records (some may be duplicates) for MBTA_SCHEDULES
[2025-04-24T16:40:12.835+0000] {cursor.py:1028} INFO - query: [MERGE INTO MBTA_SCHEDULES AS target USING (SELECT 'schedule-67959825-70105-1', N...]
[2025-04-24T16:40:14.677+0000] {cursor.py:1041} INFO - query execution done
[2025-04-24T16:40:14.681+0000] {cursor.py:1028} INFO - query: [MERGE INTO MBTA_SCHEDULES AS target USING (SELECT 'schedule-67959825-70104-10', ...]
[2025-04-24T16:40:16.286+0000] {cursor.py:1041} INFO - query execution done
[2025-04-24T16:40:16.290+0000] {cursor.py:1028} INFO - query: [MERGE INTO MBTA_SCHEDULES AS target USING (SELECT 'schedule-67959825-70102-20', ...]
[2025-04-24T16:40:18.350+0000] {cursor.py:1041} INFO - query execution done
[2025-04-24T16:40:18.357+0000] {cursor.py:1028} INFO - query: [MERGE INTO MBTA_SCHEDULES AS target USING (SELECT 'schedule-67959825-70100-30', ...]
[2025-04-24T16:40:21.871+0000] {cursor.py:1041} INFO - query execution done
[2025-04-24T16:40:21.881+0000] {cursor.py:1028} INFO - query: [MERGE INTO MBTA_SCHEDULES AS target USING (SELECT 'schedule-67959825-70098-40', ...]
[2025-04-24T16:40:23.925+0000] {cursor.py:1041} INFO - query execution done
[2025-04-24T16:40:23.926+0000] {cursor.py:1028} INFO - query: [MERGE INTO MBTA_SCHEDULES AS target USING (SELECT 'schedule-67959825-70096-100',...]
[2025-04-24T16:40:26.524+0000] {cursor.py:1041} INFO - query execution done
[2025-04-24T16:40:26.529+0000] {cursor.py:1028} INFO - query: [MERGE INTO MBTA_SCHEDULES AS target USING (SELECT 'schedule-67959825-70084-110',...]
[2025-04-24T16:40:29.688+0000] {cursor.py:1041} INFO - query execution done
[2025-04-24T16:40:29.693+0000] {cursor.py:1028} INFO - query: [MERGE INTO MBTA_SCHEDULES AS target USING (SELECT 'schedule-67959825-70082-120',...]
[2025-04-24T16:40:31.624+0000] {cursor.py:1041} INFO - query execution done
[2025-04-24T16:40:31.642+0000] {cursor.py:1028} INFO - query: [MERGE INTO MBTA_SCHEDULES AS target USING (SELECT 'schedule-67959825-70080-130',...]
[2025-04-24T16:40:33.571+0000] {cursor.py:1041} INFO - query execution done
[2025-04-24T16:40:33.611+0000] {cursor.py:1028} INFO - query: [MERGE INTO MBTA_SCHEDULES AS target USING (SELECT 'schedule-67959825-70078-140',...]
[2025-04-24T16:40:35.536+0000] {cursor.py:1041} INFO - query execution done
[2025-04-24T16:40:35.543+0000] {cursor.py:1028} INFO - query: [MERGE INTO MBTA_SCHEDULES AS target USING (SELECT 'schedule-67959825-70076-150',...]
[2025-04-24T16:40:37.460+0000] {cursor.py:1041} INFO - query execution done
[2025-04-24T16:40:37.466+0000] {cursor.py:1028} INFO - query: [MERGE INTO MBTA_SCHEDULES AS target USING (SELECT 'schedule-67959825-70074-160',...]
[2025-04-24T16:40:39.255+0000] {cursor.py:1041} INFO - query execution done
[2025-04-24T16:40:39.272+0000] {cursor.py:1028} INFO - query: [MERGE INTO MBTA_SCHEDULES AS target USING (SELECT 'schedule-67959825-70072-170',...]
[2025-04-24T16:40:41.159+0000] {cursor.py:1041} INFO - query execution done
[2025-04-24T16:40:41.178+0000] {cursor.py:1028} INFO - query: [MERGE INTO MBTA_SCHEDULES AS target USING (SELECT 'schedule-67959825-70070-180',...]
[2025-04-24T16:40:42.918+0000] {cursor.py:1041} INFO - query execution done
[2025-04-24T16:40:42.930+0000] {cursor.py:1028} INFO - query: [MERGE INTO MBTA_SCHEDULES AS target USING (SELECT 'schedule-67959825-70068-190',...]
[2025-04-24T16:40:44.743+0000] {cursor.py:1041} INFO - query execution done
[2025-04-24T16:40:44.747+0000] {cursor.py:1028} INFO - query: [MERGE INTO MBTA_SCHEDULES AS target USING (SELECT 'schedule-67959825-70066-200',...]
[2025-04-24T16:40:46.611+0000] {cursor.py:1041} INFO - query execution done
[2025-04-24T16:40:46.615+0000] {cursor.py:1028} INFO - query: [MERGE INTO MBTA_SCHEDULES AS target USING (SELECT 'schedule-67959825-70064-210',...]
[2025-04-24T16:40:49.218+0000] {cursor.py:1041} INFO - query execution done
[2025-04-24T16:40:49.236+0000] {cursor.py:1028} INFO - query: [MERGE INTO MBTA_SCHEDULES AS target USING (SELECT 'schedule-67959825-70061-220',...]
[2025-04-24T16:40:51.243+0000] {cursor.py:1041} INFO - query execution done
[2025-04-24T16:40:51.250+0000] {cursor.py:1028} INFO - query: [MERGE INTO MBTA_SCHEDULES AS target USING (SELECT 'schedule-67970186-70061-1', N...]
[2025-04-24T16:40:53.137+0000] {cursor.py:1041} INFO - query execution done
[2025-04-24T16:40:53.142+0000] {cursor.py:1028} INFO - query: [MERGE INTO MBTA_SCHEDULES AS target USING (SELECT 'schedule-67970186-70063-10', ...]
[2025-04-24T16:40:55.066+0000] {cursor.py:1041} INFO - query execution done
[2025-04-24T16:40:55.069+0000] {cursor.py:1028} INFO - query: [MERGE INTO MBTA_SCHEDULES AS target USING (SELECT 'schedule-67970186-70065-20', ...]
[2025-04-24T16:40:56.930+0000] {cursor.py:1041} INFO - query execution done
[2025-04-24T16:40:56.935+0000] {cursor.py:1028} INFO - query: [MERGE INTO MBTA_SCHEDULES AS target USING (SELECT 'schedule-67970186-70067-30', ...]
[2025-04-24T16:40:58.791+0000] {cursor.py:1041} INFO - query execution done
[2025-04-24T16:40:58.800+0000] {cursor.py:1028} INFO - query: [MERGE INTO MBTA_SCHEDULES AS target USING (SELECT 'schedule-67970186-70069-40', ...]
[2025-04-24T16:41:00.542+0000] {cursor.py:1041} INFO - query execution done
[2025-04-24T16:41:00.556+0000] {cursor.py:1028} INFO - query: [MERGE INTO MBTA_SCHEDULES AS target USING (SELECT 'schedule-67970186-70071-50', ...]
[2025-04-24T16:41:02.474+0000] {cursor.py:1041} INFO - query execution done
[2025-04-24T16:41:02.482+0000] {cursor.py:1028} INFO - query: [MERGE INTO MBTA_SCHEDULES AS target USING (SELECT 'schedule-67970186-70073-60', ...]
[2025-04-24T16:41:04.360+0000] {cursor.py:1041} INFO - query execution done
[2025-04-24T16:41:04.368+0000] {cursor.py:1028} INFO - query: [MERGE INTO MBTA_SCHEDULES AS target USING (SELECT 'schedule-67970186-70075-70', ...]
[2025-04-24T16:41:06.089+0000] {cursor.py:1041} INFO - query execution done
[2025-04-24T16:41:06.098+0000] {cursor.py:1028} INFO - query: [MERGE INTO MBTA_SCHEDULES AS target USING (SELECT 'schedule-67970186-70077-80', ...]
[2025-04-24T16:41:07.996+0000] {cursor.py:1041} INFO - query execution done
[2025-04-24T16:41:08.014+0000] {cursor.py:1028} INFO - query: [MERGE INTO MBTA_SCHEDULES AS target USING (SELECT 'schedule-67970186-70079-90', ...]
[2025-04-24T16:41:09.715+0000] {cursor.py:1041} INFO - query execution done
[2025-04-24T16:41:09.718+0000] {cursor.py:1028} INFO - query: [MERGE INTO MBTA_SCHEDULES AS target USING (SELECT 'schedule-67970186-70081-100',...]
[2025-04-24T16:41:11.303+0000] {cursor.py:1041} INFO - query execution done
[2025-04-24T16:41:11.311+0000] {cursor.py:1028} INFO - query: [MERGE INTO MBTA_SCHEDULES AS target USING (SELECT 'schedule-67970186-70083-110',...]
[2025-04-24T16:41:13.380+0000] {cursor.py:1041} INFO - query execution done
[2025-04-24T16:41:13.385+0000] {cursor.py:1028} INFO - query: [MERGE INTO MBTA_SCHEDULES AS target USING (SELECT 'schedule-67970186-70095-120',...]
[2025-04-24T16:41:15.269+0000] {cursor.py:1041} INFO - query execution done
[2025-04-24T16:41:15.273+0000] {cursor.py:1028} INFO - query: [MERGE INTO MBTA_SCHEDULES AS target USING (SELECT 'schedule-67970186-70097-180',...]
[2025-04-24T16:41:16.964+0000] {cursor.py:1041} INFO - query execution done
[2025-04-24T16:41:16.971+0000] {cursor.py:1028} INFO - query: [MERGE INTO MBTA_SCHEDULES AS target USING (SELECT 'schedule-67970186-70099-190',...]
[2025-04-24T16:41:18.994+0000] {cursor.py:1041} INFO - query execution done
[2025-04-24T16:41:19.001+0000] {cursor.py:1028} INFO - query: [MERGE INTO MBTA_SCHEDULES AS target USING (SELECT 'schedule-67970186-70101-200',...]
[2025-04-24T16:41:21.251+0000] {cursor.py:1041} INFO - query execution done
[2025-04-24T16:41:21.264+0000] {cursor.py:1028} INFO - query: [MERGE INTO MBTA_SCHEDULES AS target USING (SELECT 'schedule-67970186-70103-210',...]
[2025-04-24T16:41:23.772+0000] {cursor.py:1041} INFO - query execution done
[2025-04-24T16:41:23.775+0000] {cursor.py:1028} INFO - query: [MERGE INTO MBTA_SCHEDULES AS target USING (SELECT 'schedule-67970186-70105-220',...]
[2025-04-24T16:41:25.694+0000] {cursor.py:1041} INFO - query execution done
[2025-04-24T16:41:25.712+0000] {cursor.py:1028} INFO - query: [MERGE INTO MBTA_SCHEDULES AS target USING (SELECT 'schedule-67970187-70105-1', N...]
[2025-04-24T16:41:27.773+0000] {cursor.py:1041} INFO - query execution done
[2025-04-24T16:41:27.782+0000] {cursor.py:1028} INFO - query: [MERGE INTO MBTA_SCHEDULES AS target USING (SELECT 'schedule-67970187-70104-10', ...]
[2025-04-24T16:41:30.199+0000] {cursor.py:1041} INFO - query execution done
[2025-04-24T16:41:30.205+0000] {cursor.py:1028} INFO - query: [MERGE INTO MBTA_SCHEDULES AS target USING (SELECT 'schedule-67970187-70102-20', ...]
[2025-04-24T16:41:31.955+0000] {cursor.py:1041} INFO - query execution done
[2025-04-24T16:41:31.969+0000] {cursor.py:1028} INFO - query: [MERGE INTO MBTA_SCHEDULES AS target USING (SELECT 'schedule-67970187-70100-30', ...]
[2025-04-24T16:41:34.012+0000] {cursor.py:1041} INFO - query execution done
[2025-04-24T16:41:34.023+0000] {cursor.py:1028} INFO - query: [MERGE INTO MBTA_SCHEDULES AS target USING (SELECT 'schedule-67970187-70098-40', ...]
[2025-04-24T16:41:35.774+0000] {cursor.py:1041} INFO - query execution done
[2025-04-24T16:41:35.783+0000] {cursor.py:1028} INFO - query: [MERGE INTO MBTA_SCHEDULES AS target USING (SELECT 'schedule-67970187-70096-100',...]
[2025-04-24T16:41:37.062+0000] {cursor.py:1041} INFO - query execution done
[2025-04-24T16:41:37.072+0000] {cursor.py:1028} INFO - query: [MERGE INTO MBTA_SCHEDULES AS target USING (SELECT 'schedule-67970187-70084-110',...]
[2025-04-24T16:41:38.720+0000] {cursor.py:1041} INFO - query execution done
[2025-04-24T16:41:38.728+0000] {cursor.py:1028} INFO - query: [MERGE INTO MBTA_SCHEDULES AS target USING (SELECT 'schedule-67970187-70082-120',...]
[2025-04-24T16:41:40.476+0000] {cursor.py:1041} INFO - query execution done
[2025-04-24T16:41:40.486+0000] {cursor.py:1028} INFO - query: [MERGE INTO MBTA_SCHEDULES AS target USING (SELECT 'schedule-67970187-70080-130',...]
[2025-04-24T16:41:42.293+0000] {cursor.py:1041} INFO - query execution done
[2025-04-24T16:41:42.323+0000] {cursor.py:1028} INFO - query: [MERGE INTO MBTA_SCHEDULES AS target USING (SELECT 'schedule-67970187-70078-140',...]
[2025-04-24T16:41:43.894+0000] {cursor.py:1041} INFO - query execution done
[2025-04-24T16:41:43.904+0000] {cursor.py:1028} INFO - query: [MERGE INTO MBTA_SCHEDULES AS target USING (SELECT 'schedule-67970187-70076-150',...]
[2025-04-24T16:41:45.825+0000] {cursor.py:1041} INFO - query execution done
[2025-04-24T16:41:45.829+0000] {cursor.py:1028} INFO - query: [MERGE INTO MBTA_SCHEDULES AS target USING (SELECT 'schedule-67970187-70074-160',...]
[2025-04-24T16:41:47.599+0000] {cursor.py:1041} INFO - query execution done
[2025-04-24T16:41:47.607+0000] {cursor.py:1028} INFO - query: [MERGE INTO MBTA_SCHEDULES AS target USING (SELECT 'schedule-67970187-70072-170',...]
[2025-04-24T16:41:49.427+0000] {cursor.py:1041} INFO - query execution done
[2025-04-24T16:41:49.434+0000] {cursor.py:1028} INFO - query: [MERGE INTO MBTA_SCHEDULES AS target USING (SELECT 'schedule-67970187-70070-180',...]
[2025-04-24T16:41:51.175+0000] {cursor.py:1041} INFO - query execution done
[2025-04-24T16:41:51.180+0000] {cursor.py:1028} INFO - query: [MERGE INTO MBTA_SCHEDULES AS target USING (SELECT 'schedule-67970187-70068-190',...]
[2025-04-24T16:41:52.768+0000] {cursor.py:1041} INFO - query execution done
[2025-04-24T16:41:52.773+0000] {cursor.py:1028} INFO - query: [MERGE INTO MBTA_SCHEDULES AS target USING (SELECT 'schedule-67970187-70066-200',...]
[2025-04-24T16:41:54.670+0000] {cursor.py:1041} INFO - query execution done
[2025-04-24T16:41:54.679+0000] {cursor.py:1028} INFO - query: [MERGE INTO MBTA_SCHEDULES AS target USING (SELECT 'schedule-67970187-70064-210',...]
[2025-04-24T16:41:56.377+0000] {cursor.py:1041} INFO - query execution done
[2025-04-24T16:41:56.405+0000] {cursor.py:1028} INFO - query: [MERGE INTO MBTA_SCHEDULES AS target USING (SELECT 'schedule-67970187-70061-220',...]
[2025-04-24T16:41:58.265+0000] {cursor.py:1041} INFO - query execution done
[2025-04-24T16:41:58.272+0000] {cursor.py:1028} INFO - query: [MERGE INTO MBTA_SCHEDULES AS target USING (SELECT 'schedule-67970188-70061-1', N...]
[2025-04-24T16:41:59.937+0000] {cursor.py:1041} INFO - query execution done
[2025-04-24T16:41:59.940+0000] {cursor.py:1028} INFO - query: [MERGE INTO MBTA_SCHEDULES AS target USING (SELECT 'schedule-67970188-70063-10', ...]
[2025-04-24T16:42:01.728+0000] {cursor.py:1041} INFO - query execution done
[2025-04-24T16:42:01.729+0000] {cursor.py:1028} INFO - query: [MERGE INTO MBTA_SCHEDULES AS target USING (SELECT 'schedule-67970188-70065-20', ...]
[2025-04-24T16:42:03.328+0000] {cursor.py:1041} INFO - query execution done
[2025-04-24T16:42:03.330+0000] {cursor.py:1028} INFO - query: [MERGE INTO MBTA_SCHEDULES AS target USING (SELECT 'schedule-67970188-70067-30', ...]
[2025-04-24T16:42:05.088+0000] {cursor.py:1041} INFO - query execution done
[2025-04-24T16:42:05.089+0000] {cursor.py:1028} INFO - query: [MERGE INTO MBTA_SCHEDULES AS target USING (SELECT 'schedule-67970188-70069-40', ...]
[2025-04-24T16:42:06.736+0000] {cursor.py:1041} INFO - query execution done
[2025-04-24T16:42:06.740+0000] {cursor.py:1028} INFO - query: [MERGE INTO MBTA_SCHEDULES AS target USING (SELECT 'schedule-67970188-70071-50', ...]
[2025-04-24T16:42:08.342+0000] {cursor.py:1041} INFO - query execution done
[2025-04-24T16:42:08.344+0000] {cursor.py:1028} INFO - query: [MERGE INTO MBTA_SCHEDULES AS target USING (SELECT 'schedule-67970188-70073-60', ...]
[2025-04-24T16:42:09.878+0000] {cursor.py:1041} INFO - query execution done
[2025-04-24T16:42:09.881+0000] {cursor.py:1028} INFO - query: [MERGE INTO MBTA_SCHEDULES AS target USING (SELECT 'schedule-67970188-70075-70', ...]
[2025-04-24T16:42:11.367+0000] {cursor.py:1041} INFO - query execution done
[2025-04-24T16:42:11.369+0000] {cursor.py:1028} INFO - query: [MERGE INTO MBTA_SCHEDULES AS target USING (SELECT 'schedule-67970188-70077-80', ...]
[2025-04-24T16:42:13.700+0000] {cursor.py:1041} INFO - query execution done
[2025-04-24T16:42:13.701+0000] {cursor.py:1028} INFO - query: [MERGE INTO MBTA_SCHEDULES AS target USING (SELECT 'schedule-67970188-70079-90', ...]
[2025-04-24T16:42:15.424+0000] {cursor.py:1041} INFO - query execution done
[2025-04-24T16:42:15.429+0000] {cursor.py:1028} INFO - query: [MERGE INTO MBTA_SCHEDULES AS target USING (SELECT 'schedule-67970188-70081-100',...]
[2025-04-24T16:42:17.029+0000] {cursor.py:1041} INFO - query execution done
[2025-04-24T16:42:17.031+0000] {cursor.py:1028} INFO - query: [MERGE INTO MBTA_SCHEDULES AS target USING (SELECT 'schedule-67970188-70083-110',...]
[2025-04-24T16:42:18.767+0000] {cursor.py:1041} INFO - query execution done
[2025-04-24T16:42:18.770+0000] {cursor.py:1028} INFO - query: [MERGE INTO MBTA_SCHEDULES AS target USING (SELECT 'schedule-67970188-70095-120',...]
[2025-04-24T16:42:20.401+0000] {cursor.py:1041} INFO - query execution done
[2025-04-24T16:42:20.402+0000] {cursor.py:1028} INFO - query: [MERGE INTO MBTA_SCHEDULES AS target USING (SELECT 'schedule-67970188-70097-180',...]
[2025-04-24T16:42:22.420+0000] {cursor.py:1041} INFO - query execution done
[2025-04-24T16:42:22.421+0000] {cursor.py:1028} INFO - query: [MERGE INTO MBTA_SCHEDULES AS target USING (SELECT 'schedule-67970188-70099-190',...]
[2025-04-24T16:42:24.299+0000] {cursor.py:1041} INFO - query execution done
[2025-04-24T16:42:24.300+0000] {cursor.py:1028} INFO - query: [MERGE INTO MBTA_SCHEDULES AS target USING (SELECT 'schedule-67970188-70101-200',...]
[2025-04-24T16:42:25.773+0000] {cursor.py:1041} INFO - query execution done
[2025-04-24T16:42:25.774+0000] {cursor.py:1028} INFO - query: [MERGE INTO MBTA_SCHEDULES AS target USING (SELECT 'schedule-67970188-70103-210',...]
[2025-04-24T16:42:27.460+0000] {cursor.py:1041} INFO - query execution done
[2025-04-24T16:42:27.460+0000] {cursor.py:1028} INFO - query: [MERGE INTO MBTA_SCHEDULES AS target USING (SELECT 'schedule-67970188-70105-220',...]
[2025-04-24T16:42:29.227+0000] {cursor.py:1041} INFO - query execution done
[2025-04-24T16:42:29.230+0000] {cursor.py:1028} INFO - query: [MERGE INTO MBTA_SCHEDULES AS target USING (SELECT 'schedule-67970189-70105-1', N...]
[2025-04-24T16:42:31.634+0000] {cursor.py:1041} INFO - query execution done
[2025-04-24T16:42:31.644+0000] {cursor.py:1028} INFO - query: [MERGE INTO MBTA_SCHEDULES AS target USING (SELECT 'schedule-67970189-70104-10', ...]
[2025-04-24T16:42:33.293+0000] {cursor.py:1041} INFO - query execution done
[2025-04-24T16:42:33.294+0000] {cursor.py:1028} INFO - query: [MERGE INTO MBTA_SCHEDULES AS target USING (SELECT 'schedule-67970189-70102-20', ...]
[2025-04-24T16:42:35.516+0000] {cursor.py:1041} INFO - query execution done
[2025-04-24T16:42:35.518+0000] {cursor.py:1028} INFO - query: [MERGE INTO MBTA_SCHEDULES AS target USING (SELECT 'schedule-67970189-70100-30', ...]
[2025-04-24T16:42:36.993+0000] {cursor.py:1041} INFO - query execution done
[2025-04-24T16:42:36.994+0000] {cursor.py:1028} INFO - query: [MERGE INTO MBTA_SCHEDULES AS target USING (SELECT 'schedule-67970189-70098-40', ...]
[2025-04-24T16:42:38.584+0000] {cursor.py:1041} INFO - query execution done
[2025-04-24T16:42:38.586+0000] {cursor.py:1028} INFO - query: [MERGE INTO MBTA_SCHEDULES AS target USING (SELECT 'schedule-67970189-70096-100',...]
[2025-04-24T16:42:40.277+0000] {cursor.py:1041} INFO - query execution done
[2025-04-24T16:42:40.392+0000] {cursor.py:1028} INFO - query: [MERGE INTO MBTA_SCHEDULES AS target USING (SELECT 'schedule-67970189-70084-110',...]
[2025-04-24T16:42:42.139+0000] {cursor.py:1041} INFO - query execution done
[2025-04-24T16:42:42.140+0000] {cursor.py:1028} INFO - query: [MERGE INTO MBTA_SCHEDULES AS target USING (SELECT 'schedule-67970189-70082-120',...]
[2025-04-24T16:42:43.885+0000] {cursor.py:1041} INFO - query execution done
[2025-04-24T16:42:43.887+0000] {cursor.py:1028} INFO - query: [MERGE INTO MBTA_SCHEDULES AS target USING (SELECT 'schedule-67970189-70080-130',...]
[2025-04-24T16:42:45.713+0000] {cursor.py:1041} INFO - query execution done
[2025-04-24T16:42:45.714+0000] {cursor.py:1028} INFO - query: [MERGE INTO MBTA_SCHEDULES AS target USING (SELECT 'schedule-67970189-70078-140',...]
[2025-04-24T16:42:47.396+0000] {cursor.py:1041} INFO - query execution done
[2025-04-24T16:42:47.401+0000] {cursor.py:1028} INFO - query: [MERGE INTO MBTA_SCHEDULES AS target USING (SELECT 'schedule-67970189-70076-150',...]
[2025-04-24T16:42:49.317+0000] {cursor.py:1041} INFO - query execution done
[2025-04-24T16:42:49.320+0000] {cursor.py:1028} INFO - query: [MERGE INTO MBTA_SCHEDULES AS target USING (SELECT 'schedule-67970189-70074-160',...]
[2025-04-24T16:42:50.871+0000] {cursor.py:1041} INFO - query execution done
[2025-04-24T16:42:50.872+0000] {cursor.py:1028} INFO - query: [MERGE INTO MBTA_SCHEDULES AS target USING (SELECT 'schedule-67970189-70072-170',...]
[2025-04-24T16:42:52.890+0000] {cursor.py:1041} INFO - query execution done
[2025-04-24T16:42:52.894+0000] {cursor.py:1028} INFO - query: [MERGE INTO MBTA_SCHEDULES AS target USING (SELECT 'schedule-67970189-70070-180',...]
[2025-04-24T16:42:54.608+0000] {cursor.py:1041} INFO - query execution done
[2025-04-24T16:42:54.609+0000] {cursor.py:1028} INFO - query: [MERGE INTO MBTA_SCHEDULES AS target USING (SELECT 'schedule-67970189-70068-190',...]
[2025-04-24T16:42:56.320+0000] {cursor.py:1041} INFO - query execution done
[2025-04-24T16:42:56.321+0000] {cursor.py:1028} INFO - query: [MERGE INTO MBTA_SCHEDULES AS target USING (SELECT 'schedule-67970189-70066-200',...]
[2025-04-24T16:42:58.787+0000] {cursor.py:1041} INFO - query execution done
[2025-04-24T16:42:58.789+0000] {cursor.py:1028} INFO - query: [MERGE INTO MBTA_SCHEDULES AS target USING (SELECT 'schedule-67970189-70064-210',...]
[2025-04-24T16:43:00.687+0000] {cursor.py:1041} INFO - query execution done
[2025-04-24T16:43:00.690+0000] {cursor.py:1028} INFO - query: [MERGE INTO MBTA_SCHEDULES AS target USING (SELECT 'schedule-67970189-70061-220',...]
[2025-04-24T16:43:02.338+0000] {cursor.py:1041} INFO - query execution done
[2025-04-24T16:43:02.339+0000] {cursor.py:1028} INFO - query: [MERGE INTO MBTA_SCHEDULES AS target USING (SELECT 'schedule-67970190-70061-1', N...]
[2025-04-24T16:43:03.734+0000] {cursor.py:1041} INFO - query execution done
[2025-04-24T16:43:03.739+0000] {cursor.py:1028} INFO - query: [MERGE INTO MBTA_SCHEDULES AS target USING (SELECT 'schedule-67970190-70063-10', ...]
[2025-04-24T16:43:05.320+0000] {cursor.py:1041} INFO - query execution done
[2025-04-24T16:43:05.328+0000] {cursor.py:1028} INFO - query: [MERGE INTO MBTA_SCHEDULES AS target USING (SELECT 'schedule-67970190-70065-20', ...]
[2025-04-24T16:43:06.539+0000] {cursor.py:1041} INFO - query execution done
[2025-04-24T16:43:06.540+0000] {cursor.py:1028} INFO - query: [MERGE INTO MBTA_SCHEDULES AS target USING (SELECT 'schedule-67970190-70067-30', ...]
[2025-04-24T16:43:08.619+0000] {cursor.py:1041} INFO - query execution done
[2025-04-24T16:43:08.620+0000] {cursor.py:1028} INFO - query: [MERGE INTO MBTA_SCHEDULES AS target USING (SELECT 'schedule-67970190-70069-40', ...]
[2025-04-24T16:43:10.268+0000] {cursor.py:1041} INFO - query execution done
[2025-04-24T16:43:10.272+0000] {cursor.py:1028} INFO - query: [MERGE INTO MBTA_SCHEDULES AS target USING (SELECT 'schedule-67970190-70071-50', ...]
[2025-04-24T16:43:12.295+0000] {cursor.py:1041} INFO - query execution done
[2025-04-24T16:43:12.296+0000] {cursor.py:1028} INFO - query: [MERGE INTO MBTA_SCHEDULES AS target USING (SELECT 'schedule-67970190-70073-60', ...]
[2025-04-24T16:43:13.967+0000] {cursor.py:1041} INFO - query execution done
[2025-04-24T16:43:13.969+0000] {cursor.py:1028} INFO - query: [MERGE INTO MBTA_SCHEDULES AS target USING (SELECT 'schedule-67970190-70075-70', ...]
[2025-04-24T16:43:15.610+0000] {cursor.py:1041} INFO - query execution done
[2025-04-24T16:43:15.623+0000] {cursor.py:1028} INFO - query: [MERGE INTO MBTA_SCHEDULES AS target USING (SELECT 'schedule-67970190-70077-80', ...]
[2025-04-24T16:43:17.415+0000] {cursor.py:1041} INFO - query execution done
[2025-04-24T16:43:17.417+0000] {cursor.py:1028} INFO - query: [MERGE INTO MBTA_SCHEDULES AS target USING (SELECT 'schedule-67970190-70079-90', ...]
[2025-04-24T16:43:20.087+0000] {cursor.py:1041} INFO - query execution done
[2025-04-24T16:43:20.094+0000] {cursor.py:1028} INFO - query: [MERGE INTO MBTA_SCHEDULES AS target USING (SELECT 'schedule-67970190-70081-100',...]
[2025-04-24T16:43:21.887+0000] {cursor.py:1041} INFO - query execution done
[2025-04-24T16:43:21.889+0000] {cursor.py:1028} INFO - query: [MERGE INTO MBTA_SCHEDULES AS target USING (SELECT 'schedule-67970190-70083-110',...]
[2025-04-24T16:43:23.700+0000] {cursor.py:1041} INFO - query execution done
[2025-04-24T16:43:23.702+0000] {cursor.py:1028} INFO - query: [MERGE INTO MBTA_SCHEDULES AS target USING (SELECT 'schedule-67970190-70095-120',...]
[2025-04-24T16:43:25.573+0000] {cursor.py:1041} INFO - query execution done
[2025-04-24T16:43:25.577+0000] {cursor.py:1028} INFO - query: [MERGE INTO MBTA_SCHEDULES AS target USING (SELECT 'schedule-67970190-70097-180',...]
[2025-04-24T16:43:27.281+0000] {cursor.py:1041} INFO - query execution done
[2025-04-24T16:43:27.282+0000] {cursor.py:1028} INFO - query: [MERGE INTO MBTA_SCHEDULES AS target USING (SELECT 'schedule-67970190-70099-190',...]
[2025-04-24T16:43:32.052+0000] {cursor.py:1041} INFO - query execution done
[2025-04-24T16:43:32.062+0000] {cursor.py:1028} INFO - query: [MERGE INTO MBTA_SCHEDULES AS target USING (SELECT 'schedule-67970190-70101-200',...]
[2025-04-24T16:43:33.680+0000] {cursor.py:1041} INFO - query execution done
[2025-04-24T16:43:33.682+0000] {cursor.py:1028} INFO - query: [MERGE INTO MBTA_SCHEDULES AS target USING (SELECT 'schedule-67970190-70103-210',...]
[2025-04-24T16:43:35.584+0000] {cursor.py:1041} INFO - query execution done
[2025-04-24T16:43:35.586+0000] {cursor.py:1028} INFO - query: [MERGE INTO MBTA_SCHEDULES AS target USING (SELECT 'schedule-67970190-70105-220',...]
[2025-04-24T16:43:37.624+0000] {cursor.py:1041} INFO - query execution done
[2025-04-24T16:43:37.626+0000] {cursor.py:1028} INFO - query: [MERGE INTO MBTA_SCHEDULES AS target USING (SELECT 'schedule-67970191-70105-1', N...]
[2025-04-24T16:43:39.486+0000] {cursor.py:1041} INFO - query execution done
[2025-04-24T16:43:39.487+0000] {cursor.py:1028} INFO - query: [MERGE INTO MBTA_SCHEDULES AS target USING (SELECT 'schedule-67970191-70104-10', ...]
[2025-04-24T16:43:41.732+0000] {cursor.py:1041} INFO - query execution done
[2025-04-24T16:43:41.739+0000] {cursor.py:1028} INFO - query: [MERGE INTO MBTA_SCHEDULES AS target USING (SELECT 'schedule-67970191-70102-20', ...]
[2025-04-24T16:43:43.529+0000] {cursor.py:1041} INFO - query execution done
[2025-04-24T16:43:43.532+0000] {cursor.py:1028} INFO - query: [MERGE INTO MBTA_SCHEDULES AS target USING (SELECT 'schedule-67970191-70100-30', ...]
[2025-04-24T16:43:45.385+0000] {cursor.py:1041} INFO - query execution done
[2025-04-24T16:43:45.388+0000] {cursor.py:1028} INFO - query: [MERGE INTO MBTA_SCHEDULES AS target USING (SELECT 'schedule-67970191-70098-40', ...]
[2025-04-24T16:43:47.055+0000] {cursor.py:1041} INFO - query execution done
[2025-04-24T16:43:47.056+0000] {cursor.py:1028} INFO - query: [MERGE INTO MBTA_SCHEDULES AS target USING (SELECT 'schedule-67970191-70096-100',...]
[2025-04-24T16:43:48.804+0000] {cursor.py:1041} INFO - query execution done
[2025-04-24T16:43:48.807+0000] {cursor.py:1028} INFO - query: [MERGE INTO MBTA_SCHEDULES AS target USING (SELECT 'schedule-67970191-70084-110',...]
[2025-04-24T16:43:50.544+0000] {cursor.py:1041} INFO - query execution done
[2025-04-24T16:43:50.591+0000] {cursor.py:1028} INFO - query: [MERGE INTO MBTA_SCHEDULES AS target USING (SELECT 'schedule-67970191-70082-120',...]
[2025-04-24T16:43:52.190+0000] {cursor.py:1041} INFO - query execution done
[2025-04-24T16:43:52.200+0000] {cursor.py:1028} INFO - query: [MERGE INTO MBTA_SCHEDULES AS target USING (SELECT 'schedule-67970191-70080-130',...]
[2025-04-24T16:43:54.328+0000] {cursor.py:1041} INFO - query execution done
[2025-04-24T16:43:54.334+0000] {cursor.py:1028} INFO - query: [MERGE INTO MBTA_SCHEDULES AS target USING (SELECT 'schedule-67970191-70078-140',...]
[2025-04-24T16:43:55.969+0000] {cursor.py:1041} INFO - query execution done
[2025-04-24T16:43:55.970+0000] {cursor.py:1028} INFO - query: [MERGE INTO MBTA_SCHEDULES AS target USING (SELECT 'schedule-67970191-70076-150',...]
[2025-04-24T16:43:58.617+0000] {cursor.py:1041} INFO - query execution done
[2025-04-24T16:43:58.626+0000] {cursor.py:1028} INFO - query: [MERGE INTO MBTA_SCHEDULES AS target USING (SELECT 'schedule-67970191-70074-160',...]
[2025-04-24T16:44:00.482+0000] {cursor.py:1041} INFO - query execution done
[2025-04-24T16:44:00.484+0000] {cursor.py:1028} INFO - query: [MERGE INTO MBTA_SCHEDULES AS target USING (SELECT 'schedule-67970191-70072-170',...]
[2025-04-24T16:44:02.273+0000] {cursor.py:1041} INFO - query execution done
[2025-04-24T16:44:02.274+0000] {cursor.py:1028} INFO - query: [MERGE INTO MBTA_SCHEDULES AS target USING (SELECT 'schedule-67970191-70070-180',...]
[2025-04-24T16:44:04.727+0000] {cursor.py:1041} INFO - query execution done
[2025-04-24T16:44:04.728+0000] {cursor.py:1028} INFO - query: [MERGE INTO MBTA_SCHEDULES AS target USING (SELECT 'schedule-67970191-70068-190',...]
[2025-04-24T16:44:06.637+0000] {cursor.py:1041} INFO - query execution done
[2025-04-24T16:44:06.640+0000] {cursor.py:1028} INFO - query: [MERGE INTO MBTA_SCHEDULES AS target USING (SELECT 'schedule-67970191-70066-200',...]
[2025-04-24T16:44:08.615+0000] {cursor.py:1041} INFO - query execution done
[2025-04-24T16:44:08.616+0000] {cursor.py:1028} INFO - query: [MERGE INTO MBTA_SCHEDULES AS target USING (SELECT 'schedule-67970191-70064-210',...]
[2025-04-24T16:44:10.443+0000] {cursor.py:1041} INFO - query execution done
[2025-04-24T16:44:10.462+0000] {cursor.py:1028} INFO - query: [MERGE INTO MBTA_SCHEDULES AS target USING (SELECT 'schedule-67970191-70061-220',...]
[2025-04-24T16:44:12.395+0000] {cursor.py:1041} INFO - query execution done
[2025-04-24T16:44:12.403+0000] {cursor.py:1028} INFO - query: [MERGE INTO MBTA_SCHEDULES AS target USING (SELECT 'schedule-67970192-70061-1', N...]
[2025-04-24T16:44:14.796+0000] {cursor.py:1041} INFO - query execution done
[2025-04-24T16:44:14.801+0000] {cursor.py:1028} INFO - query: [MERGE INTO MBTA_SCHEDULES AS target USING (SELECT 'schedule-67970192-70063-10', ...]
[2025-04-24T16:44:16.416+0000] {cursor.py:1041} INFO - query execution done
[2025-04-24T16:44:16.420+0000] {cursor.py:1028} INFO - query: [MERGE INTO MBTA_SCHEDULES AS target USING (SELECT 'schedule-67970192-70065-20', ...]
[2025-04-24T16:44:18.158+0000] {cursor.py:1041} INFO - query execution done
[2025-04-24T16:44:18.160+0000] {cursor.py:1028} INFO - query: [MERGE INTO MBTA_SCHEDULES AS target USING (SELECT 'schedule-67970192-70067-30', ...]
[2025-04-24T16:44:19.813+0000] {cursor.py:1041} INFO - query execution done
[2025-04-24T16:44:19.818+0000] {cursor.py:1028} INFO - query: [MERGE INTO MBTA_SCHEDULES AS target USING (SELECT 'schedule-67970192-70069-40', ...]
[2025-04-24T16:44:21.518+0000] {cursor.py:1041} INFO - query execution done
[2025-04-24T16:44:21.524+0000] {cursor.py:1028} INFO - query: [MERGE INTO MBTA_SCHEDULES AS target USING (SELECT 'schedule-67970192-70071-50', ...]
[2025-04-24T16:44:24.063+0000] {cursor.py:1041} INFO - query execution done
[2025-04-24T16:44:24.104+0000] {cursor.py:1028} INFO - query: [MERGE INTO MBTA_SCHEDULES AS target USING (SELECT 'schedule-67970192-70073-60', ...]
[2025-04-24T16:44:26.753+0000] {cursor.py:1041} INFO - query execution done
[2025-04-24T16:44:26.763+0000] {cursor.py:1028} INFO - query: [MERGE INTO MBTA_SCHEDULES AS target USING (SELECT 'schedule-67970192-70075-70', ...]
[2025-04-24T16:44:28.311+0000] {cursor.py:1041} INFO - query execution done
[2025-04-24T16:44:28.311+0000] {cursor.py:1028} INFO - query: [MERGE INTO MBTA_SCHEDULES AS target USING (SELECT 'schedule-67970192-70077-80', ...]
[2025-04-24T16:44:30.098+0000] {cursor.py:1041} INFO - query execution done
[2025-04-24T16:44:30.102+0000] {cursor.py:1028} INFO - query: [MERGE INTO MBTA_SCHEDULES AS target USING (SELECT 'schedule-67970192-70079-90', ...]
[2025-04-24T16:44:31.975+0000] {cursor.py:1041} INFO - query execution done
[2025-04-24T16:44:31.976+0000] {cursor.py:1028} INFO - query: [MERGE INTO MBTA_SCHEDULES AS target USING (SELECT 'schedule-67970192-70081-100',...]
[2025-04-24T16:44:33.685+0000] {cursor.py:1041} INFO - query execution done
[2025-04-24T16:44:33.711+0000] {cursor.py:1028} INFO - query: [MERGE INTO MBTA_SCHEDULES AS target USING (SELECT 'schedule-67970192-70083-110',...]
[2025-04-24T16:44:35.505+0000] {cursor.py:1041} INFO - query execution done
[2025-04-24T16:44:35.511+0000] {cursor.py:1028} INFO - query: [MERGE INTO MBTA_SCHEDULES AS target USING (SELECT 'schedule-67970192-70095-120',...]
[2025-04-24T16:44:37.245+0000] {cursor.py:1041} INFO - query execution done
[2025-04-24T16:44:37.250+0000] {cursor.py:1028} INFO - query: [MERGE INTO MBTA_SCHEDULES AS target USING (SELECT 'schedule-67970192-70097-180',...]
[2025-04-24T16:44:39.019+0000] {cursor.py:1041} INFO - query execution done
[2025-04-24T16:44:39.020+0000] {cursor.py:1028} INFO - query: [MERGE INTO MBTA_SCHEDULES AS target USING (SELECT 'schedule-67970192-70099-190',...]
[2025-04-24T16:44:41.320+0000] {cursor.py:1041} INFO - query execution done
[2025-04-24T16:44:41.322+0000] {cursor.py:1028} INFO - query: [MERGE INTO MBTA_SCHEDULES AS target USING (SELECT 'schedule-67970192-70101-200',...]
[2025-04-24T16:44:42.988+0000] {cursor.py:1041} INFO - query execution done
[2025-04-24T16:44:42.989+0000] {cursor.py:1028} INFO - query: [MERGE INTO MBTA_SCHEDULES AS target USING (SELECT 'schedule-67970192-70103-210',...]
[2025-04-24T16:44:44.651+0000] {cursor.py:1041} INFO - query execution done
[2025-04-24T16:44:44.653+0000] {cursor.py:1028} INFO - query: [MERGE INTO MBTA_SCHEDULES AS target USING (SELECT 'schedule-67970192-70105-220',...]
[2025-04-24T16:44:46.959+0000] {cursor.py:1041} INFO - query execution done
[2025-04-24T16:44:46.968+0000] {cursor.py:1028} INFO - query: [MERGE INTO MBTA_SCHEDULES AS target USING (SELECT 'schedule-67970193-70105-1', N...]
[2025-04-24T16:44:48.755+0000] {cursor.py:1041} INFO - query execution done
[2025-04-24T16:44:48.759+0000] {cursor.py:1028} INFO - query: [MERGE INTO MBTA_SCHEDULES AS target USING (SELECT 'schedule-67970193-70104-10', ...]
[2025-04-24T16:44:50.609+0000] {cursor.py:1041} INFO - query execution done
[2025-04-24T16:44:50.617+0000] {cursor.py:1028} INFO - query: [MERGE INTO MBTA_SCHEDULES AS target USING (SELECT 'schedule-67970193-70102-20', ...]
[2025-04-24T16:44:52.177+0000] {cursor.py:1041} INFO - query execution done
[2025-04-24T16:44:52.183+0000] {cursor.py:1028} INFO - query: [MERGE INTO MBTA_SCHEDULES AS target USING (SELECT 'schedule-67970193-70100-30', ...]
[2025-04-24T16:44:54.369+0000] {cursor.py:1041} INFO - query execution done
[2025-04-24T16:44:54.375+0000] {cursor.py:1028} INFO - query: [MERGE INTO MBTA_SCHEDULES AS target USING (SELECT 'schedule-67970193-70098-40', ...]
[2025-04-24T16:44:55.940+0000] {cursor.py:1041} INFO - query execution done
[2025-04-24T16:44:55.944+0000] {cursor.py:1028} INFO - query: [MERGE INTO MBTA_SCHEDULES AS target USING (SELECT 'schedule-67970193-70096-100',...]
[2025-04-24T16:44:57.504+0000] {cursor.py:1041} INFO - query execution done
[2025-04-24T16:44:57.515+0000] {cursor.py:1028} INFO - query: [MERGE INTO MBTA_SCHEDULES AS target USING (SELECT 'schedule-67970193-70084-110',...]
[2025-04-24T16:44:59.099+0000] {cursor.py:1041} INFO - query execution done
[2025-04-24T16:44:59.103+0000] {cursor.py:1028} INFO - query: [MERGE INTO MBTA_SCHEDULES AS target USING (SELECT 'schedule-67970193-70082-120',...]
[2025-04-24T16:45:00.973+0000] {cursor.py:1041} INFO - query execution done
[2025-04-24T16:45:00.987+0000] {cursor.py:1028} INFO - query: [MERGE INTO MBTA_SCHEDULES AS target USING (SELECT 'schedule-67970193-70080-130',...]
[2025-04-24T16:45:02.794+0000] {cursor.py:1041} INFO - query execution done
[2025-04-24T16:45:02.803+0000] {cursor.py:1028} INFO - query: [MERGE INTO MBTA_SCHEDULES AS target USING (SELECT 'schedule-67970193-70078-140',...]
[2025-04-24T16:45:04.790+0000] {cursor.py:1041} INFO - query execution done
[2025-04-24T16:45:04.797+0000] {cursor.py:1028} INFO - query: [MERGE INTO MBTA_SCHEDULES AS target USING (SELECT 'schedule-67970193-70076-150',...]
[2025-04-24T16:45:06.521+0000] {cursor.py:1041} INFO - query execution done
[2025-04-24T16:45:06.532+0000] {cursor.py:1028} INFO - query: [MERGE INTO MBTA_SCHEDULES AS target USING (SELECT 'schedule-67970193-70074-160',...]
[2025-04-24T16:45:08.155+0000] {cursor.py:1041} INFO - query execution done
[2025-04-24T16:45:08.163+0000] {cursor.py:1028} INFO - query: [MERGE INTO MBTA_SCHEDULES AS target USING (SELECT 'schedule-67970193-70072-170',...]
[2025-04-24T16:45:10.351+0000] {cursor.py:1041} INFO - query execution done
[2025-04-24T16:45:10.381+0000] {cursor.py:1028} INFO - query: [MERGE INTO MBTA_SCHEDULES AS target USING (SELECT 'schedule-67970193-70070-180',...]
[2025-04-24T16:45:12.213+0000] {cursor.py:1041} INFO - query execution done
[2025-04-24T16:45:12.222+0000] {cursor.py:1028} INFO - query: [MERGE INTO MBTA_SCHEDULES AS target USING (SELECT 'schedule-67970193-70068-190',...]
[2025-04-24T16:45:14.881+0000] {cursor.py:1041} INFO - query execution done
[2025-04-24T16:45:14.889+0000] {cursor.py:1028} INFO - query: [MERGE INTO MBTA_SCHEDULES AS target USING (SELECT 'schedule-67970193-70066-200',...]
[2025-04-24T16:45:16.747+0000] {cursor.py:1041} INFO - query execution done
[2025-04-24T16:45:16.790+0000] {cursor.py:1028} INFO - query: [MERGE INTO MBTA_SCHEDULES AS target USING (SELECT 'schedule-67970193-70064-210',...]
[2025-04-24T16:45:18.452+0000] {cursor.py:1041} INFO - query execution done
[2025-04-24T16:45:18.466+0000] {cursor.py:1028} INFO - query: [MERGE INTO MBTA_SCHEDULES AS target USING (SELECT 'schedule-67970193-70061-220',...]
[2025-04-24T16:45:20.171+0000] {cursor.py:1041} INFO - query execution done
[2025-04-24T16:45:20.233+0000] {cursor.py:1028} INFO - query: [MERGE INTO MBTA_SCHEDULES AS target USING (SELECT 'schedule-67970194-70061-1', N...]
[2025-04-24T16:45:22.067+0000] {cursor.py:1041} INFO - query execution done
[2025-04-24T16:45:22.078+0000] {cursor.py:1028} INFO - query: [MERGE INTO MBTA_SCHEDULES AS target USING (SELECT 'schedule-67970194-70063-10', ...]
[2025-04-24T16:45:23.865+0000] {cursor.py:1041} INFO - query execution done
[2025-04-24T16:45:23.870+0000] {cursor.py:1028} INFO - query: [MERGE INTO MBTA_SCHEDULES AS target USING (SELECT 'schedule-67970194-70065-20', ...]
[2025-04-24T16:45:25.551+0000] {cursor.py:1041} INFO - query execution done
[2025-04-24T16:45:25.565+0000] {cursor.py:1028} INFO - query: [MERGE INTO MBTA_SCHEDULES AS target USING (SELECT 'schedule-67970194-70067-30', ...]
[2025-04-24T16:45:27.673+0000] {cursor.py:1041} INFO - query execution done
[2025-04-24T16:45:27.680+0000] {cursor.py:1028} INFO - query: [MERGE INTO MBTA_SCHEDULES AS target USING (SELECT 'schedule-67970194-70069-40', ...]
[2025-04-24T16:45:30.018+0000] {cursor.py:1041} INFO - query execution done
[2025-04-24T16:45:30.044+0000] {cursor.py:1028} INFO - query: [MERGE INTO MBTA_SCHEDULES AS target USING (SELECT 'schedule-67970194-70071-50', ...]
[2025-04-24T16:45:32.052+0000] {cursor.py:1041} INFO - query execution done
[2025-04-24T16:45:32.127+0000] {cursor.py:1028} INFO - query: [MERGE INTO MBTA_SCHEDULES AS target USING (SELECT 'schedule-67970194-70073-60', ...]
[2025-04-24T16:45:34.068+0000] {cursor.py:1041} INFO - query execution done
[2025-04-24T16:45:34.073+0000] {cursor.py:1028} INFO - query: [MERGE INTO MBTA_SCHEDULES AS target USING (SELECT 'schedule-67970194-70075-70', ...]
[2025-04-24T16:45:36.252+0000] {cursor.py:1041} INFO - query execution done
[2025-04-24T16:45:36.291+0000] {cursor.py:1028} INFO - query: [MERGE INTO MBTA_SCHEDULES AS target USING (SELECT 'schedule-67970194-70077-80', ...]
[2025-04-24T16:45:38.409+0000] {cursor.py:1041} INFO - query execution done
[2025-04-24T16:45:38.418+0000] {cursor.py:1028} INFO - query: [MERGE INTO MBTA_SCHEDULES AS target USING (SELECT 'schedule-67970194-70079-90', ...]
[2025-04-24T16:45:41.462+0000] {cursor.py:1041} INFO - query execution done
[2025-04-24T16:45:41.468+0000] {cursor.py:1028} INFO - query: [MERGE INTO MBTA_SCHEDULES AS target USING (SELECT 'schedule-67970194-70081-100',...]
[2025-04-24T16:45:43.750+0000] {cursor.py:1041} INFO - query execution done
[2025-04-24T16:45:43.770+0000] {cursor.py:1028} INFO - query: [MERGE INTO MBTA_SCHEDULES AS target USING (SELECT 'schedule-67970194-70083-110',...]
[2025-04-24T16:45:46.870+0000] {cursor.py:1041} INFO - query execution done
[2025-04-24T16:45:46.885+0000] {cursor.py:1028} INFO - query: [MERGE INTO MBTA_SCHEDULES AS target USING (SELECT 'schedule-67970194-70095-120',...]
[2025-04-24T16:45:49.444+0000] {cursor.py:1041} INFO - query execution done
[2025-04-24T16:45:49.449+0000] {cursor.py:1028} INFO - query: [MERGE INTO MBTA_SCHEDULES AS target USING (SELECT 'schedule-67970194-70097-180',...]
[2025-04-24T16:45:51.565+0000] {cursor.py:1041} INFO - query execution done
[2025-04-24T16:45:51.568+0000] {cursor.py:1028} INFO - query: [MERGE INTO MBTA_SCHEDULES AS target USING (SELECT 'schedule-67970194-70099-190',...]
[2025-04-24T16:45:53.796+0000] {cursor.py:1041} INFO - query execution done
[2025-04-24T16:45:53.806+0000] {cursor.py:1028} INFO - query: [MERGE INTO MBTA_SCHEDULES AS target USING (SELECT 'schedule-67970194-70101-200',...]
[2025-04-24T16:45:55.968+0000] {cursor.py:1041} INFO - query execution done
[2025-04-24T16:45:56.089+0000] {cursor.py:1028} INFO - query: [MERGE INTO MBTA_SCHEDULES AS target USING (SELECT 'schedule-67970194-70103-210',...]
[2025-04-24T16:45:58.180+0000] {cursor.py:1041} INFO - query execution done
[2025-04-24T16:45:58.181+0000] {cursor.py:1028} INFO - query: [MERGE INTO MBTA_SCHEDULES AS target USING (SELECT 'schedule-67970194-70105-220',...]
[2025-04-24T16:46:00.266+0000] {cursor.py:1041} INFO - query execution done
[2025-04-24T16:46:00.270+0000] {cursor.py:1028} INFO - query: [MERGE INTO MBTA_SCHEDULES AS target USING (SELECT 'schedule-67970195-70105-1', N...]
[2025-04-24T16:46:02.606+0000] {cursor.py:1041} INFO - query execution done
[2025-04-24T16:46:02.614+0000] {cursor.py:1028} INFO - query: [MERGE INTO MBTA_SCHEDULES AS target USING (SELECT 'schedule-67970195-70104-10', ...]
[2025-04-24T16:46:05.018+0000] {cursor.py:1041} INFO - query execution done
[2025-04-24T16:46:05.021+0000] {cursor.py:1028} INFO - query: [MERGE INTO MBTA_SCHEDULES AS target USING (SELECT 'schedule-67970195-70102-20', ...]
[2025-04-24T16:46:07.794+0000] {cursor.py:1041} INFO - query execution done
[2025-04-24T16:46:07.805+0000] {cursor.py:1028} INFO - query: [MERGE INTO MBTA_SCHEDULES AS target USING (SELECT 'schedule-67970195-70100-30', ...]
[2025-04-24T16:46:10.187+0000] {cursor.py:1041} INFO - query execution done
[2025-04-24T16:46:10.191+0000] {cursor.py:1028} INFO - query: [MERGE INTO MBTA_SCHEDULES AS target USING (SELECT 'schedule-67970195-70098-40', ...]
[2025-04-24T16:46:12.722+0000] {cursor.py:1041} INFO - query execution done
[2025-04-24T16:46:12.725+0000] {cursor.py:1028} INFO - query: [MERGE INTO MBTA_SCHEDULES AS target USING (SELECT 'schedule-67970195-70096-100',...]
[2025-04-24T16:46:14.980+0000] {cursor.py:1041} INFO - query execution done
[2025-04-24T16:46:14.983+0000] {cursor.py:1028} INFO - query: [MERGE INTO MBTA_SCHEDULES AS target USING (SELECT 'schedule-67970195-70084-110',...]
[2025-04-24T16:46:16.896+0000] {cursor.py:1041} INFO - query execution done
[2025-04-24T16:46:16.897+0000] {cursor.py:1028} INFO - query: [MERGE INTO MBTA_SCHEDULES AS target USING (SELECT 'schedule-67970195-70082-120',...]
[2025-04-24T16:46:18.677+0000] {cursor.py:1041} INFO - query execution done
[2025-04-24T16:46:18.677+0000] {cursor.py:1028} INFO - query: [MERGE INTO MBTA_SCHEDULES AS target USING (SELECT 'schedule-67970195-70080-130',...]
[2025-04-24T16:46:20.505+0000] {cursor.py:1041} INFO - query execution done
[2025-04-24