[2025-04-23T18:21:32.181+0000] {taskinstance.py:1956} INFO - Dependencies all met for dep_context=non-requeueable deps ti=<TaskInstance: mbta_ingestion_dag.load_to_snowflake scheduled__2025-04-23T04:45:00+00:00 [queued]>
[2025-04-23T18:21:32.220+0000] {taskinstance.py:1956} INFO - Dependencies all met for dep_context=requeueable deps ti=<TaskInstance: mbta_ingestion_dag.load_to_snowflake scheduled__2025-04-23T04:45:00+00:00 [queued]>
[2025-04-23T18:21:32.222+0000] {taskinstance.py:2170} INFO - Starting attempt 2 of 2
[2025-04-23T18:21:32.304+0000] {taskinstance.py:2191} INFO - Executing <Task(PythonOperator): load_to_snowflake> on 2025-04-23 04:45:00+00:00
[2025-04-23T18:21:32.316+0000] {standard_task_runner.py:60} INFO - Started process 229 to run task
[2025-04-23T18:21:32.338+0000] {standard_task_runner.py:87} INFO - Running: ['***', 'tasks', 'run', 'mbta_ingestion_dag', 'load_to_snowflake', 'scheduled__2025-04-23T04:45:00+00:00', '--job-id', '480', '--raw', '--subdir', 'DAGS_FOLDER/mbta_ingestion_dag.py', '--cfg-path', '/tmp/tmphwyyeuk7']
[2025-04-23T18:21:32.354+0000] {standard_task_runner.py:88} INFO - Job 480: Subtask load_to_snowflake
[2025-04-23T18:21:32.883+0000] {task_command.py:423} INFO - Running <TaskInstance: mbta_ingestion_dag.load_to_snowflake scheduled__2025-04-23T04:45:00+00:00 [running]> on host 867e51213d1f
[2025-04-23T18:21:33.628+0000] {taskinstance.py:2480} INFO - Exporting env vars: AIRFLOW_CTX_DAG_OWNER='***' AIRFLOW_CTX_DAG_ID='mbta_ingestion_dag' AIRFLOW_CTX_TASK_ID='load_to_snowflake' AIRFLOW_CTX_EXECUTION_DATE='2025-04-23T04:45:00+00:00' AIRFLOW_CTX_TRY_NUMBER='2' AIRFLOW_CTX_DAG_RUN_ID='scheduled__2025-04-23T04:45:00+00:00'
[2025-04-23T18:21:33.632+0000] {mbta_ingestion_dag.py:35} INFO - 🚀 Launching Kafka consumer to process and load data into Snowflake...
[2025-04-23T18:21:33.633+0000] {connection.py:370} INFO - Snowflake Connector for Python Version: 3.6.0, Python Version: 3.9.18, Platform: Linux-6.10.14-linuxkit-aarch64-with-glibc2.36
[2025-04-23T18:21:33.638+0000] {connection.py:1171} INFO - This connection is in OCSP Fail Open Mode. TLS Certificates would be checked for validity and revocation status. Any other Certificate Revocation related exceptions or OCSP Responder failures would be disregarded in favor of connectivity.
[2025-04-23T18:21:34.493+0000] {mbta_kafka_consumer.py:45} INFO - ✅ Connected to Snowflake successfully.
[2025-04-23T18:21:34.495+0000] {mbta_kafka_consumer.py:220} INFO - 🚀 Starting MBTA Kafka Consumer...
[2025-04-23T18:21:34.512+0000] {conn.py:395} INFO - <BrokerConnection client_id=kafka-python-2.1.5, node_id=bootstrap-0 host=kafka:9092 <connecting> [IPv4 ('172.18.0.3', 9092)]>: connecting to kafka:9092 [('172.18.0.3', 9092) IPv4]
[2025-04-23T18:21:34.555+0000] {conn.py:615} INFO - <BrokerConnection client_id=kafka-python-2.1.5, node_id=bootstrap-0 host=kafka:9092 <checking_api_versions_recv> [IPv4 ('172.18.0.3', 9092)]>: Broker version identified as 2.6
[2025-04-23T18:21:34.556+0000] {conn.py:456} INFO - <BrokerConnection client_id=kafka-python-2.1.5, node_id=bootstrap-0 host=kafka:9092 <connected> [IPv4 ('172.18.0.3', 9092)]>: Connection complete.
[2025-04-23T18:21:34.559+0000] {consumer.py:119} WARNING - group_id is None: disabling auto-commit.
[2025-04-23T18:21:34.560+0000] {subscription_state.py:182} INFO - Updating subscribed topics to: ('mbta_alerts', 'mbta_routes', 'mbta_stops', 'mbta_vehicles', 'mbta_predictions')
[2025-04-23T18:21:34.568+0000] {subscription_state.py:254} INFO - Updated partition assignment: [('mbta_predictions', 0), ('mbta_vehicles', 0), ('mbta_routes', 0), ('mbta_alerts', 0), ('mbta_stops', 0)]
[2025-04-23T18:21:34.571+0000] {conn.py:395} INFO - <BrokerConnection client_id=kafka-python-2.1.5, node_id=1 host=kafka:9092 <connecting> [IPv4 ('172.18.0.3', 9092)]>: connecting to kafka:9092 [('172.18.0.3', 9092) IPv4]
[2025-04-23T18:21:34.572+0000] {conn.py:456} INFO - <BrokerConnection client_id=kafka-python-2.1.5, node_id=1 host=kafka:9092 <connected> [IPv4 ('172.18.0.3', 9092)]>: Connection complete.
[2025-04-23T18:21:34.572+0000] {conn.py:936} INFO - <BrokerConnection client_id=kafka-python-2.1.5, node_id=bootstrap-0 host=kafka:9092 <connected> [IPv4 ('172.18.0.3', 9092)]>: Closing connection. 
[2025-04-23T18:21:45.698+0000] {mbta_kafka_consumer.py:234} INFO - 📥 Received 281 records from topic: mbta_vehicles
[2025-04-23T18:21:45.801+0000] {mbta_kafka_consumer.py:56} INFO - 🔍 Sample data for MBTA_VEHICLES:
[2025-04-23T18:21:45.802+0000] {mbta_kafka_consumer.py:57} INFO - 
   VEHICLE_ID ROUTE_ID  ...         STATUS                 CREATED_AT
0       y1830       10  ...     STOPPED_AT 2025-04-23 18:21:45.704882
1     G-10268  Green-C  ...     STOPPED_AT 2025-04-23 18:21:45.704896
2     G-10469  Green-D  ...    INCOMING_AT 2025-04-23 18:21:45.704898
3  O-5482A351   Orange  ...     STOPPED_AT 2025-04-23 18:21:45.704901
4       y3309      426  ...  IN_TRANSIT_TO 2025-04-23 18:21:45.704904

[5 rows x 8 columns]
[2025-04-23T18:21:45.952+0000] {cursor.py:1028} INFO - query: [SELECT * FROM MBTA_VEHICLES WHERE VEHICLE_ID IN ('y1830','G-10268','G-10469','O-...]
[2025-04-23T18:21:46.954+0000] {cursor.py:1041} INFO - query execution done
[2025-04-23T18:21:46.979+0000] {cursor.py:1205} INFO - Number of results in first chunk: 298
[2025-04-23T18:21:47.226+0000] {mbta_kafka_consumer.py:104} INFO - 🔁 178 new/updated records out of 281 incoming records (some may be duplicate VEHICLE_IDs) for MBTA_VEHICLES
[2025-04-23T18:21:47.230+0000] {cursor.py:1028} INFO - query: [MERGE INTO MBTA_VEHICLES AS target USING (SELECT 'y1830', '10', 42.34776, -71.07...]
[2025-04-23T18:21:47.825+0000] {cursor.py:1041} INFO - query execution done
[2025-04-23T18:21:47.830+0000] {cursor.py:1028} INFO - query: [MERGE INTO MBTA_VEHICLES AS target USING (SELECT 'G-10333', 'Green-D', 42.34892,...]
[2025-04-23T18:21:48.878+0000] {cursor.py:1041} INFO - query execution done
[2025-04-23T18:21:48.883+0000] {cursor.py:1028} INFO - query: [MERGE INTO MBTA_VEHICLES AS target USING (SELECT 'y1945', '111', 42.40403199, -7...]
[2025-04-23T18:21:51.555+0000] {cursor.py:1041} INFO - query execution done
[2025-04-23T18:21:51.571+0000] {cursor.py:1028} INFO - query: [MERGE INTO MBTA_VEHICLES AS target USING (SELECT 'G-10256', 'Green-E', 42.35986,...]
[2025-04-23T18:21:52.512+0000] {cursor.py:1041} INFO - query execution done
[2025-04-23T18:21:52.532+0000] {cursor.py:1028} INFO - query: [MERGE INTO MBTA_VEHICLES AS target USING (SELECT 'y1284', '751', 42.33553125, -7...]
[2025-04-23T18:21:55.145+0000] {cursor.py:1041} INFO - query execution done
[2025-04-23T18:21:55.178+0000] {cursor.py:1028} INFO - query: [MERGE INTO MBTA_VEHICLES AS target USING (SELECT 'G-10120', 'Green-B', 42.35101,...]
[2025-04-23T18:21:56.019+0000] {cursor.py:1041} INFO - query execution done
[2025-04-23T18:21:56.021+0000] {cursor.py:1028} INFO - query: [MERGE INTO MBTA_VEHICLES AS target USING (SELECT 'R-5482AB81', 'Red', 42.31602, ...]
[2025-04-23T18:21:56.914+0000] {cursor.py:1041} INFO - query execution done
[2025-04-23T18:21:56.920+0000] {cursor.py:1028} INFO - query: [MERGE INTO MBTA_VEHICLES AS target USING (SELECT 'R-54829A82', 'Red', 42.35579, ...]
[2025-04-23T18:21:58.074+0000] {cursor.py:1041} INFO - query execution done
[2025-04-23T18:21:58.079+0000] {cursor.py:1028} INFO - query: [MERGE INTO MBTA_VEHICLES AS target USING (SELECT 'y2041', '110', 42.40986583, -7...]
[2025-04-23T18:21:59.922+0000] {cursor.py:1041} INFO - query execution done
[2025-04-23T18:21:59.932+0000] {cursor.py:1028} INFO - query: [MERGE INTO MBTA_VEHICLES AS target USING (SELECT 'G-10462', 'Green-D', 42.3518, ...]
[2025-04-23T18:22:02.319+0000] {cursor.py:1041} INFO - query execution done
[2025-04-23T18:22:02.333+0000] {cursor.py:1028} INFO - query: [MERGE INTO MBTA_VEHICLES AS target USING (SELECT 'R-5482A2DC', 'Red', 42.39621, ...]
[2025-04-23T18:22:05.806+0000] {cursor.py:1041} INFO - query execution done
[2025-04-23T18:22:05.884+0000] {cursor.py:1028} INFO - query: [MERGE INTO MBTA_VEHICLES AS target USING (SELECT 'y1972', '111', 42.41062466, -7...]
[2025-04-23T18:22:09.676+0000] {cursor.py:1041} INFO - query execution done
[2025-04-23T18:22:12.383+0000] {cursor.py:1028} INFO - query: [MERGE INTO MBTA_VEHICLES AS target USING (SELECT 'y2031', '70', 42.36171, -71.10...]
[2025-04-23T18:22:19.080+0000] {cursor.py:1041} INFO - query execution done
[2025-04-23T18:22:24.411+0000] {cursor.py:1028} INFO - query: [MERGE INTO MBTA_VEHICLES AS target USING (SELECT 'y0815', '220', 42.25058332, -7...]
[2025-04-23T18:22:26.269+0000] {cursor.py:1041} INFO - query execution done
[2025-04-23T18:22:26.281+0000] {cursor.py:1028} INFO - query: [MERGE INTO MBTA_VEHICLES AS target USING (SELECT 'G-10394', 'Green-D', 42.36633,...]
[2025-04-23T18:22:28.640+0000] {cursor.py:1041} INFO - query execution done
[2025-04-23T18:22:28.660+0000] {cursor.py:1028} INFO - query: [MERGE INTO MBTA_VEHICLES AS target USING (SELECT 'y3329', '426', 42.36222, -71.0...]
[2025-04-23T18:22:31.667+0000] {cursor.py:1041} INFO - query execution done
[2025-04-23T18:22:32.442+0000] {cursor.py:1028} INFO - query: [MERGE INTO MBTA_VEHICLES AS target USING (SELECT 'y1941', '111', 42.39315485, -7...]
[2025-04-23T18:22:38.503+0000] {cursor.py:1041} INFO - query execution done
[2025-04-23T18:22:44.145+0000] {cursor.py:1028} INFO - query: [MERGE INTO MBTA_VEHICLES AS target USING (SELECT 'y1269', '39', 42.31145552, -71...]
[2025-04-23T18:22:50.576+0000] {cursor.py:1041} INFO - query execution done
[2025-04-23T18:22:50.587+0000] {cursor.py:1028} INFO - query: [MERGE INTO MBTA_VEHICLES AS target USING (SELECT 'y1987', '88', 42.38892322, -71...]
[2025-04-23T18:22:53.378+0000] {cursor.py:1041} INFO - query execution done
[2025-04-23T18:22:53.385+0000] {cursor.py:1028} INFO - query: [MERGE INTO MBTA_VEHICLES AS target USING (SELECT 'y2109', '70', 42.3770783, -71....]
[2025-04-23T18:22:56.149+0000] {cursor.py:1041} INFO - query execution done
[2025-04-23T18:22:56.154+0000] {cursor.py:1028} INFO - query: [MERGE INTO MBTA_VEHICLES AS target USING (SELECT 'R-5482AC4E', 'Red', 42.36246, ...]
[2025-04-23T18:22:59.711+0000] {cursor.py:1041} INFO - query execution done
[2025-04-23T18:22:59.715+0000] {cursor.py:1028} INFO - query: [MERGE INTO MBTA_VEHICLES AS target USING (SELECT 'G-10392', 'Green-B', 42.34872,...]
[2025-04-23T18:23:02.749+0000] {cursor.py:1041} INFO - query execution done
[2025-04-23T18:23:02.753+0000] {cursor.py:1028} INFO - query: [MERGE INTO MBTA_VEHICLES AS target USING (SELECT 'y2021', '69', 42.37229333, -71...]
[2025-04-23T18:23:05.972+0000] {cursor.py:1041} INFO - query execution done
[2025-04-23T18:23:05.977+0000] {cursor.py:1028} INFO - query: [MERGE INTO MBTA_VEHICLES AS target USING (SELECT '1854', 'CR-NewBedford', 41.887...]
[2025-04-23T18:23:08.611+0000] {cursor.py:1041} INFO - query execution done
[2025-04-23T18:23:08.611+0000] {cursor.py:1028} INFO - query: [MERGE INTO MBTA_VEHICLES AS target USING (SELECT 'y1662', '24', 42.28420846, -71...]
[2025-04-23T18:23:11.089+0000] {cursor.py:1041} INFO - query execution done
[2025-04-23T18:23:11.097+0000] {cursor.py:1028} INFO - query: [MERGE INTO MBTA_VEHICLES AS target USING (SELECT 'y1268', '28', 42.32891214, -71...]
[2025-04-23T18:23:13.780+0000] {cursor.py:1041} INFO - query execution done
[2025-04-23T18:23:13.780+0000] {cursor.py:1028} INFO - query: [MERGE INTO MBTA_VEHICLES AS target USING (SELECT '1860', 'CR-Greenbush', 42.2380...]
[2025-04-23T18:23:16.312+0000] {cursor.py:1041} INFO - query execution done
[2025-04-23T18:23:16.320+0000] {cursor.py:1028} INFO - query: [MERGE INTO MBTA_VEHICLES AS target USING (SELECT 'y1717', '36', 42.27562626, -71...]
[2025-04-23T18:23:18.831+0000] {cursor.py:1041} INFO - query execution done
[2025-04-23T18:23:18.832+0000] {cursor.py:1028} INFO - query: [MERGE INTO MBTA_VEHICLES AS target USING (SELECT 'y1727', '57', 42.3493464, -71....]
[2025-04-23T18:23:21.461+0000] {cursor.py:1041} INFO - query execution done
[2025-04-23T18:23:21.464+0000] {cursor.py:1028} INFO - query: [MERGE INTO MBTA_VEHICLES AS target USING (SELECT 'y2081', '71', 42.36831151, -71...]
[2025-04-23T18:23:24.328+0000] {cursor.py:1041} INFO - query execution done
[2025-04-23T18:23:24.431+0000] {cursor.py:1028} INFO - query: [MERGE INTO MBTA_VEHICLES AS target USING (SELECT 'y1808', '15', 42.32905689, -71...]
[2025-04-23T18:23:26.556+0000] {cursor.py:1041} INFO - query execution done
[2025-04-23T18:23:26.560+0000] {cursor.py:1028} INFO - query: [MERGE INTO MBTA_VEHICLES AS target USING (SELECT 'y1689', '36', 42.29978, -71.11...]
[2025-04-23T18:23:29.046+0000] {cursor.py:1041} INFO - query execution done
[2025-04-23T18:23:29.047+0000] {cursor.py:1028} INFO - query: [MERGE INTO MBTA_VEHICLES AS target USING (SELECT 'y1814', '44', 42.32132616, -71...]
[2025-04-23T18:23:31.581+0000] {cursor.py:1041} INFO - query execution done
[2025-04-23T18:23:31.592+0000] {cursor.py:1028} INFO - query: [MERGE INTO MBTA_VEHICLES AS target USING (SELECT 'B-5482AB0A', 'Blue', 42.41576,...]
[2025-04-23T18:23:34.168+0000] {cursor.py:1041} INFO - query execution done
[2025-04-23T18:23:34.175+0000] {cursor.py:1028} INFO - query: [MERGE INTO MBTA_VEHICLES AS target USING (SELECT 'y0809', '222', 42.23289483, -7...]
[2025-04-23T18:23:37.263+0000] {cursor.py:1041} INFO - query execution done
[2025-04-23T18:23:37.270+0000] {cursor.py:1028} INFO - query: [MERGE INTO MBTA_VEHICLES AS target USING (SELECT 'y1272', '28', 42.32558479, -71...]
[2025-04-23T18:28:33.533+0000] {cursor.py:1041} INFO - query execution done
[2025-04-23T18:28:33.565+0000] {cursor.py:1028} INFO - query: [MERGE INTO MBTA_VEHICLES AS target USING (SELECT 'y1277', '749', 42.33634458, -7...]
[2025-04-23T18:28:35.559+0000] {cursor.py:1041} INFO - query execution done
[2025-04-23T18:28:35.566+0000] {cursor.py:1028} INFO - query: [MERGE INTO MBTA_VEHICLES AS target USING (SELECT '1814', 'CR-Fitchburg', 42.3864...]
[2025-04-23T18:28:39.060+0000] {cursor.py:1041} INFO - query execution done
[2025-04-23T18:28:39.067+0000] {cursor.py:1028} INFO - query: [MERGE INTO MBTA_VEHICLES AS target USING (SELECT 'y1989', '104', 42.38515277, -7...]
[2025-04-23T18:28:42.315+0000] {cursor.py:1041} INFO - query execution done
[2025-04-23T18:28:42.331+0000] {cursor.py:1028} INFO - query: [MERGE INTO MBTA_VEHICLES AS target USING (SELECT 'G-10163', 'Green-D', 42.32672,...]
[2025-04-23T18:28:45.407+0000] {cursor.py:1041} INFO - query execution done
[2025-04-23T18:28:45.410+0000] {cursor.py:1028} INFO - query: [MERGE INTO MBTA_VEHICLES AS target USING (SELECT 'G-10014', 'Green-E', 42.33897,...]
[2025-04-23T18:28:50.117+0000] {cursor.py:1041} INFO - query execution done
[2025-04-23T18:28:50.130+0000] {cursor.py:1028} INFO - query: [MERGE INTO MBTA_VEHICLES AS target USING (SELECT 'y3346', '116', 42.36956187, -7...]
[2025-04-23T18:28:53.451+0000] {cursor.py:1041} INFO - query execution done
[2025-04-23T18:28:53.455+0000] {cursor.py:1028} INFO - query: [MERGE INTO MBTA_VEHICLES AS target USING (SELECT 'y3337', '116', 42.36980411, -7...]
[2025-04-23T18:28:57.397+0000] {cursor.py:1041} INFO - query execution done
[2025-04-23T18:28:57.424+0000] {cursor.py:1028} INFO - query: [MERGE INTO MBTA_VEHICLES AS target USING (SELECT 'y2047', '83', 42.39256385, -71...]
[2025-04-23T18:29:01.477+0000] {cursor.py:1041} INFO - query execution done
[2025-04-23T18:29:01.890+0000] {cursor.py:1028} INFO - query: [MERGE INTO MBTA_VEHICLES AS target USING (SELECT 'G-10161', 'Green-D', 42.33495,...]
[2025-04-23T18:29:04.491+0000] {cursor.py:1041} INFO - query execution done
[2025-04-23T18:29:04.498+0000] {cursor.py:1028} INFO - query: [MERGE INTO MBTA_VEHICLES AS target USING (SELECT 'y1925', '106', 42.44201, -71.0...]
[2025-04-23T18:29:08.108+0000] {cursor.py:1041} INFO - query execution done
[2025-04-23T18:29:08.356+0000] {cursor.py:1028} INFO - query: [MERGE INTO MBTA_VEHICLES AS target USING (SELECT 'O-5482A811', 'Orange', 42.3454...]
[2025-04-23T18:29:11.088+0000] {cursor.py:1041} INFO - query execution done
[2025-04-23T18:29:11.101+0000] {cursor.py:1028} INFO - query: [MERGE INTO MBTA_VEHICLES AS target USING (SELECT '1802', 'CR-Franklin', 42.19828...]
[2025-04-23T18:29:14.673+0000] {cursor.py:1041} INFO - query execution done
[2025-04-23T18:29:14.690+0000] {cursor.py:1028} INFO - query: [MERGE INTO MBTA_VEHICLES AS target USING (SELECT 'y1750', '22', 42.33626, -71.08...]
[2025-04-23T18:29:18.137+0000] {cursor.py:1041} INFO - query execution done
[2025-04-23T18:29:18.211+0000] {cursor.py:1028} INFO - query: [MERGE INTO MBTA_VEHICLES AS target USING (SELECT 'y3001', '713', 42.38661221, -7...]
[2025-04-23T18:29:21.729+0000] {cursor.py:1041} INFO - query execution done
[2025-04-23T18:29:21.738+0000] {cursor.py:1028} INFO - query: [MERGE INTO MBTA_VEHICLES AS target USING (SELECT 'y1858', '8', 42.33735966, -71....]
[2025-04-23T18:29:24.519+0000] {cursor.py:1041} INFO - query execution done
[2025-04-23T18:29:24.530+0000] {cursor.py:1028} INFO - query: [MERGE INTO MBTA_VEHICLES AS target USING (SELECT 'R-54828E9A', 'Red', 42.28412, ...]
[2025-04-23T18:29:28.126+0000] {cursor.py:1041} INFO - query execution done
[2025-04-23T18:29:28.319+0000] {cursor.py:1028} INFO - query: [MERGE INTO MBTA_VEHICLES AS target USING (SELECT 'y1323', '743', 42.3963275, -71...]
[2025-04-23T18:29:31.436+0000] {cursor.py:1041} INFO - query execution done
[2025-04-23T18:29:31.441+0000] {cursor.py:1028} INFO - query: [MERGE INTO MBTA_VEHICLES AS target USING (SELECT 'G-10095', 'Green-D', 42.37705,...]
[2025-04-23T18:29:36.062+0000] {cursor.py:1041} INFO - query execution done
[2025-04-23T18:29:36.074+0000] {cursor.py:1028} INFO - query: [MERGE INTO MBTA_VEHICLES AS target USING (SELECT 'R-5482A905', 'Red', 42.24912, ...]
[2025-04-23T18:29:39.627+0000] {cursor.py:1041} INFO - query execution done
[2025-04-23T18:29:39.636+0000] {cursor.py:1028} INFO - query: [MERGE INTO MBTA_VEHICLES AS target USING (SELECT 'y1437', '455', 42.461701669, -...]
[2025-04-23T18:29:42.841+0000] {cursor.py:1041} INFO - query execution done
[2025-04-23T18:29:42.845+0000] {cursor.py:1028} INFO - query: [MERGE INTO MBTA_VEHICLES AS target USING (SELECT 'y0806', '240', 42.24781112, -7...]
[2025-04-23T18:29:47.105+0000] {cursor.py:1041} INFO - query execution done
[2025-04-23T18:29:47.119+0000] {cursor.py:1028} INFO - query: [MERGE INTO MBTA_VEHICLES AS target USING (SELECT 'y2083', '74', 42.373406849, -7...]
[2025-04-23T18:29:50.997+0000] {cursor.py:1041} INFO - query execution done
[2025-04-23T18:29:51.092+0000] {cursor.py:1028} INFO - query: [MERGE INTO MBTA_VEHICLES AS target USING (SELECT 'y1262', '39', 42.348507589, -7...]
[2025-04-23T18:29:54.113+0000] {cursor.py:1041} INFO - query execution done
[2025-04-23T18:29:54.118+0000] {cursor.py:1028} INFO - query: [MERGE INTO MBTA_VEHICLES AS target USING (SELECT 'y1773', '23', 42.329060249, -7...]
[2025-04-23T18:29:57.581+0000] {cursor.py:1041} INFO - query execution done
[2025-04-23T18:29:57.595+0000] {cursor.py:1028} INFO - query: [MERGE INTO MBTA_VEHICLES AS target USING (SELECT 'G-10376', 'Green-E', 42.38306,...]
[2025-04-23T18:30:03.034+0000] {cursor.py:1041} INFO - query execution done
[2025-04-23T18:30:03.073+0000] {cursor.py:1028} INFO - query: [MERGE INTO MBTA_VEHICLES AS target USING (SELECT 'G-10345', 'Green-D', 42.34005,...]
[2025-04-23T18:30:07.394+0000] {cursor.py:1041} INFO - query execution done
[2025-04-23T18:30:08.039+0000] {cursor.py:1028} INFO - query: [MERGE INTO MBTA_VEHICLES AS target USING (SELECT 'y1959', '87', 42.38025186, -71...]
[2025-04-23T18:30:11.417+0000] {cursor.py:1041} INFO - query execution done
[2025-04-23T18:30:11.421+0000] {cursor.py:1028} INFO - query: [MERGE INTO MBTA_VEHICLES AS target USING (SELECT 'y1293', '749', 42.35111125, -7...]
[2025-04-23T18:30:14.988+0000] {cursor.py:1041} INFO - query execution done
[2025-04-23T18:30:15.004+0000] {cursor.py:1028} INFO - query: [MERGE INTO MBTA_VEHICLES AS target USING (SELECT 'y1802', '9', 42.35012142, -71....]
[2025-04-23T18:30:18.848+0000] {cursor.py:1041} INFO - query execution done
[2025-04-23T18:30:18.962+0000] {cursor.py:1028} INFO - query: [MERGE INTO MBTA_VEHICLES AS target USING (SELECT 'G-10037', 'Green-B', 42.34977,...]
[2025-04-23T18:30:22.794+0000] {cursor.py:1041} INFO - query execution done
[2025-04-23T18:30:22.986+0000] {cursor.py:1028} INFO - query: [MERGE INTO MBTA_VEHICLES AS target USING (SELECT 'B-5482A830', 'Blue', 42.39514,...]
[2025-04-23T18:30:26.475+0000] {cursor.py:1041} INFO - query execution done
[2025-04-23T18:30:26.494+0000] {cursor.py:1028} INFO - query: [MERGE INTO MBTA_VEHICLES AS target USING (SELECT 'y1944', '104', 42.41219065, -7...]
[2025-04-23T18:30:30.145+0000] {cursor.py:1041} INFO - query execution done
[2025-04-23T18:30:30.160+0000] {cursor.py:1028} INFO - query: [MERGE INTO MBTA_VEHICLES AS target USING (SELECT 'y1854', '66', 42.35118092, -71...]
[2025-04-23T18:30:34.677+0000] {cursor.py:1041} INFO - query execution done
[2025-04-23T18:30:34.690+0000] {cursor.py:1028} INFO - query: [MERGE INTO MBTA_VEHICLES AS target USING (SELECT 'G-10132', 'Green-D', 42.3295, ...]
[2025-04-23T18:30:37.792+0000] {cursor.py:1041} INFO - query execution done
[2025-04-23T18:30:37.805+0000] {cursor.py:1028} INFO - query: [MERGE INTO MBTA_VEHICLES AS target USING (SELECT 'y1857', '66', 42.33596983, -71...]
[2025-04-23T18:30:41.424+0000] {cursor.py:1041} INFO - query execution done
[2025-04-23T18:30:41.428+0000] {cursor.py:1028} INFO - query: [MERGE INTO MBTA_VEHICLES AS target USING (SELECT 'y2069', '77', 42.38574985, -71...]
[2025-04-23T18:30:45.729+0000] {cursor.py:1041} INFO - query execution done
[2025-04-23T18:30:45.764+0000] {cursor.py:1028} INFO - query: [MERGE INTO MBTA_VEHICLES AS target USING (SELECT 'y1833', '15', 42.31876041, -71...]
[2025-04-23T18:30:49.715+0000] {cursor.py:1041} INFO - query execution done
[2025-04-23T18:30:49.725+0000] {cursor.py:1028} INFO - query: [MERGE INTO MBTA_VEHICLES AS target USING (SELECT 'y1255', '28', 42.273341029, -7...]
[2025-04-23T18:30:54.061+0000] {cursor.py:1041} INFO - query execution done
[2025-04-23T18:30:54.072+0000] {cursor.py:1028} INFO - query: [MERGE INTO MBTA_VEHICLES AS target USING (SELECT 'y1809', '16', 42.30555, -71.08...]
[2025-04-23T18:30:59.029+0000] {cursor.py:1041} INFO - query execution done
[2025-04-23T18:30:59.042+0000] {cursor.py:1028} INFO - query: [MERGE INTO MBTA_VEHICLES AS target USING (SELECT 'y1803', '23', 42.32862582, -71...]
[2025-04-23T18:31:03.538+0000] {cursor.py:1041} INFO - query execution done
[2025-04-23T18:31:03.727+0000] {cursor.py:1028} INFO - query: [MERGE INTO MBTA_VEHICLES AS target USING (SELECT 'y1843', '60', 42.33737646, -71...]
[2025-04-23T18:31:07.640+0000] {cursor.py:1041} INFO - query execution done
[2025-04-23T18:31:08.659+0000] {cursor.py:1028} INFO - query: [MERGE INTO MBTA_VEHICLES AS target USING (SELECT 'y1333', '742', 42.35300666, -7...]
[2025-04-23T18:31:11.837+0000] {cursor.py:1041} INFO - query execution done
[2025-04-23T18:31:11.870+0000] {cursor.py:1028} INFO - query: [MERGE INTO MBTA_VEHICLES AS target USING (SELECT 'G-10069', 'Mattapan', 42.26924...]
[2025-04-23T18:31:13.823+0000] {cursor.py:1041} INFO - query execution done
[2025-04-23T18:31:13.835+0000] {cursor.py:1028} INFO - query: [MERGE INTO MBTA_VEHICLES AS target USING (SELECT 'y3306', '116', 42.39325087, -7...]
[2025-04-23T18:31:17.454+0000] {cursor.py:1041} INFO - query execution done
[2025-04-23T18:31:17.469+0000] {cursor.py:1028} INFO - query: [MERGE INTO MBTA_VEHICLES AS target USING (SELECT 'G-10023', 'Green-B', 42.35929,...]
[2025-04-23T18:31:21.036+0000] {cursor.py:1041} INFO - query execution done
[2025-04-23T18:31:21.043+0000] {cursor.py:1028} INFO - query: [MERGE INTO MBTA_VEHICLES AS target USING (SELECT 'y2053', '96', 42.41191563, -71...]
[2025-04-23T18:31:24.704+0000] {cursor.py:1041} INFO - query execution done
[2025-04-23T18:31:24.717+0000] {cursor.py:1028} INFO - query: [MERGE INTO MBTA_VEHICLES AS target USING (SELECT 'y1818', '47', 42.33262022, -71...]
[2025-04-23T18:31:29.519+0000] {cursor.py:1041} INFO - query execution done
[2025-04-23T18:31:29.522+0000] {cursor.py:1028} INFO - query: [MERGE INTO MBTA_VEHICLES AS target USING (SELECT 'y1820', '22', 42.30167694, -71...]
[2025-04-23T18:31:33.849+0000] {cursor.py:1041} INFO - query execution done
[2025-04-23T18:31:33.866+0000] {cursor.py:1028} INFO - query: [MERGE INTO MBTA_VEHICLES AS target USING (SELECT 'O-5482A350', 'Orange', 42.3540...]
[2025-04-23T18:31:36.918+0000] {cursor.py:1041} INFO - query execution done
[2025-04-23T18:31:36.923+0000] {cursor.py:1028} INFO - query: [MERGE INTO MBTA_VEHICLES AS target USING (SELECT 'G-10156', 'Green-E', 42.33126,...]
[2025-04-23T18:31:41.942+0000] {cursor.py:1041} INFO - query execution done
[2025-04-23T18:31:41.947+0000] {cursor.py:1028} INFO - query: [MERGE INTO MBTA_VEHICLES AS target USING (SELECT 'y1873', '11', 42.34164949, -71...]
[2025-04-23T18:31:46.631+0000] {cursor.py:1041} INFO - query execution done
[2025-04-23T18:31:46.692+0000] {cursor.py:1028} INFO - query: [MERGE INTO MBTA_VEHICLES AS target USING (SELECT 'y1804', '1', 42.33126825, -71....]
[2025-04-23T18:31:50.575+0000] {cursor.py:1041} INFO - query execution done
[2025-04-23T18:31:50.620+0000] {cursor.py:1028} INFO - query: [MERGE INTO MBTA_VEHICLES AS target USING (SELECT 'y1894', '23', 42.33692, -71.08...]
[2025-04-23T18:31:53.104+0000] {cursor.py:1041} INFO - query execution done
[2025-04-23T18:31:53.107+0000] {cursor.py:1028} INFO - query: [MERGE INTO MBTA_VEHICLES AS target USING (SELECT 'y1267', '28', 42.3311828, -71....]
[2025-04-23T18:31:56.565+0000] {cursor.py:1041} INFO - query execution done
[2025-04-23T18:31:56.569+0000] {cursor.py:1028} INFO - query: [MERGE INTO MBTA_VEHICLES AS target USING (SELECT 'y1702', '32', 42.27059807, -71...]
[2025-04-23T18:32:00.673+0000] {cursor.py:1041} INFO - query execution done
[2025-04-23T18:32:00.674+0000] {cursor.py:1028} INFO - query: [MERGE INTO MBTA_VEHICLES AS target USING (SELECT 'y2022', '104', 42.42643, -71.0...]
[2025-04-23T18:32:04.762+0000] {cursor.py:1041} INFO - query execution done
[2025-04-23T18:32:04.770+0000] {cursor.py:1028} INFO - query: [MERGE INTO MBTA_VEHICLES AS target USING (SELECT 'G-10183', 'Green-C', 42.34806,...]
[2025-04-23T18:32:08.229+0000] {cursor.py:1041} INFO - query execution done
[2025-04-23T18:32:08.234+0000] {cursor.py:1028} INFO - query: [MERGE INTO MBTA_VEHICLES AS target USING (SELECT 'y1940', '111', 42.403367, -71....]
[2025-04-23T18:32:11.866+0000] {cursor.py:1041} INFO - query execution done
[2025-04-23T18:32:11.872+0000] {cursor.py:1028} INFO - query: [MERGE INTO MBTA_VEHICLES AS target USING (SELECT 'y0800', '230', 42.14092549, -7...]
[2025-04-23T18:32:15.491+0000] {cursor.py:1041} INFO - query execution done
[2025-04-23T18:32:15.496+0000] {cursor.py:1028} INFO - query: [MERGE INTO MBTA_VEHICLES AS target USING (SELECT 'y1935', '110', 42.41131994, -7...]
[2025-04-23T18:32:19.126+0000] {cursor.py:1041} INFO - query execution done
[2025-04-23T18:32:19.143+0000] {cursor.py:1028} INFO - query: [MERGE INTO MBTA_VEHICLES AS target USING (SELECT 'O-5482A338', 'Orange', 42.3408...]
[2025-04-23T18:32:22.992+0000] {cursor.py:1041} INFO - query execution done
[2025-04-23T18:32:23.127+0000] {cursor.py:1028} INFO - query: [MERGE INTO MBTA_VEHICLES AS target USING (SELECT 'y1258', '28', 42.26744, -71.09...]
[2025-04-23T18:32:27.685+0000] {cursor.py:1041} INFO - query execution done
[2025-04-23T18:32:27.690+0000] {cursor.py:1028} INFO - query: [MERGE INTO MBTA_VEHICLES AS target USING (SELECT 'G-10035', 'Green-E', 42.39271,...]
[2025-04-23T18:32:30.952+0000] {cursor.py:1041} INFO - query execution done
[2025-04-23T18:32:30.956+0000] {cursor.py:1028} INFO - query: [MERGE INTO MBTA_VEHICLES AS target USING (SELECT 'y1909', '66', 42.33147234, -71...]
[2025-04-23T18:32:34.963+0000] {cursor.py:1041} INFO - query execution done
[2025-04-23T18:32:34.966+0000] {cursor.py:1028} INFO - query: [MERGE INTO MBTA_VEHICLES AS target USING (SELECT 'y1981', '73', 42.38119261, -71...]
[2025-04-23T18:32:38.884+0000] {cursor.py:1041} INFO - query execution done
[2025-04-23T18:32:38.888+0000] {cursor.py:1028} INFO - query: [MERGE INTO MBTA_VEHICLES AS target USING (SELECT 'G-10467', 'Green-D', 42.33208,...]
[2025-04-23T18:32:42.726+0000] {cursor.py:1041} INFO - query execution done
[2025-04-23T18:32:42.731+0000] {cursor.py:1028} INFO - query: [MERGE INTO MBTA_VEHICLES AS target USING (SELECT 'G-10350', 'Green-E', 42.35164,...]
[2025-04-23T18:32:46.680+0000] {cursor.py:1041} INFO - query execution done
[2025-04-23T18:32:46.685+0000] {cursor.py:1028} INFO - query: [MERGE INTO MBTA_VEHICLES AS target USING (SELECT 'y1618', '31', 42.26739311, -71...]
[2025-04-23T18:32:50.280+0000] {cursor.py:1041} INFO - query execution done
[2025-04-23T18:32:50.286+0000] {cursor.py:1028} INFO - query: [MERGE INTO MBTA_VEHICLES AS target USING (SELECT 'y1273', '749', 42.33646062, -7...]
[2025-04-23T18:32:54.082+0000] {cursor.py:1041} INFO - query execution done
[2025-04-23T18:32:54.088+0000] {cursor.py:1028} INFO - query: [MERGE INTO MBTA_VEHICLES AS target USING (SELECT 'y1678', '30', 42.279854419, -7...]
[2025-04-23T18:32:58.376+0000] {cursor.py:1041} INFO - query execution done
[2025-04-23T18:32:58.384+0000] {cursor.py:1028} INFO - query: [MERGE INTO MBTA_VEHICLES AS target USING (SELECT 'G-10101', 'Green-C', 42.34297,...]
[2025-04-23T18:33:02.111+0000] {cursor.py:1041} INFO - query execution done
[2025-04-23T18:33:02.118+0000] {cursor.py:1028} INFO - query: [MERGE INTO MBTA_VEHICLES AS target USING (SELECT '1851', 'CR-Providence', 41.879...]
[2025-04-23T18:33:12.828+0000] {cursor.py:1041} INFO - query execution done
[2025-04-23T18:33:12.833+0000] {cursor.py:1028} INFO - query: [MERGE INTO MBTA_VEHICLES AS target USING (SELECT '1830', 'CR-Providence', 42.033...]
[2025-04-23T18:33:29.705+0000] {cursor.py:1041} INFO - query execution done
[2025-04-23T18:33:29.722+0000] {cursor.py:1028} INFO - query: [MERGE INTO MBTA_VEHICLES AS target USING (SELECT 'B-5482AAC6', 'Blue', 42.35888,...]
[2025-04-23T18:33:32.288+0000] {cursor.py:1041} INFO - query execution done
[2025-04-23T18:33:32.301+0000] {cursor.py:1028} INFO - query: [MERGE INTO MBTA_VEHICLES AS target USING (SELECT 'y2061', '109', 42.41486384, -7...]
[2025-04-23T18:33:34.907+0000] {cursor.py:1041} INFO - query execution done
[2025-04-23T18:33:34.910+0000] {cursor.py:1028} INFO - query: [MERGE INTO MBTA_VEHICLES AS target USING (SELECT 'y1800', '57', 42.348918419, -7...]
[2025-04-23T18:33:39.183+0000] {cursor.py:1041} INFO - query execution done
[2025-04-23T18:33:39.193+0000] {cursor.py:1028} INFO - query: [MERGE INTO MBTA_VEHICLES AS target USING (SELECT 'y1718', '31', 42.28230782, -71...]
[2025-04-23T18:33:43.292+0000] {cursor.py:1041} INFO - query execution done
[2025-04-23T18:33:43.344+0000] {cursor.py:1028} INFO - query: [MERGE INTO MBTA_VEHICLES AS target USING (SELECT 'R-5482A9A4', 'Red', 42.39679, ...]
[2025-04-23T18:33:47.174+0000] {cursor.py:1041} INFO - query execution done
[2025-04-23T18:33:47.187+0000] {cursor.py:1028} INFO - query: [MERGE INTO MBTA_VEHICLES AS target USING (SELECT 'R-548296B8', 'Red', 42.20749, ...]
[2025-04-23T18:33:50.721+0000] {cursor.py:1041} INFO - query execution done
[2025-04-23T18:33:50.726+0000] {cursor.py:1028} INFO - query: [MERGE INTO MBTA_VEHICLES AS target USING (SELECT 'G-10061', 'Mattapan', 42.27271...]
[2025-04-23T18:33:54.065+0000] {cursor.py:1041} INFO - query execution done
[2025-04-23T18:33:54.072+0000] {cursor.py:1028} INFO - query: [MERGE INTO MBTA_VEHICLES AS target USING (SELECT 'y2010', '110', 42.40264475, -7...]
[2025-04-23T18:33:57.174+0000] {cursor.py:1041} INFO - query execution done
[2025-04-23T18:33:57.183+0000] {cursor.py:1028} INFO - query: [MERGE INTO MBTA_VEHICLES AS target USING (SELECT 'y1914', '23', 42.29013384, -71...]
[2025-04-23T18:34:00.628+0000] {cursor.py:1041} INFO - query execution done
[2025-04-23T18:34:00.649+0000] {cursor.py:1028} INFO - query: [MERGE INTO MBTA_VEHICLES AS target USING (SELECT 'y1821', '8', 42.33568002, -71....]
[2025-04-23T18:34:04.506+0000] {cursor.py:1041} INFO - query execution done
[2025-04-23T18:34:07.628+0000] {cursor.py:1028} INFO - query: [MERGE INTO MBTA_VEHICLES AS target USING (SELECT 'y1995', '111', 42.36287954, -7...]
[2025-04-23T18:34:10.570+0000] {cursor.py:1041} INFO - query execution done
[2025-04-23T18:34:10.580+0000] {cursor.py:1028} INFO - query: [MERGE INTO MBTA_VEHICLES AS target USING (SELECT '1812', 'CR-Fitchburg', 42.5832...]
[2025-04-23T18:34:14.346+0000] {cursor.py:1041} INFO - query execution done
[2025-04-23T18:34:14.376+0000] {cursor.py:1028} INFO - query: [MERGE INTO MBTA_VEHICLES AS target USING (SELECT 'O-5482A848', 'Orange', 42.3842...]
[2025-04-23T18:34:17.672+0000] {cursor.py:1041} INFO - query execution done
[2025-04-23T18:34:17.687+0000] {cursor.py:1028} INFO - query: [MERGE INTO MBTA_VEHICLES AS target USING (SELECT 'y1918', '45', 42.30202585, -71...]
[2025-04-23T18:34:21.739+0000] {cursor.py:1041} INFO - query execution done
[2025-04-23T18:34:21.742+0000] {cursor.py:1028} INFO - query: [MERGE INTO MBTA_VEHICLES AS target USING (SELECT 'y1661', '32', 42.23727, -71.13...]
[2025-04-23T18:34:25.831+0000] {cursor.py:1041} INFO - query execution done
[2025-04-23T18:34:25.966+0000] {cursor.py:1028} INFO - query: [MERGE INTO MBTA_VEHICLES AS target USING (SELECT 'y2038', '104', 42.42527937, -7...]
[2025-04-23T18:34:32.583+0000] {cursor.py:1041} INFO - query execution done
[2025-04-23T18:34:37.421+0000] {cursor.py:1028} INFO - query: [MERGE INTO MBTA_VEHICLES AS target USING (SELECT 'y1949', '71', 42.373521007, -7...]
[2025-04-23T18:34:50.924+0000] {cursor.py:1041} INFO - query execution done
[2025-04-23T18:34:47.024+0000] {cursor.py:1028} INFO - query: [MERGE INTO MBTA_VEHICLES AS target USING (SELECT 'y1786', '57', 42.34896, -71.09...]
[2025-04-23T18:34:59.843+0000] {cursor.py:1041} INFO - query execution done
[2025-04-23T18:35:04.565+0000] {cursor.py:1028} INFO - query: [MERGE INTO MBTA_VEHICLES AS target USING (SELECT 'y1810', '47', 42.33774425, -71...]
[2025-04-23T18:35:30.782+0000] {cursor.py:1041} INFO - query execution done
[2025-04-23T18:35:30.942+0000] {cursor.py:1028} INFO - query: [MERGE INTO MBTA_VEHICLES AS target USING (SELECT 'y1993', '80', 42.372095459, -7...]
[2025-04-23T18:35:34.618+0000] {cursor.py:1041} INFO - query execution done
[2025-04-23T18:35:34.630+0000] {cursor.py:1028} INFO - query: [MERGE INTO MBTA_VEHICLES AS target USING (SELECT '1804', 'CR-Newburyport', 42.40...]
[2025-04-23T18:35:40.224+0000] {cursor.py:1041} INFO - query execution done
[2025-04-23T18:35:41.335+0000] {cursor.py:1028} INFO - query: [MERGE INTO MBTA_VEHICLES AS target USING (SELECT 'G-10457', 'Green-E', 42.34004,...]
[2025-04-23T18:35:47.661+0000] {cursor.py:1041} INFO - query execution done
[2025-04-23T18:35:47.692+0000] {cursor.py:1028} INFO - query: [MERGE INTO MBTA_VEHICLES AS target USING (SELECT 'R-54826ECF', 'Red', 42.39774, ...]
[2025-04-23T18:35:51.952+0000] {cursor.py:1041} INFO - query execution done
[2025-04-23T18:35:51.959+0000] {cursor.py:1028} INFO - query: [MERGE INTO MBTA_VEHICLES AS target USING (SELECT 'y1892', '9', 42.33869523, -71....]
[2025-04-23T18:35:54.945+0000] {cursor.py:1041} INFO - query execution done
[2025-04-23T18:35:54.949+0000] {cursor.py:1028} INFO - query: [MERGE INTO MBTA_VEHICLES AS target USING (SELECT 'y1979', '64', 42.36524738, -71...]
[2025-04-23T18:35:58.851+0000] {cursor.py:1041} INFO - query execution done
[2025-04-23T18:35:58.856+0000] {cursor.py:1028} INFO - query: [MERGE INTO MBTA_VEHICLES AS target USING (SELECT 'y0905', '216', 42.26768952, -7...]
[2025-04-23T18:36:03.783+0000] {cursor.py:1041} INFO - query execution done
[2025-04-23T18:36:03.797+0000] {cursor.py:1028} INFO - query: [MERGE INTO MBTA_VEHICLES AS target USING (SELECT 'y1887', '1', 42.36097009, -71....]
[2025-04-23T18:36:08.319+0000] {cursor.py:1041} INFO - query execution done
[2025-04-23T18:36:08.325+0000] {cursor.py:1028} INFO - query: [MERGE INTO MBTA_VEHICLES AS target USING (SELECT 'G-10337', 'Green-B', 42.34845,...]
[2025-04-23T18:36:13.601+0000] {cursor.py:1041} INFO - query execution done
[2025-04-23T18:36:13.607+0000] {cursor.py:1028} INFO - query: [MERGE INTO MBTA_VEHICLES AS target USING (SELECT 'y1315', '743', 42.38845705, -7...]
[2025-04-23T18:36:18.102+0000] {cursor.py:1041} INFO - query execution done
[2025-04-23T18:36:18.107+0000] {cursor.py:1028} INFO - query: [MERGE INTO MBTA_VEHICLES AS target USING (SELECT 'y1923', '66', 42.3778, -71.120...]
[2025-04-23T18:36:22.396+0000] {cursor.py:1041} INFO - query execution done
[2025-04-23T18:36:22.425+0000] {cursor.py:1028} INFO - query: [MERGE INTO MBTA_VEHICLES AS target USING (SELECT 'y3358', '450', 42.513198, -70....]
[2025-04-23T18:36:27.223+0000] {cursor.py:1041} INFO - query execution done
[2025-04-23T18:36:27.241+0000] {cursor.py:1028} INFO - query: [MERGE INTO MBTA_VEHICLES AS target USING (SELECT 'G-10463', 'Green-D', 42.35559,...]
[2025-04-23T18:36:30.469+0000] {cursor.py:1041} INFO - query execution done
[2025-04-23T18:36:30.473+0000] {cursor.py:1028} INFO - query: [MERGE INTO MBTA_VEHICLES AS target USING (SELECT 'R-5482A80F', 'Red', 42.29076, ...]
[2025-04-23T18:36:34.554+0000] {cursor.py:1041} INFO - query execution done
[2025-04-23T18:36:34.557+0000] {cursor.py:1028} INFO - query: [MERGE INTO MBTA_VEHICLES AS target USING (SELECT 'y1336', '741', 42.347393, -71....]
[2025-04-23T18:36:37.654+0000] {cursor.py:1041} INFO - query execution done
[2025-04-23T18:36:37.658+0000] {cursor.py:1028} INFO - query: [MERGE INTO MBTA_VEHICLES AS target USING (SELECT 'R-5482A80E', 'Red', 42.32057, ...]
[2025-04-23T18:36:41.188+0000] {cursor.py:1041} INFO - query execution done
[2025-04-23T18:36:41.193+0000] {cursor.py:1028} INFO - query: [MERGE INTO MBTA_VEHICLES AS target USING (SELECT 'y1922', '15', 42.33274138, -71...]
[2025-04-23T18:36:44.642+0000] {cursor.py:1041} INFO - query execution done
[2025-04-23T18:36:44.643+0000] {cursor.py:1028} INFO - query: [MERGE INTO MBTA_VEHICLES AS target USING (SELECT 'y2051', '95', 42.42116505, -71...]
[2025-04-23T18:36:49.331+0000] {cursor.py:1041} INFO - query execution done
[2025-04-23T18:36:49.338+0000] {cursor.py:1028} INFO - query: [MERGE INTO MBTA_VEHICLES AS target USING (SELECT 'y1950', '93', 42.36250535, -71...]
[2025-04-23T18:36:52.013+0000] {cursor.py:1041} INFO - query execution done
[2025-04-23T18:36:52.017+0000] {cursor.py:1028} INFO - query: [MERGE INTO MBTA_VEHICLES AS target USING (SELECT 'y2044', '104', 42.39347153, -7...]
[2025-04-23T18:36:55.765+0000] {cursor.py:1041} INFO - query execution done
[2025-04-23T18:36:55.770+0000] {cursor.py:1028} INFO - query: [MERGE INTO MBTA_VEHICLES AS target USING (SELECT 'y1305', '743', 42.34800639, -7...]
[2025-04-23T18:36:59.133+0000] {cursor.py:1041} INFO - query execution done
[2025-04-23T18:36:59.139+0000] {cursor.py:1028} INFO - query: [MERGE INTO MBTA_VEHICLES AS target USING (SELECT 'O-5482A82A', 'Orange', 42.4322...]
[2025-04-23T18:37:03.144+0000] {cursor.py:1041} INFO - query execution done
[2025-04-23T18:37:03.152+0000] {cursor.py:1028} INFO - query: [MERGE INTO MBTA_VEHICLES AS target USING (SELECT 'y2098', '111', 42.36572, -71.0...]
[2025-04-23T18:37:06.355+0000] {cursor.py:1041} INFO - query execution done
[2025-04-23T18:37:06.375+0000] {cursor.py:1028} INFO - query: [MERGE INTO MBTA_VEHICLES AS target USING (SELECT 'y1930', '91', 42.38235146, -71...]
[2025-04-23T18:37:09.640+0000] {cursor.py:1041} INFO - query execution done
[2025-04-23T18:37:09.645+0000] {cursor.py:1028} INFO - query: [MERGE INTO MBTA_VEHICLES AS target USING (SELECT 'y1880', '66', 42.33078548, -71...]
[2025-04-23T18:37:14.557+0000] {cursor.py:1041} INFO - query execution done
[2025-04-23T18:37:14.565+0000] {cursor.py:1028} INFO - query: [MERGE INTO MBTA_VEHICLES AS target USING (SELECT 'y3355', '116', 42.39346399, -7...]
[2025-04-23T18:37:18.611+0000] {cursor.py:1041} INFO - query execution done
[2025-04-23T18:37:18.616+0000] {cursor.py:1028} INFO - query: [MERGE INTO MBTA_VEHICLES AS target USING (SELECT 'y2035', '77', 42.42233618, -71...]
[2025-04-23T18:37:22.957+0000] {cursor.py:1041} INFO - query execution done
[2025-04-23T18:37:22.964+0000] {cursor.py:1028} INFO - query: [MERGE INTO MBTA_VEHICLES AS target USING (SELECT 'y1769', '22', 42.31651129, -71...]
[2025-04-23T18:37:26.865+0000] {cursor.py:1041} INFO - query execution done
[2025-04-23T18:37:26.928+0000] {cursor.py:1028} INFO - query: [MERGE INTO MBTA_VEHICLES AS target USING (SELECT 'G-10007', 'Green-E', 42.36668,...]
[2025-04-23T18:37:30.315+0000] {cursor.py:1041} INFO - query execution done
[2025-04-23T18:37:30.389+0000] {cursor.py:1028} INFO - query: [MERGE INTO MBTA_VEHICLES AS target USING (SELECT 'R-5482AB14', 'Red', 42.35145, ...]
[2025-04-23T18:37:34.212+0000] {cursor.py:1041} INFO - query execution done
[2025-04-23T18:37:34.227+0000] {cursor.py:1028} INFO - query: [MERGE INTO MBTA_VEHICLES AS target USING (SELECT 'y0907', '225', 42.2494546, -71...]
[2025-04-23T18:37:37.975+0000] {cursor.py:1041} INFO - query execution done
[2025-04-23T18:37:37.983+0000] {cursor.py:1028} INFO - query: [MERGE INTO MBTA_VEHICLES AS target USING (SELECT 'y2089', '86', 42.33502, -71.14...]
[2025-04-23T18:37:41.819+0000] {cursor.py:1041} INFO - query execution done
[2025-04-23T18:37:41.828+0000] {cursor.py:1028} INFO - query: [MERGE INTO MBTA_VEHICLES AS target USING (SELECT 'y2036', '134', 42.40262, -71.0...]
[2025-04-23T18:37:45.251+0000] {cursor.py:1041} INFO - query execution done
[2025-04-23T18:37:45.267+0000] {cursor.py:1028} INFO - query: [MERGE INTO MBTA_VEHICLES AS target USING (SELECT 'y3354', '116', 42.39422625, -7...]
[2025-04-23T18:37:49.645+0000] {cursor.py:1041} INFO - query execution done
[2025-04-23T18:37:49.730+0000] {cursor.py:1028} INFO - query: [MERGE INTO MBTA_VEHICLES AS target USING (SELECT 'y1780', '23', 42.2837582, -71....]
[2025-04-23T18:37:54.322+0000] {cursor.py:1041} INFO - query execution done
[2025-04-23T18:37:56.270+0000] {cursor.py:1028} INFO - query: [MERGE INTO MBTA_VEHICLES AS target USING (SELECT 'y2104', '111', 42.38820553, -7...]
[2025-04-23T18:38:03.921+0000] {cursor.py:1041} INFO - query execution done
[2025-04-23T18:38:04.345+0000] {cursor.py:1028} INFO - query: [MERGE INTO MBTA_VEHICLES AS target USING (SELECT 'y3356', '442', 42.484786739, -...]
[2025-04-23T18:38:07.186+0000] {cursor.py:1041} INFO - query execution done
[2025-04-23T18:38:07.194+0000] {cursor.py:1028} INFO - query: [MERGE INTO MBTA_VEHICLES AS target USING (SELECT 'O-5482A9C8', 'Orange', 42.3054...]
[2025-04-23T18:38:10.392+0000] {cursor.py:1041} INFO - query execution done
[2025-04-23T18:38:10.422+0000] {cursor.py:1028} INFO - query: [MERGE INTO MBTA_VEHICLES AS target USING (SELECT 'y2055', '88', 42.39806441, -71...]
[2025-04-23T18:38:14.186+0000] {cursor.py:1041} INFO - query execution done
[2025-04-23T18:38:14.237+0000] {cursor.py:1028} INFO - query: [MERGE INTO MBTA_VEHICLES AS target USING (SELECT 'G-10066', 'Green-B', 42.35105,...]
[2025-04-23T18:38:18.250+0000] {cursor.py:1041} INFO - query execution done
[2025-04-23T18:38:18.260+0000] {cursor.py:1028} INFO - query: [MERGE INTO MBTA_VEHICLES AS target USING (SELECT 'y1330', '741', 42.3628669, -71...]
[2025-04-23T18:38:22.464+0000] {cursor.py:1041} INFO - query execution done
[2025-04-23T18:38:22.472+0000] {cursor.py:1028} INFO - query: [MERGE INTO MBTA_VEHICLES AS target USING (SELECT 'y1962', '89', 42.39830202, -71...]
[2025-04-23T18:38:27.230+0000] {cursor.py:1041} INFO - query execution done
[2025-04-23T18:38:27.235+0000] {cursor.py:1028} INFO - query: [MERGE INTO MBTA_VEHICLES AS target USING (SELECT 'y1853', '1', 42.3682261, -71.1...]
[2025-04-23T18:38:31.513+0000] {cursor.py:1041} INFO - query execution done
[2025-04-23T18:38:31.518+0000] {cursor.py:1028} INFO - query: [MERGE INTO MBTA_VEHICLES AS target USING (SELECT 'y1209', '39', 42.34683, -71.07...]
[2025-04-23T18:38:36.298+0000] {cursor.py:1041} INFO - query execution done
[2025-04-23T18:38:36.302+0000] {cursor.py:1028} INFO - query: [MERGE INTO MBTA_VEHICLES AS target USING (SELECT 'R-5482944A', 'Red', 42.2583, -...]
[2025-04-23T18:38:40.127+0000] {cursor.py:1041} INFO - query execution done
[2025-04-23T18:38:40.134+0000] {cursor.py:1028} INFO - query: [MERGE INTO MBTA_VEHICLES AS target USING (SELECT 'y2040', '77', 42.41797386, -71...]
[2025-04-23T18:38:44.106+0000] {cursor.py:1041} INFO - query execution done
[2025-04-23T18:38:44.112+0000] {cursor.py:1028} INFO - query: [MERGE INTO MBTA_VEHICLES AS target USING (SELECT 'G-10441', 'Green-E', 42.37131,...]
[2025-04-23T18:38:47.466+0000] {cursor.py:1041} INFO - query execution done
[2025-04-23T18:38:47.470+0000] {cursor.py:1028} INFO - query: [MERGE INTO MBTA_VEHICLES AS target USING (SELECT 'y3300', '455', 42.49870816, -7...]
[2025-04-23T18:38:51.171+0000] {cursor.py:1041} INFO - query execution done
[2025-04-23T18:38:51.173+0000] {cursor.py:1028} INFO - query: [MERGE INTO MBTA_VEHICLES AS target USING (SELECT 'y2113', '70', 42.376278999, -7...]
