[2025-04-23T18:45:08.187+0000] {taskinstance.py:1956} INFO - Dependencies all met for dep_context=non-requeueable deps ti=<TaskInstance: mbta_ingestion_dag.load_to_snowflake scheduled__2025-04-23T04:45:00+00:00 [queued]>
[2025-04-23T18:45:08.436+0000] {taskinstance.py:1956} INFO - Dependencies all met for dep_context=requeueable deps ti=<TaskInstance: mbta_ingestion_dag.load_to_snowflake scheduled__2025-04-23T04:45:00+00:00 [queued]>
[2025-04-23T18:45:08.448+0000] {taskinstance.py:2170} INFO - Starting attempt 3 of 2
[2025-04-23T18:45:10.291+0000] {taskinstance.py:2191} INFO - Executing <Task(PythonOperator): load_to_snowflake> on 2025-04-23 04:45:00+00:00
[2025-04-23T18:45:10.362+0000] {standard_task_runner.py:60} INFO - Started process 228 to run task
[2025-04-23T18:45:10.402+0000] {standard_task_runner.py:87} INFO - Running: ['***', 'tasks', 'run', 'mbta_ingestion_dag', 'load_to_snowflake', 'scheduled__2025-04-23T04:45:00+00:00', '--job-id', '513', '--raw', '--subdir', 'DAGS_FOLDER/mbta_ingestion_dag.py', '--cfg-path', '/tmp/tmp8yfwo9qe']
[2025-04-23T18:45:10.430+0000] {standard_task_runner.py:88} INFO - Job 513: Subtask load_to_snowflake
[2025-04-23T18:45:12.139+0000] {task_command.py:423} INFO - Running <TaskInstance: mbta_ingestion_dag.load_to_snowflake scheduled__2025-04-23T04:45:00+00:00 [running]> on host f5dfe1f680f3
[2025-04-23T18:45:14.595+0000] {taskinstance.py:2480} INFO - Exporting env vars: AIRFLOW_CTX_DAG_OWNER='***' AIRFLOW_CTX_DAG_ID='mbta_ingestion_dag' AIRFLOW_CTX_TASK_ID='load_to_snowflake' AIRFLOW_CTX_EXECUTION_DATE='2025-04-23T04:45:00+00:00' AIRFLOW_CTX_TRY_NUMBER='3' AIRFLOW_CTX_DAG_RUN_ID='scheduled__2025-04-23T04:45:00+00:00'
[2025-04-23T18:45:14.661+0000] {mbta_ingestion_dag.py:35} INFO - 🚀 Launching Kafka consumer to process and load data into Snowflake...
[2025-04-23T18:45:14.666+0000] {connection.py:370} INFO - Snowflake Connector for Python Version: 3.6.0, Python Version: 3.9.18, Platform: Linux-6.10.14-linuxkit-aarch64-with-glibc2.36
[2025-04-23T18:45:14.678+0000] {connection.py:1171} INFO - This connection is in OCSP Fail Open Mode. TLS Certificates would be checked for validity and revocation status. Any other Certificate Revocation related exceptions or OCSP Responder failures would be disregarded in favor of connectivity.
[2025-04-23T18:45:16.174+0000] {mbta_kafka_consumer.py:45} INFO - ✅ Connected to Snowflake successfully.
[2025-04-23T18:45:16.196+0000] {mbta_kafka_consumer.py:220} INFO - 🚀 Starting MBTA Kafka Consumer...
[2025-04-23T18:45:16.244+0000] {conn.py:395} INFO - <BrokerConnection client_id=kafka-python-2.1.5, node_id=bootstrap-0 host=kafka:9092 <connecting> [IPv4 ('172.19.0.4', 9092)]>: connecting to kafka:9092 [('172.19.0.4', 9092) IPv4]
[2025-04-23T18:45:16.292+0000] {conn.py:615} INFO - <BrokerConnection client_id=kafka-python-2.1.5, node_id=bootstrap-0 host=kafka:9092 <checking_api_versions_recv> [IPv4 ('172.19.0.4', 9092)]>: Broker version identified as 2.6
[2025-04-23T18:45:16.296+0000] {conn.py:456} INFO - <BrokerConnection client_id=kafka-python-2.1.5, node_id=bootstrap-0 host=kafka:9092 <connected> [IPv4 ('172.19.0.4', 9092)]>: Connection complete.
[2025-04-23T18:45:16.349+0000] {consumer.py:119} WARNING - group_id is None: disabling auto-commit.
[2025-04-23T18:45:16.374+0000] {subscription_state.py:182} INFO - Updating subscribed topics to: ('mbta_alerts', 'mbta_routes', 'mbta_stops', 'mbta_vehicles', 'mbta_predictions')
[2025-04-23T18:45:16.500+0000] {subscription_state.py:254} INFO - Updated partition assignment: [('mbta_stops', 0), ('mbta_predictions', 0), ('mbta_routes', 0), ('mbta_vehicles', 0), ('mbta_alerts', 0)]
[2025-04-23T18:45:16.583+0000] {conn.py:395} INFO - <BrokerConnection client_id=kafka-python-2.1.5, node_id=1 host=kafka:9092 <connecting> [IPv4 ('172.19.0.4', 9092)]>: connecting to kafka:9092 [('172.19.0.4', 9092) IPv4]
[2025-04-23T18:45:16.609+0000] {conn.py:456} INFO - <BrokerConnection client_id=kafka-python-2.1.5, node_id=1 host=kafka:9092 <connected> [IPv4 ('172.19.0.4', 9092)]>: Connection complete.
[2025-04-23T18:45:16.616+0000] {conn.py:936} INFO - <BrokerConnection client_id=kafka-python-2.1.5, node_id=bootstrap-0 host=kafka:9092 <connected> [IPv4 ('172.19.0.4', 9092)]>: Closing connection. 
[2025-04-23T18:45:40.208+0000] {mbta_kafka_consumer.py:234} INFO - 📥 Received 281 records from topic: mbta_vehicles
[2025-04-23T18:45:40.391+0000] {mbta_kafka_consumer.py:56} INFO - 🔍 Sample data for MBTA_VEHICLES:
[2025-04-23T18:45:40.409+0000] {mbta_kafka_consumer.py:57} INFO - 
   VEHICLE_ID ROUTE_ID  ...         STATUS                 CREATED_AT
0       y1830       10  ...     STOPPED_AT 2025-04-23 18:45:40.214180
1     G-10268  Green-C  ...     STOPPED_AT 2025-04-23 18:45:40.214256
2     G-10469  Green-D  ...    INCOMING_AT 2025-04-23 18:45:40.214358
3  O-5482A351   Orange  ...     STOPPED_AT 2025-04-23 18:45:40.214398
4       y3309      426  ...  IN_TRANSIT_TO 2025-04-23 18:45:40.214418

[5 rows x 8 columns]
[2025-04-23T18:45:40.650+0000] {cursor.py:1028} INFO - query: [SELECT * FROM MBTA_VEHICLES WHERE VEHICLE_ID IN ('y1830','G-10268','G-10469','O-...]
[2025-04-23T18:45:41.034+0000] {cursor.py:1041} INFO - query execution done
[2025-04-23T18:45:41.064+0000] {cursor.py:1205} INFO - Number of results in first chunk: 298
[2025-04-23T18:45:42.107+0000] {mbta_kafka_consumer.py:104} INFO - 🔁 37 new/updated records out of 281 incoming records (some may be duplicate VEHICLE_IDs) for MBTA_VEHICLES
[2025-04-23T18:45:42.264+0000] {cursor.py:1028} INFO - query: [MERGE INTO MBTA_VEHICLES AS target USING (SELECT 'y1830', '10', 42.34776, -71.07...]
[2025-04-23T18:45:42.857+0000] {cursor.py:1041} INFO - query execution done
[2025-04-23T18:45:42.949+0000] {cursor.py:1028} INFO - query: [MERGE INTO MBTA_VEHICLES AS target USING (SELECT 'G-10268', 'Green-C', 42.34795,...]
[2025-04-23T18:45:44.229+0000] {cursor.py:1041} INFO - query execution done
[2025-04-23T18:45:44.478+0000] {cursor.py:1028} INFO - query: [MERGE INTO MBTA_VEHICLES AS target USING (SELECT 'G-10469', 'Green-D', 42.33174,...]
[2025-04-23T18:45:45.629+0000] {cursor.py:1041} INFO - query execution done
[2025-04-23T18:45:45.727+0000] {cursor.py:1028} INFO - query: [MERGE INTO MBTA_VEHICLES AS target USING (SELECT 'y3309', '426', 42.46391099, -7...]
[2025-04-23T18:45:46.608+0000] {cursor.py:1041} INFO - query execution done
[2025-04-23T18:45:46.658+0000] {cursor.py:1028} INFO - query: [MERGE INTO MBTA_VEHICLES AS target USING (SELECT 'y1709', '32', 42.300984199, -7...]
[2025-04-23T18:45:47.716+0000] {cursor.py:1041} INFO - query execution done
[2025-04-23T18:45:47.788+0000] {cursor.py:1028} INFO - query: [MERGE INTO MBTA_VEHICLES AS target USING (SELECT 'G-10333', 'Green-D', 42.34892,...]
[2025-04-23T18:45:49.340+0000] {cursor.py:1041} INFO - query execution done
[2025-04-23T18:45:49.697+0000] {cursor.py:1028} INFO - query: [MERGE INTO MBTA_VEHICLES AS target USING (SELECT 'y1945', '111', 42.40403199, -7...]
[2025-04-23T18:45:51.080+0000] {cursor.py:1041} INFO - query execution done
[2025-04-23T18:45:51.123+0000] {cursor.py:1028} INFO - query: [MERGE INTO MBTA_VEHICLES AS target USING (SELECT 'G-10256', 'Green-E', 42.35986,...]
[2025-04-23T18:45:52.571+0000] {cursor.py:1041} INFO - query execution done
[2025-04-23T18:45:52.719+0000] {cursor.py:1028} INFO - query: [MERGE INTO MBTA_VEHICLES AS target USING (SELECT 'y1284', '751', 42.33553125, -7...]
[2025-04-23T18:45:53.999+0000] {cursor.py:1041} INFO - query execution done
[2025-04-23T18:45:54.048+0000] {cursor.py:1028} INFO - query: [MERGE INTO MBTA_VEHICLES AS target USING (SELECT 'R-54829A82', 'Red', 42.35579, ...]
[2025-04-23T18:45:55.999+0000] {cursor.py:1041} INFO - query execution done
[2025-04-23T18:45:56.009+0000] {cursor.py:1028} INFO - query: [MERGE INTO MBTA_VEHICLES AS target USING (SELECT 'y2041', '110', 42.40986583, -7...]
[2025-04-23T18:45:57.550+0000] {cursor.py:1041} INFO - query execution done
[2025-04-23T18:45:57.595+0000] {cursor.py:1028} INFO - query: [MERGE INTO MBTA_VEHICLES AS target USING (SELECT 'y1972', '111', 42.41062466, -7...]
[2025-04-23T18:45:59.087+0000] {cursor.py:1041} INFO - query execution done
[2025-04-23T18:45:59.115+0000] {cursor.py:1028} INFO - query: [MERGE INTO MBTA_VEHICLES AS target USING (SELECT 'y0815', '220', 42.25058332, -7...]
[2025-04-23T18:46:00.544+0000] {cursor.py:1041} INFO - query execution done
[2025-04-23T18:46:00.554+0000] {cursor.py:1028} INFO - query: [MERGE INTO MBTA_VEHICLES AS target USING (SELECT 'G-10394', 'Green-D', 42.36633,...]
[2025-04-23T18:46:02.228+0000] {cursor.py:1041} INFO - query execution done
[2025-04-23T18:46:02.240+0000] {cursor.py:1028} INFO - query: [MERGE INTO MBTA_VEHICLES AS target USING (SELECT 'y3329', '426', 42.36222, -71.0...]
[2025-04-23T18:46:05.339+0000] {cursor.py:1041} INFO - query execution done
[2025-04-23T18:46:05.349+0000] {cursor.py:1028} INFO - query: [MERGE INTO MBTA_VEHICLES AS target USING (SELECT 'y1941', '111', 42.39315485, -7...]
[2025-04-23T18:46:07.722+0000] {cursor.py:1041} INFO - query execution done
[2025-04-23T18:46:07.729+0000] {cursor.py:1028} INFO - query: [MERGE INTO MBTA_VEHICLES AS target USING (SELECT 'y1269', '39', 42.31145552, -71...]
[2025-04-23T18:46:10.879+0000] {cursor.py:1041} INFO - query execution done
[2025-04-23T18:46:10.889+0000] {cursor.py:1028} INFO - query: [MERGE INTO MBTA_VEHICLES AS target USING (SELECT 'y1987', '88', 42.38892322, -71...]
[2025-04-23T18:46:13.543+0000] {cursor.py:1041} INFO - query execution done
[2025-04-23T18:46:13.550+0000] {cursor.py:1028} INFO - query: [MERGE INTO MBTA_VEHICLES AS target USING (SELECT 'y2109', '70', 42.3770783, -71....]
[2025-04-23T18:46:16.027+0000] {cursor.py:1041} INFO - query execution done
[2025-04-23T18:46:16.031+0000] {cursor.py:1028} INFO - query: [MERGE INTO MBTA_VEHICLES AS target USING (SELECT 'G-10392', 'Green-B', 42.34872,...]
[2025-04-23T18:46:18.973+0000] {cursor.py:1041} INFO - query execution done
[2025-04-23T18:46:18.981+0000] {cursor.py:1028} INFO - query: [MERGE INTO MBTA_VEHICLES AS target USING (SELECT 'y2021', '69', 42.37229333, -71...]
[2025-04-23T18:46:22.518+0000] {cursor.py:1041} INFO - query execution done
[2025-04-23T18:46:22.544+0000] {cursor.py:1028} INFO - query: [MERGE INTO MBTA_VEHICLES AS target USING (SELECT 'y1662', '24', 42.28420846, -71...]
[2025-04-23T18:46:25.365+0000] {cursor.py:1041} INFO - query execution done
[2025-04-23T18:46:25.370+0000] {cursor.py:1028} INFO - query: [MERGE INTO MBTA_VEHICLES AS target USING (SELECT 'y1268', '28', 42.32891214, -71...]
[2025-04-23T18:46:27.911+0000] {cursor.py:1041} INFO - query execution done
[2025-04-23T18:46:27.917+0000] {cursor.py:1028} INFO - query: [MERGE INTO MBTA_VEHICLES AS target USING (SELECT 'y1717', '36', 42.27562626, -71...]
[2025-04-23T18:46:31.044+0000] {cursor.py:1041} INFO - query execution done
[2025-04-23T18:46:31.047+0000] {cursor.py:1028} INFO - query: [MERGE INTO MBTA_VEHICLES AS target USING (SELECT 'y1727', '57', 42.3493464, -71....]
[2025-04-23T18:46:34.011+0000] {cursor.py:1041} INFO - query execution done
[2025-04-23T18:46:34.031+0000] {cursor.py:1028} INFO - query: [MERGE INTO MBTA_VEHICLES AS target USING (SELECT 'y2081', '71', 42.36831151, -71...]
[2025-04-23T18:46:36.805+0000] {cursor.py:1041} INFO - query execution done
[2025-04-23T18:46:36.819+0000] {cursor.py:1028} INFO - query: [MERGE INTO MBTA_VEHICLES AS target USING (SELECT 'y1808', '15', 42.32905689, -71...]
[2025-04-23T18:46:40.183+0000] {cursor.py:1041} INFO - query execution done
[2025-04-23T18:46:40.194+0000] {cursor.py:1028} INFO - query: [MERGE INTO MBTA_VEHICLES AS target USING (SELECT 'y1814', '44', 42.32132616, -71...]
[2025-04-23T18:46:43.261+0000] {cursor.py:1041} INFO - query execution done
[2025-04-23T18:46:43.274+0000] {cursor.py:1028} INFO - query: [MERGE INTO MBTA_VEHICLES AS target USING (SELECT 'B-5482AB0A', 'Blue', 42.41576,...]
[2025-04-23T18:46:45.495+0000] {cursor.py:1041} INFO - query execution done
[2025-04-23T18:46:45.506+0000] {cursor.py:1028} INFO - query: [MERGE INTO MBTA_VEHICLES AS target USING (SELECT 'y0809', '222', 42.23289483, -7...]
[2025-04-23T18:46:48.224+0000] {cursor.py:1041} INFO - query execution done
[2025-04-23T18:46:48.237+0000] {cursor.py:1028} INFO - query: [MERGE INTO MBTA_VEHICLES AS target USING (SELECT 'y1272', '28', 42.32558479, -71...]
[2025-04-23T18:46:50.583+0000] {cursor.py:1041} INFO - query execution done
[2025-04-23T18:46:50.584+0000] {cursor.py:1028} INFO - query: [MERGE INTO MBTA_VEHICLES AS target USING (SELECT 'y1277', '749', 42.33634458, -7...]
[2025-04-23T18:46:53.187+0000] {cursor.py:1041} INFO - query execution done
[2025-04-23T18:46:53.188+0000] {cursor.py:1028} INFO - query: [MERGE INTO MBTA_VEHICLES AS target USING (SELECT 'y1989', '104', 42.38515277, -7...]
[2025-04-23T18:46:56.002+0000] {cursor.py:1041} INFO - query execution done
[2025-04-23T18:46:56.007+0000] {cursor.py:1028} INFO - query: [MERGE INTO MBTA_VEHICLES AS target USING (SELECT 'G-10163', 'Green-D', 42.32672,...]
[2025-04-23T18:46:58.621+0000] {cursor.py:1041} INFO - query execution done
[2025-04-23T18:46:58.625+0000] {cursor.py:1028} INFO - query: [MERGE INTO MBTA_VEHICLES AS target USING (SELECT 'G-10014', 'Green-E', 42.33897,...]
[2025-04-23T18:47:01.289+0000] {cursor.py:1041} INFO - query execution done
[2025-04-23T18:47:01.295+0000] {cursor.py:1028} INFO - query: [MERGE INTO MBTA_VEHICLES AS target USING (SELECT 'y3346', '116', 42.36956187, -7...]
[2025-04-23T18:47:03.647+0000] {cursor.py:1041} INFO - query execution done
[2025-04-23T18:47:03.656+0000] {cursor.py:1028} INFO - query: [MERGE INTO MBTA_VEHICLES AS target USING (SELECT 'y3337', '116', 42.36980411, -7...]
[2025-04-23T18:47:06.178+0000] {cursor.py:1041} INFO - query execution done
[2025-04-23T18:47:06.191+0000] {cursor.py:1028} INFO - query: [COMMIT]
[2025-04-23T18:47:06.329+0000] {cursor.py:1041} INFO - query execution done
[2025-04-23T18:47:06.332+0000] {cursor.py:1205} INFO - Number of results in first chunk: 1
[2025-04-23T18:47:06.335+0000] {mbta_kafka_consumer.py:139} INFO - ✅ Merged 37 new/changed records into Snowflake table: MBTA_VEHICLES in 85.73 seconds
[2025-04-23T18:47:06.352+0000] {mbta_kafka_consumer.py:234} INFO - 📥 Received 281 records from topic: mbta_vehicles
[2025-04-23T18:47:06.408+0000] {mbta_kafka_consumer.py:56} INFO - 🔍 Sample data for MBTA_VEHICLES:
[2025-04-23T18:47:06.409+0000] {mbta_kafka_consumer.py:57} INFO - 
   VEHICLE_ID ROUTE_ID  ...         STATUS                 CREATED_AT
0       y1830       10  ...  IN_TRANSIT_TO 2025-04-23 18:47:06.356323
1     G-10268  Green-C  ...  IN_TRANSIT_TO 2025-04-23 18:47:06.356405
2     G-10469  Green-D  ...     STOPPED_AT 2025-04-23 18:47:06.356431
3  O-5482A351   Orange  ...     STOPPED_AT 2025-04-23 18:47:06.356785
4       y3309      426  ...     STOPPED_AT 2025-04-23 18:47:06.356818

[5 rows x 8 columns]
[2025-04-23T18:47:06.439+0000] {cursor.py:1028} INFO - query: [SELECT * FROM MBTA_VEHICLES WHERE VEHICLE_ID IN ('y1830','G-10268','G-10469','O-...]
[2025-04-23T18:47:06.769+0000] {cursor.py:1041} INFO - query execution done
[2025-04-23T18:47:06.771+0000] {cursor.py:1205} INFO - Number of results in first chunk: 298
[2025-04-23T18:47:06.800+0000] {mbta_kafka_consumer.py:104} INFO - 🔁 193 new/updated records out of 281 incoming records (some may be duplicate VEHICLE_IDs) for MBTA_VEHICLES
[2025-04-23T18:47:06.802+0000] {cursor.py:1028} INFO - query: [MERGE INTO MBTA_VEHICLES AS target USING (SELECT 'G-10469', 'Green-D', 42.33254,...]
[2025-04-23T18:47:10.080+0000] {cursor.py:1041} INFO - query execution done
[2025-04-23T18:47:10.084+0000] {cursor.py:1028} INFO - query: [MERGE INTO MBTA_VEHICLES AS target USING (SELECT 'y3309', '426', 42.464264089, -...]
[2025-04-23T18:47:12.822+0000] {cursor.py:1041} INFO - query execution done
[2025-04-23T18:47:12.829+0000] {cursor.py:1028} INFO - query: [MERGE INTO MBTA_VEHICLES AS target USING (SELECT 'y1709', '32', 42.30087555, -71...]
[2025-04-23T18:47:15.265+0000] {cursor.py:1041} INFO - query execution done
[2025-04-23T18:47:15.271+0000] {cursor.py:1028} INFO - query: [MERGE INTO MBTA_VEHICLES AS target USING (SELECT 'G-10333', 'Green-D', 42.34837,...]
[2025-04-23T18:47:17.845+0000] {cursor.py:1041} INFO - query execution done
[2025-04-23T18:47:17.849+0000] {cursor.py:1028} INFO - query: [MERGE INTO MBTA_VEHICLES AS target USING (SELECT 'G-10256', 'Green-E', 42.36242,...]
[2025-04-23T18:47:20.315+0000] {cursor.py:1041} INFO - query execution done
[2025-04-23T18:47:20.318+0000] {cursor.py:1028} INFO - query: [MERGE INTO MBTA_VEHICLES AS target USING (SELECT 'y1945', '111', 42.40300963, -7...]
[2025-04-23T18:47:23.366+0000] {cursor.py:1041} INFO - query execution done
[2025-04-23T18:47:23.391+0000] {cursor.py:1028} INFO - query: [MERGE INTO MBTA_VEHICLES AS target USING (SELECT 'y1284', '751', 42.33599, -71.0...]
[2025-04-23T18:47:26.483+0000] {cursor.py:1041} INFO - query execution done
[2025-04-23T18:47:26.501+0000] {cursor.py:1028} INFO - query: [MERGE INTO MBTA_VEHICLES AS target USING (SELECT 'R-54829A82', 'Red', 42.3565, -...]
[2025-04-23T18:47:28.792+0000] {cursor.py:1041} INFO - query execution done
[2025-04-23T18:47:28.800+0000] {cursor.py:1028} INFO - query: [MERGE INTO MBTA_VEHICLES AS target USING (SELECT 'y2041', '110', 42.40924609, -7...]
[2025-04-23T18:47:31.568+0000] {cursor.py:1041} INFO - query execution done
[2025-04-23T18:47:31.585+0000] {cursor.py:1028} INFO - query: [MERGE INTO MBTA_VEHICLES AS target USING (SELECT 'y1972', '111', 42.40933503, -7...]
[2025-04-23T18:47:34.107+0000] {cursor.py:1041} INFO - query execution done
[2025-04-23T18:47:34.122+0000] {cursor.py:1028} INFO - query: [MERGE INTO MBTA_VEHICLES AS target USING (SELECT 'y0815', '220', 42.25136165, -7...]
[2025-04-23T18:47:36.477+0000] {cursor.py:1041} INFO - query execution done
[2025-04-23T18:47:36.484+0000] {cursor.py:1028} INFO - query: [MERGE INTO MBTA_VEHICLES AS target USING (SELECT 'G-10394', 'Green-D', 42.36633,...]
[2025-04-23T18:47:38.945+0000] {cursor.py:1041} INFO - query execution done
[2025-04-23T18:47:38.955+0000] {cursor.py:1028} INFO - query: [MERGE INTO MBTA_VEHICLES AS target USING (SELECT 'y3329', '426', 42.36216386, -7...]
[2025-04-23T18:47:41.946+0000] {cursor.py:1041} INFO - query execution done
[2025-04-23T18:47:41.975+0000] {cursor.py:1028} INFO - query: [MERGE INTO MBTA_VEHICLES AS target USING (SELECT 'y1941', '111', 42.3946002, -71...]
[2025-04-23T18:47:44.374+0000] {cursor.py:1041} INFO - query execution done
[2025-04-23T18:47:44.404+0000] {cursor.py:1028} INFO - query: [MERGE INTO MBTA_VEHICLES AS target USING (SELECT 'y1269', '39', 42.31219605, -71...]
[2025-04-23T18:47:46.653+0000] {cursor.py:1041} INFO - query execution done
[2025-04-23T18:47:46.782+0000] {cursor.py:1028} INFO - query: [MERGE INTO MBTA_VEHICLES AS target USING (SELECT 'y1987', '88', 42.387273739, -7...]
[2025-04-23T18:47:48.958+0000] {cursor.py:1041} INFO - query execution done
[2025-04-23T18:47:49.173+0000] {cursor.py:1028} INFO - query: [MERGE INTO MBTA_VEHICLES AS target USING (SELECT 'y2109', '70', 42.37756887, -71...]
[2025-04-23T18:47:54.559+0000] {cursor.py:1041} INFO - query execution done
[2025-04-23T18:47:57.720+0000] {cursor.py:1028} INFO - query: [MERGE INTO MBTA_VEHICLES AS target USING (SELECT 'G-10392', 'Green-B', 42.34867,...]
[2025-04-23T18:48:00.113+0000] {cursor.py:1041} INFO - query execution done
[2025-04-23T18:48:00.119+0000] {cursor.py:1028} INFO - query: [MERGE INTO MBTA_VEHICLES AS target USING (SELECT 'y2021', '69', 42.37214221, -71...]
[2025-04-23T18:48:03.322+0000] {cursor.py:1041} INFO - query execution done
[2025-04-23T18:48:03.343+0000] {cursor.py:1028} INFO - query: [MERGE INTO MBTA_VEHICLES AS target USING (SELECT 'y1662', '24', 42.28451406, -71...]
[2025-04-23T18:48:05.738+0000] {cursor.py:1041} INFO - query execution done
[2025-04-23T18:48:05.741+0000] {cursor.py:1028} INFO - query: [MERGE INTO MBTA_VEHICLES AS target USING (SELECT 'y1268', '28', 42.33023839, -71...]
[2025-04-23T18:48:08.925+0000] {cursor.py:1041} INFO - query execution done
[2025-04-23T18:48:08.960+0000] {cursor.py:1028} INFO - query: [MERGE INTO MBTA_VEHICLES AS target USING (SELECT 'y1717', '36', 42.277274599, -7...]
[2025-04-23T18:48:12.334+0000] {cursor.py:1041} INFO - query execution done
[2025-04-23T18:48:12.360+0000] {cursor.py:1028} INFO - query: [MERGE INTO MBTA_VEHICLES AS target USING (SELECT 'y1727', '57', 42.349092279, -7...]
[2025-04-23T18:48:13.986+0000] {cursor.py:1041} INFO - query execution done
[2025-04-23T18:48:14.029+0000] {cursor.py:1028} INFO - query: [MERGE INTO MBTA_VEHICLES AS target USING (SELECT 'y2081', '71', 42.36832811, -71...]
[2025-04-23T18:48:17.072+0000] {cursor.py:1041} INFO - query execution done
[2025-04-23T18:48:17.084+0000] {cursor.py:1028} INFO - query: [MERGE INTO MBTA_VEHICLES AS target USING (SELECT 'y1808', '15', 42.329096519, -7...]
[2025-04-23T18:48:19.653+0000] {cursor.py:1041} INFO - query execution done
[2025-04-23T18:48:19.683+0000] {cursor.py:1028} INFO - query: [MERGE INTO MBTA_VEHICLES AS target USING (SELECT 'y1814', '44', 42.320784269, -7...]
[2025-04-23T18:48:22.589+0000] {cursor.py:1041} INFO - query execution done
[2025-04-23T18:48:22.620+0000] {cursor.py:1028} INFO - query: [MERGE INTO MBTA_VEHICLES AS target USING (SELECT 'B-5482AB0A', 'Blue', 42.41469,...]
[2025-04-23T18:48:25.519+0000] {cursor.py:1041} INFO - query execution done
[2025-04-23T18:48:25.524+0000] {cursor.py:1028} INFO - query: [MERGE INTO MBTA_VEHICLES AS target USING (SELECT 'y0809', '222', 42.22939299, -7...]
[2025-04-23T18:48:28.003+0000] {cursor.py:1041} INFO - query execution done
[2025-04-23T18:48:28.006+0000] {cursor.py:1028} INFO - query: [MERGE INTO MBTA_VEHICLES AS target USING (SELECT 'y1272', '28', 42.32372505, -71...]
[2025-04-23T18:48:32.366+0000] {cursor.py:1041} INFO - query execution done
[2025-04-23T18:48:32.408+0000] {cursor.py:1028} INFO - query: [MERGE INTO MBTA_VEHICLES AS target USING (SELECT 'y1277', '749', 42.334894849, -...]
[2025-04-23T18:48:36.485+0000] {cursor.py:1041} INFO - query execution done
[2025-04-23T18:48:36.494+0000] {cursor.py:1028} INFO - query: [MERGE INTO MBTA_VEHICLES AS target USING (SELECT 'G-10163', 'Green-D', 42.32835,...]
[2025-04-23T18:48:38.665+0000] {cursor.py:1041} INFO - query execution done
[2025-04-23T18:48:38.669+0000] {cursor.py:1028} INFO - query: [MERGE INTO MBTA_VEHICLES AS target USING (SELECT 'y1989', '104', 42.38270525, -7...]
[2025-04-23T18:48:41.540+0000] {cursor.py:1041} INFO - query execution done
[2025-04-23T18:48:41.553+0000] {cursor.py:1028} INFO - query: [MERGE INTO MBTA_VEHICLES AS target USING (SELECT 'G-10014', 'Green-E', 42.33791,...]
[2025-04-23T18:48:43.280+0000] {cursor.py:1041} INFO - query execution done
[2025-04-23T18:48:43.286+0000] {cursor.py:1028} INFO - query: [MERGE INTO MBTA_VEHICLES AS target USING (SELECT 'y3346', '116', 42.36962, -71.0...]
[2025-04-23T18:48:46.360+0000] {cursor.py:1041} INFO - query execution done
[2025-04-23T18:48:46.404+0000] {cursor.py:1028} INFO - query: [MERGE INTO MBTA_VEHICLES AS target USING (SELECT 'y3337', '116', 42.369797759, -...]
[2025-04-23T18:48:48.201+0000] {cursor.py:1041} INFO - query execution done
[2025-04-23T18:48:48.203+0000] {cursor.py:1028} INFO - query: [MERGE INTO MBTA_VEHICLES AS target USING (SELECT 'y2047', '83', 42.3926403, -71....]
[2025-04-23T18:48:50.624+0000] {cursor.py:1041} INFO - query execution done
[2025-04-23T18:48:50.636+0000] {cursor.py:1028} INFO - query: [MERGE INTO MBTA_VEHICLES AS target USING (SELECT 'G-10161', 'Green-D', 42.33583,...]
[2025-04-23T18:48:52.799+0000] {cursor.py:1041} INFO - query execution done
[2025-04-23T18:48:52.811+0000] {cursor.py:1028} INFO - query: [MERGE INTO MBTA_VEHICLES AS target USING (SELECT 'y1925', '106', 42.44199975, -7...]
[2025-04-23T18:48:54.984+0000] {cursor.py:1041} INFO - query execution done
[2025-04-23T18:48:54.992+0000] {cursor.py:1028} INFO - query: [MERGE INTO MBTA_VEHICLES AS target USING (SELECT 'O-5482A811', 'Orange', 42.3454...]
[2025-04-23T18:48:57.185+0000] {cursor.py:1041} INFO - query execution done
[2025-04-23T18:48:57.189+0000] {cursor.py:1028} INFO - query: [MERGE INTO MBTA_VEHICLES AS target USING (SELECT 'y1750', '22', 42.33626, -71.08...]
[2025-04-23T18:48:59.793+0000] {cursor.py:1041} INFO - query execution done
[2025-04-23T18:48:59.797+0000] {cursor.py:1028} INFO - query: [MERGE INTO MBTA_VEHICLES AS target USING (SELECT 'y3001', '713', 42.38661253, -7...]
[2025-04-23T18:49:01.585+0000] {cursor.py:1041} INFO - query execution done
[2025-04-23T18:49:01.600+0000] {cursor.py:1028} INFO - query: [MERGE INTO MBTA_VEHICLES AS target USING (SELECT 'y1858', '8', 42.33545354, -71....]
[2025-04-23T18:49:03.855+0000] {cursor.py:1041} INFO - query execution done
[2025-04-23T18:49:03.863+0000] {cursor.py:1028} INFO - query: [MERGE INTO MBTA_VEHICLES AS target USING (SELECT 'R-54828E9A', 'Red', 42.28579, ...]
[2025-04-23T18:49:06.110+0000] {cursor.py:1041} INFO - query execution done
[2025-04-23T18:49:06.117+0000] {cursor.py:1028} INFO - query: [MERGE INTO MBTA_VEHICLES AS target USING (SELECT 'y1323', '743', 42.3959562, -71...]
[2025-04-23T18:49:07.950+0000] {cursor.py:1041} INFO - query execution done
[2025-04-23T18:49:07.953+0000] {cursor.py:1028} INFO - query: [MERGE INTO MBTA_VEHICLES AS target USING (SELECT 'R-5482A905', 'Red', 42.23998, ...]
[2025-04-23T18:49:10.294+0000] {cursor.py:1041} INFO - query execution done
[2025-04-23T18:49:10.299+0000] {cursor.py:1028} INFO - query: [MERGE INTO MBTA_VEHICLES AS target USING (SELECT 'y1437', '455', 42.46222768, -7...]
[2025-04-23T18:49:12.485+0000] {cursor.py:1041} INFO - query execution done
[2025-04-23T18:49:12.490+0000] {cursor.py:1028} INFO - query: [MERGE INTO MBTA_VEHICLES AS target USING (SELECT 'y0806', '240', 42.242647769, -...]
[2025-04-23T18:49:14.325+0000] {cursor.py:1041} INFO - query execution done
[2025-04-23T18:49:14.327+0000] {cursor.py:1028} INFO - query: [MERGE INTO MBTA_VEHICLES AS target USING (SELECT 'y2083', '74', 42.373465405, -7...]
[2025-04-23T18:49:16.530+0000] {cursor.py:1041} INFO - query execution done
[2025-04-23T18:49:16.532+0000] {cursor.py:1028} INFO - query: [MERGE INTO MBTA_VEHICLES AS target USING (SELECT 'y2011', '73', 42.37327259, -71...]
[2025-04-23T18:49:18.700+0000] {cursor.py:1041} INFO - query execution done
[2025-04-23T18:49:18.703+0000] {cursor.py:1028} INFO - query: [MERGE INTO MBTA_VEHICLES AS target USING (SELECT 'G-10309', 'Green-B', 42.33998,...]
[2025-04-23T18:49:22.171+0000] {cursor.py:1041} INFO - query execution done
[2025-04-23T18:49:22.179+0000] {cursor.py:1028} INFO - query: [MERGE INTO MBTA_VEHICLES AS target USING (SELECT 'y1206', '39', 42.33619361, -71...]
[2025-04-23T18:49:23.866+0000] {cursor.py:1041} INFO - query execution done
[2025-04-23T18:49:23.874+0000] {cursor.py:1028} INFO - query: [MERGE INTO MBTA_VEHICLES AS target USING (SELECT 'y0817', '215', 42.25762998, -7...]
[2025-04-23T18:49:26.051+0000] {cursor.py:1041} INFO - query execution done
[2025-04-23T18:49:26.056+0000] {cursor.py:1028} INFO - query: [MERGE INTO MBTA_VEHICLES AS target USING (SELECT 'y1650', '29', 42.32242, -71.09...]
[2025-04-23T18:49:28.519+0000] {cursor.py:1041} INFO - query execution done
[2025-04-23T18:49:28.525+0000] {cursor.py:1028} INFO - query: [MERGE INTO MBTA_VEHICLES AS target USING (SELECT 'y1670', '34E', 42.29955, -71.1...]
[2025-04-23T18:49:31.713+0000] {cursor.py:1041} INFO - query execution done
[2025-04-23T18:49:31.732+0000] {cursor.py:1028} INFO - query: [MERGE INTO MBTA_VEHICLES AS target USING (SELECT 'G-10428', 'Green-C', 42.33971,...]
[2025-04-23T18:49:34.959+0000] {cursor.py:1041} INFO - query execution done
[2025-04-23T18:49:34.967+0000] {cursor.py:1028} INFO - query: [MERGE INTO MBTA_VEHICLES AS target USING (SELECT 'O-5482A813', 'Orange', 42.3553...]
[2025-04-23T18:49:35.924+0000] {cursor.py:1041} INFO - query execution done
[2025-04-23T18:49:35.935+0000] {cursor.py:1028} INFO - query: [MERGE INTO MBTA_VEHICLES AS target USING (SELECT 'y3005', '712', 42.38164307, -7...]
[2025-04-23T18:49:39.285+0000] {cursor.py:1041} INFO - query execution done
[2025-04-23T18:49:39.458+0000] {cursor.py:1028} INFO - query: [MERGE INTO MBTA_VEHICLES AS target USING (SELECT 'y2106', '110', 42.41513211, -7...]
[2025-04-23T18:49:40.928+0000] {cursor.py:1041} INFO - query execution done
[2025-04-23T18:49:40.936+0000] {cursor.py:1028} INFO - query: [MERGE INTO MBTA_VEHICLES AS target USING (SELECT 'y3130', '109', 42.37736433, -7...]
[2025-04-23T18:49:43.315+0000] {cursor.py:1041} INFO - query execution done
[2025-04-23T18:49:43.320+0000] {cursor.py:1028} INFO - query: [MERGE INTO MBTA_VEHICLES AS target USING (SELECT 'y3316', '442', 42.45555482, -7...]
[2025-04-23T18:49:45.608+0000] {cursor.py:1041} INFO - query execution done
[2025-04-23T18:49:45.613+0000] {cursor.py:1028} INFO - query: [MERGE INTO MBTA_VEHICLES AS target USING (SELECT 'y3118', '101', 42.39234353, -7...]
[2025-04-23T18:49:47.844+0000] {cursor.py:1041} INFO - query execution done
[2025-04-23T18:49:47.857+0000] {cursor.py:1028} INFO - query: [MERGE INTO MBTA_VEHICLES AS target USING (SELECT 'y1906', '66', 42.3630876, -71....]
[2025-04-23T18:49:50.432+0000] {cursor.py:1041} INFO - query execution done
[2025-04-23T18:49:50.437+0000] {cursor.py:1028} INFO - query: [MERGE INTO MBTA_VEHICLES AS target USING (SELECT 'G-10251', 'Green-B', 42.35089,...]
[2025-04-23T18:49:52.515+0000] {cursor.py:1041} INFO - query execution done
[2025-04-23T18:49:52.522+0000] {cursor.py:1028} INFO - query: [MERGE INTO MBTA_VEHICLES AS target USING (SELECT 'O-5482A826', 'Orange', 42.3886...]
[2025-04-23T18:49:55.428+0000] {cursor.py:1041} INFO - query execution done
[2025-04-23T18:49:55.443+0000] {cursor.py:1028} INFO - query: [MERGE INTO MBTA_VEHICLES AS target USING (SELECT 'y1956', '109', 42.38431267, -7...]
[2025-04-23T18:49:57.292+0000] {cursor.py:1041} INFO - query execution done
[2025-04-23T18:49:57.294+0000] {cursor.py:1028} INFO - query: [MERGE INTO MBTA_VEHICLES AS target USING (SELECT 'y1290', '749', 42.35402639, -7...]
[2025-04-23T18:49:58.832+0000] {cursor.py:1041} INFO - query execution done
[2025-04-23T18:49:58.836+0000] {cursor.py:1028} INFO - query: [MERGE INTO MBTA_VEHICLES AS target USING (SELECT 'G-10466', 'Green-D', 42.34648,...]
[2025-04-23T18:50:00.100+0000] {cursor.py:1041} INFO - query execution done
[2025-04-23T18:50:00.102+0000] {cursor.py:1028} INFO - query: [MERGE INTO MBTA_VEHICLES AS target USING (SELECT 'O-5482A810', 'Orange', 42.3100...]
[2025-04-23T18:50:02.421+0000] {cursor.py:1041} INFO - query execution done
[2025-04-23T18:50:02.442+0000] {cursor.py:1028} INFO - query: [MERGE INTO MBTA_VEHICLES AS target USING (SELECT 'y1601', '42', 42.30091, -71.11...]
[2025-04-23T18:50:04.562+0000] {cursor.py:1041} INFO - query execution done
[2025-04-23T18:50:04.583+0000] {cursor.py:1028} INFO - query: [MERGE INTO MBTA_VEHICLES AS target USING (SELECT 'y2002', '109', 42.43239292, -7...]
[2025-04-23T18:50:10.008+0000] {cursor.py:1041} INFO - query execution done
[2025-04-23T18:50:10.809+0000] {cursor.py:1028} INFO - query: [MERGE INTO MBTA_VEHICLES AS target USING (SELECT 'y1332', '741', 42.34694371, -7...]
[2025-04-23T18:50:21.450+0000] {cursor.py:1041} INFO - query execution done
[2025-04-23T18:50:24.245+0000] {cursor.py:1028} INFO - query: [MERGE INTO MBTA_VEHICLES AS target USING (SELECT 'y1666', '34E', 42.17963948, -7...]
[2025-04-23T18:50:28.470+0000] {cursor.py:1041} INFO - query execution done
[2025-04-23T18:50:28.661+0000] {cursor.py:1028} INFO - query: [MERGE INTO MBTA_VEHICLES AS target USING (SELECT 'G-10152', 'Green-C', 42.33855,...]
[2025-04-23T18:50:31.591+0000] {cursor.py:1041} INFO - query execution done
[2025-04-23T18:50:32.829+0000] {cursor.py:1028} INFO - query: [MERGE INTO MBTA_VEHICLES AS target USING (SELECT 'G-10468', 'Green-D', 42.34117,...]
[2025-04-23T18:50:39.013+0000] {cursor.py:1041} INFO - query execution done
[2025-04-23T18:50:42.911+0000] {cursor.py:1028} INFO - query: [MERGE INTO MBTA_VEHICLES AS target USING (SELECT 'y2062', '99', 42.4203896, -71....]
[2025-04-23T18:50:47.445+0000] {cursor.py:1041} INFO - query execution done
[2025-04-23T18:50:47.453+0000] {cursor.py:1028} INFO - query: [MERGE INTO MBTA_VEHICLES AS target USING (SELECT 'y1784', '43', 42.34749134, -71...]
[2025-04-23T18:50:50.038+0000] {cursor.py:1041} INFO - query execution done
[2025-04-23T18:50:50.048+0000] {cursor.py:1028} INFO - query: [MERGE INTO MBTA_VEHICLES AS target USING (SELECT 'B-5482AA9A', 'Blue', 42.36062,...]
[2025-04-23T18:50:52.448+0000] {cursor.py:1041} INFO - query execution done
[2025-04-23T18:50:52.452+0000] {cursor.py:1028} INFO - query: [MERGE INTO MBTA_VEHICLES AS target USING (SELECT 'y1609', '34', 42.254582, -71.1...]
[2025-04-23T18:50:55.080+0000] {cursor.py:1041} INFO - query execution done
[2025-04-23T18:50:55.081+0000] {cursor.py:1028} INFO - query: [MERGE INTO MBTA_VEHICLES AS target USING (SELECT 'y1929', '77', 42.373263743, -7...]
[2025-04-23T18:50:57.091+0000] {cursor.py:1041} INFO - query execution done
[2025-04-23T18:50:57.102+0000] {cursor.py:1028} INFO - query: [MERGE INTO MBTA_VEHICLES AS target USING (SELECT 'y2079', '108', 42.40261972, -7...]
[2025-04-23T18:50:59.362+0000] {cursor.py:1041} INFO - query execution done
[2025-04-23T18:50:59.363+0000] {cursor.py:1028} INFO - query: [MERGE INTO MBTA_VEHICLES AS target USING (SELECT 'G-10373', 'Green-D', 42.34448,...]
[2025-04-23T18:51:01.884+0000] {cursor.py:1041} INFO - query execution done
[2025-04-23T18:51:01.889+0000] {cursor.py:1028} INFO - query: [MERGE INTO MBTA_VEHICLES AS target USING (SELECT 'y1910', '23', 42.34121, -71.05...]
[2025-04-23T18:51:04.721+0000] {cursor.py:1041} INFO - query execution done
[2025-04-23T18:51:04.726+0000] {cursor.py:1028} INFO - query: [MERGE INTO MBTA_VEHICLES AS target USING (SELECT 'y1901', '22', 42.31373701, -71...]
[2025-04-23T18:51:07.140+0000] {cursor.py:1041} INFO - query execution done
[2025-04-23T18:51:07.151+0000] {cursor.py:1028} INFO - query: [MERGE INTO MBTA_VEHICLES AS target USING (SELECT 'B-5482A822', 'Blue', 42.41085,...]
[2025-04-23T18:51:10.850+0000] {cursor.py:1041} INFO - query execution done
[2025-04-23T18:51:10.854+0000] {cursor.py:1028} INFO - query: [MERGE INTO MBTA_VEHICLES AS target USING (SELECT 'y3338', '455', 42.45029366, -7...]
[2025-04-23T18:51:13.228+0000] {cursor.py:1041} INFO - query execution done
[2025-04-23T18:51:13.229+0000] {cursor.py:1028} INFO - query: [MERGE INTO MBTA_VEHICLES AS target USING (SELECT 'y2004', '109', 42.40570037, -7...]
[2025-04-23T18:51:31.391+0000] {cursor.py:1041} INFO - query execution done
[2025-04-23T18:51:31.398+0000] {cursor.py:1028} INFO - query: [MERGE INTO MBTA_VEHICLES AS target USING (SELECT 'y1921', '45', 42.33621429, -71...]
[2025-04-23T18:51:33.144+0000] {cursor.py:1041} INFO - query execution done
[2025-04-23T18:51:33.148+0000] {cursor.py:1028} INFO - query: [MERGE INTO MBTA_VEHICLES AS target USING (SELECT 'y1262', '39', 42.3485249, -71....]
[2025-04-23T18:51:35.368+0000] {cursor.py:1041} INFO - query execution done
[2025-04-23T18:51:35.372+0000] {cursor.py:1028} INFO - query: [MERGE INTO MBTA_VEHICLES AS target USING (SELECT 'y1773', '23', 42.32985978, -71...]
[2025-04-23T18:51:37.492+0000] {cursor.py:1041} INFO - query execution done
[2025-04-23T18:51:37.496+0000] {cursor.py:1028} INFO - query: [MERGE INTO MBTA_VEHICLES AS target USING (SELECT 'G-10376', 'Green-E', 42.3804, ...]
[2025-04-23T19:09:16.745+0000] {cursor.py:1041} INFO - query execution done
[2025-04-23T19:09:16.755+0000] {cursor.py:1028} INFO - query: [MERGE INTO MBTA_VEHICLES AS target USING (SELECT 'G-10345', 'Green-D', 42.34117,...]
[2025-04-23T19:09:19.035+0000] {cursor.py:1041} INFO - query execution done
[2025-04-23T19:09:19.041+0000] {cursor.py:1028} INFO - query: [MERGE INTO MBTA_VEHICLES AS target USING (SELECT 'y1959', '87', 42.381713629, -7...]
[2025-04-23T19:09:22.672+0000] {cursor.py:1041} INFO - query execution done
[2025-04-23T19:09:22.737+0000] {cursor.py:1028} INFO - query: [MERGE INTO MBTA_VEHICLES AS target USING (SELECT 'y1293', '749', 42.35117, -71.0...]
[2025-04-23T19:09:23.996+0000] {cursor.py:1041} INFO - query execution done
[2025-04-23T19:09:24.058+0000] {cursor.py:1028} INFO - query: [MERGE INTO MBTA_VEHICLES AS target USING (SELECT 'y1802', '9', 42.34944, -71.075...]
[2025-04-23T19:09:26.117+0000] {cursor.py:1041} INFO - query execution done
[2025-04-23T19:09:26.162+0000] {cursor.py:1028} INFO - query: [MERGE INTO MBTA_VEHICLES AS target USING (SELECT 'G-10037', 'Green-B', 42.34997,...]
[2025-04-23T19:09:28.522+0000] {cursor.py:1041} INFO - query execution done
[2025-04-23T19:09:28.541+0000] {cursor.py:1028} INFO - query: [MERGE INTO MBTA_VEHICLES AS target USING (SELECT 'B-5482A830', 'Blue', 42.39043,...]
[2025-04-23T19:09:30.418+0000] {cursor.py:1041} INFO - query execution done
[2025-04-23T19:09:30.448+0000] {cursor.py:1028} INFO - query: [MERGE INTO MBTA_VEHICLES AS target USING (SELECT 'y1944', '104', 42.41022483, -7...]
[2025-04-23T19:09:32.754+0000] {cursor.py:1041} INFO - query execution done
[2025-04-23T19:09:32.772+0000] {cursor.py:1028} INFO - query: [MERGE INTO MBTA_VEHICLES AS target USING (SELECT 'G-10132', 'Green-D', 42.3282, ...]
[2025-04-23T19:09:41.307+0000] {local_task_job_runner.py:302} WARNING - State of this instance has been externally set to failed. Terminating instance.
[2025-04-23T19:09:42.189+0000] {process_utils.py:131} INFO - Sending 15 to group 228. PIDs of all processes in the group: [228]
[2025-04-23T19:09:42.273+0000] {process_utils.py:86} INFO - Sending the signal 15 to group 228
[2025-04-23T19:09:42.360+0000] {taskinstance.py:2450} ERROR - Received SIGTERM. Terminating subprocesses.
[2025-04-23T19:09:42.693+0000] {mbta_kafka_consumer.py:213} ERROR - ❌ Error processing topic mbta_vehicles: Task received SIGTERM signal
[2025-04-23T19:09:42.930+0000] {mbta_kafka_consumer.py:234} INFO - 📥 Received 281 records from topic: mbta_vehicles
[2025-04-23T19:09:43.285+0000] {mbta_kafka_consumer.py:56} INFO - 🔍 Sample data for MBTA_VEHICLES:
[2025-04-23T19:09:43.290+0000] {mbta_kafka_consumer.py:57} INFO - 
   VEHICLE_ID ROUTE_ID  ...         STATUS                 CREATED_AT
0       y1830       10  ...  IN_TRANSIT_TO 2025-04-23 19:09:42.944539
1     G-10268  Green-C  ...    INCOMING_AT 2025-04-23 19:09:42.947150
2     G-10469  Green-D  ...  IN_TRANSIT_TO 2025-04-23 19:09:42.950589
3  O-5482A351   Orange  ...     STOPPED_AT 2025-04-23 19:09:42.953039
4       y3309      426  ...     STOPPED_AT 2025-04-23 19:09:42.953667

[5 rows x 8 columns]
[2025-04-23T19:09:43.387+0000] {cursor.py:1028} INFO - query: [SELECT * FROM MBTA_VEHICLES WHERE VEHICLE_ID IN ('y1830','G-10268','G-10469','O-...]
[2025-04-23T19:27:34.235+0000] {cursor.py:1041} INFO - query execution done
[2025-04-23T19:27:34.316+0000] {cursor.py:1205} INFO - Number of results in first chunk: 298
[2025-04-23T19:27:35.957+0000] {mbta_kafka_consumer.py:104} INFO - 🔁 206 new/updated records out of 281 incoming records (some may be duplicate VEHICLE_IDs) for MBTA_VEHICLES
[2025-04-23T19:27:36.315+0000] {cursor.py:1028} INFO - query: [MERGE INTO MBTA_VEHICLES AS target USING (SELECT 'y3309', '426', 42.46294648, -7...]
[2025-04-23T19:27:39.320+0000] {cursor.py:1041} INFO - query execution done
[2025-04-23T19:27:39.385+0000] {cursor.py:1028} INFO - query: [MERGE INTO MBTA_VEHICLES AS target USING (SELECT 'y1709', '32', 42.30077, -71.11...]
[2025-04-23T19:27:48.514+0000] {cursor.py:1041} INFO - query execution done
[2025-04-23T19:27:48.578+0000] {cursor.py:1028} INFO - query: [MERGE INTO MBTA_VEHICLES AS target USING (SELECT 'G-10333', 'Green-D', 42.34672,...]
[2025-04-23T19:27:49.998+0000] {cursor.py:1041} INFO - query execution done
[2025-04-23T19:27:50.126+0000] {cursor.py:1028} INFO - query: [MERGE INTO MBTA_VEHICLES AS target USING (SELECT 'G-10256', 'Green-E', 42.36389,...]
[2025-04-23T19:27:52.425+0000] {cursor.py:1041} INFO - query execution done
[2025-04-23T19:27:52.458+0000] {cursor.py:1028} INFO - query: [MERGE INTO MBTA_VEHICLES AS target USING (SELECT 'y1945', '111', 42.40115772, -7...]
[2025-04-23T19:27:54.272+0000] {cursor.py:1041} INFO - query execution done
[2025-04-23T19:27:54.355+0000] {cursor.py:1028} INFO - query: [MERGE INTO MBTA_VEHICLES AS target USING (SELECT 'y1284', '751', 42.336314459, -...]
[2025-04-23T19:27:55.915+0000] {cursor.py:1041} INFO - query execution done
[2025-04-23T19:27:55.998+0000] {cursor.py:1028} INFO - query: [MERGE INTO MBTA_VEHICLES AS target USING (SELECT 'G-10120', 'Green-B', 42.35117,...]
[2025-04-23T20:00:19.275+0000] {cursor.py:1041} INFO - query execution done
[2025-04-23T20:00:19.313+0000] {cursor.py:1028} INFO - query: [MERGE INTO MBTA_VEHICLES AS target USING (SELECT 'R-5482AB81', 'Red', 42.31119, ...]
[2025-04-23T20:00:20.536+0000] {cursor.py:1041} INFO - query execution done
[2025-04-23T20:00:20.572+0000] {cursor.py:1028} INFO - query: [MERGE INTO MBTA_VEHICLES AS target USING (SELECT 'y2041', '110', 42.40863011, -7...]
[2025-04-23T20:00:21.131+0000] {process_utils.py:149} WARNING - process psutil.Process(pid=228, name='airflow task ru', status='sleeping', started='18:45:09') did not respond to SIGTERM. Trying SIGKILL
[2025-04-23T20:00:22.350+0000] {process_utils.py:86} INFO - Sending the signal 9 to group 228
[2025-04-23T20:00:22.841+0000] {process_utils.py:79} INFO - Process psutil.Process(pid=228, name='airflow task ru', status='terminated', exitcode=<Negsignal.SIGKILL: -9>, started='18:45:09') (228) terminated with exit code -9
[2025-04-23T20:00:22.914+0000] {standard_task_runner.py:175} ERROR - Job 513 was killed before it finished (likely due to running out of memory)
