[2025-04-23T02:06:18.186+0000] {taskinstance.py:1956} INFO - Dependencies all met for dep_context=non-requeueable deps ti=<TaskInstance: mbta_kafka_consumer_dag.run_kafka_consumer scheduled__2025-04-23T02:00:00+00:00 [queued]>
[2025-04-23T02:06:18.191+0000] {taskinstance.py:1956} INFO - Dependencies all met for dep_context=requeueable deps ti=<TaskInstance: mbta_kafka_consumer_dag.run_kafka_consumer scheduled__2025-04-23T02:00:00+00:00 [queued]>
[2025-04-23T02:06:18.191+0000] {taskinstance.py:2170} INFO - Starting attempt 1 of 2
[2025-04-23T02:06:18.198+0000] {taskinstance.py:2191} INFO - Executing <Task(PythonOperator): run_kafka_consumer> on 2025-04-23 02:00:00+00:00
[2025-04-23T02:06:18.202+0000] {standard_task_runner.py:60} INFO - Started process 187 to run task
[2025-04-23T02:06:18.206+0000] {standard_task_runner.py:87} INFO - Running: ['***', 'tasks', 'run', 'mbta_kafka_consumer_dag', 'run_kafka_consumer', 'scheduled__2025-04-23T02:00:00+00:00', '--job-id', '346', '--raw', '--subdir', 'DAGS_FOLDER/mbta_kafka_consumer_dag.py', '--cfg-path', '/tmp/tmplw9odjjk']
[2025-04-23T02:06:18.209+0000] {standard_task_runner.py:88} INFO - Job 346: Subtask run_kafka_consumer
[2025-04-23T02:06:18.261+0000] {task_command.py:423} INFO - Running <TaskInstance: mbta_kafka_consumer_dag.run_kafka_consumer scheduled__2025-04-23T02:00:00+00:00 [running]> on host 7e95a07730ab
[2025-04-23T02:06:18.335+0000] {taskinstance.py:2480} INFO - Exporting env vars: AIRFLOW_CTX_DAG_OWNER='***' AIRFLOW_CTX_DAG_ID='mbta_kafka_consumer_dag' AIRFLOW_CTX_TASK_ID='run_kafka_consumer' AIRFLOW_CTX_EXECUTION_DATE='2025-04-23T02:00:00+00:00' AIRFLOW_CTX_TRY_NUMBER='1' AIRFLOW_CTX_DAG_RUN_ID='scheduled__2025-04-23T02:00:00+00:00'
[2025-04-23T02:06:18.336+0000] {connection.py:370} INFO - Snowflake Connector for Python Version: 3.6.0, Python Version: 3.9.18, Platform: Linux-6.10.14-linuxkit-aarch64-with-glibc2.36
[2025-04-23T02:06:18.337+0000] {connection.py:1171} INFO - This connection is in OCSP Fail Open Mode. TLS Certificates would be checked for validity and revocation status. Any other Certificate Revocation related exceptions or OCSP Responder failures would be disregarded in favor of connectivity.
[2025-04-23T02:06:19.049+0000] {mbta_kafka_consumer.py:330} INFO - ✅ Connected to Snowflake successfully.
[2025-04-23T02:06:19.050+0000] {mbta_kafka_consumer.py:429} INFO - 🚀 Starting MBTA Kafka Consumer...
[2025-04-23T02:06:19.053+0000] {conn.py:395} INFO - <BrokerConnection client_id=kafka-python-2.1.5, node_id=bootstrap-0 host=kafka:9092 <connecting> [IPv4 ('172.18.0.4', 9092)]>: connecting to kafka:9092 [('172.18.0.4', 9092) IPv4]
[2025-04-23T02:06:19.076+0000] {conn.py:615} INFO - <BrokerConnection client_id=kafka-python-2.1.5, node_id=bootstrap-0 host=kafka:9092 <checking_api_versions_recv> [IPv4 ('172.18.0.4', 9092)]>: Broker version identified as 2.6
[2025-04-23T02:06:19.077+0000] {conn.py:456} INFO - <BrokerConnection client_id=kafka-python-2.1.5, node_id=bootstrap-0 host=kafka:9092 <connected> [IPv4 ('172.18.0.4', 9092)]>: Connection complete.
[2025-04-23T02:06:19.079+0000] {consumer.py:119} WARNING - group_id is None: disabling auto-commit.
[2025-04-23T02:06:19.079+0000] {subscription_state.py:182} INFO - Updating subscribed topics to: ('mbta_alerts', 'mbta_routes', 'mbta_stops', 'mbta_vehicles', 'mbta_predictions', 'mbta_schedules', 'mbta_lines', 'mbta_facilities')
[2025-04-23T02:06:19.105+0000] {subscription_state.py:254} INFO - Updated partition assignment: [('mbta_vehicles', 0), ('mbta_routes', 0), ('mbta_alerts', 0), ('mbta_stops', 0), ('mbta_lines', 0), ('mbta_predictions', 0), ('mbta_schedules', 0), ('mbta_facilities', 0)]
[2025-04-23T02:06:19.110+0000] {conn.py:395} INFO - <BrokerConnection client_id=kafka-python-2.1.5, node_id=1 host=kafka:9092 <connecting> [IPv4 ('172.18.0.4', 9092)]>: connecting to kafka:9092 [('172.18.0.4', 9092) IPv4]
[2025-04-23T02:06:19.112+0000] {conn.py:456} INFO - <BrokerConnection client_id=kafka-python-2.1.5, node_id=1 host=kafka:9092 <connected> [IPv4 ('172.18.0.4', 9092)]>: Connection complete.
[2025-04-23T02:06:19.112+0000] {conn.py:936} INFO - <BrokerConnection client_id=kafka-python-2.1.5, node_id=bootstrap-0 host=kafka:9092 <connected> [IPv4 ('172.18.0.4', 9092)]>: Closing connection. 
[2025-04-23T02:06:19.822+0000] {mbta_kafka_consumer.py:443} INFO - 📥 Received 335 records from topic: mbta_vehicles
[2025-04-23T02:06:19.843+0000] {mbta_kafka_consumer.py:341} INFO - 🔍 Sample data for MBTA_VEHICLES:
[2025-04-23T02:06:19.844+0000] {mbta_kafka_consumer.py:342} INFO - 
   VEHICLE_ID ROUTE_ID  ...         STATUS                 CREATED_AT
0     G-10268  Green-C  ...     STOPPED_AT 2025-04-23 02:06:19.823215
1  O-5482A351   Orange  ...    INCOMING_AT 2025-04-23 02:06:19.823215
2     G-10015  Green-E  ...     STOPPED_AT 2025-04-23 02:06:19.823215
3       y1619       21  ...  IN_TRANSIT_TO 2025-04-23 02:06:19.823215
4       y1659       30  ...  IN_TRANSIT_TO 2025-04-23 02:06:19.823215

[5 rows x 8 columns]
[2025-04-23T02:06:19.869+0000] {cursor.py:1028} INFO - query: [SELECT * FROM MBTA_VEHICLES WHERE VEHICLE_ID IN ('G-10268','O-5482A351','G-10015...]
[2025-04-23T02:06:20.299+0000] {cursor.py:1041} INFO - query execution done
[2025-04-23T02:06:20.302+0000] {cursor.py:1205} INFO - Number of results in first chunk: 367
[2025-04-23T02:06:20.336+0000] {mbta_kafka_consumer.py:371} INFO - 🔁 367 new/updated records for MBTA_VEHICLES
[2025-04-23T02:06:20.340+0000] {cursor.py:1028} INFO - query: [MERGE INTO MBTA_VEHICLES AS target USING (SELECT 'G-10268' AS VEHICLE_ID, 'Green...]
[2025-04-23T02:06:21.586+0000] {cursor.py:1041} INFO - query execution done
[2025-04-23T02:06:21.597+0000] {cursor.py:1028} INFO - query: [MERGE INTO MBTA_VEHICLES AS target USING (SELECT 'O-5482A351' AS VEHICLE_ID, 'Or...]
[2025-04-23T02:06:22.223+0000] {cursor.py:1041} INFO - query execution done
[2025-04-23T02:06:22.224+0000] {cursor.py:1028} INFO - query: [MERGE INTO MBTA_VEHICLES AS target USING (SELECT 'G-10015' AS VEHICLE_ID, 'Green...]
[2025-04-23T02:06:22.992+0000] {cursor.py:1041} INFO - query execution done
[2025-04-23T02:06:22.995+0000] {cursor.py:1028} INFO - query: [MERGE INTO MBTA_VEHICLES AS target USING (SELECT 'y1619' AS VEHICLE_ID, '21' AS ...]
[2025-04-23T02:06:23.562+0000] {cursor.py:1041} INFO - query execution done
[2025-04-23T02:06:23.563+0000] {cursor.py:1028} INFO - query: [MERGE INTO MBTA_VEHICLES AS target USING (SELECT 'y1659' AS VEHICLE_ID, '30' AS ...]
[2025-04-23T02:06:24.138+0000] {cursor.py:1041} INFO - query execution done
[2025-04-23T02:06:24.140+0000] {cursor.py:1028} INFO - query: [MERGE INTO MBTA_VEHICLES AS target USING (SELECT 'y1709' AS VEHICLE_ID, '32' AS ...]
[2025-04-23T02:06:24.646+0000] {cursor.py:1041} INFO - query execution done
[2025-04-23T02:06:24.647+0000] {cursor.py:1028} INFO - query: [MERGE INTO MBTA_VEHICLES AS target USING (SELECT '1813' AS VEHICLE_ID, 'CR-NewBe...]
[2025-04-23T02:06:25.192+0000] {cursor.py:1041} INFO - query execution done
[2025-04-23T02:06:25.194+0000] {cursor.py:1028} INFO - query: [MERGE INTO MBTA_VEHICLES AS target USING (SELECT 'G-10333' AS VEHICLE_ID, 'Green...]
[2025-04-23T02:06:25.682+0000] {cursor.py:1041} INFO - query execution done
[2025-04-23T02:06:25.683+0000] {cursor.py:1028} INFO - query: [MERGE INTO MBTA_VEHICLES AS target USING (SELECT 'y1945' AS VEHICLE_ID, '111' AS...]
[2025-04-23T02:06:26.409+0000] {cursor.py:1041} INFO - query execution done
[2025-04-23T02:06:26.410+0000] {cursor.py:1028} INFO - query: [MERGE INTO MBTA_VEHICLES AS target USING (SELECT 'y0906' AS VEHICLE_ID, '230' AS...]
[2025-04-23T02:06:27.005+0000] {cursor.py:1041} INFO - query execution done
[2025-04-23T02:06:27.007+0000] {cursor.py:1028} INFO - query: [MERGE INTO MBTA_VEHICLES AS target USING (SELECT 'G-10256' AS VEHICLE_ID, 'Green...]
[2025-04-23T02:06:27.535+0000] {cursor.py:1041} INFO - query execution done
[2025-04-23T02:06:27.536+0000] {cursor.py:1028} INFO - query: [MERGE INTO MBTA_VEHICLES AS target USING (SELECT 'y1284' AS VEHICLE_ID, '751' AS...]
[2025-04-23T02:06:28.135+0000] {cursor.py:1041} INFO - query execution done
[2025-04-23T02:06:28.137+0000] {cursor.py:1028} INFO - query: [MERGE INTO MBTA_VEHICLES AS target USING (SELECT 'G-10238' AS VEHICLE_ID, 'Green...]
[2025-04-23T02:06:28.678+0000] {cursor.py:1041} INFO - query execution done
[2025-04-23T02:06:28.679+0000] {cursor.py:1028} INFO - query: [MERGE INTO MBTA_VEHICLES AS target USING (SELECT 'y3327' AS VEHICLE_ID, '119' AS...]
[2025-04-23T02:06:29.283+0000] {cursor.py:1041} INFO - query execution done
[2025-04-23T02:06:29.285+0000] {cursor.py:1028} INFO - query: [MERGE INTO MBTA_VEHICLES AS target USING (SELECT 'G-10120' AS VEHICLE_ID, 'Green...]
[2025-04-23T02:06:29.849+0000] {cursor.py:1041} INFO - query execution done
[2025-04-23T02:06:29.849+0000] {cursor.py:1028} INFO - query: [MERGE INTO MBTA_VEHICLES AS target USING (SELECT 'R-5482AB81' AS VEHICLE_ID, 'Re...]
[2025-04-23T02:06:30.427+0000] {cursor.py:1041} INFO - query execution done
[2025-04-23T02:06:30.428+0000] {cursor.py:1028} INFO - query: [MERGE INTO MBTA_VEHICLES AS target USING (SELECT 'y2058' AS VEHICLE_ID, '89' AS ...]
[2025-04-23T02:06:31.035+0000] {cursor.py:1041} INFO - query execution done
[2025-04-23T02:06:31.035+0000] {cursor.py:1028} INFO - query: [MERGE INTO MBTA_VEHICLES AS target USING (SELECT 'y1815' AS VEHICLE_ID, '1' AS R...]
[2025-04-23T02:06:31.850+0000] {cursor.py:1041} INFO - query execution done
[2025-04-23T02:06:31.851+0000] {cursor.py:1028} INFO - query: [MERGE INTO MBTA_VEHICLES AS target USING (SELECT 'y1815' AS VEHICLE_ID, '1' AS R...]
[2025-04-23T02:06:32.427+0000] {cursor.py:1041} INFO - query execution done
[2025-04-23T02:06:32.428+0000] {cursor.py:1028} INFO - query: [MERGE INTO MBTA_VEHICLES AS target USING (SELECT 'y1815' AS VEHICLE_ID, '1' AS R...]
[2025-04-23T02:06:32.981+0000] {cursor.py:1041} INFO - query execution done
[2025-04-23T02:06:32.983+0000] {cursor.py:1028} INFO - query: [MERGE INTO MBTA_VEHICLES AS target USING (SELECT 'y1815' AS VEHICLE_ID, '1' AS R...]
[2025-04-23T02:06:33.510+0000] {cursor.py:1041} INFO - query execution done
[2025-04-23T02:06:33.511+0000] {cursor.py:1028} INFO - query: [MERGE INTO MBTA_VEHICLES AS target USING (SELECT 'y1815' AS VEHICLE_ID, '1' AS R...]
[2025-04-23T02:06:34.206+0000] {cursor.py:1041} INFO - query execution done
[2025-04-23T02:06:34.209+0000] {cursor.py:1028} INFO - query: [MERGE INTO MBTA_VEHICLES AS target USING (SELECT 'y1815' AS VEHICLE_ID, '1' AS R...]
[2025-04-23T02:06:34.766+0000] {cursor.py:1041} INFO - query execution done
[2025-04-23T02:06:34.768+0000] {cursor.py:1028} INFO - query: [MERGE INTO MBTA_VEHICLES AS target USING (SELECT 'y1815' AS VEHICLE_ID, '1' AS R...]
[2025-04-23T02:06:35.331+0000] {cursor.py:1041} INFO - query execution done
[2025-04-23T02:06:35.333+0000] {cursor.py:1028} INFO - query: [MERGE INTO MBTA_VEHICLES AS target USING (SELECT 'y1815' AS VEHICLE_ID, '1' AS R...]
[2025-04-23T02:06:35.836+0000] {cursor.py:1041} INFO - query execution done
[2025-04-23T02:06:35.837+0000] {cursor.py:1028} INFO - query: [MERGE INTO MBTA_VEHICLES AS target USING (SELECT 'y1815' AS VEHICLE_ID, '1' AS R...]
[2025-04-23T02:06:36.410+0000] {cursor.py:1041} INFO - query execution done
[2025-04-23T02:06:36.411+0000] {cursor.py:1028} INFO - query: [MERGE INTO MBTA_VEHICLES AS target USING (SELECT 'y1815' AS VEHICLE_ID, '1' AS R...]
[2025-04-23T02:06:36.952+0000] {cursor.py:1041} INFO - query execution done
[2025-04-23T02:06:36.954+0000] {cursor.py:1028} INFO - query: [MERGE INTO MBTA_VEHICLES AS target USING (SELECT 'y1815' AS VEHICLE_ID, '1' AS R...]
[2025-04-23T02:06:37.446+0000] {cursor.py:1041} INFO - query execution done
[2025-04-23T02:06:37.447+0000] {cursor.py:1028} INFO - query: [MERGE INTO MBTA_VEHICLES AS target USING (SELECT 'y1815' AS VEHICLE_ID, '1' AS R...]
[2025-04-23T02:06:37.976+0000] {cursor.py:1041} INFO - query execution done
[2025-04-23T02:06:37.977+0000] {cursor.py:1028} INFO - query: [MERGE INTO MBTA_VEHICLES AS target USING (SELECT 'y1815' AS VEHICLE_ID, '1' AS R...]
[2025-04-23T02:06:38.570+0000] {cursor.py:1041} INFO - query execution done
[2025-04-23T02:06:38.571+0000] {cursor.py:1028} INFO - query: [MERGE INTO MBTA_VEHICLES AS target USING (SELECT 'y1815' AS VEHICLE_ID, '1' AS R...]
[2025-04-23T02:06:39.200+0000] {cursor.py:1041} INFO - query execution done
[2025-04-23T02:06:39.202+0000] {cursor.py:1028} INFO - query: [MERGE INTO MBTA_VEHICLES AS target USING (SELECT 'y1815' AS VEHICLE_ID, '1' AS R...]
[2025-04-23T02:06:39.798+0000] {cursor.py:1041} INFO - query execution done
[2025-04-23T02:06:39.800+0000] {cursor.py:1028} INFO - query: [MERGE INTO MBTA_VEHICLES AS target USING (SELECT 'y1815' AS VEHICLE_ID, '1' AS R...]
[2025-04-23T02:06:40.358+0000] {cursor.py:1041} INFO - query execution done
[2025-04-23T02:06:40.361+0000] {cursor.py:1028} INFO - query: [MERGE INTO MBTA_VEHICLES AS target USING (SELECT 'y1815' AS VEHICLE_ID, '1' AS R...]
[2025-04-23T02:06:40.924+0000] {cursor.py:1041} INFO - query execution done
[2025-04-23T02:06:40.926+0000] {cursor.py:1028} INFO - query: [MERGE INTO MBTA_VEHICLES AS target USING (SELECT 'R-54829A82' AS VEHICLE_ID, 'Re...]
[2025-04-23T02:06:41.483+0000] {cursor.py:1041} INFO - query execution done
[2025-04-23T02:06:41.484+0000] {cursor.py:1028} INFO - query: [MERGE INTO MBTA_VEHICLES AS target USING (SELECT 'y2041' AS VEHICLE_ID, '137' AS...]
[2025-04-23T02:06:42.067+0000] {cursor.py:1041} INFO - query execution done
[2025-04-23T02:06:42.069+0000] {cursor.py:1028} INFO - query: [MERGE INTO MBTA_VEHICLES AS target USING (SELECT 'y1606' AS VEHICLE_ID, '51' AS ...]
[2025-04-23T02:06:42.588+0000] {cursor.py:1041} INFO - query execution done
[2025-04-23T02:06:42.590+0000] {cursor.py:1028} INFO - query: [MERGE INTO MBTA_VEHICLES AS target USING (SELECT 'G-10315' AS VEHICLE_ID, 'Green...]
[2025-04-23T02:06:43.128+0000] {cursor.py:1041} INFO - query execution done
[2025-04-23T02:06:43.130+0000] {cursor.py:1028} INFO - query: [MERGE INTO MBTA_VEHICLES AS target USING (SELECT 'R-5482AA90' AS VEHICLE_ID, 'Re...]
[2025-04-23T02:06:43.763+0000] {cursor.py:1041} INFO - query execution done
[2025-04-23T02:06:43.765+0000] {cursor.py:1028} INFO - query: [MERGE INTO MBTA_VEHICLES AS target USING (SELECT 'R-5482A2DC' AS VEHICLE_ID, 'Re...]
[2025-04-23T02:06:44.311+0000] {cursor.py:1041} INFO - query execution done
[2025-04-23T02:06:44.313+0000] {cursor.py:1028} INFO - query: [MERGE INTO MBTA_VEHICLES AS target USING (SELECT 'y1972' AS VEHICLE_ID, '111' AS...]
[2025-04-23T02:06:44.838+0000] {cursor.py:1041} INFO - query execution done
[2025-04-23T02:06:44.840+0000] {cursor.py:1028} INFO - query: [MERGE INTO MBTA_VEHICLES AS target USING (SELECT 'ynk257' AS VEHICLE_ID, 'Shuttl...]
[2025-04-23T02:06:45.356+0000] {cursor.py:1041} INFO - query execution done
[2025-04-23T02:06:45.358+0000] {cursor.py:1028} INFO - query: [MERGE INTO MBTA_VEHICLES AS target USING (SELECT '1843' AS VEHICLE_ID, 'CR-Frank...]
[2025-04-23T02:06:45.962+0000] {cursor.py:1041} INFO - query execution done
[2025-04-23T02:06:45.962+0000] {cursor.py:1028} INFO - query: [MERGE INTO MBTA_VEHICLES AS target USING (SELECT 'G-10394' AS VEHICLE_ID, 'Green...]
[2025-04-23T02:06:46.516+0000] {cursor.py:1041} INFO - query execution done
[2025-04-23T02:06:46.518+0000] {cursor.py:1028} INFO - query: [MERGE INTO MBTA_VEHICLES AS target USING (SELECT 'y3329' AS VEHICLE_ID, '426' AS...]
[2025-04-23T02:06:47.084+0000] {cursor.py:1041} INFO - query execution done
[2025-04-23T02:06:47.086+0000] {cursor.py:1028} INFO - query: [MERGE INTO MBTA_VEHICLES AS target USING (SELECT 'y3348' AS VEHICLE_ID, '116' AS...]
[2025-04-23T02:06:47.637+0000] {cursor.py:1041} INFO - query execution done
[2025-04-23T02:06:47.639+0000] {cursor.py:1028} INFO - query: [MERGE INTO MBTA_VEHICLES AS target USING (SELECT 'y1829' AS VEHICLE_ID, '22' AS ...]
[2025-04-23T02:06:48.202+0000] {cursor.py:1041} INFO - query execution done
[2025-04-23T02:06:48.204+0000] {cursor.py:1028} INFO - query: [MERGE INTO MBTA_VEHICLES AS target USING (SELECT 'y2090' AS VEHICLE_ID, '104' AS...]
[2025-04-23T02:06:48.741+0000] {cursor.py:1041} INFO - query execution done
[2025-04-23T02:06:48.749+0000] {cursor.py:1028} INFO - query: [MERGE INTO MBTA_VEHICLES AS target USING (SELECT 'y1941' AS VEHICLE_ID, '111' AS...]
[2025-04-23T02:06:49.356+0000] {cursor.py:1041} INFO - query execution done
[2025-04-23T02:06:49.359+0000] {cursor.py:1028} INFO - query: [MERGE INTO MBTA_VEHICLES AS target USING (SELECT 'R-5482AC4E' AS VEHICLE_ID, 'Re...]
[2025-04-23T02:06:49.921+0000] {cursor.py:1041} INFO - query execution done
[2025-04-23T02:06:49.923+0000] {cursor.py:1028} INFO - query: [MERGE INTO MBTA_VEHICLES AS target USING (SELECT 'G-10060' AS VEHICLE_ID, 'Green...]
[2025-04-23T02:06:50.418+0000] {cursor.py:1041} INFO - query execution done
[2025-04-23T02:06:50.420+0000] {cursor.py:1028} INFO - query: [MERGE INTO MBTA_VEHICLES AS target USING (SELECT 'G-10046' AS VEHICLE_ID, 'Green...]
[2025-04-23T02:06:51.010+0000] {cursor.py:1041} INFO - query execution done
[2025-04-23T02:06:51.012+0000] {cursor.py:1028} INFO - query: [MERGE INTO MBTA_VEHICLES AS target USING (SELECT 'G-10392' AS VEHICLE_ID, 'Green...]
[2025-04-23T02:06:51.642+0000] {cursor.py:1041} INFO - query execution done
[2025-04-23T02:06:51.642+0000] {cursor.py:1028} INFO - query: [MERGE INTO MBTA_VEHICLES AS target USING (SELECT 'y0763' AS VEHICLE_ID, '225' AS...]
[2025-04-23T02:06:52.110+0000] {cursor.py:1041} INFO - query execution done
[2025-04-23T02:06:52.112+0000] {cursor.py:1028} INFO - query: [MERGE INTO MBTA_VEHICLES AS target USING (SELECT 'y1431' AS VEHICLE_ID, '116' AS...]
[2025-04-23T02:06:52.804+0000] {cursor.py:1041} INFO - query execution done
[2025-04-23T02:06:52.805+0000] {cursor.py:1028} INFO - query: [MERGE INTO MBTA_VEHICLES AS target USING (SELECT 'y2021' AS VEHICLE_ID, '80' AS ...]
[2025-04-23T02:06:53.286+0000] {cursor.py:1041} INFO - query execution done
[2025-04-23T02:06:53.288+0000] {cursor.py:1028} INFO - query: [MERGE INTO MBTA_VEHICLES AS target USING (SELECT 'y1831' AS VEHICLE_ID, '1' AS R...]
[2025-04-23T02:06:53.832+0000] {cursor.py:1041} INFO - query execution done
[2025-04-23T02:06:53.833+0000] {cursor.py:1028} INFO - query: [MERGE INTO MBTA_VEHICLES AS target USING (SELECT 'G-10057' AS VEHICLE_ID, 'Green...]
[2025-04-23T02:06:54.317+0000] {cursor.py:1041} INFO - query execution done
[2025-04-23T02:06:54.319+0000] {cursor.py:1028} INFO - query: [MERGE INTO MBTA_VEHICLES AS target USING (SELECT 'y0827' AS VEHICLE_ID, '238' AS...]
[2025-04-23T02:06:55.960+0000] {cursor.py:1041} INFO - query execution done
[2025-04-23T02:06:55.961+0000] {cursor.py:1028} INFO - query: [MERGE INTO MBTA_VEHICLES AS target USING (SELECT '1860' AS VEHICLE_ID, 'CR-Green...]
[2025-04-23T02:06:56.521+0000] {cursor.py:1041} INFO - query execution done
[2025-04-23T02:06:56.522+0000] {cursor.py:1028} INFO - query: [MERGE INTO MBTA_VEHICLES AS target USING (SELECT 'y1717' AS VEHICLE_ID, '36' AS ...]
[2025-04-23T02:06:57.068+0000] {cursor.py:1041} INFO - query execution done
[2025-04-23T02:06:57.069+0000] {cursor.py:1028} INFO - query: [MERGE INTO MBTA_VEHICLES AS target USING (SELECT 'y1256' AS VEHICLE_ID, '28' AS ...]
[2025-04-23T02:06:57.605+0000] {cursor.py:1041} INFO - query execution done
[2025-04-23T02:06:57.606+0000] {cursor.py:1028} INFO - query: [MERGE INTO MBTA_VEHICLES AS target USING (SELECT 'y2081' AS VEHICLE_ID, '73' AS ...]
[2025-04-23T02:06:58.216+0000] {cursor.py:1041} INFO - query execution done
[2025-04-23T02:06:58.217+0000] {cursor.py:1028} INFO - query: [MERGE INTO MBTA_VEHICLES AS target USING (SELECT 'y1808' AS VEHICLE_ID, '15' AS ...]
[2025-04-23T02:06:58.745+0000] {cursor.py:1041} INFO - query execution done
[2025-04-23T02:06:58.745+0000] {cursor.py:1028} INFO - query: [MERGE INTO MBTA_VEHICLES AS target USING (SELECT 'y1689' AS VEHICLE_ID, '31' AS ...]
[2025-04-23T02:06:59.392+0000] {cursor.py:1041} INFO - query execution done
[2025-04-23T02:06:59.393+0000] {cursor.py:1028} INFO - query: [MERGE INTO MBTA_VEHICLES AS target USING (SELECT 'B-5482AB0A' AS VEHICLE_ID, 'Bl...]
[2025-04-23T02:07:00.019+0000] {cursor.py:1041} INFO - query execution done
[2025-04-23T02:07:00.020+0000] {cursor.py:1028} INFO - query: [MERGE INTO MBTA_VEHICLES AS target USING (SELECT 'y0802' AS VEHICLE_ID, '201' AS...]
[2025-04-23T02:07:00.672+0000] {cursor.py:1041} INFO - query execution done
[2025-04-23T02:07:00.673+0000] {cursor.py:1028} INFO - query: [MERGE INTO MBTA_VEHICLES AS target USING (SELECT 'y1645' AS VEHICLE_ID, '21' AS ...]
[2025-04-23T02:07:01.148+0000] {cursor.py:1041} INFO - query execution done
[2025-04-23T02:07:01.149+0000] {cursor.py:1028} INFO - query: [MERGE INTO MBTA_VEHICLES AS target USING (SELECT 'y0809' AS VEHICLE_ID, '215' AS...]
[2025-04-23T02:07:01.708+0000] {cursor.py:1041} INFO - query execution done
[2025-04-23T02:07:01.708+0000] {cursor.py:1028} INFO - query: [MERGE INTO MBTA_VEHICLES AS target USING (SELECT 'y1272' AS VEHICLE_ID, '28' AS ...]
[2025-04-23T02:07:02.195+0000] {cursor.py:1041} INFO - query execution done
[2025-04-23T02:07:02.196+0000] {cursor.py:1028} INFO - query: [MERGE INTO MBTA_VEHICLES AS target USING (SELECT 'y0818' AS VEHICLE_ID, '240' AS...]
[2025-04-23T02:07:02.710+0000] {cursor.py:1041} INFO - query execution done
[2025-04-23T02:07:02.713+0000] {cursor.py:1028} INFO - query: [MERGE INTO MBTA_VEHICLES AS target USING (SELECT 'y1823' AS VEHICLE_ID, '1' AS R...]
[2025-04-23T02:07:03.263+0000] {cursor.py:1041} INFO - query execution done
[2025-04-23T02:07:03.264+0000] {cursor.py:1028} INFO - query: [MERGE INTO MBTA_VEHICLES AS target USING (SELECT '1814' AS VEHICLE_ID, 'CR-Newbu...]
[2025-04-23T02:07:03.858+0000] {cursor.py:1041} INFO - query execution done
[2025-04-23T02:07:03.859+0000] {cursor.py:1028} INFO - query: [MERGE INTO MBTA_VEHICLES AS target USING (SELECT 'G-10420' AS VEHICLE_ID, 'Green...]
[2025-04-23T02:07:04.346+0000] {cursor.py:1041} INFO - query execution done
[2025-04-23T02:07:04.347+0000] {cursor.py:1028} INFO - query: [MERGE INTO MBTA_VEHICLES AS target USING (SELECT 'y1989' AS VEHICLE_ID, '104' AS...]
[2025-04-23T02:07:04.913+0000] {cursor.py:1041} INFO - query execution done
[2025-04-23T02:07:04.913+0000] {cursor.py:1028} INFO - query: [MERGE INTO MBTA_VEHICLES AS target USING (SELECT 'G-10163' AS VEHICLE_ID, 'Green...]
[2025-04-23T02:07:05.448+0000] {cursor.py:1041} INFO - query execution done
[2025-04-23T02:07:05.448+0000] {cursor.py:1028} INFO - query: [MERGE INTO MBTA_VEHICLES AS target USING (SELECT 'G-10014' AS VEHICLE_ID, 'Green...]
[2025-04-23T02:07:06.024+0000] {cursor.py:1041} INFO - query execution done
[2025-04-23T02:07:06.028+0000] {cursor.py:1028} INFO - query: [MERGE INTO MBTA_VEHICLES AS target USING (SELECT 'y3337' AS VEHICLE_ID, '116' AS...]
[2025-04-23T02:07:06.552+0000] {cursor.py:1041} INFO - query execution done
[2025-04-23T02:07:06.552+0000] {cursor.py:1028} INFO - query: [MERGE INTO MBTA_VEHICLES AS target USING (SELECT 'y2047' AS VEHICLE_ID, '83' AS ...]
[2025-04-23T02:07:07.083+0000] {cursor.py:1041} INFO - query execution done
[2025-04-23T02:07:07.086+0000] {cursor.py:1028} INFO - query: [MERGE INTO MBTA_VEHICLES AS target USING (SELECT 'G-10161' AS VEHICLE_ID, 'Green...]
[2025-04-23T02:07:07.667+0000] {cursor.py:1041} INFO - query execution done
[2025-04-23T02:07:07.671+0000] {cursor.py:1028} INFO - query: [MERGE INTO MBTA_VEHICLES AS target USING (SELECT 'y2065' AS VEHICLE_ID, '106' AS...]
[2025-04-23T02:07:08.324+0000] {cursor.py:1041} INFO - query execution done
[2025-04-23T02:07:08.331+0000] {cursor.py:1028} INFO - query: [MERGE INTO MBTA_VEHICLES AS target USING (SELECT 'y1681' AS VEHICLE_ID, '32' AS ...]
[2025-04-23T02:07:08.832+0000] {cursor.py:1041} INFO - query execution done
[2025-04-23T02:07:08.834+0000] {cursor.py:1028} INFO - query: [MERGE INTO MBTA_VEHICLES AS target USING (SELECT 'y1925' AS VEHICLE_ID, '110' AS...]
[2025-04-23T02:07:09.535+0000] {cursor.py:1041} INFO - query execution done
[2025-04-23T02:07:09.549+0000] {cursor.py:1028} INFO - query: [MERGE INTO MBTA_VEHICLES AS target USING (SELECT 'G-10411' AS VEHICLE_ID, 'Green...]
[2025-04-23T02:07:10.240+0000] {cursor.py:1041} INFO - query execution done
[2025-04-23T02:07:10.240+0000] {cursor.py:1028} INFO - query: [MERGE INTO MBTA_VEHICLES AS target USING (SELECT 'O-5482A811' AS VEHICLE_ID, 'Or...]
[2025-04-23T02:07:10.816+0000] {cursor.py:1041} INFO - query execution done
[2025-04-23T02:07:10.818+0000] {cursor.py:1028} INFO - query: [MERGE INTO MBTA_VEHICLES AS target USING (SELECT 'y1750' AS VEHICLE_ID, '22' AS ...]
[2025-04-23T02:07:11.748+0000] {cursor.py:1041} INFO - query execution done
[2025-04-23T02:07:11.749+0000] {cursor.py:1028} INFO - query: [MERGE INTO MBTA_VEHICLES AS target USING (SELECT 'y3001' AS VEHICLE_ID, '713' AS...]
[2025-04-23T02:07:12.325+0000] {cursor.py:1041} INFO - query execution done
[2025-04-23T02:07:12.325+0000] {cursor.py:1028} INFO - query: [MERGE INTO MBTA_VEHICLES AS target USING (SELECT 'y1858' AS VEHICLE_ID, '60' AS ...]
[2025-04-23T02:07:12.936+0000] {cursor.py:1041} INFO - query execution done
[2025-04-23T02:07:12.936+0000] {cursor.py:1028} INFO - query: [MERGE INTO MBTA_VEHICLES AS target USING (SELECT 'G-10310' AS VEHICLE_ID, 'Green...]
[2025-04-23T02:07:13.562+0000] {cursor.py:1041} INFO - query execution done
[2025-04-23T02:07:13.563+0000] {cursor.py:1028} INFO - query: [MERGE INTO MBTA_VEHICLES AS target USING (SELECT 'O-5482AAB0' AS VEHICLE_ID, 'Or...]
[2025-04-23T02:07:14.139+0000] {cursor.py:1041} INFO - query execution done
[2025-04-23T02:07:14.140+0000] {cursor.py:1028} INFO - query: [MERGE INTO MBTA_VEHICLES AS target USING (SELECT 'R-54828E9A' AS VEHICLE_ID, 'Re...]
[2025-04-23T02:07:14.646+0000] {cursor.py:1041} INFO - query execution done
[2025-04-23T02:07:14.648+0000] {cursor.py:1028} INFO - query: [MERGE INTO MBTA_VEHICLES AS target USING (SELECT 'y1323' AS VEHICLE_ID, '743' AS...]
[2025-04-23T02:07:15.288+0000] {cursor.py:1041} INFO - query execution done
[2025-04-23T02:07:15.289+0000] {cursor.py:1028} INFO - query: [MERGE INTO MBTA_VEHICLES AS target USING (SELECT 'y3323' AS VEHICLE_ID, '116' AS...]
[2025-04-23T02:07:15.817+0000] {cursor.py:1041} INFO - query execution done
[2025-04-23T02:07:15.818+0000] {cursor.py:1028} INFO - query: [MERGE INTO MBTA_VEHICLES AS target USING (SELECT 'y0785' AS VEHICLE_ID, '216' AS...]
[2025-04-23T02:07:16.363+0000] {cursor.py:1041} INFO - query execution done
[2025-04-23T02:07:16.363+0000] {cursor.py:1028} INFO - query: [MERGE INTO MBTA_VEHICLES AS target USING (SELECT 'y1961' AS VEHICLE_ID, '89' AS ...]
[2025-04-23T02:07:16.972+0000] {cursor.py:1041} INFO - query execution done
[2025-04-23T02:07:16.973+0000] {cursor.py:1028} INFO - query: [MERGE INTO MBTA_VEHICLES AS target USING (SELECT 'R-5482A905' AS VEHICLE_ID, 'Re...]
[2025-04-23T02:07:17.766+0000] {cursor.py:1041} INFO - query execution done
[2025-04-23T02:07:17.767+0000] {cursor.py:1028} INFO - query: [MERGE INTO MBTA_VEHICLES AS target USING (SELECT 'y1915' AS VEHICLE_ID, '15' AS ...]
[2025-04-23T02:07:18.372+0000] {cursor.py:1041} INFO - query execution done
[2025-04-23T02:07:18.489+0000] {cursor.py:1028} INFO - query: [MERGE INTO MBTA_VEHICLES AS target USING (SELECT 'y1437' AS VEHICLE_ID, '120' AS...]
[2025-04-23T02:07:19.060+0000] {cursor.py:1041} INFO - query execution done
[2025-04-23T02:07:19.061+0000] {cursor.py:1028} INFO - query: [MERGE INTO MBTA_VEHICLES AS target USING (SELECT 'y0806' AS VEHICLE_ID, '226' AS...]
[2025-04-23T02:07:19.591+0000] {cursor.py:1041} INFO - query execution done
[2025-04-23T02:07:19.592+0000] {cursor.py:1028} INFO - query: [MERGE INTO MBTA_VEHICLES AS target USING (SELECT 'y2083' AS VEHICLE_ID, '74' AS ...]
[2025-04-23T02:07:20.171+0000] {cursor.py:1041} INFO - query execution done
[2025-04-23T02:07:20.172+0000] {cursor.py:1028} INFO - query: [MERGE INTO MBTA_VEHICLES AS target USING (SELECT 'y3157' AS VEHICLE_ID, '86' AS ...]
[2025-04-23T02:07:20.721+0000] {cursor.py:1041} INFO - query execution done
[2025-04-23T02:07:20.725+0000] {cursor.py:1028} INFO - query: [MERGE INTO MBTA_VEHICLES AS target USING (SELECT '1705' AS VEHICLE_ID, 'CR-Haver...]
[2025-04-23T02:07:21.225+0000] {cursor.py:1041} INFO - query execution done
[2025-04-23T02:07:21.226+0000] {cursor.py:1028} INFO - query: [MERGE INTO MBTA_VEHICLES AS target USING (SELECT 'y3325' AS VEHICLE_ID, '435' AS...]
[2025-04-23T02:07:21.807+0000] {cursor.py:1041} INFO - query execution done
[2025-04-23T02:07:21.811+0000] {cursor.py:1028} INFO - query: [MERGE INTO MBTA_VEHICLES AS target USING (SELECT 'y1881' AS VEHICLE_ID, '1' AS R...]
[2025-04-23T02:07:22.346+0000] {cursor.py:1041} INFO - query execution done
[2025-04-23T02:07:22.347+0000] {cursor.py:1028} INFO - query: [MERGE INTO MBTA_VEHICLES AS target USING (SELECT 'y2067' AS VEHICLE_ID, '350' AS...]
[2025-04-23T02:07:22.960+0000] {cursor.py:1041} INFO - query execution done
[2025-04-23T02:07:22.963+0000] {cursor.py:1028} INFO - query: [MERGE INTO MBTA_VEHICLES AS target USING (SELECT 'y1932' AS VEHICLE_ID, '137' AS...]
[2025-04-23T02:07:23.619+0000] {cursor.py:1041} INFO - query execution done
[2025-04-23T02:07:23.620+0000] {cursor.py:1028} INFO - query: [MERGE INTO MBTA_VEHICLES AS target USING (SELECT 'G-10342' AS VEHICLE_ID, 'Green...]
[2025-04-23T02:07:24.209+0000] {cursor.py:1041} INFO - query execution done
[2025-04-23T02:07:24.210+0000] {cursor.py:1028} INFO - query: [MERGE INTO MBTA_VEHICLES AS target USING (SELECT 'y2011' AS VEHICLE_ID, '73' AS ...]
[2025-04-23T02:07:24.754+0000] {cursor.py:1041} INFO - query execution done
[2025-04-23T02:07:24.755+0000] {cursor.py:1028} INFO - query: [MERGE INTO MBTA_VEHICLES AS target USING (SELECT 'y1281' AS VEHICLE_ID, '751' AS...]
[2025-04-23T02:07:25.360+0000] {cursor.py:1041} INFO - query execution done
[2025-04-23T02:07:25.361+0000] {cursor.py:1028} INFO - query: [MERGE INTO MBTA_VEHICLES AS target USING (SELECT 'y1971' AS VEHICLE_ID, '70' AS ...]
[2025-04-23T02:07:25.898+0000] {cursor.py:1041} INFO - query execution done
[2025-04-23T02:07:25.900+0000] {cursor.py:1028} INFO - query: [MERGE INTO MBTA_VEHICLES AS target USING (SELECT 'y2095' AS VEHICLE_ID, '104' AS...]
[2025-04-23T02:07:26.460+0000] {cursor.py:1041} INFO - query execution done
[2025-04-23T02:07:26.461+0000] {cursor.py:1028} INFO - query: [MERGE INTO MBTA_VEHICLES AS target USING (SELECT 'y1206' AS VEHICLE_ID, '39' AS ...]
[2025-04-23T02:07:27.069+0000] {cursor.py:1041} INFO - query execution done
[2025-04-23T02:07:27.071+0000] {cursor.py:1028} INFO - query: [MERGE INTO MBTA_VEHICLES AS target USING (SELECT 'G-10309' AS VEHICLE_ID, 'Green...]
[2025-04-23T02:07:27.602+0000] {cursor.py:1041} INFO - query execution done
[2025-04-23T02:07:27.604+0000] {cursor.py:1028} INFO - query: [MERGE INTO MBTA_VEHICLES AS target USING (SELECT 'y2014' AS VEHICLE_ID, '110' AS...]
[2025-04-23T02:07:28.207+0000] {cursor.py:1041} INFO - query execution done
[2025-04-23T02:07:28.208+0000] {cursor.py:1028} INFO - query: [MERGE INTO MBTA_VEHICLES AS target USING (SELECT 'y0817' AS VEHICLE_ID, '215' AS...]
[2025-04-23T02:07:28.768+0000] {cursor.py:1041} INFO - query execution done
[2025-04-23T02:07:28.770+0000] {cursor.py:1028} INFO - query: [MERGE INTO MBTA_VEHICLES AS target USING (SELECT 'G-10164' AS VEHICLE_ID, 'Green...]
[2025-04-23T02:07:30.203+0000] {cursor.py:1041} INFO - query execution done
[2025-04-23T02:07:30.212+0000] {cursor.py:1028} INFO - query: [MERGE INTO MBTA_VEHICLES AS target USING (SELECT 'y3302' AS VEHICLE_ID, '435' AS...]
[2025-04-23T02:07:30.767+0000] {cursor.py:1041} INFO - query execution done
[2025-04-23T02:07:30.769+0000] {cursor.py:1028} INFO - query: [MERGE INTO MBTA_VEHICLES AS target USING (SELECT 'y1865' AS VEHICLE_ID, '10' AS ...]
[2025-04-23T02:07:31.346+0000] {cursor.py:1041} INFO - query execution done
[2025-04-23T02:07:31.348+0000] {cursor.py:1028} INFO - query: [MERGE INTO MBTA_VEHICLES AS target USING (SELECT 'y1650' AS VEHICLE_ID, '29' AS ...]
[2025-04-23T02:07:31.923+0000] {cursor.py:1041} INFO - query execution done
[2025-04-23T02:07:31.925+0000] {cursor.py:1028} INFO - query: [MERGE INTO MBTA_VEHICLES AS target USING (SELECT '1826' AS VEHICLE_ID, 'CR-Fitch...]
[2025-04-23T02:07:32.440+0000] {cursor.py:1041} INFO - query execution done
[2025-04-23T02:07:32.442+0000] {cursor.py:1028} INFO - query: [MERGE INTO MBTA_VEHICLES AS target USING (SELECT 'y1903' AS VEHICLE_ID, '66' AS ...]
[2025-04-23T02:07:32.985+0000] {cursor.py:1041} INFO - query execution done
[2025-04-23T02:07:32.987+0000] {cursor.py:1028} INFO - query: [MERGE INTO MBTA_VEHICLES AS target USING (SELECT '1707' AS VEHICLE_ID, 'CR-Newbu...]
[2025-04-23T02:07:33.528+0000] {cursor.py:1041} INFO - query execution done
[2025-04-23T02:07:33.553+0000] {cursor.py:1028} INFO - query: [MERGE INTO MBTA_VEHICLES AS target USING (SELECT 'y1634' AS VEHICLE_ID, '32' AS ...]
[2025-04-23T02:07:34.039+0000] {cursor.py:1041} INFO - query execution done
[2025-04-23T02:07:34.041+0000] {cursor.py:1028} INFO - query: [MERGE INTO MBTA_VEHICLES AS target USING (SELECT 'O-5482A813' AS VEHICLE_ID, 'Or...]
[2025-04-23T02:07:34.608+0000] {cursor.py:1041} INFO - query execution done
[2025-04-23T02:07:34.613+0000] {cursor.py:1028} INFO - query: [MERGE INTO MBTA_VEHICLES AS target USING (SELECT 'y1845' AS VEHICLE_ID, '16' AS ...]
[2025-04-23T02:07:35.090+0000] {cursor.py:1041} INFO - query execution done
[2025-04-23T02:07:35.093+0000] {cursor.py:1028} INFO - query: [MERGE INTO MBTA_VEHICLES AS target USING (SELECT 'y3005' AS VEHICLE_ID, '713' AS...]
[2025-04-23T02:07:35.807+0000] {cursor.py:1041} INFO - query execution done
[2025-04-23T02:07:35.808+0000] {cursor.py:1028} INFO - query: [MERGE INTO MBTA_VEHICLES AS target USING (SELECT '1807' AS VEHICLE_ID, 'CR-Newbu...]
[2025-04-23T02:07:36.422+0000] {cursor.py:1041} INFO - query execution done
[2025-04-23T02:07:36.423+0000] {cursor.py:1028} INFO - query: [MERGE INTO MBTA_VEHICLES AS target USING (SELECT 'G-10419' AS VEHICLE_ID, 'Green...]
[2025-04-23T02:07:37.018+0000] {cursor.py:1041} INFO - query execution done
[2025-04-23T02:07:37.018+0000] {cursor.py:1028} INFO - query: [MERGE INTO MBTA_VEHICLES AS target USING (SELECT 'y2106' AS VEHICLE_ID, '134' AS...]
[2025-04-23T02:07:37.606+0000] {cursor.py:1041} INFO - query execution done
[2025-04-23T02:07:37.608+0000] {cursor.py:1028} INFO - query: [MERGE INTO MBTA_VEHICLES AS target USING (SELECT 'y3130' AS VEHICLE_ID, '109' AS...]
[2025-04-23T02:07:38.109+0000] {cursor.py:1041} INFO - query execution done
[2025-04-23T02:07:38.110+0000] {cursor.py:1028} INFO - query: [MERGE INTO MBTA_VEHICLES AS target USING (SELECT 'y3316' AS VEHICLE_ID, '442' AS...]
[2025-04-23T02:07:38.680+0000] {cursor.py:1041} INFO - query execution done
[2025-04-23T02:07:38.681+0000] {cursor.py:1028} INFO - query: [MERGE INTO MBTA_VEHICLES AS target USING (SELECT 'y1906' AS VEHICLE_ID, '66' AS ...]
[2025-04-23T02:07:39.270+0000] {cursor.py:1041} INFO - query execution done
[2025-04-23T02:07:39.271+0000] {cursor.py:1028} INFO - query: [MERGE INTO MBTA_VEHICLES AS target USING (SELECT 'G-10115' AS VEHICLE_ID, 'Green...]
[2025-04-23T02:07:39.758+0000] {cursor.py:1041} INFO - query execution done
[2025-04-23T02:07:39.760+0000] {cursor.py:1028} INFO - query: [MERGE INTO MBTA_VEHICLES AS target USING (SELECT 'G-10251' AS VEHICLE_ID, 'Green...]
[2025-04-23T02:07:40.305+0000] {cursor.py:1041} INFO - query execution done
[2025-04-23T02:07:40.306+0000] {cursor.py:1028} INFO - query: [MERGE INTO MBTA_VEHICLES AS target USING (SELECT 'O-5482A826' AS VEHICLE_ID, 'Or...]
[2025-04-23T02:07:40.795+0000] {cursor.py:1041} INFO - query execution done
[2025-04-23T02:07:40.796+0000] {cursor.py:1028} INFO - query: [MERGE INTO MBTA_VEHICLES AS target USING (SELECT '1828' AS VEHICLE_ID, 'CR-NewBe...]
[2025-04-23T02:07:41.307+0000] {cursor.py:1041} INFO - query execution done
[2025-04-23T02:07:41.308+0000] {cursor.py:1028} INFO - query: [MERGE INTO MBTA_VEHICLES AS target USING (SELECT 'y1860' AS VEHICLE_ID, '45' AS ...]
[2025-04-23T02:07:41.740+0000] {cursor.py:1041} INFO - query execution done
[2025-04-23T02:07:41.741+0000] {cursor.py:1028} INFO - query: [MERGE INTO MBTA_VEHICLES AS target USING (SELECT 'y1947' AS VEHICLE_ID, '109' AS...]
[2025-04-23T02:07:42.735+0000] {cursor.py:1041} INFO - query execution done
[2025-04-23T02:07:42.737+0000] {cursor.py:1028} INFO - query: [MERGE INTO MBTA_VEHICLES AS target USING (SELECT 'G-10279' AS VEHICLE_ID, 'Green...]
