[2025-04-23T03:51:07.414+0000] {taskinstance.py:1956} INFO - Dependencies all met for dep_context=non-requeueable deps ti=<TaskInstance: mbta_kafka_consumer_dag.run_kafka_consumer scheduled__2025-04-23T03:45:00+00:00 [queued]>
[2025-04-23T03:51:07.421+0000] {taskinstance.py:1956} INFO - Dependencies all met for dep_context=requeueable deps ti=<TaskInstance: mbta_kafka_consumer_dag.run_kafka_consumer scheduled__2025-04-23T03:45:00+00:00 [queued]>
[2025-04-23T03:51:07.422+0000] {taskinstance.py:2170} INFO - Starting attempt 1 of 2
[2025-04-23T03:51:07.436+0000] {taskinstance.py:2191} INFO - Executing <Task(PythonOperator): run_kafka_consumer> on 2025-04-23 03:45:00+00:00
[2025-04-23T03:51:07.450+0000] {standard_task_runner.py:60} INFO - Started process 627 to run task
[2025-04-23T03:51:07.464+0000] {standard_task_runner.py:87} INFO - Running: ['***', 'tasks', 'run', 'mbta_kafka_consumer_dag', 'run_kafka_consumer', 'scheduled__2025-04-23T03:45:00+00:00', '--job-id', '391', '--raw', '--subdir', 'DAGS_FOLDER/mbta_kafka_consumer_dag.py', '--cfg-path', '/tmp/tmpxoq6du6b']
[2025-04-23T03:51:07.471+0000] {standard_task_runner.py:88} INFO - Job 391: Subtask run_kafka_consumer
[2025-04-23T03:51:07.581+0000] {task_command.py:423} INFO - Running <TaskInstance: mbta_kafka_consumer_dag.run_kafka_consumer scheduled__2025-04-23T03:45:00+00:00 [running]> on host 34e11901efc2
[2025-04-23T03:51:07.994+0000] {taskinstance.py:2480} INFO - Exporting env vars: AIRFLOW_CTX_DAG_OWNER='***' AIRFLOW_CTX_DAG_ID='mbta_kafka_consumer_dag' AIRFLOW_CTX_TASK_ID='run_kafka_consumer' AIRFLOW_CTX_EXECUTION_DATE='2025-04-23T03:45:00+00:00' AIRFLOW_CTX_TRY_NUMBER='1' AIRFLOW_CTX_DAG_RUN_ID='scheduled__2025-04-23T03:45:00+00:00'
[2025-04-23T03:51:08.020+0000] {connection.py:370} INFO - Snowflake Connector for Python Version: 3.6.0, Python Version: 3.9.18, Platform: Linux-6.10.14-linuxkit-aarch64-with-glibc2.36
[2025-04-23T03:51:08.032+0000] {connection.py:1171} INFO - This connection is in OCSP Fail Open Mode. TLS Certificates would be checked for validity and revocation status. Any other Certificate Revocation related exceptions or OCSP Responder failures would be disregarded in favor of connectivity.
[2025-04-23T03:51:09.218+0000] {mbta_kafka_consumer.py:45} INFO - ✅ Connected to Snowflake successfully.
[2025-04-23T03:51:09.222+0000] {mbta_kafka_consumer.py:220} INFO - 🚀 Starting MBTA Kafka Consumer...
[2025-04-23T03:51:09.238+0000] {conn.py:395} INFO - <BrokerConnection client_id=kafka-python-2.1.5, node_id=bootstrap-0 host=kafka:9092 <connecting> [IPv4 ('172.18.0.4', 9092)]>: connecting to kafka:9092 [('172.18.0.4', 9092) IPv4]
[2025-04-23T03:51:09.271+0000] {conn.py:615} INFO - <BrokerConnection client_id=kafka-python-2.1.5, node_id=bootstrap-0 host=kafka:9092 <checking_api_versions_recv> [IPv4 ('172.18.0.4', 9092)]>: Broker version identified as 2.6
[2025-04-23T03:51:09.272+0000] {conn.py:456} INFO - <BrokerConnection client_id=kafka-python-2.1.5, node_id=bootstrap-0 host=kafka:9092 <connected> [IPv4 ('172.18.0.4', 9092)]>: Connection complete.
[2025-04-23T03:51:09.275+0000] {consumer.py:119} WARNING - group_id is None: disabling auto-commit.
[2025-04-23T03:51:09.276+0000] {subscription_state.py:182} INFO - Updating subscribed topics to: ('mbta_alerts', 'mbta_routes', 'mbta_stops', 'mbta_vehicles', 'mbta_predictions')
[2025-04-23T03:51:09.286+0000] {subscription_state.py:254} INFO - Updated partition assignment: [('mbta_alerts', 0), ('mbta_predictions', 0), ('mbta_routes', 0), ('mbta_vehicles', 0), ('mbta_stops', 0)]
[2025-04-23T03:51:09.293+0000] {conn.py:395} INFO - <BrokerConnection client_id=kafka-python-2.1.5, node_id=1 host=kafka:9092 <connecting> [IPv4 ('172.18.0.4', 9092)]>: connecting to kafka:9092 [('172.18.0.4', 9092) IPv4]
[2025-04-23T03:51:09.294+0000] {conn.py:456} INFO - <BrokerConnection client_id=kafka-python-2.1.5, node_id=1 host=kafka:9092 <connected> [IPv4 ('172.18.0.4', 9092)]>: Connection complete.
[2025-04-23T03:51:09.294+0000] {conn.py:936} INFO - <BrokerConnection client_id=kafka-python-2.1.5, node_id=bootstrap-0 host=kafka:9092 <connected> [IPv4 ('172.18.0.4', 9092)]>: Closing connection. 
[2025-04-23T03:51:11.159+0000] {mbta_kafka_consumer.py:234} INFO - 📥 Received 1000 records from topic: mbta_stops
[2025-04-23T03:51:11.202+0000] {mbta_kafka_consumer.py:56} INFO - 🔍 Sample data for MBTA_STOPS:
[2025-04-23T03:51:11.203+0000] {mbta_kafka_consumer.py:57} INFO - 
          STOP_ID  ...                 CREATED_AT
0            5682  ... 2025-04-23 03:51:11.160277
1           50620  ... 2025-04-23 03:51:11.160279
2  node-417-lobby  ... 2025-04-23 03:51:11.160280
3            4042  ... 2025-04-23 03:51:11.160281
4          109822  ... 2025-04-23 03:51:11.160282

[5 rows x 5 columns]
[2025-04-23T03:51:11.222+0000] {cursor.py:1028} INFO - query: [SELECT * FROM MBTA_STOPS WHERE STOP_ID IN ('5682','50620','node-417-lobby','4042...]
[2025-04-23T03:51:11.433+0000] {cursor.py:1041} INFO - query execution done
[2025-04-23T03:51:11.434+0000] {cursor.py:1205} INFO - Number of results in first chunk: 0
[2025-04-23T03:51:15.651+0000] {mbta_kafka_consumer.py:104} INFO - 🔁 0 new/updated records out of 1000 incoming records (some may be duplicate VEHICLE_IDs) for MBTA_STOPS
[2025-04-23T03:51:15.676+0000] {mbta_kafka_consumer.py:107} INFO - ✅ All 1000 records already up-to-date in MBTA_STOPS, no merge needed.
[2025-04-23T03:51:15.690+0000] {mbta_kafka_consumer.py:234} INFO - 📥 Received 82 records from topic: mbta_alerts
[2025-04-23T03:51:15.751+0000] {mbta_kafka_consumer.py:56} INFO - 🔍 Sample data for MBTA_ALERTS:
[2025-04-23T03:51:15.761+0000] {mbta_kafka_consumer.py:57} INFO - 
  ALERT_ID  ...                 CREATED_AT
0   639358  ...  2025-04-22T09:01:01-04:00
1   638240  ...  2025-04-16T10:52:04-04:00
2   435698  ...  2022-03-15T10:13:31-04:00
3   634497  ...  2025-03-27T14:21:07-04:00
4   634495  ...  2025-03-27T14:18:44-04:00

[5 rows x 6 columns]
[2025-04-23T03:51:16.475+0000] {cursor.py:1028} INFO - query: [SELECT * FROM MBTA_ALERTS WHERE ALERT_ID IN ('639358','638240','435698','634497'...]
[2025-04-23T03:51:16.986+0000] {cursor.py:1041} INFO - query execution done
[2025-04-23T03:51:16.987+0000] {cursor.py:1205} INFO - Number of results in first chunk: 252
[2025-04-23T03:51:17.162+0000] {mbta_kafka_consumer.py:104} INFO - 🔁 507 new/updated records out of 82 incoming records (some may be duplicate VEHICLE_IDs) for MBTA_ALERTS
[2025-04-23T03:51:17.162+0000] {cursor.py:1028} INFO - query: [MERGE INTO MBTA_ALERTS AS target USING (SELECT '639358', 'South Station Elevator...]
[2025-04-23T03:51:19.817+0000] {cursor.py:1041} INFO - query execution done
[2025-04-23T03:51:19.840+0000] {cursor.py:1028} INFO - query: [MERGE INTO MBTA_ALERTS AS target USING (SELECT '638240', 'Orange Line: Shuttle b...]
[2025-04-23T03:51:22.626+0000] {cursor.py:1041} INFO - query execution done
[2025-04-23T03:51:22.643+0000] {cursor.py:1028} INFO - query: [MERGE INTO MBTA_ALERTS AS target USING (SELECT '435698', 'Bowdoin Escalator 125 ...]
[2025-04-23T03:51:26.200+0000] {cursor.py:1041} INFO - query execution done
[2025-04-23T03:51:26.206+0000] {cursor.py:1028} INFO - query: [MERGE INTO MBTA_ALERTS AS target USING (SELECT '435698', 'Bowdoin Escalator 125 ...]
[2025-04-23T03:51:29.023+0000] {cursor.py:1041} INFO - query execution done
[2025-04-23T03:51:29.034+0000] {cursor.py:1028} INFO - query: [MERGE INTO MBTA_ALERTS AS target USING (SELECT '435698', 'Bowdoin Escalator 125 ...]
[2025-04-23T03:51:31.629+0000] {cursor.py:1041} INFO - query execution done
[2025-04-23T03:51:31.636+0000] {cursor.py:1028} INFO - query: [MERGE INTO MBTA_ALERTS AS target USING (SELECT '435698', 'Bowdoin Escalator 125 ...]
[2025-04-23T03:51:34.241+0000] {cursor.py:1041} INFO - query execution done
[2025-04-23T03:51:34.245+0000] {cursor.py:1028} INFO - query: [MERGE INTO MBTA_ALERTS AS target USING (SELECT '435698', 'Bowdoin Escalator 125 ...]
[2025-04-23T03:51:37.278+0000] {cursor.py:1041} INFO - query execution done
[2025-04-23T03:51:37.283+0000] {cursor.py:1028} INFO - query: [MERGE INTO MBTA_ALERTS AS target USING (SELECT '435698', 'Bowdoin Escalator 125 ...]
[2025-04-23T03:51:41.254+0000] {cursor.py:1041} INFO - query execution done
[2025-04-23T03:51:41.257+0000] {cursor.py:1028} INFO - query: [MERGE INTO MBTA_ALERTS AS target USING (SELECT '435698', 'Bowdoin Escalator 125 ...]
[2025-04-23T03:51:44.095+0000] {cursor.py:1041} INFO - query execution done
[2025-04-23T03:51:44.101+0000] {cursor.py:1028} INFO - query: [MERGE INTO MBTA_ALERTS AS target USING (SELECT '435698', 'Bowdoin Escalator 125 ...]
[2025-04-23T03:51:46.320+0000] {cursor.py:1041} INFO - query execution done
[2025-04-23T03:51:46.327+0000] {cursor.py:1028} INFO - query: [MERGE INTO MBTA_ALERTS AS target USING (SELECT '435698', 'Bowdoin Escalator 125 ...]
[2025-04-23T03:51:49.035+0000] {cursor.py:1041} INFO - query execution done
[2025-04-23T03:51:49.043+0000] {cursor.py:1028} INFO - query: [MERGE INTO MBTA_ALERTS AS target USING (SELECT '435698', 'Bowdoin Escalator 125 ...]
[2025-04-23T03:51:52.055+0000] {cursor.py:1041} INFO - query execution done
[2025-04-23T03:51:52.062+0000] {cursor.py:1028} INFO - query: [MERGE INTO MBTA_ALERTS AS target USING (SELECT '435698', 'Bowdoin Escalator 125 ...]
[2025-04-23T03:51:55.031+0000] {cursor.py:1041} INFO - query execution done
[2025-04-23T03:51:55.032+0000] {cursor.py:1028} INFO - query: [MERGE INTO MBTA_ALERTS AS target USING (SELECT '435698', 'Bowdoin Escalator 125 ...]
[2025-04-23T03:51:57.897+0000] {cursor.py:1041} INFO - query execution done
[2025-04-23T03:51:57.905+0000] {cursor.py:1028} INFO - query: [MERGE INTO MBTA_ALERTS AS target USING (SELECT '435698', 'Bowdoin Escalator 125 ...]
[2025-04-23T03:52:00.704+0000] {cursor.py:1041} INFO - query execution done
[2025-04-23T03:52:00.709+0000] {cursor.py:1028} INFO - query: [MERGE INTO MBTA_ALERTS AS target USING (SELECT '435698', 'Bowdoin Escalator 125 ...]
[2025-04-23T03:52:03.485+0000] {cursor.py:1041} INFO - query execution done
[2025-04-23T03:52:03.498+0000] {cursor.py:1028} INFO - query: [MERGE INTO MBTA_ALERTS AS target USING (SELECT '435698', 'Bowdoin Escalator 125 ...]
[2025-04-23T03:52:07.127+0000] {cursor.py:1041} INFO - query execution done
[2025-04-23T03:52:07.132+0000] {cursor.py:1028} INFO - query: [MERGE INTO MBTA_ALERTS AS target USING (SELECT '435698', 'Bowdoin Escalator 125 ...]
[2025-04-23T03:52:10.631+0000] {cursor.py:1041} INFO - query execution done
[2025-04-23T03:52:10.639+0000] {cursor.py:1028} INFO - query: [MERGE INTO MBTA_ALERTS AS target USING (SELECT '435698', 'Bowdoin Escalator 125 ...]
[2025-04-23T03:52:13.380+0000] {cursor.py:1041} INFO - query execution done
[2025-04-23T03:52:13.385+0000] {cursor.py:1028} INFO - query: [MERGE INTO MBTA_ALERTS AS target USING (SELECT '435698', 'Bowdoin Escalator 125 ...]
[2025-04-23T03:52:16.285+0000] {cursor.py:1041} INFO - query execution done
[2025-04-23T03:52:16.289+0000] {cursor.py:1028} INFO - query: [MERGE INTO MBTA_ALERTS AS target USING (SELECT '634497', 'On Friday, April 25th ...]
[2025-04-23T03:52:19.176+0000] {cursor.py:1041} INFO - query execution done
[2025-04-23T03:52:19.184+0000] {cursor.py:1028} INFO - query: [MERGE INTO MBTA_ALERTS AS target USING (SELECT '634495', 'On Friday, April 25th ...]
[2025-04-23T03:52:21.873+0000] {cursor.py:1041} INFO - query execution done
[2025-04-23T03:52:21.884+0000] {cursor.py:1028} INFO - query: [MERGE INTO MBTA_ALERTS AS target USING (SELECT '416078', 'Lynn Parking Garage ar...]
[2025-04-23T03:52:24.858+0000] {cursor.py:1041} INFO - query execution done
[2025-04-23T03:52:24.863+0000] {cursor.py:1028} INFO - query: [MERGE INTO MBTA_ALERTS AS target USING (SELECT '416078', 'Lynn Parking Garage ar...]
[2025-04-23T03:52:27.519+0000] {cursor.py:1041} INFO - query execution done
[2025-04-23T03:52:27.525+0000] {cursor.py:1028} INFO - query: [MERGE INTO MBTA_ALERTS AS target USING (SELECT '416078', 'Lynn Parking Garage ar...]
[2025-04-23T03:52:30.250+0000] {cursor.py:1041} INFO - query execution done
[2025-04-23T03:52:30.256+0000] {cursor.py:1028} INFO - query: [MERGE INTO MBTA_ALERTS AS target USING (SELECT '416078', 'Lynn Parking Garage ar...]
[2025-04-23T03:52:33.507+0000] {cursor.py:1041} INFO - query execution done
[2025-04-23T03:52:34.083+0000] {cursor.py:1028} INFO - query: [MERGE INTO MBTA_ALERTS AS target USING (SELECT '416078', 'Lynn Parking Garage ar...]
[2025-04-23T03:52:40.690+0000] {cursor.py:1041} INFO - query execution done
[2025-04-23T03:52:40.701+0000] {cursor.py:1028} INFO - query: [MERGE INTO MBTA_ALERTS AS target USING (SELECT '416078', 'Lynn Parking Garage ar...]
[2025-04-23T03:52:43.543+0000] {cursor.py:1041} INFO - query execution done
[2025-04-23T03:52:43.547+0000] {cursor.py:1028} INFO - query: [MERGE INTO MBTA_ALERTS AS target USING (SELECT '416078', 'Lynn Parking Garage ar...]
[2025-04-23T03:52:46.369+0000] {cursor.py:1041} INFO - query execution done
[2025-04-23T03:52:46.381+0000] {cursor.py:1028} INFO - query: [MERGE INTO MBTA_ALERTS AS target USING (SELECT '416078', 'Lynn Parking Garage ar...]
[2025-04-23T03:52:49.281+0000] {cursor.py:1041} INFO - query execution done
[2025-04-23T03:52:49.302+0000] {cursor.py:1028} INFO - query: [MERGE INTO MBTA_ALERTS AS target USING (SELECT '416078', 'Lynn Parking Garage ar...]
[2025-04-23T03:52:52.809+0000] {cursor.py:1041} INFO - query execution done
[2025-04-23T03:52:52.812+0000] {cursor.py:1028} INFO - query: [MERGE INTO MBTA_ALERTS AS target USING (SELECT '416078', 'Lynn Parking Garage ar...]
[2025-04-23T03:52:55.986+0000] {cursor.py:1041} INFO - query execution done
[2025-04-23T03:52:55.995+0000] {cursor.py:1028} INFO - query: [MERGE INTO MBTA_ALERTS AS target USING (SELECT '416078', 'Lynn Parking Garage ar...]
[2025-04-23T03:52:58.638+0000] {cursor.py:1041} INFO - query execution done
[2025-04-23T03:52:58.643+0000] {cursor.py:1028} INFO - query: [MERGE INTO MBTA_ALERTS AS target USING (SELECT '416078', 'Lynn Parking Garage ar...]
[2025-04-23T03:53:01.602+0000] {cursor.py:1041} INFO - query execution done
[2025-04-23T03:53:01.606+0000] {cursor.py:1028} INFO - query: [MERGE INTO MBTA_ALERTS AS target USING (SELECT '416078', 'Lynn Parking Garage ar...]
[2025-04-23T03:53:04.650+0000] {cursor.py:1041} INFO - query execution done
[2025-04-23T03:53:04.679+0000] {cursor.py:1028} INFO - query: [MERGE INTO MBTA_ALERTS AS target USING (SELECT '416078', 'Lynn Parking Garage ar...]
[2025-04-23T03:53:07.318+0000] {cursor.py:1041} INFO - query execution done
[2025-04-23T03:53:07.326+0000] {cursor.py:1028} INFO - query: [MERGE INTO MBTA_ALERTS AS target USING (SELECT '416078', 'Lynn Parking Garage ar...]
[2025-04-23T03:53:10.415+0000] {cursor.py:1041} INFO - query execution done
[2025-04-23T03:53:10.419+0000] {cursor.py:1028} INFO - query: [MERGE INTO MBTA_ALERTS AS target USING (SELECT '416078', 'Lynn Parking Garage ar...]
[2025-04-23T03:53:13.313+0000] {cursor.py:1041} INFO - query execution done
[2025-04-23T03:53:13.318+0000] {cursor.py:1028} INFO - query: [MERGE INTO MBTA_ALERTS AS target USING (SELECT '416078', 'Lynn Parking Garage ar...]
[2025-04-23T03:53:16.139+0000] {cursor.py:1041} INFO - query execution done
[2025-04-23T03:53:16.142+0000] {cursor.py:1028} INFO - query: [MERGE INTO MBTA_ALERTS AS target USING (SELECT '416078', 'Lynn Parking Garage ar...]
[2025-04-23T03:53:19.072+0000] {cursor.py:1041} INFO - query execution done
[2025-04-23T03:53:19.092+0000] {cursor.py:1028} INFO - query: [MERGE INTO MBTA_ALERTS AS target USING (SELECT '636938', 'Due to Boston Marathon...]
[2025-04-23T03:53:22.380+0000] {cursor.py:1041} INFO - query execution done
[2025-04-23T03:53:22.383+0000] {cursor.py:1028} INFO - query: [MERGE INTO MBTA_ALERTS AS target USING (SELECT '639533', 'New Bedford Line Train...]
[2025-04-23T03:53:25.304+0000] {cursor.py:1041} INFO - query execution done
[2025-04-23T03:53:25.313+0000] {cursor.py:1028} INFO - query: [MERGE INTO MBTA_ALERTS AS target USING (SELECT '633908', 'From March 24 to June ...]
[2025-04-23T03:53:29.107+0000] {cursor.py:1041} INFO - query execution done
[2025-04-23T03:53:29.112+0000] {cursor.py:1028} INFO - query: [MERGE INTO MBTA_ALERTS AS target USING (SELECT '630009', 'There is no accessible...]
[2025-04-23T03:53:32.046+0000] {cursor.py:1041} INFO - query execution done
[2025-04-23T03:53:32.071+0000] {cursor.py:1028} INFO - query: [MERGE INTO MBTA_ALERTS AS target USING (SELECT '630009', 'There is no accessible...]
[2025-04-23T03:53:35.032+0000] {cursor.py:1041} INFO - query execution done
[2025-04-23T03:53:35.036+0000] {cursor.py:1028} INFO - query: [MERGE INTO MBTA_ALERTS AS target USING (SELECT '630009', 'There is no accessible...]
[2025-04-23T03:53:37.758+0000] {cursor.py:1041} INFO - query execution done
[2025-04-23T03:53:37.762+0000] {cursor.py:1028} INFO - query: [MERGE INTO MBTA_ALERTS AS target USING (SELECT '630009', 'There is no accessible...]
[2025-04-23T03:53:40.787+0000] {cursor.py:1041} INFO - query execution done
[2025-04-23T03:53:40.792+0000] {cursor.py:1028} INFO - query: [MERGE INTO MBTA_ALERTS AS target USING (SELECT '630009', 'There is no accessible...]
[2025-04-23T03:53:43.663+0000] {cursor.py:1041} INFO - query execution done
[2025-04-23T03:53:43.668+0000] {cursor.py:1028} INFO - query: [MERGE INTO MBTA_ALERTS AS target USING (SELECT '630009', 'There is no accessible...]
[2025-04-23T03:53:46.468+0000] {cursor.py:1041} INFO - query execution done
[2025-04-23T03:53:46.471+0000] {cursor.py:1028} INFO - query: [MERGE INTO MBTA_ALERTS AS target USING (SELECT '630009', 'There is no accessible...]
[2025-04-23T03:53:49.721+0000] {cursor.py:1041} INFO - query execution done
[2025-04-23T03:53:49.722+0000] {cursor.py:1028} INFO - query: [MERGE INTO MBTA_ALERTS AS target USING (SELECT '630009', 'There is no accessible...]
[2025-04-23T03:53:53.280+0000] {cursor.py:1041} INFO - query execution done
[2025-04-23T03:53:53.284+0000] {cursor.py:1028} INFO - query: [MERGE INTO MBTA_ALERTS AS target USING (SELECT '630009', 'There is no accessible...]
[2025-04-23T03:53:56.090+0000] {cursor.py:1041} INFO - query execution done
[2025-04-23T03:53:56.093+0000] {cursor.py:1028} INFO - query: [MERGE INTO MBTA_ALERTS AS target USING (SELECT '630009', 'There is no accessible...]
[2025-04-23T03:54:00.393+0000] {cursor.py:1041} INFO - query execution done
[2025-04-23T03:54:00.398+0000] {cursor.py:1028} INFO - query: [MERGE INTO MBTA_ALERTS AS target USING (SELECT '630009', 'There is no accessible...]
[2025-04-23T03:54:03.558+0000] {cursor.py:1041} INFO - query execution done
[2025-04-23T03:54:03.566+0000] {cursor.py:1028} INFO - query: [MERGE INTO MBTA_ALERTS AS target USING (SELECT '630009', 'There is no accessible...]
[2025-04-23T03:54:06.405+0000] {cursor.py:1041} INFO - query execution done
[2025-04-23T03:54:06.407+0000] {cursor.py:1028} INFO - query: [MERGE INTO MBTA_ALERTS AS target USING (SELECT '630009', 'There is no accessible...]
[2025-04-23T03:54:09.426+0000] {cursor.py:1041} INFO - query execution done
[2025-04-23T03:54:09.431+0000] {cursor.py:1028} INFO - query: [MERGE INTO MBTA_ALERTS AS target USING (SELECT '630009', 'There is no accessible...]
[2025-04-23T03:54:12.652+0000] {cursor.py:1041} INFO - query execution done
[2025-04-23T03:54:12.666+0000] {cursor.py:1028} INFO - query: [MERGE INTO MBTA_ALERTS AS target USING (SELECT '630009', 'There is no accessible...]
[2025-04-23T03:54:15.911+0000] {cursor.py:1041} INFO - query execution done
[2025-04-23T03:54:15.924+0000] {cursor.py:1028} INFO - query: [MERGE INTO MBTA_ALERTS AS target USING (SELECT '630009', 'There is no accessible...]
[2025-04-23T03:54:19.003+0000] {cursor.py:1041} INFO - query execution done
[2025-04-23T03:54:19.007+0000] {cursor.py:1028} INFO - query: [MERGE INTO MBTA_ALERTS AS target USING (SELECT '630009', 'There is no accessible...]
[2025-04-23T03:54:21.614+0000] {cursor.py:1041} INFO - query execution done
[2025-04-23T03:54:21.615+0000] {cursor.py:1028} INFO - query: [MERGE INTO MBTA_ALERTS AS target USING (SELECT '630009', 'There is no accessible...]
[2025-04-23T03:54:24.998+0000] {cursor.py:1041} INFO - query execution done
[2025-04-23T03:54:25.023+0000] {cursor.py:1028} INFO - query: [MERGE INTO MBTA_ALERTS AS target USING (SELECT '639386', 'Route 215 inbound is d...]
[2025-04-23T03:54:27.885+0000] {cursor.py:1041} INFO - query execution done
[2025-04-23T03:54:27.890+0000] {cursor.py:1028} INFO - query: [MERGE INTO MBTA_ALERTS AS target USING (SELECT '638813', 'Prudential Elevator 92...]
[2025-04-23T03:54:30.699+0000] {cursor.py:1041} INFO - query execution done
[2025-04-23T03:54:30.710+0000] {cursor.py:1028} INFO - query: [MERGE INTO MBTA_ALERTS AS target USING (SELECT '639531', 'Route 230 is experienc...]
[2025-04-23T03:54:33.742+0000] {cursor.py:1041} INFO - query execution done
[2025-04-23T03:54:33.757+0000] {cursor.py:1028} INFO - query: [MERGE INTO MBTA_ALERTS AS target USING (SELECT '626250', 'Aquarium Escalator 405...]
[2025-04-23T03:54:37.584+0000] {cursor.py:1041} INFO - query execution done
[2025-04-23T03:54:37.590+0000] {cursor.py:1028} INFO - query: [MERGE INTO MBTA_ALERTS AS target USING (SELECT '626250', 'Aquarium Escalator 405...]
[2025-04-23T03:54:40.464+0000] {cursor.py:1041} INFO - query execution done
[2025-04-23T03:54:40.467+0000] {cursor.py:1028} INFO - query: [MERGE INTO MBTA_ALERTS AS target USING (SELECT '626250', 'Aquarium Escalator 405...]
[2025-04-23T03:54:44.284+0000] {cursor.py:1041} INFO - query execution done
[2025-04-23T03:54:44.293+0000] {cursor.py:1028} INFO - query: [MERGE INTO MBTA_ALERTS AS target USING (SELECT '626250', 'Aquarium Escalator 405...]
[2025-04-23T03:54:47.819+0000] {cursor.py:1041} INFO - query execution done
[2025-04-23T03:54:47.849+0000] {cursor.py:1028} INFO - query: [MERGE INTO MBTA_ALERTS AS target USING (SELECT '626250', 'Aquarium Escalator 405...]
[2025-04-23T03:54:53.904+0000] {cursor.py:1041} INFO - query execution done
[2025-04-23T03:54:54.353+0000] {cursor.py:1028} INFO - query: [MERGE INTO MBTA_ALERTS AS target USING (SELECT '626250', 'Aquarium Escalator 405...]
[2025-04-23T03:54:58.434+0000] {cursor.py:1041} INFO - query execution done
[2025-04-23T03:54:58.679+0000] {cursor.py:1028} INFO - query: [MERGE INTO MBTA_ALERTS AS target USING (SELECT '626250', 'Aquarium Escalator 405...]
[2025-04-23T03:55:01.643+0000] {cursor.py:1041} INFO - query execution done
[2025-04-23T03:55:01.658+0000] {cursor.py:1028} INFO - query: [MERGE INTO MBTA_ALERTS AS target USING (SELECT '626250', 'Aquarium Escalator 405...]
[2025-04-23T03:55:05.980+0000] {cursor.py:1041} INFO - query execution done
[2025-04-23T03:55:06.206+0000] {cursor.py:1028} INFO - query: [MERGE INTO MBTA_ALERTS AS target USING (SELECT '626250', 'Aquarium Escalator 405...]
[2025-04-23T03:55:08.364+0000] {cursor.py:1041} INFO - query execution done
[2025-04-23T03:55:08.368+0000] {cursor.py:1028} INFO - query: [MERGE INTO MBTA_ALERTS AS target USING (SELECT '626250', 'Aquarium Escalator 405...]
[2025-04-23T03:55:11.509+0000] {cursor.py:1041} INFO - query execution done
[2025-04-23T03:55:11.522+0000] {cursor.py:1028} INFO - query: [MERGE INTO MBTA_ALERTS AS target USING (SELECT '626250', 'Aquarium Escalator 405...]
[2025-04-23T03:55:14.535+0000] {cursor.py:1041} INFO - query execution done
[2025-04-23T03:55:14.548+0000] {cursor.py:1028} INFO - query: [MERGE INTO MBTA_ALERTS AS target USING (SELECT '626250', 'Aquarium Escalator 405...]
[2025-04-23T03:55:17.919+0000] {cursor.py:1041} INFO - query execution done
[2025-04-23T03:55:17.947+0000] {cursor.py:1028} INFO - query: [MERGE INTO MBTA_ALERTS AS target USING (SELECT '626250', 'Aquarium Escalator 405...]
[2025-04-23T03:55:22.711+0000] {cursor.py:1041} INFO - query execution done
[2025-04-23T03:55:22.727+0000] {cursor.py:1028} INFO - query: [MERGE INTO MBTA_ALERTS AS target USING (SELECT '626250', 'Aquarium Escalator 405...]
[2025-04-23T03:55:26.814+0000] {cursor.py:1041} INFO - query execution done
[2025-04-23T03:55:26.818+0000] {cursor.py:1028} INFO - query: [MERGE INTO MBTA_ALERTS AS target USING (SELECT '626250', 'Aquarium Escalator 405...]
[2025-04-23T03:55:29.778+0000] {cursor.py:1041} INFO - query execution done
[2025-04-23T03:55:29.781+0000] {cursor.py:1028} INFO - query: [MERGE INTO MBTA_ALERTS AS target USING (SELECT '626250', 'Aquarium Escalator 405...]
[2025-04-23T03:55:32.943+0000] {cursor.py:1041} INFO - query execution done
[2025-04-23T03:55:32.947+0000] {cursor.py:1028} INFO - query: [MERGE INTO MBTA_ALERTS AS target USING (SELECT '626250', 'Aquarium Escalator 405...]
[2025-04-23T03:55:35.932+0000] {cursor.py:1041} INFO - query execution done
[2025-04-23T03:55:35.936+0000] {cursor.py:1028} INFO - query: [MERGE INTO MBTA_ALERTS AS target USING (SELECT '626250', 'Aquarium Escalator 405...]
[2025-04-23T03:55:39.019+0000] {cursor.py:1041} INFO - query execution done
[2025-04-23T03:55:39.041+0000] {cursor.py:1028} INFO - query: [MERGE INTO MBTA_ALERTS AS target USING (SELECT '639313', 'Route 39 detoured inbo...]
[2025-04-23T03:55:42.068+0000] {cursor.py:1041} INFO - query execution done
[2025-04-23T03:55:42.072+0000] {cursor.py:1028} INFO - query: [MERGE INTO MBTA_ALERTS AS target USING (SELECT '638680', 'Islington Parking Lot ...]
[2025-04-23T03:55:45.022+0000] {cursor.py:1041} INFO - query execution done
[2025-04-23T03:55:45.026+0000] {cursor.py:1028} INFO - query: [MERGE INTO MBTA_ALERTS AS target USING (SELECT '639438', 'Route 62 detoured due ...]
