[2025-04-23T01:35:31.959+0000] {taskinstance.py:1956} INFO - Dependencies all met for dep_context=non-requeueable deps ti=<TaskInstance: mbta_ingestion_dag.load_to_snowflake scheduled__2025-04-23T01:00:00+00:00 [queued]>
[2025-04-23T01:35:32.154+0000] {taskinstance.py:1956} INFO - Dependencies all met for dep_context=requeueable deps ti=<TaskInstance: mbta_ingestion_dag.load_to_snowflake scheduled__2025-04-23T01:00:00+00:00 [queued]>
[2025-04-23T01:35:32.169+0000] {taskinstance.py:2170} INFO - Starting attempt 2 of 2
[2025-04-23T01:35:32.379+0000] {taskinstance.py:2191} INFO - Executing <Task(PythonOperator): load_to_snowflake> on 2025-04-23 01:00:00+00:00
[2025-04-23T01:35:32.533+0000] {standard_task_runner.py:60} INFO - Started process 215 to run task
[2025-04-23T01:35:32.641+0000] {standard_task_runner.py:87} INFO - Running: ['***', 'tasks', 'run', 'mbta_ingestion_dag', 'load_to_snowflake', 'scheduled__2025-04-23T01:00:00+00:00', '--job-id', '293', '--raw', '--subdir', 'DAGS_FOLDER/mbta_ingestion_dag.py', '--cfg-path', '/tmp/tmp2tyfu2oi']
[2025-04-23T01:35:32.745+0000] {standard_task_runner.py:88} INFO - Job 293: Subtask load_to_snowflake
[2025-04-23T01:35:33.243+0000] {task_command.py:423} INFO - Running <TaskInstance: mbta_ingestion_dag.load_to_snowflake scheduled__2025-04-23T01:00:00+00:00 [running]> on host 577d99ce7fac
[2025-04-23T01:35:33.903+0000] {taskinstance.py:2480} INFO - Exporting env vars: AIRFLOW_CTX_DAG_OWNER='***' AIRFLOW_CTX_DAG_ID='mbta_ingestion_dag' AIRFLOW_CTX_TASK_ID='load_to_snowflake' AIRFLOW_CTX_EXECUTION_DATE='2025-04-23T01:00:00+00:00' AIRFLOW_CTX_TRY_NUMBER='2' AIRFLOW_CTX_DAG_RUN_ID='scheduled__2025-04-23T01:00:00+00:00'
[2025-04-23T01:35:33.921+0000] {mbta_ingestion_dag.py:35} INFO - 🚀 Launching Kafka consumer to process and load data into Snowflake...
[2025-04-23T01:35:33.927+0000] {connection.py:370} INFO - Snowflake Connector for Python Version: 3.6.0, Python Version: 3.9.18, Platform: Linux-6.10.14-linuxkit-aarch64-with-glibc2.36
[2025-04-23T01:35:33.935+0000] {connection.py:1171} INFO - This connection is in OCSP Fail Open Mode. TLS Certificates would be checked for validity and revocation status. Any other Certificate Revocation related exceptions or OCSP Responder failures would be disregarded in favor of connectivity.
[2025-04-23T01:35:34.830+0000] {mbta_kafka_consumer.py:45} INFO - ✅ Connected to Snowflake successfully.
[2025-04-23T01:35:34.832+0000] {mbta_kafka_consumer.py:219} INFO - 🚀 Starting MBTA Kafka Consumer...
[2025-04-23T01:35:34.853+0000] {conn.py:395} INFO - <BrokerConnection client_id=kafka-python-2.1.5, node_id=bootstrap-0 host=kafka:9092 <connecting> [IPv4 ('172.18.0.6', 9092)]>: connecting to kafka:9092 [('172.18.0.6', 9092) IPv4]
[2025-04-23T01:35:34.876+0000] {conn.py:615} INFO - <BrokerConnection client_id=kafka-python-2.1.5, node_id=bootstrap-0 host=kafka:9092 <checking_api_versions_recv> [IPv4 ('172.18.0.6', 9092)]>: Broker version identified as 2.6
[2025-04-23T01:35:34.882+0000] {conn.py:456} INFO - <BrokerConnection client_id=kafka-python-2.1.5, node_id=bootstrap-0 host=kafka:9092 <connected> [IPv4 ('172.18.0.6', 9092)]>: Connection complete.
[2025-04-23T01:35:34.892+0000] {consumer.py:119} WARNING - group_id is None: disabling auto-commit.
[2025-04-23T01:35:34.894+0000] {subscription_state.py:182} INFO - Updating subscribed topics to: ('mbta_alerts', 'mbta_routes', 'mbta_stops', 'mbta_vehicles', 'mbta_predictions')
[2025-04-23T01:35:34.905+0000] {subscription_state.py:254} INFO - Updated partition assignment: [('mbta_stops', 0), ('mbta_predictions', 0), ('mbta_alerts', 0), ('mbta_vehicles', 0), ('mbta_routes', 0)]
[2025-04-23T01:35:34.910+0000] {conn.py:395} INFO - <BrokerConnection client_id=kafka-python-2.1.5, node_id=1 host=kafka:9092 <connecting> [IPv4 ('172.18.0.6', 9092)]>: connecting to kafka:9092 [('172.18.0.6', 9092) IPv4]
[2025-04-23T01:35:34.915+0000] {conn.py:456} INFO - <BrokerConnection client_id=kafka-python-2.1.5, node_id=1 host=kafka:9092 <connected> [IPv4 ('172.18.0.6', 9092)]>: Connection complete.
[2025-04-23T01:35:34.917+0000] {conn.py:936} INFO - <BrokerConnection client_id=kafka-python-2.1.5, node_id=bootstrap-0 host=kafka:9092 <connected> [IPv4 ('172.18.0.6', 9092)]>: Closing connection. 
[2025-04-23T01:35:52.876+0000] {mbta_kafka_consumer.py:233} INFO - 📥 Received 178 records from topic: mbta_routes
[2025-04-23T01:35:53.066+0000] {mbta_kafka_consumer.py:56} INFO - 🔍 Sample data for MBTA_ROUTES:
[2025-04-23T01:35:53.067+0000] {mbta_kafka_consumer.py:57} INFO - 
   ROUTE_ID        ROUTE_NAME  ...  ROUTE_COLOR                 CREATED_AT
0       Red          Red Line  ...       DA291C 2025-04-23 01:35:52.916818
1  Mattapan  Mattapan Trolley  ...       DA291C 2025-04-23 01:35:52.916870
2    Orange       Orange Line  ...       ED8B00 2025-04-23 01:35:52.916965
3   Green-B      Green Line B  ...       00843D 2025-04-23 01:35:52.917011
4   Green-C      Green Line C  ...       00843D 2025-04-23 01:35:52.917014

[5 rows x 5 columns]
[2025-04-23T01:35:53.202+0000] {cursor.py:1028} INFO - query: [SELECT * FROM MBTA_ROUTES WHERE ROUTE_ID IN ('Red','Mattapan','Orange','Green-B'...]
[2025-04-23T01:35:53.721+0000] {cursor.py:1041} INFO - query execution done
[2025-04-23T01:35:53.742+0000] {cursor.py:1205} INFO - Number of results in first chunk: 0
[2025-04-23T01:35:55.753+0000] {mbta_kafka_consumer.py:104} INFO - 🔁 0 new/updated records out of 178 incoming records (some may be duplicate VEHICLE_IDs) for MBTA_ROUTES
[2025-04-23T01:35:55.758+0000] {mbta_kafka_consumer.py:107} INFO - ✅ All 178 records already up-to-date in MBTA_ROUTES, no merge needed.
[2025-04-23T01:35:55.764+0000] {mbta_kafka_consumer.py:233} INFO - 📥 Received 178 records from topic: mbta_routes
[2025-04-23T01:35:55.823+0000] {mbta_kafka_consumer.py:56} INFO - 🔍 Sample data for MBTA_ROUTES:
[2025-04-23T01:35:55.831+0000] {mbta_kafka_consumer.py:57} INFO - 
   ROUTE_ID        ROUTE_NAME  ...  ROUTE_COLOR                 CREATED_AT
0       Red          Red Line  ...       DA291C 2025-04-23 01:35:55.766877
1  Mattapan  Mattapan Trolley  ...       DA291C 2025-04-23 01:35:55.766891
2    Orange       Orange Line  ...       ED8B00 2025-04-23 01:35:55.766892
3   Green-B      Green Line B  ...       00843D 2025-04-23 01:35:55.766899
4   Green-C      Green Line C  ...       00843D 2025-04-23 01:35:55.766900

[5 rows x 5 columns]
[2025-04-23T01:35:55.854+0000] {cursor.py:1028} INFO - query: [SELECT * FROM MBTA_ROUTES WHERE ROUTE_ID IN ('Red','Mattapan','Orange','Green-B'...]
[2025-04-23T01:35:56.047+0000] {cursor.py:1041} INFO - query execution done
[2025-04-23T01:35:56.049+0000] {cursor.py:1205} INFO - Number of results in first chunk: 0
[2025-04-23T01:35:56.692+0000] {mbta_kafka_consumer.py:104} INFO - 🔁 0 new/updated records out of 178 incoming records (some may be duplicate VEHICLE_IDs) for MBTA_ROUTES
[2025-04-23T01:35:56.695+0000] {mbta_kafka_consumer.py:107} INFO - ✅ All 178 records already up-to-date in MBTA_ROUTES, no merge needed.
[2025-04-23T01:35:56.701+0000] {mbta_kafka_consumer.py:233} INFO - 📥 Received 178 records from topic: mbta_routes
[2025-04-23T01:35:56.768+0000] {mbta_kafka_consumer.py:56} INFO - 🔍 Sample data for MBTA_ROUTES:
[2025-04-23T01:35:56.769+0000] {mbta_kafka_consumer.py:57} INFO - 
   ROUTE_ID        ROUTE_NAME  ...  ROUTE_COLOR                 CREATED_AT
0       Red          Red Line  ...       DA291C 2025-04-23 01:35:56.706631
1  Mattapan  Mattapan Trolley  ...       DA291C 2025-04-23 01:35:56.706643
2    Orange       Orange Line  ...       ED8B00 2025-04-23 01:35:56.706709
3   Green-B      Green Line B  ...       00843D 2025-04-23 01:35:56.706723
4   Green-C      Green Line C  ...       00843D 2025-04-23 01:35:56.706724

[5 rows x 5 columns]
[2025-04-23T01:35:56.798+0000] {cursor.py:1028} INFO - query: [SELECT * FROM MBTA_ROUTES WHERE ROUTE_ID IN ('Red','Mattapan','Orange','Green-B'...]
[2025-04-23T01:35:57.081+0000] {cursor.py:1041} INFO - query execution done
[2025-04-23T01:35:57.092+0000] {cursor.py:1205} INFO - Number of results in first chunk: 0
[2025-04-23T01:35:57.770+0000] {mbta_kafka_consumer.py:104} INFO - 🔁 0 new/updated records out of 178 incoming records (some may be duplicate VEHICLE_IDs) for MBTA_ROUTES
[2025-04-23T01:35:57.790+0000] {mbta_kafka_consumer.py:107} INFO - ✅ All 178 records already up-to-date in MBTA_ROUTES, no merge needed.
[2025-04-23T01:35:57.793+0000] {mbta_kafka_consumer.py:233} INFO - 📥 Received 178 records from topic: mbta_routes
[2025-04-23T01:35:57.898+0000] {mbta_kafka_consumer.py:56} INFO - 🔍 Sample data for MBTA_ROUTES:
[2025-04-23T01:35:57.940+0000] {mbta_kafka_consumer.py:57} INFO - 
   ROUTE_ID        ROUTE_NAME  ...  ROUTE_COLOR                 CREATED_AT
0       Red          Red Line  ...       DA291C 2025-04-23 01:35:57.793696
1  Mattapan  Mattapan Trolley  ...       DA291C 2025-04-23 01:35:57.793708
2    Orange       Orange Line  ...       ED8B00 2025-04-23 01:35:57.793711
3   Green-B      Green Line B  ...       00843D 2025-04-23 01:35:57.793712
4   Green-C      Green Line C  ...       00843D 2025-04-23 01:35:57.793717

[5 rows x 5 columns]
[2025-04-23T01:35:58.041+0000] {cursor.py:1028} INFO - query: [SELECT * FROM MBTA_ROUTES WHERE ROUTE_ID IN ('Red','Mattapan','Orange','Green-B'...]
[2025-04-23T01:35:58.349+0000] {cursor.py:1041} INFO - query execution done
[2025-04-23T01:35:58.386+0000] {cursor.py:1205} INFO - Number of results in first chunk: 0
[2025-04-23T01:36:00.050+0000] {mbta_kafka_consumer.py:104} INFO - 🔁 0 new/updated records out of 178 incoming records (some may be duplicate VEHICLE_IDs) for MBTA_ROUTES
[2025-04-23T01:36:00.197+0000] {mbta_kafka_consumer.py:107} INFO - ✅ All 178 records already up-to-date in MBTA_ROUTES, no merge needed.
[2025-04-23T01:36:00.245+0000] {mbta_kafka_consumer.py:233} INFO - 📥 Received 178 records from topic: mbta_routes
[2025-04-23T01:36:00.989+0000] {mbta_kafka_consumer.py:56} INFO - 🔍 Sample data for MBTA_ROUTES:
[2025-04-23T01:36:01.007+0000] {mbta_kafka_consumer.py:57} INFO - 
   ROUTE_ID        ROUTE_NAME  ...  ROUTE_COLOR                 CREATED_AT
0       Red          Red Line  ...       DA291C 2025-04-23 01:36:00.259312
1  Mattapan  Mattapan Trolley  ...       DA291C 2025-04-23 01:36:00.259321
2    Orange       Orange Line  ...       ED8B00 2025-04-23 01:36:00.259332
3   Green-B      Green Line B  ...       00843D 2025-04-23 01:36:00.259338
4   Green-C      Green Line C  ...       00843D 2025-04-23 01:36:00.259339

[5 rows x 5 columns]
[2025-04-23T01:36:01.893+0000] {cursor.py:1028} INFO - query: [SELECT * FROM MBTA_ROUTES WHERE ROUTE_ID IN ('Red','Mattapan','Orange','Green-B'...]
[2025-04-23T01:36:02.425+0000] {cursor.py:1041} INFO - query execution done
[2025-04-23T01:36:02.473+0000] {cursor.py:1205} INFO - Number of results in first chunk: 0
[2025-04-23T01:36:05.862+0000] {mbta_kafka_consumer.py:104} INFO - 🔁 0 new/updated records out of 178 incoming records (some may be duplicate VEHICLE_IDs) for MBTA_ROUTES
[2025-04-23T01:36:05.865+0000] {mbta_kafka_consumer.py:107} INFO - ✅ All 178 records already up-to-date in MBTA_ROUTES, no merge needed.
[2025-04-23T01:36:05.867+0000] {mbta_kafka_consumer.py:233} INFO - 📥 Received 178 records from topic: mbta_routes
[2025-04-23T01:36:05.886+0000] {mbta_kafka_consumer.py:56} INFO - 🔍 Sample data for MBTA_ROUTES:
[2025-04-23T01:36:05.888+0000] {mbta_kafka_consumer.py:57} INFO - 
   ROUTE_ID        ROUTE_NAME  ...  ROUTE_COLOR                 CREATED_AT
0       Red          Red Line  ...       DA291C 2025-04-23 01:36:05.869197
1  Mattapan  Mattapan Trolley  ...       DA291C 2025-04-23 01:36:05.869206
2    Orange       Orange Line  ...       ED8B00 2025-04-23 01:36:05.869207
3   Green-B      Green Line B  ...       00843D 2025-04-23 01:36:05.869208
4   Green-C      Green Line C  ...       00843D 2025-04-23 01:36:05.869225

[5 rows x 5 columns]
[2025-04-23T01:36:05.911+0000] {cursor.py:1028} INFO - query: [SELECT * FROM MBTA_ROUTES WHERE ROUTE_ID IN ('Red','Mattapan','Orange','Green-B'...]
[2025-04-23T01:36:06.536+0000] {cursor.py:1041} INFO - query execution done
[2025-04-23T01:36:06.540+0000] {cursor.py:1205} INFO - Number of results in first chunk: 0
[2025-04-23T01:36:07.002+0000] {mbta_kafka_consumer.py:104} INFO - 🔁 0 new/updated records out of 178 incoming records (some may be duplicate VEHICLE_IDs) for MBTA_ROUTES
[2025-04-23T01:36:07.003+0000] {mbta_kafka_consumer.py:107} INFO - ✅ All 178 records already up-to-date in MBTA_ROUTES, no merge needed.
[2025-04-23T01:36:07.005+0000] {mbta_kafka_consumer.py:233} INFO - 📥 Received 178 records from topic: mbta_routes
[2025-04-23T01:36:07.016+0000] {mbta_kafka_consumer.py:56} INFO - 🔍 Sample data for MBTA_ROUTES:
[2025-04-23T01:36:07.017+0000] {mbta_kafka_consumer.py:57} INFO - 
   ROUTE_ID        ROUTE_NAME  ...  ROUTE_COLOR                 CREATED_AT
0       Red          Red Line  ...       DA291C 2025-04-23 01:36:07.007435
1  Mattapan  Mattapan Trolley  ...       DA291C 2025-04-23 01:36:07.007461
2    Orange       Orange Line  ...       ED8B00 2025-04-23 01:36:07.007464
3   Green-B      Green Line B  ...       00843D 2025-04-23 01:36:07.007509
4   Green-C      Green Line C  ...       00843D 2025-04-23 01:36:07.007515

[5 rows x 5 columns]
[2025-04-23T01:36:07.040+0000] {cursor.py:1028} INFO - query: [SELECT * FROM MBTA_ROUTES WHERE ROUTE_ID IN ('Red','Mattapan','Orange','Green-B'...]
[2025-04-23T01:36:07.185+0000] {cursor.py:1041} INFO - query execution done
[2025-04-23T01:36:07.187+0000] {cursor.py:1205} INFO - Number of results in first chunk: 0
[2025-04-23T01:36:08.566+0000] {mbta_kafka_consumer.py:104} INFO - 🔁 0 new/updated records out of 178 incoming records (some may be duplicate VEHICLE_IDs) for MBTA_ROUTES
[2025-04-23T01:36:08.580+0000] {mbta_kafka_consumer.py:107} INFO - ✅ All 178 records already up-to-date in MBTA_ROUTES, no merge needed.
[2025-04-23T01:36:08.583+0000] {mbta_kafka_consumer.py:233} INFO - 📥 Received 178 records from topic: mbta_routes
[2025-04-23T01:36:08.627+0000] {mbta_kafka_consumer.py:56} INFO - 🔍 Sample data for MBTA_ROUTES:
[2025-04-23T01:36:08.631+0000] {mbta_kafka_consumer.py:57} INFO - 
   ROUTE_ID        ROUTE_NAME  ...  ROUTE_COLOR                 CREATED_AT
0       Red          Red Line  ...       DA291C 2025-04-23 01:36:08.589757
1  Mattapan  Mattapan Trolley  ...       DA291C 2025-04-23 01:36:08.589788
2    Orange       Orange Line  ...       ED8B00 2025-04-23 01:36:08.589792
3   Green-B      Green Line B  ...       00843D 2025-04-23 01:36:08.589794
4   Green-C      Green Line C  ...       00843D 2025-04-23 01:36:08.589796

[5 rows x 5 columns]
[2025-04-23T01:36:08.665+0000] {cursor.py:1028} INFO - query: [SELECT * FROM MBTA_ROUTES WHERE ROUTE_ID IN ('Red','Mattapan','Orange','Green-B'...]
[2025-04-23T01:36:08.866+0000] {cursor.py:1041} INFO - query execution done
[2025-04-23T01:36:08.875+0000] {cursor.py:1205} INFO - Number of results in first chunk: 0
[2025-04-23T01:36:09.493+0000] {mbta_kafka_consumer.py:104} INFO - 🔁 0 new/updated records out of 178 incoming records (some may be duplicate VEHICLE_IDs) for MBTA_ROUTES
[2025-04-23T01:36:09.506+0000] {mbta_kafka_consumer.py:107} INFO - ✅ All 178 records already up-to-date in MBTA_ROUTES, no merge needed.
[2025-04-23T01:36:09.520+0000] {mbta_kafka_consumer.py:233} INFO - 📥 Received 178 records from topic: mbta_routes
[2025-04-23T01:36:09.621+0000] {mbta_kafka_consumer.py:56} INFO - 🔍 Sample data for MBTA_ROUTES:
[2025-04-23T01:36:09.623+0000] {mbta_kafka_consumer.py:57} INFO - 
   ROUTE_ID        ROUTE_NAME  ...  ROUTE_COLOR                 CREATED_AT
0       Red          Red Line  ...       DA291C 2025-04-23 01:36:09.526083
1  Mattapan  Mattapan Trolley  ...       DA291C 2025-04-23 01:36:09.526112
2    Orange       Orange Line  ...       ED8B00 2025-04-23 01:36:09.526113
3   Green-B      Green Line B  ...       00843D 2025-04-23 01:36:09.526116
4   Green-C      Green Line C  ...       00843D 2025-04-23 01:36:09.526117

[5 rows x 5 columns]
[2025-04-23T01:36:09.730+0000] {cursor.py:1028} INFO - query: [SELECT * FROM MBTA_ROUTES WHERE ROUTE_ID IN ('Red','Mattapan','Orange','Green-B'...]
[2025-04-23T01:36:09.943+0000] {cursor.py:1041} INFO - query execution done
[2025-04-23T01:36:09.945+0000] {cursor.py:1205} INFO - Number of results in first chunk: 0
[2025-04-23T01:36:10.543+0000] {mbta_kafka_consumer.py:104} INFO - 🔁 0 new/updated records out of 178 incoming records (some may be duplicate VEHICLE_IDs) for MBTA_ROUTES
[2025-04-23T01:36:10.552+0000] {mbta_kafka_consumer.py:107} INFO - ✅ All 178 records already up-to-date in MBTA_ROUTES, no merge needed.
[2025-04-23T01:36:10.554+0000] {mbta_kafka_consumer.py:233} INFO - 📥 Received 178 records from topic: mbta_routes
[2025-04-23T01:36:10.570+0000] {mbta_kafka_consumer.py:56} INFO - 🔍 Sample data for MBTA_ROUTES:
[2025-04-23T01:36:10.571+0000] {mbta_kafka_consumer.py:57} INFO - 
   ROUTE_ID        ROUTE_NAME  ...  ROUTE_COLOR                 CREATED_AT
0       Red          Red Line  ...       DA291C 2025-04-23 01:36:10.555877
1  Mattapan  Mattapan Trolley  ...       DA291C 2025-04-23 01:36:10.555884
2    Orange       Orange Line  ...       ED8B00 2025-04-23 01:36:10.555896
3   Green-B      Green Line B  ...       00843D 2025-04-23 01:36:10.555914
4   Green-C      Green Line C  ...       00843D 2025-04-23 01:36:10.555915

[5 rows x 5 columns]
[2025-04-23T01:36:10.588+0000] {cursor.py:1028} INFO - query: [SELECT * FROM MBTA_ROUTES WHERE ROUTE_ID IN ('Red','Mattapan','Orange','Green-B'...]
[2025-04-23T01:36:10.769+0000] {cursor.py:1041} INFO - query execution done
[2025-04-23T01:36:10.783+0000] {cursor.py:1205} INFO - Number of results in first chunk: 0
[2025-04-23T01:36:11.670+0000] {mbta_kafka_consumer.py:104} INFO - 🔁 0 new/updated records out of 178 incoming records (some may be duplicate VEHICLE_IDs) for MBTA_ROUTES
[2025-04-23T01:36:11.683+0000] {mbta_kafka_consumer.py:107} INFO - ✅ All 178 records already up-to-date in MBTA_ROUTES, no merge needed.
[2025-04-23T01:36:11.687+0000] {mbta_kafka_consumer.py:233} INFO - 📥 Received 178 records from topic: mbta_routes
[2025-04-23T01:36:11.709+0000] {mbta_kafka_consumer.py:56} INFO - 🔍 Sample data for MBTA_ROUTES:
[2025-04-23T01:36:11.710+0000] {mbta_kafka_consumer.py:57} INFO - 
   ROUTE_ID        ROUTE_NAME  ...  ROUTE_COLOR                 CREATED_AT
0       Red          Red Line  ...       DA291C 2025-04-23 01:36:11.688155
1  Mattapan  Mattapan Trolley  ...       DA291C 2025-04-23 01:36:11.688176
2    Orange       Orange Line  ...       ED8B00 2025-04-23 01:36:11.688183
3   Green-B      Green Line B  ...       00843D 2025-04-23 01:36:11.688184
4   Green-C      Green Line C  ...       00843D 2025-04-23 01:36:11.688187

[5 rows x 5 columns]
[2025-04-23T01:36:11.730+0000] {cursor.py:1028} INFO - query: [SELECT * FROM MBTA_ROUTES WHERE ROUTE_ID IN ('Red','Mattapan','Orange','Green-B'...]
[2025-04-23T01:36:11.930+0000] {cursor.py:1041} INFO - query execution done
[2025-04-23T01:36:11.932+0000] {cursor.py:1205} INFO - Number of results in first chunk: 0
[2025-04-23T01:36:12.420+0000] {mbta_kafka_consumer.py:104} INFO - 🔁 0 new/updated records out of 178 incoming records (some may be duplicate VEHICLE_IDs) for MBTA_ROUTES
[2025-04-23T01:36:12.422+0000] {mbta_kafka_consumer.py:107} INFO - ✅ All 178 records already up-to-date in MBTA_ROUTES, no merge needed.
[2025-04-23T01:36:12.424+0000] {mbta_kafka_consumer.py:233} INFO - 📥 Received 21 records from topic: mbta_predictions
[2025-04-23T01:36:12.440+0000] {mbta_kafka_consumer.py:56} INFO - 🔍 Sample data for MBTA_PREDICTIONS:
[2025-04-23T01:36:12.445+0000] {mbta_kafka_consumer.py:57} INFO - 
                               PREDICTION_ID  ...                 CREATED_AT
0  prediction-ADDED-1582321107-70080-130-Red  ... 2025-04-23 01:36:12.425590
1           prediction-67995063-70079-90-Red  ... 2025-04-23 01:36:12.425644
2  prediction-ADDED-1582321105-70080-130-Red  ... 2025-04-23 01:36:12.425656
3           prediction-67995065-70079-90-Red  ... 2025-04-23 01:36:12.425678
4   prediction-ADDED-1582321089-70079-90-Red  ... 2025-04-23 01:36:12.425685

[5 rows x 9 columns]
[2025-04-23T01:36:12.454+0000] {cursor.py:1028} INFO - query: [SELECT * FROM MBTA_PREDICTIONS WHERE PREDICTION_ID IN ('prediction-ADDED-1582321...]
[2025-04-23T01:36:12.631+0000] {cursor.py:1041} INFO - query execution done
[2025-04-23T01:36:12.638+0000] {cursor.py:1205} INFO - Number of results in first chunk: 21
[2025-04-23T01:36:12.718+0000] {mbta_kafka_consumer.py:104} INFO - 🔁 21 new/updated records out of 21 incoming records (some may be duplicate VEHICLE_IDs) for MBTA_PREDICTIONS
[2025-04-23T01:36:12.721+0000] {cursor.py:1028} INFO - query: [MERGE INTO MBTA_PREDICTIONS AS target USING (SELECT 'prediction-ADDED-1582321107...]
[2025-04-23T01:36:15.349+0000] {cursor.py:1041} INFO - query execution done
[2025-04-23T01:36:15.431+0000] {cursor.py:1028} INFO - query: [MERGE INTO MBTA_PREDICTIONS AS target USING (SELECT 'prediction-67995063-70079-9...]
[2025-04-23T01:36:18.730+0000] {cursor.py:1041} INFO - query execution done
[2025-04-23T01:36:18.433+0000] {cursor.py:1028} INFO - query: [MERGE INTO MBTA_PREDICTIONS AS target USING (SELECT 'prediction-ADDED-1582321105...]
[2025-04-23T01:36:20.918+0000] {cursor.py:1041} INFO - query execution done
[2025-04-23T01:36:20.935+0000] {cursor.py:1028} INFO - query: [MERGE INTO MBTA_PREDICTIONS AS target USING (SELECT 'prediction-67995065-70079-9...]
[2025-04-23T01:36:23.778+0000] {cursor.py:1041} INFO - query execution done
[2025-04-23T01:36:23.785+0000] {cursor.py:1028} INFO - query: [MERGE INTO MBTA_PREDICTIONS AS target USING (SELECT 'prediction-ADDED-1582321089...]
[2025-04-23T01:36:26.120+0000] {cursor.py:1041} INFO - query execution done
[2025-04-23T01:36:26.131+0000] {cursor.py:1028} INFO - query: [MERGE INTO MBTA_PREDICTIONS AS target USING (SELECT 'prediction-67995080-70080-1...]
[2025-04-23T01:36:28.498+0000] {cursor.py:1041} INFO - query execution done
[2025-04-23T01:36:28.504+0000] {cursor.py:1028} INFO - query: [MERGE INTO MBTA_PREDICTIONS AS target USING (SELECT 'prediction-67995069-70079-9...]
[2025-04-23T01:36:31.202+0000] {cursor.py:1041} INFO - query execution done
[2025-04-23T01:36:31.205+0000] {cursor.py:1028} INFO - query: [MERGE INTO MBTA_PREDICTIONS AS target USING (SELECT 'prediction-67995082-70080-1...]
[2025-04-23T01:36:36.173+0000] {cursor.py:1041} INFO - query execution done
[2025-04-23T01:36:36.248+0000] {cursor.py:1028} INFO - query: [MERGE INTO MBTA_PREDICTIONS AS target USING (SELECT 'prediction-67995071-70079-9...]
[2025-04-23T01:36:39.463+0000] {cursor.py:1041} INFO - query execution done
[2025-04-23T01:36:39.468+0000] {cursor.py:1028} INFO - query: [MERGE INTO MBTA_PREDICTIONS AS target USING (SELECT 'prediction-67995086-70080-1...]
[2025-04-23T01:36:42.333+0000] {cursor.py:1041} INFO - query execution done
[2025-04-23T01:36:42.336+0000] {cursor.py:1028} INFO - query: [MERGE INTO MBTA_PREDICTIONS AS target USING (SELECT 'prediction-67995073-70079-9...]
[2025-04-23T01:36:45.128+0000] {cursor.py:1041} INFO - query execution done
[2025-04-23T01:36:45.232+0000] {cursor.py:1028} INFO - query: [MERGE INTO MBTA_PREDICTIONS AS target USING (SELECT 'prediction-67995090-70080-1...]
[2025-04-23T01:36:47.271+0000] {cursor.py:1041} INFO - query execution done
[2025-04-23T01:36:47.331+0000] {cursor.py:1028} INFO - query: [MERGE INTO MBTA_PREDICTIONS AS target USING (SELECT 'prediction-67995075-70079-9...]
[2025-04-23T01:36:49.758+0000] {cursor.py:1041} INFO - query execution done
[2025-04-23T01:36:49.783+0000] {cursor.py:1028} INFO - query: [MERGE INTO MBTA_PREDICTIONS AS target USING (SELECT 'prediction-67995094-70080-1...]
[2025-04-23T01:36:52.799+0000] {cursor.py:1041} INFO - query execution done
[2025-04-23T01:36:52.809+0000] {cursor.py:1028} INFO - query: [MERGE INTO MBTA_PREDICTIONS AS target USING (SELECT 'prediction-ADDED-1582321108...]
[2025-04-23T01:36:56.404+0000] {cursor.py:1041} INFO - query execution done
[2025-04-23T01:36:56.473+0000] {cursor.py:1028} INFO - query: [MERGE INTO MBTA_PREDICTIONS AS target USING (SELECT 'prediction-67995079-70079-9...]
[2025-04-23T01:36:59.152+0000] {cursor.py:1041} INFO - query execution done
[2025-04-23T01:36:59.357+0000] {cursor.py:1028} INFO - query: [MERGE INTO MBTA_PREDICTIONS AS target USING (SELECT 'prediction-67995098-70080-1...]
[2025-04-23T01:37:01.409+0000] {cursor.py:1041} INFO - query execution done
[2025-04-23T01:37:01.415+0000] {cursor.py:1028} INFO - query: [MERGE INTO MBTA_PREDICTIONS AS target USING (SELECT 'prediction-67995081-70079-9...]
[2025-04-23T01:37:03.919+0000] {cursor.py:1041} INFO - query execution done
[2025-04-23T01:37:03.922+0000] {cursor.py:1028} INFO - query: [MERGE INTO MBTA_PREDICTIONS AS target USING (SELECT 'prediction-67995102-70080-1...]
[2025-04-23T01:37:06.459+0000] {cursor.py:1041} INFO - query execution done
[2025-04-23T01:37:06.463+0000] {cursor.py:1028} INFO - query: [MERGE INTO MBTA_PREDICTIONS AS target USING (SELECT 'prediction-67995083-70079-9...]
[2025-04-23T01:37:09.173+0000] {cursor.py:1041} INFO - query execution done
[2025-04-23T01:37:09.184+0000] {cursor.py:1028} INFO - query: [MERGE INTO MBTA_PREDICTIONS AS target USING (SELECT 'prediction-67995106-70080-1...]
[2025-04-23T01:37:11.409+0000] {cursor.py:1041} INFO - query execution done
[2025-04-23T01:37:11.417+0000] {cursor.py:1028} INFO - query: [COMMIT]
[2025-04-23T01:37:11.569+0000] {cursor.py:1041} INFO - query execution done
[2025-04-23T01:37:11.571+0000] {cursor.py:1205} INFO - Number of results in first chunk: 1
[2025-04-23T01:37:11.573+0000] {mbta_kafka_consumer.py:139} INFO - ✅ Merged 21 new/changed records into Snowflake table: MBTA_PREDICTIONS in 59.12 seconds
[2025-04-23T01:37:11.579+0000] {mbta_kafka_consumer.py:233} INFO - 📥 Received 21 records from topic: mbta_predictions
[2025-04-23T01:37:11.622+0000] {mbta_kafka_consumer.py:56} INFO - 🔍 Sample data for MBTA_PREDICTIONS:
[2025-04-23T01:37:11.622+0000] {mbta_kafka_consumer.py:57} INFO - 
                               PREDICTION_ID  ...                 CREATED_AT
0  prediction-ADDED-1582321107-70080-130-Red  ... 2025-04-23 01:37:11.580729
1           prediction-67995063-70079-90-Red  ... 2025-04-23 01:37:11.580743
2  prediction-ADDED-1582321105-70080-130-Red  ... 2025-04-23 01:37:11.580748
3           prediction-67995065-70079-90-Red  ... 2025-04-23 01:37:11.580751
4   prediction-ADDED-1582321089-70079-90-Red  ... 2025-04-23 01:37:11.581212

[5 rows x 9 columns]
[2025-04-23T01:37:11.641+0000] {cursor.py:1028} INFO - query: [SELECT * FROM MBTA_PREDICTIONS WHERE PREDICTION_ID IN ('prediction-ADDED-1582321...]
[2025-04-23T01:37:11.873+0000] {cursor.py:1041} INFO - query execution done
[2025-04-23T01:37:11.877+0000] {cursor.py:1205} INFO - Number of results in first chunk: 21
[2025-04-23T01:37:11.963+0000] {mbta_kafka_consumer.py:104} INFO - 🔁 21 new/updated records out of 21 incoming records (some may be duplicate VEHICLE_IDs) for MBTA_PREDICTIONS
[2025-04-23T01:37:11.964+0000] {cursor.py:1028} INFO - query: [MERGE INTO MBTA_PREDICTIONS AS target USING (SELECT 'prediction-ADDED-1582321107...]
[2025-04-23T01:37:14.379+0000] {cursor.py:1041} INFO - query execution done
[2025-04-23T01:37:14.389+0000] {cursor.py:1028} INFO - query: [MERGE INTO MBTA_PREDICTIONS AS target USING (SELECT 'prediction-67995063-70079-9...]
[2025-04-23T01:37:16.792+0000] {cursor.py:1041} INFO - query execution done
[2025-04-23T01:37:16.797+0000] {cursor.py:1028} INFO - query: [MERGE INTO MBTA_PREDICTIONS AS target USING (SELECT 'prediction-ADDED-1582321105...]
[2025-04-23T01:37:19.287+0000] {cursor.py:1041} INFO - query execution done
[2025-04-23T01:37:19.309+0000] {cursor.py:1028} INFO - query: [MERGE INTO MBTA_PREDICTIONS AS target USING (SELECT 'prediction-67995065-70079-9...]
[2025-04-23T01:37:26.675+0000] {cursor.py:1041} INFO - query execution done
[2025-04-23T01:37:26.691+0000] {cursor.py:1028} INFO - query: [MERGE INTO MBTA_PREDICTIONS AS target USING (SELECT 'prediction-ADDED-1582321089...]
[2025-04-23T01:37:28.072+0000] {cursor.py:1041} INFO - query execution done
[2025-04-23T01:37:28.084+0000] {cursor.py:1028} INFO - query: [MERGE INTO MBTA_PREDICTIONS AS target USING (SELECT 'prediction-67995080-70080-1...]
[2025-04-23T01:37:30.664+0000] {cursor.py:1041} INFO - query execution done
[2025-04-23T01:37:30.694+0000] {cursor.py:1028} INFO - query: [MERGE INTO MBTA_PREDICTIONS AS target USING (SELECT 'prediction-67995069-70079-9...]
[2025-04-23T01:37:33.064+0000] {cursor.py:1041} INFO - query execution done
[2025-04-23T01:37:33.078+0000] {cursor.py:1028} INFO - query: [MERGE INTO MBTA_PREDICTIONS AS target USING (SELECT 'prediction-67995082-70080-1...]
[2025-04-23T01:37:35.693+0000] {cursor.py:1041} INFO - query execution done
[2025-04-23T01:37:35.697+0000] {cursor.py:1028} INFO - query: [MERGE INTO MBTA_PREDICTIONS AS target USING (SELECT 'prediction-67995071-70079-9...]
[2025-04-23T01:37:38.096+0000] {cursor.py:1041} INFO - query execution done
[2025-04-23T01:37:38.100+0000] {cursor.py:1028} INFO - query: [MERGE INTO MBTA_PREDICTIONS AS target USING (SELECT 'prediction-67995086-70080-1...]
[2025-04-23T01:37:41.582+0000] {cursor.py:1041} INFO - query execution done
[2025-04-23T01:37:41.606+0000] {cursor.py:1028} INFO - query: [MERGE INTO MBTA_PREDICTIONS AS target USING (SELECT 'prediction-67995073-70079-9...]
[2025-04-23T01:37:43.669+0000] {cursor.py:1041} INFO - query execution done
[2025-04-23T01:37:43.675+0000] {cursor.py:1028} INFO - query: [MERGE INTO MBTA_PREDICTIONS AS target USING (SELECT 'prediction-67995090-70080-1...]
[2025-04-23T01:37:47.443+0000] {cursor.py:1041} INFO - query execution done
[2025-04-23T01:37:47.446+0000] {cursor.py:1028} INFO - query: [MERGE INTO MBTA_PREDICTIONS AS target USING (SELECT 'prediction-67995075-70079-9...]
[2025-04-23T01:37:49.829+0000] {cursor.py:1041} INFO - query execution done
[2025-04-23T01:37:49.832+0000] {cursor.py:1028} INFO - query: [MERGE INTO MBTA_PREDICTIONS AS target USING (SELECT 'prediction-67995094-70080-1...]
[2025-04-23T01:37:53.618+0000] {cursor.py:1041} INFO - query execution done
[2025-04-23T01:37:53.634+0000] {cursor.py:1028} INFO - query: [MERGE INTO MBTA_PREDICTIONS AS target USING (SELECT 'prediction-ADDED-1582321108...]
[2025-04-23T01:37:56.333+0000] {cursor.py:1041} INFO - query execution done
[2025-04-23T01:37:56.340+0000] {cursor.py:1028} INFO - query: [MERGE INTO MBTA_PREDICTIONS AS target USING (SELECT 'prediction-67995079-70079-9...]
[2025-04-23T01:37:59.109+0000] {cursor.py:1041} INFO - query execution done
[2025-04-23T01:37:59.167+0000] {cursor.py:1028} INFO - query: [MERGE INTO MBTA_PREDICTIONS AS target USING (SELECT 'prediction-67995098-70080-1...]
[2025-04-23T01:38:01.841+0000] {cursor.py:1041} INFO - query execution done
[2025-04-23T01:38:01.851+0000] {cursor.py:1028} INFO - query: [MERGE INTO MBTA_PREDICTIONS AS target USING (SELECT 'prediction-67995081-70079-9...]
[2025-04-23T01:38:04.744+0000] {cursor.py:1041} INFO - query execution done
[2025-04-23T01:38:04.759+0000] {cursor.py:1028} INFO - query: [MERGE INTO MBTA_PREDICTIONS AS target USING (SELECT 'prediction-67995102-70080-1...]
[2025-04-23T01:38:07.677+0000] {cursor.py:1041} INFO - query execution done
[2025-04-23T01:38:07.683+0000] {cursor.py:1028} INFO - query: [MERGE INTO MBTA_PREDICTIONS AS target USING (SELECT 'prediction-67995083-70079-9...]
[2025-04-23T01:38:10.131+0000] {cursor.py:1041} INFO - query execution done
[2025-04-23T01:38:10.138+0000] {cursor.py:1028} INFO - query: [MERGE INTO MBTA_PREDICTIONS AS target USING (SELECT 'prediction-67995106-70080-1...]
[2025-04-23T01:38:13.016+0000] {cursor.py:1041} INFO - query execution done
[2025-04-23T01:38:13.039+0000] {cursor.py:1028} INFO - query: [COMMIT]
[2025-04-23T01:38:13.272+0000] {cursor.py:1041} INFO - query execution done
[2025-04-23T01:38:13.283+0000] {cursor.py:1205} INFO - Number of results in first chunk: 1
[2025-04-23T01:38:13.310+0000] {mbta_kafka_consumer.py:139} INFO - ✅ Merged 21 new/changed records into Snowflake table: MBTA_PREDICTIONS in 61.67 seconds
[2025-04-23T01:38:13.335+0000] {mbta_kafka_consumer.py:233} INFO - 📥 Received 21 records from topic: mbta_predictions
[2025-04-23T01:38:13.608+0000] {mbta_kafka_consumer.py:56} INFO - 🔍 Sample data for MBTA_PREDICTIONS:
[2025-04-23T01:38:13.616+0000] {mbta_kafka_consumer.py:57} INFO - 
                               PREDICTION_ID  ...                 CREATED_AT
0  prediction-ADDED-1582321107-70080-130-Red  ... 2025-04-23 01:38:13.342829
1           prediction-67995063-70079-90-Red  ... 2025-04-23 01:38:13.342894
2  prediction-ADDED-1582321105-70080-130-Red  ... 2025-04-23 01:38:13.343022
3           prediction-67995065-70079-90-Red  ... 2025-04-23 01:38:13.343027
4   prediction-ADDED-1582321089-70079-90-Red  ... 2025-04-23 01:38:13.343029

[5 rows x 9 columns]
[2025-04-23T01:38:13.895+0000] {cursor.py:1028} INFO - query: [SELECT * FROM MBTA_PREDICTIONS WHERE PREDICTION_ID IN ('prediction-ADDED-1582321...]
[2025-04-23T01:38:14.111+0000] {cursor.py:1041} INFO - query execution done
[2025-04-23T01:38:14.112+0000] {cursor.py:1205} INFO - Number of results in first chunk: 21
[2025-04-23T01:38:14.164+0000] {mbta_kafka_consumer.py:104} INFO - 🔁 21 new/updated records out of 21 incoming records (some may be duplicate VEHICLE_IDs) for MBTA_PREDICTIONS
[2025-04-23T01:38:14.166+0000] {cursor.py:1028} INFO - query: [MERGE INTO MBTA_PREDICTIONS AS target USING (SELECT 'prediction-ADDED-1582321107...]
[2025-04-23T01:38:16.854+0000] {cursor.py:1041} INFO - query execution done
[2025-04-23T01:38:16.857+0000] {cursor.py:1028} INFO - query: [MERGE INTO MBTA_PREDICTIONS AS target USING (SELECT 'prediction-67995063-70079-9...]
[2025-04-23T01:38:19.573+0000] {cursor.py:1041} INFO - query execution done
[2025-04-23T01:38:19.576+0000] {cursor.py:1028} INFO - query: [MERGE INTO MBTA_PREDICTIONS AS target USING (SELECT 'prediction-ADDED-1582321105...]
[2025-04-23T01:38:22.224+0000] {cursor.py:1041} INFO - query execution done
[2025-04-23T01:38:22.361+0000] {cursor.py:1028} INFO - query: [MERGE INTO MBTA_PREDICTIONS AS target USING (SELECT 'prediction-67995065-70079-9...]
[2025-04-23T01:38:25.338+0000] {cursor.py:1041} INFO - query execution done
[2025-04-23T01:38:25.349+0000] {cursor.py:1028} INFO - query: [MERGE INTO MBTA_PREDICTIONS AS target USING (SELECT 'prediction-ADDED-1582321089...]
[2025-04-23T01:38:28.406+0000] {cursor.py:1041} INFO - query execution done
[2025-04-23T01:38:28.414+0000] {cursor.py:1028} INFO - query: [MERGE INTO MBTA_PREDICTIONS AS target USING (SELECT 'prediction-67995080-70080-1...]
[2025-04-23T01:38:34.689+0000] {cursor.py:1041} INFO - query execution done
[2025-04-23T01:38:35.530+0000] {cursor.py:1028} INFO - query: [MERGE INTO MBTA_PREDICTIONS AS target USING (SELECT 'prediction-67995069-70079-9...]
[2025-04-23T01:38:40.686+0000] {cursor.py:1041} INFO - query execution done
[2025-04-23T01:38:40.839+0000] {cursor.py:1028} INFO - query: [MERGE INTO MBTA_PREDICTIONS AS target USING (SELECT 'prediction-67995082-70080-1...]
[2025-04-23T01:38:41.751+0000] {cursor.py:1041} INFO - query execution done
[2025-04-23T01:38:41.768+0000] {cursor.py:1028} INFO - query: [MERGE INTO MBTA_PREDICTIONS AS target USING (SELECT 'prediction-67995071-70079-9...]
[2025-04-23T01:38:43.312+0000] {cursor.py:1041} INFO - query execution done
[2025-04-23T01:38:43.322+0000] {cursor.py:1028} INFO - query: [MERGE INTO MBTA_PREDICTIONS AS target USING (SELECT 'prediction-67995086-70080-1...]
[2025-04-23T01:38:46.115+0000] {cursor.py:1041} INFO - query execution done
[2025-04-23T01:38:46.128+0000] {cursor.py:1028} INFO - query: [MERGE INTO MBTA_PREDICTIONS AS target USING (SELECT 'prediction-67995073-70079-9...]
[2025-04-23T01:38:48.159+0000] {cursor.py:1041} INFO - query execution done
[2025-04-23T01:38:48.167+0000] {cursor.py:1028} INFO - query: [MERGE INTO MBTA_PREDICTIONS AS target USING (SELECT 'prediction-67995090-70080-1...]
[2025-04-23T01:38:50.729+0000] {cursor.py:1041} INFO - query execution done
[2025-04-23T01:38:50.739+0000] {cursor.py:1028} INFO - query: [MERGE INTO MBTA_PREDICTIONS AS target USING (SELECT 'prediction-67995075-70079-9...]
[2025-04-23T01:38:53.303+0000] {cursor.py:1041} INFO - query execution done
[2025-04-23T01:38:53.312+0000] {cursor.py:1028} INFO - query: [MERGE INTO MBTA_PREDICTIONS AS target USING (SELECT 'prediction-67995094-70080-1...]
[2025-04-23T01:38:55.395+0000] {cursor.py:1041} INFO - query execution done
[2025-04-23T01:38:55.403+0000] {cursor.py:1028} INFO - query: [MERGE INTO MBTA_PREDICTIONS AS target USING (SELECT 'prediction-ADDED-1582321108...]
[2025-04-23T01:38:57.652+0000] {cursor.py:1041} INFO - query execution done
[2025-04-23T01:38:57.657+0000] {cursor.py:1028} INFO - query: [MERGE INTO MBTA_PREDICTIONS AS target USING (SELECT 'prediction-67995079-70079-9...]
[2025-04-23T01:39:00.061+0000] {cursor.py:1041} INFO - query execution done
[2025-04-23T01:39:00.193+0000] {cursor.py:1028} INFO - query: [MERGE INTO MBTA_PREDICTIONS AS target USING (SELECT 'prediction-67995098-70080-1...]
[2025-04-23T01:39:02.370+0000] {cursor.py:1041} INFO - query execution done
[2025-04-23T01:39:02.373+0000] {cursor.py:1028} INFO - query: [MERGE INTO MBTA_PREDICTIONS AS target USING (SELECT 'prediction-67995081-70079-9...]
[2025-04-23T01:39:04.903+0000] {cursor.py:1041} INFO - query execution done
[2025-04-23T01:39:04.910+0000] {cursor.py:1028} INFO - query: [MERGE INTO MBTA_PREDICTIONS AS target USING (SELECT 'prediction-67995102-70080-1...]
[2025-04-23T01:39:07.528+0000] {cursor.py:1041} INFO - query execution done
[2025-04-23T01:39:07.531+0000] {cursor.py:1028} INFO - query: [MERGE INTO MBTA_PREDICTIONS AS target USING (SELECT 'prediction-67995083-70079-9...]
[2025-04-23T01:39:10.144+0000] {cursor.py:1041} INFO - query execution done
[2025-04-23T01:39:10.147+0000] {cursor.py:1028} INFO - query: [MERGE INTO MBTA_PREDICTIONS AS target USING (SELECT 'prediction-67995106-70080-1...]
[2025-04-23T01:39:12.669+0000] {cursor.py:1041} INFO - query execution done
[2025-04-23T01:39:12.676+0000] {cursor.py:1028} INFO - query: [COMMIT]
[2025-04-23T01:39:12.841+0000] {cursor.py:1041} INFO - query execution done
[2025-04-23T01:39:12.841+0000] {cursor.py:1205} INFO - Number of results in first chunk: 1
[2025-04-23T01:39:12.842+0000] {mbta_kafka_consumer.py:139} INFO - ✅ Merged 21 new/changed records into Snowflake table: MBTA_PREDICTIONS in 58.95 seconds
[2025-04-23T01:39:12.850+0000] {mbta_kafka_consumer.py:233} INFO - 📥 Received 21 records from topic: mbta_predictions
[2025-04-23T01:39:12.873+0000] {mbta_kafka_consumer.py:56} INFO - 🔍 Sample data for MBTA_PREDICTIONS:
[2025-04-23T01:39:12.873+0000] {mbta_kafka_consumer.py:57} INFO - 
                               PREDICTION_ID  ...                 CREATED_AT
0  prediction-ADDED-1582321107-70080-130-Red  ... 2025-04-23 01:39:12.856433
1           prediction-67995063-70079-90-Red  ... 2025-04-23 01:39:12.856444
2  prediction-ADDED-1582321105-70080-130-Red  ... 2025-04-23 01:39:12.856446
3           prediction-67995065-70079-90-Red  ... 2025-04-23 01:39:12.856458
4   prediction-ADDED-1582321089-70079-90-Red  ... 2025-04-23 01:39:12.856465

[5 rows x 9 columns]
[2025-04-23T01:39:12.886+0000] {cursor.py:1028} INFO - query: [SELECT * FROM MBTA_PREDICTIONS WHERE PREDICTION_ID IN ('prediction-ADDED-1582321...]
[2025-04-23T01:39:13.103+0000] {cursor.py:1041} INFO - query execution done
[2025-04-23T01:39:13.104+0000] {cursor.py:1205} INFO - Number of results in first chunk: 21
[2025-04-23T01:39:13.119+0000] {mbta_kafka_consumer.py:104} INFO - 🔁 21 new/updated records out of 21 incoming records (some may be duplicate VEHICLE_IDs) for MBTA_PREDICTIONS
[2025-04-23T01:39:13.119+0000] {cursor.py:1028} INFO - query: [MERGE INTO MBTA_PREDICTIONS AS target USING (SELECT 'prediction-ADDED-1582321107...]
[2025-04-23T01:39:15.651+0000] {cursor.py:1041} INFO - query execution done
[2025-04-23T01:39:15.667+0000] {cursor.py:1028} INFO - query: [MERGE INTO MBTA_PREDICTIONS AS target USING (SELECT 'prediction-67995063-70079-9...]
[2025-04-23T01:39:17.973+0000] {cursor.py:1041} INFO - query execution done
[2025-04-23T01:39:17.974+0000] {cursor.py:1028} INFO - query: [MERGE INTO MBTA_PREDICTIONS AS target USING (SELECT 'prediction-ADDED-1582321105...]
[2025-04-23T01:39:20.530+0000] {cursor.py:1041} INFO - query execution done
[2025-04-23T01:39:20.537+0000] {cursor.py:1028} INFO - query: [MERGE INTO MBTA_PREDICTIONS AS target USING (SELECT 'prediction-67995065-70079-9...]
[2025-04-23T01:39:23.001+0000] {cursor.py:1041} INFO - query execution done
[2025-04-23T01:39:23.005+0000] {cursor.py:1028} INFO - query: [MERGE INTO MBTA_PREDICTIONS AS target USING (SELECT 'prediction-ADDED-1582321089...]
[2025-04-23T01:39:25.611+0000] {cursor.py:1041} INFO - query execution done
[2025-04-23T01:39:25.613+0000] {cursor.py:1028} INFO - query: [MERGE INTO MBTA_PREDICTIONS AS target USING (SELECT 'prediction-67995080-70080-1...]
[2025-04-23T01:39:28.656+0000] {cursor.py:1041} INFO - query execution done
[2025-04-23T01:39:28.663+0000] {cursor.py:1028} INFO - query: [MERGE INTO MBTA_PREDICTIONS AS target USING (SELECT 'prediction-67995069-70079-9...]
[2025-04-23T01:39:31.271+0000] {cursor.py:1041} INFO - query execution done
[2025-04-23T01:39:31.273+0000] {cursor.py:1028} INFO - query: [MERGE INTO MBTA_PREDICTIONS AS target USING (SELECT 'prediction-67995082-70080-1...]
[2025-04-23T01:39:33.792+0000] {cursor.py:1041} INFO - query execution done
[2025-04-23T01:39:33.796+0000] {cursor.py:1028} INFO - query: [MERGE INTO MBTA_PREDICTIONS AS target USING (SELECT 'prediction-67995071-70079-9...]
[2025-04-23T01:39:36.331+0000] {cursor.py:1041} INFO - query execution done
[2025-04-23T01:39:36.332+0000] {cursor.py:1028} INFO - query: [MERGE INTO MBTA_PREDICTIONS AS target USING (SELECT 'prediction-67995086-70080-1...]
[2025-04-23T01:39:38.980+0000] {cursor.py:1041} INFO - query execution done
[2025-04-23T01:39:38.982+0000] {cursor.py:1028} INFO - query: [MERGE INTO MBTA_PREDICTIONS AS target USING (SELECT 'prediction-67995073-70079-9...]
[2025-04-23T01:39:41.554+0000] {cursor.py:1041} INFO - query execution done
[2025-04-23T01:39:41.556+0000] {cursor.py:1028} INFO - query: [MERGE INTO MBTA_PREDICTIONS AS target USING (SELECT 'prediction-67995090-70080-1...]
[2025-04-23T01:39:45.026+0000] {cursor.py:1041} INFO - query execution done
[2025-04-23T01:39:45.029+0000] {cursor.py:1028} INFO - query: [MERGE INTO MBTA_PREDICTIONS AS target USING (SELECT 'prediction-67995075-70079-9...]
[2025-04-23T01:39:48.023+0000] {cursor.py:1041} INFO - query execution done
[2025-04-23T01:39:48.023+0000] {cursor.py:1028} INFO - query: [MERGE INTO MBTA_PREDICTIONS AS target USING (SELECT 'prediction-67995094-70080-1...]
[2025-04-23T01:39:50.680+0000] {cursor.py:1041} INFO - query execution done
[2025-04-23T01:39:50.687+0000] {cursor.py:1028} INFO - query: [MERGE INTO MBTA_PREDICTIONS AS target USING (SELECT 'prediction-ADDED-1582321108...]
[2025-04-23T01:39:53.875+0000] {cursor.py:1041} INFO - query execution done
[2025-04-23T01:39:53.898+0000] {cursor.py:1028} INFO - query: [MERGE INTO MBTA_PREDICTIONS AS target USING (SELECT 'prediction-67995079-70079-9...]
[2025-04-23T01:39:57.350+0000] {cursor.py:1041} INFO - query execution done
[2025-04-23T01:39:57.362+0000] {cursor.py:1028} INFO - query: [MERGE INTO MBTA_PREDICTIONS AS target USING (SELECT 'prediction-67995098-70080-1...]
[2025-04-23T01:40:00.308+0000] {cursor.py:1041} INFO - query execution done
[2025-04-23T01:40:00.312+0000] {cursor.py:1028} INFO - query: [MERGE INTO MBTA_PREDICTIONS AS target USING (SELECT 'prediction-67995081-70079-9...]
[2025-04-23T01:40:03.493+0000] {cursor.py:1041} INFO - query execution done
[2025-04-23T01:40:03.506+0000] {cursor.py:1028} INFO - query: [MERGE INTO MBTA_PREDICTIONS AS target USING (SELECT 'prediction-67995102-70080-1...]
[2025-04-23T01:40:06.459+0000] {cursor.py:1041} INFO - query execution done
[2025-04-23T01:40:06.468+0000] {cursor.py:1028} INFO - query: [MERGE INTO MBTA_PREDICTIONS AS target USING (SELECT 'prediction-67995083-70079-9...]
[2025-04-23T01:40:09.946+0000] {cursor.py:1041} INFO - query execution done
[2025-04-23T01:40:09.952+0000] {cursor.py:1028} INFO - query: [MERGE INTO MBTA_PREDICTIONS AS target USING (SELECT 'prediction-67995106-70080-1...]
[2025-04-23T01:40:13.136+0000] {cursor.py:1041} INFO - query execution done
[2025-04-23T01:40:13.167+0000] {cursor.py:1028} INFO - query: [COMMIT]
[2025-04-23T01:40:13.341+0000] {cursor.py:1041} INFO - query execution done
[2025-04-23T01:40:13.348+0000] {cursor.py:1205} INFO - Number of results in first chunk: 1
[2025-04-23T01:40:13.349+0000] {mbta_kafka_consumer.py:139} INFO - ✅ Merged 21 new/changed records into Snowflake table: MBTA_PREDICTIONS in 60.46 seconds
[2025-04-23T01:40:13.368+0000] {mbta_kafka_consumer.py:233} INFO - 📥 Received 21 records from topic: mbta_predictions
[2025-04-23T01:40:13.484+0000] {mbta_kafka_consumer.py:56} INFO - 🔍 Sample data for MBTA_PREDICTIONS:
[2025-04-23T01:40:13.486+0000] {mbta_kafka_consumer.py:57} INFO - 
                               PREDICTION_ID  ...                 CREATED_AT
0  prediction-ADDED-1582321107-70080-130-Red  ... 2025-04-23 01:40:13.374877
1           prediction-67995063-70079-90-Red  ... 2025-04-23 01:40:13.374932
2  prediction-ADDED-1582321105-70080-130-Red  ... 2025-04-23 01:40:13.374950
3           prediction-67995065-70079-90-Red  ... 2025-04-23 01:40:13.374961
4   prediction-ADDED-1582321089-70079-90-Red  ... 2025-04-23 01:40:13.374972

[5 rows x 9 columns]
[2025-04-23T01:40:13.542+0000] {cursor.py:1028} INFO - query: [SELECT * FROM MBTA_PREDICTIONS WHERE PREDICTION_ID IN ('prediction-ADDED-1582321...]
[2025-04-23T01:40:13.828+0000] {cursor.py:1041} INFO - query execution done
[2025-04-23T01:40:13.839+0000] {cursor.py:1205} INFO - Number of results in first chunk: 21
[2025-04-23T01:40:13.905+0000] {mbta_kafka_consumer.py:104} INFO - 🔁 21 new/updated records out of 21 incoming records (some may be duplicate VEHICLE_IDs) for MBTA_PREDICTIONS
[2025-04-23T01:40:13.907+0000] {cursor.py:1028} INFO - query: [MERGE INTO MBTA_PREDICTIONS AS target USING (SELECT 'prediction-ADDED-1582321107...]
[2025-04-23T01:40:16.771+0000] {cursor.py:1041} INFO - query execution done
[2025-04-23T01:40:16.774+0000] {cursor.py:1028} INFO - query: [MERGE INTO MBTA_PREDICTIONS AS target USING (SELECT 'prediction-67995063-70079-9...]
[2025-04-23T01:40:19.723+0000] {cursor.py:1041} INFO - query execution done
[2025-04-23T01:40:19.759+0000] {cursor.py:1028} INFO - query: [MERGE INTO MBTA_PREDICTIONS AS target USING (SELECT 'prediction-ADDED-1582321105...]
[2025-04-23T01:40:22.697+0000] {cursor.py:1041} INFO - query execution done
[2025-04-23T01:40:22.703+0000] {cursor.py:1028} INFO - query: [MERGE INTO MBTA_PREDICTIONS AS target USING (SELECT 'prediction-67995065-70079-9...]
[2025-04-23T01:40:25.968+0000] {cursor.py:1041} INFO - query execution done
[2025-04-23T01:40:26.007+0000] {cursor.py:1028} INFO - query: [MERGE INTO MBTA_PREDICTIONS AS target USING (SELECT 'prediction-ADDED-1582321089...]
[2025-04-23T01:40:28.845+0000] {cursor.py:1041} INFO - query execution done
[2025-04-23T01:40:28.853+0000] {cursor.py:1028} INFO - query: [MERGE INTO MBTA_PREDICTIONS AS target USING (SELECT 'prediction-67995080-70080-1...]
[2025-04-23T01:40:31.866+0000] {cursor.py:1041} INFO - query execution done
[2025-04-23T01:40:31.935+0000] {cursor.py:1028} INFO - query: [MERGE INTO MBTA_PREDICTIONS AS target USING (SELECT 'prediction-67995069-70079-9...]
[2025-04-23T01:40:34.632+0000] {cursor.py:1041} INFO - query execution done
[2025-04-23T01:40:34.704+0000] {cursor.py:1028} INFO - query: [MERGE INTO MBTA_PREDICTIONS AS target USING (SELECT 'prediction-67995082-70080-1...]
[2025-04-23T01:40:37.583+0000] {cursor.py:1041} INFO - query execution done
[2025-04-23T01:40:37.585+0000] {cursor.py:1028} INFO - query: [MERGE INTO MBTA_PREDICTIONS AS target USING (SELECT 'prediction-67995071-70079-9...]
[2025-04-23T01:40:40.955+0000] {cursor.py:1041} INFO - query execution done
[2025-04-23T01:40:40.957+0000] {cursor.py:1028} INFO - query: [MERGE INTO MBTA_PREDICTIONS AS target USING (SELECT 'prediction-67995086-70080-1...]
[2025-04-23T01:40:44.211+0000] {cursor.py:1041} INFO - query execution done
[2025-04-23T01:40:44.215+0000] {cursor.py:1028} INFO - query: [MERGE INTO MBTA_PREDICTIONS AS target USING (SELECT 'prediction-67995073-70079-9...]
[2025-04-23T01:40:47.202+0000] {cursor.py:1041} INFO - query execution done
[2025-04-23T01:40:47.205+0000] {cursor.py:1028} INFO - query: [MERGE INTO MBTA_PREDICTIONS AS target USING (SELECT 'prediction-67995090-70080-1...]
[2025-04-23T01:40:50.163+0000] {cursor.py:1041} INFO - query execution done
[2025-04-23T01:40:50.166+0000] {cursor.py:1028} INFO - query: [MERGE INTO MBTA_PREDICTIONS AS target USING (SELECT 'prediction-67995075-70079-9...]
[2025-04-23T01:40:53.180+0000] {cursor.py:1041} INFO - query execution done
[2025-04-23T01:40:53.184+0000] {cursor.py:1028} INFO - query: [MERGE INTO MBTA_PREDICTIONS AS target USING (SELECT 'prediction-67995094-70080-1...]
[2025-04-23T01:40:55.620+0000] {cursor.py:1041} INFO - query execution done
[2025-04-23T01:40:55.624+0000] {cursor.py:1028} INFO - query: [MERGE INTO MBTA_PREDICTIONS AS target USING (SELECT 'prediction-ADDED-1582321108...]
[2025-04-23T01:40:58.933+0000] {cursor.py:1041} INFO - query execution done
[2025-04-23T01:40:58.938+0000] {cursor.py:1028} INFO - query: [MERGE INTO MBTA_PREDICTIONS AS target USING (SELECT 'prediction-67995079-70079-9...]
[2025-04-23T01:41:02.101+0000] {cursor.py:1041} INFO - query execution done
[2025-04-23T01:41:02.133+0000] {cursor.py:1028} INFO - query: [MERGE INTO MBTA_PREDICTIONS AS target USING (SELECT 'prediction-67995098-70080-1...]
[2025-04-23T01:41:05.733+0000] {cursor.py:1041} INFO - query execution done
[2025-04-23T01:41:05.736+0000] {cursor.py:1028} INFO - query: [MERGE INTO MBTA_PREDICTIONS AS target USING (SELECT 'prediction-67995081-70079-9...]
[2025-04-23T01:41:08.899+0000] {cursor.py:1041} INFO - query execution done
[2025-04-23T01:41:08.927+0000] {cursor.py:1028} INFO - query: [MERGE INTO MBTA_PREDICTIONS AS target USING (SELECT 'prediction-67995102-70080-1...]
[2025-04-23T01:41:12.009+0000] {cursor.py:1041} INFO - query execution done
[2025-04-23T01:41:12.015+0000] {cursor.py:1028} INFO - query: [MERGE INTO MBTA_PREDICTIONS AS target USING (SELECT 'prediction-67995083-70079-9...]
[2025-04-23T01:41:15.353+0000] {cursor.py:1041} INFO - query execution done
[2025-04-23T01:41:15.360+0000] {cursor.py:1028} INFO - query: [MERGE INTO MBTA_PREDICTIONS AS target USING (SELECT 'prediction-67995106-70080-1...]
[2025-04-23T01:41:19.192+0000] {cursor.py:1041} INFO - query execution done
[2025-04-23T01:41:19.196+0000] {cursor.py:1028} INFO - query: [COMMIT]
[2025-04-23T01:41:19.329+0000] {cursor.py:1041} INFO - query execution done
[2025-04-23T01:41:19.334+0000] {cursor.py:1205} INFO - Number of results in first chunk: 1
[2025-04-23T01:41:19.334+0000] {mbta_kafka_consumer.py:139} INFO - ✅ Merged 21 new/changed records into Snowflake table: MBTA_PREDICTIONS in 65.80 seconds
[2025-04-23T01:41:19.346+0000] {mbta_kafka_consumer.py:233} INFO - 📥 Received 21 records from topic: mbta_predictions
[2025-04-23T01:41:19.392+0000] {mbta_kafka_consumer.py:56} INFO - 🔍 Sample data for MBTA_PREDICTIONS:
[2025-04-23T01:41:19.396+0000] {mbta_kafka_consumer.py:57} INFO - 
                               PREDICTION_ID  ...                 CREATED_AT
0  prediction-ADDED-1582321107-70080-130-Red  ... 2025-04-23 01:41:19.347520
1           prediction-67995063-70079-90-Red  ... 2025-04-23 01:41:19.347526
2  prediction-ADDED-1582321105-70080-130-Red  ... 2025-04-23 01:41:19.347765
3           prediction-67995065-70079-90-Red  ... 2025-04-23 01:41:19.347777
4   prediction-ADDED-1582321089-70079-90-Red  ... 2025-04-23 01:41:19.347780

[5 rows x 9 columns]
[2025-04-23T01:41:19.453+0000] {cursor.py:1028} INFO - query: [SELECT * FROM MBTA_PREDICTIONS WHERE PREDICTION_ID IN ('prediction-ADDED-1582321...]
[2025-04-23T01:41:19.741+0000] {cursor.py:1041} INFO - query execution done
[2025-04-23T01:41:19.744+0000] {cursor.py:1205} INFO - Number of results in first chunk: 21
[2025-04-23T01:41:19.791+0000] {mbta_kafka_consumer.py:104} INFO - 🔁 21 new/updated records out of 21 incoming records (some may be duplicate VEHICLE_IDs) for MBTA_PREDICTIONS
[2025-04-23T01:41:19.792+0000] {cursor.py:1028} INFO - query: [MERGE INTO MBTA_PREDICTIONS AS target USING (SELECT 'prediction-ADDED-1582321107...]
[2025-04-23T01:41:22.836+0000] {cursor.py:1041} INFO - query execution done
[2025-04-23T01:41:22.844+0000] {cursor.py:1028} INFO - query: [MERGE INTO MBTA_PREDICTIONS AS target USING (SELECT 'prediction-67995063-70079-9...]
[2025-04-23T01:41:26.494+0000] {cursor.py:1041} INFO - query execution done
[2025-04-23T01:41:26.499+0000] {cursor.py:1028} INFO - query: [MERGE INTO MBTA_PREDICTIONS AS target USING (SELECT 'prediction-ADDED-1582321105...]
[2025-04-23T01:41:29.649+0000] {cursor.py:1041} INFO - query execution done
[2025-04-23T01:41:29.665+0000] {cursor.py:1028} INFO - query: [MERGE INTO MBTA_PREDICTIONS AS target USING (SELECT 'prediction-67995065-70079-9...]
[2025-04-23T01:41:32.462+0000] {cursor.py:1041} INFO - query execution done
[2025-04-23T01:41:32.490+0000] {cursor.py:1028} INFO - query: [MERGE INTO MBTA_PREDICTIONS AS target USING (SELECT 'prediction-ADDED-1582321089...]
[2025-04-23T01:41:35.131+0000] {cursor.py:1041} INFO - query execution done
[2025-04-23T01:41:35.138+0000] {cursor.py:1028} INFO - query: [MERGE INTO MBTA_PREDICTIONS AS target USING (SELECT 'prediction-67995080-70080-1...]
[2025-04-23T01:41:38.072+0000] {cursor.py:1041} INFO - query execution done
[2025-04-23T01:41:38.120+0000] {cursor.py:1028} INFO - query: [MERGE INTO MBTA_PREDICTIONS AS target USING (SELECT 'prediction-67995069-70079-9...]
[2025-04-23T01:41:40.797+0000] {cursor.py:1041} INFO - query execution done
[2025-04-23T01:41:40.819+0000] {cursor.py:1028} INFO - query: [MERGE INTO MBTA_PREDICTIONS AS target USING (SELECT 'prediction-67995082-70080-1...]
[2025-04-23T01:41:43.766+0000] {cursor.py:1041} INFO - query execution done
[2025-04-23T01:41:43.784+0000] {cursor.py:1028} INFO - query: [MERGE INTO MBTA_PREDICTIONS AS target USING (SELECT 'prediction-67995071-70079-9...]
[2025-04-23T01:41:55.146+0000] {cursor.py:1041} INFO - query execution done
[2025-04-23T01:41:56.803+0000] {cursor.py:1028} INFO - query: [MERGE INTO MBTA_PREDICTIONS AS target USING (SELECT 'prediction-67995086-70080-1...]
[2025-04-23T01:42:09.556+0000] {cursor.py:1041} INFO - query execution done
[2025-04-23T01:42:14.857+0000] {cursor.py:1028} INFO - query: [MERGE INTO MBTA_PREDICTIONS AS target USING (SELECT 'prediction-67995073-70079-9...]
[2025-04-23T01:42:30.982+0000] {cursor.py:1041} INFO - query execution done
[2025-04-23T01:42:24.685+0000] {cursor.py:1028} INFO - query: [MERGE INTO MBTA_PREDICTIONS AS target USING (SELECT 'prediction-67995090-70080-1...]
[2025-04-23T01:42:27.431+0000] {cursor.py:1041} INFO - query execution done
[2025-04-23T01:42:27.459+0000] {cursor.py:1028} INFO - query: [MERGE INTO MBTA_PREDICTIONS AS target USING (SELECT 'prediction-67995075-70079-9...]
[2025-04-23T01:42:29.273+0000] {cursor.py:1041} INFO - query execution done
[2025-04-23T01:42:29.279+0000] {cursor.py:1028} INFO - query: [MERGE INTO MBTA_PREDICTIONS AS target USING (SELECT 'prediction-67995094-70080-1...]
[2025-04-23T01:42:32.575+0000] {cursor.py:1041} INFO - query execution done
[2025-04-23T01:42:32.588+0000] {cursor.py:1028} INFO - query: [MERGE INTO MBTA_PREDICTIONS AS target USING (SELECT 'prediction-ADDED-1582321108...]
[2025-04-23T01:42:34.935+0000] {cursor.py:1041} INFO - query execution done
[2025-04-23T01:42:34.940+0000] {cursor.py:1028} INFO - query: [MERGE INTO MBTA_PREDICTIONS AS target USING (SELECT 'prediction-67995079-70079-9...]
[2025-04-23T01:42:37.611+0000] {cursor.py:1041} INFO - query execution done
[2025-04-23T01:42:37.616+0000] {cursor.py:1028} INFO - query: [MERGE INTO MBTA_PREDICTIONS AS target USING (SELECT 'prediction-67995098-70080-1...]
[2025-04-23T01:42:40.747+0000] {cursor.py:1041} INFO - query execution done
[2025-04-23T01:42:40.754+0000] {cursor.py:1028} INFO - query: [MERGE INTO MBTA_PREDICTIONS AS target USING (SELECT 'prediction-67995081-70079-9...]
[2025-04-23T01:42:43.643+0000] {cursor.py:1041} INFO - query execution done
[2025-04-23T01:42:43.646+0000] {cursor.py:1028} INFO - query: [MERGE INTO MBTA_PREDICTIONS AS target USING (SELECT 'prediction-67995102-70080-1...]
[2025-04-23T01:42:47.442+0000] {cursor.py:1041} INFO - query execution done
[2025-04-23T01:42:47.447+0000] {cursor.py:1028} INFO - query: [MERGE INTO MBTA_PREDICTIONS AS target USING (SELECT 'prediction-67995083-70079-9...]
[2025-04-23T01:42:50.279+0000] {cursor.py:1041} INFO - query execution done
[2025-04-23T01:42:50.288+0000] {cursor.py:1028} INFO - query: [MERGE INTO MBTA_PREDICTIONS AS target USING (SELECT 'prediction-67995106-70080-1...]
[2025-04-23T01:43:01.743+0000] {cursor.py:1041} INFO - query execution done
[2025-04-23T01:43:01.745+0000] {cursor.py:1028} INFO - query: [COMMIT]
[2025-04-23T01:43:01.884+0000] {cursor.py:1041} INFO - query execution done
[2025-04-23T01:43:01.885+0000] {cursor.py:1205} INFO - Number of results in first chunk: 1
[2025-04-23T01:43:01.886+0000] {mbta_kafka_consumer.py:139} INFO - ✅ Merged 21 new/changed records into Snowflake table: MBTA_PREDICTIONS in 102.43 seconds
[2025-04-23T01:43:02.102+0000] {mbta_kafka_consumer.py:233} INFO - 📥 Received 23 records from topic: mbta_predictions
[2025-04-23T01:43:02.157+0000] {mbta_kafka_consumer.py:56} INFO - 🔍 Sample data for MBTA_PREDICTIONS:
[2025-04-23T01:43:02.157+0000] {mbta_kafka_consumer.py:57} INFO - 
                               PREDICTION_ID  ...                 CREATED_AT
0  prediction-ADDED-1582321107-70080-130-Red  ... 2025-04-23 01:43:02.102671
1           prediction-67995063-70079-90-Red  ... 2025-04-23 01:43:02.102684
2  prediction-ADDED-1582321105-70080-130-Red  ... 2025-04-23 01:43:02.102686
3           prediction-67995065-70079-90-Red  ... 2025-04-23 01:43:02.102687
4   prediction-ADDED-1582321089-70079-90-Red  ... 2025-04-23 01:43:02.102688

[5 rows x 9 columns]
[2025-04-23T01:43:02.180+0000] {cursor.py:1028} INFO - query: [SELECT * FROM MBTA_PREDICTIONS WHERE PREDICTION_ID IN ('prediction-ADDED-1582321...]
[2025-04-23T01:43:02.356+0000] {cursor.py:1041} INFO - query execution done
[2025-04-23T01:43:02.357+0000] {cursor.py:1205} INFO - Number of results in first chunk: 23
[2025-04-23T01:43:02.407+0000] {mbta_kafka_consumer.py:104} INFO - 🔁 23 new/updated records out of 23 incoming records (some may be duplicate VEHICLE_IDs) for MBTA_PREDICTIONS
[2025-04-23T01:43:02.408+0000] {cursor.py:1028} INFO - query: [MERGE INTO MBTA_PREDICTIONS AS target USING (SELECT 'prediction-ADDED-1582321107...]
[2025-04-23T01:43:04.716+0000] {cursor.py:1041} INFO - query execution done
[2025-04-23T01:43:04.720+0000] {cursor.py:1028} INFO - query: [MERGE INTO MBTA_PREDICTIONS AS target USING (SELECT 'prediction-67995063-70079-9...]
[2025-04-23T01:43:07.059+0000] {cursor.py:1041} INFO - query execution done
[2025-04-23T01:43:07.065+0000] {cursor.py:1028} INFO - query: [MERGE INTO MBTA_PREDICTIONS AS target USING (SELECT 'prediction-ADDED-1582321105...]
