[2025-04-23T01:35:32.988+0000] {taskinstance.py:1956} INFO - Dependencies all met for dep_context=non-requeueable deps ti=<TaskInstance: mbta_kafka_consumer_dag.run_kafka_consumer scheduled__2025-04-23T01:10:00+00:00 [queued]>
[2025-04-23T01:35:33.028+0000] {taskinstance.py:1956} INFO - Dependencies all met for dep_context=requeueable deps ti=<TaskInstance: mbta_kafka_consumer_dag.run_kafka_consumer scheduled__2025-04-23T01:10:00+00:00 [queued]>
[2025-04-23T01:35:33.031+0000] {taskinstance.py:2170} INFO - Starting attempt 2 of 2
[2025-04-23T01:35:33.114+0000] {taskinstance.py:2191} INFO - Executing <Task(PythonOperator): run_kafka_consumer> on 2025-04-23 01:10:00+00:00
[2025-04-23T01:35:33.135+0000] {standard_task_runner.py:60} INFO - Started process 218 to run task
[2025-04-23T01:35:33.175+0000] {standard_task_runner.py:87} INFO - Running: ['***', 'tasks', 'run', 'mbta_kafka_consumer_dag', 'run_kafka_consumer', 'scheduled__2025-04-23T01:10:00+00:00', '--job-id', '295', '--raw', '--subdir', 'DAGS_FOLDER/mbta_kafka_consumer_dag.py', '--cfg-path', '/tmp/tmp5n74joxg']
[2025-04-23T01:35:33.208+0000] {standard_task_runner.py:88} INFO - Job 295: Subtask run_kafka_consumer
[2025-04-23T01:35:33.678+0000] {task_command.py:423} INFO - Running <TaskInstance: mbta_kafka_consumer_dag.run_kafka_consumer scheduled__2025-04-23T01:10:00+00:00 [running]> on host 577d99ce7fac
[2025-04-23T01:35:34.112+0000] {taskinstance.py:2480} INFO - Exporting env vars: AIRFLOW_CTX_DAG_OWNER='***' AIRFLOW_CTX_DAG_ID='mbta_kafka_consumer_dag' AIRFLOW_CTX_TASK_ID='run_kafka_consumer' AIRFLOW_CTX_EXECUTION_DATE='2025-04-23T01:10:00+00:00' AIRFLOW_CTX_TRY_NUMBER='2' AIRFLOW_CTX_DAG_RUN_ID='scheduled__2025-04-23T01:10:00+00:00'
[2025-04-23T01:35:34.124+0000] {connection.py:370} INFO - Snowflake Connector for Python Version: 3.6.0, Python Version: 3.9.18, Platform: Linux-6.10.14-linuxkit-aarch64-with-glibc2.36
[2025-04-23T01:35:34.127+0000] {connection.py:1171} INFO - This connection is in OCSP Fail Open Mode. TLS Certificates would be checked for validity and revocation status. Any other Certificate Revocation related exceptions or OCSP Responder failures would be disregarded in favor of connectivity.
[2025-04-23T01:35:35.091+0000] {mbta_kafka_consumer.py:45} INFO - ✅ Connected to Snowflake successfully.
[2025-04-23T01:35:35.092+0000] {mbta_kafka_consumer.py:219} INFO - 🚀 Starting MBTA Kafka Consumer...
[2025-04-23T01:35:35.099+0000] {conn.py:395} INFO - <BrokerConnection client_id=kafka-python-2.1.5, node_id=bootstrap-0 host=kafka:9092 <connecting> [IPv4 ('172.18.0.6', 9092)]>: connecting to kafka:9092 [('172.18.0.6', 9092) IPv4]
[2025-04-23T01:35:35.136+0000] {conn.py:615} INFO - <BrokerConnection client_id=kafka-python-2.1.5, node_id=bootstrap-0 host=kafka:9092 <checking_api_versions_recv> [IPv4 ('172.18.0.6', 9092)]>: Broker version identified as 2.6
[2025-04-23T01:35:35.141+0000] {conn.py:456} INFO - <BrokerConnection client_id=kafka-python-2.1.5, node_id=bootstrap-0 host=kafka:9092 <connected> [IPv4 ('172.18.0.6', 9092)]>: Connection complete.
[2025-04-23T01:35:35.154+0000] {consumer.py:119} WARNING - group_id is None: disabling auto-commit.
[2025-04-23T01:35:35.159+0000] {subscription_state.py:182} INFO - Updating subscribed topics to: ('mbta_alerts', 'mbta_routes', 'mbta_stops', 'mbta_vehicles', 'mbta_predictions')
[2025-04-23T01:35:35.172+0000] {subscription_state.py:254} INFO - Updated partition assignment: [('mbta_stops', 0), ('mbta_predictions', 0), ('mbta_alerts', 0), ('mbta_vehicles', 0), ('mbta_routes', 0)]
[2025-04-23T01:35:35.179+0000] {conn.py:395} INFO - <BrokerConnection client_id=kafka-python-2.1.5, node_id=1 host=kafka:9092 <connecting> [IPv4 ('172.18.0.6', 9092)]>: connecting to kafka:9092 [('172.18.0.6', 9092) IPv4]
[2025-04-23T01:35:35.186+0000] {conn.py:456} INFO - <BrokerConnection client_id=kafka-python-2.1.5, node_id=1 host=kafka:9092 <connected> [IPv4 ('172.18.0.6', 9092)]>: Connection complete.
[2025-04-23T01:35:35.189+0000] {conn.py:936} INFO - <BrokerConnection client_id=kafka-python-2.1.5, node_id=bootstrap-0 host=kafka:9092 <connected> [IPv4 ('172.18.0.6', 9092)]>: Closing connection. 
[2025-04-23T01:35:53.654+0000] {mbta_kafka_consumer.py:233} INFO - 📥 Received 390 records from topic: mbta_vehicles
[2025-04-23T01:35:53.831+0000] {mbta_kafka_consumer.py:56} INFO - 🔍 Sample data for MBTA_VEHICLES:
[2025-04-23T01:35:53.834+0000] {mbta_kafka_consumer.py:57} INFO - 
   VEHICLE_ID ROUTE_ID  ...         STATUS                 CREATED_AT
0       y3270       23  ...     STOPPED_AT 2025-04-23 01:35:53.689901
1       y3236       66  ...  IN_TRANSIT_TO 2025-04-23 01:35:53.690847
2     G-10268  Green-C  ...    INCOMING_AT 2025-04-23 01:35:53.690855
3       y2101       71  ...     STOPPED_AT 2025-04-23 01:35:53.690925
4  O-5482A351   Orange  ...     STOPPED_AT 2025-04-23 01:35:53.690985

[5 rows x 8 columns]
[2025-04-23T01:35:53.928+0000] {cursor.py:1028} INFO - query: [SELECT * FROM MBTA_VEHICLES WHERE VEHICLE_ID IN ('y3270','y3236','G-10268','y210...]
[2025-04-23T01:35:54.433+0000] {cursor.py:1041} INFO - query execution done
[2025-04-23T01:35:54.437+0000] {cursor.py:1205} INFO - Number of results in first chunk: 422
[2025-04-23T01:35:54.700+0000] {mbta_kafka_consumer.py:104} INFO - 🔁 287 new/updated records out of 390 incoming records (some may be duplicate VEHICLE_IDs) for MBTA_VEHICLES
[2025-04-23T01:35:54.708+0000] {cursor.py:1028} INFO - query: [MERGE INTO MBTA_VEHICLES AS target USING (SELECT 'y3270', '23', 42.32969, -71.08...]
[2025-04-23T01:35:55.932+0000] {cursor.py:1041} INFO - query execution done
[2025-04-23T01:35:55.988+0000] {cursor.py:1028} INFO - query: [MERGE INTO MBTA_VEHICLES AS target USING (SELECT 'y3236', '66', 42.35315, -71.13...]
[2025-04-23T01:35:57.082+0000] {cursor.py:1041} INFO - query execution done
[2025-04-23T01:35:57.098+0000] {cursor.py:1028} INFO - query: [MERGE INTO MBTA_VEHICLES AS target USING (SELECT 'G-10268', 'Green-C', 42.34862,...]
[2025-04-23T01:35:58.516+0000] {cursor.py:1041} INFO - query execution done
[2025-04-23T01:35:58.537+0000] {cursor.py:1028} INFO - query: [MERGE INTO MBTA_VEHICLES AS target USING (SELECT 'y2101', '71', 42.36752448, -71...]
[2025-04-23T01:36:00.243+0000] {cursor.py:1041} INFO - query execution done
[2025-04-23T01:36:00.295+0000] {cursor.py:1028} INFO - query: [MERGE INTO MBTA_VEHICLES AS target USING (SELECT 'G-10015', 'Green-E', 42.36242,...]
[2025-04-23T01:36:01.302+0000] {cursor.py:1041} INFO - query execution done
[2025-04-23T01:36:01.383+0000] {cursor.py:1028} INFO - query: [MERGE INTO MBTA_VEHICLES AS target USING (SELECT 'y3309', '120', 42.38343104, -7...]
[2025-04-23T01:36:02.514+0000] {cursor.py:1041} INFO - query execution done
[2025-04-23T01:36:02.558+0000] {cursor.py:1028} INFO - query: [MERGE INTO MBTA_VEHICLES AS target USING (SELECT 'y3113', '116', 42.403180929, -...]
[2025-04-23T01:36:03.620+0000] {cursor.py:1041} INFO - query execution done
[2025-04-23T01:36:03.778+0000] {cursor.py:1028} INFO - query: [MERGE INTO MBTA_VEHICLES AS target USING (SELECT 'y1619', '31', 42.27722055, -71...]
[2025-04-23T01:36:05.432+0000] {cursor.py:1041} INFO - query execution done
[2025-04-23T01:36:05.447+0000] {cursor.py:1028} INFO - query: [MERGE INTO MBTA_VEHICLES AS target USING (SELECT 'y1659', '34', 42.2852488, -71....]
[2025-04-23T01:36:06.889+0000] {cursor.py:1041} INFO - query execution done
[2025-04-23T01:36:06.896+0000] {cursor.py:1028} INFO - query: [MERGE INTO MBTA_VEHICLES AS target USING (SELECT 'G-10256', 'Green-E', 42.38435,...]
[2025-04-23T01:36:08.205+0000] {cursor.py:1041} INFO - query execution done
[2025-04-23T01:36:08.337+0000] {cursor.py:1028} INFO - query: [MERGE INTO MBTA_VEHICLES AS target USING (SELECT 'y0906', '230', 42.21967055, -7...]
[2025-04-23T01:36:09.206+0000] {cursor.py:1041} INFO - query execution done
[2025-04-23T01:36:09.210+0000] {cursor.py:1028} INFO - query: [MERGE INTO MBTA_VEHICLES AS target USING (SELECT 'y1867', '22', 42.28378, -71.06...]
[2025-04-23T01:36:10.545+0000] {cursor.py:1041} INFO - query execution done
[2025-04-23T01:36:10.556+0000] {cursor.py:1028} INFO - query: [MERGE INTO MBTA_VEHICLES AS target USING (SELECT 'y1608', '51', 42.326592519, -7...]
[2025-04-23T01:36:11.689+0000] {cursor.py:1041} INFO - query execution done
[2025-04-23T01:36:11.707+0000] {cursor.py:1028} INFO - query: [MERGE INTO MBTA_VEHICLES AS target USING (SELECT 'G-10238', 'Green-D', 42.34806,...]
[2025-04-23T01:36:13.104+0000] {cursor.py:1041} INFO - query execution done
[2025-04-23T01:36:13.110+0000] {cursor.py:1028} INFO - query: [MERGE INTO MBTA_VEHICLES AS target USING (SELECT 'y3327', '119', 42.40806446, -7...]
[2025-04-23T01:36:16.434+0000] {cursor.py:1041} INFO - query execution done
[2025-04-23T01:36:16.521+0000] {cursor.py:1028} INFO - query: [MERGE INTO MBTA_VEHICLES AS target USING (SELECT 'R-5482AB81', 'Red', 42.2773, -...]
[2025-04-23T01:36:18.550+0000] {cursor.py:1041} INFO - query execution done
[2025-04-23T01:36:18.654+0000] {cursor.py:1028} INFO - query: [MERGE INTO MBTA_VEHICLES AS target USING (SELECT 'y2085', '87', 42.37216698, -71...]
[2025-04-23T01:36:21.070+0000] {cursor.py:1041} INFO - query execution done
[2025-04-23T01:36:21.084+0000] {cursor.py:1028} INFO - query: [MERGE INTO MBTA_VEHICLES AS target USING (SELECT 'y1815', '1', 42.37303, -71.117...]
[2025-04-23T01:36:23.044+0000] {cursor.py:1041} INFO - query execution done
[2025-04-23T01:36:23.059+0000] {cursor.py:1028} INFO - query: [MERGE INTO MBTA_VEHICLES AS target USING (SELECT 'y1815', '1', 42.37303, -71.117...]
[2025-04-23T01:36:25.018+0000] {cursor.py:1041} INFO - query execution done
[2025-04-23T01:36:25.026+0000] {cursor.py:1028} INFO - query: [MERGE INTO MBTA_VEHICLES AS target USING (SELECT 'y1815', '1', 42.37303, -71.117...]
[2025-04-23T01:36:27.214+0000] {cursor.py:1041} INFO - query execution done
[2025-04-23T01:36:27.227+0000] {cursor.py:1028} INFO - query: [MERGE INTO MBTA_VEHICLES AS target USING (SELECT 'y1815', '1', 42.37303, -71.117...]
[2025-04-23T01:36:29.327+0000] {cursor.py:1041} INFO - query execution done
[2025-04-23T01:36:29.349+0000] {cursor.py:1028} INFO - query: [MERGE INTO MBTA_VEHICLES AS target USING (SELECT 'y1815', '1', 42.37303, -71.117...]
[2025-04-23T01:36:31.163+0000] {cursor.py:1041} INFO - query execution done
[2025-04-23T01:36:31.188+0000] {cursor.py:1028} INFO - query: [MERGE INTO MBTA_VEHICLES AS target USING (SELECT 'y1815', '1', 42.37303, -71.117...]
[2025-04-23T01:36:33.714+0000] {cursor.py:1041} INFO - query execution done
[2025-04-23T01:36:34.107+0000] {cursor.py:1028} INFO - query: [MERGE INTO MBTA_VEHICLES AS target USING (SELECT 'y1815', '1', 42.37303, -71.117...]
[2025-04-23T01:36:36.818+0000] {cursor.py:1041} INFO - query execution done
[2025-04-23T01:36:36.829+0000] {cursor.py:1028} INFO - query: [MERGE INTO MBTA_VEHICLES AS target USING (SELECT 'y1815', '1', 42.37303, -71.117...]
[2025-04-23T01:36:38.797+0000] {cursor.py:1041} INFO - query execution done
[2025-04-23T01:36:38.803+0000] {cursor.py:1028} INFO - query: [MERGE INTO MBTA_VEHICLES AS target USING (SELECT 'y1815', '1', 42.37303, -71.117...]
[2025-04-23T01:36:41.073+0000] {cursor.py:1041} INFO - query execution done
[2025-04-23T01:36:41.077+0000] {cursor.py:1028} INFO - query: [MERGE INTO MBTA_VEHICLES AS target USING (SELECT 'y1815', '1', 42.37303, -71.117...]
[2025-04-23T01:36:43.214+0000] {cursor.py:1041} INFO - query execution done
[2025-04-23T01:36:43.220+0000] {cursor.py:1028} INFO - query: [MERGE INTO MBTA_VEHICLES AS target USING (SELECT 'y1815', '1', 42.37303, -71.117...]
[2025-04-23T01:36:45.537+0000] {cursor.py:1041} INFO - query execution done
[2025-04-23T01:36:45.902+0000] {cursor.py:1028} INFO - query: [MERGE INTO MBTA_VEHICLES AS target USING (SELECT 'y1815', '1', 42.37303, -71.117...]
[2025-04-23T01:36:47.354+0000] {cursor.py:1041} INFO - query execution done
[2025-04-23T01:36:47.379+0000] {cursor.py:1028} INFO - query: [MERGE INTO MBTA_VEHICLES AS target USING (SELECT 'y1815', '1', 42.37303, -71.117...]
[2025-04-23T01:36:49.718+0000] {cursor.py:1041} INFO - query execution done
[2025-04-23T01:36:49.731+0000] {cursor.py:1028} INFO - query: [MERGE INTO MBTA_VEHICLES AS target USING (SELECT 'y1815', '1', 42.37303, -71.117...]
[2025-04-23T01:36:51.789+0000] {cursor.py:1041} INFO - query execution done
[2025-04-23T01:36:51.796+0000] {cursor.py:1028} INFO - query: [MERGE INTO MBTA_VEHICLES AS target USING (SELECT 'y1815', '1', 42.37303, -71.117...]
[2025-04-23T01:36:54.278+0000] {cursor.py:1041} INFO - query execution done
[2025-04-23T01:36:54.283+0000] {cursor.py:1028} INFO - query: [MERGE INTO MBTA_VEHICLES AS target USING (SELECT 'y1815', '1', 42.37303, -71.117...]
[2025-04-23T01:36:57.341+0000] {cursor.py:1041} INFO - query execution done
[2025-04-23T01:36:57.882+0000] {cursor.py:1028} INFO - query: [MERGE INTO MBTA_VEHICLES AS target USING (SELECT 'y1815', '1', 42.37303, -71.117...]
[2025-04-23T01:36:59.420+0000] {cursor.py:1041} INFO - query execution done
[2025-04-23T01:36:59.460+0000] {cursor.py:1028} INFO - query: [MERGE INTO MBTA_VEHICLES AS target USING (SELECT 'y2058', '101', 42.42644516, -7...]
[2025-04-23T01:37:01.349+0000] {cursor.py:1041} INFO - query execution done
[2025-04-23T01:37:01.354+0000] {cursor.py:1028} INFO - query: [MERGE INTO MBTA_VEHICLES AS target USING (SELECT 'R-54829A82', 'Red', 42.39454, ...]
[2025-04-23T01:37:03.365+0000] {cursor.py:1041} INFO - query execution done
[2025-04-23T01:37:03.370+0000] {cursor.py:1028} INFO - query: [MERGE INTO MBTA_VEHICLES AS target USING (SELECT 'y2108', '95', 42.41198004, -71...]
[2025-04-23T01:37:05.444+0000] {cursor.py:1041} INFO - query execution done
[2025-04-23T01:37:05.456+0000] {cursor.py:1028} INFO - query: [MERGE INTO MBTA_VEHICLES AS target USING (SELECT 'y2096', '104', 42.38276873, -7...]
[2025-04-23T01:37:07.946+0000] {cursor.py:1041} INFO - query execution done
[2025-04-23T01:37:08.195+0000] {cursor.py:1028} INFO - query: [MERGE INTO MBTA_VEHICLES AS target USING (SELECT 'y1606', '30', 42.27125276, -71...]
[2025-04-23T01:37:09.756+0000] {cursor.py:1041} INFO - query execution done
[2025-04-23T01:37:09.768+0000] {cursor.py:1028} INFO - query: [MERGE INTO MBTA_VEHICLES AS target USING (SELECT 'y3259', '66', 42.358047169, -7...]
[2025-04-23T01:37:11.860+0000] {cursor.py:1041} INFO - query execution done
[2025-04-23T01:37:11.877+0000] {cursor.py:1028} INFO - query: [MERGE INTO MBTA_VEHICLES AS target USING (SELECT 'R-5482AA90', 'Red', 42.36553, ...]
[2025-04-23T01:37:13.911+0000] {cursor.py:1041} INFO - query execution done
[2025-04-23T01:37:13.931+0000] {cursor.py:1028} INFO - query: [MERGE INTO MBTA_VEHICLES AS target USING (SELECT 'R-5482A2DC', 'Red', 42.32052, ...]
[2025-04-23T01:37:15.937+0000] {cursor.py:1041} INFO - query execution done
[2025-04-23T01:37:15.949+0000] {cursor.py:1028} INFO - query: [MERGE INTO MBTA_VEHICLES AS target USING (SELECT 'y1642', '34E', 42.19530313, -7...]
[2025-04-23T01:37:18.543+0000] {cursor.py:1041} INFO - query execution done
[2025-04-23T01:37:18.556+0000] {cursor.py:1028} INFO - query: [MERGE INTO MBTA_VEHICLES AS target USING (SELECT 'y2031', '86', 42.36333729, -71...]
[2025-04-23T01:37:23.909+0000] {cursor.py:1041} INFO - query execution done
[2025-04-23T01:37:26.742+0000] {cursor.py:1028} INFO - query: [MERGE INTO MBTA_VEHICLES AS target USING (SELECT 'y1680', '4050', 42.28829511, -...]
[2025-04-23T01:37:29.021+0000] {cursor.py:1041} INFO - query execution done
[2025-04-23T01:37:29.024+0000] {cursor.py:1028} INFO - query: [MERGE INTO MBTA_VEHICLES AS target USING (SELECT '1843', 'CR-Franklin', 42.17973...]
[2025-04-23T01:37:31.453+0000] {cursor.py:1041} INFO - query execution done
[2025-04-23T01:37:31.474+0000] {cursor.py:1028} INFO - query: [MERGE INTO MBTA_VEHICLES AS target USING (SELECT 'y0815', '220', 42.24700178, -7...]
[2025-04-23T01:37:33.473+0000] {cursor.py:1041} INFO - query execution done
[2025-04-23T01:37:33.486+0000] {cursor.py:1028} INFO - query: [MERGE INTO MBTA_VEHICLES AS target USING (SELECT 'y1829', '15', 42.30411454, -71...]
[2025-04-23T01:37:35.664+0000] {cursor.py:1041} INFO - query execution done
[2025-04-23T01:37:35.678+0000] {cursor.py:1028} INFO - query: [MERGE INTO MBTA_VEHICLES AS target USING (SELECT 'y1312', '743', 42.39561162, -7...]
[2025-04-23T01:37:37.866+0000] {cursor.py:1041} INFO - query execution done
[2025-04-23T01:37:37.885+0000] {cursor.py:1028} INFO - query: [MERGE INTO MBTA_VEHICLES AS target USING (SELECT 'y2090', '104', 42.42863768, -7...]
[2025-04-23T01:37:40.777+0000] {cursor.py:1041} INFO - query execution done
[2025-04-23T01:37:40.819+0000] {cursor.py:1028} INFO - query: [MERGE INTO MBTA_VEHICLES AS target USING (SELECT 'y2116', '111', 42.40403454, -7...]
[2025-04-23T01:37:42.848+0000] {cursor.py:1041} INFO - query execution done
[2025-04-23T01:37:42.913+0000] {cursor.py:1028} INFO - query: [MERGE INTO MBTA_VEHICLES AS target USING (SELECT 'y1987', '112', 42.40465, -71.0...]
[2025-04-23T01:37:45.886+0000] {cursor.py:1041} INFO - query execution done
[2025-04-23T01:37:45.901+0000] {cursor.py:1028} INFO - query: [MERGE INTO MBTA_VEHICLES AS target USING (SELECT 'G-10169', 'Green-D', 42.31941,...]
[2025-04-23T01:37:47.902+0000] {cursor.py:1041} INFO - query execution done
[2025-04-23T01:37:47.910+0000] {cursor.py:1028} INFO - query: [MERGE INTO MBTA_VEHICLES AS target USING (SELECT 'y2109', '350', 42.477145919, -...]
[2025-04-23T01:37:50.430+0000] {cursor.py:1041} INFO - query execution done
[2025-04-23T01:37:50.461+0000] {cursor.py:1028} INFO - query: [MERGE INTO MBTA_VEHICLES AS target USING (SELECT 'y0777', '225', 42.24793778, -7...]
[2025-04-23T01:37:53.008+0000] {cursor.py:1041} INFO - query execution done
[2025-04-23T01:37:53.029+0000] {cursor.py:1028} INFO - query: [MERGE INTO MBTA_VEHICLES AS target USING (SELECT 'G-10046', 'Green-C', 42.33965,...]
[2025-04-23T01:37:55.643+0000] {cursor.py:1041} INFO - query execution done
[2025-04-23T01:37:55.647+0000] {cursor.py:1028} INFO - query: [MERGE INTO MBTA_VEHICLES AS target USING (SELECT 'G-10392', 'Green-B', 42.35356,...]
[2025-04-23T01:37:57.848+0000] {cursor.py:1041} INFO - query execution done
[2025-04-23T01:37:57.851+0000] {cursor.py:1028} INFO - query: [MERGE INTO MBTA_VEHICLES AS target USING (SELECT 'y0763', '216', 42.272208589, -...]
[2025-04-23T01:38:00.252+0000] {cursor.py:1041} INFO - query execution done
[2025-04-23T01:38:00.276+0000] {cursor.py:1028} INFO - query: [MERGE INTO MBTA_VEHICLES AS target USING (SELECT 'y1431', '116', 42.40047466, -7...]
[2025-04-23T01:38:02.655+0000] {cursor.py:1041} INFO - query execution done
[2025-04-23T01:38:02.665+0000] {cursor.py:1028} INFO - query: [MERGE INTO MBTA_VEHICLES AS target USING (SELECT 'y2021', '80', 42.40153233, -71...]
[2025-04-23T01:38:05.062+0000] {cursor.py:1041} INFO - query execution done
[2025-04-23T01:38:05.081+0000] {cursor.py:1028} INFO - query: [MERGE INTO MBTA_VEHICLES AS target USING (SELECT 'y1275', '749', 42.35118972, -7...]
[2025-04-23T01:38:07.299+0000] {cursor.py:1041} INFO - query execution done
[2025-04-23T01:38:07.303+0000] {cursor.py:1028} INFO - query: [MERGE INTO MBTA_VEHICLES AS target USING (SELECT 'y1831', '1', 42.34735472, -71....]
[2025-04-23T01:38:09.563+0000] {cursor.py:1041} INFO - query execution done
[2025-04-23T01:38:09.568+0000] {cursor.py:1028} INFO - query: [MERGE INTO MBTA_VEHICLES AS target USING (SELECT 'y1662', '35', 42.28698387, -71...]
[2025-04-23T01:38:11.909+0000] {cursor.py:1041} INFO - query execution done
[2025-04-23T01:38:11.941+0000] {cursor.py:1028} INFO - query: [MERGE INTO MBTA_VEHICLES AS target USING (SELECT 'y3324', '426', 42.43082283, -7...]
[2025-04-23T01:38:14.104+0000] {cursor.py:1041} INFO - query execution done
[2025-04-23T01:38:14.110+0000] {cursor.py:1028} INFO - query: [MERGE INTO MBTA_VEHICLES AS target USING (SELECT 'y0827', '230', 42.1921823, -71...]
[2025-04-23T01:38:17.111+0000] {cursor.py:1041} INFO - query execution done
[2025-04-23T01:38:17.119+0000] {cursor.py:1028} INFO - query: [MERGE INTO MBTA_VEHICLES AS target USING (SELECT '1819', 'CR-Fairmount', 42.3461...]
[2025-04-23T01:38:19.424+0000] {cursor.py:1041} INFO - query execution done
[2025-04-23T01:38:19.427+0000] {cursor.py:1028} INFO - query: [MERGE INTO MBTA_VEHICLES AS target USING (SELECT 'y1727', '16', 42.30080576, -71...]
[2025-04-23T01:38:22.190+0000] {cursor.py:1041} INFO - query execution done
[2025-04-23T01:38:22.382+0000] {cursor.py:1028} INFO - query: [MERGE INTO MBTA_VEHICLES AS target USING (SELECT 'G-10365', 'Green-D', 42.33034,...]
[2025-04-23T01:38:24.567+0000] {cursor.py:1041} INFO - query execution done
[2025-04-23T01:38:24.573+0000] {cursor.py:1028} INFO - query: [MERGE INTO MBTA_VEHICLES AS target USING (SELECT 'y2081', '74', 42.381436129, -7...]
[2025-04-23T01:38:26.679+0000] {cursor.py:1041} INFO - query execution done
[2025-04-23T01:38:26.689+0000] {cursor.py:1028} INFO - query: [MERGE INTO MBTA_VEHICLES AS target USING (SELECT 'y3279', '553', 42.37448, -71.2...]
[2025-04-23T01:38:29.122+0000] {cursor.py:1041} INFO - query execution done
[2025-04-23T01:38:29.128+0000] {cursor.py:1028} INFO - query: [MERGE INTO MBTA_VEHICLES AS target USING (SELECT 'y1432', '354', 42.51271044, -7...]
[2025-04-23T01:38:34.688+0000] {cursor.py:1041} INFO - query execution done
[2025-04-23T01:38:37.553+0000] {cursor.py:1028} INFO - query: [MERGE INTO MBTA_VEHICLES AS target USING (SELECT 'y1283', '751', 42.34894528, -7...]
[2025-04-23T01:38:40.605+0000] {cursor.py:1041} INFO - query execution done
[2025-04-23T01:38:40.846+0000] {cursor.py:1028} INFO - query: [MERGE INTO MBTA_VEHICLES AS target USING (SELECT 'y1668', '36', 42.280369059, -7...]
[2025-04-23T01:38:43.131+0000] {cursor.py:1041} INFO - query execution done
[2025-04-23T01:38:43.143+0000] {cursor.py:1028} INFO - query: [MERGE INTO MBTA_VEHICLES AS target USING (SELECT 'B-5482AB0A', 'Blue', 42.36128,...]
[2025-04-23T01:38:45.024+0000] {cursor.py:1041} INFO - query execution done
[2025-04-23T01:38:45.090+0000] {cursor.py:1028} INFO - query: [MERGE INTO MBTA_VEHICLES AS target USING (SELECT 'y0802', '201', 42.28654047, -7...]
[2025-04-23T01:38:46.972+0000] {cursor.py:1041} INFO - query execution done
[2025-04-23T01:38:46.987+0000] {cursor.py:1028} INFO - query: [MERGE INTO MBTA_VEHICLES AS target USING (SELECT 'y3271', '60', 42.319638019, -7...]
[2025-04-23T01:38:49.029+0000] {cursor.py:1041} INFO - query execution done
[2025-04-23T01:38:49.038+0000] {cursor.py:1028} INFO - query: [MERGE INTO MBTA_VEHICLES AS target USING (SELECT 'y1645', '21', 42.284651169, -7...]
[2025-04-23T01:38:51.366+0000] {cursor.py:1041} INFO - query execution done
[2025-04-23T01:38:51.370+0000] {cursor.py:1028} INFO - query: [MERGE INTO MBTA_VEHICLES AS target USING (SELECT 'y0818', '240', 42.12591794, -7...]
[2025-04-23T01:38:53.496+0000] {cursor.py:1041} INFO - query execution done
[2025-04-23T01:38:53.507+0000] {cursor.py:1028} INFO - query: [MERGE INTO MBTA_VEHICLES AS target USING (SELECT 'y1277', '751', 42.33314738, -7...]
[2025-04-23T01:38:56.194+0000] {cursor.py:1041} INFO - query execution done
[2025-04-23T01:38:56.233+0000] {cursor.py:1028} INFO - query: [MERGE INTO MBTA_VEHICLES AS target USING (SELECT 'y1823', '1', 42.37098685, -71....]
[2025-04-23T01:38:58.397+0000] {cursor.py:1041} INFO - query execution done
[2025-04-23T01:38:58.401+0000] {cursor.py:1028} INFO - query: [MERGE INTO MBTA_VEHICLES AS target USING (SELECT 'y3122', '109', 42.3786163, -71...]
[2025-04-23T01:39:00.329+0000] {cursor.py:1041} INFO - query execution done
[2025-04-23T01:39:00.331+0000] {cursor.py:1028} INFO - query: [MERGE INTO MBTA_VEHICLES AS target USING (SELECT 'y3209', '66', 42.37668, -71.11...]
[2025-04-23T01:39:02.268+0000] {cursor.py:1041} INFO - query execution done
[2025-04-23T01:39:02.276+0000] {cursor.py:1028} INFO - query: [MERGE INTO MBTA_VEHICLES AS target USING (SELECT 'y3346', '116', 42.37569, -71.0...]
[2025-04-23T01:39:04.541+0000] {cursor.py:1041} INFO - query execution done
[2025-04-23T01:39:04.550+0000] {cursor.py:1028} INFO - query: [MERGE INTO MBTA_VEHICLES AS target USING (SELECT 'y1419', '116', 42.37844504, -7...]
[2025-04-23T01:39:06.614+0000] {cursor.py:1041} INFO - query execution done
[2025-04-23T01:39:06.615+0000] {cursor.py:1028} INFO - query: [MERGE INTO MBTA_VEHICLES AS target USING (SELECT 'G-10065', 'Green-E', 42.37615,...]
[2025-04-23T01:39:08.987+0000] {cursor.py:1041} INFO - query execution done
[2025-04-23T01:39:08.993+0000] {cursor.py:1028} INFO - query: [MERGE INTO MBTA_VEHICLES AS target USING (SELECT 'y2065', '106', 42.42952551, -7...]
[2025-04-23T01:39:10.984+0000] {cursor.py:1041} INFO - query execution done
[2025-04-23T01:39:10.989+0000] {cursor.py:1028} INFO - query: [MERGE INTO MBTA_VEHICLES AS target USING (SELECT 'y1925', '110', 42.41254916, -7...]
[2025-04-23T01:39:13.139+0000] {cursor.py:1041} INFO - query execution done
[2025-04-23T01:39:13.142+0000] {cursor.py:1028} INFO - query: [MERGE INTO MBTA_VEHICLES AS target USING (SELECT '1802', 'CR-Needham', 42.294010...]
[2025-04-23T01:39:15.215+0000] {cursor.py:1041} INFO - query execution done
[2025-04-23T01:39:15.222+0000] {cursor.py:1028} INFO - query: [MERGE INTO MBTA_VEHICLES AS target USING (SELECT '1839', 'CR-Providence', 42.332...]
[2025-04-23T01:39:17.170+0000] {cursor.py:1041} INFO - query execution done
[2025-04-23T01:39:17.173+0000] {cursor.py:1028} INFO - query: [MERGE INTO MBTA_VEHICLES AS target USING (SELECT 'y1750', '22', 42.291134599, -7...]
[2025-04-23T01:39:19.224+0000] {cursor.py:1041} INFO - query execution done
[2025-04-23T01:39:19.237+0000] {cursor.py:1028} INFO - query: [MERGE INTO MBTA_VEHICLES AS target USING (SELECT 'y3001', '713', 42.38266391, -7...]
[2025-04-23T01:39:21.311+0000] {cursor.py:1041} INFO - query execution done
[2025-04-23T01:39:21.316+0000] {cursor.py:1028} INFO - query: [MERGE INTO MBTA_VEHICLES AS target USING (SELECT 'y1858', '60', 42.34664, -71.09...]
[2025-04-23T01:39:23.602+0000] {cursor.py:1041} INFO - query execution done
[2025-04-23T01:39:23.618+0000] {cursor.py:1028} INFO - query: [MERGE INTO MBTA_VEHICLES AS target USING (SELECT 'O-5482AAB0', 'Orange', 42.4016...]
[2025-04-23T01:39:25.884+0000] {cursor.py:1041} INFO - query execution done
[2025-04-23T01:39:25.886+0000] {cursor.py:1028} INFO - query: [MERGE INTO MBTA_VEHICLES AS target USING (SELECT 'R-54828E9A', 'Red', 42.37529, ...]
[2025-04-23T01:39:28.037+0000] {cursor.py:1041} INFO - query execution done
[2025-04-23T01:39:28.043+0000] {cursor.py:1028} INFO - query: [MERGE INTO MBTA_VEHICLES AS target USING (SELECT 'y0785', '238', 42.21897382, -7...]
[2025-04-23T01:39:30.354+0000] {cursor.py:1041} INFO - query execution done
[2025-04-23T01:39:30.358+0000] {cursor.py:1028} INFO - query: [MERGE INTO MBTA_VEHICLES AS target USING (SELECT 'y1790', '45', 42.329104489, -7...]
[2025-04-23T01:39:32.501+0000] {cursor.py:1041} INFO - query execution done
[2025-04-23T01:39:32.504+0000] {cursor.py:1028} INFO - query: [MERGE INTO MBTA_VEHICLES AS target USING (SELECT 'y1961', '101', 42.38802, -71.0...]
[2025-04-23T01:39:35.105+0000] {cursor.py:1041} INFO - query execution done
[2025-04-23T01:39:35.234+0000] {cursor.py:1028} INFO - query: [MERGE INTO MBTA_VEHICLES AS target USING (SELECT 'y1915', '15', 42.29913543, -71...]
[2025-04-23T01:39:37.208+0000] {cursor.py:1041} INFO - query execution done
[2025-04-23T01:39:37.211+0000] {cursor.py:1028} INFO - query: [MERGE INTO MBTA_VEHICLES AS target USING (SELECT 'y0806', '226', 42.17974204, -7...]
[2025-04-23T01:39:39.378+0000] {cursor.py:1041} INFO - query execution done
[2025-04-23T01:39:39.383+0000] {cursor.py:1028} INFO - query: [MERGE INTO MBTA_VEHICLES AS target USING (SELECT 'y2083', '70', 42.362800559, -7...]
[2025-04-23T01:39:42.443+0000] {cursor.py:1041} INFO - query execution done
[2025-04-23T01:39:42.449+0000] {cursor.py:1028} INFO - query: [MERGE INTO MBTA_VEHICLES AS target USING (SELECT 'y1881', '1', 42.3355126, -71.0...]
[2025-04-23T01:39:45.674+0000] {cursor.py:1041} INFO - query execution done
[2025-04-23T01:39:45.679+0000] {cursor.py:1028} INFO - query: [MERGE INTO MBTA_VEHICLES AS target USING (SELECT 'y3351', '116', 42.4124465, -71...]
[2025-04-23T01:39:47.816+0000] {cursor.py:1041} INFO - query execution done
[2025-04-23T01:39:47.817+0000] {cursor.py:1028} INFO - query: [MERGE INTO MBTA_VEHICLES AS target USING (SELECT 'G-10342', 'Green-B', 42.34009,...]
[2025-04-23T01:39:50.503+0000] {cursor.py:1041} INFO - query execution done
[2025-04-23T01:39:50.541+0000] {cursor.py:1028} INFO - query: [MERGE INTO MBTA_VEHICLES AS target USING (SELECT 'y1706', '32', 42.25612399, -71...]
[2025-04-23T01:39:52.759+0000] {cursor.py:1041} INFO - query execution done
[2025-04-23T01:39:52.818+0000] {cursor.py:1028} INFO - query: [MERGE INTO MBTA_VEHICLES AS target USING (SELECT 'y3255', '57', 42.34992984, -71...]
[2025-04-23T01:39:56.275+0000] {cursor.py:1041} INFO - query execution done
[2025-04-23T01:39:56.297+0000] {cursor.py:1028} INFO - query: [MERGE INTO MBTA_VEHICLES AS target USING (SELECT 'y1971', '70', 42.364909529, -7...]
[2025-04-23T01:39:58.543+0000] {cursor.py:1041} INFO - query execution done
[2025-04-23T01:39:58.561+0000] {cursor.py:1028} INFO - query: [MERGE INTO MBTA_VEHICLES AS target USING (SELECT 'G-10395', 'Green-B', 42.35305,...]
[2025-04-23T01:40:00.715+0000] {cursor.py:1041} INFO - query execution done
[2025-04-23T01:40:00.723+0000] {cursor.py:1028} INFO - query: [MERGE INTO MBTA_VEHICLES AS target USING (SELECT 'y2014', '110', 42.41315, -70.9...]
[2025-04-23T01:40:03.074+0000] {cursor.py:1041} INFO - query execution done
[2025-04-23T01:40:03.087+0000] {cursor.py:1028} INFO - query: [MERGE INTO MBTA_VEHICLES AS target USING (SELECT 'y1946', '89', 42.38738075, -71...]
[2025-04-23T01:40:05.222+0000] {cursor.py:1041} INFO - query execution done
[2025-04-23T01:40:05.231+0000] {cursor.py:1028} INFO - query: [MERGE INTO MBTA_VEHICLES AS target USING (SELECT 'y3303', '116', 42.41843052, -7...]
[2025-04-23T01:40:07.688+0000] {cursor.py:1041} INFO - query execution done
[2025-04-23T01:40:07.702+0000] {cursor.py:1028} INFO - query: [MERGE INTO MBTA_VEHICLES AS target USING (SELECT 'y1650', '29', 42.28760894, -71...]
[2025-04-23T01:40:09.559+0000] {cursor.py:1041} INFO - query execution done
[2025-04-23T01:40:09.572+0000] {cursor.py:1028} INFO - query: [MERGE INTO MBTA_VEHICLES AS target USING (SELECT 'y1903', '66', 42.33396182, -71...]
[2025-04-23T01:40:11.712+0000] {cursor.py:1041} INFO - query execution done
[2025-04-23T01:40:11.715+0000] {cursor.py:1028} INFO - query: [MERGE INTO MBTA_VEHICLES AS target USING (SELECT 'y1634', '32', 42.24051741, -71...]
[2025-04-23T01:40:14.139+0000] {cursor.py:1041} INFO - query execution done
[2025-04-23T01:40:14.148+0000] {cursor.py:1028} INFO - query: [MERGE INTO MBTA_VEHICLES AS target USING (SELECT 'O-5482A813', 'Orange', 42.4016...]
[2025-04-23T01:40:16.546+0000] {cursor.py:1041} INFO - query execution done
[2025-04-23T01:40:16.549+0000] {cursor.py:1028} INFO - query: [MERGE INTO MBTA_VEHICLES AS target USING (SELECT 'y1845', '16', 42.31424408, -71...]
[2025-04-23T01:40:18.940+0000] {cursor.py:1041} INFO - query execution done
[2025-04-23T01:40:19.061+0000] {cursor.py:1028} INFO - query: [MERGE INTO MBTA_VEHICLES AS target USING (SELECT 'y1254', '28', 42.31584751, -71...]
[2025-04-23T01:40:21.039+0000] {cursor.py:1041} INFO - query execution done
[2025-04-23T01:40:21.046+0000] {cursor.py:1028} INFO - query: [MERGE INTO MBTA_VEHICLES AS target USING (SELECT 'y3130', '109', 42.40168536, -7...]
[2025-04-23T01:40:23.333+0000] {cursor.py:1041} INFO - query execution done
[2025-04-23T01:40:23.336+0000] {cursor.py:1028} INFO - query: [MERGE INTO MBTA_VEHICLES AS target USING (SELECT 'y3118', '96', 42.41167244, -71...]
[2025-04-23T01:40:25.285+0000] {cursor.py:1041} INFO - query execution done
[2025-04-23T01:40:25.294+0000] {cursor.py:1028} INFO - query: [MERGE INTO MBTA_VEHICLES AS target USING (SELECT 'G-10115', 'Green-B', 42.34863,...]
[2025-04-23T01:40:27.296+0000] {cursor.py:1041} INFO - query execution done
[2025-04-23T01:40:27.301+0000] {cursor.py:1028} INFO - query: [MERGE INTO MBTA_VEHICLES AS target USING (SELECT 'G-10251', 'Green-B', 42.34897,...]
[2025-04-23T01:40:29.548+0000] {cursor.py:1041} INFO - query execution done
[2025-04-23T01:40:29.580+0000] {cursor.py:1028} INFO - query: [MERGE INTO MBTA_VEHICLES AS target USING (SELECT '1828', 'CR-NewBedford', 41.865...]
[2025-04-23T01:40:31.867+0000] {cursor.py:1041} INFO - query execution done
[2025-04-23T01:40:32.054+0000] {cursor.py:1028} INFO - query: [MERGE INTO MBTA_VEHICLES AS target USING (SELECT 'y1860', '45', 42.31489835, -71...]
[2025-04-23T01:40:33.996+0000] {cursor.py:1041} INFO - query execution done
[2025-04-23T01:40:34.361+0000] {cursor.py:1028} INFO - query: [MERGE INTO MBTA_VEHICLES AS target USING (SELECT 'G-10389', 'Green-D', 42.33193,...]
[2025-04-23T01:40:36.065+0000] {cursor.py:1041} INFO - query execution done
[2025-04-23T01:40:36.076+0000] {cursor.py:1028} INFO - query: [MERGE INTO MBTA_VEHICLES AS target USING (SELECT 'y1629', '30', 42.297184029, -7...]
[2025-04-23T01:40:38.311+0000] {cursor.py:1041} INFO - query execution done
[2025-04-23T01:40:38.314+0000] {cursor.py:1028} INFO - query: [MERGE INTO MBTA_VEHICLES AS target USING (SELECT 'B-5482A80C', 'Blue', 42.35889,...]
[2025-04-23T01:40:40.658+0000] {cursor.py:1041} INFO - query execution done
[2025-04-23T01:40:40.670+0000] {cursor.py:1028} INFO - query: [MERGE INTO MBTA_VEHICLES AS target USING (SELECT 'O-5482A810', 'Orange', 42.3480...]
[2025-04-23T01:40:42.430+0000] {cursor.py:1041} INFO - query execution done
[2025-04-23T01:40:42.436+0000] {cursor.py:1028} INFO - query: [MERGE INTO MBTA_VEHICLES AS target USING (SELECT 'y3127', '83', 42.368582279, -7...]
[2025-04-23T01:40:44.693+0000] {cursor.py:1041} INFO - query execution done
[2025-04-23T01:40:44.696+0000] {cursor.py:1028} INFO - query: [MERGE INTO MBTA_VEHICLES AS target USING (SELECT 'y2002', '93', 42.36165341, -71...]
[2025-04-23T01:40:46.695+0000] {cursor.py:1041} INFO - query execution done
[2025-04-23T01:40:46.702+0000] {cursor.py:1028} INFO - query: [MERGE INTO MBTA_VEHICLES AS target USING (SELECT 'y1705', '36', 42.29977, -71.11...]
[2025-04-23T01:40:48.872+0000] {cursor.py:1041} INFO - query execution done
[2025-04-23T01:40:48.879+0000] {cursor.py:1028} INFO - query: [MERGE INTO MBTA_VEHICLES AS target USING (SELECT 'y1822', '10', 42.32488, -71.06...]
[2025-04-23T01:40:51.039+0000] {cursor.py:1041} INFO - query execution done
[2025-04-23T01:40:51.048+0000] {cursor.py:1028} INFO - query: [MERGE INTO MBTA_VEHICLES AS target USING (SELECT 'y3238', '553', 42.36621421, -7...]
[2025-04-23T01:40:53.107+0000] {cursor.py:1041} INFO - query execution done
[2025-04-23T01:40:53.119+0000] {cursor.py:1028} INFO - query: [MERGE INTO MBTA_VEHICLES AS target USING (SELECT 'y1799', '708', 42.33341148, -7...]
[2025-04-23T01:40:55.215+0000] {cursor.py:1041} INFO - query execution done
[2025-04-23T01:40:55.220+0000] {cursor.py:1028} INFO - query: [MERGE INTO MBTA_VEHICLES AS target USING (SELECT 'y2062', '108', 42.40463185, -7...]
[2025-04-23T01:40:57.576+0000] {cursor.py:1041} INFO - query execution done
[2025-04-23T01:40:57.583+0000] {cursor.py:1028} INFO - query: [MERGE INTO MBTA_VEHICLES AS target USING (SELECT 'y1755', '9', 42.33569946, -71....]
[2025-04-23T01:40:59.726+0000] {cursor.py:1041} INFO - query execution done
[2025-04-23T01:40:59.737+0000] {cursor.py:1028} INFO - query: [MERGE INTO MBTA_VEHICLES AS target USING (SELECT 'y1784', '10', 42.3368379, -71....]
[2025-04-23T01:41:01.892+0000] {cursor.py:1041} INFO - query execution done
[2025-04-23T01:41:01.901+0000] {cursor.py:1028} INFO - query: [MERGE INTO MBTA_VEHICLES AS target USING (SELECT 'G-10388', 'Green-D', 42.37587,...]
[2025-04-23T01:41:03.988+0000] {cursor.py:1041} INFO - query execution done
[2025-04-23T01:41:03.997+0000] {cursor.py:1028} INFO - query: [MERGE INTO MBTA_VEHICLES AS target USING (SELECT 'y1690', '34', 42.264651599, -7...]
[2025-04-23T01:41:06.658+0000] {cursor.py:1041} INFO - query execution done
[2025-04-23T01:41:06.667+0000] {cursor.py:1028} INFO - query: [MERGE INTO MBTA_VEHICLES AS target USING (SELECT 'y1731', '47', 42.361422699, -7...]
[2025-04-23T01:41:09.073+0000] {cursor.py:1041} INFO - query execution done
[2025-04-23T01:41:09.119+0000] {cursor.py:1028} INFO - query: [MERGE INTO MBTA_VEHICLES AS target USING (SELECT 'y3335', '450', 42.52492, -70.8...]
[2025-04-23T01:41:11.168+0000] {cursor.py:1041} INFO - query execution done
[2025-04-23T01:41:11.194+0000] {cursor.py:1028} INFO - query: [MERGE INTO MBTA_VEHICLES AS target USING (SELECT '1833', 'CR-Worcester', 42.2698...]
[2025-04-23T01:41:13.600+0000] {cursor.py:1041} INFO - query execution done
[2025-04-23T01:41:13.604+0000] {cursor.py:1028} INFO - query: [MERGE INTO MBTA_VEHICLES AS target USING (SELECT 'y1929', '77', 42.41091575, -71...]
[2025-04-23T01:41:15.823+0000] {cursor.py:1041} INFO - query execution done
[2025-04-23T01:41:15.834+0000] {cursor.py:1028} INFO - query: [MERGE INTO MBTA_VEHICLES AS target USING (SELECT 'y2079', '87', 42.395940449, -7...]
[2025-04-23T01:41:18.076+0000] {cursor.py:1041} INFO - query execution done
[2025-04-23T01:41:18.083+0000] {cursor.py:1028} INFO - query: [MERGE INTO MBTA_VEHICLES AS target USING (SELECT 'y1325', '743', 42.35260779, -7...]
[2025-04-23T01:41:20.229+0000] {cursor.py:1041} INFO - query execution done
[2025-04-23T01:41:20.275+0000] {cursor.py:1028} INFO - query: [MERGE INTO MBTA_VEHICLES AS target USING (SELECT 'G-10373', 'Green-D', 42.3707, ...]
[2025-04-23T01:41:22.362+0000] {cursor.py:1041} INFO - query execution done
[2025-04-23T01:41:22.366+0000] {cursor.py:1028} INFO - query: [MERGE INTO MBTA_VEHICLES AS target USING (SELECT 'y1910', '22', 42.29034956, -71...]
[2025-04-23T01:41:24.498+0000] {cursor.py:1041} INFO - query execution done
[2025-04-23T01:41:24.505+0000] {cursor.py:1028} INFO - query: [MERGE INTO MBTA_VEHICLES AS target USING (SELECT 'y1779', '16', 42.32090571, -71...]
[2025-04-23T01:41:26.807+0000] {cursor.py:1041} INFO - query execution done
[2025-04-23T01:41:26.819+0000] {cursor.py:1028} INFO - query: [MERGE INTO MBTA_VEHICLES AS target USING (SELECT 'y0786', '215', 42.28365259, -7...]
[2025-04-23T01:41:28.811+0000] {cursor.py:1041} INFO - query execution done
[2025-04-23T01:41:28.815+0000] {cursor.py:1028} INFO - query: [MERGE INTO MBTA_VEHICLES AS target USING (SELECT 'B-5482A822', 'Blue', 42.37437,...]
[2025-04-23T01:41:30.859+0000] {cursor.py:1041} INFO - query execution done
[2025-04-23T01:41:30.883+0000] {cursor.py:1028} INFO - query: [MERGE INTO MBTA_VEHICLES AS target USING (SELECT 'y0778', '201', 42.2827893, -71...]
[2025-04-23T01:41:32.892+0000] {cursor.py:1041} INFO - query execution done
[2025-04-23T01:41:32.913+0000] {cursor.py:1028} INFO - query: [MERGE INTO MBTA_VEHICLES AS target USING (SELECT 'y1306', '746', 42.33131, -71.0...]
[2025-04-23T01:41:35.085+0000] {cursor.py:1041} INFO - query execution done
[2025-04-23T01:41:35.124+0000] {cursor.py:1028} INFO - query: [MERGE INTO MBTA_VEHICLES AS target USING (SELECT 'y3338', '455', 42.46252591, -7...]
[2025-04-23T01:41:37.688+0000] {cursor.py:1041} INFO - query execution done
[2025-04-23T01:41:37.713+0000] {cursor.py:1028} INFO - query: [MERGE INTO MBTA_VEHICLES AS target USING (SELECT '1848', 'CR-NewBedford', 41.843...]
[2025-04-23T01:41:39.691+0000] {cursor.py:1041} INFO - query execution done
[2025-04-23T01:41:39.709+0000] {cursor.py:1028} INFO - query: [MERGE INTO MBTA_VEHICLES AS target USING (SELECT 'y2004', '109', 42.37909397, -7...]
[2025-04-23T01:41:41.652+0000] {cursor.py:1041} INFO - query execution done
[2025-04-23T01:41:41.663+0000] {cursor.py:1028} INFO - query: [MERGE INTO MBTA_VEHICLES AS target USING (SELECT 'y1921', '15', 42.321070489, -7...]
[2025-04-23T01:41:43.567+0000] {cursor.py:1041} INFO - query execution done
[2025-04-23T01:41:43.601+0000] {cursor.py:1028} INFO - query: [MERGE INTO MBTA_VEHICLES AS target USING (SELECT 'y1982', '110', 42.40418694, -7...]
[2025-04-23T01:41:48.815+0000] {cursor.py:1041} INFO - query execution done
[2025-04-23T01:41:52.987+0000] {cursor.py:1028} INFO - query: [MERGE INTO MBTA_VEHICLES AS target USING (SELECT 'y1262', '28', 42.32611504, -71...]
[2025-04-23T01:42:07.108+0000] {cursor.py:1041} INFO - query execution done
[2025-04-23T01:42:16.647+0000] {cursor.py:1028} INFO - query: [MERGE INTO MBTA_VEHICLES AS target USING (SELECT 'y1214', '39', 42.333202339, -7...]
[2025-04-23T01:42:25.389+0000] {cursor.py:1041} INFO - query execution done
[2025-04-23T01:42:26.036+0000] {cursor.py:1028} INFO - query: [MERGE INTO MBTA_VEHICLES AS target USING (SELECT 'B-5482A834', 'Blue', 42.39066,...]
[2025-04-23T01:42:27.409+0000] {cursor.py:1041} INFO - query execution done
[2025-04-23T01:42:27.452+0000] {cursor.py:1028} INFO - query: [MERGE INTO MBTA_VEHICLES AS target USING (SELECT 'y1773', '23', 42.33267727, -71...]
[2025-04-23T01:42:28.855+0000] {cursor.py:1041} INFO - query execution done
[2025-04-23T01:42:28.881+0000] {cursor.py:1028} INFO - query: [MERGE INTO MBTA_VEHICLES AS target USING (SELECT 'y2046', '110', 42.40969091, -7...]
[2025-04-23T01:42:31.338+0000] {cursor.py:1041} INFO - query execution done
[2025-04-23T01:42:31.390+0000] {cursor.py:1028} INFO - query: [MERGE INTO MBTA_VEHICLES AS target USING (SELECT 'y1603', '21', 42.30044688, -71...]
[2025-04-23T01:42:33.522+0000] {cursor.py:1041} INFO - query execution done
[2025-04-23T01:42:33.547+0000] {cursor.py:1028} INFO - query: [MERGE INTO MBTA_VEHICLES AS target USING (SELECT 'G-10376', 'Green-E', 42.33194,...]
[2025-04-23T01:42:35.607+0000] {cursor.py:1041} INFO - query execution done
[2025-04-23T01:42:35.627+0000] {cursor.py:1028} INFO - query: [MERGE INTO MBTA_VEHICLES AS target USING (SELECT 'y3322', '435', 42.54507558, -7...]
[2025-04-23T01:42:37.590+0000] {cursor.py:1041} INFO - query execution done
[2025-04-23T01:42:37.605+0000] {cursor.py:1028} INFO - query: [MERGE INTO MBTA_VEHICLES AS target USING (SELECT 'G-10068', 'Green-C', 42.33952,...]
[2025-04-23T01:42:39.983+0000] {cursor.py:1041} INFO - query execution done
[2025-04-23T01:42:40.030+0000] {cursor.py:1028} INFO - query: [MERGE INTO MBTA_VEHICLES AS target USING (SELECT 'y2054', '104', 42.42608, -71.0...]
[2025-04-23T01:42:42.098+0000] {cursor.py:1041} INFO - query execution done
[2025-04-23T01:42:42.100+0000] {cursor.py:1028} INFO - query: [MERGE INTO MBTA_VEHICLES AS target USING (SELECT 'y1959', '78', 42.3822941, -71....]
[2025-04-23T01:42:44.253+0000] {cursor.py:1041} INFO - query execution done
[2025-04-23T01:42:44.257+0000] {cursor.py:1028} INFO - query: [MERGE INTO MBTA_VEHICLES AS target USING (SELECT 'y3359', '435', 42.46175, -70.9...]
[2025-04-23T01:42:46.637+0000] {cursor.py:1041} INFO - query execution done
[2025-04-23T01:42:46.639+0000] {cursor.py:1028} INFO - query: [MERGE INTO MBTA_VEHICLES AS target USING (SELECT 'y1936', '92', 42.37513379, -71...]
[2025-04-23T01:42:48.807+0000] {cursor.py:1041} INFO - query execution done
[2025-04-23T01:42:48.811+0000] {cursor.py:1028} INFO - query: [MERGE INTO MBTA_VEHICLES AS target USING (SELECT 'y1802', '9', 42.34978, -71.075...]
[2025-04-23T01:42:50.819+0000] {cursor.py:1041} INFO - query execution done
[2025-04-23T01:42:50.824+0000] {cursor.py:1028} INFO - query: [MERGE INTO MBTA_VEHICLES AS target USING (SELECT 'G-10343', 'Green-D', 42.33638,...]
[2025-04-23T01:43:01.638+0000] {cursor.py:1041} INFO - query execution done
[2025-04-23T01:43:01.642+0000] {cursor.py:1028} INFO - query: [MERGE INTO MBTA_VEHICLES AS target USING (SELECT 'G-10037', 'Green-B', 42.34954,...]
[2025-04-23T01:43:03.624+0000] {cursor.py:1041} INFO - query execution done
[2025-04-23T01:43:03.626+0000] {cursor.py:1028} INFO - query: [MERGE INTO MBTA_VEHICLES AS target USING (SELECT 'y2019', '78', 42.3767278, -71....]
[2025-04-23T01:43:05.709+0000] {cursor.py:1041} INFO - query execution done
[2025-04-23T01:43:05.714+0000] {cursor.py:1028} INFO - query: [MERGE INTO MBTA_VEHICLES AS target USING (SELECT 'B-5482A830', 'Blue', 42.40781,...]
[2025-04-23T01:43:07.671+0000] {cursor.py:1041} INFO - query execution done
[2025-04-23T01:43:07.672+0000] {cursor.py:1028} INFO - query: [MERGE INTO MBTA_VEHICLES AS target USING (SELECT 'y1671', '34E', 42.229771499, -...]
