[2025-04-22T02:57:28.205+0000] {taskinstance.py:1956} INFO - Dependencies all met for dep_context=non-requeueable deps ti=<TaskInstance: mbta_ingestion_dag.load_to_snowflake scheduled__2025-04-22T02:50:00+00:00 [queued]>
[2025-04-22T02:57:28.210+0000] {taskinstance.py:1956} INFO - Dependencies all met for dep_context=requeueable deps ti=<TaskInstance: mbta_ingestion_dag.load_to_snowflake scheduled__2025-04-22T02:50:00+00:00 [queued]>
[2025-04-22T02:57:28.210+0000] {taskinstance.py:2170} INFO - Starting attempt 1 of 2
[2025-04-22T02:57:28.217+0000] {taskinstance.py:2191} INFO - Executing <Task(PythonOperator): load_to_snowflake> on 2025-04-22 02:50:00+00:00
[2025-04-22T02:57:28.225+0000] {standard_task_runner.py:60} INFO - Started process 225 to run task
[2025-04-22T02:57:28.227+0000] {standard_task_runner.py:87} INFO - Running: ['***', 'tasks', 'run', 'mbta_ingestion_dag', 'load_to_snowflake', 'scheduled__2025-04-22T02:50:00+00:00', '--job-id', '49', '--raw', '--subdir', 'DAGS_FOLDER/mbta_ingestion_dag.py', '--cfg-path', '/tmp/tmp9dmly14g']
[2025-04-22T02:57:28.248+0000] {standard_task_runner.py:88} INFO - Job 49: Subtask load_to_snowflake
[2025-04-22T02:57:28.304+0000] {logging_mixin.py:188} WARNING - /home/***/.local/lib/python3.9/site-packages/***/settings.py:194 DeprecationWarning: The sql_alchemy_conn option in [core] has been moved to the sql_alchemy_conn option in [database] - the old setting has been used, but please update your config.
[2025-04-22T02:57:28.420+0000] {task_command.py:423} INFO - Running <TaskInstance: mbta_ingestion_dag.load_to_snowflake scheduled__2025-04-22T02:50:00+00:00 [running]> on host 2c22c90a5849
[2025-04-22T02:57:28.552+0000] {taskinstance.py:2480} INFO - Exporting env vars: AIRFLOW_CTX_DAG_OWNER='***' AIRFLOW_CTX_DAG_ID='mbta_ingestion_dag' AIRFLOW_CTX_TASK_ID='load_to_snowflake' AIRFLOW_CTX_EXECUTION_DATE='2025-04-22T02:50:00+00:00' AIRFLOW_CTX_TRY_NUMBER='1' AIRFLOW_CTX_DAG_RUN_ID='scheduled__2025-04-22T02:50:00+00:00'
[2025-04-22T02:57:28.554+0000] {mbta_ingestion_dag.py:35} INFO - 🚀 Launching Kafka consumer to process and load data into Snowflake...
[2025-04-22T02:57:28.556+0000] {connection.py:370} INFO - Snowflake Connector for Python Version: 3.6.0, Python Version: 3.9.18, Platform: Linux-6.10.14-linuxkit-aarch64-with-glibc2.36
[2025-04-22T02:57:28.566+0000] {connection.py:1171} INFO - This connection is in OCSP Fail Open Mode. TLS Certificates would be checked for validity and revocation status. Any other Certificate Revocation related exceptions or OCSP Responder failures would be disregarded in favor of connectivity.
[2025-04-22T02:57:29.256+0000] {mbta_kafka_consumer.py:45} INFO - ✅ Connected to Snowflake successfully.
[2025-04-22T02:57:29.257+0000] {mbta_kafka_consumer.py:219} INFO - 🚀 Starting MBTA Kafka Consumer...
[2025-04-22T02:57:29.267+0000] {conn.py:395} INFO - <BrokerConnection client_id=kafka-python-2.1.5, node_id=bootstrap-0 host=kafka:9092 <connecting> [IPv4 ('172.18.0.5', 9092)]>: connecting to kafka:9092 [('172.18.0.5', 9092) IPv4]
[2025-04-22T02:57:29.299+0000] {conn.py:615} INFO - <BrokerConnection client_id=kafka-python-2.1.5, node_id=bootstrap-0 host=kafka:9092 <checking_api_versions_recv> [IPv4 ('172.18.0.5', 9092)]>: Broker version identified as 2.6
[2025-04-22T02:57:29.300+0000] {conn.py:456} INFO - <BrokerConnection client_id=kafka-python-2.1.5, node_id=bootstrap-0 host=kafka:9092 <connected> [IPv4 ('172.18.0.5', 9092)]>: Connection complete.
[2025-04-22T02:57:29.306+0000] {consumer.py:119} WARNING - group_id is None: disabling auto-commit.
[2025-04-22T02:57:29.309+0000] {subscription_state.py:182} INFO - Updating subscribed topics to: ('mbta_alerts', 'mbta_routes', 'mbta_stops', 'mbta_vehicles', 'mbta_predictions')
[2025-04-22T02:57:29.354+0000] {subscription_state.py:254} INFO - Updated partition assignment: [('mbta_routes', 0), ('mbta_alerts', 0), ('mbta_vehicles', 0), ('mbta_predictions', 0), ('mbta_stops', 0)]
[2025-04-22T02:57:29.367+0000] {conn.py:395} INFO - <BrokerConnection client_id=kafka-python-2.1.5, node_id=1 host=kafka:9092 <connecting> [IPv4 ('172.18.0.5', 9092)]>: connecting to kafka:9092 [('172.18.0.5', 9092) IPv4]
[2025-04-22T02:57:29.378+0000] {conn.py:456} INFO - <BrokerConnection client_id=kafka-python-2.1.5, node_id=1 host=kafka:9092 <connected> [IPv4 ('172.18.0.5', 9092)]>: Connection complete.
[2025-04-22T02:57:29.384+0000] {conn.py:936} INFO - <BrokerConnection client_id=kafka-python-2.1.5, node_id=bootstrap-0 host=kafka:9092 <connected> [IPv4 ('172.18.0.5', 9092)]>: Closing connection. 
[2025-04-22T02:57:31.019+0000] {mbta_kafka_consumer.py:233} INFO - 📥 Received 100 records from topic: mbta_alerts
[2025-04-22T02:57:31.035+0000] {mbta_kafka_consumer.py:56} INFO - 🔍 Sample data for MBTA_ALERTS:
[2025-04-22T02:57:31.036+0000] {mbta_kafka_consumer.py:57} INFO - 
  ALERT_ID  ...                 CREATED_AT
0   638240  ...  2025-04-16T10:52:04-04:00
1   638657  ...  2025-04-18T10:54:16-04:00
2   435698  ...  2022-03-15T10:13:31-04:00
3   634497  ...  2025-03-27T14:21:07-04:00
4   634495  ...  2025-03-27T14:18:44-04:00

[5 rows x 6 columns]
[2025-04-22T02:57:31.062+0000] {cursor.py:1028} INFO - query: [SELECT * FROM MBTA_ALERTS WHERE ALERT_ID IN ('638240','638657','435698','634497'...]
[2025-04-22T02:57:31.265+0000] {cursor.py:1041} INFO - query execution done
[2025-04-22T02:57:31.266+0000] {cursor.py:1205} INFO - Number of results in first chunk: 0
[2025-04-22T02:57:31.820+0000] {mbta_kafka_consumer.py:104} INFO - 🔁 0 new/updated records out of 100 incoming records (some may be duplicate VEHICLE_IDs) for MBTA_ALERTS
[2025-04-22T02:57:31.821+0000] {mbta_kafka_consumer.py:107} INFO - ✅ All 100 records already up-to-date in MBTA_ALERTS, no merge needed.
[2025-04-22T02:57:31.821+0000] {mbta_kafka_consumer.py:233} INFO - 📥 Received 100 records from topic: mbta_alerts
[2025-04-22T02:57:31.825+0000] {mbta_kafka_consumer.py:56} INFO - 🔍 Sample data for MBTA_ALERTS:
[2025-04-22T02:57:31.825+0000] {mbta_kafka_consumer.py:57} INFO - 
  ALERT_ID  ...                 CREATED_AT
0   638240  ...  2025-04-16T10:52:04-04:00
1   638657  ...  2025-04-18T10:54:16-04:00
2   435698  ...  2022-03-15T10:13:31-04:00
3   634497  ...  2025-03-27T14:21:07-04:00
4   634495  ...  2025-03-27T14:18:44-04:00

[5 rows x 6 columns]
[2025-04-22T02:57:31.832+0000] {cursor.py:1028} INFO - query: [SELECT * FROM MBTA_ALERTS WHERE ALERT_ID IN ('638240','638657','435698','634497'...]
[2025-04-22T02:57:32.081+0000] {cursor.py:1041} INFO - query execution done
[2025-04-22T02:57:32.086+0000] {cursor.py:1205} INFO - Number of results in first chunk: 0
[2025-04-22T02:57:32.243+0000] {mbta_kafka_consumer.py:104} INFO - 🔁 0 new/updated records out of 100 incoming records (some may be duplicate VEHICLE_IDs) for MBTA_ALERTS
[2025-04-22T02:57:32.244+0000] {mbta_kafka_consumer.py:107} INFO - ✅ All 100 records already up-to-date in MBTA_ALERTS, no merge needed.
[2025-04-22T02:57:32.244+0000] {mbta_kafka_consumer.py:233} INFO - 📥 Received 324 records from topic: mbta_vehicles
[2025-04-22T02:57:32.255+0000] {mbta_kafka_consumer.py:56} INFO - 🔍 Sample data for MBTA_VEHICLES:
[2025-04-22T02:57:32.255+0000] {mbta_kafka_consumer.py:57} INFO - 
   VEHICLE_ID         ROUTE_ID  ...         STATUS                 CREATED_AT
0      ynk303  Shuttle-Generic  ...  IN_TRANSIT_TO 2025-04-22 02:57:32.245080
1  R-5482A35B              Red  ...  IN_TRANSIT_TO 2025-04-22 02:57:32.245106
2       y1989               70  ...     STOPPED_AT 2025-04-22 02:57:32.245111
3       y1203               28  ...     STOPPED_AT 2025-04-22 02:57:32.245112
4     G-10014          Green-E  ...    INCOMING_AT 2025-04-22 02:57:32.245122

[5 rows x 8 columns]
[2025-04-22T02:57:32.265+0000] {cursor.py:1028} INFO - query: [SELECT * FROM MBTA_VEHICLES WHERE VEHICLE_ID IN ('ynk303','R-5482A35B','y1989','...]
[2025-04-22T02:57:32.636+0000] {cursor.py:1041} INFO - query execution done
[2025-04-22T02:57:32.637+0000] {cursor.py:1205} INFO - Number of results in first chunk: 336
[2025-04-22T02:57:32.649+0000] {mbta_kafka_consumer.py:104} INFO - 🔁 228 new/updated records out of 324 incoming records (some may be duplicate VEHICLE_IDs) for MBTA_VEHICLES
[2025-04-22T02:57:32.650+0000] {cursor.py:1028} INFO - query: [MERGE INTO MBTA_VEHICLES AS target USING (SELECT 'y1989', '70', 42.3632761, -71....]
[2025-04-22T02:57:33.551+0000] {cursor.py:1041} INFO - query execution done
[2025-04-22T02:57:33.553+0000] {cursor.py:1028} INFO - query: [MERGE INTO MBTA_VEHICLES AS target USING (SELECT 'y1203', '28', 42.28214146, -71...]
[2025-04-22T02:57:34.179+0000] {cursor.py:1041} INFO - query execution done
[2025-04-22T02:57:34.181+0000] {cursor.py:1028} INFO - query: [MERGE INTO MBTA_VEHICLES AS target USING (SELECT 'G-10014', 'Green-E', 42.3454, ...]
[2025-04-22T02:57:34.746+0000] {cursor.py:1041} INFO - query execution done
[2025-04-22T02:57:34.747+0000] {cursor.py:1028} INFO - query: [MERGE INTO MBTA_VEHICLES AS target USING (SELECT 'y1851', '15', 42.3089136, -71....]
[2025-04-22T02:57:35.279+0000] {cursor.py:1041} INFO - query execution done
[2025-04-22T02:57:35.285+0000] {cursor.py:1028} INFO - query: [MERGE INTO MBTA_VEHICLES AS target USING (SELECT 'y1851', '15', 42.3089136, -71....]
[2025-04-22T02:57:35.882+0000] {cursor.py:1041} INFO - query execution done
[2025-04-22T02:57:35.884+0000] {cursor.py:1028} INFO - query: [MERGE INTO MBTA_VEHICLES AS target USING (SELECT 'y1851', '15', 42.3089136, -71....]
[2025-04-22T02:57:36.479+0000] {cursor.py:1041} INFO - query execution done
[2025-04-22T02:57:36.480+0000] {cursor.py:1028} INFO - query: [MERGE INTO MBTA_VEHICLES AS target USING (SELECT 'y1851', '15', 42.3089136, -71....]
[2025-04-22T02:57:37.004+0000] {cursor.py:1041} INFO - query execution done
[2025-04-22T02:57:37.004+0000] {cursor.py:1028} INFO - query: [MERGE INTO MBTA_VEHICLES AS target USING (SELECT 'y1851', '15', 42.3089136, -71....]
[2025-04-22T02:57:37.534+0000] {cursor.py:1041} INFO - query execution done
[2025-04-22T02:57:37.534+0000] {cursor.py:1028} INFO - query: [MERGE INTO MBTA_VEHICLES AS target USING (SELECT 'y1851', '15', 42.3089136, -71....]
[2025-04-22T02:57:38.048+0000] {cursor.py:1041} INFO - query execution done
[2025-04-22T02:57:38.049+0000] {cursor.py:1028} INFO - query: [MERGE INTO MBTA_VEHICLES AS target USING (SELECT 'y1851', '15', 42.3089136, -71....]
[2025-04-22T02:57:38.592+0000] {cursor.py:1041} INFO - query execution done
[2025-04-22T02:57:38.600+0000] {cursor.py:1028} INFO - query: [MERGE INTO MBTA_VEHICLES AS target USING (SELECT 'y1851', '15', 42.3089136, -71....]
[2025-04-22T02:57:39.139+0000] {cursor.py:1041} INFO - query execution done
[2025-04-22T02:57:39.140+0000] {cursor.py:1028} INFO - query: [MERGE INTO MBTA_VEHICLES AS target USING (SELECT 'y1851', '15', 42.3089136, -71....]
[2025-04-22T02:57:39.793+0000] {cursor.py:1041} INFO - query execution done
[2025-04-22T02:57:39.795+0000] {cursor.py:1028} INFO - query: [MERGE INTO MBTA_VEHICLES AS target USING (SELECT 'y1851', '15', 42.3089136, -71....]
[2025-04-22T02:57:40.712+0000] {cursor.py:1041} INFO - query execution done
[2025-04-22T02:57:40.715+0000] {cursor.py:1028} INFO - query: [MERGE INTO MBTA_VEHICLES AS target USING (SELECT 'y1851', '15', 42.3089136, -71....]
[2025-04-22T02:57:41.259+0000] {cursor.py:1041} INFO - query execution done
[2025-04-22T02:57:41.273+0000] {cursor.py:1028} INFO - query: [MERGE INTO MBTA_VEHICLES AS target USING (SELECT 'y1851', '15', 42.3089136, -71....]
[2025-04-22T02:57:41.762+0000] {cursor.py:1041} INFO - query execution done
[2025-04-22T02:57:41.764+0000] {cursor.py:1028} INFO - query: [MERGE INTO MBTA_VEHICLES AS target USING (SELECT 'y1851', '15', 42.3089136, -71....]
[2025-04-22T02:57:42.303+0000] {cursor.py:1041} INFO - query execution done
[2025-04-22T02:57:42.312+0000] {cursor.py:1028} INFO - query: [MERGE INTO MBTA_VEHICLES AS target USING (SELECT 'y3305', '429', 42.46730329, -7...]
[2025-04-22T02:57:42.806+0000] {cursor.py:1041} INFO - query execution done
[2025-04-22T02:57:42.811+0000] {cursor.py:1028} INFO - query: [MERGE INTO MBTA_VEHICLES AS target USING (SELECT '1811', 'CR-Kingston', 42.08979...]
[2025-04-22T02:57:43.384+0000] {cursor.py:1041} INFO - query execution done
[2025-04-22T02:57:43.388+0000] {cursor.py:1028} INFO - query: [MERGE INTO MBTA_VEHICLES AS target USING (SELECT 'y1613', '34E', 42.24943974, -7...]
[2025-04-22T02:57:44.104+0000] {cursor.py:1041} INFO - query execution done
[2025-04-22T02:57:44.112+0000] {cursor.py:1028} INFO - query: [MERGE INTO MBTA_VEHICLES AS target USING (SELECT 'y1896', '57', 42.36259729, -71...]
[2025-04-22T02:57:44.738+0000] {cursor.py:1041} INFO - query execution done
[2025-04-22T02:57:44.741+0000] {cursor.py:1028} INFO - query: [MERGE INTO MBTA_VEHICLES AS target USING (SELECT 'y3115', '71', 42.373465405, -7...]
[2025-04-22T02:57:45.255+0000] {cursor.py:1041} INFO - query execution done
[2025-04-22T02:57:45.256+0000] {cursor.py:1028} INFO - query: [MERGE INTO MBTA_VEHICLES AS target USING (SELECT 'G-10067', 'Green-C', 42.34791,...]
[2025-04-22T02:57:45.829+0000] {cursor.py:1041} INFO - query execution done
[2025-04-22T02:57:45.831+0000] {cursor.py:1028} INFO - query: [MERGE INTO MBTA_VEHICLES AS target USING (SELECT 'y1925', '88', 42.4055509, -71....]
[2025-04-22T02:57:46.464+0000] {cursor.py:1041} INFO - query execution done
[2025-04-22T02:57:46.478+0000] {cursor.py:1028} INFO - query: [MERGE INTO MBTA_VEHICLES AS target USING (SELECT '1839', 'CR-Worcester', 42.2714...]
[2025-04-22T02:57:47.109+0000] {cursor.py:1041} INFO - query execution done
[2025-04-22T02:57:47.117+0000] {cursor.py:1028} INFO - query: [MERGE INTO MBTA_VEHICLES AS target USING (SELECT 'y1858', '8', 42.32985184, -71....]
[2025-04-22T02:57:47.705+0000] {cursor.py:1041} INFO - query execution done
[2025-04-22T02:57:47.710+0000] {cursor.py:1028} INFO - query: [MERGE INTO MBTA_VEHICLES AS target USING (SELECT 'G-10310', 'Green-D', 42.32893,...]
[2025-04-22T02:57:48.330+0000] {cursor.py:1041} INFO - query execution done
[2025-04-22T02:57:48.333+0000] {cursor.py:1028} INFO - query: [MERGE INTO MBTA_VEHICLES AS target USING (SELECT 'G-10095', 'Green-D', 42.33254,...]
[2025-04-22T02:57:48.879+0000] {cursor.py:1041} INFO - query execution done
[2025-04-22T02:57:48.883+0000] {cursor.py:1028} INFO - query: [MERGE INTO MBTA_VEHICLES AS target USING (SELECT 'y1677', '31', 42.268615129, -7...]
[2025-04-22T02:57:49.439+0000] {cursor.py:1041} INFO - query execution done
[2025-04-22T02:57:49.442+0000] {cursor.py:1028} INFO - query: [MERGE INTO MBTA_VEHICLES AS target USING (SELECT 'y3323', '435', 42.51125282, -7...]
[2025-04-22T02:57:50.025+0000] {cursor.py:1041} INFO - query execution done
[2025-04-22T02:57:50.026+0000] {cursor.py:1028} INFO - query: [MERGE INTO MBTA_VEHICLES AS target USING (SELECT 'y1790', '22', 42.29977633, -71...]
[2025-04-22T02:57:50.641+0000] {cursor.py:1041} INFO - query execution done
[2025-04-22T02:57:50.642+0000] {cursor.py:1028} INFO - query: [MERGE INTO MBTA_VEHICLES AS target USING (SELECT 'G-10072', 'Green-E', 42.33218,...]
[2025-04-22T02:57:51.175+0000] {cursor.py:1041} INFO - query execution done
[2025-04-22T02:57:51.176+0000] {cursor.py:1028} INFO - query: [MERGE INTO MBTA_VEHICLES AS target USING (SELECT '1809', 'CR-NewBedford', 41.974...]
[2025-04-22T02:57:51.776+0000] {cursor.py:1041} INFO - query execution done
[2025-04-22T02:57:51.779+0000] {cursor.py:1028} INFO - query: [MERGE INTO MBTA_VEHICLES AS target USING (SELECT 'y2083', '71', 42.37579687, -71...]
[2025-04-22T02:57:52.306+0000] {cursor.py:1041} INFO - query execution done
[2025-04-22T02:57:52.307+0000] {cursor.py:1028} INFO - query: [MERGE INTO MBTA_VEHICLES AS target USING (SELECT 'G-10319', 'Green-D', 42.34788,...]
[2025-04-22T02:57:53.017+0000] {cursor.py:1041} INFO - query execution done
[2025-04-22T02:57:53.024+0000] {cursor.py:1028} INFO - query: [MERGE INTO MBTA_VEHICLES AS target USING (SELECT 'y3325', '426', 42.4582691, -70...]
[2025-04-22T02:57:53.866+0000] {cursor.py:1041} INFO - query execution done
[2025-04-22T02:57:53.868+0000] {cursor.py:1028} INFO - query: [MERGE INTO MBTA_VEHICLES AS target USING (SELECT 'y1881', '9', 42.34094831, -71....]
[2025-04-22T02:57:54.340+0000] {cursor.py:1041} INFO - query execution done
[2025-04-22T02:57:54.343+0000] {cursor.py:1028} INFO - query: [MERGE INTO MBTA_VEHICLES AS target USING (SELECT 'y2011', '77', 42.373594246, -7...]
[2025-04-22T02:57:54.963+0000] {cursor.py:1041} INFO - query execution done
[2025-04-22T02:57:54.971+0000] {cursor.py:1028} INFO - query: [MERGE INTO MBTA_VEHICLES AS target USING (SELECT 'y3308', '455', 42.47182841, -7...]
[2025-04-22T02:57:55.660+0000] {cursor.py:1041} INFO - query execution done
[2025-04-22T02:57:55.662+0000] {cursor.py:1028} INFO - query: [MERGE INTO MBTA_VEHICLES AS target USING (SELECT 'y1855', '11', 42.35405497, -71...]
[2025-04-22T02:57:56.413+0000] {cursor.py:1041} INFO - query execution done
[2025-04-22T02:57:56.416+0000] {cursor.py:1028} INFO - query: [MERGE INTO MBTA_VEHICLES AS target USING (SELECT 'y1971', '109', 42.40508947, -7...]
[2025-04-22T02:57:57.090+0000] {cursor.py:1041} INFO - query execution done
[2025-04-22T02:57:57.097+0000] {cursor.py:1028} INFO - query: [MERGE INTO MBTA_VEHICLES AS target USING (SELECT 'G-10150', 'Green-D', 42.33638,...]
[2025-04-22T02:57:57.915+0000] {cursor.py:1041} INFO - query execution done
[2025-04-22T02:57:57.918+0000] {cursor.py:1028} INFO - query: [MERGE INTO MBTA_VEHICLES AS target USING (SELECT 'y3352', '116', 42.41389, -70.9...]
[2025-04-22T02:57:58.546+0000] {cursor.py:1041} INFO - query execution done
[2025-04-22T02:57:58.547+0000] {cursor.py:1028} INFO - query: [MERGE INTO MBTA_VEHICLES AS target USING (SELECT 'G-10087', 'Green-C', 42.35157,...]
[2025-04-22T02:57:59.255+0000] {cursor.py:1041} INFO - query execution done
[2025-04-22T02:57:59.264+0000] {cursor.py:1028} INFO - query: [MERGE INTO MBTA_VEHICLES AS target USING (SELECT 'y1865', '44', 42.32292, -71.09...]
[2025-04-22T02:58:00.078+0000] {cursor.py:1041} INFO - query execution done
[2025-04-22T02:58:00.089+0000] {cursor.py:1028} INFO - query: [MERGE INTO MBTA_VEHICLES AS target USING (SELECT 'O-54829380', 'Orange', 42.3631...]
[2025-04-22T02:58:00.816+0000] {cursor.py:1041} INFO - query execution done
[2025-04-22T02:58:00.818+0000] {cursor.py:1028} INFO - query: [MERGE INTO MBTA_VEHICLES AS target USING (SELECT 'y3118', '90', 42.39657, -71.12...]
[2025-04-22T02:58:01.600+0000] {cursor.py:1041} INFO - query execution done
[2025-04-22T02:58:01.601+0000] {cursor.py:1028} INFO - query: [MERGE INTO MBTA_VEHICLES AS target USING (SELECT 'y3321', '116', 42.3690828, -71...]
[2025-04-22T02:58:02.149+0000] {cursor.py:1041} INFO - query execution done
[2025-04-22T02:58:02.150+0000] {cursor.py:1028} INFO - query: [MERGE INTO MBTA_VEHICLES AS target USING (SELECT 'y1705', '36', 42.27524, -71.17...]
[2025-04-22T02:58:02.698+0000] {cursor.py:1041} INFO - query execution done
[2025-04-22T02:58:02.699+0000] {cursor.py:1028} INFO - query: [MERGE INTO MBTA_VEHICLES AS target USING (SELECT 'y1325', '743', 42.37463776, -7...]
[2025-04-22T02:58:03.438+0000] {cursor.py:1041} INFO - query execution done
[2025-04-22T02:58:03.439+0000] {cursor.py:1028} INFO - query: [MERGE INTO MBTA_VEHICLES AS target USING (SELECT 'G-10068', 'Green-B', 42.34894,...]
[2025-04-22T02:58:04.054+0000] {cursor.py:1041} INFO - query execution done
[2025-04-22T02:58:04.054+0000] {cursor.py:1028} INFO - query: [MERGE INTO MBTA_VEHICLES AS target USING (SELECT 'y1770', '57', 42.363691449, -7...]
[2025-04-22T02:58:04.575+0000] {cursor.py:1041} INFO - query execution done
[2025-04-22T02:58:04.576+0000] {cursor.py:1028} INFO - query: [MERGE INTO MBTA_VEHICLES AS target USING (SELECT 'y2072', '109', 42.37986346, -7...]
[2025-04-22T02:58:05.203+0000] {cursor.py:1041} INFO - query execution done
[2025-04-22T02:58:05.204+0000] {cursor.py:1028} INFO - query: [MERGE INTO MBTA_VEHICLES AS target USING (SELECT 'y1341', '741', 42.367814269, -...]
[2025-04-22T02:58:05.809+0000] {cursor.py:1041} INFO - query execution done
[2025-04-22T02:58:05.810+0000] {cursor.py:1028} INFO - query: [MERGE INTO MBTA_VEHICLES AS target USING (SELECT 'G-10004', 'Green-B', 42.34159,...]
[2025-04-22T02:58:06.335+0000] {cursor.py:1041} INFO - query execution done
[2025-04-22T02:58:06.336+0000] {cursor.py:1028} INFO - query: [MERGE INTO MBTA_VEHICLES AS target USING (SELECT 'y1857', '47', 42.32976179, -71...]
[2025-04-22T02:58:07.023+0000] {cursor.py:1041} INFO - query execution done
[2025-04-22T02:58:07.024+0000] {cursor.py:1028} INFO - query: [MERGE INTO MBTA_VEHICLES AS target USING (SELECT 'G-10229', 'Green-D', 42.3185, ...]
[2025-04-22T02:58:07.941+0000] {cursor.py:1041} INFO - query execution done
[2025-04-22T02:58:07.947+0000] {cursor.py:1028} INFO - query: [MERGE INTO MBTA_VEHICLES AS target USING (SELECT 'y1327', '743', 42.36951158, -7...]
[2025-04-22T02:58:08.475+0000] {cursor.py:1041} INFO - query execution done
[2025-04-22T02:58:08.477+0000] {cursor.py:1028} INFO - query: [MERGE INTO MBTA_VEHICLES AS target USING (SELECT 'y3144', '96', 42.375231183, -7...]
[2025-04-22T02:58:09.018+0000] {cursor.py:1041} INFO - query execution done
[2025-04-22T02:58:09.018+0000] {cursor.py:1028} INFO - query: [MERGE INTO MBTA_VEHICLES AS target USING (SELECT 'y1859', '66', 42.374874846, -7...]
[2025-04-22T02:58:09.631+0000] {cursor.py:1041} INFO - query execution done
[2025-04-22T02:58:09.632+0000] {cursor.py:1028} INFO - query: [MERGE INTO MBTA_VEHICLES AS target USING (SELECT 'y1895', '9', 42.34322248, -71....]
[2025-04-22T02:58:10.608+0000] {cursor.py:1041} INFO - query execution done
[2025-04-22T02:58:10.610+0000] {cursor.py:1028} INFO - query: [MERGE INTO MBTA_VEHICLES AS target USING (SELECT 'y2003', '73', 42.37519416, -71...]
[2025-04-22T02:58:11.325+0000] {cursor.py:1041} INFO - query execution done
[2025-04-22T02:58:11.326+0000] {cursor.py:1028} INFO - query: [MERGE INTO MBTA_VEHICLES AS target USING (SELECT 'y1313', '743', 42.35144923, -7...]
[2025-04-22T02:58:12.166+0000] {cursor.py:1041} INFO - query execution done
[2025-04-22T02:58:12.166+0000] {cursor.py:1028} INFO - query: [MERGE INTO MBTA_VEHICLES AS target USING (SELECT '1823', 'CR-Providence', 42.100...]
[2025-04-22T02:58:12.678+0000] {cursor.py:1041} INFO - query execution done
[2025-04-22T02:58:12.679+0000] {cursor.py:1028} INFO - query: [MERGE INTO MBTA_VEHICLES AS target USING (SELECT '1855', 'CR-Providence', 42.236...]
[2025-04-22T02:58:13.274+0000] {cursor.py:1041} INFO - query execution done
[2025-04-22T02:58:13.275+0000] {cursor.py:1028} INFO - query: [MERGE INTO MBTA_VEHICLES AS target USING (SELECT 'y1833', '57', 42.33903, -71.05...]
[2025-04-22T02:58:13.865+0000] {cursor.py:1041} INFO - query execution done
[2025-04-22T02:58:13.866+0000] {cursor.py:1028} INFO - query: [MERGE INTO MBTA_VEHICLES AS target USING (SELECT 'y1803', '66', 42.341972779, -7...]
[2025-04-22T02:58:14.479+0000] {cursor.py:1041} INFO - query execution done
[2025-04-22T02:58:14.482+0000] {cursor.py:1028} INFO - query: [MERGE INTO MBTA_VEHICLES AS target USING (SELECT 'y2115', '87', 42.37726095, -71...]
[2025-04-22T02:58:15.111+0000] {cursor.py:1041} INFO - query execution done
[2025-04-22T02:58:15.113+0000] {cursor.py:1028} INFO - query: [MERGE INTO MBTA_VEHICLES AS target USING (SELECT 'y1218', '39', 42.337361, -71.0...]
[2025-04-22T02:58:15.729+0000] {cursor.py:1041} INFO - query execution done
[2025-04-22T02:58:15.730+0000] {cursor.py:1028} INFO - query: [MERGE INTO MBTA_VEHICLES AS target USING (SELECT 'y2073', '350', 42.44503355, -7...]
[2025-04-22T02:58:16.239+0000] {cursor.py:1041} INFO - query execution done
[2025-04-22T02:58:16.239+0000] {cursor.py:1028} INFO - query: [MERGE INTO MBTA_VEHICLES AS target USING (SELECT 'y1843', '66', 42.32895, -71.08...]
[2025-04-22T02:58:16.957+0000] {cursor.py:1041} INFO - query execution done
[2025-04-22T02:58:16.958+0000] {cursor.py:1028} INFO - query: [MERGE INTO MBTA_VEHICLES AS target USING (SELECT 'y1966', '111', 42.41074377, -7...]
[2025-04-22T02:58:17.573+0000] {cursor.py:1041} INFO - query execution done
[2025-04-22T02:58:17.574+0000] {cursor.py:1028} INFO - query: [MERGE INTO MBTA_VEHICLES AS target USING (SELECT 'y0759', '225', 42.25179187, -7...]
[2025-04-22T02:58:18.394+0000] {cursor.py:1041} INFO - query execution done
[2025-04-22T02:58:18.398+0000] {cursor.py:1028} INFO - query: [MERGE INTO MBTA_VEHICLES AS target USING (SELECT 'y2045', '73', 42.37501807, -71...]
[2025-04-22T02:58:19.010+0000] {cursor.py:1041} INFO - query execution done
[2025-04-22T02:58:19.015+0000] {cursor.py:1028} INFO - query: [MERGE INTO MBTA_VEHICLES AS target USING (SELECT 'O-5482A34D', 'Orange', 42.3118...]
[2025-04-22T02:58:19.605+0000] {cursor.py:1041} INFO - query execution done
[2025-04-22T02:58:19.607+0000] {cursor.py:1028} INFO - query: [MERGE INTO MBTA_VEHICLES AS target USING (SELECT 'B-5482A359', 'Blue', 42.36581,...]
[2025-04-22T02:58:20.248+0000] {cursor.py:1041} INFO - query execution done
[2025-04-22T02:58:20.249+0000] {cursor.py:1028} INFO - query: [MERGE INTO MBTA_VEHICLES AS target USING (SELECT 'y2053', '109', 42.38378878, -7...]
[2025-04-22T02:58:20.758+0000] {cursor.py:1041} INFO - query execution done
[2025-04-22T02:58:20.763+0000] {cursor.py:1028} INFO - query: [MERGE INTO MBTA_VEHICLES AS target USING (SELECT 'G-10317', 'Green-D', 42.36607,...]
[2025-04-22T02:58:21.465+0000] {cursor.py:1041} INFO - query execution done
[2025-04-22T02:58:21.466+0000] {cursor.py:1028} INFO - query: [MERGE INTO MBTA_VEHICLES AS target USING (SELECT 'G-10078', 'Green-C', 42.34308,...]
[2025-04-22T02:58:21.973+0000] {cursor.py:1041} INFO - query execution done
[2025-04-22T02:58:21.975+0000] {cursor.py:1028} INFO - query: [MERGE INTO MBTA_VEHICLES AS target USING (SELECT 'y3312', '116', 42.40510155, -7...]
[2025-04-22T02:58:22.798+0000] {cursor.py:1041} INFO - query execution done
[2025-04-22T02:58:22.799+0000] {cursor.py:1028} INFO - query: [MERGE INTO MBTA_VEHICLES AS target USING (SELECT 'y2118', '111', 42.37206098, -7...]
[2025-04-22T02:58:23.515+0000] {cursor.py:1041} INFO - query execution done
[2025-04-22T02:58:23.520+0000] {cursor.py:1028} INFO - query: [MERGE INTO MBTA_VEHICLES AS target USING (SELECT 'y3128', '94', 42.418442859, -7...]
[2025-04-22T02:58:24.126+0000] {cursor.py:1041} INFO - query execution done
[2025-04-22T02:58:24.128+0000] {cursor.py:1028} INFO - query: [MERGE INTO MBTA_VEHICLES AS target USING (SELECT 'O-5482A350', 'Orange', 42.3842...]
[2025-04-22T02:58:24.741+0000] {cursor.py:1041} INFO - query execution done
[2025-04-22T02:58:24.742+0000] {cursor.py:1028} INFO - query: [MERGE INTO MBTA_VEHICLES AS target USING (SELECT 'y0904', '236', 42.210528449, -...]
[2025-04-22T02:58:25.360+0000] {cursor.py:1041} INFO - query execution done
[2025-04-22T02:58:25.362+0000] {cursor.py:1028} INFO - query: [MERGE INTO MBTA_VEHICLES AS target USING (SELECT 'y1873', '23', 42.31817776, -71...]
[2025-04-22T02:58:25.906+0000] {cursor.py:1041} INFO - query execution done
[2025-04-22T02:58:25.908+0000] {cursor.py:1028} INFO - query: [MERGE INTO MBTA_VEHICLES AS target USING (SELECT 'y1804', '44', 42.32244, -71.09...]
[2025-04-22T02:58:26.582+0000] {cursor.py:1041} INFO - query execution done
[2025-04-22T02:58:26.583+0000] {cursor.py:1028} INFO - query: [MERGE INTO MBTA_VEHICLES AS target USING (SELECT 'R-54829C1E', 'Red', 42.38923, ...]
[2025-04-22T02:58:27.196+0000] {cursor.py:1041} INFO - query execution done
[2025-04-22T02:58:27.197+0000] {cursor.py:1028} INFO - query: [MERGE INTO MBTA_VEHICLES AS target USING (SELECT 'y2022', '104', 42.42337252, -7...]
[2025-04-22T02:58:27.918+0000] {cursor.py:1041} INFO - query execution done
[2025-04-22T02:58:27.920+0000] {cursor.py:1028} INFO - query: [MERGE INTO MBTA_VEHICLES AS target USING (SELECT 'B-5482A353', 'Blue', 42.38497,...]
[2025-04-22T02:58:28.839+0000] {cursor.py:1041} INFO - query execution done
[2025-04-22T02:58:28.841+0000] {cursor.py:1028} INFO - query: [MERGE INTO MBTA_VEHICLES AS target USING (SELECT 'G-10117', 'Mattapan', 42.274, ...]
[2025-04-22T02:58:29.350+0000] {cursor.py:1041} INFO - query execution done
[2025-04-22T02:58:29.352+0000] {cursor.py:1028} INFO - query: [MERGE INTO MBTA_VEHICLES AS target USING (SELECT 'y1685', '24', 42.272350609, -7...]
[2025-04-22T02:58:29.906+0000] {cursor.py:1041} INFO - query execution done
[2025-04-22T02:58:29.907+0000] {cursor.py:1028} INFO - query: [MERGE INTO MBTA_VEHICLES AS target USING (SELECT 'y1876', '7', 42.33696083, -71....]
[2025-04-22T02:58:30.473+0000] {cursor.py:1041} INFO - query execution done
[2025-04-22T02:58:30.608+0000] {cursor.py:1028} INFO - query: [MERGE INTO MBTA_VEHICLES AS target USING (SELECT 'R-5482A627', 'Red', 42.31054, ...]
[2025-04-22T02:58:31.190+0000] {cursor.py:1041} INFO - query execution done
[2025-04-22T02:58:31.192+0000] {cursor.py:1028} INFO - query: [MERGE INTO MBTA_VEHICLES AS target USING (SELECT 'y0791', '215', 42.242460199, -...]
[2025-04-22T02:58:32.014+0000] {cursor.py:1041} INFO - query execution done
[2025-04-22T02:58:32.016+0000] {cursor.py:1028} INFO - query: [MERGE INTO MBTA_VEHICLES AS target USING (SELECT 'y1276', '749', 42.3512742, -71...]
[2025-04-22T02:58:32.627+0000] {cursor.py:1041} INFO - query execution done
[2025-04-22T02:58:32.629+0000] {cursor.py:1028} INFO - query: [MERGE INTO MBTA_VEHICLES AS target USING (SELECT 'y1618', '32', 42.30104191, -71...]
[2025-04-22T02:58:33.448+0000] {cursor.py:1041} INFO - query execution done
[2025-04-22T02:58:33.450+0000] {cursor.py:1028} INFO - query: [MERGE INTO MBTA_VEHICLES AS target USING (SELECT 'G-10277', 'Green-E', 42.33274,...]
[2025-04-22T02:58:34.063+0000] {cursor.py:1041} INFO - query execution done
[2025-04-22T02:58:34.065+0000] {cursor.py:1028} INFO - query: [MERGE INTO MBTA_VEHICLES AS target USING (SELECT '1830', 'CR-Worcester', 42.3543...]
[2025-04-22T02:58:34.600+0000] {cursor.py:1041} INFO - query execution done
[2025-04-22T02:58:34.601+0000] {cursor.py:1028} INFO - query: [MERGE INTO MBTA_VEHICLES AS target USING (SELECT 'y2061', '70', 42.3804777, -71....]
[2025-04-22T02:58:35.239+0000] {cursor.py:1041} INFO - query execution done
[2025-04-22T02:58:35.241+0000] {cursor.py:1028} INFO - query: [MERGE INTO MBTA_VEHICLES AS target USING (SELECT 'y1850', '60', 42.326572069, -7...]
[2025-04-22T02:58:35.792+0000] {cursor.py:1041} INFO - query execution done
[2025-04-22T02:58:35.793+0000] {cursor.py:1028} INFO - query: [MERGE INTO MBTA_VEHICLES AS target USING (SELECT 'y2012', '89', 42.38648104, -71...]
[2025-04-22T02:58:36.316+0000] {cursor.py:1041} INFO - query execution done
[2025-04-22T02:58:36.317+0000] {cursor.py:1028} INFO - query: [MERGE INTO MBTA_VEHICLES AS target USING (SELECT 'y0783', '222', 42.24595552, -7...]
[2025-04-22T02:58:37.025+0000] {cursor.py:1041} INFO - query execution done
[2025-04-22T02:58:37.028+0000] {cursor.py:1028} INFO - query: [MERGE INTO MBTA_VEHICLES AS target USING (SELECT 'y1954', '101', 42.38657243, -7...]
[2025-04-22T02:58:37.521+0000] {cursor.py:1041} INFO - query execution done
[2025-04-22T02:58:37.524+0000] {cursor.py:1028} INFO - query: [MERGE INTO MBTA_VEHICLES AS target USING (SELECT 'G-10246', 'Green-B', 42.3518, ...]
[2025-04-22T02:58:38.177+0000] {cursor.py:1041} INFO - query execution done
[2025-04-22T02:58:38.178+0000] {cursor.py:1028} INFO - query: [MERGE INTO MBTA_VEHICLES AS target USING (SELECT 'R-54829547', 'Red', 42.34832, ...]
[2025-04-22T02:58:38.731+0000] {cursor.py:1041} INFO - query execution done
[2025-04-22T02:58:38.733+0000] {cursor.py:1028} INFO - query: [MERGE INTO MBTA_VEHICLES AS target USING (SELECT 'O-54829B13', 'Orange', 42.3920...]
[2025-04-22T02:58:39.193+0000] {cursor.py:1041} INFO - query execution done
[2025-04-22T02:58:39.193+0000] {cursor.py:1028} INFO - query: [MERGE INTO MBTA_VEHICLES AS target USING (SELECT 'y1801', '15', 42.32865176, -71...]
[2025-04-22T02:58:39.832+0000] {cursor.py:1041} INFO - query execution done
[2025-04-22T02:58:39.833+0000] {cursor.py:1028} INFO - query: [MERGE INTO MBTA_VEHICLES AS target USING (SELECT 'G-10255', 'Green-E', 42.32825,...]
[2025-04-22T02:58:40.721+0000] {cursor.py:1041} INFO - query execution done
[2025-04-22T02:58:40.725+0000] {cursor.py:1028} INFO - query: [MERGE INTO MBTA_VEHICLES AS target USING (SELECT 'y1271', '28', 42.28972494, -71...]
[2025-04-22T02:58:41.239+0000] {cursor.py:1041} INFO - query execution done
[2025-04-22T02:58:41.240+0000] {cursor.py:1028} INFO - query: [MERGE INTO MBTA_VEHICLES AS target USING (SELECT 'G-10070', 'Green-B', 42.34962,...]
[2025-04-22T02:58:41.768+0000] {cursor.py:1041} INFO - query execution done
[2025-04-22T02:58:41.771+0000] {cursor.py:1028} INFO - query: [MERGE INTO MBTA_VEHICLES AS target USING (SELECT 'R-548296B8', 'Red', 42.25371, ...]
[2025-04-22T02:58:42.662+0000] {cursor.py:1041} INFO - query execution done
[2025-04-22T02:58:42.664+0000] {cursor.py:1028} INFO - query: [MERGE INTO MBTA_VEHICLES AS target USING (SELECT 'G-10285', 'Green-D', 42.34763,...]
[2025-04-22T02:58:43.275+0000] {cursor.py:1041} INFO - query execution done
[2025-04-22T02:58:43.277+0000] {cursor.py:1028} INFO - query: [MERGE INTO MBTA_VEHICLES AS target USING (SELECT 'y3350', '435', 42.52908693, -7...]
[2025-04-22T02:58:43.889+0000] {cursor.py:1041} INFO - query execution done
[2025-04-22T02:58:43.890+0000] {cursor.py:1028} INFO - query: [MERGE INTO MBTA_VEHICLES AS target USING (SELECT 'y2010', '109', 42.41172009, -7...]
[2025-04-22T02:58:44.399+0000] {cursor.py:1041} INFO - query execution done
[2025-04-22T02:58:44.400+0000] {cursor.py:1028} INFO - query: [MERGE INTO MBTA_VEHICLES AS target USING (SELECT 'y1821', '1', 42.3424327, -71.0...]
[2025-04-22T02:58:44.989+0000] {cursor.py:1041} INFO - query execution done
[2025-04-22T02:58:44.990+0000] {cursor.py:1028} INFO - query: [MERGE INTO MBTA_VEHICLES AS target USING (SELECT 'y1259', '28', 42.334719319, -7...]
[2025-04-22T02:58:45.538+0000] {cursor.py:1041} INFO - query execution done
[2025-04-22T02:58:45.539+0000] {cursor.py:1028} INFO - query: [MERGE INTO MBTA_VEHICLES AS target USING (SELECT '1818', 'CR-Fitchburg', 42.4565...]
[2025-04-22T02:58:46.246+0000] {cursor.py:1041} INFO - query execution done
[2025-04-22T02:58:46.248+0000] {cursor.py:1028} INFO - query: [MERGE INTO MBTA_VEHICLES AS target USING (SELECT 'G-10017', 'Mattapan', 42.26836...]
[2025-04-22T02:58:47.271+0000] {cursor.py:1041} INFO - query execution done
[2025-04-22T02:58:47.273+0000] {cursor.py:1028} INFO - query: [MERGE INTO MBTA_VEHICLES AS target USING (SELECT '1805', 'CR-Fitchburg', 42.5290...]
[2025-04-22T02:58:47.884+0000] {cursor.py:1041} INFO - query execution done
[2025-04-22T02:58:47.886+0000] {cursor.py:1028} INFO - query: [MERGE INTO MBTA_VEHICLES AS target USING (SELECT 'y1995', '86', 42.37219, -71.12...]
[2025-04-22T02:58:48.613+0000] {cursor.py:1041} INFO - query execution done
[2025-04-22T02:58:48.615+0000] {cursor.py:1028} INFO - query: [MERGE INTO MBTA_VEHICLES AS target USING (SELECT 'y2097', '70', 42.37621908, -71...]
[2025-04-22T02:58:49.220+0000] {cursor.py:1041} INFO - query execution done
[2025-04-22T02:58:49.222+0000] {cursor.py:1028} INFO - query: [MERGE INTO MBTA_VEHICLES AS target USING (SELECT 'y1960', '104', 42.425597779, -...]
[2025-04-22T02:58:49.735+0000] {cursor.py:1041} INFO - query execution done
[2025-04-22T02:58:49.738+0000] {cursor.py:1028} INFO - query: [MERGE INTO MBTA_VEHICLES AS target USING (SELECT 'y3342', '455', 42.47931448, -7...]
[2025-04-22T02:58:50.257+0000] {cursor.py:1041} INFO - query execution done
[2025-04-22T02:58:50.259+0000] {cursor.py:1028} INFO - query: [MERGE INTO MBTA_VEHICLES AS target USING (SELECT 'y3155', '73', 42.37261724, -71...]
[2025-04-22T02:58:50.817+0000] {cursor.py:1041} INFO - query execution done
[2025-04-22T02:58:50.819+0000] {cursor.py:1028} INFO - query: [MERGE INTO MBTA_VEHICLES AS target USING (SELECT 'y1260', '39', 42.33176609, -71...]
[2025-04-22T02:58:51.366+0000] {cursor.py:1041} INFO - query execution done
[2025-04-22T02:58:51.367+0000] {cursor.py:1028} INFO - query: [MERGE INTO MBTA_VEHICLES AS target USING (SELECT 'y3156', '110', 42.410299629, -...]
[2025-04-22T02:58:51.879+0000] {cursor.py:1041} INFO - query execution done
[2025-04-22T02:58:51.881+0000] {cursor.py:1028} INFO - query: [MERGE INTO MBTA_VEHICLES AS target USING (SELECT 'G-10086', 'Green-B', 42.35082,...]
[2025-04-22T02:58:52.495+0000] {cursor.py:1041} INFO - query execution done
[2025-04-22T02:58:52.496+0000] {cursor.py:1028} INFO - query: [MERGE INTO MBTA_VEHICLES AS target USING (SELECT 'y1344', '741', 42.36824705, -7...]
[2025-04-22T02:58:53.110+0000] {cursor.py:1041} INFO - query execution done
[2025-04-22T02:58:53.116+0000] {cursor.py:1028} INFO - query: [MERGE INTO MBTA_VEHICLES AS target USING (SELECT 'y1771', '23', 42.28641686, -71...]
[2025-04-22T02:58:53.703+0000] {cursor.py:1041} INFO - query execution done
[2025-04-22T02:58:53.703+0000] {cursor.py:1028} INFO - query: [MERGE INTO MBTA_VEHICLES AS target USING (SELECT '1832', 'CR-Worcester', 42.3475...]
[2025-04-22T02:58:54.435+0000] {cursor.py:1041} INFO - query execution done
[2025-04-22T02:58:54.437+0000] {cursor.py:1028} INFO - query: [MERGE INTO MBTA_VEHICLES AS target USING (SELECT 'y1908', '1', 42.32983, -71.083...]
[2025-04-22T02:58:55.051+0000] {cursor.py:1041} INFO - query execution done
[2025-04-22T02:58:55.052+0000] {cursor.py:1028} INFO - query: [MERGE INTO MBTA_VEHICLES AS target USING (SELECT 'B-5482A5E1', 'Blue', 42.36135,...]
[2025-04-22T02:58:55.666+0000] {cursor.py:1041} INFO - query execution done
[2025-04-22T02:58:55.668+0000] {cursor.py:1028} INFO - query: [MERGE INTO MBTA_VEHICLES AS target USING (SELECT 'O-5482A351', 'Orange', 42.4066...]
[2025-04-22T02:58:56.487+0000] {cursor.py:1041} INFO - query execution done
[2025-04-22T02:58:56.489+0000] {cursor.py:1028} INFO - query: [MERGE INTO MBTA_VEHICLES AS target USING (SELECT 'G-10245', 'Green-D', 42.32452,...]
[2025-04-22T02:58:57.105+0000] {cursor.py:1041} INFO - query execution done
[2025-04-22T02:58:57.106+0000] {cursor.py:1028} INFO - query: [MERGE INTO MBTA_VEHICLES AS target USING (SELECT 'y2080', '92', 42.3616, -71.057...]
[2025-04-22T02:58:57.815+0000] {cursor.py:1041} INFO - query execution done
[2025-04-22T02:58:57.816+0000] {cursor.py:1028} INFO - query: [MERGE INTO MBTA_VEHICLES AS target USING (SELECT 'G-10205', 'Green-E', 42.34582,...]
[2025-04-22T02:58:58.781+0000] {cursor.py:1041} INFO - query execution done
[2025-04-22T02:58:58.782+0000] {cursor.py:1028} INFO - query: [MERGE INTO MBTA_VEHICLES AS target USING (SELECT 'y1926', '104', 42.413180769, -...]
[2025-04-22T02:58:59.458+0000] {cursor.py:1041} INFO - query execution done
[2025-04-22T02:58:59.460+0000] {cursor.py:1028} INFO - query: [MERGE INTO MBTA_VEHICLES AS target USING (SELECT 'y1631', '32', 42.23724, -71.13...]
[2025-04-22T02:59:00.275+0000] {cursor.py:1041} INFO - query execution done
[2025-04-22T02:59:00.277+0000] {cursor.py:1028} INFO - query: [MERGE INTO MBTA_VEHICLES AS target USING (SELECT 'G-10160', 'Green-D', 42.36944,...]
[2025-04-22T02:59:00.994+0000] {cursor.py:1041} INFO - query execution done
[2025-04-22T02:59:00.997+0000] {cursor.py:1028} INFO - query: [MERGE INTO MBTA_VEHICLES AS target USING (SELECT 'y1284', '751', 42.35207383, -7...]
[2025-04-22T02:59:01.605+0000] {cursor.py:1041} INFO - query execution done
[2025-04-22T02:59:01.606+0000] {cursor.py:1028} INFO - query: [MERGE INTO MBTA_VEHICLES AS target USING (SELECT 'y3002', '712', 42.36264339, -7...]
[2025-04-22T02:59:02.424+0000] {cursor.py:1041} INFO - query execution done
[2025-04-22T02:59:02.425+0000] {cursor.py:1028} INFO - query: [MERGE INTO MBTA_VEHICLES AS target USING (SELECT 'y1712', '42', 42.300173589, -7...]
[2025-04-22T02:59:03.008+0000] {cursor.py:1041} INFO - query execution done
[2025-04-22T02:59:03.009+0000] {cursor.py:1028} INFO - query: [MERGE INTO MBTA_VEHICLES AS target USING (SELECT '1724', 'CR-Lowell', 42.4501342...]
[2025-04-22T02:59:03.655+0000] {cursor.py:1041} INFO - query execution done
[2025-04-22T02:59:03.657+0000] {cursor.py:1028} INFO - query: [MERGE INTO MBTA_VEHICLES AS target USING (SELECT 'y3327', '442', 42.45408107, -7...]
[2025-04-22T02:59:04.271+0000] {cursor.py:1041} INFO - query execution done
[2025-04-22T02:59:04.273+0000] {cursor.py:1028} INFO - query: [MERGE INTO MBTA_VEHICLES AS target USING (SELECT 'y1654', '34', 42.27965726, -71...]
[2025-04-22T02:59:04.883+0000] {cursor.py:1041} INFO - query execution done
[2025-04-22T02:59:04.885+0000] {cursor.py:1028} INFO - query: [MERGE INTO MBTA_VEHICLES AS target USING (SELECT 'y0781', '230', 42.2205989, -71...]
[2025-04-22T02:59:05.500+0000] {cursor.py:1041} INFO - query execution done
[2025-04-22T02:59:05.502+0000] {cursor.py:1028} INFO - query: [MERGE INTO MBTA_VEHICLES AS target USING (SELECT 'y1983', '69', 42.374019349, -7...]
[2025-04-22T02:59:06.211+0000] {cursor.py:1041} INFO - query execution done
[2025-04-22T02:59:06.213+0000] {cursor.py:1028} INFO - query: [MERGE INTO MBTA_VEHICLES AS target USING (SELECT 'y1872', '57', 42.33634, -71.08...]
[2025-04-22T02:59:06.830+0000] {cursor.py:1041} INFO - query execution done
[2025-04-22T02:59:06.831+0000] {cursor.py:1028} INFO - query: [MERGE INTO MBTA_VEHICLES AS target USING (SELECT 'y1342', '741', 42.34858821, -7...]
[2025-04-22T02:59:07.442+0000] {cursor.py:1041} INFO - query execution done
[2025-04-22T02:59:07.444+0000] {cursor.py:1028} INFO - query: [MERGE INTO MBTA_VEHICLES AS target USING (SELECT 'y1874', '8', 42.3299631, -71.0...]
[2025-04-22T02:59:08.058+0000] {cursor.py:1041} INFO - query execution done
[2025-04-22T02:59:08.060+0000] {cursor.py:1028} INFO - query: [MERGE INTO MBTA_VEHICLES AS target USING (SELECT 'B-5482A374', 'Blue', 42.38821,...]
[2025-04-22T02:59:08.633+0000] {cursor.py:1041} INFO - query execution done
[2025-04-22T02:59:08.634+0000] {cursor.py:1028} INFO - query: [MERGE INTO MBTA_VEHICLES AS target USING (SELECT 'B-5482A365', 'Blue', 42.4125, ...]
[2025-04-22T02:59:09.258+0000] {cursor.py:1041} INFO - query execution done
[2025-04-22T02:59:09.259+0000] {cursor.py:1028} INFO - query: [MERGE INTO MBTA_VEHICLES AS target USING (SELECT 'R-5482A2DC', 'Red', 42.3617, -...]
[2025-04-22T02:59:10.732+0000] {cursor.py:1041} INFO - query execution done
[2025-04-22T02:59:10.742+0000] {cursor.py:1028} INFO - query: [MERGE INTO MBTA_VEHICLES AS target USING (SELECT 'y1972', '110', 42.404652699, -...]
[2025-04-22T02:59:11.484+0000] {cursor.py:1041} INFO - query execution done
[2025-04-22T02:59:11.486+0000] {cursor.py:1028} INFO - query: [MERGE INTO MBTA_VEHICLES AS target USING (SELECT 'y2031', '77', 42.41455497, -71...]
[2025-04-22T02:59:12.149+0000] {cursor.py:1041} INFO - query execution done
[2025-04-22T02:59:12.150+0000] {cursor.py:1028} INFO - query: [MERGE INTO MBTA_VEHICLES AS target USING (SELECT 'ynk257', 'Shuttle-Generic', 42...]
[2025-04-22T02:59:12.859+0000] {cursor.py:1041} INFO - query execution done
[2025-04-22T02:59:12.860+0000] {cursor.py:1028} INFO - query: [MERGE INTO MBTA_VEHICLES AS target USING (SELECT 'y0815', '240', 42.12801229, -7...]
[2025-04-22T02:59:13.415+0000] {cursor.py:1041} INFO - query execution done
[2025-04-22T02:59:13.417+0000] {cursor.py:1028} INFO - query: [MERGE INTO MBTA_VEHICLES AS target USING (SELECT 'O-5482A34E', 'Orange', 42.3408...]
[2025-04-22T02:59:14.099+0000] {cursor.py:1041} INFO - query execution done
[2025-04-22T02:59:14.101+0000] {cursor.py:1028} INFO - query: [MERGE INTO MBTA_VEHICLES AS target USING (SELECT 'y3129', '99', 42.408906469, -7...]
[2025-04-22T02:59:14.712+0000] {cursor.py:1041} INFO - query execution done
[2025-04-22T02:59:14.714+0000] {cursor.py:1028} INFO - query: [MERGE INTO MBTA_VEHICLES AS target USING (SELECT 'G-10202', 'Green-C', 42.33794,...]
[2025-04-22T02:59:15.326+0000] {cursor.py:1041} INFO - query execution done
[2025-04-22T02:59:15.328+0000] {cursor.py:1028} INFO - query: [MERGE INTO MBTA_VEHICLES AS target USING (SELECT 'y1829', '57', 42.3492009, -71....]
[2025-04-22T02:59:15.942+0000] {cursor.py:1041} INFO - query execution done
[2025-04-22T02:59:15.944+0000] {cursor.py:1028} INFO - query: [MERGE INTO MBTA_VEHICLES AS target USING (SELECT 'y1916', '16', 42.3207328, -71....]
[2025-04-22T02:59:16.528+0000] {cursor.py:1041} INFO - query execution done
[2025-04-22T02:59:16.529+0000] {cursor.py:1028} INFO - query: [MERGE INTO MBTA_VEHICLES AS target USING (SELECT 'y1887', '23', 42.33438928, -71...]
[2025-04-22T02:59:17.169+0000] {cursor.py:1041} INFO - query execution done
[2025-04-22T02:59:17.172+0000] {cursor.py:1028} INFO - query: [MERGE INTO MBTA_VEHICLES AS target USING (SELECT 'y1312', '743', 42.39665, -71.0...]
[2025-04-22T02:59:17.782+0000] {cursor.py:1041} INFO - query execution done
[2025-04-22T02:59:17.783+0000] {cursor.py:1028} INFO - query: [MERGE INTO MBTA_VEHICLES AS target USING (SELECT 'O-5482A34B', 'Orange', 42.3409...]
[2025-04-22T02:59:18.366+0000] {cursor.py:1041} INFO - query execution done
[2025-04-22T02:59:18.367+0000] {cursor.py:1028} INFO - query: [MERGE INTO MBTA_VEHICLES AS target USING (SELECT 'y1923', '66', 42.333334899, -7...]
[2025-04-22T02:59:18.978+0000] {cursor.py:1041} INFO - query execution done
[2025-04-22T02:59:18.982+0000] {cursor.py:1028} INFO - query: [MERGE INTO MBTA_VEHICLES AS target USING (SELECT 'y3123', '80', 42.40723, -71.11...]
[2025-04-22T02:59:19.599+0000] {cursor.py:1041} INFO - query execution done
[2025-04-22T02:59:19.601+0000] {cursor.py:1028} INFO - query: [MERGE INTO MBTA_VEHICLES AS target USING (SELECT 'G-10145', 'Green-D', 42.34996,...]
[2025-04-22T02:59:20.239+0000] {cursor.py:1041} INFO - query execution done
[2025-04-22T02:59:20.239+0000] {cursor.py:1028} INFO - query: [MERGE INTO MBTA_VEHICLES AS target USING (SELECT 'y1308', '742', 42.34467487, -7...]
[2025-04-22T02:59:20.855+0000] {cursor.py:1041} INFO - query execution done
[2025-04-22T02:59:20.855+0000] {cursor.py:1028} INFO - query: [MERGE INTO MBTA_VEHICLES AS target USING (SELECT 'y1968', '104', 42.39253534, -7...]
[2025-04-22T02:59:21.472+0000] {cursor.py:1041} INFO - query execution done
[2025-04-22T02:59:21.476+0000] {cursor.py:1028} INFO - query: [MERGE INTO MBTA_VEHICLES AS target USING (SELECT 'ynk254', 'Shuttle-Generic', 42...]
[2025-04-22T02:59:22.086+0000] {cursor.py:1041} INFO - query execution done
[2025-04-22T02:59:22.086+0000] {cursor.py:1028} INFO - query: [MERGE INTO MBTA_VEHICLES AS target USING (SELECT 'y2018', '134', 42.38686954, -7...]
[2025-04-22T02:59:22.803+0000] {cursor.py:1041} INFO - query execution done
[2025-04-22T02:59:22.804+0000] {cursor.py:1028} INFO - query: [MERGE INTO MBTA_VEHICLES AS target USING (SELECT 'y3109', '116', 42.37582573, -7...]
[2025-04-22T02:59:23.417+0000] {cursor.py:1041} INFO - query execution done
[2025-04-22T02:59:23.418+0000] {cursor.py:1028} INFO - query: [MERGE INTO MBTA_VEHICLES AS target USING (SELECT 'y2000', '87', 42.39577975, -71...]
[2025-04-22T02:59:24.132+0000] {cursor.py:1041} INFO - query execution done
[2025-04-22T02:59:24.133+0000] {cursor.py:1028} INFO - query: [MERGE INTO MBTA_VEHICLES AS target USING (SELECT 'O-5482A352', 'Orange', 42.4334...]
[2025-04-22T02:59:24.747+0000] {cursor.py:1041} INFO - query execution done
[2025-04-22T02:59:24.749+0000] {cursor.py:1028} INFO - query: [MERGE INTO MBTA_VEHICLES AS target USING (SELECT 'G-10323', 'Green-D', 42.3268, ...]
[2025-04-22T02:59:25.363+0000] {cursor.py:1041} INFO - query execution done
[2025-04-22T02:59:25.364+0000] {cursor.py:1028} INFO - query: [MERGE INTO MBTA_VEHICLES AS target USING (SELECT 'G-10237', 'Green-D', 42.3702, ...]
[2025-04-22T02:59:25.924+0000] {cursor.py:1041} INFO - query execution done
[2025-04-22T02:59:25.925+0000] {cursor.py:1028} INFO - query: [MERGE INTO MBTA_VEHICLES AS target USING (SELECT 'y1831', '10', 42.33253753, -71...]
[2025-04-22T02:59:26.694+0000] {cursor.py:1041} INFO - query execution done
[2025-04-22T02:59:26.694+0000] {cursor.py:1028} INFO - query: [MERGE INTO MBTA_VEHICLES AS target USING (SELECT 'y1812', '1', 42.36699295, -71....]
[2025-04-22T02:59:27.206+0000] {cursor.py:1041} INFO - query execution done
[2025-04-22T02:59:27.208+0000] {cursor.py:1028} INFO - query: [MERGE INTO MBTA_VEHICLES AS target USING (SELECT 'y3324', '442', 42.468727029, -...]
[2025-04-22T02:59:27.836+0000] {cursor.py:1041} INFO - query execution done
[2025-04-22T02:59:27.839+0000] {cursor.py:1028} INFO - query: [MERGE INTO MBTA_VEHICLES AS target USING (SELECT 'G-10213', 'Green-C', 42.34341,...]
[2025-04-22T02:59:28.741+0000] {cursor.py:1041} INFO - query execution done
[2025-04-22T02:59:28.741+0000] {cursor.py:1028} INFO - query: [MERGE INTO MBTA_VEHICLES AS target USING (SELECT 'G-10005', 'Green-B', 42.35305,...]
[2025-04-22T02:59:29.234+0000] {cursor.py:1041} INFO - query execution done
[2025-04-22T02:59:29.235+0000] {cursor.py:1028} INFO - query: [MERGE INTO MBTA_VEHICLES AS target USING (SELECT 'y1890', '1', 42.33778408, -71....]
[2025-04-22T02:59:29.872+0000] {cursor.py:1041} INFO - query execution done
[2025-04-22T02:59:29.874+0000] {cursor.py:1028} INFO - query: [MERGE INTO MBTA_VEHICLES AS target USING (SELECT '1819', 'CR-Franklin', 42.34749...]
[2025-04-22T02:59:30.399+0000] {cursor.py:1041} INFO - query execution done
[2025-04-22T02:59:30.402+0000] {cursor.py:1028} INFO - query: [MERGE INTO MBTA_VEHICLES AS target USING (SELECT 'y1331', '746', 42.34553469, -7...]
[2025-04-22T02:59:30.978+0000] {cursor.py:1041} INFO - query execution done
[2025-04-22T02:59:30.980+0000] {cursor.py:1028} INFO - query: [MERGE INTO MBTA_VEHICLES AS target USING (SELECT 'y1749', '22', 42.317322089, -7...]
[2025-04-22T02:59:31.614+0000] {cursor.py:1041} INFO - query execution done
[2025-04-22T02:59:31.617+0000] {cursor.py:1028} INFO - query: [MERGE INTO MBTA_VEHICLES AS target USING (SELECT 'y1264', '28', 42.32187609, -71...]
[2025-04-22T02:59:32.224+0000] {cursor.py:1041} INFO - query execution done
[2025-04-22T02:59:32.225+0000] {cursor.py:1028} INFO - query: [MERGE INTO MBTA_VEHICLES AS target USING (SELECT 'y1797', '57', 42.350273819, -7...]
[2025-04-22T02:59:32.832+0000] {cursor.py:1041} INFO - query execution done
[2025-04-22T02:59:32.832+0000] {cursor.py:1028} INFO - query: [MERGE INTO MBTA_VEHICLES AS target USING (SELECT 'y1930', '91', 42.37880269, -71...]
[2025-04-22T02:59:33.362+0000] {cursor.py:1041} INFO - query execution done
[2025-04-22T02:59:33.364+0000] {cursor.py:1028} INFO - query: [MERGE INTO MBTA_VEHICLES AS target USING (SELECT 'y1880', '1', 42.3706703, -71.1...]
[2025-04-22T02:59:34.188+0000] {cursor.py:1041} INFO - query execution done
[2025-04-22T02:59:34.188+0000] {cursor.py:1028} INFO - query: [MERGE INTO MBTA_VEHICLES AS target USING (SELECT 'R-5482A0D7', 'Red', 42.36554, ...]
[2025-04-22T02:59:34.780+0000] {cursor.py:1041} INFO - query execution done
[2025-04-22T02:59:34.781+0000] {cursor.py:1028} INFO - query: [MERGE INTO MBTA_VEHICLES AS target USING (SELECT 'y0811', '238', 42.23225573, -7...]
[2025-04-22T02:59:35.690+0000] {cursor.py:1041} INFO - query execution done
[2025-04-22T02:59:35.812+0000] {cursor.py:1028} INFO - query: [MERGE INTO MBTA_VEHICLES AS target USING (SELECT 'y1811', '15', 42.33667, -71.08...]
[2025-04-22T02:59:36.730+0000] {cursor.py:1041} INFO - query execution done
[2025-04-22T02:59:36.732+0000] {cursor.py:1028} INFO - query: [MERGE INTO MBTA_VEHICLES AS target USING (SELECT 'y2042', '109', 42.41462329, -7...]
[2025-04-22T02:59:37.453+0000] {cursor.py:1041} INFO - query execution done
[2025-04-22T02:59:37.457+0000] {cursor.py:1028} INFO - query: [MERGE INTO MBTA_VEHICLES AS target USING (SELECT 'y2081', '71', 42.3655896, -71....]
[2025-04-22T02:59:38.380+0000] {cursor.py:1041} INFO - query execution done
[2025-04-22T02:59:38.382+0000] {cursor.py:1028} INFO - query: [MERGE INTO MBTA_VEHICLES AS target USING (SELECT 'G-10299', 'Green-D', 42.35245,...]
[2025-04-22T02:59:38.983+0000] {cursor.py:1041} INFO - query execution done
[2025-04-22T02:59:38.984+0000] {cursor.py:1028} INFO - query: [MERGE INTO MBTA_VEHICLES AS target USING (SELECT 'y1329', '746', 42.347741149, -...]
[2025-04-22T02:59:39.597+0000] {cursor.py:1041} INFO - query execution done
[2025-04-22T02:59:39.598+0000] {cursor.py:1028} INFO - query: [MERGE INTO MBTA_VEHICLES AS target USING (SELECT 'y1902', '45', 42.328418879, -7...]
[2025-04-22T02:59:40.213+0000] {cursor.py:1041} INFO - query execution done
[2025-04-22T02:59:40.214+0000] {cursor.py:1028} INFO - query: [MERGE INTO MBTA_VEHICLES AS target USING (SELECT 'y1868', '15', 42.31622509, -71...]
[2025-04-22T02:59:41.108+0000] {cursor.py:1041} INFO - query execution done
[2025-04-22T02:59:41.122+0000] {cursor.py:1028} INFO - query: [MERGE INTO MBTA_VEHICLES AS target USING (SELECT 'y1283', '749', 42.3407, -71.07...]
[2025-04-22T02:59:41.743+0000] {cursor.py:1041} INFO - query execution done
[2025-04-22T02:59:41.745+0000] {cursor.py:1028} INFO - query: [MERGE INTO MBTA_VEHICLES AS target USING (SELECT 'G-10007', 'Green-E', 42.3347, ...]
[2025-04-22T02:59:42.275+0000] {cursor.py:1041} INFO - query execution done
[2025-04-22T02:59:42.277+0000] {cursor.py:1028} INFO - query: [MERGE INTO MBTA_VEHICLES AS target USING (SELECT 'G-10113', 'Green-B', 42.34018,...]
[2025-04-22T02:59:42.869+0000] {cursor.py:1041} INFO - query execution done
[2025-04-22T02:59:42.871+0000] {cursor.py:1028} INFO - query: [MERGE INTO MBTA_VEHICLES AS target USING (SELECT 'y0780', '220', 42.24255875, -7...]
[2025-04-22T02:59:43.422+0000] {cursor.py:1041} INFO - query execution done
[2025-04-22T02:59:43.423+0000] {cursor.py:1028} INFO - query: [MERGE INTO MBTA_VEHICLES AS target USING (SELECT 'y1958', '110', 42.40151083, -7...]
[2025-04-22T02:59:44.253+0000] {cursor.py:1041} INFO - query execution done
[2025-04-22T02:59:44.256+0000] {cursor.py:1028} INFO - query: [MERGE INTO MBTA_VEHICLES AS target USING (SELECT 'y1814', '57', 42.35122189, -71...]
[2025-04-22T02:59:44.971+0000] {cursor.py:1041} INFO - query execution done
[2025-04-22T02:59:44.972+0000] {cursor.py:1028} INFO - query: [MERGE INTO MBTA_VEHICLES AS target USING (SELECT 'R-548298C1', 'Red', 42.39673, ...]
[2025-04-22T02:59:45.486+0000] {cursor.py:1041} INFO - query execution done
[2025-04-22T02:59:45.488+0000] {cursor.py:1028} INFO - query: [MERGE INTO MBTA_VEHICLES AS target USING (SELECT 'O-5482961B', 'Orange', 42.4346...]
[2025-04-22T02:59:46.144+0000] {cursor.py:1041} INFO - query execution done
[2025-04-22T02:59:46.145+0000] {cursor.py:1028} INFO - query: [MERGE INTO MBTA_VEHICLES AS target USING (SELECT 'y1748', '10', 42.338191289, -7...]
[2025-04-22T02:59:46.662+0000] {cursor.py:1041} INFO - query execution done
[2025-04-22T02:59:46.664+0000] {cursor.py:1028} INFO - query: [MERGE INTO MBTA_VEHICLES AS target USING (SELECT 'y2068', '111', 42.39306282, -7...]
[2025-04-22T02:59:47.198+0000] {cursor.py:1041} INFO - query execution done
[2025-04-22T02:59:47.200+0000] {cursor.py:1028} INFO - query: [MERGE INTO MBTA_VEHICLES AS target USING (SELECT 'O-54829F4D', 'Orange', 42.3307...]
[2025-04-22T02:59:47.885+0000] {cursor.py:1041} INFO - query execution done
[2025-04-22T02:59:47.886+0000] {cursor.py:1028} INFO - query: [MERGE INTO MBTA_VEHICLES AS target USING (SELECT 'y3354', '426', 42.41236, -70.9...]
[2025-04-22T02:59:48.496+0000] {cursor.py:1041} INFO - query execution done
[2025-04-22T02:59:48.497+0000] {cursor.py:1028} INFO - query: [MERGE INTO MBTA_VEHICLES AS target USING (SELECT '1846', 'CR-Franklin', 42.18402...]
[2025-04-22T02:59:49.060+0000] {cursor.py:1041} INFO - query execution done
[2025-04-22T02:59:49.061+0000] {cursor.py:1028} INFO - query: [MERGE INTO MBTA_VEHICLES AS target USING (SELECT 'y1952', '111', 42.36231, -71.0...]
[2025-04-22T02:59:49.735+0000] {cursor.py:1041} INFO - query execution done
[2025-04-22T02:59:49.736+0000] {cursor.py:1028} INFO - query: [MERGE INTO MBTA_VEHICLES AS target USING (SELECT 'y1615', '32', 42.24496019, -71...]
[2025-04-22T02:59:50.349+0000] {cursor.py:1041} INFO - query execution done
[2025-04-22T02:59:50.352+0000] {cursor.py:1028} INFO - query: [MERGE INTO MBTA_VEHICLES AS target USING (SELECT 'y3356', '450', 42.41271, -70.9...]
[2025-04-22T02:59:50.960+0000] {cursor.py:1041} INFO - query execution done
[2025-04-22T02:59:50.962+0000] {cursor.py:1028} INFO - query: [MERGE INTO MBTA_VEHICLES AS target USING (SELECT 'y1997', '86', 42.3368874, -71....]
[2025-04-22T02:59:51.572+0000] {cursor.py:1041} INFO - query execution done
[2025-04-22T02:59:51.574+0000] {cursor.py:1028} INFO - query: [MERGE INTO MBTA_VEHICLES AS target USING (SELECT 'y1646', '29', 42.30313461, -71...]
[2025-04-22T02:59:52.187+0000] {cursor.py:1041} INFO - query execution done
[2025-04-22T02:59:52.188+0000] {cursor.py:1028} INFO - query: [MERGE INTO MBTA_VEHICLES AS target USING (SELECT '1842', 'CR-Needham', 42.294010...]
[2025-04-22T02:59:52.807+0000] {cursor.py:1041} INFO - query execution done
[2025-04-22T02:59:52.808+0000] {cursor.py:1028} INFO - query: [MERGE INTO MBTA_VEHICLES AS target USING (SELECT 'G-10066', 'Green-B', 42.35013,...]
[2025-04-22T02:59:53.347+0000] {cursor.py:1041} INFO - query execution done
[2025-04-22T02:59:53.348+0000] {cursor.py:1028} INFO - query: [MERGE INTO MBTA_VEHICLES AS target USING (SELECT 'y1962', '111', 42.36716087, -7...]
[2025-04-22T02:59:53.838+0000] {cursor.py:1041} INFO - query execution done
[2025-04-22T02:59:53.838+0000] {cursor.py:1028} INFO - query: [MERGE INTO MBTA_VEHICLES AS target USING (SELECT 'y2033', '77', 42.42131031, -71...]
[2025-04-22T02:59:54.353+0000] {cursor.py:1041} INFO - query execution done
[2025-04-22T02:59:54.354+0000] {cursor.py:1028} INFO - query: [MERGE INTO MBTA_VEHICLES AS target USING (SELECT 'B-5482A364', 'Blue', 42.41576,...]
[2025-04-22T02:59:55.057+0000] {cursor.py:1041} INFO - query execution done
[2025-04-22T02:59:55.059+0000] {cursor.py:1028} INFO - query: [MERGE INTO MBTA_VEHICLES AS target USING (SELECT 'y1853', '45', 42.329640959, -7...]
[2025-04-22T02:59:55.772+0000] {cursor.py:1041} INFO - query execution done
[2025-04-22T02:59:55.774+0000] {cursor.py:1028} INFO - query: [MERGE INTO MBTA_VEHICLES AS target USING (SELECT 'y1209', '39', 42.33506, -71.10...]
[2025-04-22T02:59:56.315+0000] {cursor.py:1041} INFO - query execution done
[2025-04-22T02:59:56.318+0000] {cursor.py:1028} INFO - query: [MERGE INTO MBTA_VEHICLES AS target USING (SELECT 'y2052', '110', 42.411226489, -...]
[2025-04-22T02:59:56.907+0000] {cursor.py:1041} INFO - query execution done
[2025-04-22T02:59:56.909+0000] {cursor.py:1028} INFO - query: [MERGE INTO MBTA_VEHICLES AS target USING (SELECT '1825', 'CR-Franklin', 42.26881...]
[2025-04-22T02:59:57.407+0000] {cursor.py:1041} INFO - query execution done
[2025-04-22T02:59:57.408+0000] {cursor.py:1028} INFO - query: [MERGE INTO MBTA_VEHICLES AS target USING (SELECT 'y2040', '109', 42.37563911, -7...]
[2025-04-22T02:59:57.946+0000] {cursor.py:1041} INFO - query execution done
[2025-04-22T02:59:57.947+0000] {cursor.py:1028} INFO - query: [MERGE INTO MBTA_VEHICLES AS target USING (SELECT 'y2064', '95', 42.421587889, -7...]
[2025-04-22T02:59:58.456+0000] {cursor.py:1041} INFO - query execution done
[2025-04-22T02:59:58.457+0000] {cursor.py:1028} INFO - query: [MERGE INTO MBTA_VEHICLES AS target USING (SELECT '1706', 'CR-Haverhill', 42.3891...]
[2025-04-22T02:59:58.963+0000] {cursor.py:1041} INFO - query execution done
[2025-04-22T02:59:58.965+0000] {cursor.py:1028} INFO - query: [COMMIT]
[2025-04-22T02:59:59.098+0000] {cursor.py:1041} INFO - query execution done
[2025-04-22T02:59:59.100+0000] {cursor.py:1205} INFO - Number of results in first chunk: 1
[2025-04-22T02:59:59.100+0000] {mbta_kafka_consumer.py:139} INFO - ✅ Merged 228 new/changed records into Snowflake table: MBTA_VEHICLES in 146.84 seconds
[2025-04-22T02:59:59.107+0000] {mbta_kafka_consumer.py:233} INFO - 📥 Received 324 records from topic: mbta_vehicles
[2025-04-22T02:59:59.141+0000] {mbta_kafka_consumer.py:56} INFO - 🔍 Sample data for MBTA_VEHICLES:
[2025-04-22T02:59:59.142+0000] {mbta_kafka_consumer.py:57} INFO - 
   VEHICLE_ID      ROUTE_ID  ...         STATUS                 CREATED_AT
0     G-10268       Green-E  ...     STOPPED_AT 2025-04-22 02:59:59.107781
1        1832  CR-Worcester  ...  IN_TRANSIT_TO 2025-04-22 02:59:59.107793
2       y1908             1  ...     STOPPED_AT 2025-04-22 02:59:59.107806
3  O-5482A351        Orange  ...  IN_TRANSIT_TO 2025-04-22 02:59:59.107820
4     G-10245       Green-D  ...    INCOMING_AT 2025-04-22 02:59:59.107828

[5 rows x 8 columns]
[2025-04-22T02:59:59.155+0000] {cursor.py:1028} INFO - query: [SELECT * FROM MBTA_VEHICLES WHERE VEHICLE_ID IN ('G-10268','1832','y1908','O-548...]
[2025-04-22T02:59:59.556+0000] {cursor.py:1041} INFO - query execution done
[2025-04-22T02:59:59.556+0000] {cursor.py:1205} INFO - Number of results in first chunk: 336
[2025-04-22T02:59:59.575+0000] {mbta_kafka_consumer.py:104} INFO - 🔁 254 new/updated records out of 324 incoming records (some may be duplicate VEHICLE_IDs) for MBTA_VEHICLES
[2025-04-22T02:59:59.575+0000] {cursor.py:1028} INFO - query: [MERGE INTO MBTA_VEHICLES AS target USING (SELECT '1832', 'CR-Worcester', 42.3476...]
[2025-04-22T03:00:00.177+0000] {cursor.py:1041} INFO - query execution done
[2025-04-22T03:00:00.178+0000] {cursor.py:1028} INFO - query: [MERGE INTO MBTA_VEHICLES AS target USING (SELECT 'y1908', '1', 42.32992101, -71....]
[2025-04-22T03:00:00.786+0000] {cursor.py:1041} INFO - query execution done
[2025-04-22T03:00:00.788+0000] {cursor.py:1028} INFO - query: [MERGE INTO MBTA_VEHICLES AS target USING (SELECT 'G-10245', 'Green-D', 42.32157,...]
[2025-04-22T03:00:01.341+0000] {cursor.py:1041} INFO - query execution done
[2025-04-22T03:00:01.342+0000] {cursor.py:1028} INFO - query: [MERGE INTO MBTA_VEHICLES AS target USING (SELECT 'y1284', '751', 42.352512429, -...]
[2025-04-22T03:00:01.924+0000] {cursor.py:1041} INFO - query execution done
[2025-04-22T03:00:01.928+0000] {cursor.py:1028} INFO - query: [MERGE INTO MBTA_VEHICLES AS target USING (SELECT 'y3002', '712', 42.365129699, -...]
[2025-04-22T03:00:03.052+0000] {cursor.py:1041} INFO - query execution done
[2025-04-22T03:00:03.053+0000] {cursor.py:1028} INFO - query: [MERGE INTO MBTA_VEHICLES AS target USING (SELECT 'y3327', '442', 42.45545495, -7...]
[2025-04-22T03:00:03.978+0000] {cursor.py:1041} INFO - query execution done
[2025-04-22T03:00:03.985+0000] {cursor.py:1028} INFO - query: [MERGE INTO MBTA_VEHICLES AS target USING (SELECT 'y1654', '34', 42.28239548, -71...]
[2025-04-22T03:00:04.623+0000] {cursor.py:1041} INFO - query execution done
[2025-04-22T03:00:04.624+0000] {cursor.py:1028} INFO - query: [MERGE INTO MBTA_VEHICLES AS target USING (SELECT 'y1874', '8', 42.33047192, -71....]
[2025-04-22T03:00:05.321+0000] {cursor.py:1041} INFO - query execution done
[2025-04-22T03:00:05.332+0000] {cursor.py:1028} INFO - query: [MERGE INTO MBTA_VEHICLES AS target USING (SELECT 'B-5482A365', 'Blue', 42.40776,...]
[2025-04-22T03:00:05.943+0000] {cursor.py:1041} INFO - query execution done
[2025-04-22T03:00:05.944+0000] {cursor.py:1028} INFO - query: [MERGE INTO MBTA_VEHICLES AS target USING (SELECT 'R-5482A2DC', 'Red', 42.36122, ...]
[2025-04-22T03:00:06.555+0000] {cursor.py:1041} INFO - query execution done
[2025-04-22T03:00:06.556+0000] {cursor.py:1028} INFO - query: [MERGE INTO MBTA_VEHICLES AS target USING (SELECT 'y1972', '110', 42.40454651, -7...]
[2025-04-22T03:00:07.235+0000] {cursor.py:1041} INFO - query execution done
[2025-04-22T03:00:07.236+0000] {cursor.py:1028} INFO - query: [MERGE INTO MBTA_VEHICLES AS target USING (SELECT 'y2031', '77', 42.415112989, -7...]
[2025-04-22T03:00:08.157+0000] {cursor.py:1041} INFO - query execution done
[2025-04-22T03:00:08.159+0000] {cursor.py:1028} INFO - query: [MERGE INTO MBTA_VEHICLES AS target USING (SELECT 'ynk257', 'Shuttle-Generic', 42...]
[2025-04-22T03:00:09.189+0000] {cursor.py:1041} INFO - query execution done
[2025-04-22T03:00:09.198+0000] {cursor.py:1028} INFO - query: [MERGE INTO MBTA_VEHICLES AS target USING (SELECT 'y0815', '240', 42.12472186, -7...]
[2025-04-22T03:00:10.010+0000] {cursor.py:1041} INFO - query execution done
[2025-04-22T03:00:10.012+0000] {cursor.py:1028} INFO - query: [MERGE INTO MBTA_VEHICLES AS target USING (SELECT 'O-5482A34E', 'Orange', 42.3425...]
[2025-04-22T03:00:10.834+0000] {cursor.py:1041} INFO - query execution done
[2025-04-22T03:00:10.842+0000] {cursor.py:1028} INFO - query: [MERGE INTO MBTA_VEHICLES AS target USING (SELECT 'y1829', '57', 42.34921508, -71...]
[2025-04-22T03:00:11.763+0000] {cursor.py:1041} INFO - query execution done
[2025-04-22T03:00:11.765+0000] {cursor.py:1028} INFO - query: [MERGE INTO MBTA_VEHICLES AS target USING (SELECT 'y1312', '743', 42.3967, -71.04...]
[2025-04-22T03:00:12.576+0000] {local_task_job_runner.py:121} ERROR - Received SIGTERM. Terminating subprocesses
[2025-04-22T03:00:12.715+0000] {cursor.py:1041} INFO - query execution done
[2025-04-22T03:00:12.728+0000] {cursor.py:1028} INFO - query: [MERGE INTO MBTA_VEHICLES AS target USING (SELECT 'O-5482A34B', 'Orange', 42.3389...]
[2025-04-22T03:00:12.719+0000] {process_utils.py:131} INFO - Sending 15 to group 225. PIDs of all processes in the group: [225]
[2025-04-22T03:00:12.734+0000] {process_utils.py:86} INFO - Sending the signal 15 to group 225
[2025-04-22T03:00:12.745+0000] {taskinstance.py:2450} ERROR - Received SIGTERM. Terminating subprocesses.
[2025-04-22T03:00:12.850+0000] {mbta_kafka_consumer.py:212} ERROR - ❌ Error processing topic mbta_vehicles: Task received SIGTERM signal
[2025-04-22T03:00:12.888+0000] {mbta_kafka_consumer.py:233} INFO - 📥 Received 323 records from topic: mbta_vehicles
[2025-04-22T03:00:12.915+0000] {mbta_kafka_consumer.py:56} INFO - 🔍 Sample data for MBTA_VEHICLES:
[2025-04-22T03:00:12.915+0000] {mbta_kafka_consumer.py:57} INFO - 
   VEHICLE_ID      ROUTE_ID  ...         STATUS                 CREATED_AT
0     G-10268       Green-E  ...     STOPPED_AT 2025-04-22 03:00:12.889612
1        1832  CR-Worcester  ...  IN_TRANSIT_TO 2025-04-22 03:00:12.889634
2       y1908             1  ...     STOPPED_AT 2025-04-22 03:00:12.889642
3  O-5482A351        Orange  ...    INCOMING_AT 2025-04-22 03:00:12.889662
4     G-10245       Green-D  ...    INCOMING_AT 2025-04-22 03:00:12.889663

[5 rows x 8 columns]
[2025-04-22T03:00:12.923+0000] {cursor.py:1028} INFO - query: [SELECT * FROM MBTA_VEHICLES WHERE VEHICLE_ID IN ('G-10268','1832','y1908','O-548...]
[2025-04-22T03:00:13.578+0000] {cursor.py:1041} INFO - query execution done
[2025-04-22T03:00:13.581+0000] {cursor.py:1205} INFO - Number of results in first chunk: 335
[2025-04-22T03:00:13.641+0000] {mbta_kafka_consumer.py:104} INFO - 🔁 278 new/updated records out of 323 incoming records (some may be duplicate VEHICLE_IDs) for MBTA_VEHICLES
[2025-04-22T03:00:13.645+0000] {cursor.py:1028} INFO - query: [MERGE INTO MBTA_VEHICLES AS target USING (SELECT '1832', 'CR-Worcester', 42.3476...]
[2025-04-22T03:00:14.314+0000] {cursor.py:1041} INFO - query execution done
[2025-04-22T03:00:14.315+0000] {cursor.py:1028} INFO - query: [MERGE INTO MBTA_VEHICLES AS target USING (SELECT 'y1908', '1', 42.32983, -71.083...]
