[2025-04-24T19:10:02.072+0000] {taskinstance.py:1956} INFO - Dependencies all met for dep_context=non-requeueable deps ti=<TaskInstance: mbta_kafka_consumer_dag.run_kafka_consumer scheduled__2025-04-24T19:05:00+00:00 [queued]>
[2025-04-24T19:10:02.081+0000] {taskinstance.py:1956} INFO - Dependencies all met for dep_context=requeueable deps ti=<TaskInstance: mbta_kafka_consumer_dag.run_kafka_consumer scheduled__2025-04-24T19:05:00+00:00 [queued]>
[2025-04-24T19:10:02.082+0000] {taskinstance.py:2170} INFO - Starting attempt 1 of 2
[2025-04-24T19:10:02.096+0000] {taskinstance.py:2191} INFO - Executing <Task(PythonOperator): run_kafka_consumer> on 2025-04-24 19:05:00+00:00
[2025-04-24T19:10:02.099+0000] {standard_task_runner.py:60} INFO - Started process 226 to run task
[2025-04-24T19:10:02.104+0000] {standard_task_runner.py:87} INFO - Running: ['***', 'tasks', 'run', 'mbta_kafka_consumer_dag', 'run_kafka_consumer', 'scheduled__2025-04-24T19:05:00+00:00', '--job-id', '1097', '--raw', '--subdir', 'DAGS_FOLDER/mbta_kafka_consumer_dag.py', '--cfg-path', '/tmp/tmpl2t_1jcv']
[2025-04-24T19:10:02.117+0000] {standard_task_runner.py:88} INFO - Job 1097: Subtask run_kafka_consumer
[2025-04-24T19:10:02.186+0000] {task_command.py:423} INFO - Running <TaskInstance: mbta_kafka_consumer_dag.run_kafka_consumer scheduled__2025-04-24T19:05:00+00:00 [running]> on host 48040ae9642e
[2025-04-24T19:10:02.264+0000] {taskinstance.py:2480} INFO - Exporting env vars: AIRFLOW_CTX_DAG_OWNER='***' AIRFLOW_CTX_DAG_ID='mbta_kafka_consumer_dag' AIRFLOW_CTX_TASK_ID='run_kafka_consumer' AIRFLOW_CTX_EXECUTION_DATE='2025-04-24T19:05:00+00:00' AIRFLOW_CTX_TRY_NUMBER='1' AIRFLOW_CTX_DAG_RUN_ID='scheduled__2025-04-24T19:05:00+00:00'
[2025-04-24T19:10:02.265+0000] {connection.py:370} INFO - Snowflake Connector for Python Version: 3.6.0, Python Version: 3.9.18, Platform: Linux-6.10.14-linuxkit-aarch64-with-glibc2.36
[2025-04-24T19:10:02.266+0000] {connection.py:1171} INFO - This connection is in OCSP Fail Open Mode. TLS Certificates would be checked for validity and revocation status. Any other Certificate Revocation related exceptions or OCSP Responder failures would be disregarded in favor of connectivity.
[2025-04-24T19:10:02.864+0000] {mbta_kafka_consumer.py:52} INFO - ✅ Connected to Snowflake successfully.
[2025-04-24T19:10:02.865+0000] {mbta_kafka_consumer.py:266} INFO - 🚀 Starting MBTA Kafka Consumer...
[2025-04-24T19:10:02.868+0000] {conn.py:395} INFO - <BrokerConnection client_id=kafka-python-2.1.5, node_id=bootstrap-0 host=kafka:9092 <connecting> [IPv4 ('172.19.0.4', 9092)]>: connecting to kafka:9092 [('172.19.0.4', 9092) IPv4]
[2025-04-24T19:10:02.873+0000] {conn.py:615} INFO - <BrokerConnection client_id=kafka-python-2.1.5, node_id=bootstrap-0 host=kafka:9092 <checking_api_versions_recv> [IPv4 ('172.19.0.4', 9092)]>: Broker version identified as 2.6
[2025-04-24T19:10:02.874+0000] {conn.py:456} INFO - <BrokerConnection client_id=kafka-python-2.1.5, node_id=bootstrap-0 host=kafka:9092 <connected> [IPv4 ('172.19.0.4', 9092)]>: Connection complete.
[2025-04-24T19:10:02.874+0000] {consumer.py:119} WARNING - group_id is None: disabling auto-commit.
[2025-04-24T19:10:02.875+0000] {subscription_state.py:182} INFO - Updating subscribed topics to: ('mbta_alerts', 'mbta_routes', 'mbta_stops', 'mbta_vehicles', 'mbta_predictions', 'mbta_schedules', 'mbta_lines', 'mbta_facilities')
[2025-04-24T19:10:02.878+0000] {subscription_state.py:254} INFO - Updated partition assignment: [('mbta_schedules', 0), ('mbta_vehicles', 0), ('mbta_stops', 0), ('mbta_lines', 0), ('mbta_predictions', 0), ('mbta_alerts', 0), ('mbta_facilities', 0), ('mbta_routes', 0)]
[2025-04-24T19:10:02.878+0000] {conn.py:395} INFO - <BrokerConnection client_id=kafka-python-2.1.5, node_id=1 host=kafka:9092 <connecting> [IPv4 ('172.19.0.4', 9092)]>: connecting to kafka:9092 [('172.19.0.4', 9092) IPv4]
[2025-04-24T19:10:02.879+0000] {conn.py:456} INFO - <BrokerConnection client_id=kafka-python-2.1.5, node_id=1 host=kafka:9092 <connected> [IPv4 ('172.19.0.4', 9092)]>: Connection complete.
[2025-04-24T19:10:02.879+0000] {conn.py:936} INFO - <BrokerConnection client_id=kafka-python-2.1.5, node_id=bootstrap-0 host=kafka:9092 <connected> [IPv4 ('172.19.0.4', 9092)]>: Closing connection. 
[2025-04-24T19:10:04.408+0000] {mbta_kafka_consumer.py:280} INFO - 📥 Received 670 records from topic: mbta_vehicles
[2025-04-24T19:10:04.418+0000] {mbta_kafka_consumer.py:62} INFO - 🔍 Sample data for MBTA_VEHICLES:
[2025-04-24T19:10:04.419+0000] {mbta_kafka_consumer.py:63} INFO - 
  VEHICLE_ID ROUTE_ID  ...         STATUS                 CREATED_AT
0      y1987       70  ...     STOPPED_AT 2025-04-24 19:10:04.409366
1      y2109       78  ...     STOPPED_AT 2025-04-24 19:10:04.409369
2      y2049       70  ...  IN_TRANSIT_TO 2025-04-24 19:10:04.409371
3      y0894      112  ...     STOPPED_AT 2025-04-24 19:10:04.409374
4    G-10332  Green-D  ...     STOPPED_AT 2025-04-24 19:10:04.409376

[5 rows x 8 columns]
[2025-04-24T19:10:04.429+0000] {cursor.py:1028} INFO - query: [SELECT * FROM MBTA_VEHICLES WHERE VEHICLE_ID IN ('y1987','y2109','y2049','y0894'...]
[2025-04-24T19:10:04.899+0000] {cursor.py:1041} INFO - query execution done
[2025-04-24T19:10:04.901+0000] {cursor.py:1205} INFO - Number of results in first chunk: 683
[2025-04-24T19:10:04.923+0000] {mbta_kafka_consumer.py:112} INFO - 🔁 678 new/updated records out of 670 incoming records (some may be duplicates) for MBTA_VEHICLES
[2025-04-24T19:10:04.925+0000] {cursor.py:1028} INFO - query: [MERGE INTO MBTA_VEHICLES AS target USING (SELECT 'y1987', '70', 42.36162, -71.10...]
[2025-04-24T19:10:05.956+0000] {cursor.py:1041} INFO - query execution done
[2025-04-24T19:10:05.957+0000] {cursor.py:1028} INFO - query: [MERGE INTO MBTA_VEHICLES AS target USING (SELECT 'y2109', '78', 42.41582, -71.19...]
[2025-04-24T19:10:06.575+0000] {cursor.py:1041} INFO - query execution done
[2025-04-24T19:10:06.577+0000] {cursor.py:1028} INFO - query: [MERGE INTO MBTA_VEHICLES AS target USING (SELECT 'y2049', '70', 42.3760605, -71....]
[2025-04-24T19:10:07.189+0000] {cursor.py:1041} INFO - query execution done
[2025-04-24T19:10:07.197+0000] {cursor.py:1028} INFO - query: [MERGE INTO MBTA_VEHICLES AS target USING (SELECT 'y0894', '112', 42.39252082, -7...]
[2025-04-24T19:10:08.111+0000] {cursor.py:1041} INFO - query execution done
[2025-04-24T19:10:08.114+0000] {cursor.py:1028} INFO - query: [MERGE INTO MBTA_VEHICLES AS target USING (SELECT 'G-10332', 'Green-D', 42.37116,...]
[2025-04-24T19:10:08.648+0000] {cursor.py:1041} INFO - query execution done
[2025-04-24T19:10:08.649+0000] {cursor.py:1028} INFO - query: [MERGE INTO MBTA_VEHICLES AS target USING (SELECT 'y3109', '116', 42.39826444, -7...]
[2025-04-24T19:10:09.972+0000] {cursor.py:1041} INFO - query execution done
[2025-04-24T19:10:09.977+0000] {cursor.py:1028} INFO - query: [MERGE INTO MBTA_VEHICLES AS target USING (SELECT 'y2000', '111', 42.40332, -71.0...]
[2025-04-24T19:10:11.790+0000] {cursor.py:1041} INFO - query execution done
[2025-04-24T19:10:11.792+0000] {cursor.py:1028} INFO - query: [MERGE INTO MBTA_VEHICLES AS target USING (SELECT 'y0883', '89', 42.3961037, -71....]
[2025-04-24T19:10:12.467+0000] {cursor.py:1041} INFO - query execution done
[2025-04-24T19:10:12.474+0000] {cursor.py:1028} INFO - query: [MERGE INTO MBTA_VEHICLES AS target USING (SELECT 'R-5482AC4E', 'Red', 42.24367, ...]
[2025-04-24T19:10:13.053+0000] {cursor.py:1041} INFO - query execution done
[2025-04-24T19:10:13.055+0000] {cursor.py:1028} INFO - query: [MERGE INTO MBTA_VEHICLES AS target USING (SELECT 'G-10053', 'Green-E', 42.35305,...]
[2025-04-24T19:10:14.402+0000] {cursor.py:1041} INFO - query execution done
[2025-04-24T19:10:14.408+0000] {cursor.py:1028} INFO - query: [MERGE INTO MBTA_VEHICLES AS target USING (SELECT 'y3283', '57', 42.348892489, -7...]
[2025-04-24T19:10:15.037+0000] {cursor.py:1041} INFO - query execution done
[2025-04-24T19:10:15.038+0000] {cursor.py:1028} INFO - query: [MERGE INTO MBTA_VEHICLES AS target USING (SELECT 'y0777', '240', 42.20080113, -7...]
[2025-04-24T19:10:15.645+0000] {cursor.py:1041} INFO - query execution done
[2025-04-24T19:10:15.647+0000] {cursor.py:1028} INFO - query: [MERGE INTO MBTA_VEHICLES AS target USING (SELECT 'y1805', '47', 42.33130868, -71...]
[2025-04-24T19:10:16.195+0000] {cursor.py:1041} INFO - query execution done
[2025-04-24T19:10:16.196+0000] {cursor.py:1028} INFO - query: [MERGE INTO MBTA_VEHICLES AS target USING (SELECT 'ynk318', 'Shuttle-Generic', 42...]
[2025-04-24T19:10:16.928+0000] {cursor.py:1041} INFO - query execution done
[2025-04-24T19:10:16.931+0000] {cursor.py:1028} INFO - query: [MERGE INTO MBTA_VEHICLES AS target USING (SELECT 'y1224', '28', 42.32135925, -71...]
[2025-04-24T19:10:17.494+0000] {cursor.py:1041} INFO - query execution done
[2025-04-24T19:10:17.496+0000] {cursor.py:1028} INFO - query: [MERGE INTO MBTA_VEHICLES AS target USING (SELECT 'y0829', '230', 42.1443026, -71...]
[2025-04-24T19:10:18.207+0000] {cursor.py:1041} INFO - query execution done
[2025-04-24T19:10:18.210+0000] {cursor.py:1028} INFO - query: [MERGE INTO MBTA_VEHICLES AS target USING (SELECT 'y2021', '71', 42.36771104, -71...]
[2025-04-24T19:10:18.811+0000] {cursor.py:1041} INFO - query execution done
[2025-04-24T19:10:18.813+0000] {cursor.py:1028} INFO - query: [MERGE INTO MBTA_VEHICLES AS target USING (SELECT 'y1664', '32', 42.239682969, -7...]
[2025-04-24T19:10:19.377+0000] {cursor.py:1041} INFO - query execution done
[2025-04-24T19:10:19.377+0000] {cursor.py:1028} INFO - query: [MERGE INTO MBTA_VEHICLES AS target USING (SELECT 'y1431', '116', 42.40577, -71.0...]
[2025-04-24T19:10:19.950+0000] {cursor.py:1041} INFO - query execution done
[2025-04-24T19:10:19.951+0000] {cursor.py:1028} INFO - query: [MERGE INTO MBTA_VEHICLES AS target USING (SELECT 'y1831', '23', 42.332595589, -7...]
[2025-04-24T19:10:20.449+0000] {cursor.py:1041} INFO - query execution done
[2025-04-24T19:10:20.450+0000] {cursor.py:1028} INFO - query: [MERGE INTO MBTA_VEHICLES AS target USING (SELECT 'y0827', '216', 42.2514153, -71...]
[2025-04-24T19:10:20.929+0000] {cursor.py:1041} INFO - query execution done
[2025-04-24T19:10:20.930+0000] {cursor.py:1028} INFO - query: [MERGE INTO MBTA_VEHICLES AS target USING (SELECT 'y3324', '450', 42.459807499, -...]
[2025-04-24T19:10:21.928+0000] {cursor.py:1041} INFO - query execution done
[2025-04-24T19:10:21.935+0000] {cursor.py:1028} INFO - query: [MERGE INTO MBTA_VEHICLES AS target USING (SELECT 'y1852', '11', 42.33241183, -71...]
[2025-04-24T19:10:22.480+0000] {cursor.py:1041} INFO - query execution done
[2025-04-24T19:10:22.616+0000] {cursor.py:1028} INFO - query: [MERGE INTO MBTA_VEHICLES AS target USING (SELECT 'dLF 951', '716', 42.16727742, ...]
[2025-04-24T19:10:23.077+0000] {cursor.py:1041} INFO - query execution done
[2025-04-24T19:10:23.078+0000] {cursor.py:1028} INFO - query: [MERGE INTO MBTA_VEHICLES AS target USING (SELECT 'y1268', '28', 42.29536, -71.08...]
[2025-04-24T19:10:23.626+0000] {cursor.py:1041} INFO - query execution done
[2025-04-24T19:10:23.628+0000] {cursor.py:1028} INFO - query: [MERGE INTO MBTA_VEHICLES AS target USING (SELECT 'y1406', '104', 42.37499, -71.0...]
[2025-04-24T19:10:24.242+0000] {cursor.py:1041} INFO - query execution done
[2025-04-24T19:10:24.247+0000] {cursor.py:1028} INFO - query: [MERGE INTO MBTA_VEHICLES AS target USING (SELECT '1869', 'CR-Kingston', 41.98264...]
[2025-04-24T19:10:24.942+0000] {cursor.py:1041} INFO - query execution done
[2025-04-24T19:10:24.945+0000] {cursor.py:1028} INFO - query: [MERGE INTO MBTA_VEHICLES AS target USING (SELECT 'y3297', '57', 42.34970904, -71...]
[2025-04-24T19:10:25.533+0000] {cursor.py:1041} INFO - query execution done
[2025-04-24T19:10:25.534+0000] {cursor.py:1028} INFO - query: [MERGE INTO MBTA_VEHICLES AS target USING (SELECT 'y1679', '32', 42.26431273, -71...]
[2025-04-24T19:10:26.028+0000] {cursor.py:1041} INFO - query execution done
[2025-04-24T19:10:26.028+0000] {cursor.py:1028} INFO - query: [MERGE INTO MBTA_VEHICLES AS target USING (SELECT '1863', 'CR-Worcester', 42.2436...]
[2025-04-24T19:10:26.744+0000] {cursor.py:1041} INFO - query execution done
[2025-04-24T19:10:26.745+0000] {cursor.py:1028} INFO - query: [MERGE INTO MBTA_VEHICLES AS target USING (SELECT 'y1205', '28', 42.28748012, -71...]
[2025-04-24T19:10:27.959+0000] {cursor.py:1041} INFO - query execution done
[2025-04-24T19:10:27.962+0000] {cursor.py:1028} INFO - query: [MERGE INTO MBTA_VEHICLES AS target USING (SELECT 'y0902', '210', 42.27360787, -7...]
[2025-04-24T19:10:28.519+0000] {cursor.py:1041} INFO - query execution done
[2025-04-24T19:10:28.519+0000] {cursor.py:1028} INFO - query: [MERGE INTO MBTA_VEHICLES AS target USING (SELECT 'y2081', '93', 42.35854976, -71...]
[2025-04-24T19:10:29.002+0000] {cursor.py:1041} INFO - query execution done
[2025-04-24T19:10:29.003+0000] {cursor.py:1028} INFO - query: [MERGE INTO MBTA_VEHICLES AS target USING (SELECT 'y3279', '1', 42.333800949, -71...]
[2025-04-24T19:10:29.584+0000] {cursor.py:1041} INFO - query execution done
[2025-04-24T19:10:29.585+0000] {cursor.py:1028} INFO - query: [MERGE INTO MBTA_VEHICLES AS target USING (SELECT 'y1432', '96', 42.42256, -71.09...]
[2025-04-24T19:10:30.102+0000] {cursor.py:1041} INFO - query execution done
[2025-04-24T19:10:30.103+0000] {cursor.py:1028} INFO - query: [MERGE INTO MBTA_VEHICLES AS target USING (SELECT 'y1808', '17', 42.33037512, -71...]
[2025-04-24T19:10:30.635+0000] {cursor.py:1041} INFO - query execution done
[2025-04-24T19:10:30.636+0000] {cursor.py:1028} INFO - query: [MERGE INTO MBTA_VEHICLES AS target USING (SELECT 'y1458', '99', 42.42624442, -71...]
[2025-04-24T19:10:31.192+0000] {cursor.py:1041} INFO - query execution done
[2025-04-24T19:10:31.195+0000] {cursor.py:1028} INFO - query: [MERGE INTO MBTA_VEHICLES AS target USING (SELECT 'G-10340', 'Green-D', 42.35551,...]
[2025-04-24T19:10:31.651+0000] {cursor.py:1041} INFO - query execution done
[2025-04-24T19:10:31.652+0000] {cursor.py:1028} INFO - query: [MERGE INTO MBTA_VEHICLES AS target USING (SELECT 'y1689', '34E', 42.14741745, -7...]
[2025-04-24T19:10:32.228+0000] {cursor.py:1041} INFO - query execution done
[2025-04-24T19:10:32.229+0000] {cursor.py:1028} INFO - query: [MERGE INTO MBTA_VEHICLES AS target USING (SELECT 'y1283', '751', 42.32989587, -7...]
[2025-04-24T19:10:33.197+0000] {cursor.py:1041} INFO - query execution done
[2025-04-24T19:10:33.198+0000] {cursor.py:1028} INFO - query: [MERGE INTO MBTA_VEHICLES AS target USING (SELECT 'y1429', '94', 42.39664761, -71...]
[2025-04-24T19:10:33.741+0000] {cursor.py:1041} INFO - query execution done
[2025-04-24T19:10:33.742+0000] {cursor.py:1028} INFO - query: [MERGE INTO MBTA_VEHICLES AS target USING (SELECT 'B-5482B2C0', 'Blue', 42.38411,...]
[2025-04-24T19:10:34.333+0000] {cursor.py:1041} INFO - query execution done
[2025-04-24T19:10:34.334+0000] {cursor.py:1028} INFO - query: [MERGE INTO MBTA_VEHICLES AS target USING (SELECT 'y3280', '47', 42.34013, -71.06...]
[2025-04-24T19:10:34.855+0000] {cursor.py:1041} INFO - query execution done
[2025-04-24T19:10:34.857+0000] {cursor.py:1028} INFO - query: [MERGE INTO MBTA_VEHICLES AS target USING (SELECT 'y1403', '108', 42.43367739, -7...]
[2025-04-24T19:10:35.421+0000] {cursor.py:1041} INFO - query execution done
[2025-04-24T19:10:35.423+0000] {cursor.py:1028} INFO - query: [MERGE INTO MBTA_VEHICLES AS target USING (SELECT 'y1958', '70', 42.36451, -71.11...]
[2025-04-24T19:10:35.979+0000] {cursor.py:1041} INFO - query execution done
[2025-04-24T19:10:35.981+0000] {cursor.py:1028} INFO - query: [MERGE INTO MBTA_VEHICLES AS target USING (SELECT 'y1814', '501', 42.34517377, -7...]
[2025-04-24T19:10:36.574+0000] {cursor.py:1041} INFO - query execution done
[2025-04-24T19:10:36.574+0000] {cursor.py:1028} INFO - query: [MERGE INTO MBTA_VEHICLES AS target USING (SELECT 'y3310', '456', 42.52400767, -7...]
[2025-04-24T19:10:37.115+0000] {cursor.py:1041} INFO - query execution done
[2025-04-24T19:10:37.115+0000] {cursor.py:1028} INFO - query: [MERGE INTO MBTA_VEHICLES AS target USING (SELECT 'y1253', '28', 42.32384996, -71...]
[2025-04-24T19:10:37.835+0000] {cursor.py:1041} INFO - query execution done
[2025-04-24T19:10:37.835+0000] {cursor.py:1028} INFO - query: [MERGE INTO MBTA_VEHICLES AS target USING (SELECT 'y0802', '225', 42.25877611, -7...]
[2025-04-24T19:10:38.452+0000] {cursor.py:1041} INFO - query execution done
[2025-04-24T19:10:38.453+0000] {cursor.py:1028} INFO - query: [MERGE INTO MBTA_VEHICLES AS target USING (SELECT 'y3340', '429', 42.43934246, -7...]
[2025-04-24T19:10:39.040+0000] {cursor.py:1041} INFO - query execution done
[2025-04-24T19:10:39.042+0000] {cursor.py:1028} INFO - query: [MERGE INTO MBTA_VEHICLES AS target USING (SELECT 'y1737', '16', 42.30145, -71.11...]
[2025-04-24T19:10:39.553+0000] {cursor.py:1041} INFO - query execution done
[2025-04-24T19:10:39.554+0000] {cursor.py:1028} INFO - query: [MERGE INTO MBTA_VEHICLES AS target USING (SELECT 'B-5482B2CD', 'Blue', 42.35889,...]
[2025-04-24T19:10:40.189+0000] {cursor.py:1041} INFO - query execution done
[2025-04-24T19:10:40.190+0000] {cursor.py:1028} INFO - query: [MERGE INTO MBTA_VEHICLES AS target USING (SELECT 'B-5482B2AB', 'Blue', 42.4125, ...]
[2025-04-24T19:10:40.675+0000] {cursor.py:1041} INFO - query execution done
[2025-04-24T19:10:40.676+0000] {cursor.py:1028} INFO - query: [MERGE INTO MBTA_VEHICLES AS target USING (SELECT 'O-5482B2C2', 'Orange', 42.3476...]
[2025-04-24T19:10:41.211+0000] {cursor.py:1041} INFO - query execution done
[2025-04-24T19:10:41.214+0000] {cursor.py:1028} INFO - query: [MERGE INTO MBTA_VEHICLES AS target USING (SELECT 'y0809', '236', 42.2527336, -71...]
[2025-04-24T19:10:41.771+0000] {cursor.py:1041} INFO - query execution done
[2025-04-24T19:10:41.772+0000] {cursor.py:1028} INFO - query: [MERGE INTO MBTA_VEHICLES AS target USING (SELECT 'y1645', '32', 42.265693529, -7...]
[2025-04-24T19:10:42.251+0000] {cursor.py:1041} INFO - query execution done
[2025-04-24T19:10:42.252+0000] {cursor.py:1028} INFO - query: [MERGE INTO MBTA_VEHICLES AS target USING (SELECT 'y1272', '39', 42.33833037, -71...]
[2025-04-24T19:10:42.851+0000] {cursor.py:1041} INFO - query execution done
[2025-04-24T19:10:42.853+0000] {cursor.py:1028} INFO - query: [MERGE INTO MBTA_VEHICLES AS target USING (SELECT 'y1658', '34E', 42.23295319, -7...]
[2025-04-24T19:10:43.577+0000] {cursor.py:1041} INFO - query execution done
[2025-04-24T19:10:43.579+0000] {cursor.py:1028} INFO - query: [MERGE INTO MBTA_VEHICLES AS target USING (SELECT 'G-10001', 'Green-B', 42.34018,...]
[2025-04-24T19:10:44.666+0000] {cursor.py:1041} INFO - query execution done
[2025-04-24T19:10:44.670+0000] {cursor.py:1028} INFO - query: [MERGE INTO MBTA_VEHICLES AS target USING (SELECT 'y3206', '45', 42.31519, -71.07...]
[2025-04-24T19:10:45.318+0000] {cursor.py:1041} INFO - query execution done
[2025-04-24T19:10:45.319+0000] {cursor.py:1028} INFO - query: [MERGE INTO MBTA_VEHICLES AS target USING (SELECT 'y3272', '747', 42.38489, -71.0...]
[2025-04-24T19:10:46.100+0000] {cursor.py:1041} INFO - query execution done
[2025-04-24T19:10:46.104+0000] {cursor.py:1028} INFO - query: [MERGE INTO MBTA_VEHICLES AS target USING (SELECT 'ynk316', 'Shuttle-Generic', 42...]
[2025-04-24T19:10:46.718+0000] {cursor.py:1041} INFO - query execution done
[2025-04-24T19:10:46.719+0000] {cursor.py:1028} INFO - query: [MERGE INTO MBTA_VEHICLES AS target USING (SELECT 'y1989', '73', 42.37531129, -71...]
[2025-04-24T19:10:47.375+0000] {cursor.py:1041} INFO - query execution done
[2025-04-24T19:10:47.376+0000] {cursor.py:1028} INFO - query: [MERGE INTO MBTA_VEHICLES AS target USING (SELECT 'y1203', '39', 42.29946475, -71...]
[2025-04-24T19:10:47.971+0000] {cursor.py:1041} INFO - query execution done
[2025-04-24T19:10:47.972+0000] {cursor.py:1028} INFO - query: [MERGE INTO MBTA_VEHICLES AS target USING (SELECT 'y1716', '24', 42.24307, -71.12...]
[2025-04-24T19:10:48.585+0000] {cursor.py:1041} INFO - query execution done
[2025-04-24T19:10:48.586+0000] {cursor.py:1028} INFO - query: [MERGE INTO MBTA_VEHICLES AS target USING (SELECT 'y1851', '47', 42.34741005, -71...]
[2025-04-24T19:10:49.314+0000] {cursor.py:1041} INFO - query execution done
[2025-04-24T19:10:49.314+0000] {cursor.py:1028} INFO - query: [MERGE INTO MBTA_VEHICLES AS target USING (SELECT 'y1851', '47', 42.34741005, -71...]
[2025-04-24T19:10:49.963+0000] {cursor.py:1041} INFO - qu