[2025-04-22T01:57:41.990+0000] {taskinstance.py:1956} INFO - Dependencies all met for dep_context=non-requeueable deps ti=<TaskInstance: mbta_ingestion_dag.load_to_snowflake scheduled__2025-04-22T01:40:00+00:00 [queued]>
[2025-04-22T01:57:42.019+0000] {taskinstance.py:1956} INFO - Dependencies all met for dep_context=requeueable deps ti=<TaskInstance: mbta_ingestion_dag.load_to_snowflake scheduled__2025-04-22T01:40:00+00:00 [queued]>
[2025-04-22T01:57:42.021+0000] {taskinstance.py:2170} INFO - Starting attempt 2 of 2
[2025-04-22T01:57:42.044+0000] {taskinstance.py:2191} INFO - Executing <Task(PythonOperator): load_to_snowflake> on 2025-04-22 01:40:00+00:00
[2025-04-22T01:57:42.063+0000] {standard_task_runner.py:60} INFO - Started process 208 to run task
[2025-04-22T01:57:42.067+0000] {standard_task_runner.py:87} INFO - Running: ['***', 'tasks', 'run', 'mbta_ingestion_dag', 'load_to_snowflake', 'scheduled__2025-04-22T01:40:00+00:00', '--job-id', '29', '--raw', '--subdir', 'DAGS_FOLDER/mbta_ingestion_dag.py', '--cfg-path', '/tmp/tmpl2ioxcci']
[2025-04-22T01:57:42.070+0000] {standard_task_runner.py:88} INFO - Job 29: Subtask load_to_snowflake
[2025-04-22T01:57:42.103+0000] {logging_mixin.py:188} WARNING - /home/***/.local/lib/python3.9/site-packages/***/settings.py:194 DeprecationWarning: The sql_alchemy_conn option in [core] has been moved to the sql_alchemy_conn option in [database] - the old setting has been used, but please update your config.
[2025-04-22T01:57:42.222+0000] {task_command.py:423} INFO - Running <TaskInstance: mbta_ingestion_dag.load_to_snowflake scheduled__2025-04-22T01:40:00+00:00 [running]> on host 34d2bea308cf
[2025-04-22T01:57:42.347+0000] {taskinstance.py:2480} INFO - Exporting env vars: AIRFLOW_CTX_DAG_OWNER='***' AIRFLOW_CTX_DAG_ID='mbta_ingestion_dag' AIRFLOW_CTX_TASK_ID='load_to_snowflake' AIRFLOW_CTX_EXECUTION_DATE='2025-04-22T01:40:00+00:00' AIRFLOW_CTX_TRY_NUMBER='2' AIRFLOW_CTX_DAG_RUN_ID='scheduled__2025-04-22T01:40:00+00:00'
[2025-04-22T01:57:42.350+0000] {mbta_ingestion_dag.py:35} INFO - 🚀 Launching Kafka consumer to process and load data into Snowflake...
[2025-04-22T01:57:42.351+0000] {connection.py:370} INFO - Snowflake Connector for Python Version: 3.6.0, Python Version: 3.9.18, Platform: Linux-6.10.14-linuxkit-aarch64-with-glibc2.36
[2025-04-22T01:57:42.353+0000] {connection.py:1171} INFO - This connection is in OCSP Fail Open Mode. TLS Certificates would be checked for validity and revocation status. Any other Certificate Revocation related exceptions or OCSP Responder failures would be disregarded in favor of connectivity.
[2025-04-22T01:57:44.127+0000] {mbta_kafka_consumer.py:45} INFO - ✅ Connected to Snowflake successfully.
[2025-04-22T01:57:44.144+0000] {mbta_kafka_consumer.py:219} INFO - 🚀 Starting MBTA Kafka Consumer...
[2025-04-22T01:57:44.158+0000] {conn.py:395} INFO - <BrokerConnection client_id=kafka-python-2.1.5, node_id=bootstrap-0 host=kafka:9092 <connecting> [IPv4 ('172.18.0.4', 9092)]>: connecting to kafka:9092 [('172.18.0.4', 9092) IPv4]
[2025-04-22T01:57:44.185+0000] {conn.py:615} INFO - <BrokerConnection client_id=kafka-python-2.1.5, node_id=bootstrap-0 host=kafka:9092 <checking_api_versions_recv> [IPv4 ('172.18.0.4', 9092)]>: Broker version identified as 2.6
[2025-04-22T01:57:44.191+0000] {conn.py:456} INFO - <BrokerConnection client_id=kafka-python-2.1.5, node_id=bootstrap-0 host=kafka:9092 <connected> [IPv4 ('172.18.0.4', 9092)]>: Connection complete.
[2025-04-22T01:57:44.201+0000] {consumer.py:119} WARNING - group_id is None: disabling auto-commit.
[2025-04-22T01:57:44.203+0000] {subscription_state.py:182} INFO - Updating subscribed topics to: ('mbta_alerts', 'mbta_routes', 'mbta_stops', 'mbta_vehicles', 'mbta_predictions')
[2025-04-22T01:57:44.210+0000] {subscription_state.py:254} INFO - Updated partition assignment: [('mbta_predictions', 0), ('mbta_routes', 0), ('mbta_vehicles', 0), ('mbta_alerts', 0), ('mbta_stops', 0)]
[2025-04-22T01:57:44.217+0000] {conn.py:395} INFO - <BrokerConnection client_id=kafka-python-2.1.5, node_id=1 host=kafka:9092 <connecting> [IPv4 ('172.18.0.4', 9092)]>: connecting to kafka:9092 [('172.18.0.4', 9092) IPv4]
[2025-04-22T01:57:44.219+0000] {conn.py:456} INFO - <BrokerConnection client_id=kafka-python-2.1.5, node_id=1 host=kafka:9092 <connected> [IPv4 ('172.18.0.4', 9092)]>: Connection complete.
[2025-04-22T01:57:44.220+0000] {conn.py:936} INFO - <BrokerConnection client_id=kafka-python-2.1.5, node_id=bootstrap-0 host=kafka:9092 <connected> [IPv4 ('172.18.0.4', 9092)]>: Closing connection. 
[2025-04-22T01:57:48.755+0000] {mbta_kafka_consumer.py:233} INFO - 📥 Received 178 records from topic: mbta_routes
[2025-04-22T01:57:49.068+0000] {mbta_kafka_consumer.py:56} INFO - 🔍 Sample data for MBTA_ROUTES:
[2025-04-22T01:57:49.069+0000] {mbta_kafka_consumer.py:57} INFO - 
   ROUTE_ID        ROUTE_NAME  ...  ROUTE_COLOR                 CREATED_AT
0       Red          Red Line  ...       DA291C 2025-04-22 01:57:48.772263
1  Mattapan  Mattapan Trolley  ...       DA291C 2025-04-22 01:57:48.772271
2    Orange       Orange Line  ...       ED8B00 2025-04-22 01:57:48.772273
3   Green-B      Green Line B  ...       00843D 2025-04-22 01:57:48.772274
4   Green-C      Green Line C  ...       00843D 2025-04-22 01:57:48.772275

[5 rows x 5 columns]
[2025-04-22T01:57:49.372+0000] {cursor.py:1028} INFO - query: [SELECT * FROM MBTA_ROUTES WHERE ROUTE_ID IN ('Red','Mattapan','Orange','Green-B'...]
[2025-04-22T01:57:49.735+0000] {cursor.py:1041} INFO - query execution done
[2025-04-22T01:57:49.744+0000] {cursor.py:1205} INFO - Number of results in first chunk: 0
[2025-04-22T01:57:50.941+0000] {mbta_kafka_consumer.py:104} INFO - 🔁 0 new/updated records out of 178 incoming records (some may be duplicate VEHICLE_IDs) for MBTA_ROUTES
[2025-04-22T01:57:50.942+0000] {mbta_kafka_consumer.py:107} INFO - ✅ All 178 records already up-to-date in MBTA_ROUTES, no merge needed.
[2025-04-22T01:57:50.943+0000] {mbta_kafka_consumer.py:233} INFO - 📥 Received 178 records from topic: mbta_routes
[2025-04-22T01:57:50.948+0000] {mbta_kafka_consumer.py:56} INFO - 🔍 Sample data for MBTA_ROUTES:
[2025-04-22T01:57:50.948+0000] {mbta_kafka_consumer.py:57} INFO - 
   ROUTE_ID        ROUTE_NAME  ...  ROUTE_COLOR                 CREATED_AT
0       Red          Red Line  ...       DA291C 2025-04-22 01:57:50.944074
1  Mattapan  Mattapan Trolley  ...       DA291C 2025-04-22 01:57:50.944077
2    Orange       Orange Line  ...       ED8B00 2025-04-22 01:57:50.944079
3   Green-B      Green Line B  ...       00843D 2025-04-22 01:57:50.944085
4   Green-C      Green Line C  ...       00843D 2025-04-22 01:57:50.944085

[5 rows x 5 columns]
[2025-04-22T01:57:50.957+0000] {cursor.py:1028} INFO - query: [SELECT * FROM MBTA_ROUTES WHERE ROUTE_ID IN ('Red','Mattapan','Orange','Green-B'...]
[2025-04-22T01:57:51.140+0000] {cursor.py:1041} INFO - query execution done
[2025-04-22T01:57:51.141+0000] {cursor.py:1205} INFO - Number of results in first chunk: 0
[2025-04-22T01:57:51.472+0000] {mbta_kafka_consumer.py:104} INFO - 🔁 0 new/updated records out of 178 incoming records (some may be duplicate VEHICLE_IDs) for MBTA_ROUTES
[2025-04-22T01:57:51.473+0000] {mbta_kafka_consumer.py:107} INFO - ✅ All 178 records already up-to-date in MBTA_ROUTES, no merge needed.
[2025-04-22T01:57:51.474+0000] {mbta_kafka_consumer.py:233} INFO - 📥 Received 178 records from topic: mbta_routes
[2025-04-22T01:57:51.481+0000] {mbta_kafka_consumer.py:56} INFO - 🔍 Sample data for MBTA_ROUTES:
[2025-04-22T01:57:51.482+0000] {mbta_kafka_consumer.py:57} INFO - 
   ROUTE_ID        ROUTE_NAME  ...  ROUTE_COLOR                 CREATED_AT
0       Red          Red Line  ...       DA291C 2025-04-22 01:57:51.475709
1  Mattapan  Mattapan Trolley  ...       DA291C 2025-04-22 01:57:51.475718
2    Orange       Orange Line  ...       ED8B00 2025-04-22 01:57:51.475731
3   Green-B      Green Line B  ...       00843D 2025-04-22 01:57:51.475733
4   Green-C      Green Line C  ...       00843D 2025-04-22 01:57:51.475741

[5 rows x 5 columns]
[2025-04-22T01:57:51.494+0000] {cursor.py:1028} INFO - query: [SELECT * FROM MBTA_ROUTES WHERE ROUTE_ID IN ('Red','Mattapan','Orange','Green-B'...]
[2025-04-22T01:57:51.713+0000] {cursor.py:1041} INFO - query execution done
[2025-04-22T01:57:51.716+0000] {cursor.py:1205} INFO - Number of results in first chunk: 0
[2025-04-22T01:57:52.007+0000] {mbta_kafka_consumer.py:104} INFO - 🔁 0 new/updated records out of 178 incoming records (some may be duplicate VEHICLE_IDs) for MBTA_ROUTES
[2025-04-22T01:57:52.009+0000] {mbta_kafka_consumer.py:107} INFO - ✅ All 178 records already up-to-date in MBTA_ROUTES, no merge needed.
[2025-04-22T01:57:52.012+0000] {mbta_kafka_consumer.py:233} INFO - 📥 Received 178 records from topic: mbta_routes
[2025-04-22T01:57:52.017+0000] {mbta_kafka_consumer.py:56} INFO - 🔍 Sample data for MBTA_ROUTES:
[2025-04-22T01:57:52.018+0000] {mbta_kafka_consumer.py:57} INFO - 
   ROUTE_ID        ROUTE_NAME  ...  ROUTE_COLOR                 CREATED_AT
0       Red          Red Line  ...       DA291C 2025-04-22 01:57:52.012644
1  Mattapan  Mattapan Trolley  ...       DA291C 2025-04-22 01:57:52.012652
2    Orange       Orange Line  ...       ED8B00 2025-04-22 01:57:52.012687
3   Green-B      Green Line B  ...       00843D 2025-04-22 01:57:52.012694
4   Green-C      Green Line C  ...       00843D 2025-04-22 01:57:52.012694

[5 rows x 5 columns]
[2025-04-22T01:57:52.024+0000] {cursor.py:1028} INFO - query: [SELECT * FROM MBTA_ROUTES WHERE ROUTE_ID IN ('Red','Mattapan','Orange','Green-B'...]
[2025-04-22T01:57:52.177+0000] {cursor.py:1041} INFO - query execution done
[2025-04-22T01:57:52.178+0000] {cursor.py:1205} INFO - Number of results in first chunk: 0
[2025-04-22T01:57:52.559+0000] {mbta_kafka_consumer.py:104} INFO - 🔁 0 new/updated records out of 178 incoming records (some may be duplicate VEHICLE_IDs) for MBTA_ROUTES
[2025-04-22T01:57:52.560+0000] {mbta_kafka_consumer.py:107} INFO - ✅ All 178 records already up-to-date in MBTA_ROUTES, no merge needed.
[2025-04-22T01:57:52.561+0000] {mbta_kafka_consumer.py:233} INFO - 📥 Received 178 records from topic: mbta_routes
[2025-04-22T01:57:52.568+0000] {mbta_kafka_consumer.py:56} INFO - 🔍 Sample data for MBTA_ROUTES:
[2025-04-22T01:57:52.569+0000] {mbta_kafka_consumer.py:57} INFO - 
   ROUTE_ID        ROUTE_NAME  ...  ROUTE_COLOR                 CREATED_AT
0       Red          Red Line  ...       DA291C 2025-04-22 01:57:52.562592
1  Mattapan  Mattapan Trolley  ...       DA291C 2025-04-22 01:57:52.562598
2    Orange       Orange Line  ...       ED8B00 2025-04-22 01:57:52.562600
3   Green-B      Green Line B  ...       00843D 2025-04-22 01:57:52.562602
4   Green-C      Green Line C  ...       00843D 2025-04-22 01:57:52.562628

[5 rows x 5 columns]
[2025-04-22T01:57:52.580+0000] {cursor.py:1028} INFO - query: [SELECT * FROM MBTA_ROUTES WHERE ROUTE_ID IN ('Red','Mattapan','Orange','Green-B'...]
[2025-04-22T01:57:52.738+0000] {cursor.py:1041} INFO - query execution done
[2025-04-22T01:57:52.739+0000] {cursor.py:1205} INFO - Number of results in first chunk: 0
[2025-04-22T01:57:53.007+0000] {mbta_kafka_consumer.py:104} INFO - 🔁 0 new/updated records out of 178 incoming records (some may be duplicate VEHICLE_IDs) for MBTA_ROUTES
[2025-04-22T01:57:53.008+0000] {mbta_kafka_consumer.py:107} INFO - ✅ All 178 records already up-to-date in MBTA_ROUTES, no merge needed.
[2025-04-22T01:57:53.008+0000] {mbta_kafka_consumer.py:233} INFO - 📥 Received 178 records from topic: mbta_routes
[2025-04-22T01:57:53.018+0000] {mbta_kafka_consumer.py:56} INFO - 🔍 Sample data for MBTA_ROUTES:
[2025-04-22T01:57:53.020+0000] {mbta_kafka_consumer.py:57} INFO - 
   ROUTE_ID        ROUTE_NAME  ...  ROUTE_COLOR                 CREATED_AT
0       Red          Red Line  ...       DA291C 2025-04-22 01:57:53.008983
1  Mattapan  Mattapan Trolley  ...       DA291C 2025-04-22 01:57:53.008989
2    Orange       Orange Line  ...       ED8B00 2025-04-22 01:57:53.008990
3   Green-B      Green Line B  ...       00843D 2025-04-22 01:57:53.009000
4   Green-C      Green Line C  ...       00843D 2025-04-22 01:57:53.009002

[5 rows x 5 columns]
[2025-04-22T01:57:53.031+0000] {cursor.py:1028} INFO - query: [SELECT * FROM MBTA_ROUTES WHERE ROUTE_ID IN ('Red','Mattapan','Orange','Green-B'...]
[2025-04-22T01:57:53.197+0000] {cursor.py:1041} INFO - query execution done
[2025-04-22T01:57:53.201+0000] {cursor.py:1205} INFO - Number of results in first chunk: 0
[2025-04-22T01:57:53.610+0000] {mbta_kafka_consumer.py:104} INFO - 🔁 0 new/updated records out of 178 incoming records (some may be duplicate VEHICLE_IDs) for MBTA_ROUTES
[2025-04-22T01:57:53.611+0000] {mbta_kafka_consumer.py:107} INFO - ✅ All 178 records already up-to-date in MBTA_ROUTES, no merge needed.
[2025-04-22T01:57:53.611+0000] {mbta_kafka_consumer.py:233} INFO - 📥 Received 178 records from topic: mbta_routes
[2025-04-22T01:57:53.626+0000] {mbta_kafka_consumer.py:56} INFO - 🔍 Sample data for MBTA_ROUTES:
[2025-04-22T01:57:53.627+0000] {mbta_kafka_consumer.py:57} INFO - 
   ROUTE_ID        ROUTE_NAME  ...  ROUTE_COLOR                 CREATED_AT
0       Red          Red Line  ...       DA291C 2025-04-22 01:57:53.613004
1  Mattapan  Mattapan Trolley  ...       DA291C 2025-04-22 01:57:53.613007
2    Orange       Orange Line  ...       ED8B00 2025-04-22 01:57:53.613009
3   Green-B      Green Line B  ...       00843D 2025-04-22 01:57:53.613010
4   Green-C      Green Line C  ...       00843D 2025-04-22 01:57:53.613018

[5 rows x 5 columns]
[2025-04-22T01:57:53.650+0000] {cursor.py:1028} INFO - query: [SELECT * FROM MBTA_ROUTES WHERE ROUTE_ID IN ('Red','Mattapan','Orange','Green-B'...]
[2025-04-22T01:57:53.815+0000] {cursor.py:1041} INFO - query execution done
[2025-04-22T01:57:53.817+0000] {cursor.py:1205} INFO - Number of results in first chunk: 0
[2025-04-22T01:57:54.166+0000] {mbta_kafka_consumer.py:104} INFO - 🔁 0 new/updated records out of 178 incoming records (some may be duplicate VEHICLE_IDs) for MBTA_ROUTES
[2025-04-22T01:57:54.168+0000] {mbta_kafka_consumer.py:107} INFO - ✅ All 178 records already up-to-date in MBTA_ROUTES, no merge needed.
[2025-04-22T01:57:54.169+0000] {mbta_kafka_consumer.py:233} INFO - 📥 Received 178 records from topic: mbta_routes
[2025-04-22T01:57:54.181+0000] {mbta_kafka_consumer.py:56} INFO - 🔍 Sample data for MBTA_ROUTES:
[2025-04-22T01:57:54.183+0000] {mbta_kafka_consumer.py:57} INFO - 
   ROUTE_ID        ROUTE_NAME  ...  ROUTE_COLOR                 CREATED_AT
0       Red          Red Line  ...       DA291C 2025-04-22 01:57:54.170706
1  Mattapan  Mattapan Trolley  ...       DA291C 2025-04-22 01:57:54.170721
2    Orange       Orange Line  ...       ED8B00 2025-04-22 01:57:54.170722
3   Green-B      Green Line B  ...       00843D 2025-04-22 01:57:54.170723
4   Green-C      Green Line C  ...       00843D 2025-04-22 01:57:54.170724

[5 rows x 5 columns]
[2025-04-22T01:57:54.217+0000] {cursor.py:1028} INFO - query: [SELECT * FROM MBTA_ROUTES WHERE ROUTE_ID IN ('Red','Mattapan','Orange','Green-B'...]
[2025-04-22T01:57:54.391+0000] {cursor.py:1041} INFO - query execution done
[2025-04-22T01:57:54.394+0000] {cursor.py:1205} INFO - Number of results in first chunk: 0
[2025-04-22T01:57:54.877+0000] {mbta_kafka_consumer.py:104} INFO - 🔁 0 new/updated records out of 178 incoming records (some may be duplicate VEHICLE_IDs) for MBTA_ROUTES
[2025-04-22T01:57:54.880+0000] {mbta_kafka_consumer.py:107} INFO - ✅ All 178 records already up-to-date in MBTA_ROUTES, no merge needed.
[2025-04-22T01:57:54.883+0000] {mbta_kafka_consumer.py:233} INFO - 📥 Received 178 records from topic: mbta_routes
[2025-04-22T01:57:54.893+0000] {mbta_kafka_consumer.py:56} INFO - 🔍 Sample data for MBTA_ROUTES:
[2025-04-22T01:57:54.894+0000] {mbta_kafka_consumer.py:57} INFO - 
   ROUTE_ID        ROUTE_NAME  ...  ROUTE_COLOR                 CREATED_AT
0       Red          Red Line  ...       DA291C 2025-04-22 01:57:54.883603
1  Mattapan  Mattapan Trolley  ...       DA291C 2025-04-22 01:57:54.883606
2    Orange       Orange Line  ...       ED8B00 2025-04-22 01:57:54.883608
3   Green-B      Green Line B  ...       00843D 2025-04-22 01:57:54.883609
4   Green-C      Green Line C  ...       00843D 2025-04-22 01:57:54.883609

[5 rows x 5 columns]
[2025-04-22T01:57:54.906+0000] {cursor.py:1028} INFO - query: [SELECT * FROM MBTA_ROUTES WHERE ROUTE_ID IN ('Red','Mattapan','Orange','Green-B'...]
[2025-04-22T01:57:55.066+0000] {cursor.py:1041} INFO - query execution done
[2025-04-22T01:57:55.070+0000] {cursor.py:1205} INFO - Number of results in first chunk: 0
[2025-04-22T01:57:55.557+0000] {mbta_kafka_consumer.py:104} INFO - 🔁 0 new/updated records out of 178 incoming records (some may be duplicate VEHICLE_IDs) for MBTA_ROUTES
[2025-04-22T01:57:55.559+0000] {mbta_kafka_consumer.py:107} INFO - ✅ All 178 records already up-to-date in MBTA_ROUTES, no merge needed.
[2025-04-22T01:57:55.560+0000] {mbta_kafka_consumer.py:233} INFO - 📥 Received 178 records from topic: mbta_routes
[2025-04-22T01:57:55.581+0000] {mbta_kafka_consumer.py:56} INFO - 🔍 Sample data for MBTA_ROUTES:
[2025-04-22T01:57:55.582+0000] {mbta_kafka_consumer.py:57} INFO - 
   ROUTE_ID        ROUTE_NAME  ...  ROUTE_COLOR                 CREATED_AT
0       Red          Red Line  ...       DA291C 2025-04-22 01:57:55.561301
1  Mattapan  Mattapan Trolley  ...       DA291C 2025-04-22 01:57:55.561313
2    Orange       Orange Line  ...       ED8B00 2025-04-22 01:57:55.561334
3   Green-B      Green Line B  ...       00843D 2025-04-22 01:57:55.561340
4   Green-C      Green Line C  ...       00843D 2025-04-22 01:57:55.561342

[5 rows x 5 columns]
[2025-04-22T01:57:55.609+0000] {cursor.py:1028} INFO - query: [SELECT * FROM MBTA_ROUTES WHERE ROUTE_ID IN ('Red','Mattapan','Orange','Green-B'...]
[2025-04-22T01:57:55.962+0000] {cursor.py:1041} INFO - query execution done
[2025-04-22T01:57:55.965+0000] {cursor.py:1205} INFO - Number of results in first chunk: 0
[2025-04-22T01:57:56.426+0000] {mbta_kafka_consumer.py:104} INFO - 🔁 0 new/updated records out of 178 incoming records (some may be duplicate VEHICLE_IDs) for MBTA_ROUTES
[2025-04-22T01:57:56.428+0000] {mbta_kafka_consumer.py:107} INFO - ✅ All 178 records already up-to-date in MBTA_ROUTES, no merge needed.
[2025-04-22T01:57:56.429+0000] {mbta_kafka_consumer.py:233} INFO - 📥 Received 178 records from topic: mbta_routes
[2025-04-22T01:57:56.433+0000] {mbta_kafka_consumer.py:56} INFO - 🔍 Sample data for MBTA_ROUTES:
[2025-04-22T01:57:56.434+0000] {mbta_kafka_consumer.py:57} INFO - 
   ROUTE_ID        ROUTE_NAME  ...  ROUTE_COLOR                 CREATED_AT
0       Red          Red Line  ...       DA291C 2025-04-22 01:57:56.429366
1  Mattapan  Mattapan Trolley  ...       DA291C 2025-04-22 01:57:56.429376
2    Orange       Orange Line  ...       ED8B00 2025-04-22 01:57:56.429378
3   Green-B      Green Line B  ...       00843D 2025-04-22 01:57:56.429396
4   Green-C      Green Line C  ...       00843D 2025-04-22 01:57:56.429399

[5 rows x 5 columns]
[2025-04-22T01:57:56.447+0000] {cursor.py:1028} INFO - query: [SELECT * FROM MBTA_ROUTES WHERE ROUTE_ID IN ('Red','Mattapan','Orange','Green-B'...]
[2025-04-22T01:57:56.646+0000] {cursor.py:1041} INFO - query execution done
[2025-04-22T01:57:56.653+0000] {cursor.py:1205} INFO - Number of results in first chunk: 0
[2025-04-22T01:57:57.002+0000] {mbta_kafka_consumer.py:104} INFO - 🔁 0 new/updated records out of 178 incoming records (some may be duplicate VEHICLE_IDs) for MBTA_ROUTES
[2025-04-22T01:57:57.004+0000] {mbta_kafka_consumer.py:107} INFO - ✅ All 178 records already up-to-date in MBTA_ROUTES, no merge needed.
[2025-04-22T01:57:57.005+0000] {mbta_kafka_consumer.py:233} INFO - 📥 Received 1000 records from topic: mbta_stops
[2025-04-22T01:57:57.026+0000] {mbta_kafka_consumer.py:56} INFO - 🔍 Sample data for MBTA_STOPS:
[2025-04-22T01:57:57.028+0000] {mbta_kafka_consumer.py:57} INFO - 
          STOP_ID  ...                 CREATED_AT
0            5682  ... 2025-04-22 01:57:57.006389
1           50620  ... 2025-04-22 01:57:57.006393
2  node-417-lobby  ... 2025-04-22 01:57:57.006395
3            4042  ... 2025-04-22 01:57:57.006413
4          109822  ... 2025-04-22 01:57:57.006415

[5 rows x 5 columns]
[2025-04-22T01:57:57.041+0000] {cursor.py:1028} INFO - query: [SELECT * FROM MBTA_STOPS WHERE STOP_ID IN ('5682','50620','node-417-lobby','4042...]
[2025-04-22T01:57:57.217+0000] {cursor.py:1041} INFO - query execution done
[2025-04-22T01:57:57.219+0000] {cursor.py:1205} INFO - Number of results in first chunk: 0
[2025-04-22T01:57:57.910+0000] {mbta_kafka_consumer.py:104} INFO - 🔁 0 new/updated records out of 1000 incoming records (some may be duplicate VEHICLE_IDs) for MBTA_STOPS
[2025-04-22T01:57:57.911+0000] {mbta_kafka_consumer.py:107} INFO - ✅ All 1000 records already up-to-date in MBTA_STOPS, no merge needed.
[2025-04-22T01:57:57.912+0000] {mbta_kafka_consumer.py:233} INFO - 📥 Received 20 records from topic: mbta_predictions
[2025-04-22T01:57:57.920+0000] {mbta_kafka_consumer.py:56} INFO - 🔍 Sample data for MBTA_PREDICTIONS:
[2025-04-22T01:57:57.920+0000] {mbta_kafka_consumer.py:57} INFO - 
                       PREDICTION_ID ROUTE_ID  ... STATUS                 CREATED_AT
0   prediction-67995073-70079-90-Red      Red  ...   None 2025-04-22 01:57:57.912632
1  prediction-67995090-70080-130-Red      Red  ...   None 2025-04-22 01:57:57.912665
2   prediction-67995075-70079-90-Red      Red  ...   None 2025-04-22 01:57:57.912672
3  prediction-67995094-70080-130-Red      Red  ...   None 2025-04-22 01:57:57.912689
4   prediction-67995077-70079-90-Red      Red  ...   None 2025-04-22 01:57:57.912692

[5 rows x 9 columns]
[2025-04-22T01:57:57.932+0000] {cursor.py:1028} INFO - query: [SELECT * FROM MBTA_PREDICTIONS WHERE PREDICTION_ID IN ('prediction-67995073-7007...]
[2025-04-22T01:57:58.138+0000] {cursor.py:1041} INFO - query execution done
[2025-04-22T01:57:58.144+0000] {cursor.py:1205} INFO - Number of results in first chunk: 20
[2025-04-22T01:57:58.156+0000] {mbta_kafka_consumer.py:104} INFO - 🔁 20 new/updated records out of 20 incoming records (some may be duplicate VEHICLE_IDs) for MBTA_PREDICTIONS
[2025-04-22T01:57:58.157+0000] {cursor.py:1028} INFO - query: [MERGE INTO MBTA_PREDICTIONS AS target USING (SELECT 'prediction-67995073-70079-9...]
[2025-04-22T01:58:00.262+0000] {cursor.py:1041} INFO - query execution done
[2025-04-22T01:58:00.266+0000] {cursor.py:1028} INFO - query: [MERGE INTO MBTA_PREDICTIONS AS target USING (SELECT 'prediction-67995090-70080-1...]
[2025-04-22T01:58:02.520+0000] {cursor.py:1041} INFO - query execution done
[2025-04-22T01:58:02.547+0000] {cursor.py:1028} INFO - query: [MERGE INTO MBTA_PREDICTIONS AS target USING (SELECT 'prediction-67995075-70079-9...]
[2025-04-22T01:58:04.372+0000] {cursor.py:1041} INFO - query execution done
[2025-04-22T01:58:04.382+0000] {cursor.py:1028} INFO - query: [MERGE INTO MBTA_PREDICTIONS AS target USING (SELECT 'prediction-67995094-70080-1...]
[2025-04-22T01:58:06.784+0000] {cursor.py:1041} INFO - query execution done
[2025-04-22T01:58:06.795+0000] {cursor.py:1028} INFO - query: [MERGE INTO MBTA_PREDICTIONS AS target USING (SELECT 'prediction-67995077-70079-9...]
[2025-04-22T01:58:09.474+0000] {cursor.py:1041} INFO - query execution done
[2025-04-22T01:58:09.477+0000] {cursor.py:1028} INFO - query: [MERGE INTO MBTA_PREDICTIONS AS target USING (SELECT 'prediction-67995098-70080-1...]
[2025-04-22T01:58:12.160+0000] {cursor.py:1041} INFO - query execution done
[2025-04-22T01:58:12.161+0000] {cursor.py:1028} INFO - query: [MERGE INTO MBTA_PREDICTIONS AS target USING (SELECT 'prediction-67995079-70079-9...]
[2025-04-22T01:58:15.637+0000] {cursor.py:1041} INFO - query execution done
[2025-04-22T01:58:15.787+0000] {cursor.py:1028} INFO - query: [MERGE INTO MBTA_PREDICTIONS AS target USING (SELECT 'prediction-67995081-70079-9...]
[2025-04-22T01:58:18.688+0000] {cursor.py:1041} INFO - query execution done
[2025-04-22T01:58:18.697+0000] {cursor.py:1028} INFO - query: [MERGE INTO MBTA_PREDICTIONS AS target USING (SELECT 'prediction-67995102-70080-1...]
[2025-04-22T01:58:21.910+0000] {cursor.py:1041} INFO - query execution done
[2025-04-22T01:58:21.915+0000] {cursor.py:1028} INFO - query: [MERGE INTO MBTA_PREDICTIONS AS target USING (SELECT 'prediction-67995083-70079-9...]
[2025-04-22T01:58:25.568+0000] {cursor.py:1041} INFO - query execution done
[2025-04-22T01:58:25.571+0000] {cursor.py:1028} INFO - query: [MERGE INTO MBTA_PREDICTIONS AS target USING (SELECT 'prediction-ADDED-1582319672...]
[2025-04-22T01:58:28.583+0000] {cursor.py:1041} INFO - query execution done
[2025-04-22T01:58:28.588+0000] {cursor.py:1028} INFO - query: [MERGE INTO MBTA_PREDICTIONS AS target USING (SELECT 'prediction-67995087-70079-9...]
[2025-04-22T01:58:31.507+0000] {cursor.py:1041} INFO - query execution done
[2025-04-22T01:58:31.513+0000] {cursor.py:1028} INFO - query: [MERGE INTO MBTA_PREDICTIONS AS target USING (SELECT 'prediction-67995110-70080-1...]
[2025-04-22T01:58:35.022+0000] {cursor.py:1041} INFO - query execution done
[2025-04-22T01:58:35.033+0000] {cursor.py:1028} INFO - query: [MERGE INTO MBTA_PREDICTIONS AS target USING (SELECT 'prediction-67995091-70079-9...]
[2025-04-22T01:58:37.965+0000] {cursor.py:1041} INFO - query execution done
[2025-04-22T01:58:37.971+0000] {cursor.py:1028} INFO - query: [MERGE INTO MBTA_PREDICTIONS AS target USING (SELECT 'prediction-67995095-70079-9...]
[2025-04-22T01:58:41.159+0000] {cursor.py:1041} INFO - query execution done
[2025-04-22T01:58:41.163+0000] {cursor.py:1028} INFO - query: [MERGE INTO MBTA_PREDICTIONS AS target USING (SELECT 'prediction-67995118-70080-1...]
[2025-04-22T01:58:44.761+0000] {cursor.py:1041} INFO - query execution done
[2025-04-22T01:58:44.766+0000] {cursor.py:1028} INFO - query: [MERGE INTO MBTA_PREDICTIONS AS target USING (SELECT 'prediction-67995099-70079-9...]
[2025-04-22T01:58:48.507+0000] {cursor.py:1041} INFO - query execution done
[2025-04-22T01:58:48.509+0000] {cursor.py:1028} INFO - query: [MERGE INTO MBTA_PREDICTIONS AS target USING (SELECT 'prediction-67995122-70080-1...]
[2025-04-22T01:58:52.107+0000] {cursor.py:1041} INFO - query execution done
[2025-04-22T01:58:52.110+0000] {cursor.py:1028} INFO - query: [MERGE INTO MBTA_PREDICTIONS AS target USING (SELECT 'prediction-67995103-70079-9...]
[2025-04-22T01:58:55.294+0000] {cursor.py:1041} INFO - query execution done
[2025-04-22T01:58:55.299+0000] {cursor.py:1028} INFO - query: [MERGE INTO MBTA_PREDICTIONS AS target USING (SELECT 'prediction-67995113-70080-1...]
[2025-04-22T01:58:58.232+0000] {cursor.py:1041} INFO - query execution done
[2025-04-22T01:58:58.236+0000] {cursor.py:1028} INFO - query: [COMMIT]
[2025-04-22T01:58:58.429+0000] {cursor.py:1041} INFO - query execution done
[2025-04-22T01:58:58.430+0000] {cursor.py:1205} INFO - Number of results in first chunk: 1
[2025-04-22T01:58:58.431+0000] {mbta_kafka_consumer.py:139} INFO - ✅ Merged 20 new/changed records into Snowflake table: MBTA_PREDICTIONS in 60.50 seconds
[2025-04-22T01:58:58.435+0000] {mbta_kafka_consumer.py:233} INFO - 📥 Received 20 records from topic: mbta_predictions
[2025-04-22T01:58:58.534+0000] {mbta_kafka_consumer.py:56} INFO - 🔍 Sample data for MBTA_PREDICTIONS:
[2025-04-22T01:58:58.535+0000] {mbta_kafka_consumer.py:57} INFO - 
                       PREDICTION_ID ROUTE_ID  ... STATUS                 CREATED_AT
0   prediction-67995073-70079-90-Red      Red  ...   None 2025-04-22 01:58:58.436614
1  prediction-67995090-70080-130-Red      Red  ...   None 2025-04-22 01:58:58.436633
2   prediction-67995075-70079-90-Red      Red  ...   None 2025-04-22 01:58:58.436808
3  prediction-67995094-70080-130-Red      Red  ...   None 2025-04-22 01:58:58.436810
4   prediction-67995077-70079-90-Red      Red  ...   None 2025-04-22 01:58:58.436823

[5 rows x 9 columns]
[2025-04-22T01:58:58.556+0000] {cursor.py:1028} INFO - query: [SELECT * FROM MBTA_PREDICTIONS WHERE PREDICTION_ID IN ('prediction-67995073-7007...]
[2025-04-22T01:58:58.735+0000] {cursor.py:1041} INFO - query execution done
[2025-04-22T01:58:58.735+0000] {cursor.py:1205} INFO - Number of results in first chunk: 20
[2025-04-22T01:58:58.757+0000] {mbta_kafka_consumer.py:104} INFO - 🔁 20 new/updated records out of 20 incoming records (some may be duplicate VEHICLE_IDs) for MBTA_PREDICTIONS
[2025-04-22T01:58:58.758+0000] {cursor.py:1028} INFO - query: [MERGE INTO MBTA_PREDICTIONS AS target USING (SELECT 'prediction-67995073-70079-9...]
[2025-04-22T01:59:01.966+0000] {cursor.py:1041} INFO - query execution done
[2025-04-22T01:59:01.971+0000] {cursor.py:1028} INFO - query: [MERGE INTO MBTA_PREDICTIONS AS target USING (SELECT 'prediction-67995090-70080-1...]
[2025-04-22T01:59:05.254+0000] {cursor.py:1041} INFO - query execution done
[2025-04-22T01:59:05.257+0000] {cursor.py:1028} INFO - query: [MERGE INTO MBTA_PREDICTIONS AS target USING (SELECT 'prediction-67995075-70079-9...]
[2025-04-22T01:59:07.901+0000] {cursor.py:1041} INFO - query execution done
[2025-04-22T01:59:07.907+0000] {cursor.py:1028} INFO - query: [MERGE INTO MBTA_PREDICTIONS AS target USING (SELECT 'prediction-67995094-70080-1...]
[2025-04-22T01:59:11.645+0000] {cursor.py:1041} INFO - query execution done
[2025-04-22T01:59:11.650+0000] {cursor.py:1028} INFO - query: [MERGE INTO MBTA_PREDICTIONS AS target USING (SELECT 'prediction-67995077-70079-9...]
[2025-04-22T01:59:15.203+0000] {cursor.py:1041} INFO - query execution done
[2025-04-22T01:59:15.208+0000] {cursor.py:1028} INFO - query: [MERGE INTO MBTA_PREDICTIONS AS target USING (SELECT 'prediction-67995098-70080-1...]
[2025-04-22T01:59:18.516+0000] {cursor.py:1041} INFO - query execution done
[2025-04-22T01:59:18.518+0000] {cursor.py:1028} INFO - query: [MERGE INTO MBTA_PREDICTIONS AS target USING (SELECT 'prediction-67995079-70079-9...]
[2025-04-22T01:59:21.618+0000] {cursor.py:1041} INFO - query execution done
[2025-04-22T01:59:21.622+0000] {cursor.py:1028} INFO - query: [MERGE INTO MBTA_PREDICTIONS AS target USING (SELECT 'prediction-67995081-70079-9...]
[2025-04-22T01:59:25.276+0000] {cursor.py:1041} INFO - query execution done
[2025-04-22T01:59:25.278+0000] {cursor.py:1028} INFO - query: [MERGE INTO MBTA_PREDICTIONS AS target USING (SELECT 'prediction-67995102-70080-1...]
[2025-04-22T01:59:28.663+0000] {cursor.py:1041} INFO - query execution done
[2025-04-22T01:59:28.664+0000] {cursor.py:1028} INFO - query: [MERGE INTO MBTA_PREDICTIONS AS target USING (SELECT 'prediction-67995083-70079-9...]
[2025-04-22T01:59:32.043+0000] {cursor.py:1041} INFO - query execution done
[2025-04-22T01:59:32.048+0000] {cursor.py:1028} INFO - query: [MERGE INTO MBTA_PREDICTIONS AS target USING (SELECT 'prediction-ADDED-1582319672...]
[2025-04-22T01:59:35.530+0000] {cursor.py:1041} INFO - query execution done
[2025-04-22T01:59:35.533+0000] {cursor.py:1028} INFO - query: [MERGE INTO MBTA_PREDICTIONS AS target USING (SELECT 'prediction-67995087-70079-9...]
[2025-04-22T01:59:38.722+0000] {cursor.py:1041} INFO - query execution done
[2025-04-22T01:59:38.727+0000] {cursor.py:1028} INFO - query: [MERGE INTO MBTA_PREDICTIONS AS target USING (SELECT 'prediction-67995110-70080-1...]
[2025-04-22T01:59:41.961+0000] {cursor.py:1041} INFO - query execution done
[2025-04-22T01:59:41.964+0000] {cursor.py:1028} INFO - query: [MERGE INTO MBTA_PREDICTIONS AS target USING (SELECT 'prediction-67995091-70079-9...]
[2025-04-22T01:59:44.895+0000] {cursor.py:1041} INFO - query execution done
[2025-04-22T01:59:44.899+0000] {cursor.py:1028} INFO - query: [MERGE INTO MBTA_PREDICTIONS AS target USING (SELECT 'prediction-67995095-70079-9...]
[2025-04-22T01:59:48.027+0000] {cursor.py:1041} INFO - query execution done
[2025-04-22T01:59:48.034+0000] {cursor.py:1028} INFO - query: [MERGE INTO MBTA_PREDICTIONS AS target USING (SELECT 'prediction-67995118-70080-1...]
[2025-04-22T01:59:51.456+0000] {cursor.py:1041} INFO - query execution done
[2025-04-22T01:59:51.459+0000] {cursor.py:1028} INFO - query: [MERGE INTO MBTA_PREDICTIONS AS target USING (SELECT 'prediction-67995099-70079-9...]
[2025-04-22T01:59:54.257+0000] {cursor.py:1041} INFO - query execution done
[2025-04-22T01:59:54.259+0000] {cursor.py:1028} INFO - query: [MERGE INTO MBTA_PREDICTIONS AS target USING (SELECT 'prediction-67995122-70080-1...]
[2025-04-22T01:59:57.636+0000] {cursor.py:1041} INFO - query execution done
[2025-04-22T01:59:57.637+0000] {cursor.py:1028} INFO - query: [MERGE INTO MBTA_PREDICTIONS AS target USING (SELECT 'prediction-67995103-70079-9...]
[2025-04-22T02:00:01.075+0000] {cursor.py:1041} INFO - query execution done
[2025-04-22T02:00:01.078+0000] {cursor.py:1028} INFO - query: [MERGE INTO MBTA_PREDICTIONS AS target USING (SELECT 'prediction-67995113-70080-1...]
[2025-04-22T02:00:04.006+0000] {cursor.py:1041} INFO - query execution done
[2025-04-22T02:00:04.017+0000] {cursor.py:1028} INFO - query: [COMMIT]
[2025-04-22T02:00:04.164+0000] {cursor.py:1041} INFO - query execution done
[2025-04-22T02:00:04.165+0000] {cursor.py:1205} INFO - Number of results in first chunk: 1
[2025-04-22T02:00:04.167+0000] {mbta_kafka_consumer.py:139} INFO - ✅ Merged 20 new/changed records into Snowflake table: MBTA_PREDICTIONS in 65.61 seconds
[2025-04-22T02:00:04.178+0000] {mbta_kafka_consumer.py:233} INFO - 📥 Received 19 records from topic: mbta_predictions
[2025-04-22T02:00:04.239+0000] {mbta_kafka_consumer.py:56} INFO - 🔍 Sample data for MBTA_PREDICTIONS:
[2025-04-22T02:00:04.244+0000] {mbta_kafka_consumer.py:57} INFO - 
                       PREDICTION_ID ROUTE_ID  ... STATUS                 CREATED_AT
0  prediction-67995090-70080-130-Red      Red  ...   None 2025-04-22 02:00:04.179612
1   prediction-67995075-70079-90-Red      Red  ...   None 2025-04-22 02:00:04.179636
2  prediction-67995094-70080-130-Red      Red  ...   None 2025-04-22 02:00:04.179639
3   prediction-67995077-70079-90-Red      Red  ...   None 2025-04-22 02:00:04.179641
4  prediction-67995098-70080-130-Red      Red  ...   None 2025-04-22 02:00:04.179642

[5 rows x 9 columns]
[2025-04-22T02:00:04.295+0000] {cursor.py:1028} INFO - query: [SELECT * FROM MBTA_PREDICTIONS WHERE PREDICTION_ID IN ('prediction-67995090-7008...]
[2025-04-22T02:00:04.545+0000] {cursor.py:1041} INFO - query execution done
[2025-04-22T02:00:04.559+0000] {cursor.py:1205} INFO - Number of results in first chunk: 19
[2025-04-22T02:00:04.965+0000] {mbta_kafka_consumer.py:104} INFO - 🔁 19 new/updated records out of 19 incoming records (some may be duplicate VEHICLE_IDs) for MBTA_PREDICTIONS
[2025-04-22T02:00:04.998+0000] {cursor.py:1028} INFO - query: [MERGE INTO MBTA_PREDICTIONS AS target USING (SELECT 'prediction-67995090-70080-1...]
[2025-04-22T02:00:08.472+0000] {cursor.py:1041} INFO - query execution done
[2025-04-22T02:00:08.475+0000] {cursor.py:1028} INFO - query: [MERGE INTO MBTA_PREDICTIONS AS target USING (SELECT 'prediction-67995075-70079-9...]
[2025-04-22T02:00:11.547+0000] {cursor.py:1041} INFO - query execution done
[2025-04-22T02:00:11.552+0000] {cursor.py:1028} INFO - query: [MERGE INTO MBTA_PREDICTIONS AS target USING (SELECT 'prediction-67995094-70080-1...]
[2025-04-22T02:00:16.389+0000] {cursor.py:1041} INFO - query execution done
[2025-04-22T02:00:16.398+0000] {cursor.py:1028} INFO - query: [MERGE INTO MBTA_PREDICTIONS AS target USING (SELECT 'prediction-67995077-70079-9...]
[2025-04-22T02:00:21.406+0000] {cursor.py:1041} INFO - query execution done
[2025-04-22T02:00:21.411+0000] {cursor.py:1028} INFO - query: [MERGE INTO MBTA_PREDICTIONS AS target USING (SELECT 'prediction-67995098-70080-1...]
[2025-04-22T02:00:25.799+0000] {cursor.py:1041} INFO - query execution done
[2025-04-22T02:00:25.848+0000] {cursor.py:1028} INFO - query: [MERGE INTO MBTA_PREDICTIONS AS target USING (SELECT 'prediction-67995079-70079-9...]
[2025-04-22T02:00:30.109+0000] {cursor.py:1041} INFO - query execution done
[2025-04-22T02:00:30.122+0000] {cursor.py:1028} INFO - query: [MERGE INTO MBTA_PREDICTIONS AS target USING (SELECT 'prediction-67995081-70079-9...]
[2025-04-22T02:00:35.341+0000] {cursor.py:1041} INFO - query execution done
[2025-04-22T02:00:35.345+0000] {cursor.py:1028} INFO - query: [MERGE INTO MBTA_PREDICTIONS AS target USING (SELECT 'prediction-67995102-70080-1...]
[2025-04-22T02:00:39.205+0000] {cursor.py:1041} INFO - query execution done
[2025-04-22T02:00:39.207+0000] {cursor.py:1028} INFO - query: [MERGE INTO MBTA_PREDICTIONS AS target USING (SELECT 'prediction-67995083-70079-9...]
[2025-04-22T02:00:42.791+0000] {cursor.py:1041} INFO - query execution done
[2025-04-22T02:00:42.798+0000] {cursor.py:1028} INFO - query: [MERGE INTO MBTA_PREDICTIONS AS target USING (SELECT 'prediction-ADDED-1582319672...]
[2025-04-22T02:00:47.601+0000] {cursor.py:1041} INFO - query execution done
[2025-04-22T02:00:47.601+0000] {cursor.py:1028} INFO - query: [MERGE INTO MBTA_PREDICTIONS AS target USING (SELECT 'prediction-67995087-70079-9...]
[2025-04-22T02:00:51.289+0000] {cursor.py:1041} INFO - query execution done
[2025-04-22T02:00:51.290+0000] {cursor.py:1028} INFO - query: [MERGE INTO MBTA_PREDICTIONS AS target USING (SELECT 'prediction-67995110-70080-1...]
[2025-04-22T02:00:55.895+0000] {cursor.py:1041} INFO - query execution done
[2025-04-22T02:00:55.895+0000] {cursor.py:1028} INFO - query: [MERGE INTO MBTA_PREDICTIONS AS target USING (SELECT 'prediction-67995091-70079-9...]
[2025-04-22T02:00:59.539+0000] {cursor.py:1041} INFO - query execution done
[2025-04-22T02:00:59.541+0000] {cursor.py:1028} INFO - query: [MERGE INTO MBTA_PREDICTIONS AS target USING (SELECT 'prediction-67995095-70079-9...]
[2025-04-22T02:01:03.066+0000] {cursor.py:1041} INFO - query execution done
[2025-04-22T02:01:03.066+0000] {cursor.py:1028} INFO - query: [MERGE INTO MBTA_PREDICTIONS AS target USING (SELECT 'prediction-67995118-70080-1...]
[2025-04-22T02:01:06.866+0000] {cursor.py:1041} INFO - query execution done
[2025-04-22T02:01:06.994+0000] {cursor.py:1028} INFO - query: [MERGE INTO MBTA_PREDICTIONS AS target USING (SELECT 'prediction-67995099-70079-9...]
[2025-04-22T02:01:10.955+0000] {cursor.py:1041} INFO - query execution done
[2025-04-22T02:01:10.956+0000] {cursor.py:1028} INFO - query: [MERGE INTO MBTA_PREDICTIONS AS target USING (SELECT 'prediction-67995122-70080-1...]
[2025-04-22T02:01:14.958+0000] {cursor.py:1041} INFO - query execution done
[2025-04-22T02:01:14.964+0000] {cursor.py:1028} INFO - query: [MERGE INTO MBTA_PREDICTIONS AS target USING (SELECT 'prediction-67995103-70079-9...]
[2025-04-22T02:01:19.890+0000] {cursor.py:1041} INFO - query execution done
[2025-04-22T02:01:19.899+0000] {cursor.py:1028} INFO - query: [MERGE INTO MBTA_PREDICTIONS AS target USING (SELECT 'prediction-67995113-70080-1...]
[2025-04-22T02:01:23.971+0000] {cursor.py:1041} INFO - query execution done
[2025-04-22T02:01:23.974+0000] {cursor.py:1028} INFO - query: [COMMIT]
[2025-04-22T02:01:24.119+0000] {cursor.py:1041} INFO - query execution done
[2025-04-22T02:01:24.121+0000] {cursor.py:1205} INFO - Number of results in first chunk: 1
[2025-04-22T02:01:24.122+0000] {mbta_kafka_consumer.py:139} INFO - ✅ Merged 19 new/changed records into Snowflake table: MBTA_PREDICTIONS in 79.83 seconds
[2025-04-22T02:01:24.126+0000] {mbta_kafka_consumer.py:233} INFO - 📥 Received 19 records from topic: mbta_predictions
[2025-04-22T02:01:24.146+0000] {mbta_kafka_consumer.py:56} INFO - 🔍 Sample data for MBTA_PREDICTIONS:
[2025-04-22T02:01:24.147+0000] {mbta_kafka_consumer.py:57} INFO - 
                       PREDICTION_ID ROUTE_ID  ... STATUS                 CREATED_AT
0  prediction-67995090-70080-130-Red      Red  ...   None 2025-04-22 02:01:24.127330
1   prediction-67995075-70079-90-Red      Red  ...   None 2025-04-22 02:01:24.127343
2  prediction-67995094-70080-130-Red      Red  ...   None 2025-04-22 02:01:24.127350
3   prediction-67995077-70079-90-Red      Red  ...   None 2025-04-22 02:01:24.127352
4  prediction-67995098-70080-130-Red      Red  ...   None 2025-04-22 02:01:24.127357

[5 rows x 9 columns]
[2025-04-22T02:01:24.160+0000] {cursor.py:1028} INFO - query: [SELECT * FROM MBTA_PREDICTIONS WHERE PREDICTION_ID IN ('prediction-67995090-7008...]
[2025-04-22T02:01:24.464+0000] {cursor.py:1041} INFO - query execution done
[2025-04-22T02:01:24.465+0000] {cursor.py:1205} INFO - Number of results in first chunk: 19
[2025-04-22T02:01:24.489+0000] {mbta_kafka_consumer.py:104} INFO - 🔁 19 new/updated records out of 19 incoming records (some may be duplicate VEHICLE_IDs) for MBTA_PREDICTIONS
[2025-04-22T02:01:24.490+0000] {cursor.py:1028} INFO - query: [MERGE INTO MBTA_PREDICTIONS AS target USING (SELECT 'prediction-67995090-70080-1...]
[2025-04-22T02:01:28.457+0000] {cursor.py:1041} INFO - query execution done
[2025-04-22T02:01:28.460+0000] {cursor.py:1028} INFO - query: [MERGE INTO MBTA_PREDICTIONS AS target USING (SELECT 'prediction-67995075-70079-9...]
[2025-04-22T02:01:32.047+0000] {cursor.py:1041} INFO - query execution done
[2025-04-22T02:01:32.055+0000] {cursor.py:1028} INFO - query: [MERGE INTO MBTA_PREDICTIONS AS target USING (SELECT 'prediction-67995094-70080-1...]
[2025-04-22T02:01:35.989+0000] {cursor.py:1041} INFO - query execution done
[2025-04-22T02:01:35.993+0000] {cursor.py:1028} INFO - query: [MERGE INTO MBTA_PREDICTIONS AS target USING (SELECT 'prediction-67995077-70079-9...]
[2025-04-22T02:01:40.591+0000] {cursor.py:1041} INFO - query execution done
[2025-04-22T02:01:40.599+0000] {cursor.py:1028} INFO - query: [MERGE INTO MBTA_PREDICTIONS AS target USING (SELECT 'prediction-67995098-70080-1...]
[2025-04-22T02:01:44.708+0000] {cursor.py:1041} INFO - query execution done
[2025-04-22T02:01:44.713+0000] {cursor.py:1028} INFO - query: [MERGE INTO MBTA_PREDICTIONS AS target USING (SELECT 'prediction-67995079-70079-9...]
[2025-04-22T02:01:48.435+0000] {cursor.py:1041} INFO - query execution done
[2025-04-22T02:01:48.437+0000] {cursor.py:1028} INFO - query: [MERGE INTO MBTA_PREDICTIONS AS target USING (SELECT 'prediction-67995081-70079-9...]
[2025-04-22T02:01:51.808+0000] {cursor.py:1041} INFO - query execution done
[2025-04-22T02:01:51.810+0000] {cursor.py:1028} INFO - query: [MERGE INTO MBTA_PREDICTIONS AS target USING (SELECT 'prediction-67995102-70080-1...]
[2025-04-22T02:01:55.404+0000] {cursor.py:1041} INFO - query execution done
[2025-04-22T02:01:55.409+0000] {cursor.py:1028} INFO - query: [MERGE INTO MBTA_PREDICTIONS AS target USING (SELECT 'prediction-67995083-70079-9...]
[2025-04-22T02:01:58.962+0000] {cursor.py:1041} INFO - query execution done
[2025-04-22T02:01:58.970+0000] {cursor.py:1028} INFO - query: [MERGE INTO MBTA_PREDICTIONS AS target USING (SELECT 'prediction-ADDED-1582319672...]
[2025-04-22T02:02:03.395+0000] {cursor.py:1041} INFO - query execution done
[2025-04-22T02:02:03.399+0000] {cursor.py:1028} INFO - query: [MERGE INTO MBTA_PREDICTIONS AS target USING (SELECT 'prediction-67995087-70079-9...]
[2025-04-22T02:02:07.389+0000] {cursor.py:1041} INFO - query execution done
[2025-04-22T02:02:07.393+0000] {cursor.py:1028} INFO - query: [MERGE INTO MBTA_PREDICTIONS AS target USING (SELECT 'prediction-67995110-70080-1...]
[2025-04-22T02:02:11.021+0000] {cursor.py:1041} INFO - query execution done
[2025-04-22T02:02:11.036+0000] {cursor.py:1028} INFO - query: [MERGE INTO MBTA_PREDICTIONS AS target USING (SELECT 'prediction-67995091-70079-9...]
[2025-04-22T02:02:14.951+0000] {cursor.py:1041} INFO - query execution done
[2025-04-22T02:02:14.958+0000] {cursor.py:1028} INFO - query: [MERGE INTO MBTA_PREDICTIONS AS target USING (SELECT 'prediction-67995095-70079-9...]
[2025-04-22T02:02:19.790+0000] {cursor.py:1041} INFO - query execution done
[2025-04-22T02:02:19.796+0000] {cursor.py:1028} INFO - query: [MERGE INTO MBTA_PREDICTIONS AS target USING (SELECT 'prediction-67995118-70080-1...]
[2025-04-22T02:02:24.500+0000] {cursor.py:1041} INFO - query execution done
[2025-04-22T02:02:24.512+0000] {cursor.py:1028} INFO - query: [MERGE INTO MBTA_PREDICTIONS AS target USING (SELECT 'prediction-67995099-70079-9...]
[2025-04-22T02:02:27.991+0000] {cursor.py:1041} INFO - query execution done
[2025-04-22T02:02:27.992+0000] {cursor.py:1028} INFO - query: [MERGE INTO MBTA_PREDICTIONS AS target USING (SELECT 'prediction-67995122-70080-1...]
[2025-04-22T02:02:32.259+0000] {cursor.py:1041} INFO - query execution done
[2025-04-22T02:02:32.261+0000] {cursor.py:1028} INFO - query: [MERGE INTO MBTA_PREDICTIONS AS target USING (SELECT 'prediction-67995103-70079-9...]
[2025-04-22T02:02:36.318+0000] {cursor.py:1041} INFO - query execution done
[2025-04-22T02:02:36.325+0000] {cursor.py:1028} INFO - query: [MERGE INTO MBTA_PREDICTIONS AS target USING (SELECT 'prediction-67995113-70080-1...]
[2025-04-22T02:02:41.065+0000] {cursor.py:1041} INFO - query execution done
[2025-04-22T02:02:41.067+0000] {cursor.py:1028} INFO - query: [COMMIT]
[2025-04-22T02:02:41.277+0000] {cursor.py:1041} INFO - query execution done
[2025-04-22T02:02:41.278+0000] {cursor.py:1205} INFO - Number of results in first chunk: 1
[2025-04-22T02:02:41.278+0000] {mbta_kafka_consumer.py:139} INFO - ✅ Merged 19 new/changed records into Snowflake table: MBTA_PREDICTIONS in 77.12 seconds
[2025-04-22T02:02:41.281+0000] {mbta_kafka_consumer.py:233} INFO - 📥 Received 19 records from topic: mbta_predictions
[2025-04-22T02:02:41.307+0000] {mbta_kafka_consumer.py:56} INFO - 🔍 Sample data for MBTA_PREDICTIONS:
[2025-04-22T02:02:41.308+0000] {mbta_kafka_consumer.py:57} INFO - 
                       PREDICTION_ID ROUTE_ID  ... STATUS                 CREATED_AT
0  prediction-67995090-70080-130-Red      Red  ...   None 2025-04-22 02:02:41.282180
1   prediction-67995075-70079-90-Red      Red  ...   None 2025-04-22 02:02:41.282222
2  prediction-67995094-70080-130-Red      Red  ...   None 2025-04-22 02:02:41.282225
3   prediction-67995077-70079-90-Red      Red  ...   None 2025-04-22 02:02:41.282227
4  prediction-67995098-70080-130-Red      Red  ...   None 2025-04-22 02:02:41.282264

[5 rows x 9 columns]
[2025-04-22T02:02:41.319+0000] {cursor.py:1028} INFO - query: [SELECT * FROM MBTA_PREDICTIONS WHERE PREDICTION_ID IN ('prediction-67995090-7008...]
[2025-04-22T02:02:41.508+0000] {cursor.py:1041} INFO - query execution done
[2025-04-22T02:02:41.509+0000] {cursor.py:1205} INFO - Number of results in first chunk: 19
[2025-04-22T02:02:41.531+0000] {mbta_kafka_consumer.py:104} INFO - 🔁 19 new/updated records out of 19 incoming records (some may be duplicate VEHICLE_IDs) for MBTA_PREDICTIONS
[2025-04-22T02:02:41.532+0000] {cursor.py:1028} INFO - query: [MERGE INTO MBTA_PREDICTIONS AS target USING (SELECT 'prediction-67995090-70080-1...]
[2025-04-22T02:02:45.399+0000] {cursor.py:1041} INFO - query execution done
[2025-04-22T02:02:45.402+0000] {cursor.py:1028} INFO - query: [MERGE INTO MBTA_PREDICTIONS AS target USING (SELECT 'prediction-67995075-70079-9...]
[2025-04-22T02:02:49.104+0000] {cursor.py:1041} INFO - query execution done
[2025-04-22T02:02:49.105+0000] {cursor.py:1028} INFO - query: [MERGE INTO MBTA_PREDICTIONS AS target USING (SELECT 'prediction-67995094-70080-1...]
[2025-04-22T02:02:53.156+0000] {cursor.py:1041} INFO - query execution done
[2025-04-22T02:02:53.160+0000] {cursor.py:1028} INFO - query: [MERGE INTO MBTA_PREDICTIONS AS target USING (SELECT 'prediction-67995077-70079-9...]
[2025-04-22T02:02:57.240+0000] {cursor.py:1041} INFO - query execution done
[2025-04-22T02:02:57.241+0000] {cursor.py:1028} INFO - query: [MERGE INTO MBTA_PREDICTIONS AS target USING (SELECT 'prediction-67995098-70080-1...]
[2025-04-22T02:03:01.162+0000] {cursor.py:1041} INFO - query execution done
[2025-04-22T02:03:01.167+0000] {cursor.py:1028} INFO - query: [MERGE INTO MBTA_PREDICTIONS AS target USING (SELECT 'prediction-67995079-70079-9...]
[2025-04-22T02:03:05.859+0000] {cursor.py:1041} INFO - query execution done
[2025-04-22T02:03:05.864+0000] {cursor.py:1028} INFO - query: [MERGE INTO MBTA_PREDICTIONS AS target USING (SELECT 'prediction-67995081-70079-9...]
[2025-04-22T02:03:10.034+0000] {cursor.py:1041} INFO - query execution done
[2025-04-22T02:03:10.037+0000] {cursor.py:1028} INFO - query: [MERGE INTO MBTA_PREDICTIONS AS target USING (SELECT 'prediction-67995102-70080-1...]
[2025-04-22T02:03:13.855+0000] {cursor.py:1041} INFO - query execution done
[2025-04-22T02:03:13.862+0000] {cursor.py:1028} INFO - query: [MERGE INTO MBTA_PREDICTIONS AS target USING (SELECT 'prediction-67995083-70079-9...]
[2025-04-22T02:03:18.349+0000] {cursor.py:1041} INFO - query execution done
[2025-04-22T02:03:18.353+0000] {cursor.py:1028} INFO - query: [MERGE INTO MBTA_PREDICTIONS AS target USING (SELECT 'prediction-ADDED-1582319672...]
[2025-04-22T02:03:22.123+0000] {cursor.py:1041} INFO - query execution done
[2025-04-22T02:03:22.132+0000] {cursor.py:1028} INFO - query: [MERGE INTO MBTA_PREDICTIONS AS target USING (SELECT 'prediction-67995087-70079-9...]
[2025-04-22T02:03:26.346+0000] {cursor.py:1041} INFO - query execution done
[2025-04-22T02:03:26.350+0000] {cursor.py:1028} INFO - query: [MERGE INTO MBTA_PREDICTIONS AS target USING (SELECT 'prediction-67995110-70080-1...]
[2025-04-22T02:03:30.110+0000] {cursor.py:1041} INFO - query execution done
[2025-04-22T02:03:30.111+0000] {cursor.py:1028} INFO - query: [MERGE INTO MBTA_PREDICTIONS AS target USING (SELECT 'prediction-67995091-70079-9...]
[2025-04-22T02:03:34.309+0000] {cursor.py:1041} INFO - query execution done
[2025-04-22T02:03:34.311+0000] {cursor.py:1028} INFO - query: [MERGE INTO MBTA_PREDICTIONS AS target USING (SELECT 'prediction-67995095-70079-9...]
[2025-04-22T02:03:37.912+0000] {cursor.py:1041} INFO - query execution done
[2025-04-22T02:03:37.917+0000] {cursor.py:1028} INFO - query: [MERGE INTO MBTA_PREDICTIONS AS target USING (SELECT 'prediction-67995118-70080-1...]
[2025-04-22T02:03:42.334+0000] {cursor.py:1041} INFO - query execution done
[2025-04-22T02:03:42.339+0000] {cursor.py:1028} INFO - query: [MERGE INTO MBTA_PREDICTIONS AS target USING (SELECT 'prediction-67995099-70079-9...]
[2025-04-22T02:03:46.002+0000] {cursor.py:1041} INFO - query execution done
[2025-04-22T02:03:46.012+0000] {cursor.py:1028} INFO - query: [MERGE INTO MBTA_PREDICTIONS AS target USING (SELECT 'prediction-67995122-70080-1...]
[2025-04-22T02:03:49.412+0000] {cursor.py:1041} INFO - query execution done
[2025-04-22T02:03:49.415+0000] {cursor.py:1028} INFO - query: [MERGE INTO MBTA_PREDICTIONS AS target USING (SELECT 'prediction-67995103-70079-9...]
[2025-04-22T02:03:53.891+0000] {cursor.py:1041} INFO - query execution done
[2025-04-22T02:03:53.900+0000] {cursor.py:1028} INFO - query: [MERGE INTO MBTA_PREDICTIONS AS target USING (SELECT 'prediction-67995113-70080-1...]
[2025-04-22T02:03:57.884+0000] {cursor.py:1041} INFO - query execution done
[2025-04-22T02:03:57.894+0000] {cursor.py:1028} INFO - query: [COMMIT]
[2025-04-22T02:03:58.083+0000] {cursor.py:1041} INFO - query execution done
[2025-04-22T02:03:58.084+0000] {cursor.py:1205} INFO - Number of results in first chunk: 1
[2025-04-22T02:03:58.084+0000] {mbta_kafka_consumer.py:139} INFO - ✅ Merged 19 new/changed records into Snowflake table: MBTA_PREDICTIONS in 76.77 seconds
[2025-04-22T02:03:58.088+0000] {mbta_kafka_consumer.py:233} INFO - 📥 Received 19 records from topic: mbta_predictions
[2025-04-22T02:03:58.110+0000] {mbta_kafka_consumer.py:56} INFO - 🔍 Sample data for MBTA_PREDICTIONS:
[2025-04-22T02:03:58.111+0000] {mbta_kafka_consumer.py:57} INFO - 
                       PREDICTION_ID ROUTE_ID  ... STATUS                 CREATED_AT
0  prediction-67995090-70080-130-Red      Red  ...   None 2025-04-22 02:03:58.089603
1   prediction-67995075-70079-90-Red      Red  ...   None 2025-04-22 02:03:58.089667
2  prediction-67995094-70080-130-Red      Red  ...   None 2025-04-22 02:03:58.089669
3   prediction-67995077-70079-90-Red      Red  ...   None 2025-04-22 02:03:58.089676
4  prediction-67995098-70080-130-Red      Red  ...   None 2025-04-22 02:03:58.089686

[5 rows x 9 columns]
[2025-04-22T02:03:58.126+0000] {cursor.py:1028} INFO - query: [SELECT * FROM MBTA_PREDICTIONS WHERE PREDICTION_ID IN ('prediction-67995090-7008...]
[2025-04-22T02:03:58.428+0000] {cursor.py:1041} INFO - query execution done
[2025-04-22T02:03:58.431+0000] {cursor.py:1205} INFO - Number of results in first chunk: 19
[2025-04-22T02:03:58.454+0000] {mbta_kafka_consumer.py:104} INFO - 🔁 19 new/updated records out of 19 incoming records (some may be duplicate VEHICLE_IDs) for MBTA_PREDICTIONS
[2025-04-22T02:03:58.455+0000] {cursor.py:1028} INFO - query: [MERGE INTO MBTA_PREDICTIONS AS target USING (SELECT 'prediction-67995090-70080-1...]
[2025-04-22T02:04:02.485+0000] {cursor.py:1041} INFO - query execution done
[2025-04-22T02:04:02.489+0000] {cursor.py:1028} INFO - query: [MERGE INTO MBTA_PREDICTIONS AS target USING (SELECT 'prediction-67995075-70079-9...]
[2025-04-22T02:04:06.884+0000] {cursor.py:1041} INFO - query execution done
[2025-04-22T02:04:06.887+0000] {cursor.py:1028} INFO - query: [MERGE INTO MBTA_PREDICTIONS AS target USING (SELECT 'prediction-67995094-70080-1...]
[2025-04-22T02:04:07.650+0000] {local_task_job_runner.py:121} ERROR - Received SIGTERM. Terminating subprocesses
[2025-04-22T02:04:08.011+0000] {process_utils.py:131} INFO - Sending 15 to group 208. PIDs of all processes in the group: [208]
[2025-04-22T02:04:08.019+0000] {process_utils.py:86} INFO - Sending the signal 15 to group 208
[2025-04-22T02:04:08.037+0000] {taskinstance.py:2450} ERROR - Received SIGTERM. Terminating subprocesses.
[2025-04-22T02:04:08.252+0000] {mbta_kafka_consumer.py:212} ERROR - ❌ Error processing topic mbta_predictions: Task received SIGTERM signal
[2025-04-22T02:04:08.285+0000] {mbta_kafka_consumer.py:233} INFO - 📥 Received 19 records from topic: mbta_predictions
[2025-04-22T02:04:08.334+0000] {mbta_kafka_consumer.py:56} INFO - 🔍 Sample data for MBTA_PREDICTIONS:
[2025-04-22T02:04:08.336+0000] {mbta_kafka_consumer.py:57} INFO - 
                       PREDICTION_ID ROUTE_ID  ... STATUS                 CREATED_AT
0  prediction-67995090-70080-130-Red      Red  ...   None 2025-04-22 02:04:08.290489
1   prediction-67995075-70079-90-Red      Red  ...   None 2025-04-22 02:04:08.290513
2  prediction-67995094-70080-130-Red      Red  ...   None 2025-04-22 02:04:08.290543
3   prediction-67995077-70079-90-Red      Red  ...   None 2025-04-22 02:04:08.290546
4  prediction-67995098-70080-130-Red      Red  ...   None 2025-04-22 02:04:08.290548

[5 rows x 9 columns]
[2025-04-22T02:04:08.371+0000] {cursor.py:1028} INFO - query: [SELECT * FROM MBTA_PREDICTIONS WHERE PREDICTION_ID IN ('prediction-67995090-7008...]
[2025-04-22T02:04:09.296+0000] {cursor.py:1041} INFO - query execution done
[2025-04-22T02:04:09.300+0000] {cursor.py:1205} INFO - Number of results in first chunk: 19
[2025-04-22T02:04:09.329+0000] {mbta_kafka_consumer.py:104} INFO - 🔁 19 new/updated records out of 19 incoming records (some may be duplicate VEHICLE_IDs) for MBTA_PREDICTIONS
[2025-04-22T02:04:09.333+0000] {cursor.py:1028} INFO - query: [MERGE INTO MBTA_PREDICTIONS AS target USING (SELECT 'prediction-67995090-70080-1...]
