[2025-04-22T01:45:03.778+0000] {taskinstance.py:1956} INFO - Dependencies all met for dep_context=non-requeueable deps ti=<TaskInstance: mbta_ingestion_dag.load_to_snowflake scheduled__2025-04-22T01:40:00+00:00 [queued]>
[2025-04-22T01:45:03.783+0000] {taskinstance.py:1956} INFO - Dependencies all met for dep_context=requeueable deps ti=<TaskInstance: mbta_ingestion_dag.load_to_snowflake scheduled__2025-04-22T01:40:00+00:00 [queued]>
[2025-04-22T01:45:03.784+0000] {taskinstance.py:2170} INFO - Starting attempt 1 of 2
[2025-04-22T01:45:03.795+0000] {taskinstance.py:2191} INFO - Executing <Task(PythonOperator): load_to_snowflake> on 2025-04-22 01:40:00+00:00
[2025-04-22T01:45:03.803+0000] {standard_task_runner.py:60} INFO - Started process 296 to run task
[2025-04-22T01:45:03.808+0000] {standard_task_runner.py:87} INFO - Running: ['***', 'tasks', 'run', 'mbta_ingestion_dag', 'load_to_snowflake', 'scheduled__2025-04-22T01:40:00+00:00', '--job-id', '21', '--raw', '--subdir', 'DAGS_FOLDER/mbta_ingestion_dag.py', '--cfg-path', '/tmp/tmpilhyw0yo']
[2025-04-22T01:45:03.813+0000] {standard_task_runner.py:88} INFO - Job 21: Subtask load_to_snowflake
[2025-04-22T01:45:03.824+0000] {logging_mixin.py:188} WARNING - /home/***/.local/lib/python3.9/site-packages/***/settings.py:194 DeprecationWarning: The sql_alchemy_conn option in [core] has been moved to the sql_alchemy_conn option in [database] - the old setting has been used, but please update your config.
[2025-04-22T01:45:03.858+0000] {task_command.py:423} INFO - Running <TaskInstance: mbta_ingestion_dag.load_to_snowflake scheduled__2025-04-22T01:40:00+00:00 [running]> on host 87379dac6291
[2025-04-22T01:45:03.935+0000] {taskinstance.py:2480} INFO - Exporting env vars: AIRFLOW_CTX_DAG_OWNER='***' AIRFLOW_CTX_DAG_ID='mbta_ingestion_dag' AIRFLOW_CTX_TASK_ID='load_to_snowflake' AIRFLOW_CTX_EXECUTION_DATE='2025-04-22T01:40:00+00:00' AIRFLOW_CTX_TRY_NUMBER='1' AIRFLOW_CTX_DAG_RUN_ID='scheduled__2025-04-22T01:40:00+00:00'
[2025-04-22T01:45:03.937+0000] {mbta_ingestion_dag.py:35} INFO - 🚀 Launching Kafka consumer to process and load data into Snowflake...
[2025-04-22T01:45:03.939+0000] {connection.py:370} INFO - Snowflake Connector for Python Version: 3.6.0, Python Version: 3.9.18, Platform: Linux-6.10.14-linuxkit-aarch64-with-glibc2.36
[2025-04-22T01:45:03.941+0000] {connection.py:1171} INFO - This connection is in OCSP Fail Open Mode. TLS Certificates would be checked for validity and revocation status. Any other Certificate Revocation related exceptions or OCSP Responder failures would be disregarded in favor of connectivity.
[2025-04-22T01:45:04.571+0000] {mbta_kafka_consumer.py:45} INFO - ✅ Connected to Snowflake successfully.
[2025-04-22T01:45:04.572+0000] {mbta_kafka_consumer.py:219} INFO - 🚀 Starting MBTA Kafka Consumer...
[2025-04-22T01:45:04.575+0000] {conn.py:395} INFO - <BrokerConnection client_id=kafka-python-2.1.5, node_id=bootstrap-0 host=kafka:9092 <connecting> [IPv4 ('172.18.0.5', 9092)]>: connecting to kafka:9092 [('172.18.0.5', 9092) IPv4]
[2025-04-22T01:45:04.604+0000] {conn.py:615} INFO - <BrokerConnection client_id=kafka-python-2.1.5, node_id=bootstrap-0 host=kafka:9092 <checking_api_versions_recv> [IPv4 ('172.18.0.5', 9092)]>: Broker version identified as 2.6
[2025-04-22T01:45:04.605+0000] {conn.py:456} INFO - <BrokerConnection client_id=kafka-python-2.1.5, node_id=bootstrap-0 host=kafka:9092 <connected> [IPv4 ('172.18.0.5', 9092)]>: Connection complete.
[2025-04-22T01:45:04.607+0000] {consumer.py:119} WARNING - group_id is None: disabling auto-commit.
[2025-04-22T01:45:04.607+0000] {subscription_state.py:182} INFO - Updating subscribed topics to: ('mbta_alerts', 'mbta_routes', 'mbta_stops', 'mbta_vehicles', 'mbta_predictions')
[2025-04-22T01:45:04.617+0000] {subscription_state.py:254} INFO - Updated partition assignment: [('mbta_routes', 0), ('mbta_alerts', 0), ('mbta_predictions', 0), ('mbta_vehicles', 0), ('mbta_stops', 0)]
[2025-04-22T01:45:04.619+0000] {conn.py:395} INFO - <BrokerConnection client_id=kafka-python-2.1.5, node_id=1 host=kafka:9092 <connecting> [IPv4 ('172.18.0.5', 9092)]>: connecting to kafka:9092 [('172.18.0.5', 9092) IPv4]
[2025-04-22T01:45:04.619+0000] {conn.py:456} INFO - <BrokerConnection client_id=kafka-python-2.1.5, node_id=1 host=kafka:9092 <connected> [IPv4 ('172.18.0.5', 9092)]>: Connection complete.
[2025-04-22T01:45:04.620+0000] {conn.py:936} INFO - <BrokerConnection client_id=kafka-python-2.1.5, node_id=bootstrap-0 host=kafka:9092 <connected> [IPv4 ('172.18.0.5', 9092)]>: Closing connection. 
[2025-04-22T01:45:05.839+0000] {mbta_kafka_consumer.py:233} INFO - 📥 Received 1000 records from topic: mbta_stops
[2025-04-22T01:45:05.848+0000] {mbta_kafka_consumer.py:56} INFO - 🔍 Sample data for MBTA_STOPS:
[2025-04-22T01:45:05.848+0000] {mbta_kafka_consumer.py:57} INFO - 
          STOP_ID  ...                 CREATED_AT
0            5682  ... 2025-04-22 01:45:05.841082
1           50620  ... 2025-04-22 01:45:05.841085
2  node-417-lobby  ... 2025-04-22 01:45:05.841094
3            4042  ... 2025-04-22 01:45:05.841095
4          109822  ... 2025-04-22 01:45:05.841096

[5 rows x 5 columns]
[2025-04-22T01:45:05.857+0000] {cursor.py:1028} INFO - query: [SELECT * FROM MBTA_STOPS WHERE STOP_ID IN ('5682','50620','node-417-lobby','4042...]
[2025-04-22T01:45:06.018+0000] {cursor.py:1041} INFO - query execution done
[2025-04-22T01:45:06.019+0000] {cursor.py:1205} INFO - Number of results in first chunk: 0
[2025-04-22T01:45:06.812+0000] {mbta_kafka_consumer.py:104} INFO - 🔁 0 new/updated records out of 1000 incoming records (some may be duplicate VEHICLE_IDs) for MBTA_STOPS
[2025-04-22T01:45:06.813+0000] {mbta_kafka_consumer.py:107} INFO - ✅ All 1000 records already up-to-date in MBTA_STOPS, no merge needed.
[2025-04-22T01:45:06.814+0000] {mbta_kafka_consumer.py:233} INFO - 📥 Received 20 records from topic: mbta_predictions
[2025-04-22T01:45:06.817+0000] {mbta_kafka_consumer.py:56} INFO - 🔍 Sample data for MBTA_PREDICTIONS:
[2025-04-22T01:45:06.818+0000] {mbta_kafka_consumer.py:57} INFO - 
                       PREDICTION_ID ROUTE_ID  ... STATUS                 CREATED_AT
0   prediction-67995073-70079-90-Red      Red  ...   None 2025-04-22 01:45:06.814581
1  prediction-67995090-70080-130-Red      Red  ...   None 2025-04-22 01:45:06.814587
2   prediction-67995075-70079-90-Red      Red  ...   None 2025-04-22 01:45:06.814589
3  prediction-67995094-70080-130-Red      Red  ...   None 2025-04-22 01:45:06.814590
4   prediction-67995077-70079-90-Red      Red  ...   None 2025-04-22 01:45:06.814591

[5 rows x 9 columns]
[2025-04-22T01:45:06.824+0000] {cursor.py:1028} INFO - query: [SELECT * FROM MBTA_PREDICTIONS WHERE PREDICTION_ID IN ('prediction-67995073-7007...]
[2025-04-22T01:45:07.052+0000] {cursor.py:1041} INFO - query execution done
[2025-04-22T01:45:07.053+0000] {cursor.py:1205} INFO - Number of results in first chunk: 20
[2025-04-22T01:45:07.060+0000] {mbta_kafka_consumer.py:104} INFO - 🔁 20 new/updated records out of 20 incoming records (some may be duplicate VEHICLE_IDs) for MBTA_PREDICTIONS
[2025-04-22T01:45:07.061+0000] {cursor.py:1028} INFO - query: [MERGE INTO MBTA_PREDICTIONS AS target USING (SELECT 'prediction-67995073-70079-9...]
[2025-04-22T01:45:07.680+0000] {cursor.py:1041} INFO - query execution done
[2025-04-22T01:45:07.681+0000] {cursor.py:1028} INFO - query: [MERGE INTO MBTA_PREDICTIONS AS target USING (SELECT 'prediction-67995090-70080-1...]
[2025-04-22T01:45:08.151+0000] {cursor.py:1041} INFO - query execution done
[2025-04-22T01:45:08.153+0000] {cursor.py:1028} INFO - query: [MERGE INTO MBTA_PREDICTIONS AS target USING (SELECT 'prediction-67995075-70079-9...]
[2025-04-22T01:45:08.714+0000] {cursor.py:1041} INFO - query execution done
[2025-04-22T01:45:08.715+0000] {cursor.py:1028} INFO - query: [MERGE INTO MBTA_PREDICTIONS AS target USING (SELECT 'prediction-67995094-70080-1...]
[2025-04-22T01:45:09.289+0000] {cursor.py:1041} INFO - query execution done
[2025-04-22T01:45:09.292+0000] {cursor.py:1028} INFO - query: [MERGE INTO MBTA_PREDICTIONS AS target USING (SELECT 'prediction-67995077-70079-9...]
[2025-04-22T01:45:10.368+0000] {cursor.py:1041} INFO - query execution done
[2025-04-22T01:45:10.370+0000] {cursor.py:1028} INFO - query: [MERGE INTO MBTA_PREDICTIONS AS target USING (SELECT 'prediction-67995098-70080-1...]
[2025-04-22T01:45:11.069+0000] {cursor.py:1041} INFO - query execution done
[2025-04-22T01:45:11.070+0000] {cursor.py:1028} INFO - query: [MERGE INTO MBTA_PREDICTIONS AS target USING (SELECT 'prediction-67995079-70079-9...]
[2025-04-22T01:45:12.067+0000] {cursor.py:1041} INFO - query execution done
[2025-04-22T01:45:12.068+0000] {cursor.py:1028} INFO - query: [MERGE INTO MBTA_PREDICTIONS AS target USING (SELECT 'prediction-67995081-70079-9...]
[2025-04-22T01:45:13.200+0000] {cursor.py:1041} INFO - query execution done
[2025-04-22T01:45:13.201+0000] {cursor.py:1028} INFO - query: [MERGE INTO MBTA_PREDICTIONS AS target USING (SELECT 'prediction-67995102-70080-1...]
[2025-04-22T01:45:14.342+0000] {cursor.py:1041} INFO - query execution done
[2025-04-22T01:45:14.350+0000] {cursor.py:1028} INFO - query: [MERGE INTO MBTA_PREDICTIONS AS target USING (SELECT 'prediction-67995083-70079-9...]
[2025-04-22T01:45:15.568+0000] {cursor.py:1041} INFO - query execution done
[2025-04-22T01:45:15.569+0000] {cursor.py:1028} INFO - query: [MERGE INTO MBTA_PREDICTIONS AS target USING (SELECT 'prediction-ADDED-1582319672...]
[2025-04-22T01:45:16.896+0000] {cursor.py:1041} INFO - query execution done
[2025-04-22T01:45:16.905+0000] {cursor.py:1028} INFO - query: [MERGE INTO MBTA_PREDICTIONS AS target USING (SELECT 'prediction-67995087-70079-9...]
[2025-04-22T01:45:17.926+0000] {cursor.py:1041} INFO - query execution done
[2025-04-22T01:45:17.926+0000] {cursor.py:1028} INFO - query: [MERGE INTO MBTA_PREDICTIONS AS target USING (SELECT 'prediction-67995110-70080-1...]
[2025-04-22T01:45:19.123+0000] {cursor.py:1041} INFO - query execution done
[2025-04-22T01:45:19.127+0000] {cursor.py:1028} INFO - query: [MERGE INTO MBTA_PREDICTIONS AS target USING (SELECT 'prediction-67995091-70079-9...]
[2025-04-22T01:45:20.012+0000] {cursor.py:1041} INFO - query execution done
[2025-04-22T01:45:20.013+0000] {cursor.py:1028} INFO - query: [MERGE INTO MBTA_PREDICTIONS AS target USING (SELECT 'prediction-67995095-70079-9...]
[2025-04-22T01:45:21.009+0000] {cursor.py:1041} INFO - query execution done
[2025-04-22T01:45:21.013+0000] {cursor.py:1028} INFO - query: [MERGE INTO MBTA_PREDICTIONS AS target USING (SELECT 'prediction-67995118-70080-1...]
[2025-04-22T01:45:21.661+0000] {cursor.py:1041} INFO - query execution done
[2025-04-22T01:45:21.662+0000] {cursor.py:1028} INFO - query: [MERGE INTO MBTA_PREDICTIONS AS target USING (SELECT 'prediction-67995099-70079-9...]
[2025-04-22T01:45:22.845+0000] {cursor.py:1041} INFO - query execution done
[2025-04-22T01:45:22.857+0000] {cursor.py:1028} INFO - query: [MERGE INTO MBTA_PREDICTIONS AS target USING (SELECT 'prediction-67995122-70080-1...]
[2025-04-22T01:45:23.503+0000] {cursor.py:1041} INFO - query execution done
[2025-04-22T01:45:23.507+0000] {cursor.py:1028} INFO - query: [MERGE INTO MBTA_PREDICTIONS AS target USING (SELECT 'prediction-67995103-70079-9...]
[2025-04-22T01:45:24.302+0000] {cursor.py:1041} INFO - query execution done
[2025-04-22T01:45:24.304+0000] {cursor.py:1028} INFO - query: [MERGE INTO MBTA_PREDICTIONS AS target USING (SELECT 'prediction-67995113-70080-1...]
[2025-04-22T01:45:25.281+0000] {cursor.py:1041} INFO - query execution done
[2025-04-22T01:45:25.291+0000] {cursor.py:1028} INFO - query: [COMMIT]
[2025-04-22T01:45:25.421+0000] {cursor.py:1041} INFO - query execution done
[2025-04-22T01:45:25.422+0000] {cursor.py:1205} INFO - Number of results in first chunk: 1
[2025-04-22T01:45:25.423+0000] {mbta_kafka_consumer.py:139} INFO - ✅ Merged 20 new/changed records into Snowflake table: MBTA_PREDICTIONS in 18.60 seconds
[2025-04-22T01:45:25.427+0000] {mbta_kafka_consumer.py:233} INFO - 📥 Received 20 records from topic: mbta_predictions
[2025-04-22T01:45:25.462+0000] {mbta_kafka_consumer.py:56} INFO - 🔍 Sample data for MBTA_PREDICTIONS:
[2025-04-22T01:45:25.463+0000] {mbta_kafka_consumer.py:57} INFO - 
                       PREDICTION_ID ROUTE_ID  ... STATUS                 CREATED_AT
0   prediction-67995073-70079-90-Red      Red  ...   None 2025-04-22 01:45:25.427792
1  prediction-67995090-70080-130-Red      Red  ...   None 2025-04-22 01:45:25.427802
2   prediction-67995075-70079-90-Red      Red  ...   None 2025-04-22 01:45:25.427825
3  prediction-67995094-70080-130-Red      Red  ...   None 2025-04-22 01:45:25.427828
4   prediction-67995077-70079-90-Red      Red  ...   None 2025-04-22 01:45:25.427850

[5 rows x 9 columns]
[2025-04-22T01:45:25.502+0000] {cursor.py:1028} INFO - query: [SELECT * FROM MBTA_PREDICTIONS WHERE PREDICTION_ID IN ('prediction-67995073-7007...]
[2025-04-22T01:45:25.712+0000] {cursor.py:1041} INFO - query execution done
[2025-04-22T01:45:25.713+0000] {cursor.py:1205} INFO - Number of results in first chunk: 20
[2025-04-22T01:45:25.726+0000] {mbta_kafka_consumer.py:104} INFO - 🔁 20 new/updated records out of 20 incoming records (some may be duplicate VEHICLE_IDs) for MBTA_PREDICTIONS
[2025-04-22T01:45:25.727+0000] {cursor.py:1028} INFO - query: [MERGE INTO MBTA_PREDICTIONS AS target USING (SELECT 'prediction-67995073-70079-9...]
[2025-04-22T01:45:26.355+0000] {cursor.py:1041} INFO - query execution done
[2025-04-22T01:45:26.357+0000] {cursor.py:1028} INFO - query: [MERGE INTO MBTA_PREDICTIONS AS target USING (SELECT 'prediction-67995090-70080-1...]
[2025-04-22T01:45:29.075+0000] {cursor.py:1041} INFO - query execution done
[2025-04-22T01:45:29.076+0000] {cursor.py:1028} INFO - query: [MERGE INTO MBTA_PREDICTIONS AS target USING (SELECT 'prediction-67995075-70079-9...]
[2025-04-22T01:45:29.906+0000] {cursor.py:1041} INFO - query execution done
[2025-04-22T01:45:29.908+0000] {cursor.py:1028} INFO - query: [MERGE INTO MBTA_PREDICTIONS AS target USING (SELECT 'prediction-67995094-70080-1...]
[2025-04-22T01:45:31.201+0000] {cursor.py:1041} INFO - query execution done
[2025-04-22T01:45:31.210+0000] {cursor.py:1028} INFO - query: [MERGE INTO MBTA_PREDICTIONS AS target USING (SELECT 'prediction-67995077-70079-9...]
[2025-04-22T01:45:32.270+0000] {cursor.py:1041} INFO - query execution done
[2025-04-22T01:45:32.283+0000] {cursor.py:1028} INFO - query: [MERGE INTO MBTA_PREDICTIONS AS target USING (SELECT 'prediction-67995098-70080-1...]
[2025-04-22T01:45:35.139+0000] {cursor.py:1041} INFO - query execution done
[2025-04-22T01:45:35.147+0000] {cursor.py:1028} INFO - query: [MERGE INTO MBTA_PREDICTIONS AS target USING (SELECT 'prediction-67995079-70079-9...]
[2025-04-22T01:45:36.468+0000] {cursor.py:1041} INFO - query execution done
[2025-04-22T01:45:36.469+0000] {cursor.py:1028} INFO - query: [MERGE INTO MBTA_PREDICTIONS AS target USING (SELECT 'prediction-67995081-70079-9...]
[2025-04-22T01:45:37.383+0000] {cursor.py:1041} INFO - query execution done
[2025-04-22T01:45:37.384+0000] {cursor.py:1028} INFO - query: [MERGE INTO MBTA_PREDICTIONS AS target USING (SELECT 'prediction-67995102-70080-1...]
[2025-04-22T01:45:38.623+0000] {cursor.py:1041} INFO - query execution done
[2025-04-22T01:45:38.631+0000] {cursor.py:1028} INFO - query: [MERGE INTO MBTA_PREDICTIONS AS target USING (SELECT 'prediction-67995083-70079-9...]
[2025-04-22T01:45:39.786+0000] {cursor.py:1041} INFO - query execution done
[2025-04-22T01:45:39.787+0000] {cursor.py:1028} INFO - query: [MERGE INTO MBTA_PREDICTIONS AS target USING (SELECT 'prediction-ADDED-1582319672...]
[2025-04-22T01:45:40.627+0000] {cursor.py:1041} INFO - query execution done
[2025-04-22T01:45:40.629+0000] {cursor.py:1028} INFO - query: [MERGE INTO MBTA_PREDICTIONS AS target USING (SELECT 'prediction-67995087-70079-9...]
[2025-04-22T01:45:41.839+0000] {cursor.py:1041} INFO - query execution done
[2025-04-22T01:45:41.852+0000] {cursor.py:1028} INFO - query: [MERGE INTO MBTA_PREDICTIONS AS target USING (SELECT 'prediction-67995110-70080-1...]
[2025-04-22T01:45:43.095+0000] {cursor.py:1041} INFO - query execution done
[2025-04-22T01:45:43.098+0000] {cursor.py:1028} INFO - query: [MERGE INTO MBTA_PREDICTIONS AS target USING (SELECT 'prediction-67995091-70079-9...]
[2025-04-22T01:45:44.124+0000] {cursor.py:1041} INFO - query execution done
[2025-04-22T01:45:44.125+0000] {cursor.py:1028} INFO - query: [MERGE INTO MBTA_PREDICTIONS AS target USING (SELECT 'prediction-67995095-70079-9...]
[2025-04-22T01:45:45.186+0000] {cursor.py:1041} INFO - query execution done
[2025-04-22T01:45:45.198+0000] {cursor.py:1028} INFO - query: [MERGE INTO MBTA_PREDICTIONS AS target USING (SELECT 'prediction-67995118-70080-1...]
[2025-04-22T01:45:46.402+0000] {cursor.py:1041} INFO - query execution done
[2025-04-22T01:45:46.418+0000] {cursor.py:1028} INFO - query: [MERGE INTO MBTA_PREDICTIONS AS target USING (SELECT 'prediction-67995099-70079-9...]
[2025-04-22T01:45:47.366+0000] {cursor.py:1041} INFO - query execution done
[2025-04-22T01:45:47.375+0000] {cursor.py:1028} INFO - query: [MERGE INTO MBTA_PREDICTIONS AS target USING (SELECT 'prediction-67995122-70080-1...]
[2025-04-22T01:45:48.553+0000] {cursor.py:1041} INFO - query execution done
[2025-04-22T01:45:48.565+0000] {cursor.py:1028} INFO - query: [MERGE INTO MBTA_PREDICTIONS AS target USING (SELECT 'prediction-67995103-70079-9...]
[2025-04-22T01:45:49.672+0000] {cursor.py:1041} INFO - query execution done
[2025-04-22T01:45:49.683+0000] {cursor.py:1028} INFO - query: [MERGE INTO MBTA_PREDICTIONS AS target USING (SELECT 'prediction-67995113-70080-1...]
[2025-04-22T01:45:50.704+0000] {cursor.py:1041} INFO - query execution done
[2025-04-22T01:45:50.708+0000] {cursor.py:1028} INFO - query: [COMMIT]
[2025-04-22T01:45:50.861+0000] {cursor.py:1041} INFO - query execution done
[2025-04-22T01:45:50.861+0000] {cursor.py:1205} INFO - Number of results in first chunk: 1
[2025-04-22T01:45:50.862+0000] {mbta_kafka_consumer.py:139} INFO - ✅ Merged 20 new/changed records into Snowflake table: MBTA_PREDICTIONS in 25.36 seconds
[2025-04-22T01:45:50.863+0000] {mbta_kafka_consumer.py:233} INFO - 📥 Received 19 records from topic: mbta_predictions
[2025-04-22T01:45:50.879+0000] {mbta_kafka_consumer.py:56} INFO - 🔍 Sample data for MBTA_PREDICTIONS:
[2025-04-22T01:45:50.880+0000] {mbta_kafka_consumer.py:57} INFO - 
                       PREDICTION_ID ROUTE_ID  ... STATUS                 CREATED_AT
0  prediction-67995090-70080-130-Red      Red  ...   None 2025-04-22 01:45:50.864003
1   prediction-67995075-70079-90-Red      Red  ...   None 2025-04-22 01:45:50.864022
2  prediction-67995094-70080-130-Red      Red  ...   None 2025-04-22 01:45:50.864024
3   prediction-67995077-70079-90-Red      Red  ...   None 2025-04-22 01:45:50.864030
4  prediction-67995098-70080-130-Red      Red  ...   None 2025-04-22 01:45:50.864034

[5 rows x 9 columns]
[2025-04-22T01:45:50.891+0000] {cursor.py:1028} INFO - query: [SELECT * FROM MBTA_PREDICTIONS WHERE PREDICTION_ID IN ('prediction-67995090-7008...]
[2025-04-22T01:45:51.121+0000] {cursor.py:1041} INFO - query execution done
[2025-04-22T01:45:51.123+0000] {cursor.py:1205} INFO - Number of results in first chunk: 19
[2025-04-22T01:45:51.170+0000] {mbta_kafka_consumer.py:104} INFO - 🔁 19 new/updated records out of 19 incoming records (some may be duplicate VEHICLE_IDs) for MBTA_PREDICTIONS
[2025-04-22T01:45:51.171+0000] {cursor.py:1028} INFO - query: [MERGE INTO MBTA_PREDICTIONS AS target USING (SELECT 'prediction-67995090-70080-1...]
[2025-04-22T01:45:51.866+0000] {cursor.py:1041} INFO - query execution done
[2025-04-22T01:45:51.879+0000] {cursor.py:1028} INFO - query: [MERGE INTO MBTA_PREDICTIONS AS target USING (SELECT 'prediction-67995075-70079-9...]
[2025-04-22T01:45:53.557+0000] {cursor.py:1041} INFO - query execution done
[2025-04-22T01:45:53.560+0000] {cursor.py:1028} INFO - query: [MERGE INTO MBTA_PREDICTIONS AS target USING (SELECT 'prediction-67995094-70080-1...]
[2025-04-22T01:45:54.545+0000] {cursor.py:1041} INFO - query execution done
[2025-04-22T01:45:54.548+0000] {cursor.py:1028} INFO - query: [MERGE INTO MBTA_PREDICTIONS AS target USING (SELECT 'prediction-67995077-70079-9...]
[2025-04-22T01:45:55.219+0000] {cursor.py:1041} INFO - query execution done
[2025-04-22T01:45:55.221+0000] {cursor.py:1028} INFO - query: [MERGE INTO MBTA_PREDICTIONS AS target USING (SELECT 'prediction-67995098-70080-1...]
[2025-04-22T01:45:56.287+0000] {cursor.py:1041} INFO - query execution done
[2025-04-22T01:45:56.301+0000] {cursor.py:1028} INFO - query: [MERGE INTO MBTA_PREDICTIONS AS target USING (SELECT 'prediction-67995079-70079-9...]
[2025-04-22T01:45:59.139+0000] {cursor.py:1041} INFO - query execution done
[2025-04-22T01:45:59.147+0000] {cursor.py:1028} INFO - query: [MERGE INTO MBTA_PREDICTIONS AS target USING (SELECT 'prediction-67995081-70079-9...]
[2025-04-22T01:46:00.045+0000] {cursor.py:1041} INFO - query execution done
[2025-04-22T01:46:00.049+0000] {cursor.py:1028} INFO - query: [MERGE INTO MBTA_PREDICTIONS AS target USING (SELECT 'prediction-67995102-70080-1...]
[2025-04-22T01:46:01.054+0000] {cursor.py:1041} INFO - query execution done
[2025-04-22T01:46:01.055+0000] {cursor.py:1028} INFO - query: [MERGE INTO MBTA_PREDICTIONS AS target USING (SELECT 'prediction-67995083-70079-9...]
[2025-04-22T01:46:01.993+0000] {cursor.py:1041} INFO - query execution done
[2025-04-22T01:46:01.995+0000] {cursor.py:1028} INFO - query: [MERGE INTO MBTA_PREDICTIONS AS target USING (SELECT 'prediction-ADDED-1582319672...]
[2025-04-22T01:46:02.790+0000] {cursor.py:1041} INFO - query execution done
[2025-04-22T01:46:02.791+0000] {cursor.py:1028} INFO - query: [MERGE INTO MBTA_PREDICTIONS AS target USING (SELECT 'prediction-67995087-70079-9...]
[2025-04-22T01:46:04.066+0000] {cursor.py:1041} INFO - query execution done
[2025-04-22T01:46:04.067+0000] {cursor.py:1028} INFO - query: [MERGE INTO MBTA_PREDICTIONS AS target USING (SELECT 'prediction-67995110-70080-1...]
[2025-04-22T01:46:05.018+0000] {cursor.py:1041} INFO - query execution done
[2025-04-22T01:46:05.019+0000] {cursor.py:1028} INFO - query: [MERGE INTO MBTA_PREDICTIONS AS target USING (SELECT 'prediction-67995091-70079-9...]
[2025-04-22T01:46:07.717+0000] {cursor.py:1041} INFO - query execution done
[2025-04-22T01:46:07.721+0000] {cursor.py:1028} INFO - query: [MERGE INTO MBTA_PREDICTIONS AS target USING (SELECT 'prediction-67995095-70079-9...]
[2025-04-22T01:46:09.132+0000] {cursor.py:1041} INFO - query execution done
[2025-04-22T01:46:09.138+0000] {cursor.py:1028} INFO - query: [MERGE INTO MBTA_PREDICTIONS AS target USING (SELECT 'prediction-67995118-70080-1...]
[2025-04-22T01:46:10.342+0000] {cursor.py:1041} INFO - query execution done
[2025-04-22T01:46:10.342+0000] {cursor.py:1028} INFO - query: [MERGE INTO MBTA_PREDICTIONS AS target USING (SELECT 'prediction-67995099-70079-9...]
[2025-04-22T01:46:11.470+0000] {cursor.py:1041} INFO - query execution done
[2025-04-22T01:46:11.471+0000] {cursor.py:1028} INFO - query: [MERGE INTO MBTA_PREDICTIONS AS target USING (SELECT 'prediction-67995122-70080-1...]
[2025-04-22T01:46:12.216+0000] {cursor.py:1041} INFO - query execution done
[2025-04-22T01:46:12.217+0000] {cursor.py:1028} INFO - query: [MERGE INTO MBTA_PREDICTIONS AS target USING (SELECT 'prediction-67995103-70079-9...]
[2025-04-22T01:46:13.283+0000] {cursor.py:1041} INFO - query execution done
[2025-04-22T01:46:13.289+0000] {cursor.py:1028} INFO - query: [MERGE INTO MBTA_PREDICTIONS AS target USING (SELECT 'prediction-67995113-70080-1...]
[2025-04-22T01:46:16.394+0000] {cursor.py:1041} INFO - query execution done
[2025-04-22T01:46:16.397+0000] {cursor.py:1028} INFO - query: [COMMIT]
[2025-04-22T01:46:16.531+0000] {cursor.py:1041} INFO - query execution done
[2025-04-22T01:46:16.532+0000] {cursor.py:1205} INFO - Number of results in first chunk: 1
[2025-04-22T01:46:16.532+0000] {mbta_kafka_consumer.py:139} INFO - ✅ Merged 19 new/changed records into Snowflake table: MBTA_PREDICTIONS in 25.64 seconds
[2025-04-22T01:46:16.535+0000] {mbta_kafka_consumer.py:233} INFO - 📥 Received 19 records from topic: mbta_predictions
[2025-04-22T01:46:16.562+0000] {mbta_kafka_consumer.py:56} INFO - 🔍 Sample data for MBTA_PREDICTIONS:
[2025-04-22T01:46:16.563+0000] {mbta_kafka_consumer.py:57} INFO - 
                       PREDICTION_ID ROUTE_ID  ... STATUS                 CREATED_AT
0  prediction-67995090-70080-130-Red      Red  ...   None 2025-04-22 01:46:16.537327
1   prediction-67995075-70079-90-Red      Red  ...   None 2025-04-22 01:46:16.537403
2  prediction-67995094-70080-130-Red      Red  ...   None 2025-04-22 01:46:16.537456
3   prediction-67995077-70079-90-Red      Red  ...   None 2025-04-22 01:46:16.537516
4  prediction-67995098-70080-130-Red      Red  ...   None 2025-04-22 01:46:16.537531

[5 rows x 9 columns]
[2025-04-22T01:46:16.585+0000] {cursor.py:1028} INFO - query: [SELECT * FROM MBTA_PREDICTIONS WHERE PREDICTION_ID IN ('prediction-67995090-7008...]
[2025-04-22T01:46:16.759+0000] {cursor.py:1041} INFO - query execution done
[2025-04-22T01:46:16.760+0000] {cursor.py:1205} INFO - Number of results in first chunk: 19
[2025-04-22T01:46:16.783+0000] {mbta_kafka_consumer.py:104} INFO - 🔁 19 new/updated records out of 19 incoming records (some may be duplicate VEHICLE_IDs) for MBTA_PREDICTIONS
[2025-04-22T01:46:16.783+0000] {cursor.py:1028} INFO - query: [MERGE INTO MBTA_PREDICTIONS AS target USING (SELECT 'prediction-67995090-70080-1...]
[2025-04-22T01:46:17.378+0000] {cursor.py:1041} INFO - query execution done
[2025-04-22T01:46:17.379+0000] {cursor.py:1028} INFO - query: [MERGE INTO MBTA_PREDICTIONS AS target USING (SELECT 'prediction-67995075-70079-9...]
[2025-04-22T01:46:18.168+0000] {cursor.py:1041} INFO - query execution done
[2025-04-22T01:46:18.179+0000] {cursor.py:1028} INFO - query: [MERGE INTO MBTA_PREDICTIONS AS target USING (SELECT 'prediction-67995094-70080-1...]
[2025-04-22T01:46:19.165+0000] {cursor.py:1041} INFO - query execution done
[2025-04-22T01:46:19.166+0000] {cursor.py:1028} INFO - query: [MERGE INTO MBTA_PREDICTIONS AS target USING (SELECT 'prediction-67995077-70079-9...]
[2025-04-22T01:46:20.405+0000] {cursor.py:1041} INFO - query execution done
[2025-04-22T01:46:20.408+0000] {cursor.py:1028} INFO - query: [MERGE INTO MBTA_PREDICTIONS AS target USING (SELECT 'prediction-67995098-70080-1...]
[2025-04-22T01:46:21.405+0000] {cursor.py:1041} INFO - query execution done
[2025-04-22T01:46:21.410+0000] {cursor.py:1028} INFO - query: [MERGE INTO MBTA_PREDICTIONS AS target USING (SELECT 'prediction-67995079-70079-9...]
[2025-04-22T01:46:22.296+0000] {cursor.py:1041} INFO - query execution done
[2025-04-22T01:46:22.298+0000] {cursor.py:1028} INFO - query: [MERGE INTO MBTA_PREDICTIONS AS target USING (SELECT 'prediction-67995081-70079-9...]
[2025-04-22T01:46:23.359+0000] {cursor.py:1041} INFO - query execution done
[2025-04-22T01:46:23.364+0000] {cursor.py:1028} INFO - query: [MERGE INTO MBTA_PREDICTIONS AS target USING (SELECT 'prediction-67995102-70080-1...]
[2025-04-22T01:46:24.494+0000] {cursor.py:1041} INFO - query execution done
[2025-04-22T01:46:24.494+0000] {cursor.py:1028} INFO - query: [MERGE INTO MBTA_PREDICTIONS AS target USING (SELECT 'prediction-67995083-70079-9...]
[2025-04-22T01:46:25.599+0000] {cursor.py:1041} INFO - query execution done
[2025-04-22T01:46:25.601+0000] {cursor.py:1028} INFO - query: [MERGE INTO MBTA_PREDICTIONS AS target USING (SELECT 'prediction-ADDED-1582319672...]
[2025-04-22T01:46:26.242+0000] {cursor.py:1041} INFO - query execution done
[2025-04-22T01:46:26.249+0000] {cursor.py:1028} INFO - query: [MERGE INTO MBTA_PREDICTIONS AS target USING (SELECT 'prediction-67995087-70079-9...]
[2025-04-22T01:46:27.260+0000] {cursor.py:1041} INFO - query execution done
[2025-04-22T01:46:27.271+0000] {cursor.py:1028} INFO - query: [MERGE INTO MBTA_PREDICTIONS AS target USING (SELECT 'prediction-67995110-70080-1...]
[2025-04-22T01:46:28.046+0000] {cursor.py:1041} INFO - query execution done
[2025-04-22T01:46:28.047+0000] {cursor.py:1028} INFO - query: [MERGE INTO MBTA_PREDICTIONS AS target USING (SELECT 'prediction-67995091-70079-9...]
[2025-04-22T01:46:28.876+0000] {cursor.py:1041} INFO - query execution done
[2025-04-22T01:46:28.882+0000] {cursor.py:1028} INFO - query: [MERGE INTO MBTA_PREDICTIONS AS target USING (SELECT 'prediction-67995095-70079-9...]
[2025-04-22T01:46:30.694+0000] {cursor.py:1041} INFO - query execution done
[2025-04-22T01:46:30.700+0000] {cursor.py:1028} INFO - query: [MERGE INTO MBTA_PREDICTIONS AS target USING (SELECT 'prediction-67995118-70080-1...]
[2025-04-22T01:46:31.635+0000] {cursor.py:1041} INFO - query execution done
[2025-04-22T01:46:31.636+0000] {cursor.py:1028} INFO - query: [MERGE INTO MBTA_PREDICTIONS AS target USING (SELECT 'prediction-67995099-70079-9...]
[2025-04-22T01:46:34.466+0000] {cursor.py:1041} INFO - query execution done
[2025-04-22T01:46:34.477+0000] {cursor.py:1028} INFO - query: [MERGE INTO MBTA_PREDICTIONS AS target USING (SELECT 'prediction-67995122-70080-1...]
[2025-04-22T01:46:35.243+0000] {cursor.py:1041} INFO - query execution done
[2025-04-22T01:46:35.251+0000] {cursor.py:1028} INFO - query: [MERGE INTO MBTA_PREDICTIONS AS target USING (SELECT 'prediction-67995103-70079-9...]
[2025-04-22T01:46:36.392+0000] {cursor.py:1041} INFO - query execution done
[2025-04-22T01:46:36.398+0000] {cursor.py:1028} INFO - query: [MERGE INTO MBTA_PREDICTIONS AS target USING (SELECT 'prediction-67995113-70080-1...]
[2025-04-22T01:46:37.453+0000] {cursor.py:1041} INFO - query execution done
[2025-04-22T01:46:37.456+0000] {cursor.py:1028} INFO - query: [COMMIT]
[2025-04-22T01:46:37.583+0000] {cursor.py:1041} INFO - query execution done
[2025-04-22T01:46:37.584+0000] {cursor.py:1205} INFO - Number of results in first chunk: 1
[2025-04-22T01:46:37.584+0000] {mbta_kafka_consumer.py:139} INFO - ✅ Merged 19 new/changed records into Snowflake table: MBTA_PREDICTIONS in 21.00 seconds
[2025-04-22T01:46:37.589+0000] {mbta_kafka_consumer.py:233} INFO - 📥 Received 19 records from topic: mbta_predictions
[2025-04-22T01:46:37.614+0000] {mbta_kafka_consumer.py:56} INFO - 🔍 Sample data for MBTA_PREDICTIONS:
[2025-04-22T01:46:37.615+0000] {mbta_kafka_consumer.py:57} INFO - 
                       PREDICTION_ID ROUTE_ID  ... STATUS                 CREATED_AT
0  prediction-67995090-70080-130-Red      Red  ...   None 2025-04-22 01:46:37.589984
1   prediction-67995075-70079-90-Red      Red  ...   None 2025-04-22 01:46:37.589996
2  prediction-67995094-70080-130-Red      Red  ...   None 2025-04-22 01:46:37.590017
3   prediction-67995077-70079-90-Red      Red  ...   None 2025-04-22 01:46:37.590019
4  prediction-67995098-70080-130-Red      Red  ...   None 2025-04-22 01:46:37.590027

[5 rows x 9 columns]
[2025-04-22T01:46:37.627+0000] {cursor.py:1028} INFO - query: [SELECT * FROM MBTA_PREDICTIONS WHERE PREDICTION_ID IN ('prediction-67995090-7008...]
[2025-04-22T01:46:37.860+0000] {cursor.py:1041} INFO - query execution done
[2025-04-22T01:46:37.861+0000] {cursor.py:1205} INFO - Number of results in first chunk: 19
[2025-04-22T01:46:37.878+0000] {mbta_kafka_consumer.py:104} INFO - 🔁 19 new/updated records out of 19 incoming records (some may be duplicate VEHICLE_IDs) for MBTA_PREDICTIONS
[2025-04-22T01:46:37.878+0000] {cursor.py:1028} INFO - query: [MERGE INTO MBTA_PREDICTIONS AS target USING (SELECT 'prediction-67995090-70080-1...]
[2025-04-22T01:46:38.711+0000] {cursor.py:1041} INFO - query execution done
[2025-04-22T01:46:38.712+0000] {cursor.py:1028} INFO - query: [MERGE INTO MBTA_PREDICTIONS AS target USING (SELECT 'prediction-67995075-70079-9...]
[2025-04-22T01:46:39.618+0000] {cursor.py:1041} INFO - query execution done
[2025-04-22T01:46:39.620+0000] {cursor.py:1028} INFO - query: [MERGE INTO MBTA_PREDICTIONS AS target USING (SELECT 'prediction-67995094-70080-1...]
[2025-04-22T01:46:40.345+0000] {cursor.py:1041} INFO - query execution done
[2025-04-22T01:46:40.346+0000] {cursor.py:1028} INFO - query: [MERGE INTO MBTA_PREDICTIONS AS target USING (SELECT 'prediction-67995077-70079-9...]
[2025-04-22T01:46:41.509+0000] {cursor.py:1041} INFO - query execution done
[2025-04-22T01:46:41.641+0000] {cursor.py:1028} INFO - query: [MERGE INTO MBTA_PREDICTIONS AS target USING (SELECT 'prediction-67995098-70080-1...]
[2025-04-22T01:46:42.650+0000] {cursor.py:1041} INFO - query execution done
[2025-04-22T01:46:42.654+0000] {cursor.py:1028} INFO - query: [MERGE INTO MBTA_PREDICTIONS AS target USING (SELECT 'prediction-67995079-70079-9...]
[2025-04-22T01:46:43.645+0000] {cursor.py:1041} INFO - query execution done
[2025-04-22T01:46:43.647+0000] {cursor.py:1028} INFO - query: [MERGE INTO MBTA_PREDICTIONS AS target USING (SELECT 'prediction-67995081-70079-9...]
[2025-04-22T01:46:44.754+0000] {cursor.py:1041} INFO - query execution done
[2025-04-22T01:46:44.755+0000] {cursor.py:1028} INFO - query: [MERGE INTO MBTA_PREDICTIONS AS target USING (SELECT 'prediction-67995102-70080-1...]
[2025-04-22T01:46:45.712+0000] {cursor.py:1041} INFO - query execution done
[2025-04-22T01:46:45.713+0000] {cursor.py:1028} INFO - query: [MERGE INTO MBTA_PREDICTIONS AS target USING (SELECT 'prediction-67995083-70079-9...]
[2025-04-22T01:46:46.714+0000] {cursor.py:1041} INFO - query execution done
[2025-04-22T01:46:46.715+0000] {cursor.py:1028} INFO - query: [MERGE INTO MBTA_PREDICTIONS AS target USING (SELECT 'prediction-ADDED-1582319672...]
[2025-04-22T01:46:47.755+0000] {cursor.py:1041} INFO - query execution done
[2025-04-22T01:46:47.760+0000] {cursor.py:1028} INFO - query: [MERGE INTO MBTA_PREDICTIONS AS target USING (SELECT 'prediction-67995087-70079-9...]
[2025-04-22T01:46:48.697+0000] {cursor.py:1041} INFO - query execution done
[2025-04-22T01:46:48.699+0000] {cursor.py:1028} INFO - query: [MERGE INTO MBTA_PREDICTIONS AS target USING (SELECT 'prediction-67995110-70080-1...]
[2025-04-22T01:46:49.928+0000] {cursor.py:1041} INFO - query execution done
[2025-04-22T01:46:49.932+0000] {cursor.py:1028} INFO - query: [MERGE INTO MBTA_PREDICTIONS AS target USING (SELECT 'prediction-67995091-70079-9...]
[2025-04-22T01:46:50.925+0000] {cursor.py:1041} INFO - query execution done
[2025-04-22T01:46:50.926+0000] {cursor.py:1028} INFO - query: [MERGE INTO MBTA_PREDICTIONS AS target USING (SELECT 'prediction-67995095-70079-9...]
[2025-04-22T01:46:51.815+0000] {cursor.py:1041} INFO - query execution done
[2025-04-22T01:46:51.816+0000] {cursor.py:1028} INFO - query: [MERGE INTO MBTA_PREDICTIONS AS target USING (SELECT 'prediction-67995118-70080-1...]
[2025-04-22T01:46:54.655+0000] {cursor.py:1041} INFO - query execution done
[2025-04-22T01:46:54.662+0000] {cursor.py:1028} INFO - query: [MERGE INTO MBTA_PREDICTIONS AS target USING (SELECT 'prediction-67995099-70079-9...]
[2025-04-22T01:46:55.726+0000] {cursor.py:1041} INFO - query execution done
[2025-04-22T01:46:55.727+0000] {cursor.py:1028} INFO - query: [MERGE INTO MBTA_PREDICTIONS AS target USING (SELECT 'prediction-67995122-70080-1...]
[2025-04-22T01:46:56.762+0000] {cursor.py:1041} INFO - query execution done
[2025-04-22T01:46:56.763+0000] {cursor.py:1028} INFO - query: [MERGE INTO MBTA_PREDICTIONS AS target USING (SELECT 'prediction-67995103-70079-9...]
[2025-04-22T01:46:57.843+0000] {cursor.py:1041} INFO - query execution done
[2025-04-22T01:46:57.845+0000] {cursor.py:1028} INFO - query: [MERGE INTO MBTA_PREDICTIONS AS target USING (SELECT 'prediction-67995113-70080-1...]
[2025-04-22T01:46:59.049+0000] {cursor.py:1041} INFO - query execution done
[2025-04-22T01:46:59.050+0000] {cursor.py:1028} INFO - query: [COMMIT]
[2025-04-22T01:46:59.183+0000] {cursor.py:1041} INFO - query execution done
[2025-04-22T01:46:59.184+0000] {cursor.py:1205} INFO - Number of results in first chunk: 1
[2025-04-22T01:46:59.185+0000] {mbta_kafka_consumer.py:139} INFO - ✅ Merged 19 new/changed records into Snowflake table: MBTA_PREDICTIONS in 21.56 seconds
[2025-04-22T01:46:59.189+0000] {mbta_kafka_consumer.py:233} INFO - 📥 Received 19 records from topic: mbta_predictions
[2025-04-22T01:46:59.213+0000] {mbta_kafka_consumer.py:56} INFO - 🔍 Sample data for MBTA_PREDICTIONS:
[2025-04-22T01:46:59.214+0000] {mbta_kafka_consumer.py:57} INFO - 
                       PREDICTION_ID ROUTE_ID  ... STATUS                 CREATED_AT
0  prediction-67995090-70080-130-Red      Red  ...   None 2025-04-22 01:46:59.190649
1   prediction-67995075-70079-90-Red      Red  ...   None 2025-04-22 01:46:59.190666
2  prediction-67995094-70080-130-Red      Red  ...   None 2025-04-22 01:46:59.190690
3   prediction-67995077-70079-90-Red      Red  ...   None 2025-04-22 01:46:59.190719
4  prediction-67995098-70080-130-Red      Red  ...   None 2025-04-22 01:46:59.190724

[5 rows x 9 columns]
[2025-04-22T01:46:59.233+0000] {cursor.py:1028} INFO - query: [SELECT * FROM MBTA_PREDICTIONS WHERE PREDICTION_ID IN ('prediction-67995090-7008...]
[2025-04-22T01:46:59.394+0000] {cursor.py:1041} INFO - query execution done
[2025-04-22T01:46:59.395+0000] {cursor.py:1205} INFO - Number of results in first chunk: 19
[2025-04-22T01:46:59.423+0000] {mbta_kafka_consumer.py:104} INFO - 🔁 19 new/updated records out of 19 incoming records (some may be duplicate VEHICLE_IDs) for MBTA_PREDICTIONS
[2025-04-22T01:46:59.424+0000] {cursor.py:1028} INFO - query: [MERGE INTO MBTA_PREDICTIONS AS target USING (SELECT 'prediction-67995090-70080-1...]
[2025-04-22T01:47:00.320+0000] {cursor.py:1041} INFO - query execution done
[2025-04-22T01:47:00.321+0000] {cursor.py:1028} INFO - query: [MERGE INTO MBTA_PREDICTIONS AS target USING (SELECT 'prediction-67995075-70079-9...]
[2025-04-22T01:47:01.444+0000] {cursor.py:1041} INFO - query execution done
[2025-04-22T01:47:01.447+0000] {cursor.py:1028} INFO - query: [MERGE INTO MBTA_PREDICTIONS AS target USING (SELECT 'prediction-67995094-70080-1...]
[2025-04-22T01:47:02.321+0000] {cursor.py:1041} INFO - query execution done
[2025-04-22T01:47:02.322+0000] {cursor.py:1028} INFO - query: [MERGE INTO MBTA_PREDICTIONS AS target USING (SELECT 'prediction-67995077-70079-9...]
[2025-04-22T01:47:03.561+0000] {cursor.py:1041} INFO - query execution done
[2025-04-22T01:47:03.562+0000] {cursor.py:1028} INFO - query: [MERGE INTO MBTA_PREDICTIONS AS target USING (SELECT 'prediction-67995098-70080-1...]
[2025-04-22T01:47:04.512+0000] {cursor.py:1041} INFO - query execution done
[2025-04-22T01:47:04.513+0000] {cursor.py:1028} INFO - query: [MERGE INTO MBTA_PREDICTIONS AS target USING (SELECT 'prediction-67995079-70079-9...]
[2025-04-22T01:47:05.267+0000] {cursor.py:1041} INFO - query execution done
[2025-04-22T01:47:05.268+0000] {cursor.py:1028} INFO - query: [MERGE INTO MBTA_PREDICTIONS AS target USING (SELECT 'prediction-67995081-70079-9...]
[2025-04-22T01:47:06.277+0000] {cursor.py:1041} INFO - query execution done
[2025-04-22T01:47:06.278+0000] {cursor.py:1028} INFO - query: [MERGE INTO MBTA_PREDICTIONS AS target USING (SELECT 'prediction-67995102-70080-1...]
[2025-04-22T01:47:07.482+0000] {cursor.py:1041} INFO - query execution done
[2025-04-22T01:47:07.483+0000] {cursor.py:1028} INFO - query: [MERGE INTO MBTA_PREDICTIONS AS target USING (SELECT 'prediction-67995083-70079-9...]
[2025-04-22T01:47:08.406+0000] {cursor.py:1041} INFO - query execution done
[2025-04-22T01:47:08.408+0000] {cursor.py:1028} INFO - query: [MERGE INTO MBTA_PREDICTIONS AS target USING (SELECT 'prediction-ADDED-1582319672...]
[2025-04-22T01:47:09.166+0000] {cursor.py:1041} INFO - query execution done
[2025-04-22T01:47:09.167+0000] {cursor.py:1028} INFO - query: [MERGE INTO MBTA_PREDICTIONS AS target USING (SELECT 'prediction-67995087-70079-9...]
[2025-04-22T01:47:10.488+0000] {cursor.py:1041} INFO - query execution done
[2025-04-22T01:47:10.489+0000] {cursor.py:1028} INFO - query: [MERGE INTO MBTA_PREDICTIONS AS target USING (SELECT 'prediction-67995110-70080-1...]
[2025-04-22T01:47:11.668+0000] {cursor.py:1041} INFO - query execution done
[2025-04-22T01:47:11.669+0000] {cursor.py:1028} INFO - query: [MERGE INTO MBTA_PREDICTIONS AS target USING (SELECT 'prediction-67995091-70079-9...]
[2025-04-22T01:47:12.809+0000] {cursor.py:1041} INFO - query execution done
[2025-04-22T01:47:12.811+0000] {cursor.py:1028} INFO - query: [MERGE INTO MBTA_PREDICTIONS AS target USING (SELECT 'prediction-67995095-70079-9...]
[2025-04-22T01:47:13.849+0000] {cursor.py:1041} INFO - query execution done
[2025-04-22T01:47:13.860+0000] {cursor.py:1028} INFO - query: [MERGE INTO MBTA_PREDICTIONS AS target USING (SELECT 'prediction-67995118-70080-1...]
[2025-04-22T01:47:14.810+0000] {cursor.py:1041} INFO - query execution done
[2025-04-22T01:47:14.813+0000] {cursor.py:1028} INFO - query: [MERGE INTO MBTA_PREDICTIONS AS target USING (SELECT 'prediction-67995099-70079-9...]
[2025-04-22T01:47:15.882+0000] {cursor.py:1041} INFO - query execution done
[2025-04-22T01:47:15.885+0000] {cursor.py:1028} INFO - query: [MERGE INTO MBTA_PREDICTIONS AS target USING (SELECT 'prediction-67995122-70080-1...]
[2025-04-22T01:47:16.718+0000] {cursor.py:1041} INFO - query execution done
[2025-04-22T01:47:16.727+0000] {cursor.py:1028} INFO - query: [MERGE INTO MBTA_PREDICTIONS AS target USING (SELECT 'prediction-67995103-70079-9...]
[2025-04-22T01:47:17.934+0000] {cursor.py:1041} INFO - query execution done
[2025-04-22T01:47:17.939+0000] {cursor.py:1028} INFO - query: [MERGE INTO MBTA_PREDICTIONS AS target USING (SELECT 'prediction-67995113-70080-1...]
[2025-04-22T01:47:19.207+0000] {cursor.py:1041} INFO - query execution done
[2025-04-22T01:47:19.219+0000] {cursor.py:1028} INFO - query: [COMMIT]
[2025-04-22T01:47:19.352+0000] {cursor.py:1041} INFO - query execution done
[2025-04-22T01:47:19.353+0000] {cursor.py:1205} INFO - Number of results in first chunk: 1
[2025-04-22T01:47:19.353+0000] {mbta_kafka_consumer.py:139} INFO - ✅ Merged 19 new/changed records into Snowflake table: MBTA_PREDICTIONS in 20.12 seconds
[2025-04-22T01:47:19.355+0000] {mbta_kafka_consumer.py:233} INFO - 📥 Received 19 records from topic: mbta_predictions
[2025-04-22T01:47:19.376+0000] {mbta_kafka_consumer.py:56} INFO - 🔍 Sample data for MBTA_PREDICTIONS:
[2025-04-22T01:47:19.377+0000] {mbta_kafka_consumer.py:57} INFO - 
                       PREDICTION_ID ROUTE_ID  ... STATUS                 CREATED_AT
0  prediction-67995090-70080-130-Red      Red  ...   None 2025-04-22 01:47:19.356570
1   prediction-67995075-70079-90-Red      Red  ...   None 2025-04-22 01:47:19.356583
2  prediction-67995094-70080-130-Red      Red  ...   None 2025-04-22 01:47:19.356589
3   prediction-67995077-70079-90-Red      Red  ...   None 2025-04-22 01:47:19.356598
4  prediction-67995098-70080-130-Red      Red  ...   None 2025-04-22 01:47:19.356600

[5 rows x 9 columns]
[2025-04-22T01:47:19.388+0000] {cursor.py:1028} INFO - query: [SELECT * FROM MBTA_PREDICTIONS WHERE PREDICTION_ID IN ('prediction-67995090-7008...]
[2025-04-22T01:47:19.598+0000] {cursor.py:1041} INFO - query execution done
[2025-04-22T01:47:19.599+0000] {cursor.py:1205} INFO - Number of results in first chunk: 19
[2025-04-22T01:47:19.631+0000] {mbta_kafka_consumer.py:104} INFO - 🔁 19 new/updated records out of 19 incoming records (some may be duplicate VEHICLE_IDs) for MBTA_PREDICTIONS
[2025-04-22T01:47:19.633+0000] {cursor.py:1028} INFO - query: [MERGE INTO MBTA_PREDICTIONS AS target USING (SELECT 'prediction-67995090-70080-1...]
[2025-04-22T01:47:20.442+0000] {cursor.py:1041} INFO - query execution done
[2025-04-22T01:47:20.443+0000] {cursor.py:1028} INFO - query: [MERGE INTO MBTA_PREDICTIONS AS target USING (SELECT 'prediction-67995075-70079-9...]
[2025-04-22T01:47:21.444+0000] {cursor.py:1041} INFO - query execution done
[2025-04-22T01:47:21.457+0000] {cursor.py:1028} INFO - query: [MERGE INTO MBTA_PREDICTIONS AS target USING (SELECT 'prediction-67995094-70080-1...]
[2025-04-22T01:47:22.198+0000] {cursor.py:1041} INFO - query execution done
[2025-04-22T01:47:22.210+0000] {cursor.py:1028} INFO - query: [MERGE INTO MBTA_PREDICTIONS AS target USING (SELECT 'prediction-67995077-70079-9...]
[2025-04-22T01:47:22.916+0000] {cursor.py:1041} INFO - query execution done
[2025-04-22T01:47:22.918+0000] {cursor.py:1028} INFO - query: [MERGE INTO MBTA_PREDICTIONS AS target USING (SELECT 'prediction-67995098-70080-1...]
[2025-04-22T01:47:23.767+0000] {cursor.py:1041} INFO - query execution done
[2025-04-22T01:47:23.774+0000] {cursor.py:1028} INFO - query: [MERGE INTO MBTA_PREDICTIONS AS target USING (SELECT 'prediction-67995079-70079-9...]
[2025-04-22T01:47:24.256+0000] {cursor.py:1041} INFO - query execution done
[2025-04-22T01:47:24.257+0000] {cursor.py:1028} INFO - query: [MERGE INTO MBTA_PREDICTIONS AS target USING (SELECT 'prediction-67995081-70079-9...]
[2025-04-22T01:47:25.312+0000] {cursor.py:1041} INFO - query execution done
[2025-04-22T01:47:25.317+0000] {cursor.py:1028} INFO - query: [MERGE INTO MBTA_PREDICTIONS AS target USING (SELECT 'prediction-67995102-70080-1...]
[2025-04-22T01:47:26.374+0000] {cursor.py:1041} INFO - query execution done
[2025-04-22T01:47:26.379+0000] {cursor.py:1028} INFO - query: [MERGE INTO MBTA_PREDICTIONS AS target USING (SELECT 'prediction-67995083-70079-9...]
[2025-04-22T01:47:27.654+0000] {cursor.py:1041} INFO - query execution done
[2025-04-22T01:47:27.655+0000] {cursor.py:1028} INFO - query: [MERGE INTO MBTA_PREDICTIONS AS target USING (SELECT 'prediction-ADDED-1582319672...]
[2025-04-22T01:47:28.989+0000] {cursor.py:1041} INFO - query execution done
[2025-04-22T01:47:28.990+0000] {cursor.py:1028} INFO - query: [MERGE INTO MBTA_PREDICTIONS AS target USING (SELECT 'prediction-67995087-70079-9...]
[2025-04-22T01:47:29.783+0000] {cursor.py:1041} INFO - query execution done
[2025-04-22T01:47:29.788+0000] {cursor.py:1028} INFO - query: [MERGE INTO MBTA_PREDICTIONS AS target USING (SELECT 'prediction-67995110-70080-1...]
[2025-04-22T01:47:30.962+0000] {cursor.py:1041} INFO - query execution done
[2025-04-22T01:47:30.966+0000] {cursor.py:1028} INFO - query: [MERGE INTO MBTA_PREDICTIONS AS target USING (SELECT 'prediction-67995091-70079-9...]
[2025-04-22T01:47:32.362+0000] {cursor.py:1041} INFO - query execution done
[2025-04-22T01:47:32.366+0000] {cursor.py:1028} INFO - query: [MERGE INTO MBTA_PREDICTIONS AS target USING (SELECT 'prediction-67995095-70079-9...]
[2025-04-22T01:47:33.162+0000] {cursor.py:1041} INFO - query execution done
[2025-04-22T01:47:33.163+0000] {cursor.py:1028} INFO - query: [MERGE INTO MBTA_PREDICTIONS AS target USING (SELECT 'prediction-67995118-70080-1...]
[2025-04-22T01:47:34.379+0000] {cursor.py:1041} INFO - query execution done
[2025-04-22T01:47:34.381+0000] {cursor.py:1028} INFO - query: [MERGE INTO MBTA_PREDICTIONS AS target USING (SELECT 'prediction-67995099-70079-9...]
[2025-04-22T01:47:35.365+0000] {cursor.py:1041} INFO - query execution done
[2025-04-22T01:47:35.367+0000] {cursor.py:1028} INFO - query: [MERGE INTO MBTA_PREDICTIONS AS target USING (SELECT 'prediction-67995122-70080-1...]
[2025-04-22T01:47:36.666+0000] {cursor.py:1041} INFO - query execution done
[2025-04-22T01:47:36.666+0000] {cursor.py:1028} INFO - query: [MERGE INTO MBTA_PREDICTIONS AS target USING (SELECT 'prediction-67995103-70079-9...]
[2025-04-22T01:47:37.411+0000] {cursor.py:1041} INFO - query execution done
[2025-04-22T01:47:37.412+0000] {cursor.py:1028} INFO - query: [MERGE INTO MBTA_PREDICTIONS AS target USING (SELECT 'prediction-67995113-70080-1...]
[2025-04-22T01:47:38.084+0000] {cursor.py:1041} INFO - query execution done
[2025-04-22T01:47:38.086+0000] {cursor.py:1028} INFO - query: [COMMIT]
[2025-04-22T01:47:38.222+0000] {cursor.py:1041} INFO - query execution done
[2025-04-22T01:47:38.223+0000] {cursor.py:1205} INFO - Number of results in first chunk: 1
[2025-04-22T01:47:38.224+0000] {mbta_kafka_consumer.py:139} INFO - ✅ Merged 19 new/changed records into Snowflake table: MBTA_PREDICTIONS in 18.84 seconds
[2025-04-22T01:47:38.226+0000] {mbta_kafka_consumer.py:233} INFO - 📥 Received 19 records from topic: mbta_predictions
[2025-04-22T01:47:38.242+0000] {mbta_kafka_consumer.py:56} INFO - 🔍 Sample data for MBTA_PREDICTIONS:
[2025-04-22T01:47:38.243+0000] {mbta_kafka_consumer.py:57} INFO - 
                       PREDICTION_ID ROUTE_ID  ... STATUS                 CREATED_AT
0  prediction-67995090-70080-130-Red      Red  ...   None 2025-04-22 01:47:38.226502
1   prediction-67995075-70079-90-Red      Red  ...   None 2025-04-22 01:47:38.226505
2  prediction-67995094-70080-130-Red      Red  ...   None 2025-04-22 01:47:38.226512
3   prediction-67995077-70079-90-Red      Red  ...   None 2025-04-22 01:47:38.226524
4  prediction-67995098-70080-130-Red      Red  ...   None 2025-04-22 01:47:38.226531

[5 rows x 9 columns]
[2025-04-22T01:47:38.252+0000] {cursor.py:1028} INFO - query: [SELECT * FROM MBTA_PREDICTIONS WHERE PREDICTION_ID IN ('prediction-67995090-7008...]
[2025-04-22T01:47:38.423+0000] {cursor.py:1041} INFO - query execution done
[2025-04-22T01:47:38.424+0000] {cursor.py:1205} INFO - Number of results in first chunk: 19
[2025-04-22T01:47:38.434+0000] {mbta_kafka_consumer.py:104} INFO - 🔁 19 new/updated records out of 19 incoming records (some may be duplicate VEHICLE_IDs) for MBTA_PREDICTIONS
[2025-04-22T01:47:38.435+0000] {cursor.py:1028} INFO - query: [MERGE INTO MBTA_PREDICTIONS AS target USING (SELECT 'prediction-67995090-70080-1...]
[2025-04-22T01:47:39.018+0000] {cursor.py:1041} INFO - query execution done
[2025-04-22T01:47:39.019+0000] {cursor.py:1028} INFO - query: [MERGE INTO MBTA_PREDICTIONS AS target USING (SELECT 'prediction-67995075-70079-9...]
[2025-04-22T01:47:40.048+0000] {cursor.py:1041} INFO - query execution done
[2025-04-22T01:47:40.051+0000] {cursor.py:1028} INFO - query: [MERGE INTO MBTA_PREDICTIONS AS target USING (SELECT 'prediction-67995094-70080-1...]
[2025-04-22T01:47:41.277+0000] {cursor.py:1041} INFO - query execution done
[2025-04-22T01:47:41.277+0000] {cursor.py:1028} INFO - query: [MERGE INTO MBTA_PREDICTIONS AS target USING (SELECT 'prediction-67995077-70079-9...]
[2025-04-22T01:47:43.923+0000] {cursor.py:1041} INFO - query execution done
[2025-04-22T01:47:43.926+0000] {cursor.py:1028} INFO - query: [MERGE INTO MBTA_PREDICTIONS AS target USING (SELECT 'prediction-67995098-70080-1...]
[2025-04-22T01:47:44.964+0000] {cursor.py:1041} INFO - query execution done
[2025-04-22T01:47:44.967+0000] {cursor.py:1028} INFO - query: [MERGE INTO MBTA_PREDICTIONS AS target USING (SELECT 'prediction-67995079-70079-9...]
[2025-04-22T01:47:45.580+0000] {cursor.py:1041} INFO - query execution done
[2025-04-22T01:47:45.582+0000] {cursor.py:1028} INFO - query: [MERGE INTO MBTA_PREDICTIONS AS target USING (SELECT 'prediction-67995081-70079-9...]
[2025-04-22T01:47:46.294+0000] {cursor.py:1041} INFO - query execution done
[2025-04-22T01:47:46.295+0000] {cursor.py:1028} INFO - query: [MERGE INTO MBTA_PREDICTIONS AS target USING (SELECT 'prediction-67995102-70080-1...]
[2025-04-22T01:47:47.366+0000] {cursor.py:1041} INFO - query execution done
[2025-04-22T01:47:47.367+0000] {cursor.py:1028} INFO - query: [MERGE INTO MBTA_PREDICTIONS AS target USING (SELECT 'prediction-67995083-70079-9...]
[2025-04-22T01:47:48.653+0000] {cursor.py:1041} INFO - query execution done
[2025-04-22T01:47:48.654+0000] {cursor.py:1028} INFO - query: [MERGE INTO MBTA_PREDICTIONS AS target USING (SELECT 'prediction-ADDED-1582319672...]
[2025-04-22T01:47:49.638+0000] {cursor.py:1041} INFO - query execution done
[2025-04-22T01:47:49.639+0000] {cursor.py:1028} INFO - query: [MERGE INTO MBTA_PREDICTIONS AS target USING (SELECT 'prediction-67995087-70079-9...]
[2025-04-22T01:47:50.546+0000] {cursor.py:1041} INFO - query execution done
[2025-04-22T01:47:50.547+0000] {cursor.py:1028} INFO - query: [MERGE INTO MBTA_PREDICTIONS AS target USING (SELECT 'prediction-67995110-70080-1...]
[2025-04-22T01:47:51.570+0000] {cursor.py:1041} INFO - query execution done
[2025-04-22T01:47:51.572+0000] {cursor.py:1028} INFO - query: [MERGE INTO MBTA_PREDICTIONS AS target USING (SELECT 'prediction-67995091-70079-9...]
[2025-04-22T01:47:52.453+0000] {cursor.py:1041} INFO - query execution done
[2025-04-22T01:47:52.457+0000] {cursor.py:1028} INFO - query: [MERGE INTO MBTA_PREDICTIONS AS target USING (SELECT 'prediction-67995095-70079-9...]
[2025-04-22T01:47:54.201+0000] {cursor.py:1041} INFO - query execution done
[2025-04-22T01:47:54.207+0000] {cursor.py:1028} INFO - query: [MERGE INTO MBTA_PREDICTIONS AS target USING (SELECT 'prediction-67995118-70080-1...]
[2025-04-22T01:47:55.345+0000] {cursor.py:1041} INFO - query execution done
[2025-04-22T01:47:55.346+0000] {cursor.py:1028} INFO - query: [MERGE INTO MBTA_PREDICTIONS AS target USING (SELECT 'prediction-67995099-70079-9...]
[2025-04-22T01:47:56.556+0000] {cursor.py:1041} INFO - query execution done
[2025-04-22T01:47:56.557+0000] {cursor.py:1028} INFO - query: [MERGE INTO MBTA_PREDICTIONS AS target USING (SELECT 'prediction-67995122-70080-1...]
[2025-04-22T01:47:57.593+0000] {cursor.py:1041} INFO - query execution done
[2025-04-22T01:47:57.601+0000] {cursor.py:1028} INFO - query: [MERGE INTO MBTA_PREDICTIONS AS target USING (SELECT 'prediction-67995103-70079-9...]
[2025-04-22T01:47:58.574+0000] {cursor.py:1041} INFO - query execution done
[2025-04-22T01:47:58.575+0000] {cursor.py:1028} INFO - query: [MERGE INTO MBTA_PREDICTIONS AS target USING (SELECT 'prediction-67995113-70080-1...]
[2025-04-22T01:47:59.699+0000] {cursor.py:1041} INFO - query execution done
[2025-04-22T01:47:59.703+0000] {cursor.py:1028} INFO - query: [COMMIT]
[2025-04-22T01:47:59.842+0000] {cursor.py:1041} INFO - query execution done
[2025-04-22T01:47:59.844+0000] {cursor.py:1205} INFO - Number of results in first chunk: 1
[2025-04-22T01:47:59.844+0000] {mbta_kafka_consumer.py:139} INFO - ✅ Merged 19 new/changed records into Snowflake table: MBTA_PREDICTIONS in 21.59 seconds
[2025-04-22T01:47:59.849+0000] {mbta_kafka_consumer.py:233} INFO - 📥 Received 18 records from topic: mbta_predictions
[2025-04-22T01:47:59.887+0000] {mbta_kafka_consumer.py:56} INFO - 🔍 Sample data for MBTA_PREDICTIONS:
[2025-04-22T01:47:59.888+0000] {mbta_kafka_consumer.py:57} INFO - 
                       PREDICTION_ID ROUTE_ID  ... STATUS                 CREATED_AT
0   prediction-67995075-70079-90-Red      Red  ...   None 2025-04-22 01:47:59.849914
1  prediction-67995094-70080-130-Red      Red  ...   None 2025-04-22 01:47:59.849921
2   prediction-67995077-70079-90-Red      Red  ...   None 2025-04-22 01:47:59.849935
3  prediction-67995098-70080-130-Red      Red  ...   None 2025-04-22 01:47:59.849960
4   prediction-67995079-70079-90-Red      Red  ...   None 2025-04-22 01:47:59.849974

[5 rows x 9 columns]
[2025-04-22T01:47:59.900+0000] {cursor.py:1028} INFO - query: [SELECT * FROM MBTA_PREDICTIONS WHERE PREDICTION_ID IN ('prediction-67995075-7007...]
[2025-04-22T01:48:00.058+0000] {cursor.py:1041} INFO - query execution done
[2025-04-22T01:48:00.059+0000] {cursor.py:1205} INFO - Number of results in first chunk: 18
[2025-04-22T01:48:00.079+0000] {mbta_kafka_consumer.py:104} INFO - 🔁 18 new/updated records out of 18 incoming records (some may be duplicate VEHICLE_IDs) for MBTA_PREDICTIONS
[2025-04-22T01:48:00.080+0000] {cursor.py:1028} INFO - query: [MERGE INTO MBTA_PREDICTIONS AS target USING (SELECT 'prediction-67995075-70079-9...]
[2025-04-22T01:48:00.734+0000] {cursor.py:1041} INFO - query execution done
[2025-04-22T01:48:00.735+0000] {cursor.py:1028} INFO - query: [MERGE INTO MBTA_PREDICTIONS AS target USING (SELECT 'prediction-67995094-70080-1...]
[2025-04-22T01:48:01.719+0000] {cursor.py:1041} INFO - query execution done
[2025-04-22T01:48:01.723+0000] {cursor.py:1028} INFO - query: [MERGE INTO MBTA_PREDICTIONS AS target USING (SELECT 'prediction-67995077-70079-9...]
[2025-04-22T01:48:02.980+0000] {cursor.py:1041} INFO - query execution done
[2025-04-22T01:48:02.982+0000] {cursor.py:1028} INFO - query: [MERGE INTO MBTA_PREDICTIONS AS target USING (SELECT 'prediction-67995098-70080-1...]
[2025-04-22T01:48:04.008+0000] {cursor.py:1041} INFO - query execution done
[2025-04-22T01:48:04.009+0000] {cursor.py:1028} INFO - query: [MERGE INTO MBTA_PREDICTIONS AS target USING (SELECT 'prediction-67995079-70079-9...]
[2025-04-22T01:48:04.403+0000] {local_task_job_runner.py:121} ERROR - Received SIGTERM. Terminating subprocesses
[2025-04-22T01:48:04.534+0000] {process_utils.py:131} INFO - Sending 15 to group 296. PIDs of all processes in the group: [296]
[2025-04-22T01:48:04.537+0000] {process_utils.py:86} INFO - Sending the signal 15 to group 296
[2025-04-22T01:48:04.547+0000] {taskinstance.py:2450} ERROR - Received SIGTERM. Terminating subprocesses.
[2025-04-22T01:48:04.651+0000] {mbta_kafka_consumer.py:212} ERROR - ❌ Error processing topic mbta_predictions: Task received SIGTERM signal
[2025-04-22T01:48:04.698+0000] {mbta_kafka_consumer.py:233} INFO - 📥 Received 19 records from topic: mbta_predictions
[2025-04-22T01:48:04.844+0000] {mbta_kafka_consumer.py:56} INFO - 🔍 Sample data for MBTA_PREDICTIONS:
[2025-04-22T01:48:04.852+0000] {mbta_kafka_consumer.py:57} INFO - 
                       PREDICTION_ID ROUTE_ID  ... STATUS                 CREATED_AT
0   prediction-67995075-70079-90-Red      Red  ...   None 2025-04-22 01:48:04.762653
1  prediction-67995094-70080-130-Red      Red  ...   None 2025-04-22 01:48:04.762683
2   prediction-67995077-70079-90-Red      Red  ...   None 2025-04-22 01:48:04.762685
3  prediction-67995098-70080-130-Red      Red  ...   None 2025-04-22 01:48:04.762698
4   prediction-67995079-70079-90-Red      Red  ...   None 2025-04-22 01:48:04.762713

[5 rows x 9 columns]
[2025-04-22T01:48:04.887+0000] {cursor.py:1028} INFO - query: [SELECT * FROM MBTA_PREDICTIONS WHERE PREDICTION_ID IN ('prediction-67995075-7007...]
[2025-04-22T01:48:05.638+0000] {cursor.py:1041} INFO - query execution done
[2025-04-22T01:48:05.642+0000] {cursor.py:1205} INFO - Number of results in first chunk: 19
[2025-04-22T01:48:05.682+0000] {mbta_kafka_consumer.py:104} INFO - 🔁 19 new/updated records out of 19 incoming records (some may be duplicate VEHICLE_IDs) for MBTA_PREDICTIONS
[2025-04-22T01:48:05.685+0000] {cursor.py:1028} INFO - query: [MERGE INTO MBTA_PREDICTIONS AS target USING (SELECT 'prediction-67995075-70079-9...]
[2025-04-22T01:48:06.893+0000] {cursor.py:1041} INFO - query execution done
[2025-04-22T01:48:06.899+0000] {cursor.py:1028} INFO - query: [MERGE INTO MBTA_PREDICTIONS AS target USING (SELECT 'prediction-67995094-70080-1...]
[2025-04-22T01:48:07.897+0000] {cursor.py:1041} INFO - query execution done
[2025-04-22T01:48:07.898+0000] {cursor.py:1028} INFO - query: [MERGE INTO MBTA_PREDICTIONS AS target USING (SELECT 'prediction-67995077-70079-9...]
