[2025-04-22T22:52:42.618+0000] {taskinstance.py:1956} INFO - Dependencies all met for dep_context=non-requeueable deps ti=<TaskInstance: mbta_kafka_consumer_dag.run_kafka_consumer scheduled__2025-04-22T22:45:00+00:00 [queued]>
[2025-04-22T22:52:42.634+0000] {taskinstance.py:1956} INFO - Dependencies all met for dep_context=requeueable deps ti=<TaskInstance: mbta_kafka_consumer_dag.run_kafka_consumer scheduled__2025-04-22T22:45:00+00:00 [queued]>
[2025-04-22T22:52:42.635+0000] {taskinstance.py:2170} INFO - Starting attempt 2 of 2
[2025-04-22T22:52:42.663+0000] {taskinstance.py:2191} INFO - Executing <Task(PythonOperator): run_kafka_consumer> on 2025-04-22 22:45:00+00:00
[2025-04-22T22:52:42.680+0000] {standard_task_runner.py:60} INFO - Started process 215 to run task
[2025-04-22T22:52:42.690+0000] {standard_task_runner.py:87} INFO - Running: ['***', 'tasks', 'run', 'mbta_kafka_consumer_dag', 'run_kafka_consumer', 'scheduled__2025-04-22T22:45:00+00:00', '--job-id', '54', '--raw', '--subdir', 'DAGS_FOLDER/mbta_kafka_consumer_dag.py', '--cfg-path', '/tmp/tmpwxt8wipv']
[2025-04-22T22:52:42.699+0000] {standard_task_runner.py:88} INFO - Job 54: Subtask run_kafka_consumer
[2025-04-22T22:52:43.070+0000] {task_command.py:423} INFO - Running <TaskInstance: mbta_kafka_consumer_dag.run_kafka_consumer scheduled__2025-04-22T22:45:00+00:00 [running]> on host ac2d5540932a
[2025-04-22T22:52:43.482+0000] {taskinstance.py:2480} INFO - Exporting env vars: AIRFLOW_CTX_DAG_OWNER='***' AIRFLOW_CTX_DAG_ID='mbta_kafka_consumer_dag' AIRFLOW_CTX_TASK_ID='run_kafka_consumer' AIRFLOW_CTX_EXECUTION_DATE='2025-04-22T22:45:00+00:00' AIRFLOW_CTX_TRY_NUMBER='2' AIRFLOW_CTX_DAG_RUN_ID='scheduled__2025-04-22T22:45:00+00:00'
[2025-04-22T22:52:43.488+0000] {connection.py:370} INFO - Snowflake Connector for Python Version: 3.6.0, Python Version: 3.9.18, Platform: Linux-6.10.14-linuxkit-aarch64-with-glibc2.36
[2025-04-22T22:52:43.494+0000] {connection.py:1171} INFO - This connection is in OCSP Fail Open Mode. TLS Certificates would be checked for validity and revocation status. Any other Certificate Revocation related exceptions or OCSP Responder failures would be disregarded in favor of connectivity.
[2025-04-22T22:52:44.167+0000] {mbta_kafka_consumer.py:45} INFO - ✅ Connected to Snowflake successfully.
[2025-04-22T22:52:44.175+0000] {mbta_kafka_consumer.py:219} INFO - 🚀 Starting MBTA Kafka Consumer...
[2025-04-22T22:52:44.183+0000] {conn.py:395} INFO - <BrokerConnection client_id=kafka-python-2.1.5, node_id=bootstrap-0 host=kafka:9092 <connecting> [IPv4 ('172.18.0.4', 9092)]>: connecting to kafka:9092 [('172.18.0.4', 9092) IPv4]
[2025-04-22T22:52:44.220+0000] {conn.py:615} INFO - <BrokerConnection client_id=kafka-python-2.1.5, node_id=bootstrap-0 host=kafka:9092 <checking_api_versions_recv> [IPv4 ('172.18.0.4', 9092)]>: Broker version identified as 2.6
[2025-04-22T22:52:44.221+0000] {conn.py:456} INFO - <BrokerConnection client_id=kafka-python-2.1.5, node_id=bootstrap-0 host=kafka:9092 <connected> [IPv4 ('172.18.0.4', 9092)]>: Connection complete.
[2025-04-22T22:52:44.224+0000] {consumer.py:119} WARNING - group_id is None: disabling auto-commit.
[2025-04-22T22:52:44.224+0000] {subscription_state.py:182} INFO - Updating subscribed topics to: ('mbta_alerts', 'mbta_routes', 'mbta_stops', 'mbta_vehicles', 'mbta_predictions')
[2025-04-22T22:52:44.259+0000] {subscription_state.py:254} INFO - Updated partition assignment: [('mbta_predictions', 0), ('mbta_vehicles', 0), ('mbta_routes', 0), ('mbta_stops', 0), ('mbta_alerts', 0)]
[2025-04-22T22:52:44.261+0000] {conn.py:395} INFO - <BrokerConnection client_id=kafka-python-2.1.5, node_id=1 host=kafka:9092 <connecting> [IPv4 ('172.18.0.4', 9092)]>: connecting to kafka:9092 [('172.18.0.4', 9092) IPv4]
[2025-04-22T22:52:44.263+0000] {conn.py:456} INFO - <BrokerConnection client_id=kafka-python-2.1.5, node_id=1 host=kafka:9092 <connected> [IPv4 ('172.18.0.4', 9092)]>: Connection complete.
[2025-04-22T22:52:44.263+0000] {conn.py:936} INFO - <BrokerConnection client_id=kafka-python-2.1.5, node_id=bootstrap-0 host=kafka:9092 <connected> [IPv4 ('172.18.0.4', 9092)]>: Closing connection. 
[2025-04-22T22:52:52.699+0000] {mbta_kafka_consumer.py:233} INFO - 📥 Received 25 records from topic: mbta_predictions
[2025-04-22T22:52:53.229+0000] {mbta_kafka_consumer.py:56} INFO - 🔍 Sample data for MBTA_PREDICTIONS:
[2025-04-22T22:52:53.248+0000] {mbta_kafka_consumer.py:57} INFO - 
                       PREDICTION_ID ROUTE_ID  ... STATUS                 CREATED_AT
0  prediction-67995058-70080-130-Red      Red  ...   None 2025-04-22 22:52:52.783583
1   prediction-67995017-70079-90-Red      Red  ...   None 2025-04-22 22:52:52.783631
2  prediction-67994964-70080-130-Red      Red  ...   None 2025-04-22 22:52:52.783669
3   prediction-67995023-70079-90-Red      Red  ...   None 2025-04-22 22:52:52.788916
4  prediction-67994970-70080-130-Red      Red  ...   None 2025-04-22 22:52:52.788954

[5 rows x 9 columns]
[2025-04-22T22:52:53.592+0000] {cursor.py:1028} INFO - query: [SELECT * FROM MBTA_PREDICTIONS WHERE PREDICTION_ID IN ('prediction-67995058-7008...]
[2025-04-22T22:52:54.488+0000] {cursor.py:1041} INFO - query execution done
[2025-04-22T22:52:54.542+0000] {cursor.py:1205} INFO - Number of results in first chunk: 25
[2025-04-22T22:52:56.191+0000] {mbta_kafka_consumer.py:104} INFO - 🔁 25 new/updated records out of 25 incoming records (some may be duplicate VEHICLE_IDs) for MBTA_PREDICTIONS
[2025-04-22T22:52:56.272+0000] {cursor.py:1028} INFO - query: [MERGE INTO MBTA_PREDICTIONS AS target USING (SELECT 'prediction-67995058-70080-1...]
[2025-04-22T22:52:57.071+0000] {cursor.py:1041} INFO - query execution done
[2025-04-22T22:52:57.100+0000] {cursor.py:1028} INFO - query: [MERGE INTO MBTA_PREDICTIONS AS target USING (SELECT 'prediction-67995017-70079-9...]
[2025-04-22T22:52:57.770+0000] {cursor.py:1041} INFO - query execution done
[2025-04-22T22:52:57.812+0000] {cursor.py:1028} INFO - query: [MERGE INTO MBTA_PREDICTIONS AS target USING (SELECT 'prediction-67994964-70080-1...]
[2025-04-22T22:52:58.449+0000] {cursor.py:1041} INFO - query execution done
[2025-04-22T22:52:58.497+0000] {cursor.py:1028} INFO - query: [MERGE INTO MBTA_PREDICTIONS AS target USING (SELECT 'prediction-67995023-70079-9...]
[2025-04-22T22:52:59.252+0000] {cursor.py:1041} INFO - query execution done
[2025-04-22T22:52:59.295+0000] {cursor.py:1028} INFO - query: [MERGE INTO MBTA_PREDICTIONS AS target USING (SELECT 'prediction-67994970-70080-1...]
[2025-04-22T22:53:01.711+0000] {cursor.py:1041} INFO - query execution done
[2025-04-22T22:53:01.724+0000] {cursor.py:1028} INFO - query: [MERGE INTO MBTA_PREDICTIONS AS target USING (SELECT 'prediction-67995035-70079-9...]
[2025-04-22T22:53:04.467+0000] {cursor.py:1041} INFO - query execution done
[2025-04-22T22:53:04.496+0000] {cursor.py:1028} INFO - query: [MERGE INTO MBTA_PREDICTIONS AS target USING (SELECT 'prediction-ADDED-1582320905...]
[2025-04-22T22:53:05.616+0000] {cursor.py:1041} INFO - query execution done
[2025-04-22T22:53:05.632+0000] {cursor.py:1028} INFO - query: [MERGE INTO MBTA_PREDICTIONS AS target USING (SELECT 'prediction-67995041-70079-9...]
[2025-04-22T22:53:06.802+0000] {cursor.py:1041} INFO - query execution done
[2025-04-22T22:53:06.805+0000] {cursor.py:1028} INFO - query: [MERGE INTO MBTA_PREDICTIONS AS target USING (SELECT 'prediction-67994982-70080-1...]
[2025-04-22T22:53:08.013+0000] {cursor.py:1041} INFO - query execution done
[2025-04-22T22:53:08.028+0000] {cursor.py:1028} INFO - query: [MERGE INTO MBTA_PREDICTIONS AS target USING (SELECT 'prediction-67995047-70079-9...]
[2025-04-22T22:53:09.375+0000] {cursor.py:1041} INFO - query execution done
[2025-04-22T22:53:09.388+0000] {cursor.py:1028} INFO - query: [MERGE INTO MBTA_PREDICTIONS AS target USING (SELECT 'prediction-67995053-70079-9...]
[2025-04-22T22:53:11.294+0000] {cursor.py:1041} INFO - query execution done
[2025-04-22T22:53:11.300+0000] {cursor.py:1028} INFO - query: [MERGE INTO MBTA_PREDICTIONS AS target USING (SELECT 'prediction-67994994-70080-1...]
[2025-04-22T22:53:13.698+0000] {cursor.py:1041} INFO - query execution done
[2025-04-22T22:53:13.703+0000] {cursor.py:1028} INFO - query: [MERGE INTO MBTA_PREDICTIONS AS target USING (SELECT 'prediction-67995059-70079-9...]
[2025-04-22T22:53:16.193+0000] {cursor.py:1041} INFO - query execution done
[2025-04-22T22:53:16.209+0000] {cursor.py:1028} INFO - query: [MERGE INTO MBTA_PREDICTIONS AS target USING (SELECT 'prediction-67995000-70080-1...]
[2025-04-22T22:53:16.907+0000] {cursor.py:1041} INFO - query execution done
[2025-04-22T22:53:16.918+0000] {cursor.py:1028} INFO - query: [MERGE INTO MBTA_PREDICTIONS AS target USING (SELECT 'prediction-67994965-70079-9...]
[2025-04-22T22:53:19.293+0000] {cursor.py:1041} INFO - query execution done
[2025-04-22T22:53:19.298+0000] {cursor.py:1028} INFO - query: [MERGE INTO MBTA_PREDICTIONS AS target USING (SELECT 'prediction-67995006-70080-1...]
[2025-04-22T22:53:21.654+0000] {cursor.py:1041} INFO - query execution done
[2025-04-22T22:53:21.687+0000] {cursor.py:1028} INFO - query: [MERGE INTO MBTA_PREDICTIONS AS target USING (SELECT 'prediction-67994971-70079-9...]
[2025-04-22T22:53:24.377+0000] {cursor.py:1041} INFO - query execution done
[2025-04-22T22:53:24.381+0000] {cursor.py:1028} INFO - query: [MERGE INTO MBTA_PREDICTIONS AS target USING (SELECT 'prediction-67995012-70080-1...]
[2025-04-22T22:53:27.824+0000] {cursor.py:1041} INFO - query execution done
[2025-04-22T22:53:27.827+0000] {cursor.py:1028} INFO - query: [MERGE INTO MBTA_PREDICTIONS AS target USING (SELECT 'prediction-67994977-70079-9...]
[2025-04-22T22:53:30.654+0000] {cursor.py:1041} INFO - query execution done
[2025-04-22T22:53:30.661+0000] {cursor.py:1028} INFO - query: [MERGE INTO MBTA_PREDICTIONS AS target USING (SELECT 'prediction-67995018-70080-1...]
[2025-04-22T22:53:33.397+0000] {cursor.py:1041} INFO - query execution done
[2025-04-22T22:53:33.401+0000] {cursor.py:1028} INFO - query: [MERGE INTO MBTA_PREDICTIONS AS target USING (SELECT 'prediction-67994988-70080-1...]
[2025-04-22T22:53:36.033+0000] {cursor.py:1041} INFO - query execution done
[2025-04-22T22:53:36.037+0000] {cursor.py:1028} INFO - query: [MERGE INTO MBTA_PREDICTIONS AS target USING (SELECT 'prediction-67995024-70080-1...]
[2025-04-22T22:53:38.512+0000] {cursor.py:1041} INFO - query execution done
[2025-04-22T22:53:38.524+0000] {cursor.py:1028} INFO - query: [MERGE INTO MBTA_PREDICTIONS AS target USING (SELECT 'prediction-67994989-70079-9...]
[2025-04-22T22:53:41.526+0000] {cursor.py:1041} INFO - query execution done
[2025-04-22T22:53:41.533+0000] {cursor.py:1028} INFO - query: [MERGE INTO MBTA_PREDICTIONS AS target USING (SELECT 'prediction-67995030-70080-1...]
[2025-04-22T22:53:44.054+0000] {cursor.py:1041} INFO - query execution done
[2025-04-22T22:53:44.059+0000] {cursor.py:1028} INFO - query: [MERGE INTO MBTA_PREDICTIONS AS target USING (SELECT 'prediction-67995036-70080-1...]
[2025-04-22T22:53:46.740+0000] {cursor.py:1041} INFO - query execution done
[2025-04-22T22:53:46.758+0000] {cursor.py:1028} INFO - query: [COMMIT]
[2025-04-22T22:53:46.932+0000] {cursor.py:1041} INFO - query execution done
[2025-04-22T22:53:46.933+0000] {cursor.py:1205} INFO - Number of results in first chunk: 1
[2025-04-22T22:53:46.935+0000] {mbta_kafka_consumer.py:139} INFO - ✅ Merged 25 new/changed records into Snowflake table: MBTA_PREDICTIONS in 53.36 seconds
[2025-04-22T22:53:46.948+0000] {mbta_kafka_consumer.py:233} INFO - 📥 Received 25 records from topic: mbta_predictions
[2025-04-22T22:53:47.070+0000] {mbta_kafka_consumer.py:56} INFO - 🔍 Sample data for MBTA_PREDICTIONS:
[2025-04-22T22:53:47.074+0000] {mbta_kafka_consumer.py:57} INFO - 
                       PREDICTION_ID ROUTE_ID  ... STATUS                 CREATED_AT
0  prediction-67995058-70080-130-Red      Red  ...   None 2025-04-22 22:53:46.950475
1   prediction-67995017-70079-90-Red      Red  ...   None 2025-04-22 22:53:46.950484
2  prediction-67994964-70080-130-Red      Red  ...   None 2025-04-22 22:53:46.950487
3   prediction-67995023-70079-90-Red      Red  ...   None 2025-04-22 22:53:46.950488
4  prediction-67994970-70080-130-Red      Red  ...   None 2025-04-22 22:53:46.950493

[5 rows x 9 columns]
[2025-04-22T22:53:47.142+0000] {cursor.py:1028} INFO - query: [SELECT * FROM MBTA_PREDICTIONS WHERE PREDICTION_ID IN ('prediction-67995058-7008...]
[2025-04-22T22:53:47.337+0000] {cursor.py:1041} INFO - query execution done
[2025-04-22T22:53:47.338+0000] {cursor.py:1205} INFO - Number of results in first chunk: 25
[2025-04-22T22:53:47.560+0000] {mbta_kafka_consumer.py:104} INFO - 🔁 25 new/updated records out of 25 incoming records (some may be duplicate VEHICLE_IDs) for MBTA_PREDICTIONS
[2025-04-22T22:53:47.572+0000] {cursor.py:1028} INFO - query: [MERGE INTO MBTA_PREDICTIONS AS target USING (SELECT 'prediction-67995058-70080-1...]
[2025-04-22T22:53:51.370+0000] {cursor.py:1041} INFO - query execution done
[2025-04-22T22:53:51.378+0000] {cursor.py:1028} INFO - query: [MERGE INTO MBTA_PREDICTIONS AS target USING (SELECT 'prediction-67995017-70079-9...]
[2025-04-22T22:53:54.127+0000] {cursor.py:1041} INFO - query execution done
[2025-04-22T22:53:54.139+0000] {cursor.py:1028} INFO - query: [MERGE INTO MBTA_PREDICTIONS AS target USING (SELECT 'prediction-67994964-70080-1...]
[2025-04-22T22:53:57.039+0000] {cursor.py:1041} INFO - query execution done
[2025-04-22T22:53:57.046+0000] {cursor.py:1028} INFO - query: [MERGE INTO MBTA_PREDICTIONS AS target USING (SELECT 'prediction-67995023-70079-9...]
[2025-04-22T22:53:59.942+0000] {cursor.py:1041} INFO - query execution done
[2025-04-22T22:53:59.948+0000] {cursor.py:1028} INFO - query: [MERGE INTO MBTA_PREDICTIONS AS target USING (SELECT 'prediction-67994970-70080-1...]
[2025-04-22T22:54:03.853+0000] {cursor.py:1041} INFO - query execution done
[2025-04-22T22:54:03.857+0000] {cursor.py:1028} INFO - query: [MERGE INTO MBTA_PREDICTIONS AS target USING (SELECT 'prediction-67995035-70079-9...]
[2025-04-22T22:54:07.161+0000] {cursor.py:1041} INFO - query execution done
[2025-04-22T22:54:07.166+0000] {cursor.py:1028} INFO - query: [MERGE INTO MBTA_PREDICTIONS AS target USING (SELECT 'prediction-ADDED-1582320905...]
[2025-04-22T22:54:10.285+0000] {cursor.py:1041} INFO - query execution done
[2025-04-22T22:54:10.294+0000] {cursor.py:1028} INFO - query: [MERGE INTO MBTA_PREDICTIONS AS target USING (SELECT 'prediction-67995041-70079-9...]
[2025-04-22T22:54:12.683+0000] {cursor.py:1041} INFO - query execution done
[2025-04-22T22:54:12.687+0000] {cursor.py:1028} INFO - query: [MERGE INTO MBTA_PREDICTIONS AS target USING (SELECT 'prediction-67994982-70080-1...]
[2025-04-22T22:54:15.907+0000] {cursor.py:1041} INFO - query execution done
[2025-04-22T22:54:15.911+0000] {cursor.py:1028} INFO - query: [MERGE INTO MBTA_PREDICTIONS AS target USING (SELECT 'prediction-67995047-70079-9...]
[2025-04-22T22:54:18.550+0000] {cursor.py:1041} INFO - query execution done
[2025-04-22T22:54:18.554+0000] {cursor.py:1028} INFO - query: [MERGE INTO MBTA_PREDICTIONS AS target USING (SELECT 'prediction-67995053-70079-9...]
[2025-04-22T22:54:20.916+0000] {cursor.py:1041} INFO - query execution done
[2025-04-22T22:54:20.919+0000] {cursor.py:1028} INFO - query: [MERGE INTO MBTA_PREDICTIONS AS target USING (SELECT 'prediction-67994994-70080-1...]
[2025-04-22T22:54:23.681+0000] {cursor.py:1041} INFO - query execution done
[2025-04-22T22:54:23.687+0000] {cursor.py:1028} INFO - query: [MERGE INTO MBTA_PREDICTIONS AS target USING (SELECT 'prediction-67995059-70079-9...]
[2025-04-22T22:54:26.400+0000] {cursor.py:1041} INFO - query execution done
[2025-04-22T22:54:26.434+0000] {cursor.py:1028} INFO - query: [MERGE INTO MBTA_PREDICTIONS AS target USING (SELECT 'prediction-67995000-70080-1...]
[2025-04-22T22:54:32.047+0000] {cursor.py:1041} INFO - query execution done
[2025-04-22T22:54:35.458+0000] {cursor.py:1028} INFO - query: [MERGE INTO MBTA_PREDICTIONS AS target USING (SELECT 'prediction-67994965-70079-9...]
[2025-04-22T22:54:38.050+0000] {cursor.py:1041} INFO - query execution done
[2025-04-22T22:54:38.054+0000] {cursor.py:1028} INFO - query: [MERGE INTO MBTA_PREDICTIONS AS target USING (SELECT 'prediction-67995006-70080-1...]
[2025-04-22T22:54:40.947+0000] {cursor.py:1041} INFO - query execution done
[2025-04-22T22:54:40.952+0000] {cursor.py:1028} INFO - query: [MERGE INTO MBTA_PREDICTIONS AS target USING (SELECT 'prediction-67994971-70079-9...]
[2025-04-22T22:54:43.672+0000] {cursor.py:1041} INFO - query execution done
[2025-04-22T22:54:43.678+0000] {cursor.py:1028} INFO - query: [MERGE INTO MBTA_PREDICTIONS AS target USING (SELECT 'prediction-67995012-70080-1...]
[2025-04-22T22:54:46.495+0000] {cursor.py:1041} INFO - query execution done
[2025-04-22T22:54:46.500+0000] {cursor.py:1028} INFO - query: [MERGE INTO MBTA_PREDICTIONS AS target USING (SELECT 'prediction-67994977-70079-9...]
[2025-04-22T22:54:49.991+0000] {cursor.py:1041} INFO - query execution done
[2025-04-22T22:54:49.996+0000] {cursor.py:1028} INFO - query: [MERGE INTO MBTA_PREDICTIONS AS target USING (SELECT 'prediction-67995018-70080-1...]
[2025-04-22T22:54:52.683+0000] {cursor.py:1041} INFO - query execution done
[2025-04-22T22:54:52.687+0000] {cursor.py:1028} INFO - query: [MERGE INTO MBTA_PREDICTIONS AS target USING (SELECT 'prediction-67994988-70080-1...]
[2025-04-22T22:54:56.158+0000] {cursor.py:1041} INFO - query execution done
[2025-04-22T22:54:56.160+0000] {cursor.py:1028} INFO - query: [MERGE INTO MBTA_PREDICTIONS AS target USING (SELECT 'prediction-67995024-70080-1...]
[2025-04-22T22:54:59.445+0000] {cursor.py:1041} INFO - query execution done
[2025-04-22T22:54:59.447+0000] {cursor.py:1028} INFO - query: [MERGE INTO MBTA_PREDICTIONS AS target USING (SELECT 'prediction-67994989-70079-9...]
[2025-04-22T22:55:02.479+0000] {cursor.py:1041} INFO - query execution done
[2025-04-22T22:55:02.483+0000] {cursor.py:1028} INFO - query: [MERGE INTO MBTA_PREDICTIONS AS target USING (SELECT 'prediction-67995030-70080-1...]
[2025-04-22T22:55:05.285+0000] {cursor.py:1041} INFO - query execution done
[2025-04-22T22:55:05.291+0000] {cursor.py:1028} INFO - query: [MERGE INTO MBTA_PREDICTIONS AS target USING (SELECT 'prediction-67995036-70080-1...]
[2025-04-22T22:55:08.407+0000] {cursor.py:1041} INFO - query execution done
[2025-04-22T22:55:08.410+0000] {cursor.py:1028} INFO - query: [COMMIT]
[2025-04-22T22:55:08.546+0000] {cursor.py:1041} INFO - query execution done
[2025-04-22T22:55:08.547+0000] {cursor.py:1205} INFO - Number of results in first chunk: 1
[2025-04-22T22:55:08.548+0000] {mbta_kafka_consumer.py:139} INFO - ✅ Merged 25 new/changed records into Snowflake table: MBTA_PREDICTIONS in 81.41 seconds
[2025-04-22T22:55:08.554+0000] {mbta_kafka_consumer.py:233} INFO - 📥 Received 26 records from topic: mbta_predictions
[2025-04-22T22:55:08.591+0000] {mbta_kafka_consumer.py:56} INFO - 🔍 Sample data for MBTA_PREDICTIONS:
[2025-04-22T22:55:08.592+0000] {mbta_kafka_consumer.py:57} INFO - 
                       PREDICTION_ID ROUTE_ID  ... STATUS                 CREATED_AT
0   prediction-67995017-70079-90-Red      Red  ...   None 2025-04-22 22:55:08.555069
1  prediction-67995058-70080-130-Red      Red  ...   None 2025-04-22 22:55:08.555074
2  prediction-67994964-70080-130-Red      Red  ...   None 2025-04-22 22:55:08.555079
3   prediction-67995023-70079-90-Red      Red  ...   None 2025-04-22 22:55:08.555085
4  prediction-67994970-70080-130-Red      Red  ...   None 2025-04-22 22:55:08.555087

[5 rows x 9 columns]
[2025-04-22T22:55:08.607+0000] {cursor.py:1028} INFO - query: [SELECT * FROM MBTA_PREDICTIONS WHERE PREDICTION_ID IN ('prediction-67995017-7007...]
[2025-04-22T22:55:08.826+0000] {cursor.py:1041} INFO - query execution done
[2025-04-22T22:55:08.828+0000] {cursor.py:1205} INFO - Number of results in first chunk: 26
[2025-04-22T22:55:08.896+0000] {mbta_kafka_consumer.py:104} INFO - 🔁 26 new/updated records out of 26 incoming records (some may be duplicate VEHICLE_IDs) for MBTA_PREDICTIONS
[2025-04-22T22:55:08.897+0000] {cursor.py:1028} INFO - query: [MERGE INTO MBTA_PREDICTIONS AS target USING (SELECT 'prediction-67995017-70079-9...]
[2025-04-22T22:55:11.206+0000] {cursor.py:1041} INFO - query execution done
[2025-04-22T22:55:11.211+0000] {cursor.py:1028} INFO - query: [MERGE INTO MBTA_PREDICTIONS AS target USING (SELECT 'prediction-67995058-70080-1...]
[2025-04-22T22:55:13.972+0000] {cursor.py:1041} INFO - query execution done
[2025-04-22T22:55:13.979+0000] {cursor.py:1028} INFO - query: [MERGE INTO MBTA_PREDICTIONS AS target USING (SELECT 'prediction-67994964-70080-1...]
[2025-04-22T22:55:17.002+0000] {cursor.py:1041} INFO - query execution done
[2025-04-22T22:55:17.007+0000] {cursor.py:1028} INFO - query: [MERGE INTO MBTA_PREDICTIONS AS target USING (SELECT 'prediction-67995023-70079-9...]
[2025-04-22T22:55:20.138+0000] {cursor.py:1041} INFO - query execution done
[2025-04-22T22:55:20.143+0000] {cursor.py:1028} INFO - query: [MERGE INTO MBTA_PREDICTIONS AS target USING (SELECT 'prediction-67994970-70080-1...]
[2025-04-22T22:55:22.802+0000] {cursor.py:1041} INFO - query execution done
[2025-04-22T22:55:22.804+0000] {cursor.py:1028} INFO - query: [MERGE INTO MBTA_PREDICTIONS AS target USING (SELECT 'prediction-67995035-70079-9...]
[2025-04-22T22:55:26.371+0000] {cursor.py:1041} INFO - query execution done
[2025-04-22T22:55:26.379+0000] {cursor.py:1028} INFO - query: [MERGE INTO MBTA_PREDICTIONS AS target USING (SELECT 'prediction-ADDED-1582320905...]
[2025-04-22T22:55:29.474+0000] {cursor.py:1041} INFO - query execution done
[2025-04-22T22:55:29.476+0000] {cursor.py:1028} INFO - query: [MERGE INTO MBTA_PREDICTIONS AS target USING (SELECT 'prediction-67995041-70079-9...]
[2025-04-22T22:55:31.802+0000] {cursor.py:1041} INFO - query execution done
[2025-04-22T22:55:31.805+0000] {cursor.py:1028} INFO - query: [MERGE INTO MBTA_PREDICTIONS AS target USING (SELECT 'prediction-67994982-70080-1...]
[2025-04-22T22:55:35.535+0000] {cursor.py:1041} INFO - query execution done
[2025-04-22T22:55:35.545+0000] {cursor.py:1028} INFO - query: [MERGE INTO MBTA_PREDICTIONS AS target USING (SELECT 'prediction-67995047-70079-9...]
[2025-04-22T22:55:39.005+0000] {cursor.py:1041} INFO - query execution done
[2025-04-22T22:55:39.010+0000] {cursor.py:1028} INFO - query: [MERGE INTO MBTA_PREDICTIONS AS target USING (SELECT 'prediction-ADDED-1582320915...]
[2025-04-22T22:55:42.124+0000] {cursor.py:1041} INFO - query execution done
[2025-04-22T22:55:42.136+0000] {cursor.py:1028} INFO - query: [MERGE INTO MBTA_PREDICTIONS AS target USING (SELECT 'prediction-67995053-70079-9...]
[2025-04-22T22:55:45.212+0000] {cursor.py:1041} INFO - query execution done
[2025-04-22T22:55:45.215+0000] {cursor.py:1028} INFO - query: [MERGE INTO MBTA_PREDICTIONS AS target USING (SELECT 'prediction-67994994-70080-1...]
[2025-04-22T22:55:48.088+0000] {cursor.py:1041} INFO - query execution done
[2025-04-22T22:55:48.089+0000] {cursor.py:1028} INFO - query: [MERGE INTO MBTA_PREDICTIONS AS target USING (SELECT 'prediction-67995059-70079-9...]
[2025-04-22T22:55:51.062+0000] {cursor.py:1041} INFO - query execution done
[2025-04-22T22:55:51.067+0000] {cursor.py:1028} INFO - query: [MERGE INTO MBTA_PREDICTIONS AS target USING (SELECT 'prediction-67995000-70080-1...]
[2025-04-22T22:55:54.006+0000] {cursor.py:1041} INFO - query execution done
[2025-04-22T22:55:54.008+0000] {cursor.py:1028} INFO - query: [MERGE INTO MBTA_PREDICTIONS AS target USING (SELECT 'prediction-67994965-70079-9...]
[2025-04-22T22:55:56.855+0000] {cursor.py:1041} INFO - query execution done
[2025-04-22T22:55:56.860+0000] {cursor.py:1028} INFO - query: [MERGE INTO MBTA_PREDICTIONS AS target USING (SELECT 'prediction-67995006-70080-1...]
[2025-04-22T22:56:00.580+0000] {cursor.py:1041} INFO - query execution done
[2025-04-22T22:56:00.590+0000] {cursor.py:1028} INFO - query: [MERGE INTO MBTA_PREDICTIONS AS target USING (SELECT 'prediction-67994971-70079-9...]
[2025-04-22T22:56:03.413+0000] {cursor.py:1041} INFO - query execution done
[2025-04-22T22:56:03.420+0000] {cursor.py:1028} INFO - query: [MERGE INTO MBTA_PREDICTIONS AS target USING (SELECT 'prediction-67995012-70080-1...]
[2025-04-22T22:56:06.956+0000] {cursor.py:1041} INFO - query execution done
[2025-04-22T22:56:06.959+0000] {cursor.py:1028} INFO - query: [MERGE INTO MBTA_PREDICTIONS AS target USING (SELECT 'prediction-67994977-70079-9...]
[2025-04-22T22:56:09.980+0000] {cursor.py:1041} INFO - query execution done
[2025-04-22T22:56:09.985+0000] {cursor.py:1028} INFO - query: [MERGE INTO MBTA_PREDICTIONS AS target USING (SELECT 'prediction-67995018-70080-1...]
[2025-04-22T22:56:12.966+0000] {cursor.py:1041} INFO - query execution done
[2025-04-22T22:56:12.967+0000] {cursor.py:1028} INFO - query: [MERGE INTO MBTA_PREDICTIONS AS target USING (SELECT 'prediction-67995024-70080-1...]
[2025-04-22T22:56:16.178+0000] {cursor.py:1041} INFO - query execution done
[2025-04-22T22:56:16.192+0000] {cursor.py:1028} INFO - query: [MERGE INTO MBTA_PREDICTIONS AS target USING (SELECT 'prediction-67994989-70079-9...]
[2025-04-22T22:56:19.141+0000] {cursor.py:1041} INFO - query execution done
[2025-04-22T22:56:19.147+0000] {cursor.py:1028} INFO - query: [MERGE INTO MBTA_PREDICTIONS AS target USING (SELECT 'prediction-67995030-70080-1...]
[2025-04-22T22:56:21.898+0000] {cursor.py:1041} INFO - query execution done
[2025-04-22T22:56:21.908+0000] {cursor.py:1028} INFO - query: [MERGE INTO MBTA_PREDICTIONS AS target USING (SELECT 'prediction-ADDED-1582320916...]
[2025-04-22T22:56:25.021+0000] {cursor.py:1041} INFO - query execution done
[2025-04-22T22:56:25.030+0000] {cursor.py:1028} INFO - query: [MERGE INTO MBTA_PREDICTIONS AS target USING (SELECT 'prediction-67995036-70080-1...]
[2025-04-22T22:56:28.390+0000] {cursor.py:1041} INFO - query execution done
[2025-04-22T22:56:28.392+0000] {cursor.py:1028} INFO - query: [COMMIT]
[2025-04-22T22:56:28.563+0000] {cursor.py:1041} INFO - query execution done
[2025-04-22T22:56:28.565+0000] {cursor.py:1205} INFO - Number of results in first chunk: 1
[2025-04-22T22:56:28.567+0000] {mbta_kafka_consumer.py:139} INFO - ✅ Merged 26 new/changed records into Snowflake table: MBTA_PREDICTIONS in 79.96 seconds
[2025-04-22T22:56:28.573+0000] {mbta_kafka_consumer.py:233} INFO - 📥 Received 26 records from topic: mbta_predictions
[2025-04-22T22:56:28.611+0000] {mbta_kafka_consumer.py:56} INFO - 🔍 Sample data for MBTA_PREDICTIONS:
[2025-04-22T22:56:28.612+0000] {mbta_kafka_consumer.py:57} INFO - 
                       PREDICTION_ID ROUTE_ID  ... STATUS                 CREATED_AT
0   prediction-67995017-70079-90-Red      Red  ...   None 2025-04-22 22:56:28.574530
1  prediction-67995058-70080-130-Red      Red  ...   None 2025-04-22 22:56:28.574538
2  prediction-67994964-70080-130-Red      Red  ...   None 2025-04-22 22:56:28.574566
3   prediction-67995023-70079-90-Red      Red  ...   None 2025-04-22 22:56:28.574570
4  prediction-67994970-70080-130-Red      Red  ...   None 2025-04-22 22:56:28.574807

[5 rows x 9 columns]
[2025-04-22T22:56:28.629+0000] {cursor.py:1028} INFO - query: [SELECT * FROM MBTA_PREDICTIONS WHERE PREDICTION_ID IN ('prediction-67995017-7007...]
[2025-04-22T22:56:28.874+0000] {cursor.py:1041} INFO - query execution done
[2025-04-22T22:56:28.875+0000] {cursor.py:1205} INFO - Number of results in first chunk: 26
[2025-04-22T22:56:28.894+0000] {mbta_kafka_consumer.py:104} INFO - 🔁 26 new/updated records out of 26 incoming records (some may be duplicate VEHICLE_IDs) for MBTA_PREDICTIONS
[2025-04-22T22:56:28.894+0000] {cursor.py:1028} INFO - query: [MERGE INTO MBTA_PREDICTIONS AS target USING (SELECT 'prediction-67995017-70079-9...]
[2025-04-22T22:56:31.410+0000] {cursor.py:1041} INFO - query execution done
[2025-04-22T22:56:31.415+0000] {cursor.py:1028} INFO - query: [MERGE INTO MBTA_PREDICTIONS AS target USING (SELECT 'prediction-67995058-70080-1...]
[2025-04-22T22:56:35.458+0000] {cursor.py:1041} INFO - query execution done
[2025-04-22T22:56:35.461+0000] {cursor.py:1028} INFO - query: [MERGE INTO MBTA_PREDICTIONS AS target USING (SELECT 'prediction-67994964-70080-1...]
[2025-04-22T22:56:38.347+0000] {cursor.py:1041} INFO - query execution done
[2025-04-22T22:56:38.355+0000] {cursor.py:1028} INFO - query: [MERGE INTO MBTA_PREDICTIONS AS target USING (SELECT 'prediction-67995023-70079-9...]
[2025-04-22T22:56:41.177+0000] {cursor.py:1041} INFO - query execution done
[2025-04-22T22:56:41.185+0000] {cursor.py:1028} INFO - query: [MERGE INTO MBTA_PREDICTIONS AS target USING (SELECT 'prediction-67994970-70080-1...]
[2025-04-22T22:56:44.630+0000] {cursor.py:1041} INFO - query execution done
[2025-04-22T22:56:44.637+0000] {cursor.py:1028} INFO - query: [MERGE INTO MBTA_PREDICTIONS AS target USING (SELECT 'prediction-67995035-70079-9...]
[2025-04-22T22:56:47.801+0000] {cursor.py:1041} INFO - query execution done
[2025-04-22T22:56:47.809+0000] {cursor.py:1028} INFO - query: [MERGE INTO MBTA_PREDICTIONS AS target USING (SELECT 'prediction-ADDED-1582320905...]
[2025-04-22T22:56:50.687+0000] {cursor.py:1041} INFO - query execution done
[2025-04-22T22:56:50.692+0000] {cursor.py:1028} INFO - query: [MERGE INTO MBTA_PREDICTIONS AS target USING (SELECT 'prediction-67995041-70079-9...]
[2025-04-22T22:56:54.066+0000] {cursor.py:1041} INFO - query execution done
[2025-04-22T22:56:54.073+0000] {cursor.py:1028} INFO - query: [MERGE INTO MBTA_PREDICTIONS AS target USING (SELECT 'prediction-67994982-70080-1...]
[2025-04-22T22:56:56.824+0000] {cursor.py:1041} INFO - query execution done
[2025-04-22T22:56:56.829+0000] {cursor.py:1028} INFO - query: [MERGE INTO MBTA_PREDICTIONS AS target USING (SELECT 'prediction-67995047-70079-9...]
[2025-04-22T22:57:00.097+0000] {cursor.py:1041} INFO - query execution done
[2025-04-22T22:57:00.100+0000] {cursor.py:1028} INFO - query: [MERGE INTO MBTA_PREDICTIONS AS target USING (SELECT 'prediction-ADDED-1582320915...]
[2025-04-22T22:57:03.469+0000] {cursor.py:1041} INFO - query execution done
[2025-04-22T22:57:03.474+0000] {cursor.py:1028} INFO - query: [MERGE INTO MBTA_PREDICTIONS AS target USING (SELECT 'prediction-67995053-70079-9...]
[2025-04-22T22:57:06.361+0000] {cursor.py:1041} INFO - query execution done
[2025-04-22T22:57:06.489+0000] {cursor.py:1028} INFO - query: [MERGE INTO MBTA_PREDICTIONS AS target USING (SELECT 'prediction-67994994-70080-1...]
[2025-04-22T22:57:09.309+0000] {cursor.py:1041} INFO - query execution done
[2025-04-22T22:57:09.319+0000] {cursor.py:1028} INFO - query: [MERGE INTO MBTA_PREDICTIONS AS target USING (SELECT 'prediction-67995059-70079-9...]
[2025-04-22T22:57:12.254+0000] {cursor.py:1041} INFO - query execution done
[2025-04-22T22:57:12.257+0000] {cursor.py:1028} INFO - query: [MERGE INTO MBTA_PREDICTIONS AS target USING (SELECT 'prediction-67995000-70080-1...]
[2025-04-22T22:57:14.943+0000] {cursor.py:1041} INFO - query execution done
[2025-04-22T22:57:14.949+0000] {cursor.py:1028} INFO - query: [MERGE INTO MBTA_PREDICTIONS AS target USING (SELECT 'prediction-67994965-70079-9...]
[2025-04-22T22:57:17.944+0000] {cursor.py:1041} INFO - query execution done
[2025-04-22T22:57:17.950+0000] {cursor.py:1028} INFO - query: [MERGE INTO MBTA_PREDICTIONS AS target USING (SELECT 'prediction-67995006-70080-1...]
[2025-04-22T22:57:20.984+0000] {cursor.py:1041} INFO - query execution done
[2025-04-22T22:57:20.987+0000] {cursor.py:1028} INFO - query: [MERGE INTO MBTA_PREDICTIONS AS target USING (SELECT 'prediction-67994971-70079-9...]
[2025-04-22T22:57:23.813+0000] {cursor.py:1041} INFO - query execution done
[2025-04-22T22:57:23.817+0000] {cursor.py:1028} INFO - query: [MERGE INTO MBTA_PREDICTIONS AS target USING (SELECT 'prediction-67995012-70080-1...]
[2025-04-22T22:57:26.484+0000] {cursor.py:1041} INFO - query execution done
[2025-04-22T22:57:26.489+0000] {cursor.py:1028} INFO - query: [MERGE INTO MBTA_PREDICTIONS AS target USING (SELECT 'prediction-67994977-70079-9...]
[2025-04-22T22:57:29.620+0000] {cursor.py:1041} INFO - query execution done
[2025-04-22T22:57:29.629+0000] {cursor.py:1028} INFO - query: [MERGE INTO MBTA_PREDICTIONS AS target USING (SELECT 'prediction-67995018-70080-1...]
[2025-04-22T22:57:32.362+0000] {cursor.py:1041} INFO - query execution done
[2025-04-22T22:57:32.367+0000] {cursor.py:1028} INFO - query: [MERGE INTO MBTA_PREDICTIONS AS target USING (SELECT 'prediction-67995024-70080-1...]
[2025-04-22T22:57:34.844+0000] {cursor.py:1041} INFO - query execution done
[2025-04-22T22:57:34.845+0000] {cursor.py:1028} INFO - query: [MERGE INTO MBTA_PREDICTIONS AS target USING (SELECT 'prediction-67994989-70079-9...]
[2025-04-22T22:57:37.305+0000] {cursor.py:1041} INFO - query execution done
[2025-04-22T22:57:37.308+0000] {cursor.py:1028} INFO - query: [MERGE INTO MBTA_PREDICTIONS AS target USING (SELECT 'prediction-ADDED-1582320916...]
