[2025-04-22T22:25:01.985+0000] {taskinstance.py:1956} INFO - Dependencies all met for dep_context=non-requeueable deps ti=<TaskInstance: mbta_kafka_consumer_dag.run_kafka_consumer scheduled__2025-04-22T22:20:00+00:00 [queued]>
[2025-04-22T22:25:01.999+0000] {taskinstance.py:1956} INFO - Dependencies all met for dep_context=requeueable deps ti=<TaskInstance: mbta_kafka_consumer_dag.run_kafka_consumer scheduled__2025-04-22T22:20:00+00:00 [queued]>
[2025-04-22T22:25:01.999+0000] {taskinstance.py:2170} INFO - Starting attempt 1 of 2
[2025-04-22T22:25:02.017+0000] {taskinstance.py:2191} INFO - Executing <Task(PythonOperator): run_kafka_consumer> on 2025-04-22 22:20:00+00:00
[2025-04-22T22:25:02.027+0000] {standard_task_runner.py:60} INFO - Started process 681 to run task
[2025-04-22T22:25:02.048+0000] {standard_task_runner.py:87} INFO - Running: ['***', 'tasks', 'run', 'mbta_kafka_consumer_dag', 'run_kafka_consumer', 'scheduled__2025-04-22T22:20:00+00:00', '--job-id', '16', '--raw', '--subdir', 'DAGS_FOLDER/mbta_kafka_consumer_dag.py', '--cfg-path', '/tmp/tmpdompyvp1']
[2025-04-22T22:25:02.052+0000] {standard_task_runner.py:88} INFO - Job 16: Subtask run_kafka_consumer
[2025-04-22T22:25:02.464+0000] {task_command.py:423} INFO - Running <TaskInstance: mbta_kafka_consumer_dag.run_kafka_consumer scheduled__2025-04-22T22:20:00+00:00 [running]> on host 6d7d98d832b5
[2025-04-22T22:25:02.611+0000] {taskinstance.py:2480} INFO - Exporting env vars: AIRFLOW_CTX_DAG_OWNER='***' AIRFLOW_CTX_DAG_ID='mbta_kafka_consumer_dag' AIRFLOW_CTX_TASK_ID='run_kafka_consumer' AIRFLOW_CTX_EXECUTION_DATE='2025-04-22T22:20:00+00:00' AIRFLOW_CTX_TRY_NUMBER='1' AIRFLOW_CTX_DAG_RUN_ID='scheduled__2025-04-22T22:20:00+00:00'
[2025-04-22T22:25:02.613+0000] {connection.py:370} INFO - Snowflake Connector for Python Version: 3.6.0, Python Version: 3.9.18, Platform: Linux-6.10.14-linuxkit-aarch64-with-glibc2.36
[2025-04-22T22:25:02.614+0000] {connection.py:1171} INFO - This connection is in OCSP Fail Open Mode. TLS Certificates would be checked for validity and revocation status. Any other Certificate Revocation related exceptions or OCSP Responder failures would be disregarded in favor of connectivity.
[2025-04-22T22:25:03.322+0000] {mbta_kafka_consumer.py:45} INFO - ✅ Connected to Snowflake successfully.
[2025-04-22T22:25:03.323+0000] {mbta_kafka_consumer.py:219} INFO - 🚀 Starting MBTA Kafka Consumer...
[2025-04-22T22:25:03.325+0000] {conn.py:395} INFO - <BrokerConnection client_id=kafka-python-2.1.5, node_id=bootstrap-0 host=kafka:9092 <connecting> [IPv4 ('172.18.0.4', 9092)]>: connecting to kafka:9092 [('172.18.0.4', 9092) IPv4]
[2025-04-22T22:25:03.338+0000] {conn.py:615} INFO - <BrokerConnection client_id=kafka-python-2.1.5, node_id=bootstrap-0 host=kafka:9092 <checking_api_versions_recv> [IPv4 ('172.18.0.4', 9092)]>: Broker version identified as 2.6
[2025-04-22T22:25:03.341+0000] {conn.py:456} INFO - <BrokerConnection client_id=kafka-python-2.1.5, node_id=bootstrap-0 host=kafka:9092 <connected> [IPv4 ('172.18.0.4', 9092)]>: Connection complete.
[2025-04-22T22:25:03.342+0000] {consumer.py:119} WARNING - group_id is None: disabling auto-commit.
[2025-04-22T22:25:03.343+0000] {subscription_state.py:182} INFO - Updating subscribed topics to: ('mbta_alerts', 'mbta_routes', 'mbta_stops', 'mbta_vehicles', 'mbta_predictions')
[2025-04-22T22:25:03.356+0000] {subscription_state.py:254} INFO - Updated partition assignment: [('mbta_vehicles', 0), ('mbta_predictions', 0), ('mbta_routes', 0), ('mbta_alerts', 0), ('mbta_stops', 0)]
[2025-04-22T22:25:03.357+0000] {conn.py:395} INFO - <BrokerConnection client_id=kafka-python-2.1.5, node_id=1 host=kafka:9092 <connecting> [IPv4 ('172.18.0.4', 9092)]>: connecting to kafka:9092 [('172.18.0.4', 9092) IPv4]
[2025-04-22T22:25:03.358+0000] {conn.py:456} INFO - <BrokerConnection client_id=kafka-python-2.1.5, node_id=1 host=kafka:9092 <connected> [IPv4 ('172.18.0.4', 9092)]>: Connection complete.
[2025-04-22T22:25:03.358+0000] {conn.py:936} INFO - <BrokerConnection client_id=kafka-python-2.1.5, node_id=bootstrap-0 host=kafka:9092 <connected> [IPv4 ('172.18.0.4', 9092)]>: Closing connection. 
[2025-04-22T22:25:04.602+0000] {mbta_kafka_consumer.py:233} INFO - 📥 Received 108 records from topic: mbta_alerts
[2025-04-22T22:25:04.629+0000] {mbta_kafka_consumer.py:56} INFO - 🔍 Sample data for MBTA_ALERTS:
[2025-04-22T22:25:04.630+0000] {mbta_kafka_consumer.py:57} INFO - 
  ALERT_ID  ...                 CREATED_AT
0   639358  ...  2025-04-22T09:01:01-04:00
1   638240  ...  2025-04-16T10:52:04-04:00
2   639365  ...  2025-04-22T09:56:18-04:00
3   435698  ...  2022-03-15T10:13:31-04:00
4   634497  ...  2025-03-27T14:21:07-04:00

[5 rows x 6 columns]
[2025-04-22T22:25:04.652+0000] {cursor.py:1028} INFO - query: [SELECT * FROM MBTA_ALERTS WHERE ALERT_ID IN ('639358','638240','639365','435698'...]
[2025-04-22T22:25:05.300+0000] {cursor.py:1041} INFO - query execution done
[2025-04-22T22:25:05.306+0000] {cursor.py:1205} INFO - Number of results in first chunk: 267
[2025-04-22T22:25:05.843+0000] {mbta_kafka_consumer.py:104} INFO - 🔁 0 new/updated records out of 108 incoming records (some may be duplicate VEHICLE_IDs) for MBTA_ALERTS
[2025-04-22T22:25:05.844+0000] {mbta_kafka_consumer.py:107} INFO - ✅ All 108 records already up-to-date in MBTA_ALERTS, no merge needed.
[2025-04-22T22:25:05.845+0000] {mbta_kafka_consumer.py:233} INFO - 📥 Received 109 records from topic: mbta_alerts
[2025-04-22T22:25:05.848+0000] {mbta_kafka_consumer.py:56} INFO - 🔍 Sample data for MBTA_ALERTS:
[2025-04-22T22:25:05.849+0000] {mbta_kafka_consumer.py:57} INFO - 
  ALERT_ID  ...                 CREATED_AT
0   639358  ...  2025-04-22T09:01:01-04:00
1   638240  ...  2025-04-16T10:52:04-04:00
2   639365  ...  2025-04-22T09:56:18-04:00
3   435698  ...  2022-03-15T10:13:31-04:00
4   634497  ...  2025-03-27T14:21:07-04:00

[5 rows x 6 columns]
[2025-04-22T22:25:05.853+0000] {cursor.py:1028} INFO - query: [SELECT * FROM MBTA_ALERTS WHERE ALERT_ID IN ('639358','638240','639365','435698'...]
[2025-04-22T22:25:06.285+0000] {cursor.py:1041} INFO - query execution done
[2025-04-22T22:25:06.285+0000] {cursor.py:1205} INFO - Number of results in first chunk: 267
[2025-04-22T22:25:06.514+0000] {mbta_kafka_consumer.py:104} INFO - 🔁 0 new/updated records out of 109 incoming records (some may be duplicate VEHICLE_IDs) for MBTA_ALERTS
[2025-04-22T22:25:06.515+0000] {mbta_kafka_consumer.py:107} INFO - ✅ All 109 records already up-to-date in MBTA_ALERTS, no merge needed.
[2025-04-22T22:25:06.515+0000] {mbta_kafka_consumer.py:233} INFO - 📥 Received 1000 records from topic: mbta_stops
[2025-04-22T22:25:06.522+0000] {mbta_kafka_consumer.py:56} INFO - 🔍 Sample data for MBTA_STOPS:
[2025-04-22T22:25:06.522+0000] {mbta_kafka_consumer.py:57} INFO - 
          STOP_ID  ...                 CREATED_AT
0            5682  ... 2025-04-22 22:25:06.515751
1           50620  ... 2025-04-22 22:25:06.515753
2  node-417-lobby  ... 2025-04-22 22:25:06.515754
3            4042  ... 2025-04-22 22:25:06.515762
4          109822  ... 2025-04-22 22:25:06.515763

[5 rows x 5 columns]
[2025-04-22T22:25:06.526+0000] {cursor.py:1028} INFO - query: [SELECT * FROM MBTA_STOPS WHERE STOP_ID IN ('5682','50620','node-417-lobby','4042...]
[2025-04-22T22:25:06.736+0000] {cursor.py:1041} INFO - query execution done
[2025-04-22T22:25:06.736+0000] {cursor.py:1205} INFO - Number of results in first chunk: 0
[2025-04-22T22:25:07.617+0000] {mbta_kafka_consumer.py:104} INFO - 🔁 0 new/updated records out of 1000 incoming records (some may be duplicate VEHICLE_IDs) for MBTA_STOPS
[2025-04-22T22:25:07.618+0000] {mbta_kafka_consumer.py:107} INFO - ✅ All 1000 records already up-to-date in MBTA_STOPS, no merge needed.
[2025-04-22T22:25:07.619+0000] {mbta_kafka_consumer.py:233} INFO - 📥 Received 178 records from topic: mbta_routes
[2025-04-22T22:25:07.622+0000] {mbta_kafka_consumer.py:56} INFO - 🔍 Sample data for MBTA_ROUTES:
[2025-04-22T22:25:07.622+0000] {mbta_kafka_consumer.py:57} INFO - 
   ROUTE_ID        ROUTE_NAME  ...  ROUTE_COLOR                 CREATED_AT
0       Red          Red Line  ...       DA291C 2025-04-22 22:25:07.619332
1  Mattapan  Mattapan Trolley  ...       DA291C 2025-04-22 22:25:07.619334
2    Orange       Orange Line  ...       ED8B00 2025-04-22 22:25:07.619335
3   Green-B      Green Line B  ...       00843D 2025-04-22 22:25:07.619341
4   Green-C      Green Line C  ...       00843D 2025-04-22 22:25:07.619341

[5 rows x 5 columns]
[2025-04-22T22:25:07.628+0000] {cursor.py:1028} INFO - query: [SELECT * FROM MBTA_ROUTES WHERE ROUTE_ID IN ('Red','Mattapan','Orange','Green-B'...]
[2025-04-22T22:25:07.792+0000] {cursor.py:1041} INFO - query execution done
[2025-04-22T22:25:07.794+0000] {cursor.py:1205} INFO - Number of results in first chunk: 0
[2025-04-22T22:25:08.093+0000] {mbta_kafka_consumer.py:104} INFO - 🔁 0 new/updated records out of 178 incoming records (some may be duplicate VEHICLE_IDs) for MBTA_ROUTES
[2025-04-22T22:25:08.093+0000] {mbta_kafka_consumer.py:107} INFO - ✅ All 178 records already up-to-date in MBTA_ROUTES, no merge needed.
[2025-04-22T22:25:08.094+0000] {mbta_kafka_consumer.py:233} INFO - 📥 Received 178 records from topic: mbta_routes
[2025-04-22T22:25:08.100+0000] {mbta_kafka_consumer.py:56} INFO - 🔍 Sample data for MBTA_ROUTES:
[2025-04-22T22:25:08.100+0000] {mbta_kafka_consumer.py:57} INFO - 
   ROUTE_ID        ROUTE_NAME  ...  ROUTE_COLOR                 CREATED_AT
0       Red          Red Line  ...       DA291C 2025-04-22 22:25:08.094215
1  Mattapan  Mattapan Trolley  ...       DA291C 2025-04-22 22:25:08.094227
2    Orange       Orange Line  ...       ED8B00 2025-04-22 22:25:08.094228
3   Green-B      Green Line B  ...       00843D 2025-04-22 22:25:08.094229
4   Green-C      Green Line C  ...       00843D 2025-04-22 22:25:08.094229

[5 rows x 5 columns]
[2025-04-22T22:25:08.108+0000] {cursor.py:1028} INFO - query: [SELECT * FROM MBTA_ROUTES WHERE ROUTE_ID IN ('Red','Mattapan','Orange','Green-B'...]
[2025-04-22T22:25:08.264+0000] {cursor.py:1041} INFO - query execution done
[2025-04-22T22:25:08.266+0000] {cursor.py:1205} INFO - Number of results in first chunk: 0
[2025-04-22T22:25:08.547+0000] {mbta_kafka_consumer.py:104} INFO - 🔁 0 new/updated records out of 178 incoming records (some may be duplicate VEHICLE_IDs) for MBTA_ROUTES
[2025-04-22T22:25:08.547+0000] {mbta_kafka_consumer.py:107} INFO - ✅ All 178 records already up-to-date in MBTA_ROUTES, no merge needed.
[2025-04-22T22:25:08.548+0000] {mbta_kafka_consumer.py:233} INFO - 📥 Received 178 records from topic: mbta_routes
[2025-04-22T22:25:08.553+0000] {mbta_kafka_consumer.py:56} INFO - 🔍 Sample data for MBTA_ROUTES:
[2025-04-22T22:25:08.554+0000] {mbta_kafka_consumer.py:57} INFO - 
   ROUTE_ID        ROUTE_NAME  ...  ROUTE_COLOR                 CREATED_AT
0       Red          Red Line  ...       DA291C 2025-04-22 22:25:08.548783
1  Mattapan  Mattapan Trolley  ...       DA291C 2025-04-22 22:25:08.548929
2    Orange       Orange Line  ...       ED8B00 2025-04-22 22:25:08.548930
3   Green-B      Green Line B  ...       00843D 2025-04-22 22:25:08.548934
4   Green-C      Green Line C  ...       00843D 2025-04-22 22:25:08.548941

[5 rows x 5 columns]
[2025-04-22T22:25:08.557+0000] {cursor.py:1028} INFO - query: [SELECT * FROM MBTA_ROUTES WHERE ROUTE_ID IN ('Red','Mattapan','Orange','Green-B'...]
[2025-04-22T22:25:08.705+0000] {cursor.py:1041} INFO - query execution done
[2025-04-22T22:25:08.706+0000] {cursor.py:1205} INFO - Number of results in first chunk: 0
[2025-04-22T22:25:09.089+0000] {mbta_kafka_consumer.py:104} INFO - 🔁 0 new/updated records out of 178 incoming records (some may be duplicate VEHICLE_IDs) for MBTA_ROUTES
[2025-04-22T22:25:09.091+0000] {mbta_kafka_consumer.py:107} INFO - ✅ All 178 records already up-to-date in MBTA_ROUTES, no merge needed.
[2025-04-22T22:25:09.091+0000] {mbta_kafka_consumer.py:233} INFO - 📥 Received 178 records from topic: mbta_routes
[2025-04-22T22:25:09.094+0000] {mbta_kafka_consumer.py:56} INFO - 🔍 Sample data for MBTA_ROUTES:
[2025-04-22T22:25:09.095+0000] {mbta_kafka_consumer.py:57} INFO - 
   ROUTE_ID        ROUTE_NAME  ...  ROUTE_COLOR                 CREATED_AT
0       Red          Red Line  ...       DA291C 2025-04-22 22:25:09.092011
1  Mattapan  Mattapan Trolley  ...       DA291C 2025-04-22 22:25:09.092021
2    Orange       Orange Line  ...       ED8B00 2025-04-22 22:25:09.092022
3   Green-B      Green Line B  ...       00843D 2025-04-22 22:25:09.092023
4   Green-C      Green Line C  ...       00843D 2025-04-22 22:25:09.092031

[5 rows x 5 columns]
[2025-04-22T22:25:09.103+0000] {cursor.py:1028} INFO - query: [SELECT * FROM MBTA_ROUTES WHERE ROUTE_ID IN ('Red','Mattapan','Orange','Green-B'...]
[2025-04-22T22:25:09.277+0000] {cursor.py:1041} INFO - query execution done
[2025-04-22T22:25:09.278+0000] {cursor.py:1205} INFO - Number of results in first chunk: 0
[2025-04-22T22:25:09.557+0000] {mbta_kafka_consumer.py:104} INFO - 🔁 0 new/updated records out of 178 incoming records (some may be duplicate VEHICLE_IDs) for MBTA_ROUTES
[2025-04-22T22:25:09.558+0000] {mbta_kafka_consumer.py:107} INFO - ✅ All 178 records already up-to-date in MBTA_ROUTES, no merge needed.
[2025-04-22T22:25:09.558+0000] {mbta_kafka_consumer.py:233} INFO - 📥 Received 178 records from topic: mbta_routes
[2025-04-22T22:25:09.560+0000] {mbta_kafka_consumer.py:56} INFO - 🔍 Sample data for MBTA_ROUTES:
[2025-04-22T22:25:09.561+0000] {mbta_kafka_consumer.py:57} INFO - 
   ROUTE_ID        ROUTE_NAME  ...  ROUTE_COLOR                 CREATED_AT
0       Red          Red Line  ...       DA291C 2025-04-22 22:25:09.558541
1  Mattapan  Mattapan Trolley  ...       DA291C 2025-04-22 22:25:09.558546
2    Orange       Orange Line  ...       ED8B00 2025-04-22 22:25:09.558547
3   Green-B      Green Line B  ...       00843D 2025-04-22 22:25:09.558547
4   Green-C      Green Line C  ...       00843D 2025-04-22 22:25:09.558548

[5 rows x 5 columns]
[2025-04-22T22:25:09.563+0000] {cursor.py:1028} INFO - query: [SELECT * FROM MBTA_ROUTES WHERE ROUTE_ID IN ('Red','Mattapan','Orange','Green-B'...]
[2025-04-22T22:25:09.722+0000] {cursor.py:1041} INFO - query execution done
[2025-04-22T22:25:09.723+0000] {cursor.py:1205} INFO - Number of results in first chunk: 0
[2025-04-22T22:25:10.050+0000] {mbta_kafka_consumer.py:104} INFO - 🔁 0 new/updated records out of 178 incoming records (some may be duplicate VEHICLE_IDs) for MBTA_ROUTES
[2025-04-22T22:25:10.050+0000] {mbta_kafka_consumer.py:107} INFO - ✅ All 178 records already up-to-date in MBTA_ROUTES, no merge needed.
[2025-04-22T22:25:10.051+0000] {mbta_kafka_consumer.py:233} INFO - 📥 Received 178 records from topic: mbta_routes
[2025-04-22T22:25:10.054+0000] {mbta_kafka_consumer.py:56} INFO - 🔍 Sample data for MBTA_ROUTES:
[2025-04-22T22:25:10.055+0000] {mbta_kafka_consumer.py:57} INFO - 
   ROUTE_ID        ROUTE_NAME  ...  ROUTE_COLOR                 CREATED_AT
0       Red          Red Line  ...       DA291C 2025-04-22 22:25:10.051652
1  Mattapan  Mattapan Trolley  ...       DA291C 2025-04-22 22:25:10.051653
2    Orange       Orange Line  ...       ED8B00 2025-04-22 22:25:10.051654
3   Green-B      Green Line B  ...       00843D 2025-04-22 22:25:10.051655
4   Green-C      Green Line C  ...       00843D 2025-04-22 22:25:10.051655

[5 rows x 5 columns]
[2025-04-22T22:25:10.058+0000] {cursor.py:1028} INFO - query: [SELECT * FROM MBTA_ROUTES WHERE ROUTE_ID IN ('Red','Mattapan','Orange','Green-B'...]
[2025-04-22T22:25:10.206+0000] {cursor.py:1041} INFO - query execution done
[2025-04-22T22:25:10.207+0000] {cursor.py:1205} INFO - Number of results in first chunk: 0
[2025-04-22T22:25:10.481+0000] {mbta_kafka_consumer.py:104} INFO - 🔁 0 new/updated records out of 178 incoming records (some may be duplicate VEHICLE_IDs) for MBTA_ROUTES
[2025-04-22T22:25:10.481+0000] {mbta_kafka_consumer.py:107} INFO - ✅ All 178 records already up-to-date in MBTA_ROUTES, no merge needed.
[2025-04-22T22:25:10.481+0000] {mbta_kafka_consumer.py:233} INFO - 📥 Received 178 records from topic: mbta_routes
[2025-04-22T22:25:10.484+0000] {mbta_kafka_consumer.py:56} INFO - 🔍 Sample data for MBTA_ROUTES:
[2025-04-22T22:25:10.484+0000] {mbta_kafka_consumer.py:57} INFO - 
   ROUTE_ID        ROUTE_NAME  ...  ROUTE_COLOR                 CREATED_AT
0       Red          Red Line  ...       DA291C 2025-04-22 22:25:10.482094
1  Mattapan  Mattapan Trolley  ...       DA291C 2025-04-22 22:25:10.482096
2    Orange       Orange Line  ...       ED8B00 2025-04-22 22:25:10.482097
3   Green-B      Green Line B  ...       00843D 2025-04-22 22:25:10.482097
4   Green-C      Green Line C  ...       00843D 2025-04-22 22:25:10.482104

[5 rows x 5 columns]
[2025-04-22T22:25:10.488+0000] {cursor.py:1028} INFO - query: [SELECT * FROM MBTA_ROUTES WHERE ROUTE_ID IN ('Red','Mattapan','Orange','Green-B'...]
[2025-04-22T22:25:10.931+0000] {cursor.py:1041} INFO - query execution done
[2025-04-22T22:25:10.932+0000] {cursor.py:1205} INFO - Number of results in first chunk: 0
[2025-04-22T22:25:11.240+0000] {mbta_kafka_consumer.py:104} INFO - 🔁 0 new/updated records out of 178 incoming records (some may be duplicate VEHICLE_IDs) for MBTA_ROUTES
[2025-04-22T22:25:11.240+0000] {mbta_kafka_consumer.py:107} INFO - ✅ All 178 records already up-to-date in MBTA_ROUTES, no merge needed.
[2025-04-22T22:25:11.241+0000] {mbta_kafka_consumer.py:233} INFO - 📥 Received 178 records from topic: mbta_routes
[2025-04-22T22:25:11.244+0000] {mbta_kafka_consumer.py:56} INFO - 🔍 Sample data for MBTA_ROUTES:
[2025-04-22T22:25:11.244+0000] {mbta_kafka_consumer.py:57} INFO - 
   ROUTE_ID        ROUTE_NAME  ...  ROUTE_COLOR                 CREATED_AT
0       Red          Red Line  ...       DA291C 2025-04-22 22:25:11.241449
1  Mattapan  Mattapan Trolley  ...       DA291C 2025-04-22 22:25:11.241450
2    Orange       Orange Line  ...       ED8B00 2025-04-22 22:25:11.241451
3   Green-B      Green Line B  ...       00843D 2025-04-22 22:25:11.241451
4   Green-C      Green Line C  ...       00843D 2025-04-22 22:25:11.241452

[5 rows x 5 columns]
[2025-04-22T22:25:11.248+0000] {cursor.py:1028} INFO - query: [SELECT * FROM MBTA_ROUTES WHERE ROUTE_ID IN ('Red','Mattapan','Orange','Green-B'...]
[2025-04-22T22:25:11.398+0000] {cursor.py:1041} INFO - query execution done
[2025-04-22T22:25:11.398+0000] {cursor.py:1205} INFO - Number of results in first chunk: 0
[2025-04-22T22:25:11.671+0000] {mbta_kafka_consumer.py:104} INFO - 🔁 0 new/updated records out of 178 incoming records (some may be duplicate VEHICLE_IDs) for MBTA_ROUTES
[2025-04-22T22:25:11.671+0000] {mbta_kafka_consumer.py:107} INFO - ✅ All 178 records already up-to-date in MBTA_ROUTES, no merge needed.
[2025-04-22T22:25:11.672+0000] {mbta_kafka_consumer.py:233} INFO - 📥 Received 178 records from topic: mbta_routes
[2025-04-22T22:25:11.674+0000] {mbta_kafka_consumer.py:56} INFO - 🔍 Sample data for MBTA_ROUTES:
[2025-04-22T22:25:11.674+0000] {mbta_kafka_consumer.py:57} INFO - 
   ROUTE_ID        ROUTE_NAME  ...  ROUTE_COLOR                 CREATED_AT
0       Red          Red Line  ...       DA291C 2025-04-22 22:25:11.672362
1  Mattapan  Mattapan Trolley  ...       DA291C 2025-04-22 22:25:11.672363
2    Orange       Orange Line  ...       ED8B00 2025-04-22 22:25:11.672364
3   Green-B      Green Line B  ...       00843D 2025-04-22 22:25:11.672364
4   Green-C      Green Line C  ...       00843D 2025-04-22 22:25:11.672375

[5 rows x 5 columns]
[2025-04-22T22:25:11.678+0000] {cursor.py:1028} INFO - query: [SELECT * FROM MBTA_ROUTES WHERE ROUTE_ID IN ('Red','Mattapan','Orange','Green-B'...]
[2025-04-22T22:25:11.837+0000] {cursor.py:1041} INFO - query execution done
[2025-04-22T22:25:11.838+0000] {cursor.py:1205} INFO - Number of results in first chunk: 0
[2025-04-22T22:25:12.102+0000] {mbta_kafka_consumer.py:104} INFO - 🔁 0 new/updated records out of 178 incoming records (some may be duplicate VEHICLE_IDs) for MBTA_ROUTES
[2025-04-22T22:25:12.103+0000] {mbta_kafka_consumer.py:107} INFO - ✅ All 178 records already up-to-date in MBTA_ROUTES, no merge needed.
[2025-04-22T22:25:12.103+0000] {mbta_kafka_consumer.py:233} INFO - 📥 Received 178 records from topic: mbta_routes
[2025-04-22T22:25:12.108+0000] {mbta_kafka_consumer.py:56} INFO - 🔍 Sample data for MBTA_ROUTES:
[2025-04-22T22:25:12.108+0000] {mbta_kafka_consumer.py:57} INFO - 
   ROUTE_ID        ROUTE_NAME  ...  ROUTE_COLOR                 CREATED_AT
0       Red          Red Line  ...       DA291C 2025-04-22 22:25:12.103711
1  Mattapan  Mattapan Trolley  ...       DA291C 2025-04-22 22:25:12.103726
2    Orange       Orange Line  ...       ED8B00 2025-04-22 22:25:12.103727
3   Green-B      Green Line B  ...       00843D 2025-04-22 22:25:12.103728
4   Green-C      Green Line C  ...       00843D 2025-04-22 22:25:12.103728

[5 rows x 5 columns]
[2025-04-22T22:25:12.119+0000] {cursor.py:1028} INFO - query: [SELECT * FROM MBTA_ROUTES WHERE ROUTE_ID IN ('Red','Mattapan','Orange','Green-B'...]
[2025-04-22T22:25:12.322+0000] {cursor.py:1041} INFO - query execution done
[2025-04-22T22:25:12.322+0000] {cursor.py:1205} INFO - Number of results in first chunk: 0
[2025-04-22T22:25:12.716+0000] {mbta_kafka_consumer.py:104} INFO - 🔁 0 new/updated records out of 178 incoming records (some may be duplicate VEHICLE_IDs) for MBTA_ROUTES
[2025-04-22T22:25:12.717+0000] {mbta_kafka_consumer.py:107} INFO - ✅ All 178 records already up-to-date in MBTA_ROUTES, no merge needed.
[2025-04-22T22:25:12.718+0000] {mbta_kafka_consumer.py:233} INFO - 📥 Received 178 records from topic: mbta_routes
[2025-04-22T22:25:12.721+0000] {mbta_kafka_consumer.py:56} INFO - 🔍 Sample data for MBTA_ROUTES:
[2025-04-22T22:25:12.721+0000] {mbta_kafka_consumer.py:57} INFO - 
   ROUTE_ID        ROUTE_NAME  ...  ROUTE_COLOR                 CREATED_AT
0       Red          Red Line  ...       DA291C 2025-04-22 22:25:12.718533
1  Mattapan  Mattapan Trolley  ...       DA291C 2025-04-22 22:25:12.718535
2    Orange       Orange Line  ...       ED8B00 2025-04-22 22:25:12.718544
3   Green-B      Green Line B  ...       00843D 2025-04-22 22:25:12.718545
4   Green-C      Green Line C  ...       00843D 2025-04-22 22:25:12.718545

[5 rows x 5 columns]
[2025-04-22T22:25:12.724+0000] {cursor.py:1028} INFO - query: [SELECT * FROM MBTA_ROUTES WHERE ROUTE_ID IN ('Red','Mattapan','Orange','Green-B'...]
[2025-04-22T22:25:12.896+0000] {cursor.py:1041} INFO - query execution done
[2025-04-22T22:25:12.897+0000] {cursor.py:1205} INFO - Number of results in first chunk: 0
[2025-04-22T22:25:13.171+0000] {mbta_kafka_consumer.py:104} INFO - 🔁 0 new/updated records out of 178 incoming records (some may be duplicate VEHICLE_IDs) for MBTA_ROUTES
[2025-04-22T22:25:13.171+0000] {mbta_kafka_consumer.py:107} INFO - ✅ All 178 records already up-to-date in MBTA_ROUTES, no merge needed.
[2025-04-22T22:25:13.172+0000] {mbta_kafka_consumer.py:233} INFO - 📥 Received 742 records from topic: mbta_vehicles
[2025-04-22T22:25:13.178+0000] {mbta_kafka_consumer.py:56} INFO - 🔍 Sample data for MBTA_VEHICLES:
[2025-04-22T22:25:13.179+0000] {mbta_kafka_consumer.py:57} INFO - 
  VEHICLE_ID ROUTE_ID  ...         STATUS                 CREATED_AT
0      y3270       23  ...     STOPPED_AT 2025-04-22 22:25:13.172363
1      y3236       66  ...  IN_TRANSIT_TO 2025-04-22 22:25:13.172387
2      y3110      116  ...  IN_TRANSIT_TO 2025-04-22 22:25:13.172389
3      y1830       11  ...     STOPPED_AT 2025-04-22 22:25:13.172390
4    G-10268  Green-C  ...     STOPPED_AT 2025-04-22 22:25:13.172390

[5 rows x 8 columns]
[2025-04-22T22:25:13.186+0000] {cursor.py:1028} INFO - query: [SELECT * FROM MBTA_VEHICLES WHERE VEHICLE_ID IN ('y3270','y3236','y3110','y1830'...]
[2025-04-22T22:25:13.542+0000] {cursor.py:1041} INFO - query execution done
[2025-04-22T22:25:13.543+0000] {cursor.py:1205} INFO - Number of results in first chunk: 774
[2025-04-22T22:25:13.605+0000] {mbta_kafka_consumer.py:104} INFO - 🔁 358 new/updated records out of 742 incoming records (some may be duplicate VEHICLE_IDs) for MBTA_VEHICLES
[2025-04-22T22:25:13.606+0000] {cursor.py:1028} INFO - query: [MERGE INTO MBTA_VEHICLES AS target USING (SELECT 'y3236', '66', 42.36445, -71.12...]
[2025-04-22T22:25:14.703+0000] {cursor.py:1041} INFO - query execution done
[2025-04-22T22:25:14.705+0000] {cursor.py:1028} INFO - query: [MERGE INTO MBTA_VEHICLES AS target USING (SELECT 'y3110', '116', 42.41271687, -7...]
[2025-04-22T22:25:16.657+0000] {cursor.py:1041} INFO - query execution done
[2025-04-22T22:25:16.658+0000] {cursor.py:1028} INFO - query: [MERGE INTO MBTA_VEHICLES AS target USING (SELECT 'y1830', '11', 42.34999, -71.06...]
[2025-04-22T22:25:18.144+0000] {cursor.py:1041} INFO - query execution done
[2025-04-22T22:25:18.154+0000] {cursor.py:1028} INFO - query: [MERGE INTO MBTA_VEHICLES AS target USING (SELECT 'y3225', '57', 42.36115008, -71...]
[2025-04-22T22:25:19.907+0000] {cursor.py:1041} INFO - query execution done
[2025-04-22T22:25:19.912+0000] {cursor.py:1028} INFO - query: [MERGE INTO MBTA_VEHICLES AS target USING (SELECT 'y2101', '71', 42.37064431, -71...]
[2025-04-22T22:25:21.493+0000] {cursor.py:1041} INFO - query execution done
[2025-04-22T22:25:21.493+0000] {cursor.py:1028} INFO - query: [MERGE INTO MBTA_VEHICLES AS target USING (SELECT 'y3204', '10', 42.32568679, -71...]
[2025-04-22T22:25:23.085+0000] {cursor.py:1041} INFO - query execution done
[2025-04-22T22:25:23.088+0000] {cursor.py:1028} INFO - query: [MERGE INTO MBTA_VEHICLES AS target USING (SELECT 'y1402', '105', 42.42721675, -7...]
[2025-04-22T22:25:24.742+0000] {cursor.py:1041} INFO - query execution done
[2025-04-22T22:25:24.744+0000] {cursor.py:1028} INFO - query: [MERGE INTO MBTA_VEHICLES AS target USING (SELECT 'O-5482A351', 'Orange', 42.3029...]
[2025-04-22T22:25:26.353+0000] {cursor.py:1041} INFO - query execution done
[2025-04-22T22:25:26.355+0000] {cursor.py:1028} INFO - query: [MERGE INTO MBTA_VEHICLES AS target USING (SELECT 'y3218', '19', 42.30094266, -71...]
[2025-04-22T22:25:28.387+0000] {cursor.py:1041} INFO - query execution done
[2025-04-22T22:25:28.388+0000] {cursor.py:1028} INFO - query: [MERGE INTO MBTA_VEHICLES AS target USING (SELECT 'G-10015', 'Green-E', 42.32865,...]
[2025-04-22T22:25:30.782+0000] {cursor.py:1041} INFO - query execution done
[2025-04-22T22:25:30.783+0000] {cursor.py:1028} INFO - query: [MERGE INTO MBTA_VEHICLES AS target USING (SELECT 'y3113', '116', 42.3831644, -71...]
[2025-04-22T22:25:32.483+0000] {cursor.py:1041} INFO - query execution done
[2025-04-22T22:25:32.485+0000] {cursor.py:1028} INFO - query: [MERGE INTO MBTA_VEHICLES AS target USING (SELECT 'y1619', '42', 42.32079132, -71...]
[2025-04-22T22:25:34.983+0000] {cursor.py:1041} INFO - query execution done
[2025-04-22T22:25:34.986+0000] {cursor.py:1028} INFO - query: [MERGE INTO MBTA_VEHICLES AS target USING (SELECT 'y1659', '34E', 42.255624279, -...]
[2025-04-22T22:25:37.046+0000] {cursor.py:1041} INFO - query execution done
[2025-04-22T22:25:37.047+0000] {cursor.py:1028} INFO - query: [MERGE INTO MBTA_VEHICLES AS target USING (SELECT 'y1709', '30', 42.298007769, -7...]
[2025-04-22T22:25:38.732+0000] {cursor.py:1041} INFO - query execution done
[2025-04-22T22:25:38.733+0000] {cursor.py:1028} INFO - query: [MERGE INTO MBTA_VEHICLES AS target USING (SELECT 'y3231', '505', 42.3550081, -71...]
[2025-04-22T22:25:40.321+0000] {cursor.py:1041} INFO - query execution done
[2025-04-22T22:25:40.326+0000] {cursor.py:1028} INFO - query: [MERGE INTO MBTA_VEHICLES AS target USING (SELECT '1813', 'CR-Greenbush', 42.3215...]
[2025-04-22T22:25:41.885+0000] {cursor.py:1041} INFO - query execution done
[2025-04-22T22:25:41.887+0000] {cursor.py:1028} INFO - query: [MERGE INTO MBTA_VEHICLES AS target USING (SELECT 'y1945', '83', 42.37411565, -71...]
[2025-04-22T22:25:43.557+0000] {cursor.py:1041} INFO - query execution done
[2025-04-22T22:25:43.561+0000] {cursor.py:1028} INFO - query: [MERGE INTO MBTA_VEHICLES AS target USING (SELECT 'y0906', '222', 42.21506316, -7...]
[2025-04-22T22:25:45.300+0000] {cursor.py:1041} INFO - query execution done
[2025-04-22T22:25:45.302+0000] {cursor.py:1028} INFO - query: [MERGE INTO MBTA_VEHICLES AS target USING (SELECT 'y1284', '751', 42.32978972, -7...]
[2025-04-22T22:25:46.846+0000] {cursor.py:1041} INFO - query execution done
[2025-04-22T22:25:46.848+0000] {cursor.py:1028} INFO - query: [MERGE INTO MBTA_VEHICLES AS target USING (SELECT 'y1867', '22', 42.294461089, -7...]
[2025-04-22T22:25:48.572+0000] {cursor.py:1041} INFO - query execution done
[2025-04-22T22:25:48.583+0000] {cursor.py:1028} INFO - query: [MERGE INTO MBTA_VEHICLES AS target USING (SELECT 'y3002', '712', 42.37230866, -7...]
[2025-04-22T22:25:50.532+0000] {cursor.py:1041} INFO - query execution done
[2025-04-22T22:25:50.566+0000] {cursor.py:1028} INFO - query: [MERGE INTO MBTA_VEHICLES AS target USING (SELECT 'G-10238', 'Green-D', 42.36633,...]
[2025-04-22T22:25:52.395+0000] {cursor.py:1041} INFO - query execution done
[2025-04-22T22:25:52.399+0000] {cursor.py:1028} INFO - query: [MERGE INTO MBTA_VEHICLES AS target USING (SELECT 'y3349', '439', 42.429643319, -...]
[2025-04-22T22:25:54.326+0000] {cursor.py:1041} INFO - query execution done
[2025-04-22T22:25:54.328+0000] {cursor.py:1028} INFO - query: [MERGE INTO MBTA_VEHICLES AS target USING (SELECT 'y3327', '119', 42.43284302, -7...]
[2025-04-22T22:25:55.895+0000] {cursor.py:1041} INFO - query execution done
[2025-04-22T22:25:55.897+0000] {cursor.py:1028} INFO - query: [MERGE INTO MBTA_VEHICLES AS target USING (SELECT 'y2058', '110', 42.410167199, -...]
[2025-04-22T22:25:57.416+0000] {cursor.py:1041} INFO - query execution done
[2025-04-22T22:25:57.418+0000] {cursor.py:1028} INFO - query: [MERGE INTO MBTA_VEHICLES AS target USING (SELECT 'y1815', '10', 42.35240006, -71...]
[2025-04-22T22:25:59.705+0000] {cursor.py:1041} INFO - query execution done
[2025-04-22T22:25:59.710+0000] {cursor.py:1028} INFO - query: [MERGE INTO MBTA_VEHICLES AS target USING (SELECT 'y1815', '10', 42.35240006, -71...]
[2025-04-22T22:26:01.233+0000] {cursor.py:1041} INFO - query execution done
[2025-04-22T22:26:01.235+0000] {cursor.py:1028} INFO - query: [MERGE INTO MBTA_VEHICLES AS target USING (SELECT 'y1815', '10', 42.35240006, -71...]
[2025-04-22T22:26:02.766+0000] {cursor.py:1041} INFO - query execution done
[2025-04-22T22:26:02.769+0000] {cursor.py:1028} INFO - query: [MERGE INTO MBTA_VEHICLES AS target USING (SELECT 'y1815', '10', 42.35240006, -71...]
[2025-04-22T22:26:04.377+0000] {cursor.py:1041} INFO - query execution done
[2025-04-22T22:26:04.384+0000] {cursor.py:1028} INFO - query: [MERGE INTO MBTA_VEHICLES AS target USING (SELECT 'y1815', '10', 42.35240006, -71...]
[2025-04-22T22:26:05.892+0000] {cursor.py:1041} INFO - query execution done
[2025-04-22T22:26:05.893+0000] {cursor.py:1028} INFO - query: [MERGE INTO MBTA_VEHICLES AS target USING (SELECT 'y1815', '10', 42.35240006, -71...]
[2025-04-22T22:26:08.255+0000] {cursor.py:1041} INFO - query execution done
[2025-04-22T22:26:08.257+0000] {cursor.py:1028} INFO - query: [MERGE INTO MBTA_VEHICLES AS target USING (SELECT 'y1815', '10', 42.35240006, -71...]
[2025-04-22T22:26:09.886+0000] {cursor.py:1041} INFO - query execution done
[2025-04-22T22:26:09.898+0000] {cursor.py:1028} INFO - query: [MERGE INTO MBTA_VEHICLES AS target USING (SELECT 'y1815', '10', 42.35240006, -71...]
[2025-04-22T22:26:11.682+0000] {cursor.py:1041} INFO - query execution done
[2025-04-22T22:26:11.685+0000] {cursor.py:1028} INFO - query: [MERGE INTO MBTA_VEHICLES AS target USING (SELECT 'y1815', '10', 42.35240006, -71...]
[2025-04-22T22:26:13.172+0000] {cursor.py:1041} INFO - query execution done
[2025-04-22T22:26:13.173+0000] {cursor.py:1028} INFO - query: [MERGE INTO MBTA_VEHICLES AS target USING (SELECT 'y1815', '10', 42.35240006, -71...]
[2025-04-22T22:26:15.106+0000] {cursor.py:1041} INFO - query execution done
[2025-04-22T22:26:15.121+0000] {cursor.py:1028} INFO - query: [MERGE INTO MBTA_VEHICLES AS target USING (SELECT 'y1815', '10', 42.35240006, -71...]
[2025-04-22T22:26:17.298+0000] {cursor.py:1041} INFO - query execution done
[2025-04-22T22:26:17.299+0000] {cursor.py:1028} INFO - query: [MERGE INTO MBTA_VEHICLES AS target USING (SELECT 'y1815', '10', 42.35240006, -71...]
[2025-04-22T22:26:19.749+0000] {cursor.py:1041} INFO - query execution done
[2025-04-22T22:26:19.753+0000] {cursor.py:1028} INFO - query: [MERGE INTO MBTA_VEHICLES AS target USING (SELECT 'y1815', '10', 42.35240006, -71...]
[2025-04-22T22:26:21.807+0000] {cursor.py:1041} INFO - query execution done
[2025-04-22T22:26:21.808+0000] {cursor.py:1028} INFO - query: [MERGE INTO MBTA_VEHICLES AS target USING (SELECT 'y1815', '10', 42.35240006, -71...]
[2025-04-22T22:26:24.010+0000] {cursor.py:1041} INFO - query execution done
[2025-04-22T22:26:24.018+0000] {cursor.py:1028} INFO - query: [MERGE INTO MBTA_VEHICLES AS target USING (SELECT 'y1815', '10', 42.35240006, -71...]
[2025-04-22T22:26:26.620+0000] {cursor.py:1041} INFO - query execution done
[2025-04-22T22:26:26.622+0000] {cursor.py:1028} INFO - query: [MERGE INTO MBTA_VEHICLES AS target USING (SELECT 'y1815', '10', 42.35240006, -71...]
[2025-04-22T22:26:28.569+0000] {cursor.py:1041} INFO - query execution done
[2025-04-22T22:26:28.570+0000] {cursor.py:1028} INFO - query: [MERGE INTO MBTA_VEHICLES AS target USING (SELECT 'y1815', '10', 42.35240006, -71...]
[2025-04-22T22:26:30.824+0000] {cursor.py:1041} INFO - query execution done
[2025-04-22T22:26:30.834+0000] {cursor.py:1028} INFO - query: [MERGE INTO MBTA_VEHICLES AS target USING (SELECT 'R-54829A82', 'Red', 42.25371, ...]
[2025-04-22T22:26:33.649+0000] {cursor.py:1041} INFO - query execution done
[2025-04-22T22:26:33.661+0000] {cursor.py:1028} INFO - query: [MERGE INTO MBTA_VEHICLES AS target USING (SELECT 'y1425', '116', 42.39120897, -7...]
[2025-04-22T22:26:35.578+0000] {cursor.py:1041} INFO - query execution done
[2025-04-22T22:26:35.580+0000] {cursor.py:1028} INFO - query: [MERGE INTO MBTA_VEHICLES AS target USING (SELECT 'y1450', '110', 42.41382, -70.9...]
[2025-04-22T22:26:37.588+0000] {cursor.py:1041} INFO - query execution done
[2025-04-22T22:26:37.593+0000] {cursor.py:1028} INFO - query: [MERGE INTO MBTA_VEHICLES AS target USING (SELECT 'y1654', '24', 42.28053665, -71...]
[2025-04-22T22:26:39.690+0000] {cursor.py:1041} INFO - query execution done
[2025-04-22T22:26:39.694+0000] {cursor.py:1028} INFO - query: [MERGE INTO MBTA_VEHICLES AS target USING (SELECT 'y2096', '104', 42.42550026, -7...]
[2025-04-22T22:26:42.243+0000] {cursor.py:1041} INFO - query execution done
[2025-04-22T22:26:42.245+0000] {cursor.py:1028} INFO - query: [MERGE INTO MBTA_VEHICLES AS target USING (SELECT 'y1663', '30', 42.28513093, -71...]
[2025-04-22T22:26:44.434+0000] {cursor.py:1041} INFO - query execution done
[2025-04-22T22:26:44.438+0000] {cursor.py:1028} INFO - query: [MERGE INTO MBTA_VEHICLES AS target USING (SELECT 'y2041', '62', 42.48685424, -71...]
[2025-04-22T22:26:46.494+0000] {cursor.py:1041} INFO - query execution done
[2025-04-22T22:26:46.495+0000] {cursor.py:1028} INFO - query: [MERGE INTO MBTA_VEHICLES AS target USING (SELECT 'y1715', '32', 42.26788022, -71...]
[2025-04-22T22:26:48.513+0000] {cursor.py:1041} INFO - query execution done
[2025-04-22T22:26:48.516+0000] {cursor.py:1028} INFO - query: [MERGE INTO MBTA_VEHICLES AS target USING (SELECT 'y3259', '66', 42.370647449, -7...]
[2025-04-22T22:26:52.027+0000] {cursor.py:1041} INFO - query execution done
[2025-04-22T22:26:52.030+0000] {cursor.py:1028} INFO - query: [MERGE INTO MBTA_VEHICLES AS target USING (SELECT 'y1202', '39', 42.29978703, -71...]
[2025-04-22T22:26:53.978+0000] {cursor.py:1041} INFO - query execution done
[2025-04-22T22:26:53.982+0000] {cursor.py:1028} INFO - query: [MERGE INTO MBTA_VEHICLES AS target USING (SELECT 'O-5482AA94', 'Orange', 42.3251...]
[2025-04-22T22:26:55.905+0000] {cursor.py:1041} INFO - query execution done
[2025-04-22T22:26:55.912+0000] {cursor.py:1028} INFO - query: [MERGE INTO MBTA_VEHICLES AS target USING (SELECT 'R-5482A2DC', 'Red', 42.36126, ...]
[2025-04-22T22:26:58.076+0000] {cursor.py:1041} INFO - query execution done
[2025-04-22T22:26:58.078+0000] {cursor.py:1028} INFO - query: [MERGE INTO MBTA_VEHICLES AS target USING (SELECT 'y1642', '34E', 42.29950787, -7...]
[2025-04-22T22:27:00.308+0000] {cursor.py:1041} INFO - query execution done
[2025-04-22T22:27:00.426+0000] {cursor.py:1028} INFO - query: [MERGE INTO MBTA_VEHICLES AS target USING (SELECT 'y1972', '101', 42.42724994, -7...]
[2025-04-22T22:27:02.944+0000] {cursor.py:1041} INFO - query execution done
[2025-04-22T22:27:02.945+0000] {cursor.py:1028} INFO - query: [MERGE INTO MBTA_VEHICLES AS target USING (SELECT 'y2031', '86', 42.373521007, -7...]
[2025-04-22T22:27:05.264+0000] {cursor.py:1041} INFO - query execution done
[2025-04-22T22:27:05.268+0000] {cursor.py:1028} INFO - query: [MERGE INTO MBTA_VEHICLES AS target USING (SELECT '1843', 'CR-Worcester', 42.3577...]
[2025-04-22T22:27:07.734+0000] {cursor.py:1041} INFO - query execution done
[2025-04-22T22:27:07.736+0000] {cursor.py:1028} INFO - query: [MERGE INTO MBTA_VEHICLES AS target USING (SELECT 'y3266', '44', 42.3122361, -71....]
[2025-04-22T22:27:10.348+0000] {cursor.py:1041} INFO - query execution done
[2025-04-22T22:27:10.355+0000] {cursor.py:1028} INFO - query: [MERGE INTO MBTA_VEHICLES AS target USING (SELECT 'y0815', '245', 42.257771069, -...]
[2025-04-22T22:27:12.784+0000] {cursor.py:1041} INFO - query execution done
[2025-04-22T22:27:12.786+0000] {cursor.py:1028} INFO - query: [MERGE INTO MBTA_VEHICLES AS target USING (SELECT 'y3273', '57', 42.35059923, -71...]
[2025-04-22T22:27:15.293+0000] {cursor.py:1041} INFO - query execution done
[2025-04-22T22:27:15.300+0000] {cursor.py:1028} INFO - query: [MERGE INTO MBTA_VEHICLES AS target USING (SELECT 'y3329', '441', 42.50541666, -7...]
[2025-04-22T22:27:17.671+0000] {cursor.py:1041} INFO - query execution done
[2025-04-22T22:27:17.671+0000] {cursor.py:1028} INFO - query: [MERGE INTO MBTA_VEHICLES AS target USING (SELECT 'y3348', '450', 42.50323508, -7...]
[2025-04-22T22:27:20.134+0000] {cursor.py:1041} INFO - query execution done
[2025-04-22T22:27:20.138+0000] {cursor.py:1028} INFO - query: [MERGE INTO MBTA_VEHICLES AS target USING (SELECT 'y3214', '57', 42.36388, -71.18...]
[2025-04-22T22:27:22.553+0000] {cursor.py:1041} INFO - query execution done
[2025-04-22T22:27:22.563+0000] {cursor.py:1028} INFO - query: [MERGE INTO MBTA_VEHICLES AS target USING (SELECT 'y3285', '747', 42.35729613, -7...]
[2025-04-22T22:27:25.299+0000] {cursor.py:1041} INFO - query execution done
[2025-04-22T22:27:25.311+0000] {cursor.py:1028} INFO - query: [MERGE INTO MBTA_VEHICLES AS target USING (SELECT 'y1905', '7', 42.35437, -71.057...]
[2025-04-22T22:27:27.778+0000] {cursor.py:1041} INFO - query execution done
[2025-04-22T22:27:27.782+0000] {cursor.py:1028} INFO - query: [MERGE INTO MBTA_VEHICLES AS target USING (SELECT 'y1312', '743', 42.387254669, -...]
[2025-04-22T22:27:30.301+0000] {cursor.py:1041} INFO - query execution done
[2025-04-22T22:27:30.315+0000] {cursor.py:1028} INFO - query: [MERGE INTO MBTA_VEHICLES AS target USING (SELECT 'y2116', '111', 42.376571669, -...]
[2025-04-22T22:27:32.656+0000] {cursor.py:1041} INFO - query execution done
[2025-04-22T22:27:32.658+0000] {cursor.py:1028} INFO - query: [MERGE INTO MBTA_VEHICLES AS target USING (SELECT 'y1269', '39', 42.307903099, -7...]
[2025-04-22T22:27:34.944+0000] {cursor.py:1041} INFO - query execution done
[2025-04-22T22:27:34.948+0000] {cursor.py:1028} INFO - query: [MERGE INTO MBTA_VEHICLES AS target USING (SELECT 'y3212', '558', 42.36118949, -7...]
[2025-04-22T22:27:37.386+0000] {cursor.py:1041} INFO - query execution done
[2025-04-22T22:27:37.393+0000] {cursor.py:1028} INFO - query: [MERGE INTO MBTA_VEHICLES AS target USING (SELECT 'y1987', '112', 42.38004162, -7...]
[2025-04-22T22:27:40.075+0000] {cursor.py:1041} INFO - query execution done
[2025-04-22T22:27:40.078+0000] {cursor.py:1028} INFO - query: [MERGE INTO MBTA_VEHICLES AS target USING (SELECT 'G-10169', 'Green-D', 42.33475,...]
[2025-04-22T22:27:43.252+0000] {cursor.py:1041} INFO - query execution done
[2025-04-22T22:27:43.258+0000] {cursor.py:1028} INFO - query: [MERGE INTO MBTA_VEHICLES AS target USING (SELECT 'y2109', '350', 42.51309646, -7...]
[2025-04-22T22:27:45.723+0000] {cursor.py:1041} INFO - query execution done
[2025-04-22T22:27:45.725+0000] {cursor.py:1028} INFO - query: [MERGE INTO MBTA_VEHICLES AS target USING (SELECT 'y2049', '64', 42.35701461, -71...]
[2025-04-22T22:27:50.278+0000] {cursor.py:1041} INFO - query execution done
[2025-04-22T22:27:50.282+0000] {cursor.py:1028} INFO - query: [MERGE INTO MBTA_VEHICLES AS target USING (SELECT 'G-10332', 'Green-E', 42.40635,...]
[2025-04-22T22:27:52.787+0000] {cursor.py:1041} INFO - query execution done
[2025-04-22T22:27:52.795+0000] {cursor.py:1028} INFO - query: [MERGE INTO MBTA_VEHICLES AS target USING (SELECT 'y3109', '426', 42.431639879, -...]
[2025-04-22T22:27:55.335+0000] {cursor.py:1041} INFO - query execution done
[2025-04-22T22:27:55.336+0000] {cursor.py:1028} INFO - query: [MERGE INTO MBTA_VEHICLES AS target USING (SELECT 'y2000', '109', 42.40747319, -7...]
[2025-04-22T22:27:57.849+0000] {cursor.py:1041} INFO - query execution done
[2025-04-22T22:27:57.856+0000] {cursor.py:1028} INFO - query: [MERGE INTO MBTA_VEHICLES AS target USING (SELECT 'y0883', '108', 42.40471457, -7...]
[2025-04-22T22:28:00.265+0000] {cursor.py:1041} INFO - query execution done
[2025-04-22T22:28:00.268+0000] {cursor.py:1028} INFO - query: [MERGE INTO MBTA_VEHICLES AS target USING (SELECT 'y1435', '120', 42.38698933, -7...]
[2025-04-22T22:28:02.836+0000] {cursor.py:1041} INFO - query execution done
[2025-04-22T22:28:02.844+0000] {cursor.py:1028} INFO - query: [MERGE INTO MBTA_VEHICLES AS target USING (SELECT 'G-10053', 'Green-D', 42.31773,...]
[2025-04-22T22:28:05.810+0000] {cursor.py:1041} INFO - query execution done
[2025-04-22T22:28:05.821+0000] {cursor.py:1028} INFO - query: [MERGE INTO MBTA_VEHICLES AS target USING (SELECT 'y1725', '7', 42.33835443, -71....]
[2025-04-22T22:28:08.256+0000] {cursor.py:1041} INFO - query execution done
[2025-04-22T22:28:08.257+0000] {cursor.py:1028} INFO - query: [MERGE INTO MBTA_VEHICLES AS target USING (SELECT 'y1625', '41', 42.3171682, -71....]
[2025-04-22T22:28:11.057+0000] {cursor.py:1041} INFO - query execution done
[2025-04-22T22:28:11.062+0000] {cursor.py:1028} INFO - query: [MERGE INTO MBTA_VEHICLES AS target USING (SELECT 'y0777', '220', 42.24770513, -7...]
[2025-04-22T22:28:14.343+0000] {cursor.py:1041} INFO - query execution done
[2025-04-22T22:28:14.345+0000] {cursor.py:1028} INFO - query: [MERGE INTO MBTA_VEHICLES AS target USING (SELECT 'y1805', '504', 42.35106468, -7...]
[2025-04-22T22:28:17.244+0000] {cursor.py:1041} INFO - query execution done
[2025-04-22T22:28:17.245+0000] {cursor.py:1028} INFO - query: [MERGE INTO MBTA_VEHICLES AS target USING (SELECT 'G-10304', 'Green-D', 42.33124,...]
[2025-04-22T22:28:19.769+0000] {cursor.py:1041} INFO - query execution done
[2025-04-22T22:28:19.773+0000] {cursor.py:1028} INFO - query: [MERGE INTO MBTA_VEHICLES AS target USING (SELECT 'y0763', '216', 42.25662967, -7...]
[2025-04-22T22:28:22.311+0000] {cursor.py:1041} INFO - query execution done
[2025-04-22T22:28:22.318+0000] {cursor.py:1028} INFO - query: [MERGE INTO MBTA_VEHICLES AS target USING (SELECT 'y1664', '29', 42.32247324, -71...]
[2025-04-22T22:28:24.886+0000] {cursor.py:1041} INFO - query execution done
[2025-04-22T22:28:24.895+0000] {cursor.py:1028} INFO - query: [MERGE INTO MBTA_VEHICLES AS target USING (SELECT 'y0829', '215', 42.28020441, -7...]
[2025-04-22T22:28:27.413+0000] {cursor.py:1041} INFO - query execution done
[2025-04-22T22:28:27.415+0000] {cursor.py:1028} INFO - query: [MERGE INTO MBTA_VEHICLES AS target USING (SELECT 'y2021', '87', 42.406547959, -7...]
[2025-04-22T22:28:30.103+0000] {cursor.py:1041} INFO - query execution done
[2025-04-22T22:28:30.107+0000] {cursor.py:1028} INFO - query: [MERGE INTO MBTA_VEHICLES AS target USING (SELECT 'y1431', '435', 42.48935824, -7...]
[2025-04-22T22:28:32.649+0000] {cursor.py:1041} INFO - query execution done
[2025-04-22T22:28:32.659+0000] {cursor.py:1028} INFO - query: [MERGE INTO MBTA_VEHICLES AS target USING (SELECT 'y3243', '66', 42.34351386, -71...]
[2025-04-22T22:28:35.104+0000] {cursor.py:1041} INFO - query execution done
[2025-04-22T22:28:35.146+0000] {cursor.py:1028} INFO - query: [MERGE INTO MBTA_VEHICLES AS target USING (SELECT 'y1275', '749', 42.33690766, -7...]
[2025-04-22T22:28:37.634+0000] {cursor.py:1041} INFO - query execution done
[2025-04-22T22:28:37.638+0000] {cursor.py:1028} INFO - query: [MERGE INTO MBTA_VEHICLES AS target USING (SELECT 'y1831', '47', 42.33823973, -71...]
[2025-04-22T22:28:42.349+0000] {cursor.py:1041} INFO - query execution done
[2025-04-22T22:28:42.358+0000] {cursor.py:1028} INFO - query: [MERGE INTO MBTA_VEHICLES AS target USING (SELECT 'y1662', '37', 42.285235219, -7...]
[2025-04-22T22:28:44.704+0000] {cursor.py:1041} INFO - query execution done
[2025-04-22T22:28:44.708+0000] {cursor.py:1028} INFO - query: [MERGE INTO MBTA_VEHICLES AS target USING (SELECT 'y0827', '230', 42.24972555, -7...]
[2025-04-22T22:28:47.143+0000] {cursor.py:1041} INFO - query execution done
[2025-04-22T22:28:47.144+0000] {cursor.py:1028} INFO - query: [MERGE INTO MBTA_VEHICLES AS target USING (SELECT 'y3324', '435', 42.53222228, -7...]
[2025-04-22T22:28:49.989+0000] {cursor.py:1041} INFO - query execution done
[2025-04-22T22:28:49.998+0000] {cursor.py:1028} INFO - query: [MERGE INTO MBTA_VEHICLES AS target USING (SELECT 'y1852', '505', 42.348022599, -...]
[2025-04-22T22:28:52.428+0000] {cursor.py:1041} INFO - query execution done
[2025-04-22T22:28:52.429+0000] {cursor.py:1028} INFO - query: [MERGE INTO MBTA_VEHICLES AS target USING (SELECT 'dLF 951', '716', 42.20827878, ...]
[2025-04-22T22:28:55.660+0000] {cursor.py:1041} INFO - query execution done
[2025-04-22T22:28:55.662+0000] {cursor.py:1028} INFO - query: [MERGE INTO MBTA_VEHICLES AS target USING (SELECT 'y1406', '104', 42.425427519, -...]
[2025-04-22T22:28:57.997+0000] {cursor.py:1041} INFO - query execution done
[2025-04-22T22:28:57.999+0000] {cursor.py:1028} INFO - query: [MERGE INTO MBTA_VEHICLES AS target USING (SELECT 'y1268', '39', 42.33705925, -71...]
[2025-04-22T22:29:00.749+0000] {cursor.py:1041} INFO - query execution done
[2025-04-22T22:29:00.752+0000] {cursor.py:1028} INFO - query: [MERGE INTO MBTA_VEHICLES AS target USING (SELECT '1869', 'CR-Greenbush', 42.2078...]
[2025-04-22T22:29:03.461+0000] {cursor.py:1041} INFO - query execution done
[2025-04-22T22:29:03.464+0000] {cursor.py:1028} INFO - query: [MERGE INTO MBTA_VEHICLES AS target USING (SELECT 'G-10135', 'Green-E', 42.35929,...]
[2025-04-22T22:29:06.315+0000] {cursor.py:1041} INFO - query execution done
[2025-04-22T22:29:06.318+0000] {cursor.py:1028} INFO - query: [MERGE INTO MBTA_VEHICLES AS target USING (SELECT 'y1727', '44', 42.32284626, -71...]
[2025-04-22T22:29:09.087+0000] {cursor.py:1041} INFO - query execution done
[2025-04-22T22:29:09.091+0000] {cursor.py:1028} INFO - query: [MERGE INTO MBTA_VEHICLES AS target USING (SELECT 'y0863', '354', 42.47948229, -7...]
[2025-04-22T22:29:11.767+0000] {cursor.py:1041} INFO - query execution done
[2025-04-22T22:29:11.771+0000] {cursor.py:1028} INFO - query: [MERGE INTO MBTA_VEHICLES AS target USING (SELECT '1863', 'CR-Franklin', 42.25669...]
[2025-04-22T22:29:14.389+0000] {cursor.py:1041} INFO - query execution done
[2025-04-22T22:29:14.390+0000] {cursor.py:1028} INFO - query: [MERGE INTO MBTA_VEHICLES AS target USING (SELECT 'y1679', '42', 42.31753109, -71...]
[2025-04-22T22:29:17.507+0000] {cursor.py:1041} INFO - query execution done
[2025-04-22T22:29:17.512+0000] {cursor.py:1028} INFO - query: [MERGE INTO MBTA_VEHICLES AS target USING (SELECT 'y2001', '73', 42.37624797, -71...]
[2025-04-22T22:29:20.064+0000] {cursor.py:1041} INFO - query execution done
[2025-04-22T22:29:20.079+0000] {cursor.py:1028} INFO - query: [MERGE INTO MBTA_VEHICLES AS target USING (SELECT 'y3279', '553', 42.36859143, -7...]
[2025-04-22T22:29:22.586+0000] {cursor.py:1041} INFO - query execution done
[2025-04-22T22:29:22.589+0000] {cursor.py:1028} INFO - query: [MERGE INTO MBTA_VEHICLES AS target USING (SELECT 'y1432', '354', 42.50128476, -7...]
[2025-04-22T22:29:25.273+0000] {cursor.py:1041} INFO - query execution done
[2025-04-22T22:29:25.280+0000] {cursor.py:1028} INFO - query: [MERGE INTO MBTA_VEHICLES AS target USING (SELECT 'y1808', '19', 42.33012554, -71...]
[2025-04-22T22:29:27.834+0000] {cursor.py:1041} INFO - query execution done
[2025-04-22T22:29:27.834+0000] {cursor.py:1028} INFO - query: [MERGE INTO MBTA_VEHICLES AS target USING (SELECT 'y1458', '99', 42.42158779, -71...]
[2025-04-22T22:29:30.149+0000] {cursor.py:1041} INFO - query execution done
[2025-04-22T22:29:30.155+0000] {cursor.py:1028} INFO - query: [MERGE INTO MBTA_VEHICLES AS target USING (SELECT 'y1612', '31', 42.282234129, -7...]
[2025-04-22T22:29:32.742+0000] {cursor.py:1041} INFO - query execution done
[2025-04-22T22:29:32.745+0000] {cursor.py:1028} INFO - query: [MERGE INTO MBTA_VEHICLES AS target USING (SELECT 'B-5482A82F', 'Blue', 42.41352,...]
[2025-04-22T22:29:36.176+0000] {cursor.py:1041} INFO - query execution done
[2025-04-22T22:29:36.188+0000] {cursor.py:1028} INFO - query: [MERGE INTO MBTA_VEHICLES AS target USING (SELECT 'y1689', '14', 42.28695, -71.13...]
[2025-04-22T22:29:38.078+0000] {cursor.py:1041} INFO - query execution done
[2025-04-22T22:29:38.083+0000] {cursor.py:1028} INFO - query: [MERGE INTO MBTA_VEHICLES AS target USING (SELECT 'y1283', '751', 42.35280444, -7...]
[2025-04-22T22:29:40.511+0000] {cursor.py:1041} INFO - query execution done
[2025-04-22T22:29:40.511+0000] {cursor.py:1028} INFO - query: [MERGE INTO MBTA_VEHICLES AS target USING (SELECT 'y1207', '28', 42.30567598, -71...]
[2025-04-22T22:29:42.708+0000] {cursor.py:1041} INFO - query execution done
[2025-04-22T22:29:42.714+0000] {cursor.py:1028} INFO - query: [MERGE INTO MBTA_VEHICLES AS target USING (SELECT 'y1429', '104', 42.41649962, -7...]
[2025-04-22T22:29:44.717+0000] {cursor.py:1041} INFO - query execution done
[2025-04-22T22:29:44.719+0000] {cursor.py:1028} INFO - query: [MERGE INTO MBTA_VEHICLES AS target USING (SELECT 'y1944', '109', 42.43116362, -7...]
[2025-04-22T22:29:47.850+0000] {cursor.py:1041} INFO - query execution done
[2025-04-22T22:29:47.856+0000] {cursor.py:1028} INFO - query: [MERGE INTO MBTA_VEHICLES AS target USING (SELECT 'y1644', '41', 42.310015649, -7...]
[2025-04-22T22:29:50.140+0000] {cursor.py:1041} INFO - query execution done
[2025-04-22T22:29:50.144+0000] {cursor.py:1028} INFO - query: [MERGE INTO MBTA_VEHICLES AS target USING (SELECT 'y3116', '104', 42.3988434, -71...]
[2025-04-22T22:29:52.307+0000] {cursor.py:1041} INFO - query execution done
[2025-04-22T22:29:52.311+0000] {cursor.py:1028} INFO - query: [MERGE INTO MBTA_VEHICLES AS target USING (SELECT 'y1341', '741', 42.34880504, -7...]
[2025-04-22T22:29:54.481+0000] {cursor.py:1041} INFO - query execution done
[2025-04-22T22:29:54.482+0000] {cursor.py:1028} INFO - query: [MERGE INTO MBTA_VEHICLES AS target USING (SELECT 'B-5482A836', 'Blue', 42.37022,...]
[2025-04-22T22:29:56.999+0000] {cursor.py:1041} INFO - query execution done
[2025-04-22T22:29:57.001+0000] {cursor.py:1028} INFO - query: [MERGE INTO MBTA_VEHICLES AS target USING (SELECT 'y1854', '17', 42.31579535, -71...]
[2025-04-22T22:30:01.487+0000] {cursor.py:1041} INFO - query execution done
[2025-04-22T22:30:01.511+0000] {cursor.py:1028} INFO - query: [MERGE INTO MBTA_VEHICLES AS target USING (SELECT 'y3295', '57', 42.35299036, -71...]
[2025-04-22T22:30:03.808+0000] {cursor.py:1041} INFO - query execution done
[2025-04-22T22:30:03.832+0000] {cursor.py:1028} INFO - query: [MERGE INTO MBTA_VEHICLES AS target USING (SELECT 'y1297', '746', 42.34707, -71.0...]
[2025-04-22T22:30:06.455+0000] {cursor.py:1041} INFO - query execution done
[2025-04-22T22:30:06.479+0000] {cursor.py:1028} INFO - query: [MERGE INTO MBTA_VEHICLES AS target USING (SELECT 'y1857', '9', 42.34174969, -71....]
[2025-04-22T22:30:09.506+0000] {cursor.py:1041} INFO - query execution done
[2025-04-22T22:30:09.565+0000] {cursor.py:1028} INFO - query: [MERGE INTO MBTA_VEHICLES AS target USING (SELECT 'y1996', '64', 42.36616216, -71...]
[2025-04-22T22:30:12.021+0000] {cursor.py:1041} INFO - query execution done
[2025-04-22T22:30:12.029+0000] {cursor.py:1028} INFO - query: [MERGE INTO MBTA_VEHICLES AS target USING (SELECT 'B-5482AA96', 'Blue', 42.35888,...]
[2025-04-22T22:30:15.951+0000] {cursor.py:1041} INFO - query execution done
[2025-04-22T22:30:15.957+0000] {cursor.py:1028} INFO - query: [MERGE INTO MBTA_VEHICLES AS target USING (SELECT 'y1859', '11', 42.33833755, -71...]
[2025-04-22T22:30:18.739+0000] {cursor.py:1041} INFO - query execution done
[2025-04-22T22:30:18.745+0000] {cursor.py:1028} INFO - query: [MERGE INTO MBTA_VEHICLES AS target USING (SELECT 'y2003', '94', 42.41397818, -71...]
[2025-04-22T22:30:21.484+0000] {cursor.py:1041} INFO - query execution done
[2025-04-22T22:30:21.491+0000] {cursor.py:1028} INFO - query: [MERGE INTO MBTA_VEHICLES AS target USING (SELECT '1861', 'CR-Providence', 42.272...]
[2025-04-22T22:30:24.086+0000] {cursor.py:1041} INFO - query execution done
[2025-04-22T22:30:24.089+0000] {cursor.py:1028} INFO - query: [MERGE INTO MBTA_VEHICLES AS target USING (SELECT 'y3205', '747', 42.37937741, -7...]
[2025-04-22T22:30:26.843+0000] {cursor.py:1041} INFO - query execution done
[2025-04-22T22:30:26.847+0000] {cursor.py:1028} INFO - query: [MERGE INTO MBTA_VEHICLES AS target USING (SELECT '1823', 'CR-Greenbush', 42.2449...]
[2025-04-22T22:30:30.179+0000] {cursor.py:1041} INFO - query execution done
[2025-04-22T22:30:30.179+0000] {cursor.py:1028} INFO - query: [MERGE INTO MBTA_VEHICLES AS target USING (SELECT 'y2048', '111', 42.40916427, -7...]
[2025-04-22T22:30:32.951+0000] {cursor.py:1041} INFO - query execution done
[2025-04-22T22:30:32.954+0000] {cursor.py:1028} INFO - query: [MERGE INTO MBTA_VEHICLES AS target USING (SELECT '1855', 'CR-Franklin', 42.22705...]
[2025-04-22T22:30:35.875+0000] {cursor.py:1041} INFO - query execution done
[2025-04-22T22:30:35.878+0000] {cursor.py:1028} INFO - query: [MERGE INTO MBTA_VEHICLES AS target USING (SELECT 'y2069', '69', 42.37424985, -71...]
[2025-04-22T22:30:38.492+0000] {cursor.py:1041} INFO - query execution done
[2025-04-22T22:30:38.494+0000] {cursor.py:1028} INFO - query: [MERGE INTO MBTA_VEHICLES AS target USING (SELECT 'y1833', '44', 42.3375, -71.088...]
[2025-04-22T22:30:41.345+0000] {cursor.py:1041} INFO - query execution done
[2025-04-22T22:30:41.351+0000] {cursor.py:1028} INFO - query: [MERGE INTO MBTA_VEHICLES AS target USING (SELECT 'y1809', '708', 42.33017, -71.0...]
[2025-04-22T22:30:43.885+0000] {cursor.py:1041} INFO - query execution done
[2025-04-22T22:30:43.889+0000] {cursor.py:1028} INFO - query: [MERGE INTO MBTA_VEHICLES AS target USING (SELECT 'y2007', '78', 42.3729, -71.122...]
[2025-04-22T22:30:47.062+0000] {cursor.py:1041} INFO - query execution done
[2025-04-22T22:30:47.067+0000] {cursor.py:1028} INFO - query: [MERGE INTO MBTA_VEHICLES AS target USING (SELECT 'y1832', '22', 42.284652819, -7...]
[2025-04-22T22:30:49.746+0000] {cursor.py:1041} INFO - query execution done
[2025-04-22T22:30:49.747+0000] {cursor.py:1028} INFO - query: [MERGE INTO MBTA_VEHICLES AS target USING (SELECT 'y2043', '90', 42.391121589, -7...]
[2025-04-22T22:30:52.860+0000] {cursor.py:1041} INFO - query execution done
[2025-04-22T22:30:52.865+0000] {cursor.py:1028} INFO - query: [MERGE INTO MBTA_VEHICLES AS target USING (SELECT 'y1803', '8', 42.33781166, -71....]
[2025-04-22T22:30:55.879+0000] {cursor.py:1041} INFO - query execution done
[2025-04-22T22:30:55.880+0000] {cursor.py:1028} INFO - query: [MERGE INTO MBTA_VEHICLES AS target USING (SELECT 'y2073', '86', 42.35180226, -71...]
[2025-04-22T22:30:58.584+0000] {cursor.py:1041} INFO - query execution done
[2025-04-22T22:30:58.588+0000] {cursor.py:1028} INFO - query: [MERGE INTO MBTA_VEHICLES AS target USING (SELECT 'y1636', '26', 42.28629606, -71...]
[2025-04-22T22:31:01.697+0000] {cursor.py:1041} INFO - query execution done
[2025-04-22T22:31:01.702+0000] {cursor.py:1028} INFO - query: [MERGE INTO MBTA_VEHICLES AS target USING (SELECT 'y1726', '16', 42.33021958, -71...]
[2025-04-22T22:31:04.781+0000] {cursor.py:1041} INFO - query execution done
[2025-04-22T22:31:04.783+0000] {cursor.py:1028} INFO - query: [MERGE INTO MBTA_VEHICLES AS target USING (SELECT 'y1843', '23', 42.332761679, -7...]
[2025-04-22T22:31:07.491+0000] {cursor.py:1041} INFO - query execution done
[2025-04-22T22:31:07.493+0000] {cursor.py:1028} INFO - query: [MERGE INTO MBTA_VEHICLES AS target USING (SELECT 'y1966', '67', 42.41537626, -71...]
[2025-04-22T22:31:10.486+0000] {cursor.py:1041} INFO - query execution done
[2025-04-22T22:31:10.488+0000] {cursor.py:1028} INFO - query: [MERGE INTO MBTA_VEHICLES AS target USING (SELECT 'G-10069', 'Mattapan', 42.2797,...]
[2025-04-22T22:31:13.280+0000] {cursor.py:1041} INFO - query execution done
[2025-04-22T22:31:13.285+0000] {cursor.py:1028} INFO - query: [MERGE INTO MBTA_VEHICLES AS target USING (SELECT 'y3306', '426', 42.46196636, -7...]
[2025-04-22T22:31:15.724+0000] {cursor.py:1041} INFO - query execution done
[2025-04-22T22:31:15.732+0000] {cursor.py:1028} INFO - query: [MERGE INTO MBTA_VEHICLES AS target USING (SELECT 'y1844', '47', 42.341147089, -7...]
[2025-04-22T22:31:18.905+0000] {cursor.py:1041} INFO - query execution done
[2025-04-22T22:31:18.909+0000] {cursor.py:1028} INFO - query: [MERGE INTO MBTA_VEHICLES AS target USING (SELECT 'y3131', '62', 42.42542684, -71...]
[2025-04-22T22:31:21.721+0000] {cursor.py:1041} INFO - query execution done
[2025-04-22T22:31:21.724+0000] {cursor.py:1028} INFO - query: [MERGE INTO MBTA_VEHICLES AS target USING (SELECT 'y2008', '411', 42.41005076, -7...]
[2025-04-22T22:31:24.478+0000] {cursor.py:1041} INFO - query execution done
[2025-04-22T22:31:24.483+0000] {cursor.py:1028} INFO - query: [MERGE INTO MBTA_VEHICLES AS target USING (SELECT 'G-10023', 'Green-B', 42.34888,...]
[2025-04-22T22:31:27.060+0000] {cursor.py:1041} INFO - query execution done
[2025-04-22T22:31:27.062+0000] {cursor.py:1028} INFO - query: [MERGE INTO MBTA_VEHICLES AS target USING (SELECT 'y3146', '109', 42.43263632, -7...]
[2025-04-22T22:31:29.595+0000] {cursor.py:1041} INFO - query execution done
[2025-04-22T22:31:29.600+0000] {cursor.py:1028} INFO - query: [MERGE INTO MBTA_VEHICLES AS target USING (SELECT 'y3274', '4', 42.35159677, -71....]
[2025-04-22T22:31:32.239+0000] {cursor.py:1041} INFO - query execution done
[2025-04-22T22:31:32.750+0000] {cursor.py:1028} INFO - query: [MERGE INTO MBTA_VEHICLES AS target USING (SELECT 'y1600', '32', 42.28940351, -71...]
[2025-04-22T22:31:35.345+0000] {cursor.py:1041} INFO - query execution done
[2025-04-22T22:31:35.352+0000] {cursor.py:1028} INFO - query: [MERGE INTO MBTA_VEHICLES AS target USING (SELECT 'y3247', '57', 42.3490605, -71....]
[2025-04-22T22:31:37.965+0000] {cursor.py:1041} INFO - query execution done
[2025-04-22T22:31:37.967+0000] {cursor.py:1028} INFO - query: [MERGE INTO MBTA_VEHICLES AS target USING (SELECT 'y2053', '74', 42.38221676, -71...]
[2025-04-22T22:31:40.797+0000] {cursor.py:1041} INFO - query execution done
[2025-04-22T22:31:40.808+0000] {cursor.py:1028} INFO - query: [MERGE INTO MBTA_VEHICLES AS target USING (SELECT 'y1818', '47', 42.36062083, -71...]
[2025-04-22T22:31:43.640+0000] {cursor.py:1041} INFO - query execution done
[2025-04-22T22:31:43.647+0000] {cursor.py:1028} INFO - query: [MERGE INTO MBTA_VEHICLES AS target USING (SELECT 'y1251', '28', 42.26722862, -71...]
[2025-04-22T22:31:46.476+0000] {cursor.py:1041} INFO - query execution done
[2025-04-22T22:31:46.484+0000] {cursor.py:1028} INFO - query: [MERGE INTO MBTA_VEHICLES AS target USING (SELECT 'y1713', '52', 42.277481809, -7...]
[2025-04-22T22:31:49.468+0000] {cursor.py:1041} INFO - query execution done
[2025-04-22T22:31:49.472+0000] {cursor.py:1028} INFO - query: [MERGE INTO MBTA_VEHICLES AS target USING (SELECT 'y3312', '424', 42.41857976, -7...]
[2025-04-22T22:31:52.821+0000] {cursor.py:1041} INFO - query execution done
[2025-04-22T22:31:52.822+0000] {cursor.py:1028} INFO - query: [MERGE INTO MBTA_VEHICLES AS target USING (SELECT 'y1820', '504', 42.36337011, -7...]
[2025-04-22T22:31:56.940+0000] {cursor.py:1041} INFO - query execution done
[2025-04-22T22:31:56.944+0000] {cursor.py:1028} INFO - query: [MERGE INTO MBTA_VEHICLES AS target USING (SELECT 'y3133', '70', 42.3750248, -71....]
[2025-04-22T22:32:00.390+0000] {cursor.py:1041} INFO - query execution done
[2025-04-22T22:32:00.390+0000] {cursor.py:1028} INFO - query: [MERGE INTO MBTA_VEHICLES AS target USING (SELECT 'y1318', '743', 42.347399609, -...]
[2025-04-22T22:32:04.821+0000] {cursor.py:1041} INFO - query execution done
[2025-04-22T22:32:04.826+0000] {cursor.py:1028} INFO - query: [MERGE INTO MBTA_VEHICLES AS target USING (SELECT 'y1252', '28', 42.31555392, -71...]
[2025-04-22T22:32:08.275+0000] {cursor.py:1041} INFO - query execution done
[2025-04-22T22:32:08.277+0000] {cursor.py:1028} INFO - query: [MERGE INTO MBTA_VEHICLES AS target USING (SELECT 'y1637', '41', 42.32152258, -71...]
[2025-04-22T22:32:11.869+0000] {cursor.py:1041} INFO - query execution done
[2025-04-22T22:32:11.872+0000] {cursor.py:1028} INFO - query: [MERGE INTO MBTA_VEHICLES AS target USING (SELECT 'y3128', '111', 42.392466589, -...]
[2025-04-22T22:32:15.227+0000] {cursor.py:1041} INFO - query execution done
[2025-04-22T22:32:15.234+0000] {cursor.py:1028} INFO - query: [MERGE INTO MBTA_VEHICLES AS target USING (SELECT 'y1418', '354', 42.38251346, -7...]
[2025-04-22T22:32:19.066+0000] {cursor.py:1041} INFO - query execution done
[2025-04-22T22:32:19.092+0000] {cursor.py:1028} INFO - query: [MERGE INTO MBTA_VEHICLES AS target USING (SELECT 'O-5482A350', 'Orange', 42.3765...]
[2025-04-22T22:32:22.423+0000] {cursor.py:1041} INFO - query execution done
[2025-04-22T22:32:22.426+0000] {cursor.py:1028} INFO - query: [MERGE INTO MBTA_VEHICLES AS target USING (SELECT 'y0861', '131', 42.4635919, -71...]
[2025-04-22T22:32:25.953+0000] {cursor.py:1041} INFO - query execution done
[2025-04-22T22:32:25.962+0000] {cursor.py:1028} INFO - query: [MERGE INTO MBTA_VEHICLES AS target USING (SELECT 'y0904', '236', 42.24627029, -7...]
[2025-04-22T22:32:29.979+0000] {cursor.py:1041} INFO - query execution done
[2025-04-22T22:32:29.992+0000] {cursor.py:1028} INFO - query: [MERGE INTO MBTA_VEHICLES AS target USING (SELECT 'G-10156', 'Green-E', 42.36234,...]
[2025-04-22T22:32:33.504+0000] {cursor.py:1041} INFO - query execution done
[2025-04-22T22:32:33.510+0000] {cursor.py:1028} INFO - query: [MERGE INTO MBTA_VEHICLES AS target USING (SELECT 'y0868', '137', 42.46669222, -7...]
[2025-04-22T22:32:36.882+0000] {cursor.py:1041} INFO - query execution done
[2025-04-22T22:32:36.886+0000] {cursor.py:1028} INFO - query: [MERGE INTO MBTA_VEHICLES AS target USING (SELECT 'y0828', '201', 42.28094332, -7...]
[2025-04-22T22:32:41.036+0000] {cursor.py:1041} INFO - query execution done
[2025-04-22T22:32:41.040+0000] {cursor.py:1028} INFO - query: [MERGE INTO MBTA_VEHICLES AS target USING (SELECT 'y2009', '70', 42.36325519, -71...]
[2025-04-22T22:32:45.067+0000] {cursor.py:1041} INFO - query execution done
[2025-04-22T22:32:45.075+0000] {cursor.py:1028} INFO - query: [MERGE INTO MBTA_VEHICLES AS target USING (SELECT '1723', 'CR-Fitchburg', 42.3971...]
[2025-04-22T22:32:48.919+0000] {cursor.py:1041} INFO - query execution done
[2025-04-22T22:32:48.924+0000] {cursor.py:1028} INFO - query: [MERGE INTO MBTA_VEHICLES AS target USING (SELECT 'y3216', '60', 42.332948559, -7...]
[2025-04-22T22:32:53.393+0000] {cursor.py:1041} INFO - query execution done
[2025-04-22T22:32:53.397+0000] {cursor.py:1028} INFO - query: [MERGE INTO MBTA_VEHICLES AS target USING (SELECT 'y1804', '23', 42.30095419, -71...]
[2025-04-22T22:32:56.478+0000] {cursor.py:1041} INFO - query execution done
[2025-04-22T22:32:56.485+0000] {cursor.py:1028} INFO - query: [MERGE INTO MBTA_VEHICLES AS target USING (SELECT 'y1938', '109', 42.43227954, -7...]
[2025-04-22T22:32:59.965+0000] {cursor.py:1041} INFO - query execution done
[2025-04-22T22:32:59.966+0000] {cursor.py:1028} INFO - query: [MERGE INTO MBTA_VEHICLES AS target USING (SELECT 'y2039', '351', 42.51231277, -7...]
[2025-04-22T22:33:03.532+0000] {cursor.py:1041} INFO - query execution done
[2025-04-22T22:33:03.536+0000] {cursor.py:1028} INFO - query: [MERGE INTO MBTA_VEHICLES AS target USING (SELECT 'y1421', '121', 42.37864154, -7...]
[2025-04-22T22:33:06.995+0000] {cursor.py:1041} INFO - query execution done
[2025-04-22T22:33:07.009+0000] {cursor.py:1028} INFO - query: [MERGE INTO MBTA_VEHICLES AS target USING (SELECT 'y1263', '39', 42.34146133, -71...]
[2025-04-22T22:33:10.535+0000] {cursor.py:1041} INFO - query execution done
[2025-04-22T22:33:10.540+0000] {cursor.py:1028} INFO - query: [MERGE INTO MBTA_VEHICLES AS target USING (SELECT 'y1621', '40', 42.28985395, -71...]
[2025-04-22T22:33:13.905+0000] {cursor.py:1041} INFO - query execution done
[2025-04-22T22:33:13.912+0000] {cursor.py:1028} INFO - query: [MERGE INTO MBTA_VEHICLES AS target USING (SELECT 'y3328', '455', 42.46423796, -7...]
[2025-04-22T22:33:17.678+0000] {cursor.py:1041} INFO - query execution done
[2025-04-22T22:33:17.688+0000] {cursor.py:1028} INFO - query: [MERGE INTO MBTA_VEHICLES AS target USING (SELECT 'y1848', '47', 42.34181065, -71...]
[2025-04-22T22:33:21.032+0000] {cursor.py:1041} INFO - query execution done
[2025-04-22T22:33:21.037+0000] {cursor.py:1028} INFO - query: [MERGE INTO MBTA_VEHICLES AS target USING (SELECT 'y1894', '504', 42.35428976, -7...]
[2025-04-22T22:33:24.657+0000] {cursor.py:1041} INFO - query execution done
[2025-04-22T22:33:24.660+0000] {cursor.py:1028} INFO - query: [MERGE INTO MBTA_VEHICLES AS target USING (SELECT 'y1267', '28', 42.26747337, -71...]
[2025-04-22T22:33:28.057+0000] {cursor.py:1041} INFO - query execution done
[2025-04-22T22:33:28.062+0000] {cursor.py:1028} INFO - query: [MERGE INTO MBTA_VEHICLES AS target USING (SELECT 'y3336', '435', 42.54832219, -7...]
[2025-04-22T22:33:31.555+0000] {cursor.py:1041} INFO - query execution done
[2025-04-22T22:33:31.556+0000] {cursor.py:1028} INFO - query: [MERGE INTO MBTA_VEHICLES AS target USING (SELECT 'y1400', '132', 42.45250558, -7...]
[2025-04-22T22:33:35.157+0000] {cursor.py:1041} INFO - query execution done
[2025-04-22T22:33:35.162+0000] {cursor.py:1028} INFO - query: [MERGE INTO MBTA_VEHICLES AS target USING (SELECT 'y1702', '35', 42.2865833, -71....]
[2025-04-22T22:33:38.584+0000] {cursor.py:1041} INFO - query execution done
[2025-04-22T22:33:38.589+0000] {cursor.py:1028} INFO - query: [MERGE INTO MBTA_VEHICLES AS target USING (SELECT 'G-10188', 'Mattapan', 42.2712,...]
[2025-04-22T22:33:42.810+0000] {cursor.py:1041} INFO - query execution done
[2025-04-22T22:33:42.814+0000] {cursor.py:1028} INFO - query: [MERGE INTO MBTA_VEHICLES AS target USING (SELECT 'y1653', '21', 42.30028967, -71...]
[2025-04-22T22:33:46.960+0000] {cursor.py:1041} INFO - query execution done
[2025-04-22T22:33:46.962+0000] {cursor.py:1028} INFO - query: [MERGE INTO MBTA_VEHICLES AS target USING (SELECT 'y2022', '111', 42.3918576, -71...]
[2025-04-22T22:33:51.976+0000] {cursor.py:1041} INFO - query execution done
[2025-04-22T22:33:51.979+0000] {cursor.py:1028} INFO - query: [MERGE INTO MBTA_VEHICLES AS target USING (SELECT 'R-54829A22', 'Red', 42.20965, ...]
[2025-04-22T22:33:55.998+0000] {cursor.py:1041} INFO - query execution done
[2025-04-22T22:33:56.003+0000] {cursor.py:1028} INFO - query: [MERGE INTO MBTA_VEHICLES AS target USING (SELECT 'y1940', '89', 42.40607, -71.13...]
[2025-04-22T22:33:59.830+0000] {cursor.py:1041} INFO - query execution done
[2025-04-22T22:33:59.836+0000] {cursor.py:1028} INFO - query: [MERGE INTO MBTA_VEHICLES AS target USING (SELECT 'y1685', '33', 42.24490476, -71...]
[2025-04-22T22:34:03.200+0000] {cursor.py:1041} INFO - query execution done
[2025-04-22T22:34:03.213+0000] {cursor.py:1028} INFO - query: [MERGE INTO MBTA_VEHICLES AS target USING (SELECT 'y3261', '1', 42.36146688, -71....]
[2025-04-22T22:34:06.462+0000] {cursor.py:1041} INFO - query execution done
[2025-04-22T22:34:06.465+0000] {cursor.py:1028} INFO - query: [MERGE INTO MBTA_VEHICLES AS target USING (SELECT 'O-5482A338', 'Orange', 42.3553...]
[2025-04-22T22:34:09.871+0000] {cursor.py:1041} INFO - query execution done
[2025-04-22T22:34:09.874+0000] {cursor.py:1028} INFO - query: [MERGE INTO MBTA_VEHICLES AS target USING (SELECT 'y1984', '77', 42.396163769, -7...]
[2025-04-22T22:34:13.245+0000] {cursor.py:1041} INFO - query execution done
[2025-04-22T22:34:13.249+0000] {cursor.py:1028} INFO - query: [MERGE INTO MBTA_VEHICLES AS target USING (SELECT 'y1876', '23', 42.32983952, -71...]
[2025-04-22T22:34:16.622+0000] {cursor.py:1041} INFO - query execution done
[2025-04-22T22:34:16.622+0000] {cursor.py:1028} INFO - query: [MERGE INTO MBTA_VEHICLES AS target USING (SELECT 'y1975', '71', 42.3655872, -71....]
[2025-04-22T22:34:20.328+0000] {cursor.py:1041} INFO - query execution done
[2025-04-22T22:34:20.343+0000] {cursor.py:1028} INFO - query: [MERGE INTO MBTA_VEHICLES AS target USING (SELECT 'y1924', '16', 42.32711544, -71...]
[2025-04-22T22:34:23.725+0000] {cursor.py:1041} INFO - query execution done
[2025-04-22T22:34:23.727+0000] {cursor.py:1028} INFO - query: [MERGE INTO MBTA_VEHICLES AS target USING (SELECT 'y1856', '45', 42.322321959, -7...]
[2025-04-22T22:34:26.970+0000] {cursor.py:1041} INFO - query execution done
[2025-04-22T22:34:26.973+0000] {cursor.py:1028} INFO - query: [MERGE INTO MBTA_VEHICLES AS target USING (SELECT 'y1827', '9', 42.335683009, -71...]
[2025-04-22T22:34:30.956+0000] {cursor.py:1041} INFO - query execution done
[2025-04-22T22:34:30.960+0000] {cursor.py:1028} INFO - query: [MERGE INTO MBTA_VEHICLES AS target USING (SELECT 'y1981', '70', 42.36334269, -71...]
[2025-04-22T22:34:34.299+0000] {cursor.py:1041} INFO - query execution done
[2025-04-22T22:34:34.308+0000] {cursor.py:1028} INFO - query: [MERGE INTO MBTA_VEHICLES AS target USING (SELECT 'y1440', '354', 42.48706087, -7...]
[2025-04-22T22:34:37.769+0000] {cursor.py:1041} INFO - query execution done
[2025-04-22T22:34:37.775+0000] {cursor.py:1028} INFO - query: [MERGE INTO MBTA_VEHICLES AS target USING (SELECT 'y1875', '7', 42.33581395, -71....]
[2025-04-22T22:34:41.520+0000] {cursor.py:1041} INFO - query execution done
[2025-04-22T22:34:41.522+0000] {cursor.py:1028} INFO - query: [MERGE INTO MBTA_VEHICLES AS target USING (SELECT '1808', 'CR-Kingston', 42.11669...]
[2025-04-22T22:34:45.075+0000] {cursor.py:1041} INFO - query execution done
[2025-04-22T22:34:45.078+0000] {cursor.py:1028} INFO - query: [MERGE INTO MBTA_VEHICLES AS target USING (SELECT 'y1620', '34E', 42.14715283, -7...]
[2025-04-22T22:34:48.383+0000] {cursor.py:1041} INFO - query execution done
[2025-04-22T22:34:48.384+0000] {cursor.py:1028} INFO - query: [MERGE INTO MBTA_VEHICLES AS target USING (SELECT 'y1618', '32', 42.26182676, -71...]
[2025-04-22T22:34:51.957+0000] {cursor.py:1041} INFO - query execution done
[2025-04-22T22:34:51.964+0000] {cursor.py:1028} INFO - query: [MERGE INTO MBTA_VEHICLES AS target USING (SELECT 'y2091', '88', 42.37670352, -71...]
[2025-04-22T22:34:55.140+0000] {cursor.py:1041} INFO - query execution done
[2025-04-22T22:34:55.149+0000] {cursor.py:1028} INFO - query: [MERGE INTO MBTA_VEHICLES AS target USING (SELECT 'y1273', '749', 42.35108207, -7...]
[2025-04-22T22:34:59.514+0000] {cursor.py:1041} INFO - query execution done
[2025-04-22T22:34:59.523+0000] {cursor.py:1028} INFO - query: [MERGE INTO MBTA_VEHICLES AS target USING (SELECT 'y3250', '57', 42.34919405, -71...]
[2025-04-22T22:35:03.384+0000] {cursor.py:1041} INFO - query execution done
[2025-04-22T22:35:03.388+0000] {cursor.py:1028} INFO - query: [MERGE INTO MBTA_VEHICLES AS target USING (SELECT 'y1957', '73', 42.37542281, -71...]
[2025-04-22T22:35:07.142+0000] {cursor.py:1041} INFO - query execution done
[2025-04-22T22:35:07.145+0000] {cursor.py:1028} INFO - query: [MERGE INTO MBTA_VEHICLES AS target USING (SELECT '1718', 'CR-Haverhill', 42.3920...]
[2025-04-22T22:35:11.439+0000] {cursor.py:1041} INFO - query execution done
[2025-04-22T22:35:11.443+0000] {cursor.py:1028} INFO - query: [MERGE INTO MBTA_VEHICLES AS target USING (SELECT 'y1967', '78', 42.41435663, -71...]
[2025-04-22T22:35:15.459+0000] {cursor.py:1041} INFO - query execution done
[2025-04-22T22:35:15.461+0000] {cursor.py:1028} INFO - query: [MERGE INTO MBTA_VEHICLES AS target USING (SELECT '1821', 'CR-NewBedford', 41.799...]
[2025-04-22T22:35:19.486+0000] {cursor.py:1041} INFO - query execution done
[2025-04-22T22:35:19.492+0000] {cursor.py:1028} INFO - query: [MERGE INTO MBTA_VEHICLES AS target USING (SELECT 'y2059', '86', 42.35629453, -71...]
[2025-04-22T22:35:23.607+0000] {cursor.py:1041} INFO - query execution done
[2025-04-22T22:35:23.611+0000] {cursor.py:1028} INFO - query: [MERGE INTO MBTA_VEHICLES AS target USING (SELECT 'G-10101', 'Green-C', 42.34205,...]
[2025-04-22T22:35:27.713+0000] {cursor.py:1041} INFO - query execution done
[2025-04-22T22:35:27.715+0000] {cursor.py:1028} INFO - query: [MERGE INTO MBTA_VEHICLES AS target USING (SELECT 'G-10235', 'Green-D', 42.37399,...]
[2025-04-22T22:35:31.606+0000] {cursor.py:1041} INFO - query execution done
[2025-04-22T22:35:31.610+0000] {cursor.py:1028} INFO - query: [MERGE INTO MBTA_VEHICLES AS target USING (SELECT '1851', 'CR-Worcester', 42.3577...]
[2025-04-22T22:35:36.249+0000] {cursor.py:1041} INFO - query execution done
[2025-04-22T22:35:36.253+0000] {cursor.py:1028} INFO - query: [MERGE INTO MBTA_VEHICLES AS target USING (SELECT '1830', 'CR-Franklin', 42.34764...]
[2025-04-22T22:35:41.101+0000] {cursor.py:1041} INFO - query execution done
[2025-04-22T22:35:41.104+0000] {cursor.py:1028} INFO - query: [MERGE INTO MBTA_VEHICLES AS target USING (SELECT 'y1973', '83', 42.37355078, -71...]
[2025-04-22T22:35:46.039+0000] {cursor.py:1041} INFO - query execution done
[2025-04-22T22:35:46.041+0000] {cursor.py:1028} INFO - query: [MERGE INTO MBTA_VEHICLES AS target USING (SELECT 'y0893', '132', 42.45309261, -7...]
[2025-04-22T22:35:50.159+0000] {cursor.py:1041} INFO - query execution done
[2025-04-22T22:35:50.188+0000] {cursor.py:1028} INFO - query: [MERGE INTO MBTA_VEHICLES AS target USING (SELECT 'y1800', '11', 42.33829622, -71...]
[2025-04-22T22:35:53.969+0000] {cursor.py:1041} INFO - query execution done
[2025-04-22T22:35:53.970+0000] {cursor.py:1028} INFO - query: [MERGE INTO MBTA_VEHICLES AS target USING (SELECT 'y1850', '23', 42.284856769, -7...]
[2025-04-22T22:35:57.993+0000] {cursor.py:1041} INFO - query execution done
[2025-04-22T22:35:57.998+0000] {cursor.py:1028} INFO - query: [MERGE INTO MBTA_VEHICLES AS target USING (SELECT 'y1718', '30', 42.268462419, -7...]
[2025-04-22T22:36:03.090+0000] {cursor.py:1041} INFO - query execution done
[2025-04-22T22:36:03.100+0000] {cursor.py:1028} INFO - query: [MERGE INTO MBTA_VEHICLES AS target USING (SELECT 'y1423', '112', 42.397249559, -...]
[2025-04-22T22:36:07.166+0000] {cursor.py:1041} INFO - query execution done
[2025-04-22T22:36:07.173+0000] {cursor.py:1028} INFO - query: [MERGE INTO MBTA_VEHICLES AS target USING (SELECT 'y0783', '225', 42.24287087, -7...]
[2025-04-22T22:36:11.291+0000] {cursor.py:1041} INFO - query execution done
[2025-04-22T22:36:11.293+0000] {cursor.py:1028} INFO - query: [MERGE INTO MBTA_VEHICLES AS target USING (SELECT 'R-54828894', 'Red', 42.37469, ...]
[2025-04-22T22:36:15.792+0000] {cursor.py:1041} INFO - query execution done
[2025-04-22T22:36:15.798+0000] {cursor.py:1028} INFO - query: [MERGE INTO MBTA_VEHICLES AS target USING (SELECT 'y1723', '504', 42.34910899, -7...]
[2025-04-22T22:36:20.013+0000] {cursor.py:1041} INFO - query execution done
[2025-04-22T22:36:20.015+0000] {cursor.py:1028} INFO - query: [MERGE INTO MBTA_VEHICLES AS target USING (SELECT 'y2099', '76', 42.42849147, -71...]
[2025-04-22T22:36:24.144+0000] {cursor.py:1041} INFO - query execution done
[2025-04-22T22:36:24.150+0000] {cursor.py:1028} INFO - query: [MERGE INTO MBTA_VEHICLES AS target USING (SELECT 'y3228', '4', 42.3608021, -71.0...]
[2025-04-22T22:36:28.452+0000] {cursor.py:1041} INFO - query execution done
[2025-04-22T22:36:28.453+0000] {cursor.py:1028} INFO - query: [MERGE INTO MBTA_VEHICLES AS target USING (SELECT 'y1767', '15', 42.32291744, -71...]
[2025-04-22T22:36:32.129+0000] {cursor.py:1041} INFO - query execution done
[2025-04-22T22:36:32.137+0000] {cursor.py:1028} INFO - query: [MERGE INTO MBTA_VEHICLES AS target USING (SELECT 'y1801', '23', 42.3053487, -71....]
[2025-04-22T22:36:36.665+0000] {cursor.py:1041} INFO - query execution done
[2025-04-22T22:36:36.669+0000] {cursor.py:1028} INFO - query: [MERGE INTO MBTA_VEHICLES AS target USING (SELECT 'y3276', '66', 42.32914, -71.08...]
[2025-04-22T22:36:41.815+0000] {cursor.py:1041} INFO - query execution done
[2025-04-22T22:36:41.825+0000] {cursor.py:1028} INFO - query: [MERGE INTO MBTA_VEHICLES AS target USING (SELECT 'y1271', '39', 42.34752634, -71...]
[2025-04-22T22:36:46.048+0000] {cursor.py:1041} INFO - query execution done
[2025-04-22T22:36:46.052+0000] {cursor.py:1028} INFO - query: [MERGE INTO MBTA_VEHICLES AS target USING (SELECT 'R-5482A9A4', 'Red', 42.36525, ...]
[2025-04-22T22:36:50.078+0000] {cursor.py:1041} INFO - query execution done
[2025-04-22T22:36:50.079+0000] {cursor.py:1028} INFO - query: [MERGE INTO MBTA_VEHICLES AS target USING (SELECT 'y1986', '109', 42.39667661, -7...]
[2025-04-22T22:36:54.662+0000] {cursor.py:1041} INFO - query execution done
[2025-04-22T22:36:54.663+0000] {cursor.py:1028} INFO - query: [MERGE INTO MBTA_VEHICLES AS target USING (SELECT 'G-10263', 'Green-B', 42.34996,...]
[2025-04-22T22:36:58.822+0000] {cursor.py:1041} INFO - query execution done
[2025-04-22T22:36:58.831+0000] {cursor.py:1028} INFO - query: [MERGE INTO MBTA_VEHICLES AS target USING (SELECT 'G-10061', 'Mattapan', 42.26981...]
[2025-04-22T22:37:02.958+0000] {cursor.py:1041} INFO - query execution done
[2025-04-22T22:37:02.966+0000] {cursor.py:1028} INFO - query: [MERGE INTO MBTA_VEHICLES AS target USING (SELECT 'y1623', '36', 42.29969179, -71...]
[2025-04-22T22:37:07.510+0000] {cursor.py:1041} INFO - query execution done
[2025-04-22T22:37:07.517+0000] {cursor.py:1028} INFO - query: [MERGE INTO MBTA_VEHICLES AS target USING (SELECT 'y2010', '95', 42.42272045, -71...]
[2025-04-22T22:37:11.236+0000] {cursor.py:1041} INFO - query execution done
[2025-04-22T22:37:11.243+0000] {cursor.py:1028} INFO - query: [MERGE INTO MBTA_VEHICLES AS target USING (SELECT 'y3350', '455', 42.48477708, -7...]
[2025-04-22T22:37:15.341+0000] {cursor.py:1041} INFO - query execution done
[2025-04-22T22:37:15.346+0000] {cursor.py:1028} INFO - query: [MERGE INTO MBTA_VEHICLES AS target USING (SELECT 'y0903', '210', 42.29902247, -7...]
[2025-04-22T22:37:19.602+0000] {cursor.py:1041} INFO - query execution done
[2025-04-22T22:37:19.603+0000] {cursor.py:1028} INFO - query: [MERGE INTO MBTA_VEHICLES AS target USING (SELECT 'y0900', '411', 42.4275568, -71...]
[2025-04-22T22:37:23.864+0000] {cursor.py:1041} INFO - query execution done
[2025-04-22T22:37:23.869+0000] {cursor.py:1028} INFO - query: [MERGE INTO MBTA_VEHICLES AS target USING (SELECT '1800', 'CR-Haverhill', 42.6588...]
[2025-04-22T22:37:28.153+0000] {cursor.py:1041} INFO - query execution done
[2025-04-22T22:37:28.156+0000] {cursor.py:1028} INFO - query: [MERGE INTO MBTA_VEHICLES AS target USING (SELECT 'y1821', '708', 42.33628618, -7...]
[2025-04-22T22:37:32.852+0000] {cursor.py:1041} INFO - query execution done
[2025-04-22T22:37:32.856+0000] {cursor.py:1028} INFO - query: [MERGE INTO MBTA_VEHICLES AS target USING (SELECT 'y3317', '439', 42.4130251, -70...]
[2025-04-22T22:37:36.688+0000] {cursor.py:1041} INFO - query execution done
[2025-04-22T22:37:36.700+0000] {cursor.py:1028} INFO - query: [MERGE INTO MBTA_VEHICLES AS target USING (SELECT 'y0889', '106', 42.43004244, -7...]
[2025-04-22T22:37:40.456+0000] {cursor.py:1041} INFO - query execution done
[2025-04-22T22:37:40.459+0000] {cursor.py:1028} INFO - query: [MERGE INTO MBTA_VEHICLES AS target USING (SELECT 'y3353', '450', 42.36224805, -7...]
[2025-04-22T22:37:44.362+0000] {cursor.py:1041} INFO - query execution done
[2025-04-22T22:37:44.364+0000] {cursor.py:1028} INFO - query: [MERGE INTO MBTA_VEHICLES AS target USING (SELECT 'y1614', '50', 42.28520545, -71...]
[2025-04-22T22:37:48.163+0000] {cursor.py:1041} INFO - query execution done
[2025-04-22T22:37:48.166+0000] {cursor.py:1028} INFO - query: [MERGE INTO MBTA_VEHICLES AS target USING (SELECT 'y3203', '23', 42.331668139, -7...]
[2025-04-22T22:37:52.227+0000] {cursor.py:1041} INFO - query execution done
[2025-04-22T22:37:52.230+0000] {cursor.py:1028} INFO - query: [MERGE INTO MBTA_VEHICLES AS target USING (SELECT '1812', 'CR-Newburyport', 42.36...]
[2025-04-22T22:37:56.096+0000] {cursor.py:1041} INFO - query execution done
[2025-04-22T22:37:56.223+0000] {cursor.py:1028} INFO - query: [MERGE INTO MBTA_VEHICLES AS target USING (SELECT 'y1995', '101', 42.39490023, -7...]
[2025-04-22T22:38:01.243+0000] {cursor.py:1041} INFO - query execution done
[2025-04-22T22:38:01.250+0000] {cursor.py:1028} INFO - query: [MERGE INTO MBTA_VEHICLES AS target USING (SELECT 'y1798', '9', 42.34999, -71.074...]
[2025-04-22T22:38:05.260+0000] {cursor.py:1041} INFO - query execution done
[2025-04-22T22:38:05.262+0000] {cursor.py:1028} INFO - query: [MERGE INTO MBTA_VEHICLES AS target USING (SELECT 'y3293', '47', 42.355647089, -7...]
[2025-04-22T22:38:09.034+0000] {cursor.py:1041} INFO - query execution done
[2025-04-22T22:38:09.039+0000] {cursor.py:1028} INFO - query: [MERGE INTO MBTA_VEHICLES AS target USING (SELECT 'y2097', '68', 42.36551832, -71...]
[2025-04-22T22:38:12.639+0000] {cursor.py:1041} INFO - query execution done
[2025-04-22T22:38:12.644+0000] {cursor.py:1028} INFO - query: [MERGE INTO MBTA_VEHICLES AS target USING (SELECT 'y1960', '96', 42.396138489, -7...]
[2025-04-22T22:38:16.203+0000] {cursor.py:1041} INFO - query execution done
[2025-04-22T22:38:16.204+0000] {cursor.py:1028} INFO - query: [MERGE INTO MBTA_VEHICLES AS target USING (SELECT 'y0784', '230', 42.14928228, -7...]
[2025-04-22T22:38:20.139+0000] {cursor.py:1041} INFO - query execution done
[2025-04-22T22:38:20.147+0000] {cursor.py:1028} INFO - query: [MERGE INTO MBTA_VEHICLES AS target USING (SELECT 'O-5482A848', 'Orange', 42.4301...]
[2025-04-22T22:38:23.991+0000] {cursor.py:1041} INFO - query execution done
[2025-04-22T22:38:23.992+0000] {cursor.py:1028} INFO - query: [MERGE INTO MBTA_VEHICLES AS target USING (SELECT 'y3342', '426', 42.40933438, -7...]
[2025-04-22T22:38:28.647+0000] {cursor.py:1041} INFO - query execution done
[2025-04-22T22:38:28.650+0000] {cursor.py:1028} INFO - query: [MERGE INTO MBTA_VEHICLES AS target USING (SELECT 'y1948', '111', 42.36216012, -7...]
[2025-04-22T22:38:32.278+0000] {cursor.py:1041} INFO - query execution done
[2025-04-22T22:38:32.280+0000] {cursor.py:1028} INFO - query: [MERGE INTO MBTA_VEHICLES AS target USING (SELECT 'y3155', '77', 42.3918403, -71....]
[2025-04-22T22:38:36.480+0000] {cursor.py:1041} INFO - query execution done
[2025-04-22T22:38:36.487+0000] {cursor.py:1028} INFO - query: [MERGE INTO MBTA_VEHICLES AS target USING (SELECT 'y1919', '8', 42.33276457, -71....]
[2025-04-22T22:38:40.156+0000] {cursor.py:1041} INFO - query execution done
[2025-04-22T22:38:40.162+0000] {cursor.py:1028} INFO - query: [MERGE INTO MBTA_VEHICLES AS target USING (SELECT 'y1632', '32', 42.25660138, -71...]
[2025-04-22T22:38:44.616+0000] {cursor.py:1041} INFO - query execution done
[2025-04-22T22:38:44.621+0000] {cursor.py:1028} INFO - query: [MERGE INTO MBTA_VEHICLES AS target USING (SELECT 'y3151', '69', 42.3823992, -71....]
[2025-04-22T22:38:48.528+0000] {cursor.py:1041} INFO - query execution done
[2025-04-22T22:38:48.529+0000] {cursor.py:1028} INFO - query: [MERGE INTO MBTA_VEHICLES AS target USING (SELECT 'y1739', '1', 42.34601422, -71....]
[2025-04-22T22:38:52.386+0000] {cursor.py:1041} INFO - query execution done
[2025-04-22T22:38:52.389+0000] {cursor.py:1028} INFO - query: [MERGE INTO MBTA_VEHICLES AS target USING (SELECT 'y1886', '23', 42.31832316, -71...]
[2025-04-22T22:38:56.660+0000] {cursor.py:1041} INFO - query execution done
[2025-04-22T22:38:56.668+0000] {cursor.py:1028} INFO - query: [MERGE INTO MBTA_VEHICLES AS target USING (SELECT 'y0856', '104', 42.390179279, -...]
[2025-04-22T22:39:00.722+0000] {cursor.py:1041} INFO - query execution done
[2025-04-22T22:39:00.724+0000] {cursor.py:1028} INFO - query: [MERGE INTO MBTA_VEHICLES AS target USING (SELECT 'y1286', '749', 42.349386269, -...]
[2025-04-22T22:39:04.180+0000] {cursor.py:1041} INFO - query execution done
[2025-04-22T22:39:04.187+0000] {cursor.py:1028} INFO - query: [MERGE INTO MBTA_VEHICLES AS target USING (SELECT 'y1441', '100', 42.409992209, -...]
[2025-04-22T22:39:08.380+0000] {cursor.py:1041} INFO - query execution done
[2025-04-22T22:39:08.382+0000] {cursor.py:1028} INFO - query: [MERGE INTO MBTA_VEHICLES AS target USING (SELECT 'y3258', '45', 42.302305889, -7...]
[2025-04-22T22:39:12.420+0000] {cursor.py:1041} INFO - query execution done
[2025-04-22T22:39:12.426+0000] {cursor.py:1028} INFO - query: [MERGE INTO MBTA_VEHICLES AS target USING (SELECT 'y2078', '91', 42.367972309, -7...]
[2025-04-22T22:39:16.068+0000] {cursor.py:1041} INFO - query execution done
[2025-04-22T22:39:16.073+0000] {cursor.py:1028} INFO - query: [MERGE INTO MBTA_VEHICLES AS target USING (SELECT '1864', 'CR-Franklin', 42.18910...]
[2025-04-22T22:39:20.353+0000] {cursor.py:1041} INFO - query execution done
[2025-04-22T22:39:20.362+0000] {cursor.py:1028} INFO - query: [MERGE INTO MBTA_VEHICLES AS target USING (SELECT '1810', 'CR-Newburyport', 42.46...]
[2025-04-22T22:39:37.249+0000] {cursor.py:1041} INFO - query execution done
[2025-04-22T22:39:37.253+0000] {cursor.py:1028} INFO - query: [MERGE INTO MBTA_VEHICLES AS target USING (SELECT 'y1260', '39', 42.30247066, -71...]
[2025-04-22T22:39:40.617+0000] {cursor.py:1041} INFO - query execution done
[2025-04-22T22:39:40.629+0000] {cursor.py:1028} INFO - query: [MERGE INTO MBTA_VEHICLES AS target USING (SELECT 'y3156', '350', 42.436520639, -...]
[2025-04-22T22:48:17.128+0000] {cursor.py:1041} INFO - query execution done
[2025-04-22T22:48:17.139+0000] {cursor.py:1028} INFO - query: [MERGE INTO MBTA_VEHICLES AS target USING (SELECT 'y1918', '15', 42.33136824, -71...]
[2025-04-22T22:48:20.688+0000] {cursor.py:1041} INFO - query execution done
[2025-04-22T22:48:20.699+0000] {cursor.py:1028} INFO - query: [MERGE INTO MBTA_VEHICLES AS target USING (SELECT 'y3114', '441', 42.41705272, -7...]
[2025-04-22T22:48:24.203+0000] {cursor.py:1041} INFO - query execution done
[2025-04-22T22:48:24.207+0000] {cursor.py:1028} INFO - query: [MERGE INTO MBTA_VEHICLES AS target USING (SELECT 'y1344', '741', 42.348183, -71....]
[2025-04-22T22:48:28.551+0000] {cursor.py:1041} INFO - query execution done
[2025-04-22T22:48:28.559+0000] {cursor.py:1028} INFO - query: [MERGE INTO MBTA_VEHICLES AS target USING (SELECT 'y0832', '220', 42.2447619, -70...]
[2025-04-22T22:48:32.040+0000] {cursor.py:1041} INFO - query execution done
[2025-04-22T22:48:32.043+0000] {cursor.py:1028} INFO - query: [MERGE INTO MBTA_VEHICLES AS target USING (SELECT 'y1661', '31', 42.300162129, -7...]
[2025-04-22T22:48:36.036+0000] {cursor.py:1041} INFO - query execution done
[2025-04-22T22:48:36.039+0000] {cursor.py:1028} INFO - query: [MERGE INTO MBTA_VEHICLES AS target USING (SELECT 'y1771', '1', 42.36998162, -71....]
[2025-04-22T22:48:39.519+0000] {cursor.py:1041} INFO - query execution done
[2025-04-22T22:48:39.519+0000] {cursor.py:1028} INFO - query: [MERGE INTO MBTA_VEHICLES AS target USING (SELECT 'y1216', '28', 42.329544749, -7...]
[2025-04-22T22:48:43.787+0000] {cursor.py:1041} INFO - query execution done
[2025-04-22T22:48:43.791+0000] {cursor.py:1028} INFO - query: [MERGE INTO MBTA_VEHICLES AS target USING (SELECT 'y1265', '28', 42.32721111, -71...]
[2025-04-22T22:48:47.401+0000] {cursor.py:1041} INFO - query execution done
[2025-04-22T22:48:47.403+0000] {cursor.py:1028} INFO - query: [MERGE INTO MBTA_VEHICLES AS target USING (SELECT 'R-54828407', 'Red', 42.28577, ...]
[2025-04-22T22:48:51.022+0000] {cursor.py:1041} INFO - query execution done
[2025-04-22T22:48:51.024+0000] {cursor.py:1028} INFO - query: [MERGE INTO MBTA_VEHICLES AS target USING (SELECT 'y3264', '19', 42.34884392, -71...]
[2025-04-22T22:48:54.711+0000] {cursor.py:1041} INFO - query execution done
[2025-04-22T22:48:54.712+0000] {cursor.py:1028} INFO - query: [MERGE INTO MBTA_VEHICLES AS target USING (SELECT 'y2086', '131', 42.42565698, -7...]
[2025-04-22T22:48:58.741+0000] {cursor.py:1041} INFO - query execution done
[2025-04-22T22:48:58.743+0000] {cursor.py:1028} INFO - query: [MERGE INTO MBTA_VEHICLES AS target USING (SELECT 'y1862', '7', 42.35021568, -71....]
[2025-04-22T22:49:02.564+0000] {cursor.py:1041} INFO - query execution done
[2025-04-22T22:49:02.565+0000] {cursor.py:1028} INFO - query: [MERGE INTO MBTA_VEHICLES AS target USING (SELECT 'y3141', '80', 42.38849947, -71...]
[2025-04-22T22:49:06.195+0000] {cursor.py:1041} INFO - query execution done
[2025-04-22T22:49:06.198+0000] {cursor.py:1028} INFO - query: [MERGE INTO MBTA_VEHICLES AS target USING (SELECT 'B-5482A828', 'Blue', 42.38867,...]
[2025-04-22T22:49:10.214+0000] {cursor.py:1041} INFO - query execution done
[2025-04-22T22:49:10.225+0000] {cursor.py:1028} INFO - query: [MERGE INTO MBTA_VEHICLES AS target USING (SELECT 'y3330', '450', 42.46824868, -7...]
[2025-04-22T22:49:14.039+0000] {cursor.py:1041} INFO - query execution done
[2025-04-22T22:49:14.044+0000] {cursor.py:1028} INFO - query: [MERGE INTO MBTA_VEHICLES AS target USING (SELECT 'y1949', '88', 42.36999401, -71...]
[2025-04-22T22:49:18.072+0000] {cursor.py:1041} INFO - query execution done
[2025-04-22T22:49:18.077+0000] {cursor.py:1028} INFO - query: [MERGE INTO MBTA_VEHICLES AS target USING (SELECT 'G-10301', 'Green-D', 42.33389,...]
[2025-04-22T22:49:21.861+0000] {cursor.py:1041} INFO - query execution done
[2025-04-22T22:49:21.868+0000] {cursor.py:1028} INFO - query: [MERGE INTO MBTA_VEHICLES AS target USING (SELECT 'y1837', '9', 42.34736743, -71....]
[2025-04-22T22:49:25.979+0000] {cursor.py:1041} INFO - query execution done
[2025-04-22T22:49:26.001+0000] {cursor.py:1028} INFO - query: [MERGE INTO MBTA_VEHICLES AS target USING (SELECT 'y1786', '9', 42.34342457, -71....]
[2025-04-22T22:49:29.681+0000] {cursor.py:1041} INFO - query execution done
[2025-04-22T22:49:29.683+0000] {cursor.py:1028} INFO - query: [MERGE INTO MBTA_VEHICLES AS target USING (SELECT 'y1926', '109', 42.40378892, -7...]
[2025-04-22T22:49:33.426+0000] {cursor.py:1041} INFO - query execution done
[2025-04-22T22:49:33.437+0000] {cursor.py:1028} INFO - query: [MERGE INTO MBTA_VEHICLES AS target USING (SELECT 'y1810', '501', 42.34623045, -7...]
[2025-04-22T22:49:37.180+0000] {cursor.py:1041} INFO - query execution done
[2025-04-22T22:49:37.184+0000] {cursor.py:1028} INFO - query: [MERGE INTO MBTA_VEHICLES AS target USING (SELECT 'y1882', '15', 42.33648082, -71...]
[2025-04-22T22:49:41.352+0000] {cursor.py:1041} INFO - query execution done
[2025-04-22T22:49:41.357+0000] {cursor.py:1028} INFO - query: [MERGE INTO MBTA_VEHICLES AS target USING (SELECT 'y2103', '71', 42.37342418, -71...]
[2025-04-22T22:49:45.380+0000] {cursor.py:1041} INFO - query execution done
[2025-04-22T22:49:45.387+0000] {cursor.py:1028} INFO - query: [MERGE INTO MBTA_VEHICLES AS target USING (SELECT 'y1993', '75', 42.38022554, -71...]
[2025-04-22T22:49:49.986+0000] {cursor.py:1041} INFO - query execution done
[2025-04-22T22:49:49.994+0000] {cursor.py:1028} INFO - query: [MERGE INTO MBTA_VEHICLES AS target USING (SELECT '1804', 'CR-Lowell', 42.5170326...]
[2025-04-22T22:49:55.257+0000] {cursor.py:1041} INFO - query execution done
[2025-04-22T22:49:55.268+0000] {cursor.py:1028} INFO - query: [MERGE INTO MBTA_VEHICLES AS target USING (SELECT 'y1682', '51', 42.29672694, -71...]
[2025-04-22T22:49:59.180+0000] {cursor.py:1041} INFO - query execution done
[2025-04-22T22:49:59.186+0000] {cursor.py:1028} INFO - query: [MERGE INTO MBTA_VEHICLES AS target USING (SELECT 'y3257', 'Shuttle-Generic-Green...]
[2025-04-22T22:50:03.183+0000] {cursor.py:1041} INFO - query execution done
[2025-04-22T22:50:03.191+0000] {cursor.py:1028} INFO - query: [MERGE INTO MBTA_VEHICLES AS target USING (SELECT 'O-5482A820', 'Orange', 42.3602...]
[2025-04-22T22:50:07.067+0000] {cursor.py:1041} INFO - query execution done
[2025-04-22T22:50:07.072+0000] {cursor.py:1028} INFO - query: [MERGE INTO MBTA_VEHICLES AS target USING (SELECT 'y1892', '504', 42.35566355, -7...]
[2025-04-22T22:50:10.855+0000] {cursor.py:1041} INFO - query execution done
[2025-04-22T22:50:10.859+0000] {cursor.py:1028} INFO - query: [MERGE INTO MBTA_VEHICLES AS target USING (SELECT 'y0770', '211', 42.27046982, -7...]
[2025-04-22T22:50:15.332+0000] {cursor.py:1041} INFO - query execution done
[2025-04-22T22:50:15.345+0000] {cursor.py:1028} INFO - query: [MERGE INTO MBTA_VEHICLES AS target USING (SELECT 'y1335', '741', 42.3626279, -71...]
[2025-04-22T22:50:18.998+0000] {cursor.py:1041} INFO - query execution done
[2025-04-22T22:50:19.005+0000] {cursor.py:1028} INFO - query: [MERGE INTO MBTA_VEHICLES AS target USING (SELECT 'y1872', '504', 42.36126876, -7...]
[2025-04-22T22:50:22.856+0000] {cursor.py:1041} INFO - query execution done
[2025-04-22T22:50:22.860+0000] {cursor.py:1028} INFO - query: [MERGE INTO MBTA_VEHICLES AS target USING (SELECT 'y3138', '109', 42.37460224, -7...]
[2025-04-22T22:50:26.536+0000] {cursor.py:1041} INFO - query execution done
[2025-04-22T22:50:26.551+0000] {cursor.py:1028} INFO - query: [MERGE INTO MBTA_VEHICLES AS target USING (SELECT 'y0810', '226', 42.17620903, -7...]
[2025-04-22T22:50:32.184+0000] {cursor.py:1041} INFO - query execution done
[2025-04-22T22:50:32.191+0000] {cursor.py:1028} INFO - query: [MERGE INTO MBTA_VEHICLES AS target USING (SELECT 'y1455', '120', 42.38464754, -7...]
[2025-04-22T22:50:36.050+0000] {cursor.py:1041} INFO - query execution done
[2025-04-22T22:50:36.057+0000] {cursor.py:1028} INFO - query: [MERGE INTO MBTA_VEHICLES AS target USING (SELECT 'y3208', '4', 42.34457297, -71....]
[2025-04-22T22:50:39.843+0000] {cursor.py:1041} INFO - query execution done
[2025-04-22T22:50:39.848+0000] {cursor.py:1028} INFO - query: [MERGE INTO MBTA_VEHICLES AS target USING (SELECT 'y1979', '70', 42.364281859, -7...]
[2025-04-22T22:50:44.093+0000] {cursor.py:1041} INFO - query execution done
[2025-04-22T22:50:44.097+0000] {cursor.py:1028} INFO - query: [MERGE INTO MBTA_VEHICLES AS target USING (SELECT 'y1744', '65', 42.348809309, -7...]
[2025-04-22T22:50:47.367+0000] {cursor.py:1041} INFO - query execution done
[2025-04-22T22:50:47.382+0000] {cursor.py:1028} INFO - query: [MERGE INTO MBTA_VEHICLES AS target USING (SELECT 'y0851', '106', 42.40456546, -7...]
