[2025-04-22T23:03:18.035+0000] {taskinstance.py:1956} INFO - Dependencies all met for dep_context=non-requeueable deps ti=<TaskInstance: mbta_kafka_consumer_dag.run_kafka_consumer scheduled__2025-04-22T22:15:00+00:00 [queued]>
[2025-04-22T23:03:18.170+0000] {taskinstance.py:1956} INFO - Dependencies all met for dep_context=requeueable deps ti=<TaskInstance: mbta_kafka_consumer_dag.run_kafka_consumer scheduled__2025-04-22T22:15:00+00:00 [queued]>
[2025-04-22T23:03:18.173+0000] {taskinstance.py:2170} INFO - Starting attempt 4 of 2
[2025-04-22T23:03:18.514+0000] {taskinstance.py:2191} INFO - Executing <Task(PythonOperator): run_kafka_consumer> on 2025-04-22 22:15:00+00:00
[2025-04-22T23:03:18.522+0000] {standard_task_runner.py:60} INFO - Started process 219 to run task
[2025-04-22T23:03:18.539+0000] {standard_task_runner.py:87} INFO - Running: ['***', 'tasks', 'run', 'mbta_kafka_consumer_dag', 'run_kafka_consumer', 'scheduled__2025-04-22T22:15:00+00:00', '--job-id', '76', '--raw', '--subdir', 'DAGS_FOLDER/mbta_kafka_consumer_dag.py', '--cfg-path', '/tmp/tmpoo1t9nc0']
[2025-04-22T23:03:18.550+0000] {standard_task_runner.py:88} INFO - Job 76: Subtask run_kafka_consumer
[2025-04-22T23:03:18.954+0000] {task_command.py:423} INFO - Running <TaskInstance: mbta_kafka_consumer_dag.run_kafka_consumer scheduled__2025-04-22T22:15:00+00:00 [running]> on host dd1af89263b0
[2025-04-22T23:03:19.440+0000] {taskinstance.py:2480} INFO - Exporting env vars: AIRFLOW_CTX_DAG_OWNER='***' AIRFLOW_CTX_DAG_ID='mbta_kafka_consumer_dag' AIRFLOW_CTX_TASK_ID='run_kafka_consumer' AIRFLOW_CTX_EXECUTION_DATE='2025-04-22T22:15:00+00:00' AIRFLOW_CTX_TRY_NUMBER='4' AIRFLOW_CTX_DAG_RUN_ID='scheduled__2025-04-22T22:15:00+00:00'
[2025-04-22T23:03:19.479+0000] {connection.py:370} INFO - Snowflake Connector for Python Version: 3.6.0, Python Version: 3.9.18, Platform: Linux-6.10.14-linuxkit-aarch64-with-glibc2.36
[2025-04-22T23:03:19.484+0000] {connection.py:1171} INFO - This connection is in OCSP Fail Open Mode. TLS Certificates would be checked for validity and revocation status. Any other Certificate Revocation related exceptions or OCSP Responder failures would be disregarded in favor of connectivity.
[2025-04-22T23:03:20.780+0000] {mbta_kafka_consumer.py:45} INFO - ✅ Connected to Snowflake successfully.
[2025-04-22T23:03:20.794+0000] {mbta_kafka_consumer.py:219} INFO - 🚀 Starting MBTA Kafka Consumer...
[2025-04-22T23:03:20.806+0000] {conn.py:395} INFO - <BrokerConnection client_id=kafka-python-2.1.5, node_id=bootstrap-0 host=kafka:9092 <connecting> [IPv4 ('172.18.0.4', 9092)]>: connecting to kafka:9092 [('172.18.0.4', 9092) IPv4]
[2025-04-22T23:03:20.826+0000] {conn.py:615} INFO - <BrokerConnection client_id=kafka-python-2.1.5, node_id=bootstrap-0 host=kafka:9092 <checking_api_versions_recv> [IPv4 ('172.18.0.4', 9092)]>: Broker version identified as 2.6
[2025-04-22T23:03:20.828+0000] {conn.py:456} INFO - <BrokerConnection client_id=kafka-python-2.1.5, node_id=bootstrap-0 host=kafka:9092 <connected> [IPv4 ('172.18.0.4', 9092)]>: Connection complete.
[2025-04-22T23:03:20.836+0000] {consumer.py:119} WARNING - group_id is None: disabling auto-commit.
[2025-04-22T23:03:20.841+0000] {subscription_state.py:182} INFO - Updating subscribed topics to: ('mbta_alerts', 'mbta_routes', 'mbta_stops', 'mbta_vehicles', 'mbta_predictions')
[2025-04-22T23:03:20.847+0000] {subscription_state.py:254} INFO - Updated partition assignment: [('mbta_stops', 0), ('mbta_routes', 0), ('mbta_predictions', 0), ('mbta_vehicles', 0), ('mbta_alerts', 0)]
[2025-04-22T23:03:20.854+0000] {conn.py:395} INFO - <BrokerConnection client_id=kafka-python-2.1.5, node_id=1 host=kafka:9092 <connecting> [IPv4 ('172.18.0.4', 9092)]>: connecting to kafka:9092 [('172.18.0.4', 9092) IPv4]
[2025-04-22T23:03:20.871+0000] {conn.py:456} INFO - <BrokerConnection client_id=kafka-python-2.1.5, node_id=1 host=kafka:9092 <connected> [IPv4 ('172.18.0.4', 9092)]>: Connection complete.
[2025-04-22T23:03:20.873+0000] {conn.py:936} INFO - <BrokerConnection client_id=kafka-python-2.1.5, node_id=bootstrap-0 host=kafka:9092 <connected> [IPv4 ('172.18.0.4', 9092)]>: Closing connection. 
[2025-04-22T23:03:33.711+0000] {mbta_kafka_consumer.py:233} INFO - 📥 Received 178 records from topic: mbta_routes
[2025-04-22T23:03:33.974+0000] {mbta_kafka_consumer.py:56} INFO - 🔍 Sample data for MBTA_ROUTES:
[2025-04-22T23:03:33.983+0000] {mbta_kafka_consumer.py:57} INFO - 
   ROUTE_ID        ROUTE_NAME  ...  ROUTE_COLOR                 CREATED_AT
0       Red          Red Line  ...       DA291C 2025-04-22 23:03:33.763211
1  Mattapan  Mattapan Trolley  ...       DA291C 2025-04-22 23:03:33.763297
2    Orange       Orange Line  ...       ED8B00 2025-04-22 23:03:33.763301
3   Green-B      Green Line B  ...       00843D 2025-04-22 23:03:33.763334
4   Green-C      Green Line C  ...       00843D 2025-04-22 23:03:33.763439

[5 rows x 5 columns]
[2025-04-22T23:03:34.216+0000] {cursor.py:1028} INFO - query: [SELECT * FROM MBTA_ROUTES WHERE ROUTE_ID IN ('Red','Mattapan','Orange','Green-B'...]
[2025-04-22T23:03:34.534+0000] {cursor.py:1041} INFO - query execution done
[2025-04-22T23:03:34.545+0000] {cursor.py:1205} INFO - Number of results in first chunk: 0
[2025-04-22T23:03:36.992+0000] {mbta_kafka_consumer.py:104} INFO - 🔁 0 new/updated records out of 178 incoming records (some may be duplicate VEHICLE_IDs) for MBTA_ROUTES
[2025-04-22T23:03:36.997+0000] {mbta_kafka_consumer.py:107} INFO - ✅ All 178 records already up-to-date in MBTA_ROUTES, no merge needed.
[2025-04-22T23:03:37.000+0000] {mbta_kafka_consumer.py:233} INFO - 📥 Received 178 records from topic: mbta_routes
[2025-04-22T23:03:37.009+0000] {mbta_kafka_consumer.py:56} INFO - 🔍 Sample data for MBTA_ROUTES:
[2025-04-22T23:03:37.010+0000] {mbta_kafka_consumer.py:57} INFO - 
   ROUTE_ID        ROUTE_NAME  ...  ROUTE_COLOR                 CREATED_AT
0       Red          Red Line  ...       DA291C 2025-04-22 23:03:37.002141
1  Mattapan  Mattapan Trolley  ...       DA291C 2025-04-22 23:03:37.002145
2    Orange       Orange Line  ...       ED8B00 2025-04-22 23:03:37.002146
3   Green-B      Green Line B  ...       00843D 2025-04-22 23:03:37.002152
4   Green-C      Green Line C  ...       00843D 2025-04-22 23:03:37.002153

[5 rows x 5 columns]
[2025-04-22T23:03:37.025+0000] {cursor.py:1028} INFO - query: [SELECT * FROM MBTA_ROUTES WHERE ROUTE_ID IN ('Red','Mattapan','Orange','Green-B'...]
[2025-04-22T23:03:37.208+0000] {cursor.py:1041} INFO - query execution done
[2025-04-22T23:03:37.213+0000] {cursor.py:1205} INFO - Number of results in first chunk: 0
[2025-04-22T23:03:37.710+0000] {mbta_kafka_consumer.py:104} INFO - 🔁 0 new/updated records out of 178 incoming records (some may be duplicate VEHICLE_IDs) for MBTA_ROUTES
[2025-04-22T23:03:37.713+0000] {mbta_kafka_consumer.py:107} INFO - ✅ All 178 records already up-to-date in MBTA_ROUTES, no merge needed.
[2025-04-22T23:03:37.715+0000] {mbta_kafka_consumer.py:233} INFO - 📥 Received 178 records from topic: mbta_routes
[2025-04-22T23:03:37.732+0000] {mbta_kafka_consumer.py:56} INFO - 🔍 Sample data for MBTA_ROUTES:
[2025-04-22T23:03:37.733+0000] {mbta_kafka_consumer.py:57} INFO - 
   ROUTE_ID        ROUTE_NAME  ...  ROUTE_COLOR                 CREATED_AT
0       Red          Red Line  ...       DA291C 2025-04-22 23:03:37.716838
1  Mattapan  Mattapan Trolley  ...       DA291C 2025-04-22 23:03:37.716860
2    Orange       Orange Line  ...       ED8B00 2025-04-22 23:03:37.716863
3   Green-B      Green Line B  ...       00843D 2025-04-22 23:03:37.716866
4   Green-C      Green Line C  ...       00843D 2025-04-22 23:03:37.716876

[5 rows x 5 columns]
[2025-04-22T23:03:37.771+0000] {cursor.py:1028} INFO - query: [SELECT * FROM MBTA_ROUTES WHERE ROUTE_ID IN ('Red','Mattapan','Orange','Green-B'...]
[2025-04-22T23:03:37.976+0000] {cursor.py:1041} INFO - query execution done
[2025-04-22T23:03:37.980+0000] {cursor.py:1205} INFO - Number of results in first chunk: 0
[2025-04-22T23:03:38.440+0000] {mbta_kafka_consumer.py:104} INFO - 🔁 0 new/updated records out of 178 incoming records (some may be duplicate VEHICLE_IDs) for MBTA_ROUTES
[2025-04-22T23:03:38.441+0000] {mbta_kafka_consumer.py:107} INFO - ✅ All 178 records already up-to-date in MBTA_ROUTES, no merge needed.
[2025-04-22T23:03:38.443+0000] {mbta_kafka_consumer.py:233} INFO - 📥 Received 178 records from topic: mbta_routes
[2025-04-22T23:03:38.456+0000] {mbta_kafka_consumer.py:56} INFO - 🔍 Sample data for MBTA_ROUTES:
[2025-04-22T23:03:38.456+0000] {mbta_kafka_consumer.py:57} INFO - 
   ROUTE_ID        ROUTE_NAME  ...  ROUTE_COLOR                 CREATED_AT
0       Red          Red Line  ...       DA291C 2025-04-22 23:03:38.443674
1  Mattapan  Mattapan Trolley  ...       DA291C 2025-04-22 23:03:38.443709
2    Orange       Orange Line  ...       ED8B00 2025-04-22 23:03:38.443710
3   Green-B      Green Line B  ...       00843D 2025-04-22 23:03:38.443715
4   Green-C      Green Line C  ...       00843D 2025-04-22 23:03:38.443722

[5 rows x 5 columns]
[2025-04-22T23:03:38.463+0000] {cursor.py:1028} INFO - query: [SELECT * FROM MBTA_ROUTES WHERE ROUTE_ID IN ('Red','Mattapan','Orange','Green-B'...]
[2025-04-22T23:03:38.697+0000] {cursor.py:1041} INFO - query execution done
[2025-04-22T23:03:38.703+0000] {cursor.py:1205} INFO - Number of results in first chunk: 0
[2025-04-22T23:03:39.045+0000] {mbta_kafka_consumer.py:104} INFO - 🔁 0 new/updated records out of 178 incoming records (some may be duplicate VEHICLE_IDs) for MBTA_ROUTES
[2025-04-22T23:03:39.046+0000] {mbta_kafka_consumer.py:107} INFO - ✅ All 178 records already up-to-date in MBTA_ROUTES, no merge needed.
[2025-04-22T23:03:39.046+0000] {mbta_kafka_consumer.py:233} INFO - 📥 Received 178 records from topic: mbta_routes
[2025-04-22T23:03:39.052+0000] {mbta_kafka_consumer.py:56} INFO - 🔍 Sample data for MBTA_ROUTES:
[2025-04-22T23:03:39.053+0000] {mbta_kafka_consumer.py:57} INFO - 
   ROUTE_ID        ROUTE_NAME  ...  ROUTE_COLOR                 CREATED_AT
0       Red          Red Line  ...       DA291C 2025-04-22 23:03:39.047183
1  Mattapan  Mattapan Trolley  ...       DA291C 2025-04-22 23:03:39.047185
2    Orange       Orange Line  ...       ED8B00 2025-04-22 23:03:39.047196
3   Green-B      Green Line B  ...       00843D 2025-04-22 23:03:39.047200
4   Green-C      Green Line C  ...       00843D 2025-04-22 23:03:39.047201

[5 rows x 5 columns]
[2025-04-22T23:03:39.061+0000] {cursor.py:1028} INFO - query: [SELECT * FROM MBTA_ROUTES WHERE ROUTE_ID IN ('Red','Mattapan','Orange','Green-B'...]
[2025-04-22T23:03:39.248+0000] {cursor.py:1041} INFO - query execution done
[2025-04-22T23:03:39.253+0000] {cursor.py:1205} INFO - Number of results in first chunk: 0
[2025-04-22T23:03:39.640+0000] {mbta_kafka_consumer.py:104} INFO - 🔁 0 new/updated records out of 178 incoming records (some may be duplicate VEHICLE_IDs) for MBTA_ROUTES
[2025-04-22T23:03:39.644+0000] {mbta_kafka_consumer.py:107} INFO - ✅ All 178 records already up-to-date in MBTA_ROUTES, no merge needed.
[2025-04-22T23:03:39.648+0000] {mbta_kafka_consumer.py:233} INFO - 📥 Received 178 records from topic: mbta_routes
[2025-04-22T23:03:39.657+0000] {mbta_kafka_consumer.py:56} INFO - 🔍 Sample data for MBTA_ROUTES:
[2025-04-22T23:03:39.658+0000] {mbta_kafka_consumer.py:57} INFO - 
   ROUTE_ID        ROUTE_NAME  ...  ROUTE_COLOR                 CREATED_AT
0       Red          Red Line  ...       DA291C 2025-04-22 23:03:39.650097
1  Mattapan  Mattapan Trolley  ...       DA291C 2025-04-22 23:03:39.650132
2    Orange       Orange Line  ...       ED8B00 2025-04-22 23:03:39.650135
3   Green-B      Green Line B  ...       00843D 2025-04-22 23:03:39.650144
4   Green-C      Green Line C  ...       00843D 2025-04-22 23:03:39.650145

[5 rows x 5 columns]
[2025-04-22T23:03:39.674+0000] {cursor.py:1028} INFO - query: [SELECT * FROM MBTA_ROUTES WHERE ROUTE_ID IN ('Red','Mattapan','Orange','Green-B'...]
[2025-04-22T23:03:39.852+0000] {cursor.py:1041} INFO - query execution done
[2025-04-22T23:03:39.854+0000] {cursor.py:1205} INFO - Number of results in first chunk: 0
[2025-04-22T23:03:40.277+0000] {mbta_kafka_consumer.py:104} INFO - 🔁 0 new/updated records out of 178 incoming records (some may be duplicate VEHICLE_IDs) for MBTA_ROUTES
[2025-04-22T23:03:40.279+0000] {mbta_kafka_consumer.py:107} INFO - ✅ All 178 records already up-to-date in MBTA_ROUTES, no merge needed.
[2025-04-22T23:03:40.281+0000] {mbta_kafka_consumer.py:233} INFO - 📥 Received 178 records from topic: mbta_routes
[2025-04-22T23:03:40.291+0000] {mbta_kafka_consumer.py:56} INFO - 🔍 Sample data for MBTA_ROUTES:
[2025-04-22T23:03:40.292+0000] {mbta_kafka_consumer.py:57} INFO - 
   ROUTE_ID        ROUTE_NAME  ...  ROUTE_COLOR                 CREATED_AT
0       Red          Red Line  ...       DA291C 2025-04-22 23:03:40.282380
1  Mattapan  Mattapan Trolley  ...       DA291C 2025-04-22 23:03:40.282387
2    Orange       Orange Line  ...       ED8B00 2025-04-22 23:03:40.282389
3   Green-B      Green Line B  ...       00843D 2025-04-22 23:03:40.282391
4   Green-C      Green Line C  ...       00843D 2025-04-22 23:03:40.282393

[5 rows x 5 columns]
[2025-04-22T23:03:40.303+0000] {cursor.py:1028} INFO - query: [SELECT * FROM MBTA_ROUTES WHERE ROUTE_ID IN ('Red','Mattapan','Orange','Green-B'...]
[2025-04-22T23:03:40.472+0000] {cursor.py:1041} INFO - query execution done
[2025-04-22T23:03:40.474+0000] {cursor.py:1205} INFO - Number of results in first chunk: 0
[2025-04-22T23:03:40.730+0000] {mbta_kafka_consumer.py:104} INFO - 🔁 0 new/updated records out of 178 incoming records (some may be duplicate VEHICLE_IDs) for MBTA_ROUTES
[2025-04-22T23:03:40.731+0000] {mbta_kafka_consumer.py:107} INFO - ✅ All 178 records already up-to-date in MBTA_ROUTES, no merge needed.
[2025-04-22T23:03:40.732+0000] {mbta_kafka_consumer.py:233} INFO - 📥 Received 178 records from topic: mbta_routes
[2025-04-22T23:03:40.743+0000] {mbta_kafka_consumer.py:56} INFO - 🔍 Sample data for MBTA_ROUTES:
[2025-04-22T23:03:40.744+0000] {mbta_kafka_consumer.py:57} INFO - 
   ROUTE_ID        ROUTE_NAME  ...  ROUTE_COLOR                 CREATED_AT
0       Red          Red Line  ...       DA291C 2025-04-22 23:03:40.732377
1  Mattapan  Mattapan Trolley  ...       DA291C 2025-04-22 23:03:40.732392
2    Orange       Orange Line  ...       ED8B00 2025-04-22 23:03:40.732395
3   Green-B      Green Line B  ...       00843D 2025-04-22 23:03:40.732396
4   Green-C      Green Line C  ...       00843D 2025-04-22 23:03:40.732400

[5 rows x 5 columns]
[2025-04-22T23:03:40.752+0000] {cursor.py:1028} INFO - query: [SELECT * FROM MBTA_ROUTES WHERE ROUTE_ID IN ('Red','Mattapan','Orange','Green-B'...]
[2025-04-22T23:03:40.939+0000] {cursor.py:1041} INFO - query execution done
[2025-04-22T23:03:40.966+0000] {cursor.py:1205} INFO - Number of results in first chunk: 0
[2025-04-22T23:03:41.185+0000] {mbta_kafka_consumer.py:104} INFO - 🔁 0 new/updated records out of 178 incoming records (some may be duplicate VEHICLE_IDs) for MBTA_ROUTES
[2025-04-22T23:03:41.185+0000] {mbta_kafka_consumer.py:107} INFO - ✅ All 178 records already up-to-date in MBTA_ROUTES, no merge needed.
[2025-04-22T23:03:41.186+0000] {mbta_kafka_consumer.py:233} INFO - 📥 Received 178 records from topic: mbta_routes
[2025-04-22T23:03:41.189+0000] {mbta_kafka_consumer.py:56} INFO - 🔍 Sample data for MBTA_ROUTES:
[2025-04-22T23:03:41.189+0000] {mbta_kafka_consumer.py:57} INFO - 
   ROUTE_ID        ROUTE_NAME  ...  ROUTE_COLOR                 CREATED_AT
0       Red          Red Line  ...       DA291C 2025-04-22 23:03:41.186363
1  Mattapan  Mattapan Trolley  ...       DA291C 2025-04-22 23:03:41.186372
2    Orange       Orange Line  ...       ED8B00 2025-04-22 23:03:41.186372
3   Green-B      Green Line B  ...       00843D 2025-04-22 23:03:41.186376
4   Green-C      Green Line C  ...       00843D 2025-04-22 23:03:41.186387

[5 rows x 5 columns]
[2025-04-22T23:03:41.194+0000] {cursor.py:1028} INFO - query: [SELECT * FROM MBTA_ROUTES WHERE ROUTE_ID IN ('Red','Mattapan','Orange','Green-B'...]
[2025-04-22T23:03:41.342+0000] {cursor.py:1041} INFO - query execution done
[2025-04-22T23:03:41.346+0000] {cursor.py:1205} INFO - Number of results in first chunk: 0
[2025-04-22T23:03:41.611+0000] {mbta_kafka_consumer.py:104} INFO - 🔁 0 new/updated records out of 178 incoming records (some may be duplicate VEHICLE_IDs) for MBTA_ROUTES
[2025-04-22T23:03:41.612+0000] {mbta_kafka_consumer.py:107} INFO - ✅ All 178 records already up-to-date in MBTA_ROUTES, no merge needed.
[2025-04-22T23:03:41.612+0000] {mbta_kafka_consumer.py:233} INFO - 📥 Received 178 records from topic: mbta_routes
[2025-04-22T23:03:41.616+0000] {mbta_kafka_consumer.py:56} INFO - 🔍 Sample data for MBTA_ROUTES:
[2025-04-22T23:03:41.616+0000] {mbta_kafka_consumer.py:57} INFO - 
   ROUTE_ID        ROUTE_NAME  ...  ROUTE_COLOR                 CREATED_AT
0       Red          Red Line  ...       DA291C 2025-04-22 23:03:41.612707
1  Mattapan  Mattapan Trolley  ...       DA291C 2025-04-22 23:03:41.612721
2    Orange       Orange Line  ...       ED8B00 2025-04-22 23:03:41.612730
3   Green-B      Green Line B  ...       00843D 2025-04-22 23:03:41.612731
4   Green-C      Green Line C  ...       00843D 2025-04-22 23:03:41.612738

[5 rows x 5 columns]
[2025-04-22T23:03:41.625+0000] {cursor.py:1028} INFO - query: [SELECT * FROM MBTA_ROUTES WHERE ROUTE_ID IN ('Red','Mattapan','Orange','Green-B'...]
[2025-04-22T23:03:41.785+0000] {cursor.py:1041} INFO - query execution done
[2025-04-22T23:03:41.786+0000] {cursor.py:1205} INFO - Number of results in first chunk: 0
[2025-04-22T23:03:42.114+0000] {mbta_kafka_consumer.py:104} INFO - 🔁 0 new/updated records out of 178 incoming records (some may be duplicate VEHICLE_IDs) for MBTA_ROUTES
[2025-04-22T23:03:42.116+0000] {mbta_kafka_consumer.py:107} INFO - ✅ All 178 records already up-to-date in MBTA_ROUTES, no merge needed.
[2025-04-22T23:03:42.117+0000] {mbta_kafka_consumer.py:233} INFO - 📥 Received 178 records from topic: mbta_routes
[2025-04-22T23:03:42.129+0000] {mbta_kafka_consumer.py:56} INFO - 🔍 Sample data for MBTA_ROUTES:
[2025-04-22T23:03:42.130+0000] {mbta_kafka_consumer.py:57} INFO - 
   ROUTE_ID        ROUTE_NAME  ...  ROUTE_COLOR                 CREATED_AT
0       Red          Red Line  ...       DA291C 2025-04-22 23:03:42.118334
1  Mattapan  Mattapan Trolley  ...       DA291C 2025-04-22 23:03:42.118351
2    Orange       Orange Line  ...       ED8B00 2025-04-22 23:03:42.118446
3   Green-B      Green Line B  ...       00843D 2025-04-22 23:03:42.118471
4   Green-C      Green Line C  ...       00843D 2025-04-22 23:03:42.118474

[5 rows x 5 columns]
[2025-04-22T23:03:42.138+0000] {cursor.py:1028} INFO - query: [SELECT * FROM MBTA_ROUTES WHERE ROUTE_ID IN ('Red','Mattapan','Orange','Green-B'...]
[2025-04-22T23:03:42.320+0000] {cursor.py:1041} INFO - query execution done
[2025-04-22T23:03:42.322+0000] {cursor.py:1205} INFO - Number of results in first chunk: 0
[2025-04-22T23:03:42.606+0000] {mbta_kafka_consumer.py:104} INFO - 🔁 0 new/updated records out of 178 incoming records (some may be duplicate VEHICLE_IDs) for MBTA_ROUTES
[2025-04-22T23:03:42.606+0000] {mbta_kafka_consumer.py:107} INFO - ✅ All 178 records already up-to-date in MBTA_ROUTES, no merge needed.
[2025-04-22T23:03:42.607+0000] {mbta_kafka_consumer.py:233} INFO - 📥 Received 25 records from topic: mbta_predictions
[2025-04-22T23:03:42.616+0000] {mbta_kafka_consumer.py:56} INFO - 🔍 Sample data for MBTA_PREDICTIONS:
[2025-04-22T23:03:42.617+0000] {mbta_kafka_consumer.py:57} INFO - 
                       PREDICTION_ID ROUTE_ID  ... STATUS                 CREATED_AT
0  prediction-67995058-70080-130-Red      Red  ...   None 2025-04-22 23:03:42.607655
1   prediction-67995017-70079-90-Red      Red  ...   None 2025-04-22 23:03:42.607691
2  prediction-67994964-70080-130-Red      Red  ...   None 2025-04-22 23:03:42.607703
3   prediction-67995023-70079-90-Red      Red  ...   None 2025-04-22 23:03:42.607708
4  prediction-67994970-70080-130-Red      Red  ...   None 2025-04-22 23:03:42.607710

[5 rows x 9 columns]
[2025-04-22T23:03:42.653+0000] {cursor.py:1028} INFO - query: [SELECT * FROM MBTA_PREDICTIONS WHERE PREDICTION_ID IN ('prediction-67995058-7008...]
[2025-04-22T23:03:42.836+0000] {cursor.py:1041} INFO - query execution done
[2025-04-22T23:03:42.838+0000] {cursor.py:1205} INFO - Number of results in first chunk: 25
[2025-04-22T23:03:42.885+0000] {mbta_kafka_consumer.py:104} INFO - 🔁 25 new/updated records out of 25 incoming records (some may be duplicate VEHICLE_IDs) for MBTA_PREDICTIONS
[2025-04-22T23:03:42.886+0000] {cursor.py:1028} INFO - query: [MERGE INTO MBTA_PREDICTIONS AS target USING (SELECT 'prediction-67995058-70080-1...]
[2025-04-22T23:03:46.528+0000] {cursor.py:1041} INFO - query execution done
[2025-04-22T23:03:46.537+0000] {cursor.py:1028} INFO - query: [MERGE INTO MBTA_PREDICTIONS AS target USING (SELECT 'prediction-67995017-70079-9...]
[2025-04-22T23:03:50.719+0000] {cursor.py:1041} INFO - query execution done
[2025-04-22T23:03:50.802+0000] {cursor.py:1028} INFO - query: [MERGE INTO MBTA_PREDICTIONS AS target USING (SELECT 'prediction-67994964-70080-1...]
[2025-04-22T23:03:53.486+0000] {cursor.py:1041} INFO - query execution done
[2025-04-22T23:03:53.492+0000] {cursor.py:1028} INFO - query: [MERGE INTO MBTA_PREDICTIONS AS target USING (SELECT 'prediction-67995023-70079-9...]
[2025-04-22T23:03:56.736+0000] {cursor.py:1041} INFO - query execution done
[2025-04-22T23:03:56.747+0000] {cursor.py:1028} INFO - query: [MERGE INTO MBTA_PREDICTIONS AS target USING (SELECT 'prediction-67994970-70080-1...]
[2025-04-22T23:03:59.604+0000] {cursor.py:1041} INFO - query execution done
[2025-04-22T23:03:59.615+0000] {cursor.py:1028} INFO - query: [MERGE INTO MBTA_PREDICTIONS AS target USING (SELECT 'prediction-67995035-70079-9...]
[2025-04-22T23:04:02.573+0000] {cursor.py:1041} INFO - query execution done
[2025-04-22T23:04:02.576+0000] {cursor.py:1028} INFO - query: [MERGE INTO MBTA_PREDICTIONS AS target USING (SELECT 'prediction-ADDED-1582320905...]
[2025-04-22T23:04:05.631+0000] {cursor.py:1041} INFO - query execution done
[2025-04-22T23:04:05.636+0000] {cursor.py:1028} INFO - query: [MERGE INTO MBTA_PREDICTIONS AS target USING (SELECT 'prediction-67995041-70079-9...]
[2025-04-22T23:04:08.853+0000] {cursor.py:1041} INFO - query execution done
[2025-04-22T23:04:08.858+0000] {cursor.py:1028} INFO - query: [MERGE INTO MBTA_PREDICTIONS AS target USING (SELECT 'prediction-67994982-70080-1...]
[2025-04-22T23:04:12.036+0000] {cursor.py:1041} INFO - query execution done
[2025-04-22T23:04:12.040+0000] {cursor.py:1028} INFO - query: [MERGE INTO MBTA_PREDICTIONS AS target USING (SELECT 'prediction-67995047-70079-9...]
[2025-04-22T23:04:14.525+0000] {cursor.py:1041} INFO - query execution done
[2025-04-22T23:04:14.529+0000] {cursor.py:1028} INFO - query: [MERGE INTO MBTA_PREDICTIONS AS target USING (SELECT 'prediction-67995053-70079-9...]
[2025-04-22T23:04:17.229+0000] {cursor.py:1041} INFO - query execution done
[2025-04-22T23:04:17.230+0000] {cursor.py:1028} INFO - query: [MERGE INTO MBTA_PREDICTIONS AS target USING (SELECT 'prediction-67994994-70080-1...]
[2025-04-22T23:04:19.800+0000] {cursor.py:1041} INFO - query execution done
[2025-04-22T23:04:19.802+0000] {cursor.py:1028} INFO - query: [MERGE INTO MBTA_PREDICTIONS AS target USING (SELECT 'prediction-67995059-70079-9...]
