[2025-04-22T01:57:41.955+0000] {taskinstance.py:1956} INFO - Dependencies all met for dep_context=non-requeueable deps ti=<TaskInstance: mbta_ingestion_dag.load_to_snowflake scheduled__2025-04-22T01:30:00+00:00 [queued]>
[2025-04-22T01:57:41.981+0000] {taskinstance.py:1956} INFO - Dependencies all met for dep_context=requeueable deps ti=<TaskInstance: mbta_ingestion_dag.load_to_snowflake scheduled__2025-04-22T01:30:00+00:00 [queued]>
[2025-04-22T01:57:41.982+0000] {taskinstance.py:2170} INFO - Starting attempt 3 of 2
[2025-04-22T01:57:41.999+0000] {taskinstance.py:2191} INFO - Executing <Task(PythonOperator): load_to_snowflake> on 2025-04-22 01:30:00+00:00
[2025-04-22T01:57:42.009+0000] {standard_task_runner.py:60} INFO - Started process 206 to run task
[2025-04-22T01:57:42.013+0000] {standard_task_runner.py:87} INFO - Running: ['***', 'tasks', 'run', 'mbta_ingestion_dag', 'load_to_snowflake', 'scheduled__2025-04-22T01:30:00+00:00', '--job-id', '27', '--raw', '--subdir', 'DAGS_FOLDER/mbta_ingestion_dag.py', '--cfg-path', '/tmp/tmpdktc48j8']
[2025-04-22T01:57:42.017+0000] {standard_task_runner.py:88} INFO - Job 27: Subtask load_to_snowflake
[2025-04-22T01:57:42.059+0000] {logging_mixin.py:188} WARNING - /home/***/.local/lib/python3.9/site-packages/***/settings.py:194 DeprecationWarning: The sql_alchemy_conn option in [core] has been moved to the sql_alchemy_conn option in [database] - the old setting has been used, but please update your config.
[2025-04-22T01:57:42.153+0000] {task_command.py:423} INFO - Running <TaskInstance: mbta_ingestion_dag.load_to_snowflake scheduled__2025-04-22T01:30:00+00:00 [running]> on host 34d2bea308cf
[2025-04-22T01:57:42.320+0000] {taskinstance.py:2480} INFO - Exporting env vars: AIRFLOW_CTX_DAG_OWNER='***' AIRFLOW_CTX_DAG_ID='mbta_ingestion_dag' AIRFLOW_CTX_TASK_ID='load_to_snowflake' AIRFLOW_CTX_EXECUTION_DATE='2025-04-22T01:30:00+00:00' AIRFLOW_CTX_TRY_NUMBER='3' AIRFLOW_CTX_DAG_RUN_ID='scheduled__2025-04-22T01:30:00+00:00'
[2025-04-22T01:57:42.322+0000] {mbta_ingestion_dag.py:35} INFO - 🚀 Launching Kafka consumer to process and load data into Snowflake...
[2025-04-22T01:57:42.324+0000] {connection.py:370} INFO - Snowflake Connector for Python Version: 3.6.0, Python Version: 3.9.18, Platform: Linux-6.10.14-linuxkit-aarch64-with-glibc2.36
[2025-04-22T01:57:42.325+0000] {connection.py:1171} INFO - This connection is in OCSP Fail Open Mode. TLS Certificates would be checked for validity and revocation status. Any other Certificate Revocation related exceptions or OCSP Responder failures would be disregarded in favor of connectivity.
[2025-04-22T01:57:44.380+0000] {mbta_kafka_consumer.py:45} INFO - ✅ Connected to Snowflake successfully.
[2025-04-22T01:57:44.383+0000] {mbta_kafka_consumer.py:219} INFO - 🚀 Starting MBTA Kafka Consumer...
[2025-04-22T01:57:44.394+0000] {conn.py:395} INFO - <BrokerConnection client_id=kafka-python-2.1.5, node_id=bootstrap-0 host=kafka:9092 <connecting> [IPv4 ('172.18.0.4', 9092)]>: connecting to kafka:9092 [('172.18.0.4', 9092) IPv4]
[2025-04-22T01:57:44.412+0000] {conn.py:615} INFO - <BrokerConnection client_id=kafka-python-2.1.5, node_id=bootstrap-0 host=kafka:9092 <checking_api_versions_recv> [IPv4 ('172.18.0.4', 9092)]>: Broker version identified as 2.6
[2025-04-22T01:57:44.413+0000] {conn.py:456} INFO - <BrokerConnection client_id=kafka-python-2.1.5, node_id=bootstrap-0 host=kafka:9092 <connected> [IPv4 ('172.18.0.4', 9092)]>: Connection complete.
[2025-04-22T01:57:44.425+0000] {consumer.py:119} WARNING - group_id is None: disabling auto-commit.
[2025-04-22T01:57:44.426+0000] {subscription_state.py:182} INFO - Updating subscribed topics to: ('mbta_alerts', 'mbta_routes', 'mbta_stops', 'mbta_vehicles', 'mbta_predictions')
[2025-04-22T01:57:44.437+0000] {subscription_state.py:254} INFO - Updated partition assignment: [('mbta_predictions', 0), ('mbta_routes', 0), ('mbta_vehicles', 0), ('mbta_alerts', 0), ('mbta_stops', 0)]
[2025-04-22T01:57:44.442+0000] {conn.py:395} INFO - <BrokerConnection client_id=kafka-python-2.1.5, node_id=1 host=kafka:9092 <connecting> [IPv4 ('172.18.0.4', 9092)]>: connecting to kafka:9092 [('172.18.0.4', 9092) IPv4]
[2025-04-22T01:57:44.444+0000] {conn.py:456} INFO - <BrokerConnection client_id=kafka-python-2.1.5, node_id=1 host=kafka:9092 <connected> [IPv4 ('172.18.0.4', 9092)]>: Connection complete.
[2025-04-22T01:57:44.446+0000] {conn.py:936} INFO - <BrokerConnection client_id=kafka-python-2.1.5, node_id=bootstrap-0 host=kafka:9092 <connected> [IPv4 ('172.18.0.4', 9092)]>: Closing connection. 
[2025-04-22T01:57:49.448+0000] {mbta_kafka_consumer.py:233} INFO - 📥 Received 99 records from topic: mbta_alerts
[2025-04-22T01:57:49.597+0000] {mbta_kafka_consumer.py:56} INFO - 🔍 Sample data for MBTA_ALERTS:
[2025-04-22T01:57:49.606+0000] {mbta_kafka_consumer.py:57} INFO - 
  ALERT_ID  ...                 CREATED_AT
0   638240  ...  2025-04-16T10:52:04-04:00
1   638657  ...  2025-04-18T10:54:16-04:00
2   435698  ...  2022-03-15T10:13:31-04:00
3   634497  ...  2025-03-27T14:21:07-04:00
4   634495  ...  2025-03-27T14:18:44-04:00

[5 rows x 6 columns]
[2025-04-22T01:57:49.712+0000] {cursor.py:1028} INFO - query: [SELECT * FROM MBTA_ALERTS WHERE ALERT_ID IN ('638240','638657','435698','634497'...]
[2025-04-22T01:57:49.955+0000] {cursor.py:1041} INFO - query execution done
[2025-04-22T01:57:49.957+0000] {cursor.py:1205} INFO - Number of results in first chunk: 0
[2025-04-22T01:57:51.121+0000] {mbta_kafka_consumer.py:104} INFO - 🔁 0 new/updated records out of 99 incoming records (some may be duplicate VEHICLE_IDs) for MBTA_ALERTS
[2025-04-22T01:57:51.123+0000] {mbta_kafka_consumer.py:107} INFO - ✅ All 99 records already up-to-date in MBTA_ALERTS, no merge needed.
[2025-04-22T01:57:51.124+0000] {mbta_kafka_consumer.py:233} INFO - 📥 Received 99 records from topic: mbta_alerts
[2025-04-22T01:57:51.130+0000] {mbta_kafka_consumer.py:56} INFO - 🔍 Sample data for MBTA_ALERTS:
[2025-04-22T01:57:51.131+0000] {mbta_kafka_consumer.py:57} INFO - 
  ALERT_ID  ...                 CREATED_AT
0   638240  ...  2025-04-16T10:52:04-04:00
1   638657  ...  2025-04-18T10:54:16-04:00
2   435698  ...  2022-03-15T10:13:31-04:00
3   634497  ...  2025-03-27T14:21:07-04:00
4   634495  ...  2025-03-27T14:18:44-04:00

[5 rows x 6 columns]
[2025-04-22T01:57:51.140+0000] {cursor.py:1028} INFO - query: [SELECT * FROM MBTA_ALERTS WHERE ALERT_ID IN ('638240','638657','435698','634497'...]
[2025-04-22T01:57:51.335+0000] {cursor.py:1041} INFO - query execution done
[2025-04-22T01:57:51.338+0000] {cursor.py:1205} INFO - Number of results in first chunk: 0
[2025-04-22T01:57:51.511+0000] {mbta_kafka_consumer.py:104} INFO - 🔁 0 new/updated records out of 99 incoming records (some may be duplicate VEHICLE_IDs) for MBTA_ALERTS
[2025-04-22T01:57:51.512+0000] {mbta_kafka_consumer.py:107} INFO - ✅ All 99 records already up-to-date in MBTA_ALERTS, no merge needed.
[2025-04-22T01:57:51.513+0000] {mbta_kafka_consumer.py:233} INFO - 📥 Received 1000 records from topic: mbta_stops
[2025-04-22T01:57:51.538+0000] {mbta_kafka_consumer.py:56} INFO - 🔍 Sample data for MBTA_STOPS:
[2025-04-22T01:57:51.539+0000] {mbta_kafka_consumer.py:57} INFO - 
          STOP_ID  ...                 CREATED_AT
0            5682  ... 2025-04-22 01:57:51.514684
1           50620  ... 2025-04-22 01:57:51.514689
2  node-417-lobby  ... 2025-04-22 01:57:51.514690
3            4042  ... 2025-04-22 01:57:51.514695
4          109822  ... 2025-04-22 01:57:51.514697

[5 rows x 5 columns]
[2025-04-22T01:57:51.553+0000] {cursor.py:1028} INFO - query: [SELECT * FROM MBTA_STOPS WHERE STOP_ID IN ('5682','50620','node-417-lobby','4042...]
[2025-04-22T01:57:51.732+0000] {cursor.py:1041} INFO - query execution done
[2025-04-22T01:57:51.735+0000] {cursor.py:1205} INFO - Number of results in first chunk: 0
[2025-04-22T01:57:52.668+0000] {mbta_kafka_consumer.py:104} INFO - 🔁 0 new/updated records out of 1000 incoming records (some may be duplicate VEHICLE_IDs) for MBTA_STOPS
[2025-04-22T01:57:52.671+0000] {mbta_kafka_consumer.py:107} INFO - ✅ All 1000 records already up-to-date in MBTA_STOPS, no merge needed.
[2025-04-22T01:57:52.675+0000] {mbta_kafka_consumer.py:233} INFO - 📥 Received 178 records from topic: mbta_routes
[2025-04-22T01:57:52.682+0000] {mbta_kafka_consumer.py:56} INFO - 🔍 Sample data for MBTA_ROUTES:
[2025-04-22T01:57:52.682+0000] {mbta_kafka_consumer.py:57} INFO - 
   ROUTE_ID        ROUTE_NAME  ...  ROUTE_COLOR                 CREATED_AT
0       Red          Red Line  ...       DA291C 2025-04-22 01:57:52.676455
1  Mattapan  Mattapan Trolley  ...       DA291C 2025-04-22 01:57:52.676460
2    Orange       Orange Line  ...       ED8B00 2025-04-22 01:57:52.676464
3   Green-B      Green Line B  ...       00843D 2025-04-22 01:57:52.676480
4   Green-C      Green Line C  ...       00843D 2025-04-22 01:57:52.676482

[5 rows x 5 columns]
[2025-04-22T01:57:52.691+0000] {cursor.py:1028} INFO - query: [SELECT * FROM MBTA_ROUTES WHERE ROUTE_ID IN ('Red','Mattapan','Orange','Green-B'...]
[2025-04-22T01:57:52.846+0000] {cursor.py:1041} INFO - query execution done
[2025-04-22T01:57:52.847+0000] {cursor.py:1205} INFO - Number of results in first chunk: 0
[2025-04-22T01:57:53.129+0000] {mbta_kafka_consumer.py:104} INFO - 🔁 0 new/updated records out of 178 incoming records (some may be duplicate VEHICLE_IDs) for MBTA_ROUTES
[2025-04-22T01:57:53.130+0000] {mbta_kafka_consumer.py:107} INFO - ✅ All 178 records already up-to-date in MBTA_ROUTES, no merge needed.
[2025-04-22T01:57:53.131+0000] {mbta_kafka_consumer.py:233} INFO - 📥 Received 178 records from topic: mbta_routes
[2025-04-22T01:57:53.141+0000] {mbta_kafka_consumer.py:56} INFO - 🔍 Sample data for MBTA_ROUTES:
[2025-04-22T01:57:53.144+0000] {mbta_kafka_consumer.py:57} INFO - 
   ROUTE_ID        ROUTE_NAME  ...  ROUTE_COLOR                 CREATED_AT
0       Red          Red Line  ...       DA291C 2025-04-22 01:57:53.131706
1  Mattapan  Mattapan Trolley  ...       DA291C 2025-04-22 01:57:53.131716
2    Orange       Orange Line  ...       ED8B00 2025-04-22 01:57:53.131720
3   Green-B      Green Line B  ...       00843D 2025-04-22 01:57:53.131721
4   Green-C      Green Line C  ...       00843D 2025-04-22 01:57:53.131723

[5 rows x 5 columns]
[2025-04-22T01:57:53.167+0000] {cursor.py:1028} INFO - query: [SELECT * FROM MBTA_ROUTES WHERE ROUTE_ID IN ('Red','Mattapan','Orange','Green-B'...]
[2025-04-22T01:57:53.361+0000] {cursor.py:1041} INFO - query execution done
[2025-04-22T01:57:53.368+0000] {cursor.py:1205} INFO - Number of results in first chunk: 0
[2025-04-22T01:57:53.760+0000] {mbta_kafka_consumer.py:104} INFO - 🔁 0 new/updated records out of 178 incoming records (some may be duplicate VEHICLE_IDs) for MBTA_ROUTES
[2025-04-22T01:57:53.763+0000] {mbta_kafka_consumer.py:107} INFO - ✅ All 178 records already up-to-date in MBTA_ROUTES, no merge needed.
[2025-04-22T01:57:53.763+0000] {mbta_kafka_consumer.py:233} INFO - 📥 Received 178 records from topic: mbta_routes
[2025-04-22T01:57:53.775+0000] {mbta_kafka_consumer.py:56} INFO - 🔍 Sample data for MBTA_ROUTES:
[2025-04-22T01:57:53.776+0000] {mbta_kafka_consumer.py:57} INFO - 
   ROUTE_ID        ROUTE_NAME  ...  ROUTE_COLOR                 CREATED_AT
0       Red          Red Line  ...       DA291C 2025-04-22 01:57:53.764064
1  Mattapan  Mattapan Trolley  ...       DA291C 2025-04-22 01:57:53.764083
2    Orange       Orange Line  ...       ED8B00 2025-04-22 01:57:53.764084
3   Green-B      Green Line B  ...       00843D 2025-04-22 01:57:53.764092
4   Green-C      Green Line C  ...       00843D 2025-04-22 01:57:53.764099

[5 rows x 5 columns]
[2025-04-22T01:57:53.788+0000] {cursor.py:1028} INFO - query: [SELECT * FROM MBTA_ROUTES WHERE ROUTE_ID IN ('Red','Mattapan','Orange','Green-B'...]
[2025-04-22T01:57:53.955+0000] {cursor.py:1041} INFO - query execution done
[2025-04-22T01:57:53.959+0000] {cursor.py:1205} INFO - Number of results in first chunk: 0
[2025-04-22T01:57:54.778+0000] {mbta_kafka_consumer.py:104} INFO - 🔁 0 new/updated records out of 178 incoming records (some may be duplicate VEHICLE_IDs) for MBTA_ROUTES
[2025-04-22T01:57:54.785+0000] {mbta_kafka_consumer.py:107} INFO - ✅ All 178 records already up-to-date in MBTA_ROUTES, no merge needed.
[2025-04-22T01:57:54.789+0000] {mbta_kafka_consumer.py:233} INFO - 📥 Received 178 records from topic: mbta_routes
[2025-04-22T01:57:54.801+0000] {mbta_kafka_consumer.py:56} INFO - 🔍 Sample data for MBTA_ROUTES:
[2025-04-22T01:57:54.802+0000] {mbta_kafka_consumer.py:57} INFO - 
   ROUTE_ID        ROUTE_NAME  ...  ROUTE_COLOR                 CREATED_AT
0       Red          Red Line  ...       DA291C 2025-04-22 01:57:54.790197
1  Mattapan  Mattapan Trolley  ...       DA291C 2025-04-22 01:57:54.790204
2    Orange       Orange Line  ...       ED8B00 2025-04-22 01:57:54.790247
3   Green-B      Green Line B  ...       00843D 2025-04-22 01:57:54.790249
4   Green-C      Green Line C  ...       00843D 2025-04-22 01:57:54.790258

[5 rows x 5 columns]
[2025-04-22T01:57:54.813+0000] {cursor.py:1028} INFO - query: [SELECT * FROM MBTA_ROUTES WHERE ROUTE_ID IN ('Red','Mattapan','Orange','Green-B'...]
[2025-04-22T01:57:55.007+0000] {cursor.py:1041} INFO - query execution done
[2025-04-22T01:57:55.008+0000] {cursor.py:1205} INFO - Number of results in first chunk: 0
[2025-04-22T01:57:55.498+0000] {mbta_kafka_consumer.py:104} INFO - 🔁 0 new/updated records out of 178 incoming records (some may be duplicate VEHICLE_IDs) for MBTA_ROUTES
[2025-04-22T01:57:55.505+0000] {mbta_kafka_consumer.py:107} INFO - ✅ All 178 records already up-to-date in MBTA_ROUTES, no merge needed.
[2025-04-22T01:57:55.509+0000] {mbta_kafka_consumer.py:233} INFO - 📥 Received 178 records from topic: mbta_routes
[2025-04-22T01:57:55.531+0000] {mbta_kafka_consumer.py:56} INFO - 🔍 Sample data for MBTA_ROUTES:
[2025-04-22T01:57:55.532+0000] {mbta_kafka_consumer.py:57} INFO - 
   ROUTE_ID        ROUTE_NAME  ...  ROUTE_COLOR                 CREATED_AT
0       Red          Red Line  ...       DA291C 2025-04-22 01:57:55.513641
1  Mattapan  Mattapan Trolley  ...       DA291C 2025-04-22 01:57:55.513660
2    Orange       Orange Line  ...       ED8B00 2025-04-22 01:57:55.513663
3   Green-B      Green Line B  ...       00843D 2025-04-22 01:57:55.513706
4   Green-C      Green Line C  ...       00843D 2025-04-22 01:57:55.513732

[5 rows x 5 columns]
[2025-04-22T01:57:55.546+0000] {cursor.py:1028} INFO - query: [SELECT * FROM MBTA_ROUTES WHERE ROUTE_ID IN ('Red','Mattapan','Orange','Green-B'...]
[2025-04-22T01:57:55.940+0000] {cursor.py:1041} INFO - query execution done
[2025-04-22T01:57:55.943+0000] {cursor.py:1205} INFO - Number of results in first chunk: 0
[2025-04-22T01:57:56.375+0000] {mbta_kafka_consumer.py:104} INFO - 🔁 0 new/updated records out of 178 incoming records (some may be duplicate VEHICLE_IDs) for MBTA_ROUTES
[2025-04-22T01:57:56.377+0000] {mbta_kafka_consumer.py:107} INFO - ✅ All 178 records already up-to-date in MBTA_ROUTES, no merge needed.
[2025-04-22T01:57:56.379+0000] {mbta_kafka_consumer.py:233} INFO - 📥 Received 178 records from topic: mbta_routes
[2025-04-22T01:57:56.385+0000] {mbta_kafka_consumer.py:56} INFO - 🔍 Sample data for MBTA_ROUTES:
[2025-04-22T01:57:56.387+0000] {mbta_kafka_consumer.py:57} INFO - 
   ROUTE_ID        ROUTE_NAME  ...  ROUTE_COLOR                 CREATED_AT
0       Red          Red Line  ...       DA291C 2025-04-22 01:57:56.379652
1  Mattapan  Mattapan Trolley  ...       DA291C 2025-04-22 01:57:56.379659
2    Orange       Orange Line  ...       ED8B00 2025-04-22 01:57:56.379668
3   Green-B      Green Line B  ...       00843D 2025-04-22 01:57:56.379673
4   Green-C      Green Line C  ...       00843D 2025-04-22 01:57:56.379674

[5 rows x 5 columns]
[2025-04-22T01:57:56.414+0000] {cursor.py:1028} INFO - query: [SELECT * FROM MBTA_ROUTES WHERE ROUTE_ID IN ('Red','Mattapan','Orange','Green-B'...]
[2025-04-22T01:57:56.603+0000] {cursor.py:1041} INFO - query execution done
[2025-04-22T01:57:56.606+0000] {cursor.py:1205} INFO - Number of results in first chunk: 0
[2025-04-22T01:57:57.027+0000] {mbta_kafka_consumer.py:104} INFO - 🔁 0 new/updated records out of 178 incoming records (some may be duplicate VEHICLE_IDs) for MBTA_ROUTES
[2025-04-22T01:57:57.029+0000] {mbta_kafka_consumer.py:107} INFO - ✅ All 178 records already up-to-date in MBTA_ROUTES, no merge needed.
[2025-04-22T01:57:57.033+0000] {mbta_kafka_consumer.py:233} INFO - 📥 Received 178 records from topic: mbta_routes
[2025-04-22T01:57:57.043+0000] {mbta_kafka_consumer.py:56} INFO - 🔍 Sample data for MBTA_ROUTES:
[2025-04-22T01:57:57.045+0000] {mbta_kafka_consumer.py:57} INFO - 
   ROUTE_ID        ROUTE_NAME  ...  ROUTE_COLOR                 CREATED_AT
0       Red          Red Line  ...       DA291C 2025-04-22 01:57:57.034605
1  Mattapan  Mattapan Trolley  ...       DA291C 2025-04-22 01:57:57.034612
2    Orange       Orange Line  ...       ED8B00 2025-04-22 01:57:57.034634
3   Green-B      Green Line B  ...       00843D 2025-04-22 01:57:57.034636
4   Green-C      Green Line C  ...       00843D 2025-04-22 01:57:57.034654

[5 rows x 5 columns]
[2025-04-22T01:57:57.065+0000] {cursor.py:1028} INFO - query: [SELECT * FROM MBTA_ROUTES WHERE ROUTE_ID IN ('Red','Mattapan','Orange','Green-B'...]
[2025-04-22T01:57:57.226+0000] {cursor.py:1041} INFO - query execution done
[2025-04-22T01:57:57.227+0000] {cursor.py:1205} INFO - Number of results in first chunk: 0
[2025-04-22T01:57:57.637+0000] {mbta_kafka_consumer.py:104} INFO - 🔁 0 new/updated records out of 178 incoming records (some may be duplicate VEHICLE_IDs) for MBTA_ROUTES
[2025-04-22T01:57:57.637+0000] {mbta_kafka_consumer.py:107} INFO - ✅ All 178 records already up-to-date in MBTA_ROUTES, no merge needed.
[2025-04-22T01:57:57.639+0000] {mbta_kafka_consumer.py:233} INFO - 📥 Received 178 records from topic: mbta_routes
[2025-04-22T01:57:57.649+0000] {mbta_kafka_consumer.py:56} INFO - 🔍 Sample data for MBTA_ROUTES:
[2025-04-22T01:57:57.650+0000] {mbta_kafka_consumer.py:57} INFO - 
   ROUTE_ID        ROUTE_NAME  ...  ROUTE_COLOR                 CREATED_AT
0       Red          Red Line  ...       DA291C 2025-04-22 01:57:57.640052
1  Mattapan  Mattapan Trolley  ...       DA291C 2025-04-22 01:57:57.640067
2    Orange       Orange Line  ...       ED8B00 2025-04-22 01:57:57.640068
3   Green-B      Green Line B  ...       00843D 2025-04-22 01:57:57.640084
4   Green-C      Green Line C  ...       00843D 2025-04-22 01:57:57.640085

[5 rows x 5 columns]
[2025-04-22T01:57:57.659+0000] {cursor.py:1028} INFO - query: [SELECT * FROM MBTA_ROUTES WHERE ROUTE_ID IN ('Red','Mattapan','Orange','Green-B'...]
[2025-04-22T01:57:58.090+0000] {cursor.py:1041} INFO - query execution done
[2025-04-22T01:57:58.101+0000] {cursor.py:1205} INFO - Number of results in first chunk: 0
[2025-04-22T01:57:58.355+0000] {mbta_kafka_consumer.py:104} INFO - 🔁 0 new/updated records out of 178 incoming records (some may be duplicate VEHICLE_IDs) for MBTA_ROUTES
[2025-04-22T01:57:58.355+0000] {mbta_kafka_consumer.py:107} INFO - ✅ All 178 records already up-to-date in MBTA_ROUTES, no merge needed.
[2025-04-22T01:57:58.356+0000] {mbta_kafka_consumer.py:233} INFO - 📥 Received 178 records from topic: mbta_routes
[2025-04-22T01:57:58.363+0000] {mbta_kafka_consumer.py:56} INFO - 🔍 Sample data for MBTA_ROUTES:
[2025-04-22T01:57:58.364+0000] {mbta_kafka_consumer.py:57} INFO - 
   ROUTE_ID        ROUTE_NAME  ...  ROUTE_COLOR                 CREATED_AT
0       Red          Red Line  ...       DA291C 2025-04-22 01:57:58.357123
1  Mattapan  Mattapan Trolley  ...       DA291C 2025-04-22 01:57:58.357133
2    Orange       Orange Line  ...       ED8B00 2025-04-22 01:57:58.357145
3   Green-B      Green Line B  ...       00843D 2025-04-22 01:57:58.357146
4   Green-C      Green Line C  ...       00843D 2025-04-22 01:57:58.357151

[5 rows x 5 columns]
[2025-04-22T01:57:58.377+0000] {cursor.py:1028} INFO - query: [SELECT * FROM MBTA_ROUTES WHERE ROUTE_ID IN ('Red','Mattapan','Orange','Green-B'...]
[2025-04-22T01:57:58.534+0000] {cursor.py:1041} INFO - query execution done
[2025-04-22T01:57:58.535+0000] {cursor.py:1205} INFO - Number of results in first chunk: 0
[2025-04-22T01:57:58.798+0000] {mbta_kafka_consumer.py:104} INFO - 🔁 0 new/updated records out of 178 incoming records (some may be duplicate VEHICLE_IDs) for MBTA_ROUTES
[2025-04-22T01:57:58.801+0000] {mbta_kafka_consumer.py:107} INFO - ✅ All 178 records already up-to-date in MBTA_ROUTES, no merge needed.
[2025-04-22T01:57:58.802+0000] {mbta_kafka_consumer.py:233} INFO - 📥 Received 178 records from topic: mbta_routes
[2025-04-22T01:57:58.807+0000] {mbta_kafka_consumer.py:56} INFO - 🔍 Sample data for MBTA_ROUTES:
[2025-04-22T01:57:58.807+0000] {mbta_kafka_consumer.py:57} INFO - 
   ROUTE_ID        ROUTE_NAME  ...  ROUTE_COLOR                 CREATED_AT
0       Red          Red Line  ...       DA291C 2025-04-22 01:57:58.803189
1  Mattapan  Mattapan Trolley  ...       DA291C 2025-04-22 01:57:58.803210
2    Orange       Orange Line  ...       ED8B00 2025-04-22 01:57:58.803211
3   Green-B      Green Line B  ...       00843D 2025-04-22 01:57:58.803213
4   Green-C      Green Line C  ...       00843D 2025-04-22 01:57:58.803213

[5 rows x 5 columns]
[2025-04-22T01:57:58.812+0000] {cursor.py:1028} INFO - query: [SELECT * FROM MBTA_ROUTES WHERE ROUTE_ID IN ('Red','Mattapan','Orange','Green-B'...]
[2025-04-22T01:57:58.966+0000] {cursor.py:1041} INFO - query execution done
[2025-04-22T01:57:58.968+0000] {cursor.py:1205} INFO - Number of results in first chunk: 0
[2025-04-22T01:57:59.240+0000] {mbta_kafka_consumer.py:104} INFO - 🔁 0 new/updated records out of 178 incoming records (some may be duplicate VEHICLE_IDs) for MBTA_ROUTES
[2025-04-22T01:57:59.241+0000] {mbta_kafka_consumer.py:107} INFO - ✅ All 178 records already up-to-date in MBTA_ROUTES, no merge needed.
[2025-04-22T01:57:59.242+0000] {mbta_kafka_consumer.py:233} INFO - 📥 Received 178 records from topic: mbta_routes
[2025-04-22T01:57:59.247+0000] {mbta_kafka_consumer.py:56} INFO - 🔍 Sample data for MBTA_ROUTES:
[2025-04-22T01:57:59.248+0000] {mbta_kafka_consumer.py:57} INFO - 
   ROUTE_ID        ROUTE_NAME  ...  ROUTE_COLOR                 CREATED_AT
0       Red          Red Line  ...       DA291C 2025-04-22 01:57:59.242772
1  Mattapan  Mattapan Trolley  ...       DA291C 2025-04-22 01:57:59.242779
2    Orange       Orange Line  ...       ED8B00 2025-04-22 01:57:59.242811
3   Green-B      Green Line B  ...       00843D 2025-04-22 01:57:59.242816
4   Green-C      Green Line C  ...       00843D 2025-04-22 01:57:59.242817

[5 rows x 5 columns]
[2025-04-22T01:57:59.253+0000] {cursor.py:1028} INFO - query: [SELECT * FROM MBTA_ROUTES WHERE ROUTE_ID IN ('Red','Mattapan','Orange','Green-B'...]
[2025-04-22T01:57:59.436+0000] {cursor.py:1041} INFO - query execution done
[2025-04-22T01:57:59.437+0000] {cursor.py:1205} INFO - Number of results in first chunk: 0
[2025-04-22T01:57:59.708+0000] {mbta_kafka_consumer.py:104} INFO - 🔁 0 new/updated records out of 178 incoming records (some may be duplicate VEHICLE_IDs) for MBTA_ROUTES
[2025-04-22T01:57:59.709+0000] {mbta_kafka_consumer.py:107} INFO - ✅ All 178 records already up-to-date in MBTA_ROUTES, no merge needed.
[2025-04-22T01:57:59.712+0000] {mbta_kafka_consumer.py:233} INFO - 📥 Received 337 records from topic: mbta_vehicles
[2025-04-22T01:57:59.724+0000] {mbta_kafka_consumer.py:56} INFO - 🔍 Sample data for MBTA_VEHICLES:
[2025-04-22T01:57:59.725+0000] {mbta_kafka_consumer.py:57} INFO - 
   VEHICLE_ID         ROUTE_ID  ...         STATUS                 CREATED_AT
0      ynk303  Shuttle-Generic  ...  IN_TRANSIT_TO 2025-04-22 01:57:59.713017
1  R-5482A35B              Red  ...  IN_TRANSIT_TO 2025-04-22 01:57:59.713279
2       y2026              108  ...     STOPPED_AT 2025-04-22 01:57:59.713281
3       y1989               70  ...     STOPPED_AT 2025-04-22 01:57:59.713284
4       y1203               28  ...     STOPPED_AT 2025-04-22 01:57:59.713291

[5 rows x 8 columns]
[2025-04-22T01:57:59.734+0000] {cursor.py:1028} INFO - query: [SELECT * FROM MBTA_VEHICLES WHERE VEHICLE_ID IN ('ynk303','R-5482A35B','y2026','...]
[2025-04-22T01:58:00.078+0000] {cursor.py:1041} INFO - query execution done
[2025-04-22T01:58:00.083+0000] {cursor.py:1205} INFO - Number of results in first chunk: 349
[2025-04-22T01:58:00.146+0000] {mbta_kafka_consumer.py:104} INFO - 🔁 24 new/updated records out of 337 incoming records (some may be duplicate VEHICLE_IDs) for MBTA_VEHICLES
[2025-04-22T01:58:00.147+0000] {cursor.py:1028} INFO - query: [MERGE INTO MBTA_VEHICLES AS target USING (SELECT 'y1284', '751', 42.35212312, -7...]
[2025-04-22T01:58:01.687+0000] {cursor.py:1041} INFO - query execution done
[2025-04-22T01:58:01.721+0000] {cursor.py:1028} INFO - query: [MERGE INTO MBTA_VEHICLES AS target USING (SELECT 'y3002', '712', 42.35868677, -7...]
[2025-04-22T01:58:02.831+0000] {cursor.py:1041} INFO - query execution done
[2025-04-22T01:58:02.885+0000] {cursor.py:1028} INFO - query: [MERGE INTO MBTA_VEHICLES AS target USING (SELECT 'y3327', '455', 42.42607997, -7...]
[2025-04-22T01:58:03.869+0000] {cursor.py:1041} INFO - query execution done
[2025-04-22T01:58:03.873+0000] {cursor.py:1028} INFO - query: [MERGE INTO MBTA_VEHICLES AS target USING (SELECT 'R-54829A82', 'Red', 42.39202, ...]
[2025-04-22T01:58:05.025+0000] {cursor.py:1041} INFO - query execution done
[2025-04-22T01:58:05.036+0000] {cursor.py:1028} INFO - query: [MERGE INTO MBTA_VEHICLES AS target USING (SELECT 'y1425', '116', 42.39299307, -7...]
[2025-04-22T01:58:06.214+0000] {cursor.py:1041} INFO - query execution done
[2025-04-22T01:58:06.224+0000] {cursor.py:1028} INFO - query: [MERGE INTO MBTA_VEHICLES AS target USING (SELECT 'y1654', '34', 42.2996, -71.114...]
[2025-04-22T01:58:07.401+0000] {cursor.py:1041} INFO - query execution done
[2025-04-22T01:58:07.418+0000] {cursor.py:1028} INFO - query: [MERGE INTO MBTA_VEHICLES AS target USING (SELECT 'y2108', '110', 42.40467893, -7...]
[2025-04-22T01:58:08.517+0000] {cursor.py:1041} INFO - query execution done
[2025-04-22T01:58:08.521+0000] {cursor.py:1028} INFO - query: [MERGE INTO MBTA_VEHICLES AS target USING (SELECT 'y1663', '36', 42.28770302, -71...]
[2025-04-22T01:58:09.678+0000] {cursor.py:1041} INFO - query execution done
[2025-04-22T01:58:09.679+0000] {cursor.py:1028} INFO - query: [MERGE INTO MBTA_VEHICLES AS target USING (SELECT 'y1874', '8', 42.33277372, -71....]
[2025-04-22T01:58:10.791+0000] {cursor.py:1041} INFO - query execution done
[2025-04-22T01:58:10.792+0000] {cursor.py:1028} INFO - query: [MERGE INTO MBTA_VEHICLES AS target USING (SELECT 'y1606', '32', 42.25618, -71.12...]
[2025-04-22T01:58:12.160+0000] {cursor.py:1041} INFO - query execution done
[2025-04-22T01:58:12.161+0000] {cursor.py:1028} INFO - query: [MERGE INTO MBTA_VEHICLES AS target USING (SELECT 'y1202', '28', 42.33140377, -71...]
[2025-04-22T01:58:13.511+0000] {cursor.py:1041} INFO - query execution done
[2025-04-22T01:58:13.522+0000] {cursor.py:1028} INFO - query: [MERGE INTO MBTA_VEHICLES AS target USING (SELECT 'B-5482A365', 'Blue', 42.37233,...]
[2025-04-22T01:58:14.579+0000] {cursor.py:1041} INFO - query execution done
[2025-04-22T01:58:14.723+0000] {cursor.py:1028} INFO - query: [MERGE INTO MBTA_VEHICLES AS target USING (SELECT 'G-10315', 'Green-D', 42.34336,...]
[2025-04-22T01:58:15.861+0000] {cursor.py:1041} INFO - query execution done
[2025-04-22T01:58:15.977+0000] {cursor.py:1028} INFO - query: [MERGE INTO MBTA_VEHICLES AS target USING (SELECT 'R-5482A2DC', 'Red', 42.3379, -...]
[2025-04-22T01:58:16.793+0000] {cursor.py:1041} INFO - query execution done
[2025-04-22T01:58:16.840+0000] {cursor.py:1028} INFO - query: [MERGE INTO MBTA_VEHICLES AS target USING (SELECT 'y1972', '110', 42.408898389, -...]
[2025-04-22T01:58:18.017+0000] {cursor.py:1041} INFO - query execution done
[2025-04-22T01:58:18.031+0000] {cursor.py:1028} INFO - query: [MERGE INTO MBTA_VEHICLES AS target USING (SELECT 'y2031', '77', 42.412548819, -7...]
[2025-04-22T01:58:19.336+0000] {cursor.py:1041} INFO - query execution done
[2025-04-22T01:58:19.340+0000] {cursor.py:1028} INFO - query: [MERGE INTO MBTA_VEHICLES AS target USING (SELECT 'y0815', '240', 42.2838475, -71...]
[2025-04-22T01:58:20.401+0000] {cursor.py:1041} INFO - query execution done
[2025-04-22T01:58:20.403+0000] {cursor.py:1028} INFO - query: [MERGE INTO MBTA_VEHICLES AS target USING (SELECT 'O-5482A34E', 'Orange', 42.3981...]
[2025-04-22T01:58:21.908+0000] {cursor.py:1041} INFO - query execution done
[2025-04-22T01:58:21.914+0000] {cursor.py:1028} INFO - query: [MERGE INTO MBTA_VEHICLES AS target USING (SELECT 'y1829', '57', 42.355939419, -7...]
[2025-04-22T01:58:23.525+0000] {cursor.py:1041} INFO - query execution done
[2025-04-22T01:58:23.526+0000] {cursor.py:1028} INFO - query: [MERGE INTO MBTA_VEHICLES AS target USING (SELECT 'y1905', '66', 42.33175146, -71...]
[2025-04-22T01:58:24.559+0000] {cursor.py:1041} INFO - query execution done
[2025-04-22T01:58:24.561+0000] {cursor.py:1028} INFO - query: [MERGE INTO MBTA_VEHICLES AS target USING (SELECT 'y1312', '743', 42.37488846, -7...]
[2025-04-22T01:58:25.759+0000] {cursor.py:1041} INFO - query execution done
[2025-04-22T01:58:25.763+0000] {cursor.py:1028} INFO - query: [MERGE INTO MBTA_VEHICLES AS target USING (SELECT 'y2116', '89', 42.396343739, -7...]
[2025-04-22T01:58:26.896+0000] {cursor.py:1041} INFO - query execution done
[2025-04-22T01:58:26.900+0000] {cursor.py:1028} INFO - query: [MERGE INTO MBTA_VEHICLES AS target USING (SELECT 'y1308', '742', 42.34721304, -7...]
[2025-04-22T01:58:28.110+0000] {cursor.py:1041} INFO - query execution done
[2025-04-22T01:58:28.114+0000] {cursor.py:1028} INFO - query: [MERGE INTO MBTA_VEHICLES AS target USING (SELECT 'y0777', '240', 42.16134627, -7...]
[2025-04-22T01:58:29.311+0000] {cursor.py:1041} INFO - query execution done
[2025-04-22T01:58:29.314+0000] {cursor.py:1028} INFO - query: [COMMIT]
[2025-04-22T01:58:29.446+0000] {cursor.py:1041} INFO - query execution done
[2025-04-22T01:58:29.446+0000] {cursor.py:1205} INFO - Number of results in first chunk: 1
[2025-04-22T01:58:29.447+0000] {mbta_kafka_consumer.py:139} INFO - ✅ Merged 24 new/changed records into Snowflake table: MBTA_VEHICLES in 29.71 seconds
[2025-04-22T01:58:29.454+0000] {mbta_kafka_consumer.py:233} INFO - 📥 Received 335 records from topic: mbta_vehicles
[2025-04-22T01:58:29.482+0000] {mbta_kafka_consumer.py:56} INFO - 🔍 Sample data for MBTA_VEHICLES:
[2025-04-22T01:58:29.482+0000] {mbta_kafka_consumer.py:57} INFO - 
   VEHICLE_ID      ROUTE_ID  ...         STATUS                 CREATED_AT
0     G-10268       Green-E  ...     STOPPED_AT 2025-04-22 01:58:29.455110
1        1832  CR-Worcester  ...  IN_TRANSIT_TO 2025-04-22 01:58:29.455143
2       y1908             1  ...     STOPPED_AT 2025-04-22 01:58:29.455158
3  O-5482A351        Orange  ...     STOPPED_AT 2025-04-22 01:58:29.455160
4       y1284           751  ...  IN_TRANSIT_TO 2025-04-22 01:58:29.455167

[5 rows x 8 columns]
[2025-04-22T01:58:29.495+0000] {cursor.py:1028} INFO - query: [SELECT * FROM MBTA_VEHICLES WHERE VEHICLE_ID IN ('G-10268','1832','y1908','O-548...]
[2025-04-22T01:58:29.729+0000] {cursor.py:1041} INFO - query execution done
[2025-04-22T01:58:29.731+0000] {cursor.py:1205} INFO - Number of results in first chunk: 347
[2025-04-22T01:58:29.753+0000] {mbta_kafka_consumer.py:104} INFO - 🔁 247 new/updated records out of 335 incoming records (some may be duplicate VEHICLE_IDs) for MBTA_VEHICLES
[2025-04-22T01:58:29.754+0000] {cursor.py:1028} INFO - query: [MERGE INTO MBTA_VEHICLES AS target USING (SELECT '1832', 'CR-Worcester', 42.2746...]
[2025-04-22T01:58:30.905+0000] {cursor.py:1041} INFO - query execution done
[2025-04-22T01:58:30.918+0000] {cursor.py:1028} INFO - query: [MERGE INTO MBTA_VEHICLES AS target USING (SELECT 'O-5482A351', 'Orange', 42.3365...]
[2025-04-22T01:58:32.153+0000] {cursor.py:1041} INFO - query execution done
[2025-04-22T01:58:32.161+0000] {cursor.py:1028} INFO - query: [MERGE INTO MBTA_VEHICLES AS target USING (SELECT 'y1284', '751', 42.35263676, -7...]
[2025-04-22T01:58:33.361+0000] {cursor.py:1041} INFO - query execution done
[2025-04-22T01:58:33.363+0000] {cursor.py:1028} INFO - query: [MERGE INTO MBTA_VEHICLES AS target USING (SELECT 'y3002', '712', 42.36100344, -7...]
[2025-04-22T01:58:34.603+0000] {cursor.py:1041} INFO - query execution done
[2025-04-22T01:58:34.607+0000] {cursor.py:1028} INFO - query: [MERGE INTO MBTA_VEHICLES AS target USING (SELECT 'y3327', '455', 42.42233717, -7...]
[2025-04-22T01:58:35.739+0000] {cursor.py:1041} INFO - query execution done
[2025-04-22T01:58:35.740+0000] {cursor.py:1028} INFO - query: [MERGE INTO MBTA_VEHICLES AS target USING (SELECT 'R-54829A82', 'Red', 42.38826, ...]
[2025-04-22T01:58:37.019+0000] {cursor.py:1041} INFO - query execution done
[2025-04-22T01:58:37.061+0000] {cursor.py:1028} INFO - query: [MERGE INTO MBTA_VEHICLES AS target USING (SELECT 'y1425', '116', 42.39190448, -7...]
[2025-04-22T01:58:38.390+0000] {cursor.py:1041} INFO - query execution done
[2025-04-22T01:58:38.400+0000] {cursor.py:1028} INFO - query: [MERGE INTO MBTA_VEHICLES AS target USING (SELECT 'y1654', '34', 42.2996, -71.114...]
[2025-04-22T01:58:39.422+0000] {cursor.py:1041} INFO - query execution done
[2025-04-22T01:58:39.434+0000] {cursor.py:1028} INFO - query: [MERGE INTO MBTA_VEHICLES AS target USING (SELECT 'y2108', '110', 42.40469154, -7...]
[2025-04-22T01:58:40.636+0000] {cursor.py:1041} INFO - query execution done
[2025-04-22T01:58:40.641+0000] {cursor.py:1028} INFO - query: [MERGE INTO MBTA_VEHICLES AS target USING (SELECT 'y1663', '36', 42.286972149, -7...]
[2025-04-22T01:58:41.980+0000] {cursor.py:1041} INFO - query execution done
[2025-04-22T01:58:41.982+0000] {cursor.py:1028} INFO - query: [MERGE INTO MBTA_VEHICLES AS target USING (SELECT 'y1874', '8', 42.3327259, -71.0...]
[2025-04-22T01:58:43.390+0000] {cursor.py:1041} INFO - query execution done
[2025-04-22T01:58:43.391+0000] {cursor.py:1028} INFO - query: [MERGE INTO MBTA_VEHICLES AS target USING (SELECT 'y1606', '32', 42.25596, -71.12...]
[2025-04-22T01:58:44.743+0000] {cursor.py:1041} INFO - query execution done
[2025-04-22T01:58:44.752+0000] {cursor.py:1028} INFO - query: [MERGE INTO MBTA_VEHICLES AS target USING (SELECT 'y1202', '28', 42.33269457, -71...]
[2025-04-22T01:58:46.462+0000] {cursor.py:1041} INFO - query execution done
[2025-04-22T01:58:46.464+0000] {cursor.py:1028} INFO - query: [MERGE INTO MBTA_VEHICLES AS target USING (SELECT 'B-5482A365', 'Blue', 42.36923,...]
[2025-04-22T01:58:47.677+0000] {cursor.py:1041} INFO - query execution done
[2025-04-22T01:58:47.678+0000] {cursor.py:1028} INFO - query: [MERGE INTO MBTA_VEHICLES AS target USING (SELECT 'G-10315', 'Green-D', 42.34444,...]
[2025-04-22T01:58:49.038+0000] {cursor.py:1041} INFO - query execution done
[2025-04-22T01:58:49.042+0000] {cursor.py:1028} INFO - query: [MERGE INTO MBTA_VEHICLES AS target USING (SELECT 'R-5482A2DC', 'Red', 42.34273, ...]
[2025-04-22T01:58:50.375+0000] {cursor.py:1041} INFO - query execution done
[2025-04-22T01:58:50.378+0000] {cursor.py:1028} INFO - query: [MERGE INTO MBTA_VEHICLES AS target USING (SELECT 'y1972', '110', 42.40928355, -7...]
[2025-04-22T01:58:51.617+0000] {cursor.py:1041} INFO - query execution done
[2025-04-22T01:58:51.618+0000] {cursor.py:1028} INFO - query: [MERGE INTO MBTA_VEHICLES AS target USING (SELECT 'y2031', '77', 42.40913921, -71...]
[2025-04-22T01:58:52.931+0000] {cursor.py:1041} INFO - query execution done
[2025-04-22T01:58:52.938+0000] {cursor.py:1028} INFO - query: [MERGE INTO MBTA_VEHICLES AS target USING (SELECT 'y0815', '240', 42.28379469, -7...]
[2025-04-22T01:58:54.349+0000] {cursor.py:1041} INFO - query execution done
[2025-04-22T01:58:54.352+0000] {cursor.py:1028} INFO - query: [MERGE INTO MBTA_VEHICLES AS target USING (SELECT 'O-5482A34E', 'Orange', 42.3947...]
[2025-04-22T01:58:55.439+0000] {cursor.py:1041} INFO - query execution done
[2025-04-22T01:58:55.442+0000] {cursor.py:1028} INFO - query: [MERGE INTO MBTA_VEHICLES AS target USING (SELECT 'y1829', '57', 42.35557571, -71...]
[2025-04-22T01:58:56.705+0000] {cursor.py:1041} INFO - query execution done
[2025-04-22T01:58:56.706+0000] {cursor.py:1028} INFO - query: [MERGE INTO MBTA_VEHICLES AS target USING (SELECT 'y1905', '66', 42.3327199, -71....]
[2025-04-22T01:58:57.925+0000] {cursor.py:1041} INFO - query execution done
[2025-04-22T01:58:57.927+0000] {cursor.py:1028} INFO - query: [MERGE INTO MBTA_VEHICLES AS target USING (SELECT 'y1312', '743', 42.37429476, -7...]
[2025-04-22T01:58:59.284+0000] {cursor.py:1041} INFO - query execution done
[2025-04-22T01:58:59.291+0000] {cursor.py:1028} INFO - query: [MERGE INTO MBTA_VEHICLES AS target USING (SELECT 'y2116', '89', 42.39670255, -71...]
[2025-04-22T01:59:00.502+0000] {cursor.py:1041} INFO - query execution done
[2025-04-22T01:59:00.506+0000] {cursor.py:1028} INFO - query: [MERGE INTO MBTA_VEHICLES AS target USING (SELECT 'y1308', '742', 42.3471759, -71...]
[2025-04-22T01:59:01.518+0000] {cursor.py:1041} INFO - query execution done
[2025-04-22T01:59:01.520+0000] {cursor.py:1028} INFO - query: [MERGE INTO MBTA_VEHICLES AS target USING (SELECT 'y0777', '240', 42.15719719, -7...]
[2025-04-22T01:59:02.775+0000] {cursor.py:1041} INFO - query execution done
[2025-04-22T01:59:02.775+0000] {cursor.py:1028} INFO - query: [MERGE INTO MBTA_VEHICLES AS target USING (SELECT 'G-10300', 'Green-B', 42.34806,...]
[2025-04-22T01:59:04.034+0000] {cursor.py:1041} INFO - query execution done
[2025-04-22T01:59:04.038+0000] {cursor.py:1028} INFO - query: [MERGE INTO MBTA_VEHICLES AS target USING (SELECT 'y1831', '9', 42.34608862, -71....]
[2025-04-22T01:59:05.330+0000] {cursor.py:1041} INFO - query execution done
[2025-04-22T01:59:05.554+0000] {cursor.py:1028} INFO - query: [MERGE INTO MBTA_VEHICLES AS target USING (SELECT 'y3324', '442', 42.46358038, -7...]
[2025-04-22T01:59:06.662+0000] {cursor.py:1041} INFO - query execution done
[2025-04-22T01:59:06.669+0000] {cursor.py:1028} INFO - query: [MERGE INTO MBTA_VEHICLES AS target USING (SELECT 'y1852', '9', 42.33874507, -71....]
[2025-04-22T01:59:07.887+0000] {cursor.py:1041} INFO - query execution done
[2025-04-22T01:59:07.890+0000] {cursor.py:1028} INFO - query: [MERGE INTO MBTA_VEHICLES AS target USING (SELECT 'G-10005', 'Green-B', 42.34413,...]
[2025-04-22T01:59:09.213+0000] {cursor.py:1041} INFO - query execution done
[2025-04-22T01:59:09.217+0000] {cursor.py:1028} INFO - query: [MERGE INTO MBTA_VEHICLES AS target USING (SELECT '1869', 'CR-Greenbush', 42.2815...]
[2025-04-22T01:59:10.500+0000] {cursor.py:1041} INFO - query execution done
[2025-04-22T01:59:10.509+0000] {cursor.py:1028} INFO - query: [MERGE INTO MBTA_VEHICLES AS target USING (SELECT 'y1864', '10', 42.33058, -71.06...]
[2025-04-22T01:59:11.775+0000] {cursor.py:1041} INFO - query execution done
[2025-04-22T01:59:11.780+0000] {cursor.py:1028} INFO - query: [MERGE INTO MBTA_VEHICLES AS target USING (SELECT 'y2001', '73', 42.37458141, -71...]
[2025-04-22T01:59:13.012+0000] {cursor.py:1041} INFO - query execution done
[2025-04-22T01:59:13.013+0000] {cursor.py:1028} INFO - query: [MERGE INTO MBTA_VEHICLES AS target USING (SELECT 'y2081', '73', 42.387197219, -7...]
[2025-04-22T01:59:14.217+0000] {cursor.py:1041} INFO - query execution done
[2025-04-22T01:59:14.223+0000] {cursor.py:1028} INFO - query: [MERGE INTO MBTA_VEHICLES AS target USING (SELECT 'y1283', '749', 42.33195693, -7...]
[2025-04-22T01:59:15.484+0000] {cursor.py:1041} INFO - query execution done
[2025-04-22T01:59:15.485+0000] {cursor.py:1028} INFO - query: [MERGE INTO MBTA_VEHICLES AS target USING (SELECT 'G-10041', 'Green-D', 42.33583,...]
[2025-04-22T01:59:16.827+0000] {cursor.py:1041} INFO - query execution done
[2025-04-22T01:59:16.828+0000] {cursor.py:1028} INFO - query: [MERGE INTO MBTA_VEHICLES AS target USING (SELECT 'y1814', '57', 42.35328605, -71...]
[2025-04-22T01:59:18.106+0000] {cursor.py:1041} INFO - query execution done
[2025-04-22T01:59:18.107+0000] {cursor.py:1028} INFO - query: [MERGE INTO MBTA_VEHICLES AS target USING (SELECT 'ynk303', 'Shuttle-Generic', 42...]
[2025-04-22T01:59:19.444+0000] {cursor.py:1041} INFO - query execution done
[2025-04-22T01:59:19.448+0000] {cursor.py:1028} INFO - query: [MERGE INTO MBTA_VEHICLES AS target USING (SELECT 'R-5482A35B', 'Red', 42.37293, ...]
[2025-04-22T01:59:20.740+0000] {cursor.py:1041} INFO - query execution done
[2025-04-22T01:59:20.742+0000] {cursor.py:1028} INFO - query: [MERGE INTO MBTA_VEHICLES AS target USING (SELECT 'y2026', '108', 42.433988999, -...]
[2025-04-22T01:59:22.215+0000] {cursor.py:1041} INFO - query execution done
[2025-04-22T01:59:22.220+0000] {cursor.py:1028} INFO - query: [MERGE INTO MBTA_VEHICLES AS target USING (SELECT 'y1203', '28', 42.33501826, -71...]
[2025-04-22T01:59:23.327+0000] {cursor.py:1041} INFO - query execution done
[2025-04-22T01:59:23.328+0000] {cursor.py:1028} INFO - query: [MERGE INTO MBTA_VEHICLES AS target USING (SELECT 'y1851', '15', 42.32878926, -71...]
[2025-04-22T01:59:24.890+0000] {cursor.py:1041} INFO - query execution done
[2025-04-22T01:59:24.892+0000] {cursor.py:1028} INFO - query: [MERGE INTO MBTA_VEHICLES AS target USING (SELECT 'y1851', '15', 42.32878926, -71...]
[2025-04-22T01:59:26.355+0000] {cursor.py:1041} INFO - query execution done
[2025-04-22T01:59:26.358+0000] {cursor.py:1028} INFO - query: [MERGE INTO MBTA_VEHICLES AS target USING (SELECT 'y1851', '15', 42.32878926, -71...]
[2025-04-22T01:59:27.631+0000] {cursor.py:1041} INFO - query execution done
[2025-04-22T01:59:27.632+0000] {cursor.py:1028} INFO - query: [MERGE INTO MBTA_VEHICLES AS target USING (SELECT 'y1851', '15', 42.32878926, -71...]
[2025-04-22T01:59:28.793+0000] {cursor.py:1041} INFO - query execution done
[2025-04-22T01:59:28.796+0000] {cursor.py:1028} INFO - query: [MERGE INTO MBTA_VEHICLES AS target USING (SELECT 'y1851', '15', 42.32878926, -71...]
[2025-04-22T01:59:30.096+0000] {cursor.py:1041} INFO - query execution done
[2025-04-22T01:59:30.104+0000] {cursor.py:1028} INFO - query: [MERGE INTO MBTA_VEHICLES AS target USING (SELECT 'y1851', '15', 42.32878926, -71...]
[2025-04-22T01:59:32.052+0000] {cursor.py:1041} INFO - query execution done
[2025-04-22T01:59:32.056+0000] {cursor.py:1028} INFO - query: [MERGE INTO MBTA_VEHICLES AS target USING (SELECT 'y1851', '15', 42.32878926, -71...]
[2025-04-22T01:59:33.569+0000] {cursor.py:1041} INFO - query execution done
[2025-04-22T01:59:33.571+0000] {cursor.py:1028} INFO - query: [MERGE INTO MBTA_VEHICLES AS target USING (SELECT 'y1851', '15', 42.32878926, -71...]
[2025-04-22T01:59:34.858+0000] {cursor.py:1041} INFO - query execution done
[2025-04-22T01:59:34.864+0000] {cursor.py:1028} INFO - query: [MERGE INTO MBTA_VEHICLES AS target USING (SELECT 'y1851', '15', 42.32878926, -71...]
[2025-04-22T01:59:36.083+0000] {cursor.py:1041} INFO - query execution done
[2025-04-22T01:59:36.087+0000] {cursor.py:1028} INFO - query: [MERGE INTO MBTA_VEHICLES AS target USING (SELECT 'y1851', '15', 42.32878926, -71...]
[2025-04-22T01:59:37.322+0000] {cursor.py:1041} INFO - query execution done
[2025-04-22T01:59:37.326+0000] {cursor.py:1028} INFO - query: [MERGE INTO MBTA_VEHICLES AS target USING (SELECT 'y1851', '15', 42.32878926, -71...]
[2025-04-22T01:59:38.490+0000] {cursor.py:1041} INFO - query execution done
[2025-04-22T01:59:38.491+0000] {cursor.py:1028} INFO - query: [MERGE INTO MBTA_VEHICLES AS target USING (SELECT 'y1851', '15', 42.32878926, -71...]
[2025-04-22T01:59:39.918+0000] {cursor.py:1041} INFO - query execution done
[2025-04-22T01:59:39.920+0000] {cursor.py:1028} INFO - query: [MERGE INTO MBTA_VEHICLES AS target USING (SELECT 'y1851', '15', 42.32878926, -71...]
[2025-04-22T01:59:40.940+0000] {cursor.py:1041} INFO - query execution done
[2025-04-22T01:59:40.941+0000] {cursor.py:1028} INFO - query: [MERGE INTO MBTA_VEHICLES AS target USING (SELECT 'y1613', '34E', 42.22814785, -7...]
[2025-04-22T01:59:42.136+0000] {cursor.py:1041} INFO - query execution done
[2025-04-22T01:59:42.139+0000] {cursor.py:1028} INFO - query: [MERGE INTO MBTA_VEHICLES AS target USING (SELECT 'y1896', '57', 42.34899, -71.09...]
[2025-04-22T01:59:43.357+0000] {cursor.py:1041} INFO - query execution done
[2025-04-22T01:59:43.357+0000] {cursor.py:1028} INFO - query: [MERGE INTO MBTA_VEHICLES AS target USING (SELECT 'G-10067', 'Green-C', 42.33962,...]
[2025-04-22T01:59:44.853+0000] {cursor.py:1041} INFO - query execution done
[2025-04-22T01:59:44.857+0000] {cursor.py:1028} INFO - query: [MERGE INTO MBTA_VEHICLES AS target USING (SELECT 'G-10307', 'Green-D', 42.37563,...]
[2025-04-22T01:59:46.074+0000] {cursor.py:1041} INFO - query execution done
[2025-04-22T01:59:46.083+0000] {cursor.py:1028} INFO - query: [MERGE INTO MBTA_VEHICLES AS target USING (SELECT '1839', 'CR-Worcester', 42.3465...]
[2025-04-22T01:59:47.230+0000] {cursor.py:1041} INFO - query execution done
[2025-04-22T01:59:47.231+0000] {cursor.py:1028} INFO - query: [MERGE INTO MBTA_VEHICLES AS target USING (SELECT 'y1222', '39', 42.30768774, -71...]
[2025-04-22T01:59:48.527+0000] {cursor.py:1041} INFO - query execution done
[2025-04-22T01:59:48.528+0000] {cursor.py:1028} INFO - query: [MERGE INTO MBTA_VEHICLES AS target USING (SELECT 'y3121', '109', 42.41045033, -7...]
[2025-04-22T01:59:49.851+0000] {cursor.py:1041} INFO - query execution done
[2025-04-22T01:59:49.852+0000] {cursor.py:1028} INFO - query: [MERGE INTO MBTA_VEHICLES AS target USING (SELECT 'y1858', '8', 42.32736818, -71....]
[2025-04-22T01:59:51.031+0000] {cursor.py:1041} INFO - query execution done
[2025-04-22T01:59:51.034+0000] {cursor.py:1028} INFO - query: [MERGE INTO MBTA_VEHICLES AS target USING (SELECT 'y1323', '743', 42.359234, -71....]
[2025-04-22T01:59:52.240+0000] {cursor.py:1041} INFO - query execution done
[2025-04-22T01:59:52.241+0000] {cursor.py:1028} INFO - query: [MERGE INTO MBTA_VEHICLES AS target USING (SELECT 'G-10095', 'Green-D', 42.31935,...]
[2025-04-22T01:59:53.493+0000] {cursor.py:1041} INFO - query execution done
[2025-04-22T01:59:53.497+0000] {cursor.py:1028} INFO - query: [MERGE INTO MBTA_VEHICLES AS target USING (SELECT 'y3323', '429', 42.46693959, -7...]
[2025-04-22T01:59:54.662+0000] {cursor.py:1041} INFO - query execution done
[2025-04-22T01:59:54.664+0000] {cursor.py:1028} INFO - query: [MERGE INTO MBTA_VEHICLES AS target USING (SELECT 'y0785', '238', 42.23870146, -7...]
[2025-04-22T01:59:56.097+0000] {cursor.py:1041} INFO - query execution done
[2025-04-22T01:59:56.099+0000] {cursor.py:1028} INFO - query: [MERGE INTO MBTA_VEHICLES AS target USING (SELECT 'y1790', '22', 42.30265448, -71...]
[2025-04-22T01:59:57.219+0000] {cursor.py:1041} INFO - query execution done
[2025-04-22T01:59:57.220+0000] {cursor.py:1028} INFO - query: [MERGE INTO MBTA_VEHICLES AS target USING (SELECT 'y1965', '104', 42.42640937, -7...]
[2025-04-22T01:59:58.362+0000] {cursor.py:1041} INFO - query execution done
[2025-04-22T01:59:58.365+0000] {cursor.py:1028} INFO - query: [MERGE INTO MBTA_VEHICLES AS target USING (SELECT 'y3325', '426', 42.41643787, -7...]
[2025-04-22T01:59:59.681+0000] {cursor.py:1041} INFO - query execution done
[2025-04-22T01:59:59.682+0000] {cursor.py:1028} INFO - query: [MERGE INTO MBTA_VEHICLES AS target USING (SELECT 'G-10170', 'Green-D', 42.32672,...]
[2025-04-22T02:00:01.009+0000] {cursor.py:1041} INFO - query execution done
[2025-04-22T02:00:01.009+0000] {cursor.py:1028} INFO - query: [MERGE INTO MBTA_VEHICLES AS target USING (SELECT 'y2011', '77', 42.42447219, -71...]
[2025-04-22T02:00:02.252+0000] {cursor.py:1041} INFO - query execution done
[2025-04-22T02:00:02.256+0000] {cursor.py:1028} INFO - query: [MERGE INTO MBTA_VEHICLES AS target USING (SELECT 'y1978', '111', 42.365823749, -...]
[2025-04-22T02:00:03.436+0000] {cursor.py:1041} INFO - query execution done
[2025-04-22T02:00:03.446+0000] {cursor.py:1028} INFO - query: [MERGE INTO MBTA_VEHICLES AS target USING (SELECT 'y3308', '455', 42.48483485, -7...]
[2025-04-22T02:00:04.684+0000] {cursor.py:1041} INFO - query execution done
[2025-04-22T02:00:04.719+0000] {cursor.py:1028} INFO - query: [MERGE INTO MBTA_VEHICLES AS target USING (SELECT 'y1855', '11', 42.34444787, -71...]
[2025-04-22T02:00:05.922+0000] {cursor.py:1041} INFO - query execution done
[2025-04-22T02:00:05.931+0000] {cursor.py:1028} INFO - query: [MERGE INTO MBTA_VEHICLES AS target USING (SELECT 'y3352', '116', 42.39565892, -7...]
[2025-04-22T02:00:07.993+0000] {cursor.py:1041} INFO - query execution done
[2025-04-22T02:00:08.003+0000] {cursor.py:1028} INFO - query: [MERGE INTO MBTA_VEHICLES AS target USING (SELECT 'R-54829E0D', 'Red', 42.24912, ...]
[2025-04-22T02:00:09.174+0000] {cursor.py:1041} INFO - query execution done
[2025-04-22T02:00:09.175+0000] {cursor.py:1028} INFO - query: [MERGE INTO MBTA_VEHICLES AS target USING (SELECT 'G-10104', 'Green-B', 42.34456,...]
[2025-04-22T02:00:10.449+0000] {cursor.py:1041} INFO - query execution done
[2025-04-22T02:00:10.463+0000] {cursor.py:1028} INFO - query: [MERGE INTO MBTA_VEHICLES AS target USING (SELECT 'R-5482A429', 'Red', 42.39232, ...]
[2025-04-22T02:00:11.739+0000] {cursor.py:1041} INFO - query execution done
[2025-04-22T02:00:11.741+0000] {cursor.py:1028} INFO - query: [MERGE INTO MBTA_VEHICLES AS target USING (SELECT 'O-5482A34F', 'Orange', 42.3642...]
[2025-04-22T02:00:13.121+0000] {cursor.py:1041} INFO - query execution done
[2025-04-22T02:00:13.137+0000] {cursor.py:1028} INFO - query: [MERGE INTO MBTA_VEHICLES AS target USING (SELECT '1826', 'CR-Newburyport', 42.54...]
[2025-04-22T02:00:14.841+0000] {cursor.py:1041} INFO - query execution done
[2025-04-22T02:00:14.848+0000] {cursor.py:1028} INFO - query: [MERGE INTO MBTA_VEHICLES AS target USING (SELECT 'G-10292', 'Green-D', 42.37557,...]
[2025-04-22T02:00:16.416+0000] {cursor.py:1041} INFO - query execution done
[2025-04-22T02:00:16.417+0000] {cursor.py:1028} INFO - query: [MERGE INTO MBTA_VEHICLES AS target USING (SELECT 'y1917', '23', 42.32869356, -71...]
[2025-04-22T02:00:17.716+0000] {cursor.py:1041} INFO - query execution done
[2025-04-22T02:00:17.723+0000] {cursor.py:1028} INFO - query: [MERGE INTO MBTA_VEHICLES AS target USING (SELECT 'y3005', '712', 42.38558944, -7...]
[2025-04-22T02:00:19.135+0000] {cursor.py:1041} INFO - query execution done
[2025-04-22T02:00:19.137+0000] {cursor.py:1028} INFO - query: [MERGE INTO MBTA_VEHICLES AS target USING (SELECT 'y3347', '120', 42.37115917, -7...]
[2025-04-22T02:00:20.337+0000] {cursor.py:1041} INFO - query execution done
[2025-04-22T02:00:20.346+0000] {cursor.py:1028} INFO - query: [MERGE INTO MBTA_VEHICLES AS target USING (SELECT 'G-10200', 'Green-E', 42.33478,...]
[2025-04-22T02:00:21.600+0000] {cursor.py:1041} INFO - query execution done
[2025-04-22T02:00:21.603+0000] {cursor.py:1028} INFO - query: [MERGE INTO MBTA_VEHICLES AS target USING (SELECT 'O-54829380', 'Orange', 42.3565...]
[2025-04-22T02:00:23.035+0000] {cursor.py:1041} INFO - query execution done
[2025-04-22T02:00:23.039+0000] {cursor.py:1028} INFO - query: [MERGE INTO MBTA_VEHICLES AS target USING (SELECT 'y1785', '22', 42.33436573, -71...]
[2025-04-22T02:00:24.361+0000] {cursor.py:1041} INFO - query execution done
[2025-04-22T02:00:24.390+0000] {cursor.py:1028} INFO - query: [MERGE INTO MBTA_VEHICLES AS target USING (SELECT 'y1254', '39', 42.311605949, -7...]
[2025-04-22T02:00:25.826+0000] {cursor.py:1041} INFO - query execution done
[2025-04-22T02:00:25.865+0000] {cursor.py:1028} INFO - query: [MERGE INTO MBTA_VEHICLES AS target USING (SELECT 'y3130', '99', 42.43034226, -71...]
[2025-04-22T02:00:26.838+0000] {cursor.py:1041} INFO - query execution done
[2025-04-22T02:00:26.848+0000] {cursor.py:1028} INFO - query: [MERGE INTO MBTA_VEHICLES AS target USING (SELECT 'y3118', '90', 42.38624915, -71...]
[2025-04-22T02:00:28.237+0000] {cursor.py:1041} INFO - query execution done
[2025-04-22T02:00:28.241+0000] {cursor.py:1028} INFO - query: [MERGE INTO MBTA_VEHICLES AS target USING (SELECT 'y3158', '77', 42.39658771, -71...]
[2025-04-22T02:00:29.692+0000] {cursor.py:1041} INFO - query execution done
[2025-04-22T02:00:29.693+0000] {cursor.py:1028} INFO - query: [MERGE INTO MBTA_VEHICLES AS target USING (SELECT 'y1697', '30', 42.27859579, -71...]
[2025-04-22T02:00:31.563+0000] {cursor.py:1041} INFO - query execution done
[2025-04-22T02:00:31.567+0000] {cursor.py:1028} INFO - query: [MERGE INTO MBTA_VEHICLES AS target USING (SELECT 'y1970', '100', 42.40387633, -7...]
[2025-04-22T02:00:32.959+0000] {cursor.py:1041} INFO - query execution done
[2025-04-22T02:00:32.961+0000] {cursor.py:1028} INFO - query: [MERGE INTO MBTA_VEHICLES AS target USING (SELECT 'y1956', '111', 42.401063239, -...]
[2025-04-22T02:00:34.260+0000] {cursor.py:1041} INFO - query execution done
[2025-04-22T02:00:34.262+0000] {cursor.py:1028} INFO - query: [MERGE INTO MBTA_VEHICLES AS target USING (SELECT '1828', 'CR-NewBedford', 42.148...]
[2025-04-22T02:00:35.651+0000] {cursor.py:1041} INFO - query execution done
[2025-04-22T02:00:35.652+0000] {cursor.py:1028} INFO - query: [MERGE INTO MBTA_VEHICLES AS target USING (SELECT 'y1860', '1', 42.33392165, -71....]
[2025-04-22T02:00:36.955+0000] {cursor.py:1041} INFO - query execution done
[2025-04-22T02:00:36.956+0000] {cursor.py:1028} INFO - query: [MERGE INTO MBTA_VEHICLES AS target USING (SELECT 'y1278', '751', 42.3366587, -71...]
[2025-04-22T02:00:38.389+0000] {cursor.py:1041} INFO - query execution done
[2025-04-22T02:00:38.391+0000] {cursor.py:1028} INFO - query: [MERGE INTO MBTA_VEHICLES AS target USING (SELECT 'y1290', '749', 42.3406541, -71...]
[2025-04-22T02:00:39.675+0000] {cursor.py:1041} INFO - query execution done
[2025-04-22T02:00:39.676+0000] {cursor.py:1028} INFO - query: [MERGE INTO MBTA_VEHICLES AS target USING (SELECT 'y3321', '116', 42.417806, -70....]
[2025-04-22T02:00:40.806+0000] {cursor.py:1041} INFO - query execution done
[2025-04-22T02:00:40.810+0000] {cursor.py:1028} INFO - query: [MERGE INTO MBTA_VEHICLES AS target USING (SELECT '1853', 'CR-Providence', 41.885...]
[2025-04-22T02:00:42.176+0000] {cursor.py:1041} INFO - query execution done
[2025-04-22T02:00:42.178+0000] {cursor.py:1028} INFO - query: [MERGE INTO MBTA_VEHICLES AS target USING (SELECT 'y2002', '134', 42.40261851, -7...]
[2025-04-22T02:00:43.815+0000] {cursor.py:1041} INFO - query execution done
[2025-04-22T02:00:43.817+0000] {cursor.py:1028} INFO - query: [MERGE INTO MBTA_VEHICLES AS target USING (SELECT 'y1705', '36', 42.28659133, -71...]
[2025-04-22T02:00:45.147+0000] {cursor.py:1041} INFO - query execution done
[2025-04-22T02:00:45.152+0000] {cursor.py:1028} INFO - query: [MERGE INTO MBTA_VEHICLES AS target USING (SELECT 'y1799', '16', 42.30032605, -71...]
[2025-04-22T02:00:46.368+0000] {cursor.py:1041} INFO - query execution done
[2025-04-22T02:00:46.371+0000] {cursor.py:1028} INFO - query: [MERGE INTO MBTA_VEHICLES AS target USING (SELECT 'y2062', '111', 42.39240607, -7...]
[2025-04-22T02:00:47.601+0000] {cursor.py:1041} INFO - query execution done
[2025-04-22T02:00:47.601+0000] {cursor.py:1028} INFO - query: [MERGE INTO MBTA_VEHICLES AS target USING (SELECT 'y3107', '450', 42.41640548, -7...]
[2025-04-22T02:00:48.936+0000] {cursor.py:1041} INFO - query execution done
[2025-04-22T02:00:48.937+0000] {cursor.py:1028} INFO - query: [MERGE INTO MBTA_VEHICLES AS target USING (SELECT 'y1609', '35', 42.2862256, -71....]
[2025-04-22T02:00:50.263+0000] {cursor.py:1041} INFO - query execution done
[2025-04-22T02:00:50.264+0000] {cursor.py:1028} INFO - query: [MERGE INTO MBTA_VEHICLES AS target USING (SELECT 'y2037', '83', 42.393730239, -7...]
[2025-04-22T02:00:51.696+0000] {cursor.py:1041} INFO - query execution done
[2025-04-22T02:00:51.696+0000] {cursor.py:1028} INFO - query: [MERGE INTO MBTA_VEHICLES AS target USING (SELECT 'G-10266', 'Green-D', 42.35305,...]
[2025-04-22T02:00:52.951+0000] {cursor.py:1041} INFO - query execution done
[2025-04-22T02:00:52.952+0000] {cursor.py:1028} INFO - query: [MERGE INTO MBTA_VEHICLES AS target USING (SELECT 'y1325', '746', 42.34735765, -7...]
[2025-04-22T02:00:54.706+0000] {cursor.py:1041} INFO - query execution done
[2025-04-22T02:00:54.706+0000] {cursor.py:1028} INFO - query: [MERGE INTO MBTA_VEHICLES AS target USING (SELECT 'y1910', '66', 42.34987021, -71...]
[2025-04-22T02:00:55.903+0000] {cursor.py:1041} INFO - query execution done
[2025-04-22T02:00:55.903+0000] {cursor.py:1028} INFO - query: [MERGE INTO MBTA_VEHICLES AS target USING (SELECT 'y1901', '45', 42.32855721, -71...]
[2025-04-22T02:00:57.431+0000] {cursor.py:1041} INFO - query execution done
[2025-04-22T02:00:57.431+0000] {cursor.py:1028} INFO - query: [MERGE INTO MBTA_VEHICLES AS target USING (SELECT 'y1779', '66', 42.335106609, -7...]
[2025-04-22T02:00:58.676+0000] {cursor.py:1041} INFO - query execution done
[2025-04-22T02:00:58.681+0000] {cursor.py:1028} INFO - query: [MERGE INTO MBTA_VEHICLES AS target USING (SELECT 'y1306', '743', 42.347371839, -...]
[2025-04-22T02:00:59.992+0000] {cursor.py:1041} INFO - query execution done
[2025-04-22T02:00:59.993+0000] {cursor.py:1028} INFO - query: [MERGE INTO MBTA_VEHICLES AS target USING (SELECT 'y2057', '70', 42.37147119, -71...]
[2025-04-22T02:01:01.427+0000] {cursor.py:1041} INFO - query execution done
[2025-04-22T02:01:01.428+0000] {cursor.py:1028} INFO - query: [MERGE INTO MBTA_VEHICLES AS target USING (SELECT 'y1610', '31', 42.30069112, -71...]
[2025-04-22T02:01:02.658+0000] {cursor.py:1041} INFO - query execution done
[2025-04-22T02:01:02.659+0000] {cursor.py:1028} INFO - query: [MERGE INTO MBTA_VEHICLES AS target USING (SELECT 'G-10093', 'Green-E', 42.33754,...]
[2025-04-22T02:01:03.868+0000] {cursor.py:1041} INFO - query execution done
[2025-04-22T02:01:03.868+0000] {cursor.py:1028} INFO - query: [MERGE INTO MBTA_VEHICLES AS target USING (SELECT 'y1802', '10', 42.34536245, -71...]
[2025-04-22T02:01:04.874+0000] {cursor.py:1041} INFO - query execution done
[2025-04-22T02:01:04.875+0000] {cursor.py:1028} INFO - query: [MERGE INTO MBTA_VEHICLES AS target USING (SELECT 'y2082', '109', 42.38359936, -7...]
[2025-04-22T02:01:06.242+0000] {cursor.py:1041} INFO - query execution done
[2025-04-22T02:01:06.244+0000] {cursor.py:1028} INFO - query: [MERGE INTO MBTA_VEHICLES AS target USING (SELECT 'y3318', '429', 42.47086283, -7...]
[2025-04-22T02:01:07.471+0000] {cursor.py:1041} INFO - query execution done
[2025-04-22T02:01:07.473+0000] {cursor.py:1028} INFO - query: [MERGE INTO MBTA_VEHICLES AS target USING (SELECT 'y1770', '57', 42.35010723, -71...]
[2025-04-22T02:01:08.848+0000] {cursor.py:1041} INFO - query execution done
[2025-04-22T02:01:08.851+0000] {cursor.py:1028} INFO - query: [MERGE INTO MBTA_VEHICLES AS target USING (SELECT 'y1671', '32', 42.2491835, -71....]
[2025-04-22T02:01:10.258+0000] {cursor.py:1041} INFO - query execution done
[2025-04-22T02:01:10.261+0000] {cursor.py:1028} INFO - query: [MERGE INTO MBTA_VEHICLES AS target USING (SELECT 'y3104', '435', 42.55041823, -7...]
[2025-04-22T02:01:11.563+0000] {cursor.py:1041} INFO - query execution done
[2025-04-22T02:01:11.564+0000] {cursor.py:1028} INFO - query: [MERGE INTO MBTA_VEHICLES AS target USING (SELECT 'G-10037', 'Green-B', 42.34788,...]
[2025-04-22T02:01:12.900+0000] {cursor.py:1041} INFO - query execution done
[2025-04-22T02:01:12.904+0000] {cursor.py:1028} INFO - query: [MERGE INTO MBTA_VEHICLES AS target USING (SELECT '1715', 'CR-Lowell', 42.3727798...]
[2025-04-22T02:01:14.325+0000] {cursor.py:1041} INFO - query execution done
[2025-04-22T02:01:14.326+0000] {cursor.py:1028} INFO - query: [MERGE INTO MBTA_VEHICLES AS target USING (SELECT 'y2025', '350', 42.424685699, -...]
[2025-04-22T02:01:16.302+0000] {cursor.py:1041} INFO - query execution done
[2025-04-22T02:01:16.303+0000] {cursor.py:1028} INFO - query: [MERGE INTO MBTA_VEHICLES AS target USING (SELECT 'y1341', '741', 42.346865089, -...]
[2025-04-22T02:01:17.635+0000] {cursor.py:1041} INFO - query execution done
[2025-04-22T02:01:17.640+0000] {cursor.py:1028} INFO - query: [MERGE INTO MBTA_VEHICLES AS target USING (SELECT 'y2023', 'Shuttle-Generic', 42....]
[2025-04-22T02:01:18.984+0000] {cursor.py:1041} INFO - query execution done
[2025-04-22T02:01:19.449+0000] {cursor.py:1028} INFO - query: [MERGE INTO MBTA_VEHICLES AS target USING (SELECT 'y2072', '109', 42.38046593, -7...]
[2025-04-22T02:01:20.656+0000] {cursor.py:1041} INFO - query execution done
[2025-04-22T02:01:20.660+0000] {cursor.py:1028} INFO - query: [MERGE INTO MBTA_VEHICLES AS target USING (SELECT 'y1857', '47', 42.34306015, -71...]
[2025-04-22T02:01:22.317+0000] {cursor.py:1041} INFO - query execution done
[2025-04-22T02:01:22.319+0000] {cursor.py:1028} INFO - query: [MERGE INTO MBTA_VEHICLES AS target USING (SELECT 'G-10229', 'Green-D', 42.36427,...]
[2025-04-22T02:01:23.558+0000] {cursor.py:1041} INFO - query execution done
[2025-04-22T02:01:23.565+0000] {cursor.py:1028} INFO - query: [MERGE INTO MBTA_VEHICLES AS target USING (SELECT 'y3144', '96', 42.40731832, -71...]
[2025-04-22T02:01:24.876+0000] {cursor.py:1041} INFO - query execution done
[2025-04-22T02:01:24.877+0000] {cursor.py:1028} INFO - query: [MERGE INTO MBTA_VEHICLES AS target USING (SELECT 'y1895', '9', 42.34860669, -71....]
[2025-04-22T02:01:26.212+0000] {cursor.py:1041} INFO - query execution done
[2025-04-22T02:01:26.214+0000] {cursor.py:1028} INFO - query: [MERGE INTO MBTA_VEHICLES AS target USING (SELECT 'y2003', '71', 42.3750052, -71....]
[2025-04-22T02:01:27.440+0000] {cursor.py:1041} INFO - query execution done
[2025-04-22T02:01:27.441+0000] {cursor.py:1028} INFO - query: [MERGE INTO MBTA_VEHICLES AS target USING (SELECT '1855', 'CR-Providence', 42.159...]
[2025-04-22T02:01:28.874+0000] {cursor.py:1041} INFO - query execution done
[2025-04-22T02:01:28.876+0000] {cursor.py:1028} INFO - query: [MERGE INTO MBTA_VEHICLES AS target USING (SELECT 'y1833', '47', 42.33028616, -71...]
[2025-04-22T02:01:30.219+0000] {cursor.py:1041} INFO - query execution done
[2025-04-22T02:01:30.227+0000] {cursor.py:1028} INFO - query: [MERGE INTO MBTA_VEHICLES AS target USING (SELECT 'y1803', '66', 42.35067, -71.13...]
[2025-04-22T02:01:31.429+0000] {cursor.py:1041} INFO - query execution done
[2025-04-22T02:01:31.430+0000] {cursor.py:1028} INFO - query: [MERGE INTO MBTA_VEHICLES AS target USING (SELECT 'y2115', '87', 42.375934589, -7...]
[2025-04-22T02:01:32.899+0000] {cursor.py:1041} INFO - query execution done
[2025-04-22T02:01:32.908+0000] {cursor.py:1028} INFO - query: [MERGE INTO MBTA_VEHICLES AS target USING (SELECT 'y2073', '350', 42.48657327, -7...]
[2025-04-22T02:01:34.194+0000] {cursor.py:1041} INFO - query execution done
[2025-04-22T02:01:34.196+0000] {cursor.py:1028} INFO - query: [MERGE INTO MBTA_VEHICLES AS target USING (SELECT 'y0759', '230', 42.24892924, -7...]
[2025-04-22T02:01:35.422+0000] {cursor.py:1041} INFO - query execution done
[2025-04-22T02:01:35.424+0000] {cursor.py:1028} INFO - query: [MERGE INTO MBTA_VEHICLES AS target USING (SELECT 'y2045', '71', 42.37013154, -71...]
[2025-04-22T02:01:36.860+0000] {cursor.py:1041} INFO - query execution done
[2025-04-22T02:01:36.862+0000] {cursor.py:1028} INFO - query: [MERGE INTO MBTA_VEHICLES AS target USING (SELECT 'y3146', '104', 42.40554548, -7...]
[2025-04-22T02:01:38.392+0000] {cursor.py:1041} INFO - query execution done
[2025-04-22T02:01:38.393+0000] {cursor.py:1028} INFO - query: [MERGE INTO MBTA_VEHICLES AS target USING (SELECT 'G-10078', 'Green-C', 42.34154,...]
[2025-04-22T02:01:39.836+0000] {cursor.py:1041} INFO - query execution done
[2025-04-22T02:01:39.843+0000] {cursor.py:1028} INFO - query: [MERGE INTO MBTA_VEHICLES AS target USING (SELECT 'y2034', '137', 42.52485735, -7...]
[2025-04-22T02:01:41.175+0000] {cursor.py:1041} INFO - query execution done
[2025-04-22T02:01:41.176+0000] {cursor.py:1028} INFO - query: [MERGE INTO MBTA_VEHICLES AS target USING (SELECT 'y3312', '116', 42.41620037, -7...]
[2025-04-22T02:01:42.517+0000] {cursor.py:1041} INFO - query execution done
[2025-04-22T02:01:42.529+0000] {cursor.py:1028} INFO - query: [MERGE INTO MBTA_VEHICLES AS target USING (SELECT 'y1713', '31', 42.26726044, -71...]
[2025-04-22T02:01:44.556+0000] {cursor.py:1041} INFO - query execution done
[2025-04-22T02:01:44.559+0000] {cursor.py:1028} INFO - query: [MERGE INTO MBTA_VEHICLES AS target USING (SELECT 'y1252', '28', 42.33686922, -71...]
[2025-04-22T02:01:45.760+0000] {cursor.py:1041} INFO - query execution done
[2025-04-22T02:01:45.762+0000] {cursor.py:1028} INFO - query: [MERGE INTO MBTA_VEHICLES AS target USING (SELECT 'y3128', '94', 42.40633674, -71...]
[2025-04-22T02:01:47.008+0000] {cursor.py:1041} INFO - query execution done
[2025-04-22T02:01:47.009+0000] {cursor.py:1028} INFO - query: [MERGE INTO MBTA_VEHICLES AS target USING (SELECT 'O-5482A350', 'Orange', 42.3454...]
[2025-04-22T02:01:48.433+0000] {cursor.py:1041} INFO - query execution done
[2025-04-22T02:01:48.435+0000] {cursor.py:1028} INFO - query: [MERGE INTO MBTA_VEHICLES AS target USING (SELECT 'y0904', '236', 42.20759673, -7...]
[2025-04-22T02:01:49.885+0000] {cursor.py:1041} INFO - query execution done
[2025-04-22T02:01:49.898+0000] {cursor.py:1028} INFO - query: [MERGE INTO MBTA_VEHICLES AS target USING (SELECT 'y1873', '23', 42.318921269, -7...]
[2025-04-22T02:01:50.890+0000] {cursor.py:1041} INFO - query execution done
[2025-04-22T02:01:50.891+0000] {cursor.py:1028} INFO - query: [MERGE INTO MBTA_VEHICLES AS target USING (SELECT '1723', 'CR-Newburyport', 42.55...]
[2025-04-22T02:01:52.115+0000] {cursor.py:1041} INFO - query execution done
[2025-04-22T02:01:52.117+0000] {cursor.py:1028} INFO - query: [MERGE INTO MBTA_VEHICLES AS target USING (SELECT 'y1263', '28', 42.27719117, -71...]
[2025-04-22T02:01:53.353+0000] {cursor.py:1041} INFO - query execution done
[2025-04-22T02:01:53.355+0000] {cursor.py:1028} INFO - query: [MERGE INTO MBTA_VEHICLES AS target USING (SELECT 'y2022', '104', 42.38985618, -7...]
[2025-04-22T02:01:54.676+0000] {cursor.py:1041} INFO - query execution done
[2025-04-22T02:01:54.678+0000] {cursor.py:1028} INFO - query: [MERGE INTO MBTA_VEHICLES AS target USING (SELECT 'R-54829A22', 'Red', 42.3185, -...]
[2025-04-22T02:01:56.116+0000] {cursor.py:1041} INFO - query execution done
[2025-04-22T02:01:56.122+0000] {cursor.py:1028} INFO - query: [MERGE INTO MBTA_VEHICLES AS target USING (SELECT 'y1935', '109', 42.37528247, -7...]
[2025-04-22T02:01:57.445+0000] {cursor.py:1041} INFO - query execution done
[2025-04-22T02:01:57.447+0000] {cursor.py:1028} INFO - query: [MERGE INTO MBTA_VEHICLES AS target USING (SELECT 'G-10117', 'Mattapan', 42.28367...]
[2025-04-22T02:01:58.770+0000] {cursor.py:1041} INFO - query execution done
[2025-04-22T02:01:58.771+0000] {cursor.py:1028} INFO - query: [MERGE INTO MBTA_VEHICLES AS target USING (SELECT 'y1685', '24', 42.2659363, -71....]
[2025-04-22T02:02:00.307+0000] {cursor.py:1041} INFO - query execution done
[2025-04-22T02:02:00.313+0000] {cursor.py:1028} INFO - query: [MERGE INTO MBTA_VEHICLES AS target USING (SELECT 'y2060', '109', 42.406159019, -...]
[2025-04-22T02:02:01.257+0000] {cursor.py:1041} INFO - query execution done
[2025-04-22T02:02:01.258+0000] {cursor.py:1028} INFO - query: [MERGE INTO MBTA_VEHICLES AS target USING (SELECT 'y1876', '7', 42.33875267, -71....]
[2025-04-22T02:02:02.832+0000] {cursor.py:1041} INFO - query execution done
[2025-04-22T02:02:02.836+0000] {cursor.py:1028} INFO - query: [MERGE INTO MBTA_VEHICLES AS target USING (SELECT '1840', 'CR-Franklin', 42.24032...]
[2025-04-22T02:02:04.300+0000] {cursor.py:1041} INFO - query execution done
[2025-04-22T02:02:04.301+0000] {cursor.py:1028} INFO - query: [MERGE INTO MBTA_VEHICLES AS target USING (SELECT 'y0791', '215', 42.250039839, -...]
[2025-04-22T02:02:05.530+0000] {cursor.py:1041} INFO - query execution done
[2025-04-22T02:02:05.532+0000] {cursor.py:1028} INFO - query: [MERGE INTO MBTA_VEHICLES AS target USING (SELECT 'y1276', '749', 42.349200959, -...]
[2025-04-22T02:02:06.895+0000] {cursor.py:1041} INFO - query execution done
[2025-04-22T02:02:06.906+0000] {cursor.py:1028} INFO - query: [MERGE INTO MBTA_VEHICLES AS target USING (SELECT 'G-10277', 'Green-E', 42.35929,...]
[2025-04-22T02:02:08.403+0000] {cursor.py:1041} INFO - query execution done
[2025-04-22T02:02:08.414+0000] {cursor.py:1028} INFO - query: [MERGE INTO MBTA_VEHICLES AS target USING (SELECT 'y1850', '60', 42.33887857, -71...]
[2025-04-22T02:02:09.732+0000] {cursor.py:1041} INFO - query execution done
[2025-04-22T02:02:09.733+0000] {cursor.py:1028} INFO - query: [MERGE INTO MBTA_VEHICLES AS target USING (SELECT 'y3313', '426', 42.43058, -71.0...]
[2025-04-22T02:02:10.950+0000] {cursor.py:1041} INFO - query execution done
[2025-04-22T02:02:10.956+0000] {cursor.py:1028} INFO - query: [MERGE INTO MBTA_VEHICLES AS target USING (SELECT 'G-10314', 'Green-D', 42.34444,...]
[2025-04-22T02:02:12.323+0000] {cursor.py:1041} INFO - query execution done
[2025-04-22T02:02:12.330+0000] {cursor.py:1028} INFO - query: [MERGE INTO MBTA_VEHICLES AS target USING (SELECT 'R-54828894', 'Red', 42.24018, ...]
[2025-04-22T02:02:13.735+0000] {cursor.py:1041} INFO - query execution done
[2025-04-22T02:02:13.739+0000] {cursor.py:1028} INFO - query: [MERGE INTO MBTA_VEHICLES AS target USING (SELECT 'R-54829547', 'Red', 42.2734, -...]
[2025-04-22T02:02:15.173+0000] {cursor.py:1041} INFO - query execution done
[2025-04-22T02:02:15.187+0000] {cursor.py:1028} INFO - query: [MERGE INTO MBTA_VEHICLES AS target USING (SELECT 'y1801', '15', 42.303545999, -7...]
[2025-04-22T02:02:17.000+0000] {cursor.py:1041} INFO - query execution done
[2025-04-22T02:02:17.008+0000] {cursor.py:1028} INFO - query: [MERGE INTO MBTA_VEHICLES AS target USING (SELECT 'G-10255', 'Green-E', 42.36633,...]
[2025-04-22T02:02:18.638+0000] {cursor.py:1041} INFO - query execution done
[2025-04-22T02:02:18.639+0000] {cursor.py:1028} INFO - query: [MERGE INTO MBTA_VEHICLES AS target USING (SELECT 'y1271', '28', 42.31825844, -71...]
[2025-04-22T02:02:20.256+0000] {cursor.py:1041} INFO - query execution done
[2025-04-22T02:02:20.257+0000] {cursor.py:1028} INFO - query: [MERGE INTO MBTA_VEHICLES AS target USING (SELECT 'G-10070', 'Green-B', 42.34155,...]
[2025-04-22T02:02:21.503+0000] {cursor.py:1041} INFO - query execution done
[2025-04-22T02:02:21.508+0000] {cursor.py:1028} INFO - query: [MERGE INTO MBTA_VEHICLES AS target USING (SELECT 'R-548296B8', 'Red', 42.34509, ...]
[2025-04-22T02:02:23.170+0000] {cursor.py:1041} INFO - query execution done
[2025-04-22T02:02:23.178+0000] {cursor.py:1028} INFO - query: [MERGE INTO MBTA_VEHICLES AS target USING (SELECT 'y3350', '435', 42.47220708, -7...]
[2025-04-22T02:02:24.906+0000] {cursor.py:1041} INFO - query execution done
[2025-04-22T02:02:24.912+0000] {cursor.py:1028} INFO - query: [MERGE INTO MBTA_VEHICLES AS target USING (SELECT 'y1821', '1', 42.36283856, -71....]
[2025-04-22T02:02:26.174+0000] {cursor.py:1041} INFO - query execution done
[2025-04-22T02:02:26.175+0000] {cursor.py:1028} INFO - query: [MERGE INTO MBTA_VEHICLES AS target USING (SELECT '1818', 'CR-Fitchburg', 42.5778...]
[2025-04-22T02:02:27.377+0000] {cursor.py:1041} INFO - query execution done
[2025-04-22T02:02:27.378+0000] {cursor.py:1028} INFO - query: [MERGE INTO MBTA_VEHICLES AS target USING (SELECT 'G-10017', 'Mattapan', 42.26756...]
[2025-04-22T02:02:28.722+0000] {cursor.py:1041} INFO - query execution done
[2025-04-22T02:02:28.723+0000] {cursor.py:1028} INFO - query: [MERGE INTO MBTA_VEHICLES AS target USING (SELECT '1805', 'CR-Fitchburg', 42.3846...]
[2025-04-22T02:02:30.103+0000] {cursor.py:1041} INFO - query execution done
[2025-04-22T02:02:30.105+0000] {cursor.py:1028} INFO - query: [MERGE INTO MBTA_VEHICLES AS target USING (SELECT 'y1995', '86', 42.36346669, -71...]
[2025-04-22T02:02:31.337+0000] {cursor.py:1041} INFO - query execution done
[2025-04-22T02:02:31.338+0000] {cursor.py:1028} INFO - query: [MERGE INTO MBTA_VEHICLES AS target USING (SELECT 'y1798', '43', 42.343834839, -7...]
[2025-04-22T02:02:32.751+0000] {cursor.py:1041} INFO - query execution done
[2025-04-22T02:02:32.752+0000] {cursor.py:1028} INFO - query: [MERGE INTO MBTA_VEHICLES AS target USING (SELECT 'y2097', '70', 42.37756714, -71...]
[2025-04-22T02:02:34.512+0000] {cursor.py:1041} INFO - query execution done
[2025-04-22T02:02:34.520+0000] {cursor.py:1028} INFO - query: [MERGE INTO MBTA_VEHICLES AS target USING (SELECT 'y1960', '104', 42.39409044, -7...]
[2025-04-22T02:02:35.714+0000] {cursor.py:1041} INFO - query execution done
[2025-04-22T02:02:35.715+0000] {cursor.py:1028} INFO - query: [MERGE INTO MBTA_VEHICLES AS target USING (SELECT 'y3342', '455', 42.44979837, -7...]
[2025-04-22T02:02:37.373+0000] {cursor.py:1041} INFO - query execution done
[2025-04-22T02:02:37.374+0000] {cursor.py:1028} INFO - query: [MERGE INTO MBTA_VEHICLES AS target USING (SELECT 'dLF 958', '714', 42.24402791, ...]
[2025-04-22T02:02:38.737+0000] {cursor.py:1041} INFO - query execution done
[2025-04-22T02:02:38.738+0000] {cursor.py:1028} INFO - query: [MERGE INTO MBTA_VEHICLES AS target USING (SELECT 'y3151', '75', 42.377701419, -7...]
[2025-04-22T02:02:40.049+0000] {cursor.py:1041} INFO - query execution done
[2025-04-22T02:02:40.051+0000] {cursor.py:1028} INFO - query: [MERGE INTO MBTA_VEHICLES AS target USING (SELECT 'y1286', '749', 42.3297756, -71...]
[2025-04-22T02:02:43.378+0000] {cursor.py:1041} INFO - query execution done
[2025-04-22T02:02:43.379+0000] {cursor.py:1028} INFO - query: [MERGE INTO MBTA_VEHICLES AS target USING (SELECT 'B-5482A339', 'Blue', 42.37435,...]
[2025-04-22T02:02:44.785+0000] {cursor.py:1041} INFO - query execution done
[2025-04-22T02:02:44.786+0000] {cursor.py:1028} INFO - query: [MERGE INTO MBTA_VEHICLES AS target USING (SELECT 'y3156', '110', 42.40998185, -7...]
[2025-04-22T02:02:46.287+0000] {cursor.py:1041} INFO - query execution done
[2025-04-22T02:02:46.289+0000] {cursor.py:1028} INFO - query: [MERGE INTO MBTA_VEHICLES AS target USING (SELECT 'O-54829636', 'Orange', 42.4145...]
[2025-04-22T02:02:47.485+0000] {cursor.py:1041} INFO - query execution done
[2025-04-22T02:02:47.487+0000] {cursor.py:1028} INFO - query: [MERGE INTO MBTA_VEHICLES AS target USING (SELECT 'y1913', '66', 42.35497049, -71...]
[2025-04-22T02:02:48.979+0000] {cursor.py:1041} INFO - query execution done
[2025-04-22T02:02:48.981+0000] {cursor.py:1028} INFO - query: [MERGE INTO MBTA_VEHICLES AS target USING (SELECT 'G-10086', 'Green-C', 42.34862,...]
[2025-04-22T02:02:50.275+0000] {cursor.py:1041} INFO - query execution done
[2025-04-22T02:02:50.278+0000] {cursor.py:1028} INFO - query: [MERGE INTO MBTA_VEHICLES AS target USING (SELECT 'y1344', '741', 42.34827195, -7...]
[2025-04-22T02:02:51.811+0000] {cursor.py:1041} INFO - query execution done
[2025-04-22T02:02:51.813+0000] {cursor.py:1028} INFO - query: [MERGE INTO MBTA_VEHICLES AS target USING (SELECT 'y1862', '1', 42.36865078, -71....]
[2025-04-22T02:02:53.150+0000] {cursor.py:1041} INFO - query execution done
[2025-04-22T02:02:53.152+0000] {cursor.py:1028} INFO - query: [MERGE INTO MBTA_VEHICLES AS target USING (SELECT 'y3141', '77', 42.373687278, -7...]
[2025-04-22T02:02:54.690+0000] {cursor.py:1041} INFO - query execution done
[2025-04-22T02:02:54.691+0000] {cursor.py:1028} INFO - query: [MERGE INTO MBTA_VEHICLES AS target USING (SELECT 'y3330', '442', 42.46747373, -7...]
[2025-04-22T02:02:56.118+0000] {cursor.py:1041} INFO - query execution done
[2025-04-22T02:02:56.121+0000] {cursor.py:1028} INFO - query: [MERGE INTO MBTA_VEHICLES AS target USING (SELECT 'y2080', '93', 42.36261722, -71...]
[2025-04-22T02:02:57.306+0000] {cursor.py:1041} INFO - query execution done
[2025-04-22T02:02:57.308+0000] {cursor.py:1028} INFO - query: [MERGE INTO MBTA_VEHICLES AS target USING (SELECT 'y1949', '87', 42.38561579, -71...]
[2025-04-22T02:02:58.669+0000] {cursor.py:1041} INFO - query execution done
[2025-04-22T02:02:58.671+0000] {cursor.py:1028} INFO - query: [MERGE INTO MBTA_VEHICLES AS target USING (SELECT 'G-10205', 'Green-E', 42.33362,...]
[2025-04-22T02:03:00.012+0000] {cursor.py:1041} INFO - query execution done
[2025-04-22T02:03:00.014+0000] {cursor.py:1028} INFO - query: [MERGE INTO MBTA_VEHICLES AS target USING (SELECT 'y1837', '17', 42.32983229, -71...]
[2025-04-22T02:03:01.307+0000] {cursor.py:1041} INFO - query execution done
[2025-04-22T02:03:01.310+0000] {cursor.py:1028} INFO - query: [MERGE INTO MBTA_VEHICLES AS target USING (SELECT 'y2103', '70', 42.36110472, -71...]
[2025-04-22T02:03:02.656+0000] {cursor.py:1041} INFO - query execution done
[2025-04-22T02:03:02.658+0000] {cursor.py:1028} INFO - query: [MERGE INTO MBTA_VEHICLES AS target USING (SELECT 'y1712', '42', 42.30956207, -71...]
[2025-04-22T02:03:04.413+0000] {cursor.py:1041} INFO - query execution done
[2025-04-22T02:03:04.421+0000] {cursor.py:1028} INFO - query: [MERGE INTO MBTA_VEHICLES AS target USING (SELECT 'R-54826ECF', 'Red', 42.3962, -...]
[2025-04-22T02:03:06.115+0000] {cursor.py:1041} INFO - query execution done
[2025-04-22T02:03:06.116+0000] {cursor.py:1028} INFO - query: [MERGE INTO MBTA_VEHICLES AS target USING (SELECT 'y2070', '104', 42.40400854, -7...]
[2025-04-22T02:03:07.695+0000] {cursor.py:1041} INFO - query execution done
[2025-04-22T02:03:07.703+0000] {cursor.py:1028} INFO - query: [MERGE INTO MBTA_VEHICLES AS target USING (SELECT 'y0781', '230', 42.20906076, -7...]
[2025-04-22T02:03:09.940+0000] {cursor.py:1041} INFO - query execution done
[2025-04-22T02:03:09.943+0000] {cursor.py:1028} INFO - query: [MERGE INTO MBTA_VEHICLES AS target USING (SELECT 'y1872', '23', 42.28624436, -71...]
[2025-04-22T02:03:11.371+0000] {cursor.py:1041} INFO - query execution done
[2025-04-22T02:03:11.375+0000] {cursor.py:1028} INFO - query: [MERGE INTO MBTA_VEHICLES AS target USING (SELECT 'y1998', '104', 42.4207586, -71...]
[2025-04-22T02:03:13.176+0000] {cursor.py:1041} INFO - query execution done
[2025-04-22T02:03:13.184+0000] {cursor.py:1028} INFO - query: [MERGE INTO MBTA_VEHICLES AS target USING (SELECT 'G-10202', 'Green-C', 42.34996,...]
[2025-04-22T02:03:14.770+0000] {cursor.py:1041} INFO - query execution done
[2025-04-22T02:03:14.775+0000] {cursor.py:1028} INFO - query: [MERGE INTO MBTA_VEHICLES AS target USING (SELECT 'y1887', '23', 42.31638777, -71...]
[2025-04-22T02:03:16.058+0000] {cursor.py:1041} INFO - query execution done
[2025-04-22T02:03:16.071+0000] {cursor.py:1028} INFO - query: [MERGE INTO MBTA_VEHICLES AS target USING (SELECT 'y1651', '34E', 42.29134473, -7...]
[2025-04-22T02:03:17.513+0000] {cursor.py:1041} INFO - query execution done
[2025-04-22T02:03:17.514+0000] {cursor.py:1028} INFO - query: [MERGE INTO MBTA_VEHICLES AS target USING (SELECT 'G-10308', 'Green-D', 42.33121,...]
[2025-04-22T02:03:19.256+0000] {cursor.py:1041} INFO - query execution done
[2025-04-22T02:03:19.258+0000] {cursor.py:1028} INFO - query: [MERGE INTO MBTA_VEHICLES AS target USING (SELECT 'y2092', '95', 42.40653423, -71...]
[2025-04-22T02:03:20.612+0000] {cursor.py:1041} INFO - query execution done
[2025-04-22T02:03:20.625+0000] {cursor.py:1028} INFO - query: [MERGE INTO MBTA_VEHICLES AS target USING (SELECT 'y1923', '66', 42.35495335, -71...]
[2025-04-22T02:03:21.939+0000] {cursor.py:1041} INFO - query execution done
[2025-04-22T02:03:21.952+0000] {cursor.py:1028} INFO - query: [MERGE INTO MBTA_VEHICLES AS target USING (SELECT 'y1217', '39', 42.33663438, -71...]
[2025-04-22T02:03:23.568+0000] {cursor.py:1041} INFO - query execution done
[2025-04-22T02:03:23.577+0000] {cursor.py:1028} INFO - query: [MERGE INTO MBTA_VEHICLES AS target USING (SELECT 'ynk254', 'Shuttle-Generic', 42...]
[2025-04-22T02:03:25.522+0000] {cursor.py:1041} INFO - query execution done
[2025-04-22T02:03:25.527+0000] {cursor.py:1028} INFO - query: [MERGE INTO MBTA_VEHICLES AS target USING (SELECT 'y1922', '44', 42.32863839, -71...]
[2025-04-22T02:03:27.043+0000] {cursor.py:1041} INFO - query execution done
[2025-04-22T02:03:27.045+0000] {cursor.py:1028} INFO - query: [MERGE INTO MBTA_VEHICLES AS target USING (SELECT 'y1950', '110', 42.39180314, -7...]
[2025-04-22T02:03:28.677+0000] {cursor.py:1041} INFO - query execution done
[2025-04-22T02:03:28.680+0000] {cursor.py:1028} INFO - query: [MERGE INTO MBTA_VEHICLES AS target USING (SELECT 'y1812', '1', 42.35403787, -71....]
[2025-04-22T02:03:30.110+0000] {cursor.py:1041} INFO - query execution done
[2025-04-22T02:03:30.111+0000] {cursor.py:1028} INFO - query: [MERGE INTO MBTA_VEHICLES AS target USING (SELECT 'y1890', '1', 42.35925527, -71....]
[2025-04-22T02:03:31.749+0000] {cursor.py:1041} INFO - query execution done
[2025-04-22T02:03:31.751+0000] {cursor.py:1028} INFO - query: [MERGE INTO MBTA_VEHICLES AS target USING (SELECT 'y0790', '220', 42.24494203, -7...]
[2025-04-22T02:03:33.111+0000] {cursor.py:1041} INFO - query execution done
[2025-04-22T02:03:33.118+0000] {cursor.py:1028} INFO - query: [MERGE INTO MBTA_VEHICLES AS target USING (SELECT 'G-10185', 'Green-E', 42.36242,...]
[2025-04-22T02:03:34.513+0000] {cursor.py:1041} INFO - query execution done
[2025-04-22T02:03:34.516+0000] {cursor.py:1028} INFO - query: [MERGE INTO MBTA_VEHICLES AS target USING (SELECT 'y1264', '28', 42.29928397, -71...]
[2025-04-22T02:03:35.845+0000] {cursor.py:1041} INFO - query execution done
[2025-04-22T02:03:35.871+0000] {cursor.py:1028} INFO - query: [MERGE INTO MBTA_VEHICLES AS target USING (SELECT 'y1797', '57', 42.35303432, -71...]
[2025-04-22T02:03:37.005+0000] {cursor.py:1041} INFO - query execution done
[2025-04-22T02:03:37.010+0000] {cursor.py:1028} INFO - query: [MERGE INTO MBTA_VEHICLES AS target USING (SELECT 'y1930', '91', 42.37836994, -71...]
[2025-04-22T02:03:38.612+0000] {cursor.py:1041} INFO - query execution done
[2025-04-22T02:03:38.618+0000] {cursor.py:1028} INFO - query: [MERGE INTO MBTA_VEHICLES AS target USING (SELECT 'y1880', '1', 42.32985, -71.083...]
[2025-04-22T02:03:39.855+0000] {cursor.py:1041} INFO - query execution done
[2025-04-22T02:03:39.858+0000] {cursor.py:1028} INFO - query: [MERGE INTO MBTA_VEHICLES AS target USING (SELECT 'y0811', '238', 42.21678974, -7...]
[2025-04-22T02:03:41.822+0000] {cursor.py:1041} INFO - query execution done
[2025-04-22T02:03:41.847+0000] {cursor.py:1028} INFO - query: [MERGE INTO MBTA_VEHICLES AS target USING (SELECT 'y1811', '15', 42.32150256, -71...]
[2025-04-22T02:03:43.074+0000] {cursor.py:1041} INFO - query execution done
[2025-04-22T02:03:43.075+0000] {cursor.py:1028} INFO - query: [MERGE INTO MBTA_VEHICLES AS target USING (SELECT 'y1868', '15', 42.32989586, -71...]
[2025-04-22T02:03:44.458+0000] {cursor.py:1041} INFO - query execution done
[2025-04-22T02:03:44.595+0000] {cursor.py:1028} INFO - query: [MERGE INTO MBTA_VEHICLES AS target USING (SELECT 'G-10113', 'Green-B', 42.3515, ...]
[2025-04-22T02:03:45.585+0000] {cursor.py:1041} INFO - query execution done
[2025-04-22T02:03:45.586+0000] {cursor.py:1028} INFO - query: [MERGE INTO MBTA_VEHICLES AS target USING (SELECT 'R-548298C1', 'Red', 42.27582, ...]
[2025-04-22T02:03:46.938+0000] {cursor.py:1041} INFO - query execution done
[2025-04-22T02:03:46.955+0000] {cursor.py:1028} INFO - query: [MERGE INTO MBTA_VEHICLES AS target USING (SELECT 'y2068', '111', 42.36247512, -7...]
[2025-04-22T02:03:48.138+0000] {cursor.py:1041} INFO - query execution done
[2025-04-22T02:03:48.140+0000] {cursor.py:1028} INFO - query: [MERGE INTO MBTA_VEHICLES AS target USING (SELECT 'y3354', '120', 42.38720579, -7...]
[2025-04-22T02:03:49.611+0000] {cursor.py:1041} INFO - query execution done
[2025-04-22T02:03:49.615+0000] {cursor.py:1028} INFO - query: [MERGE INTO MBTA_VEHICLES AS target USING (SELECT 'y2020', '93', 42.37130616, -71...]
[2025-04-22T02:03:50.793+0000] {cursor.py:1041} INFO - query execution done
[2025-04-22T02:03:50.799+0000] {cursor.py:1028} INFO - query: [MERGE INTO MBTA_VEHICLES AS target USING (SELECT 'y3356', '450', 42.51791628, -7...]
[2025-04-22T02:03:52.029+0000] {cursor.py:1041} INFO - query execution done
[2025-04-22T02:03:52.031+0000] {cursor.py:1028} INFO - query: [MERGE INTO MBTA_VEHICLES AS target USING (SELECT 'y1997', '86', 42.35412236, -71...]
[2025-04-22T02:03:53.896+0000] {cursor.py:1041} INFO - query execution done
[2025-04-22T02:03:53.903+0000] {cursor.py:1028} INFO - query: [MERGE INTO MBTA_VEHICLES AS target USING (SELECT 'y1646', '29', 42.276797, -71.0...]
[2025-04-22T02:03:55.731+0000] {cursor.py:1041} INFO - query execution done
[2025-04-22T02:03:55.738+0000] {cursor.py:1028} INFO - query: [MERGE INTO MBTA_VEHICLES AS target USING (SELECT '1842', 'CR-Needham', 42.330390...]
[2025-04-22T02:03:56.666+0000] {cursor.py:1041} INFO - query execution done
[2025-04-22T02:03:56.667+0000] {cursor.py:1028} INFO - query: [MERGE INTO MBTA_VEHICLES AS target USING (SELECT 'G-10066', 'Green-B', 42.34002,...]
[2025-04-22T02:03:58.146+0000] {cursor.py:1041} INFO - query execution done
[2025-04-22T02:03:58.154+0000] {cursor.py:1028} INFO - query: [MERGE INTO MBTA_VEHICLES AS target USING (SELECT 'y1962', '111', 42.40753117, -7...]
[2025-04-22T02:03:59.706+0000] {cursor.py:1041} INFO - query execution done
[2025-04-22T02:03:59.709+0000] {cursor.py:1028} INFO - query: [MERGE INTO MBTA_VEHICLES AS target USING (SELECT 'B-5482A364', 'Blue', 42.38689,...]
[2025-04-22T02:04:00.940+0000] {cursor.py:1041} INFO - query execution done
[2025-04-22T02:04:00.942+0000] {cursor.py:1028} INFO - query: [MERGE INTO MBTA_VEHICLES AS target USING (SELECT 'y1853', '44', 42.32364725, -71...]
[2025-04-22T02:04:02.473+0000] {cursor.py:1041} INFO - query execution done
[2025-04-22T02:04:02.474+0000] {cursor.py:1028} INFO - query: [MERGE INTO MBTA_VEHICLES AS target USING (SELECT 'y2052', '110', 42.40388939, -7...]
[2025-04-22T02:04:03.699+0000] {cursor.py:1041} INFO - query execution done
[2025-04-22T02:04:03.700+0000] {cursor.py:1028} INFO - query: [MERGE INTO MBTA_VEHICLES AS target USING (SELECT 'y3314', '435', 42.53759018, -7...]
[2025-04-22T02:04:04.845+0000] {cursor.py:1041} INFO - query execution done
[2025-04-22T02:04:04.847+0000] {cursor.py:1028} INFO - query: [MERGE INTO MBTA_VEHICLES AS target USING (SELECT '1825', 'CR-Franklin', 42.09001...]
[2025-04-22T02:04:06.468+0000] {cursor.py:1041} INFO - query execution done
[2025-04-22T02:04:06.470+0000] {cursor.py:1028} INFO - query: [MERGE INTO MBTA_VEHICLES AS target USING (SELECT 'y2040', '109', 42.40454598, -7...]
[2025-04-22T02:04:07.466+0000] {cursor.py:1041} INFO - query execution done
[2025-04-22T02:04:07.467+0000] {cursor.py:1028} INFO - query: [MERGE INTO MBTA_VEHICLES AS target USING (SELECT 'y1674', '21', 42.28113848, -71...]
[2025-04-22T02:04:07.658+0000] {local_task_job_runner.py:121} ERROR - Received SIGTERM. Terminating subprocesses
[2025-04-22T02:04:08.105+0000] {process_utils.py:131} INFO - Sending 15 to group 206. PIDs of all processes in the group: [206]
[2025-04-22T02:04:08.147+0000] {process_utils.py:86} INFO - Sending the signal 15 to group 206
[2025-04-22T02:04:08.183+0000] {taskinstance.py:2450} ERROR - Received SIGTERM. Terminating subprocesses.
[2025-04-22T02:04:08.429+0000] {mbta_kafka_consumer.py:212} ERROR - ❌ Error processing topic mbta_vehicles: Task received SIGTERM signal
[2025-04-22T02:04:08.475+0000] {mbta_kafka_consumer.py:233} INFO - 📥 Received 334 records from topic: mbta_vehicles
[2025-04-22T02:04:08.675+0000] {mbta_kafka_consumer.py:56} INFO - 🔍 Sample data for MBTA_VEHICLES:
[2025-04-22T02:04:08.677+0000] {mbta_kafka_consumer.py:57} INFO - 
   VEHICLE_ID         ROUTE_ID  ...         STATUS                 CREATED_AT
0      ynk303  Shuttle-Generic  ...  IN_TRANSIT_TO 2025-04-22 02:04:08.478177
1       y2026              108  ...     STOPPED_AT 2025-04-22 02:04:08.478261
2  R-5482A35B              Red  ...     STOPPED_AT 2025-04-22 02:04:08.478264
3       y1989               70  ...     STOPPED_AT 2025-04-22 02:04:08.478276
4       y1203               28  ...     STOPPED_AT 2025-04-22 02:04:08.478278

[5 rows x 8 columns]
[2025-04-22T02:04:08.725+0000] {cursor.py:1028} INFO - query: [SELECT * FROM MBTA_VEHICLES WHERE VEHICLE_ID IN ('ynk303','y2026','R-5482A35B','...]
[2025-04-22T02:04:09.590+0000] {cursor.py:1041} INFO - query execution done
[2025-04-22T02:04:09.591+0000] {cursor.py:1205} INFO - Number of results in first chunk: 346
[2025-04-22T02:04:09.614+0000] {mbta_kafka_consumer.py:104} INFO - 🔁 276 new/updated records out of 334 incoming records (some may be duplicate VEHICLE_IDs) for MBTA_VEHICLES
[2025-04-22T02:04:09.614+0000] {cursor.py:1028} INFO - query: [MERGE INTO MBTA_VEHICLES AS target USING (SELECT 'ynk303', 'Shuttle-Generic', 42...]
