[2025-04-21T05:20:59.686+0000] {taskinstance.py:1956} INFO - Dependencies all met for dep_context=non-requeueable deps ti=<TaskInstance: mbta_kafka_consumer_dag.run_kafka_consumer scheduled__2025-04-21T05:15:00+00:00 [queued]>
[2025-04-21T05:20:59.797+0000] {taskinstance.py:1956} INFO - Dependencies all met for dep_context=requeueable deps ti=<TaskInstance: mbta_kafka_consumer_dag.run_kafka_consumer scheduled__2025-04-21T05:15:00+00:00 [queued]>
[2025-04-21T05:20:59.801+0000] {taskinstance.py:2170} INFO - Starting attempt 1 of 2
[2025-04-21T05:20:59.871+0000] {taskinstance.py:2191} INFO - Executing <Task(PythonOperator): run_kafka_consumer> on 2025-04-21 05:15:00+00:00
[2025-04-21T05:20:59.884+0000] {standard_task_runner.py:60} INFO - Started process 246 to run task
[2025-04-21T05:20:59.919+0000] {standard_task_runner.py:87} INFO - Running: ['***', 'tasks', 'run', 'mbta_kafka_consumer_dag', 'run_kafka_consumer', 'scheduled__2025-04-21T05:15:00+00:00', '--job-id', '62', '--raw', '--subdir', 'DAGS_FOLDER/mbta_kafka_consumer_dag.py', '--cfg-path', '/tmp/tmp332cox7_']
[2025-04-21T05:20:59.931+0000] {standard_task_runner.py:88} INFO - Job 62: Subtask run_kafka_consumer
[2025-04-21T05:21:00.081+0000] {logging_mixin.py:188} WARNING - /home/***/.local/lib/python3.9/site-packages/***/settings.py:194 DeprecationWarning: The sql_alchemy_conn option in [core] has been moved to the sql_alchemy_conn option in [database] - the old setting has been used, but please update your config.
[2025-04-21T05:21:00.296+0000] {task_command.py:423} INFO - Running <TaskInstance: mbta_kafka_consumer_dag.run_kafka_consumer scheduled__2025-04-21T05:15:00+00:00 [running]> on host a3478556be4b
[2025-04-21T05:21:00.781+0000] {taskinstance.py:2480} INFO - Exporting env vars: AIRFLOW_CTX_DAG_OWNER='***' AIRFLOW_CTX_DAG_ID='mbta_kafka_consumer_dag' AIRFLOW_CTX_TASK_ID='run_kafka_consumer' AIRFLOW_CTX_EXECUTION_DATE='2025-04-21T05:15:00+00:00' AIRFLOW_CTX_TRY_NUMBER='1' AIRFLOW_CTX_DAG_RUN_ID='scheduled__2025-04-21T05:15:00+00:00'
[2025-04-21T05:21:00.791+0000] {connection.py:370} INFO - Snowflake Connector for Python Version: 3.6.0, Python Version: 3.9.18, Platform: Linux-6.10.14-linuxkit-aarch64-with-glibc2.36
[2025-04-21T05:21:00.810+0000] {connection.py:1171} INFO - This connection is in OCSP Fail Open Mode. TLS Certificates would be checked for validity and revocation status. Any other Certificate Revocation related exceptions or OCSP Responder failures would be disregarded in favor of connectivity.
[2025-04-21T05:21:03.406+0000] {mbta_kafka_consumer.py:45} INFO - ✅ Connected to Snowflake successfully.
[2025-04-21T05:21:03.408+0000] {mbta_kafka_consumer.py:219} INFO - 🚀 Starting MBTA Kafka Consumer...
[2025-04-21T05:21:03.416+0000] {conn.py:395} INFO - <BrokerConnection client_id=kafka-python-2.1.5, node_id=bootstrap-0 host=kafka:9092 <connecting> [IPv4 ('172.18.0.4', 9092)]>: connecting to kafka:9092 [('172.18.0.4', 9092) IPv4]
[2025-04-21T05:21:03.745+0000] {conn.py:615} INFO - <BrokerConnection client_id=kafka-python-2.1.5, node_id=bootstrap-0 host=kafka:9092 <checking_api_versions_recv> [IPv4 ('172.18.0.4', 9092)]>: Broker version identified as 2.6
[2025-04-21T05:21:03.749+0000] {conn.py:456} INFO - <BrokerConnection client_id=kafka-python-2.1.5, node_id=bootstrap-0 host=kafka:9092 <connected> [IPv4 ('172.18.0.4', 9092)]>: Connection complete.
[2025-04-21T05:21:03.766+0000] {consumer.py:119} WARNING - group_id is None: disabling auto-commit.
[2025-04-21T05:21:03.769+0000] {subscription_state.py:182} INFO - Updating subscribed topics to: ('mbta_alerts', 'mbta_routes', 'mbta_stops', 'mbta_vehicles', 'mbta_predictions')
[2025-04-21T05:21:03.915+0000] {subscription_state.py:254} INFO - Updated partition assignment: [('mbta_vehicles', 0), ('mbta_alerts', 0), ('mbta_routes', 0), ('mbta_stops', 0), ('mbta_predictions', 0)]
[2025-04-21T05:21:03.918+0000] {conn.py:395} INFO - <BrokerConnection client_id=kafka-python-2.1.5, node_id=1 host=kafka:9092 <connecting> [IPv4 ('172.18.0.4', 9092)]>: connecting to kafka:9092 [('172.18.0.4', 9092) IPv4]
[2025-04-21T05:21:03.920+0000] {conn.py:456} INFO - <BrokerConnection client_id=kafka-python-2.1.5, node_id=1 host=kafka:9092 <connected> [IPv4 ('172.18.0.4', 9092)]>: Connection complete.
[2025-04-21T05:21:03.921+0000] {conn.py:936} INFO - <BrokerConnection client_id=kafka-python-2.1.5, node_id=bootstrap-0 host=kafka:9092 <connected> [IPv4 ('172.18.0.4', 9092)]>: Closing connection. 
[2025-04-21T05:21:09.243+0000] {mbta_kafka_consumer.py:233} INFO - 📥 Received 178 records from topic: mbta_routes
[2025-04-21T05:21:09.279+0000] {mbta_kafka_consumer.py:56} INFO - 🔍 Sample data for MBTA_ROUTES:
[2025-04-21T05:21:09.283+0000] {mbta_kafka_consumer.py:57} INFO - 
   ROUTE_ID        ROUTE_NAME  ...  ROUTE_COLOR                 CREATED_AT
0       Red          Red Line  ...       DA291C 2025-04-21 05:21:09.246105
1  Mattapan  Mattapan Trolley  ...       DA291C 2025-04-21 05:21:09.246108
2    Orange       Orange Line  ...       ED8B00 2025-04-21 05:21:09.246110
3   Green-B      Green Line B  ...       00843D 2025-04-21 05:21:09.246111
4   Green-C      Green Line C  ...       00843D 2025-04-21 05:21:09.246111

[5 rows x 5 columns]
[2025-04-21T05:21:09.329+0000] {cursor.py:1028} INFO - query: [SELECT * FROM MBTA_ROUTES WHERE ROUTE_ID IN ('Red','Mattapan','Orange','Green-B'...]
[2025-04-21T05:21:09.535+0000] {cursor.py:1041} INFO - query execution done
[2025-04-21T05:21:09.562+0000] {cursor.py:1205} INFO - Number of results in first chunk: 0
[2025-04-21T05:21:12.229+0000] {mbta_kafka_consumer.py:104} INFO - 🔁 0 new/updated records out of 178 incoming records (some may be duplicate VEHICLE_IDs) for MBTA_ROUTES
[2025-04-21T05:21:12.232+0000] {mbta_kafka_consumer.py:107} INFO - ✅ All 178 records already up-to-date in MBTA_ROUTES, no merge needed.
[2025-04-21T05:21:12.233+0000] {mbta_kafka_consumer.py:233} INFO - 📥 Received 178 records from topic: mbta_routes
[2025-04-21T05:21:12.243+0000] {mbta_kafka_consumer.py:56} INFO - 🔍 Sample data for MBTA_ROUTES:
[2025-04-21T05:21:12.244+0000] {mbta_kafka_consumer.py:57} INFO - 
   ROUTE_ID        ROUTE_NAME  ...  ROUTE_COLOR                 CREATED_AT
0       Red          Red Line  ...       DA291C 2025-04-21 05:21:12.235083
1  Mattapan  Mattapan Trolley  ...       DA291C 2025-04-21 05:21:12.235152
2    Orange       Orange Line  ...       ED8B00 2025-04-21 05:21:12.235159
3   Green-B      Green Line B  ...       00843D 2025-04-21 05:21:12.235162
4   Green-C      Green Line C  ...       00843D 2025-04-21 05:21:12.235183

[5 rows x 5 columns]
[2025-04-21T05:21:12.254+0000] {cursor.py:1028} INFO - query: [SELECT * FROM MBTA_ROUTES WHERE ROUTE_ID IN ('Red','Mattapan','Orange','Green-B'...]
[2025-04-21T05:21:12.567+0000] {cursor.py:1041} INFO - query execution done
[2025-04-21T05:21:12.575+0000] {cursor.py:1205} INFO - Number of results in first chunk: 0
[2025-04-21T05:21:12.789+0000] {mbta_kafka_consumer.py:104} INFO - 🔁 0 new/updated records out of 178 incoming records (some may be duplicate VEHICLE_IDs) for MBTA_ROUTES
[2025-04-21T05:21:12.789+0000] {mbta_kafka_consumer.py:107} INFO - ✅ All 178 records already up-to-date in MBTA_ROUTES, no merge needed.
[2025-04-21T05:21:12.790+0000] {mbta_kafka_consumer.py:233} INFO - 📥 Received 178 records from topic: mbta_routes
[2025-04-21T05:21:12.797+0000] {mbta_kafka_consumer.py:56} INFO - 🔍 Sample data for MBTA_ROUTES:
[2025-04-21T05:21:12.798+0000] {mbta_kafka_consumer.py:57} INFO - 
   ROUTE_ID        ROUTE_NAME  ...  ROUTE_COLOR                 CREATED_AT
0       Red          Red Line  ...       DA291C 2025-04-21 05:21:12.790919
1  Mattapan  Mattapan Trolley  ...       DA291C 2025-04-21 05:21:12.790927
2    Orange       Orange Line  ...       ED8B00 2025-04-21 05:21:12.790928
3   Green-B      Green Line B  ...       00843D 2025-04-21 05:21:12.790932
4   Green-C      Green Line C  ...       00843D 2025-04-21 05:21:12.790933

[5 rows x 5 columns]
[2025-04-21T05:21:12.817+0000] {cursor.py:1028} INFO - query: [SELECT * FROM MBTA_ROUTES WHERE ROUTE_ID IN ('Red','Mattapan','Orange','Green-B'...]
[2025-04-21T05:21:12.973+0000] {cursor.py:1041} INFO - query execution done
[2025-04-21T05:21:12.975+0000] {cursor.py:1205} INFO - Number of results in first chunk: 0
[2025-04-21T05:21:13.297+0000] {mbta_kafka_consumer.py:104} INFO - 🔁 0 new/updated records out of 178 incoming records (some may be duplicate VEHICLE_IDs) for MBTA_ROUTES
[2025-04-21T05:21:13.297+0000] {mbta_kafka_consumer.py:107} INFO - ✅ All 178 records already up-to-date in MBTA_ROUTES, no merge needed.
[2025-04-21T05:21:13.298+0000] {mbta_kafka_consumer.py:233} INFO - 📥 Received 178 records from topic: mbta_routes
[2025-04-21T05:21:13.303+0000] {mbta_kafka_consumer.py:56} INFO - 🔍 Sample data for MBTA_ROUTES:
[2025-04-21T05:21:13.303+0000] {mbta_kafka_consumer.py:57} INFO - 
   ROUTE_ID        ROUTE_NAME  ...  ROUTE_COLOR                 CREATED_AT
0       Red          Red Line  ...       DA291C 2025-04-21 05:21:13.298605
1  Mattapan  Mattapan Trolley  ...       DA291C 2025-04-21 05:21:13.298611
2    Orange       Orange Line  ...       ED8B00 2025-04-21 05:21:13.298615
3   Green-B      Green Line B  ...       00843D 2025-04-21 05:21:13.298616
4   Green-C      Green Line C  ...       00843D 2025-04-21 05:21:13.298625

[5 rows x 5 columns]
[2025-04-21T05:21:13.309+0000] {cursor.py:1028} INFO - query: [SELECT * FROM MBTA_ROUTES WHERE ROUTE_ID IN ('Red','Mattapan','Orange','Green-B'...]
[2025-04-21T05:21:13.455+0000] {cursor.py:1041} INFO - query execution done
[2025-04-21T05:21:13.455+0000] {cursor.py:1205} INFO - Number of results in first chunk: 0
[2025-04-21T05:21:13.819+0000] {mbta_kafka_consumer.py:104} INFO - 🔁 0 new/updated records out of 178 incoming records (some may be duplicate VEHICLE_IDs) for MBTA_ROUTES
[2025-04-21T05:21:13.820+0000] {mbta_kafka_consumer.py:107} INFO - ✅ All 178 records already up-to-date in MBTA_ROUTES, no merge needed.
[2025-04-21T05:21:13.821+0000] {mbta_kafka_consumer.py:233} INFO - 📥 Received 178 records from topic: mbta_routes
[2025-04-21T05:21:13.831+0000] {mbta_kafka_consumer.py:56} INFO - 🔍 Sample data for MBTA_ROUTES:
[2025-04-21T05:21:13.832+0000] {mbta_kafka_consumer.py:57} INFO - 
   ROUTE_ID        ROUTE_NAME  ...  ROUTE_COLOR                 CREATED_AT
0       Red          Red Line  ...       DA291C 2025-04-21 05:21:13.821896
1  Mattapan  Mattapan Trolley  ...       DA291C 2025-04-21 05:21:13.821900
2    Orange       Orange Line  ...       ED8B00 2025-04-21 05:21:13.821901
3   Green-B      Green Line B  ...       00843D 2025-04-21 05:21:13.821909
4   Green-C      Green Line C  ...       00843D 2025-04-21 05:21:13.821910

[5 rows x 5 columns]
[2025-04-21T05:21:13.842+0000] {cursor.py:1028} INFO - query: [SELECT * FROM MBTA_ROUTES WHERE ROUTE_ID IN ('Red','Mattapan','Orange','Green-B'...]
[2025-04-21T05:21:14.002+0000] {cursor.py:1041} INFO - query execution done
[2025-04-21T05:21:14.004+0000] {cursor.py:1205} INFO - Number of results in first chunk: 0
[2025-04-21T05:21:14.255+0000] {mbta_kafka_consumer.py:104} INFO - 🔁 0 new/updated records out of 178 incoming records (some may be duplicate VEHICLE_IDs) for MBTA_ROUTES
[2025-04-21T05:21:14.256+0000] {mbta_kafka_consumer.py:107} INFO - ✅ All 178 records already up-to-date in MBTA_ROUTES, no merge needed.
[2025-04-21T05:21:14.258+0000] {mbta_kafka_consumer.py:233} INFO - 📥 Received 178 records from topic: mbta_routes
[2025-04-21T05:21:14.264+0000] {mbta_kafka_consumer.py:56} INFO - 🔍 Sample data for MBTA_ROUTES:
[2025-04-21T05:21:14.265+0000] {mbta_kafka_consumer.py:57} INFO - 
   ROUTE_ID        ROUTE_NAME  ...  ROUTE_COLOR                 CREATED_AT
0       Red          Red Line  ...       DA291C 2025-04-21 05:21:14.258590
1  Mattapan  Mattapan Trolley  ...       DA291C 2025-04-21 05:21:14.258592
2    Orange       Orange Line  ...       ED8B00 2025-04-21 05:21:14.258603
3   Green-B      Green Line B  ...       00843D 2025-04-21 05:21:14.258611
4   Green-C      Green Line C  ...       00843D 2025-04-21 05:21:14.258612

[5 rows x 5 columns]
[2025-04-21T05:21:14.272+0000] {cursor.py:1028} INFO - query: [SELECT * FROM MBTA_ROUTES WHERE ROUTE_ID IN ('Red','Mattapan','Orange','Green-B'...]
[2025-04-21T05:21:14.463+0000] {cursor.py:1041} INFO - query execution done
[2025-04-21T05:21:14.478+0000] {cursor.py:1205} INFO - Number of results in first chunk: 0
[2025-04-21T05:21:14.763+0000] {mbta_kafka_consumer.py:104} INFO - 🔁 0 new/updated records out of 178 incoming records (some may be duplicate VEHICLE_IDs) for MBTA_ROUTES
[2025-04-21T05:21:14.764+0000] {mbta_kafka_consumer.py:107} INFO - ✅ All 178 records already up-to-date in MBTA_ROUTES, no merge needed.
[2025-04-21T05:21:14.764+0000] {mbta_kafka_consumer.py:233} INFO - 📥 Received 178 records from topic: mbta_routes
[2025-04-21T05:21:14.769+0000] {mbta_kafka_consumer.py:56} INFO - 🔍 Sample data for MBTA_ROUTES:
[2025-04-21T05:21:14.769+0000] {mbta_kafka_consumer.py:57} INFO - 
   ROUTE_ID        ROUTE_NAME  ...  ROUTE_COLOR                 CREATED_AT
0       Red          Red Line  ...       DA291C 2025-04-21 05:21:14.765369
1  Mattapan  Mattapan Trolley  ...       DA291C 2025-04-21 05:21:14.765380
2    Orange       Orange Line  ...       ED8B00 2025-04-21 05:21:14.765383
3   Green-B      Green Line B  ...       00843D 2025-04-21 05:21:14.765384
4   Green-C      Green Line C  ...       00843D 2025-04-21 05:21:14.765392

[5 rows x 5 columns]
[2025-04-21T05:21:14.775+0000] {cursor.py:1028} INFO - query: [SELECT * FROM MBTA_ROUTES WHERE ROUTE_ID IN ('Red','Mattapan','Orange','Green-B'...]
[2025-04-21T05:21:14.933+0000] {cursor.py:1041} INFO - query execution done
[2025-04-21T05:21:14.939+0000] {cursor.py:1205} INFO - Number of results in first chunk: 0
[2025-04-21T05:21:15.230+0000] {mbta_kafka_consumer.py:104} INFO - 🔁 0 new/updated records out of 178 incoming records (some may be duplicate VEHICLE_IDs) for MBTA_ROUTES
[2025-04-21T05:21:15.231+0000] {mbta_kafka_consumer.py:107} INFO - ✅ All 178 records already up-to-date in MBTA_ROUTES, no merge needed.
[2025-04-21T05:21:15.231+0000] {mbta_kafka_consumer.py:233} INFO - 📥 Received 178 records from topic: mbta_routes
[2025-04-21T05:21:15.236+0000] {mbta_kafka_consumer.py:56} INFO - 🔍 Sample data for MBTA_ROUTES:
[2025-04-21T05:21:15.236+0000] {mbta_kafka_consumer.py:57} INFO - 
   ROUTE_ID        ROUTE_NAME  ...  ROUTE_COLOR                 CREATED_AT
0       Red          Red Line  ...       DA291C 2025-04-21 05:21:15.232156
1  Mattapan  Mattapan Trolley  ...       DA291C 2025-04-21 05:21:15.232157
2    Orange       Orange Line  ...       ED8B00 2025-04-21 05:21:15.232166
3   Green-B      Green Line B  ...       00843D 2025-04-21 05:21:15.232171
4   Green-C      Green Line C  ...       00843D 2025-04-21 05:21:15.232172

[5 rows x 5 columns]
[2025-04-21T05:21:15.243+0000] {cursor.py:1028} INFO - query: [SELECT * FROM MBTA_ROUTES WHERE ROUTE_ID IN ('Red','Mattapan','Orange','Green-B'...]
[2025-04-21T05:21:15.427+0000] {cursor.py:1041} INFO - query execution done
[2025-04-21T05:21:15.428+0000] {cursor.py:1205} INFO - Number of results in first chunk: 0
[2025-04-21T05:21:15.682+0000] {mbta_kafka_consumer.py:104} INFO - 🔁 0 new/updated records out of 178 incoming records (some may be duplicate VEHICLE_IDs) for MBTA_ROUTES
[2025-04-21T05:21:15.683+0000] {mbta_kafka_consumer.py:107} INFO - ✅ All 178 records already up-to-date in MBTA_ROUTES, no merge needed.
[2025-04-21T05:21:15.683+0000] {mbta_kafka_consumer.py:233} INFO - 📥 Received 178 records from topic: mbta_routes
[2025-04-21T05:21:15.692+0000] {mbta_kafka_consumer.py:56} INFO - 🔍 Sample data for MBTA_ROUTES:
[2025-04-21T05:21:15.692+0000] {mbta_kafka_consumer.py:57} INFO - 
   ROUTE_ID        ROUTE_NAME  ...  ROUTE_COLOR                 CREATED_AT
0       Red          Red Line  ...       DA291C 2025-04-21 05:21:15.684245
1  Mattapan  Mattapan Trolley  ...       DA291C 2025-04-21 05:21:15.684310
2    Orange       Orange Line  ...       ED8B00 2025-04-21 05:21:15.684311
3   Green-B      Green Line B  ...       00843D 2025-04-21 05:21:15.684312
4   Green-C      Green Line C  ...       00843D 2025-04-21 05:21:15.684313

[5 rows x 5 columns]
[2025-04-21T05:21:15.702+0000] {cursor.py:1028} INFO - query: [SELECT * FROM MBTA_ROUTES WHERE ROUTE_ID IN ('Red','Mattapan','Orange','Green-B'...]
[2025-04-21T05:21:15.990+0000] {cursor.py:1041} INFO - query execution done
[2025-04-21T05:21:15.993+0000] {cursor.py:1205} INFO - Number of results in first chunk: 0
[2025-04-21T05:21:16.573+0000] {mbta_kafka_consumer.py:104} INFO - 🔁 0 new/updated records out of 178 incoming records (some may be duplicate VEHICLE_IDs) for MBTA_ROUTES
[2025-04-21T05:21:16.576+0000] {mbta_kafka_consumer.py:107} INFO - ✅ All 178 records already up-to-date in MBTA_ROUTES, no merge needed.
[2025-04-21T05:21:16.580+0000] {mbta_kafka_consumer.py:233} INFO - 📥 Received 178 records from topic: mbta_routes
[2025-04-21T05:21:16.608+0000] {mbta_kafka_consumer.py:56} INFO - 🔍 Sample data for MBTA_ROUTES:
[2025-04-21T05:21:16.610+0000] {mbta_kafka_consumer.py:57} INFO - 
   ROUTE_ID        ROUTE_NAME  ...  ROUTE_COLOR                 CREATED_AT
0       Red          Red Line  ...       DA291C 2025-04-21 05:21:16.582404
1  Mattapan  Mattapan Trolley  ...       DA291C 2025-04-21 05:21:16.582417
2    Orange       Orange Line  ...       ED8B00 2025-04-21 05:21:16.582418
3   Green-B      Green Line B  ...       00843D 2025-04-21 05:21:16.582427
4   Green-C      Green Line C  ...       00843D 2025-04-21 05:21:16.582428

[5 rows x 5 columns]
[2025-04-21T05:21:16.621+0000] {cursor.py:1028} INFO - query: [SELECT * FROM MBTA_ROUTES WHERE ROUTE_ID IN ('Red','Mattapan','Orange','Green-B'...]
[2025-04-21T05:21:16.798+0000] {cursor.py:1041} INFO - query execution done
[2025-04-21T05:21:16.801+0000] {cursor.py:1205} INFO - Number of results in first chunk: 0
[2025-04-21T05:21:17.136+0000] {mbta_kafka_consumer.py:104} INFO - 🔁 0 new/updated records out of 178 incoming records (some may be duplicate VEHICLE_IDs) for MBTA_ROUTES
[2025-04-21T05:21:17.139+0000] {mbta_kafka_consumer.py:107} INFO - ✅ All 178 records already up-to-date in MBTA_ROUTES, no merge needed.
[2025-04-21T05:21:17.141+0000] {mbta_kafka_consumer.py:233} INFO - 📥 Received 178 records from topic: mbta_routes
[2025-04-21T05:21:17.158+0000] {mbta_kafka_consumer.py:56} INFO - 🔍 Sample data for MBTA_ROUTES:
[2025-04-21T05:21:17.159+0000] {mbta_kafka_consumer.py:57} INFO - 
   ROUTE_ID        ROUTE_NAME  ...  ROUTE_COLOR                 CREATED_AT
0       Red          Red Line  ...       DA291C 2025-04-21 05:21:17.143021
1  Mattapan  Mattapan Trolley  ...       DA291C 2025-04-21 05:21:17.143027
2    Orange       Orange Line  ...       ED8B00 2025-04-21 05:21:17.143059
3   Green-B      Green Line B  ...       00843D 2025-04-21 05:21:17.143071
4   Green-C      Green Line C  ...       00843D 2025-04-21 05:21:17.143073

[5 rows x 5 columns]
[2025-04-21T05:21:17.171+0000] {cursor.py:1028} INFO - query: [SELECT * FROM MBTA_ROUTES WHERE ROUTE_ID IN ('Red','Mattapan','Orange','Green-B'...]
[2025-04-21T05:21:17.358+0000] {cursor.py:1041} INFO - query execution done
[2025-04-21T05:21:17.359+0000] {cursor.py:1205} INFO - Number of results in first chunk: 0
[2025-04-21T05:21:17.640+0000] {mbta_kafka_consumer.py:104} INFO - 🔁 0 new/updated records out of 178 incoming records (some may be duplicate VEHICLE_IDs) for MBTA_ROUTES
[2025-04-21T05:21:17.641+0000] {mbta_kafka_consumer.py:107} INFO - ✅ All 178 records already up-to-date in MBTA_ROUTES, no merge needed.
[2025-04-21T05:21:17.642+0000] {mbta_kafka_consumer.py:233} INFO - 📥 Received 1000 records from topic: mbta_stops
[2025-04-21T05:21:17.662+0000] {mbta_kafka_consumer.py:56} INFO - 🔍 Sample data for MBTA_STOPS:
[2025-04-21T05:21:17.664+0000] {mbta_kafka_consumer.py:57} INFO - 
          STOP_ID  ...                 CREATED_AT
0            5682  ... 2025-04-21 05:21:17.643479
1           50620  ... 2025-04-21 05:21:17.643563
2  node-417-lobby  ... 2025-04-21 05:21:17.643573
3            4042  ... 2025-04-21 05:21:17.643577
4          109822  ... 2025-04-21 05:21:17.643582

[5 rows x 5 columns]
[2025-04-21T05:21:17.680+0000] {cursor.py:1028} INFO - query: [SELECT * FROM MBTA_STOPS WHERE STOP_ID IN ('5682','50620','node-417-lobby','4042...]
[2025-04-21T05:21:17.913+0000] {cursor.py:1041} INFO - query execution done
[2025-04-21T05:21:17.914+0000] {cursor.py:1205} INFO - Number of results in first chunk: 0
[2025-04-21T05:21:18.626+0000] {mbta_kafka_consumer.py:104} INFO - 🔁 0 new/updated records out of 1000 incoming records (some may be duplicate VEHICLE_IDs) for MBTA_STOPS
[2025-04-21T05:21:18.627+0000] {mbta_kafka_consumer.py:107} INFO - ✅ All 1000 records already up-to-date in MBTA_STOPS, no merge needed.
[2025-04-21T05:21:18.629+0000] {mbta_kafka_consumer.py:233} INFO - 📥 Received 104 records from topic: mbta_alerts
[2025-04-21T05:21:18.637+0000] {mbta_kafka_consumer.py:56} INFO - 🔍 Sample data for MBTA_ALERTS:
[2025-04-21T05:21:18.638+0000] {mbta_kafka_consumer.py:57} INFO - 
  ALERT_ID  ...                 CREATED_AT
0   638240  ...  2025-04-16T10:52:04-04:00
1   638657  ...  2025-04-18T10:54:16-04:00
2   435698  ...  2022-03-15T10:13:31-04:00
3   634497  ...  2025-03-27T14:21:07-04:00
4   634495  ...  2025-03-27T14:18:44-04:00

[5 rows x 6 columns]
[2025-04-21T05:21:18.643+0000] {cursor.py:1028} INFO - query: [SELECT * FROM MBTA_ALERTS WHERE ALERT_ID IN ('638240','638657','435698','634497'...]
[2025-04-21T05:21:18.812+0000] {cursor.py:1041} INFO - query execution done
[2025-04-21T05:21:18.813+0000] {cursor.py:1205} INFO - Number of results in first chunk: 0
[2025-04-21T05:21:18.972+0000] {mbta_kafka_consumer.py:104} INFO - 🔁 0 new/updated records out of 104 incoming records (some may be duplicate VEHICLE_IDs) for MBTA_ALERTS
[2025-04-21T05:21:18.973+0000] {mbta_kafka_consumer.py:107} INFO - ✅ All 104 records already up-to-date in MBTA_ALERTS, no merge needed.
[2025-04-21T05:21:18.974+0000] {mbta_kafka_consumer.py:233} INFO - 📥 Received 103 records from topic: mbta_alerts
[2025-04-21T05:21:18.978+0000] {mbta_kafka_consumer.py:56} INFO - 🔍 Sample data for MBTA_ALERTS:
[2025-04-21T05:21:18.979+0000] {mbta_kafka_consumer.py:57} INFO - 
  ALERT_ID  ...                 CREATED_AT
0   638240  ...  2025-04-16T10:52:04-04:00
1   638657  ...  2025-04-18T10:54:16-04:00
2   435698  ...  2022-03-15T10:13:31-04:00
3   634497  ...  2025-03-27T14:21:07-04:00
4   634495  ...  2025-03-27T14:18:44-04:00

[5 rows x 6 columns]
[2025-04-21T05:21:18.986+0000] {cursor.py:1028} INFO - query: [SELECT * FROM MBTA_ALERTS WHERE ALERT_ID IN ('638240','638657','435698','634497'...]
[2025-04-21T05:21:19.163+0000] {cursor.py:1041} INFO - query execution done
[2025-04-21T05:21:19.181+0000] {cursor.py:1205} INFO - Number of results in first chunk: 0
[2025-04-21T05:21:19.334+0000] {mbta_kafka_consumer.py:104} INFO - 🔁 0 new/updated records out of 103 incoming records (some may be duplicate VEHICLE_IDs) for MBTA_ALERTS
[2025-04-21T05:21:19.335+0000] {mbta_kafka_consumer.py:107} INFO - ✅ All 103 records already up-to-date in MBTA_ALERTS, no merge needed.
[2025-04-21T05:21:19.335+0000] {mbta_kafka_consumer.py:233} INFO - 📥 Received 103 records from topic: mbta_alerts
[2025-04-21T05:21:19.338+0000] {mbta_kafka_consumer.py:56} INFO - 🔍 Sample data for MBTA_ALERTS:
[2025-04-21T05:21:19.339+0000] {mbta_kafka_consumer.py:57} INFO - 
  ALERT_ID  ...                 CREATED_AT
0   638240  ...  2025-04-16T10:52:04-04:00
1   638657  ...  2025-04-18T10:54:16-04:00
2   435698  ...  2022-03-15T10:13:31-04:00
3   634497  ...  2025-03-27T14:21:07-04:00
4   634495  ...  2025-03-27T14:18:44-04:00

[5 rows x 6 columns]
[2025-04-21T05:21:19.343+0000] {cursor.py:1028} INFO - query: [SELECT * FROM MBTA_ALERTS WHERE ALERT_ID IN ('638240','638657','435698','634497'...]
[2025-04-21T05:21:19.521+0000] {cursor.py:1041} INFO - query execution done
[2025-04-21T05:21:19.522+0000] {cursor.py:1205} INFO - Number of results in first chunk: 0
[2025-04-21T05:21:19.683+0000] {mbta_kafka_consumer.py:104} INFO - 🔁 0 new/updated records out of 103 incoming records (some may be duplicate VEHICLE_IDs) for MBTA_ALERTS
[2025-04-21T05:21:19.684+0000] {mbta_kafka_consumer.py:107} INFO - ✅ All 103 records already up-to-date in MBTA_ALERTS, no merge needed.
[2025-04-21T05:21:19.684+0000] {mbta_kafka_consumer.py:233} INFO - 📥 Received 10 records from topic: mbta_predictions
[2025-04-21T05:21:19.700+0000] {mbta_kafka_consumer.py:56} INFO - 🔍 Sample data for MBTA_PREDICTIONS:
[2025-04-21T05:21:19.703+0000] {mbta_kafka_consumer.py:57} INFO - 
                               PREDICTION_ID  ...                 CREATED_AT
0           prediction-68172531-70079-90-Red  ... 2025-04-21 05:21:19.685342
1          prediction-68172382-70080-130-Red  ... 2025-04-21 05:21:19.685364
2          prediction-68172383-70080-130-Red  ... 2025-04-21 05:21:19.685366
3          prediction-68172384-70080-130-Red  ... 2025-04-21 05:21:19.685367
4  prediction-ADDED-1582318077-70080-130-Red  ... 2025-04-21 05:21:19.685368

[5 rows x 9 columns]
[2025-04-21T05:21:19.733+0000] {cursor.py:1028} INFO - query: [SELECT * FROM MBTA_PREDICTIONS WHERE PREDICTION_ID IN ('prediction-68172531-7007...]
[2025-04-21T05:21:19.949+0000] {cursor.py:1041} INFO - query execution done
[2025-04-21T05:21:19.951+0000] {cursor.py:1205} INFO - Number of results in first chunk: 10
[2025-04-21T05:21:19.983+0000] {mbta_kafka_consumer.py:104} INFO - 🔁 10 new/updated records out of 10 incoming records (some may be duplicate VEHICLE_IDs) for MBTA_PREDICTIONS
[2025-04-21T05:21:19.984+0000] {cursor.py:1028} INFO - query: [MERGE INTO MBTA_PREDICTIONS AS target USING (SELECT 'prediction-68172531-70079-9...]
[2025-04-21T05:21:21.825+0000] {cursor.py:1041} INFO - query execution done
[2025-04-21T05:21:21.830+0000] {cursor.py:1028} INFO - query: [MERGE INTO MBTA_PREDICTIONS AS target USING (SELECT 'prediction-68172382-70080-1...]
[2025-04-21T05:21:24.233+0000] {cursor.py:1041} INFO - query execution done
[2025-04-21T05:21:24.237+0000] {cursor.py:1028} INFO - query: [MERGE INTO MBTA_PREDICTIONS AS target USING (SELECT 'prediction-68172383-70080-1...]
[2025-04-21T05:21:26.257+0000] {cursor.py:1041} INFO - query execution done
[2025-04-21T05:21:26.262+0000] {cursor.py:1028} INFO - query: [MERGE INTO MBTA_PREDICTIONS AS target USING (SELECT 'prediction-68172384-70080-1...]
[2025-04-21T05:21:28.365+0000] {cursor.py:1041} INFO - query execution done
[2025-04-21T05:21:28.370+0000] {cursor.py:1028} INFO - query: [MERGE INTO MBTA_PREDICTIONS AS target USING (SELECT 'prediction-ADDED-1582318077...]
[2025-04-21T05:21:29.075+0000] {local_task_job_runner.py:121} ERROR - Received SIGTERM. Terminating subprocesses
[2025-04-21T05:21:30.529+0000] {cursor.py:1041} INFO - query execution done
[2025-04-21T05:21:30.896+0000] {cursor.py:1028} INFO - query: [MERGE INTO MBTA_PREDICTIONS AS target USING (SELECT 'prediction-68172388-70079-9...]
[2025-04-21T05:21:30.910+0000] {process_utils.py:131} INFO - Sending 15 to group 246. PIDs of all processes in the group: [246]
[2025-04-21T05:21:31.053+0000] {process_utils.py:86} INFO - Sending the signal 15 to group 246
[2025-04-21T05:21:31.082+0000] {taskinstance.py:2450} ERROR - Received SIGTERM. Terminating subprocesses.
[2025-04-21T05:21:31.285+0000] {mbta_kafka_consumer.py:212} ERROR - ❌ Error processing topic mbta_predictions: Task received SIGTERM signal
[2025-04-21T05:21:31.321+0000] {mbta_kafka_consumer.py:233} INFO - 📥 Received 1 records from topic: mbta_predictions
[2025-04-21T05:21:31.426+0000] {mbta_kafka_consumer.py:56} INFO - 🔍 Sample data for MBTA_PREDICTIONS:
[2025-04-21T05:21:31.433+0000] {mbta_kafka_consumer.py:57} INFO - 
                              PREDICTION_ID  ...                 CREATED_AT
0  prediction-ADDED-1582318044-70079-90-Red  ... 2025-04-21 05:21:31.345734

[1 rows x 9 columns]
[2025-04-21T05:21:31.566+0000] {cursor.py:1028} INFO - query: [SELECT * FROM MBTA_PREDICTIONS WHERE PREDICTION_ID IN ('prediction-ADDED-1582318...]
[2025-04-21T05:21:31.903+0000] {cursor.py:1041} INFO - query execution done
[2025-04-21T05:21:31.922+0000] {cursor.py:1205} INFO - Number of results in first chunk: 1
[2025-04-21T05:21:32.089+0000] {mbta_kafka_consumer.py:104} INFO - 🔁 1 new/updated records out of 1 incoming records (some may be duplicate VEHICLE_IDs) for MBTA_PREDICTIONS
[2025-04-21T05:21:32.134+0000] {cursor.py:1028} INFO - query: [MERGE INTO MBTA_PREDICTIONS AS target USING (SELECT 'prediction-ADDED-1582318044...]
[2025-04-21T05:21:33.083+0000] {cursor.py:1041} INFO - query execution done
[2025-04-21T05:21:33.107+0000] {cursor.py:1028} INFO - query: [COMMIT]
[2025-04-21T05:21:33.344+0000] {cursor.py:1041} INFO - query execution done
[2025-04-21T05:21:33.352+0000] {cursor.py:1205} INFO - Number of results in first chunk: 1
[2025-04-21T05:21:33.355+0000] {mbta_kafka_consumer.py:139} INFO - ✅ Merged 1 new/changed records into Snowflake table: MBTA_PREDICTIONS in 1.80 seconds
[2025-04-21T05:21:33.368+0000] {mbta_kafka_consumer.py:233} INFO - 📥 Received 1 records from topic: mbta_predictions
[2025-04-21T05:21:33.425+0000] {mbta_kafka_consumer.py:56} INFO - 🔍 Sample data for MBTA_PREDICTIONS:
[2025-04-21T05:21:33.433+0000] {mbta_kafka_consumer.py:57} INFO - 
                              PREDICTION_ID  ...                 CREATED_AT
0  prediction-ADDED-1582318044-70079-90-Red  ... 2025-04-21 05:21:33.383076

[1 rows x 9 columns]
[2025-04-21T05:21:33.475+0000] {cursor.py:1028} INFO - query: [SELECT * FROM MBTA_PREDICTIONS WHERE PREDICTION_ID IN ('prediction-ADDED-1582318...]
[2025-04-21T05:21:33.694+0000] {cursor.py:1041} INFO - query execution done
[2025-04-21T05:21:33.708+0000] {cursor.py:1205} INFO - Number of results in first chunk: 1
[2025-04-21T05:21:33.847+0000] {mbta_kafka_consumer.py:104} INFO - 🔁 1 new/updated records out of 1 incoming records (some may be duplicate VEHICLE_IDs) for MBTA_PREDICTIONS
[2025-04-21T05:21:33.853+0000] {cursor.py:1028} INFO - query: [MERGE INTO MBTA_PREDICTIONS AS target USING (SELECT 'prediction-ADDED-1582318044...]
[2025-04-21T05:21:34.375+0000] {cursor.py:1041} INFO - query execution done
[2025-04-21T05:21:34.414+0000] {cursor.py:1028} INFO - query: [COMMIT]
[2025-04-21T05:21:34.589+0000] {cursor.py:1041} INFO - query execution done
[2025-04-21T05:21:34.599+0000] {cursor.py:1205} INFO - Number of results in first chunk: 1
[2025-04-21T05:21:34.605+0000] {mbta_kafka_consumer.py:139} INFO - ✅ Merged 1 new/changed records into Snowflake table: MBTA_PREDICTIONS in 1.14 seconds
[2025-04-21T05:21:34.622+0000] {mbta_kafka_consumer.py:233} INFO - 📥 Received 1 records from topic: mbta_predictions
[2025-04-21T05:21:34.751+0000] {mbta_kafka_consumer.py:56} INFO - 🔍 Sample data for MBTA_PREDICTIONS:
[2025-04-21T05:21:34.760+0000] {mbta_kafka_consumer.py:57} INFO - 
                              PREDICTION_ID  ...                 CREATED_AT
0  prediction-ADDED-1582318044-70079-90-Red  ... 2025-04-21 05:21:34.627381

[1 rows x 9 columns]
[2025-04-21T05:21:34.794+0000] {cursor.py:1028} INFO - query: [SELECT * FROM MBTA_PREDICTIONS WHERE PREDICTION_ID IN ('prediction-ADDED-1582318...]
[2025-04-21T05:21:34.940+0000] {cursor.py:1041} INFO - query execution done
[2025-04-21T05:21:34.947+0000] {cursor.py:1205} INFO - Number of results in first chunk: 1
[2025-04-21T05:21:35.099+0000] {mbta_kafka_consumer.py:104} INFO - 🔁 1 new/updated records out of 1 incoming records (some may be duplicate VEHICLE_IDs) for MBTA_PREDICTIONS
[2025-04-21T05:21:35.114+0000] {cursor.py:1028} INFO - query: [MERGE INTO MBTA_PREDICTIONS AS target USING (SELECT 'prediction-ADDED-1582318044...]
[2025-04-21T05:21:35.686+0000] {cursor.py:1041} INFO - query execution done
[2025-04-21T05:21:35.718+0000] {cursor.py:1028} INFO - query: [COMMIT]
[2025-04-21T05:21:35.861+0000] {cursor.py:1041} INFO - query execution done
[2025-04-21T05:21:35.866+0000] {cursor.py:1205} INFO - Number of results in first chunk: 1
[2025-04-21T05:21:35.867+0000] {mbta_kafka_consumer.py:139} INFO - ✅ Merged 1 new/changed records into Snowflake table: MBTA_PREDICTIONS in 1.07 seconds
[2025-04-21T05:21:35.870+0000] {mbta_kafka_consumer.py:233} INFO - 📥 Received 1 records from topic: mbta_predictions
[2025-04-21T05:21:35.896+0000] {mbta_kafka_consumer.py:56} INFO - 🔍 Sample data for MBTA_PREDICTIONS:
[2025-04-21T05:21:35.898+0000] {mbta_kafka_consumer.py:57} INFO - 
                              PREDICTION_ID  ...                 CREATED_AT
0  prediction-ADDED-1582318044-70079-90-Red  ... 2025-04-21 05:21:35.871568

[1 rows x 9 columns]
[2025-04-21T05:21:35.951+0000] {cursor.py:1028} INFO - query: [SELECT * FROM MBTA_PREDICTIONS WHERE PREDICTION_ID IN ('prediction-ADDED-1582318...]
[2025-04-21T05:21:36.144+0000] {cursor.py:1041} INFO - query execution done
[2025-04-21T05:21:36.146+0000] {cursor.py:1205} INFO - Number of results in first chunk: 1
[2025-04-21T05:21:36.211+0000] {mbta_kafka_consumer.py:104} INFO - 🔁 1 new/updated records out of 1 incoming records (some may be duplicate VEHICLE_IDs) for MBTA_PREDICTIONS
[2025-04-21T05:21:36.235+0000] {cursor.py:1028} INFO - query: [MERGE INTO MBTA_PREDICTIONS AS target USING (SELECT 'prediction-ADDED-1582318044...]
[2025-04-21T05:21:37.454+0000] {cursor.py:1041} INFO - query execution done
[2025-04-21T05:21:37.464+0000] {cursor.py:1028} INFO - query: [COMMIT]
[2025-04-21T05:21:37.628+0000] {cursor.py:1041} INFO - query execution done
[2025-04-21T05:21:37.628+0000] {cursor.py:1205} INFO - Number of results in first chunk: 1
[2025-04-21T05:21:37.630+0000] {mbta_kafka_consumer.py:139} INFO - ✅ Merged 1 new/changed records into Snowflake table: MBTA_PREDICTIONS in 1.68 seconds
[2025-04-21T05:21:37.635+0000] {mbta_kafka_consumer.py:233} INFO - 📥 Received 1 records from topic: mbta_predictions
[2025-04-21T05:21:37.680+0000] {mbta_kafka_consumer.py:56} INFO - 🔍 Sample data for MBTA_PREDICTIONS:
[2025-04-21T05:21:37.681+0000] {mbta_kafka_consumer.py:57} INFO - 
                              PREDICTION_ID  ...                 CREATED_AT
0  prediction-ADDED-1582318044-70079-90-Red  ... 2025-04-21 05:21:37.637281

[1 rows x 9 columns]
[2025-04-21T05:21:37.712+0000] {cursor.py:1028} INFO - query: [SELECT * FROM MBTA_PREDICTIONS WHERE PREDICTION_ID IN ('prediction-ADDED-1582318...]
[2025-04-21T05:21:37.989+0000] {cursor.py:1041} INFO - query execution done
[2025-04-21T05:21:37.999+0000] {cursor.py:1205} INFO - Number of results in first chunk: 1
[2025-04-21T05:21:38.101+0000] {mbta_kafka_consumer.py:104} INFO - 🔁 1 new/updated records out of 1 incoming records (some may be duplicate VEHICLE_IDs) for MBTA_PREDICTIONS
[2025-04-21T05:21:38.109+0000] {cursor.py:1028} INFO - query: [MERGE INTO MBTA_PREDICTIONS AS target USING (SELECT 'prediction-ADDED-1582318044...]
[2025-04-21T05:21:39.260+0000] {cursor.py:1041} INFO - query execution done
[2025-04-21T05:21:39.279+0000] {cursor.py:1028} INFO - query: [COMMIT]
[2025-04-21T05:21:39.455+0000] {cursor.py:1041} INFO - query execution done
[2025-04-21T05:21:39.458+0000] {cursor.py:1205} INFO - Number of results in first chunk: 1
[2025-04-21T05:21:39.462+0000] {mbta_kafka_consumer.py:139} INFO - ✅ Merged 1 new/changed records into Snowflake table: MBTA_PREDICTIONS in 1.75 seconds
[2025-04-21T05:21:39.479+0000] {mbta_kafka_consumer.py:233} INFO - 📥 Received 1 records from topic: mbta_predictions
